Seed set to 42
[2026-02-01 10:31:40,265][httpx][INFO] - HTTP Request: HEAD https://huggingface.co/MIT/ast-finetuned-audioset-10-10-0.4593/resolve/main/config.json "HTTP/1.1 307 Temporary Redirect"
[2026-02-01 10:31:40,295][httpx][INFO] - HTTP Request: HEAD https://huggingface.co/api/resolve-cache/models/MIT/ast-finetuned-audioset-10-10-0.4593/f826b80d28226b62986cc218e5cec390b1096902/config.json "HTTP/1.1 200 OK"
[2026-02-01 10:31:40,369][httpx][INFO] - HTTP Request: HEAD https://huggingface.co/MIT/ast-finetuned-audioset-10-10-0.4593/resolve/main/config.json "HTTP/1.1 307 Temporary Redirect"
[2026-02-01 10:31:40,399][httpx][INFO] - HTTP Request: HEAD https://huggingface.co/api/resolve-cache/models/MIT/ast-finetuned-audioset-10-10-0.4593/f826b80d28226b62986cc218e5cec390b1096902/config.json "HTTP/1.1 200 OK"
[2026-02-01 10:31:40,477][httpx][INFO] - HTTP Request: HEAD https://huggingface.co/MIT/ast-finetuned-audioset-10-10-0.4593/resolve/main/model.safetensors "HTTP/1.1 302 Found"
Warning: You are sending unauthenticated requests to the HF Hub. Please set a HF_TOKEN to enable higher rate limits and faster downloads.
[2026-02-01 10:31:40,478][huggingface_hub.utils._http][WARNING] - Warning: You are sending unauthenticated requests to the HF Hub. Please set a HF_TOKEN to enable higher rate limits and faster downloads.

Loading weights:   0%|          | 0/203 [00:00<?, ?it/s]
Loading weights:   0%|          | 1/203 [00:00<00:00, 5555.37it/s, Materializing param=audio_spectrogram_transformer.embeddings.cls_token]
Loading weights:   0%|          | 1/203 [00:00<00:00, 4382.76it/s, Materializing param=audio_spectrogram_transformer.embeddings.cls_token]
Loading weights:   1%|          | 2/203 [00:00<00:00, 4183.84it/s, Materializing param=audio_spectrogram_transformer.embeddings.distillation_token]
Loading weights:   1%|          | 2/203 [00:00<00:00, 3809.54it/s, Materializing param=audio_spectrogram_transformer.embeddings.distillation_token]
Loading weights:   1%|▏         | 3/203 [00:00<00:00, 4892.27it/s, Materializing param=audio_spectrogram_transformer.embeddings.patch_embeddings.projection.bias]
Loading weights:   1%|▏         | 3/203 [00:00<00:00, 4615.89it/s, Materializing param=audio_spectrogram_transformer.embeddings.patch_embeddings.projection.bias]
Loading weights:   2%|▏         | 4/203 [00:00<00:00, 3238.84it/s, Materializing param=audio_spectrogram_transformer.embeddings.patch_embeddings.projection.weight]
Loading weights:   2%|▏         | 4/203 [00:00<00:00, 3109.77it/s, Materializing param=audio_spectrogram_transformer.embeddings.patch_embeddings.projection.weight]
Loading weights:   2%|▏         | 5/203 [00:00<00:00, 3681.80it/s, Materializing param=audio_spectrogram_transformer.embeddings.position_embeddings]               
Loading weights:   2%|▏         | 5/203 [00:00<00:00, 3591.63it/s, Materializing param=audio_spectrogram_transformer.embeddings.position_embeddings]
Loading weights:   3%|▎         | 6/203 [00:00<00:00, 4132.32it/s, Materializing param=audio_spectrogram_transformer.encoder.layer.0.attention.attention.key.bias]
Loading weights:   3%|▎         | 6/203 [00:00<00:00, 4064.90it/s, Materializing param=audio_spectrogram_transformer.encoder.layer.0.attention.attention.key.bias]
Loading weights:   3%|▎         | 7/203 [00:00<00:00, 4530.88it/s, Materializing param=audio_spectrogram_transformer.encoder.layer.0.attention.attention.key.weight]
Loading weights:   3%|▎         | 7/203 [00:00<00:00, 4467.46it/s, Materializing param=audio_spectrogram_transformer.encoder.layer.0.attention.attention.key.weight]
Loading weights:   4%|▍         | 8/203 [00:00<00:00, 4953.41it/s, Materializing param=audio_spectrogram_transformer.encoder.layer.0.attention.attention.query.bias]
Loading weights:   4%|▍         | 8/203 [00:00<00:00, 4886.33it/s, Materializing param=audio_spectrogram_transformer.encoder.layer.0.attention.attention.query.bias]
Loading weights:   4%|▍         | 9/203 [00:00<00:00, 5281.76it/s, Materializing param=audio_spectrogram_transformer.encoder.layer.0.attention.attention.query.weight]
Loading weights:   4%|▍         | 9/203 [00:00<00:00, 5214.63it/s, Materializing param=audio_spectrogram_transformer.encoder.layer.0.attention.attention.query.weight]
Loading weights:   5%|▍         | 10/203 [00:00<00:00, 5636.75it/s, Materializing param=audio_spectrogram_transformer.encoder.layer.0.attention.attention.value.bias] 
Loading weights:   5%|▍         | 10/203 [00:00<00:00, 5567.91it/s, Materializing param=audio_spectrogram_transformer.encoder.layer.0.attention.attention.value.bias]
Loading weights:   5%|▌         | 11/203 [00:00<00:00, 5977.89it/s, Materializing param=audio_spectrogram_transformer.encoder.layer.0.attention.attention.value.weight]
Loading weights:   5%|▌         | 11/203 [00:00<00:00, 5913.53it/s, Materializing param=audio_spectrogram_transformer.encoder.layer.0.attention.attention.value.weight]
Loading weights:   6%|▌         | 12/203 [00:00<00:00, 6260.16it/s, Materializing param=audio_spectrogram_transformer.encoder.layer.0.attention.output.dense.bias]     
Loading weights:   6%|▌         | 12/203 [00:00<00:00, 6188.57it/s, Materializing param=audio_spectrogram_transformer.encoder.layer.0.attention.output.dense.bias]
Loading weights:   6%|▋         | 13/203 [00:00<00:00, 6552.02it/s, Materializing param=audio_spectrogram_transformer.encoder.layer.0.attention.output.dense.weight]
Loading weights:   6%|▋         | 13/203 [00:00<00:00, 6483.47it/s, Materializing param=audio_spectrogram_transformer.encoder.layer.0.attention.output.dense.weight]
Loading weights:   7%|▋         | 14/203 [00:00<00:00, 6529.55it/s, Materializing param=audio_spectrogram_transformer.encoder.layer.0.intermediate.dense.bias]      
Loading weights:   7%|▋         | 14/203 [00:00<00:00, 6463.43it/s, Materializing param=audio_spectrogram_transformer.encoder.layer.0.intermediate.dense.bias]
Loading weights:   7%|▋         | 15/203 [00:00<00:00, 6793.50it/s, Materializing param=audio_spectrogram_transformer.encoder.layer.0.intermediate.dense.weight]
Loading weights:   7%|▋         | 15/203 [00:00<00:00, 6732.43it/s, Materializing param=audio_spectrogram_transformer.encoder.layer.0.intermediate.dense.weight]
Loading weights:   8%|▊         | 16/203 [00:00<00:00, 4672.99it/s, Materializing param=audio_spectrogram_transformer.encoder.layer.0.layernorm_after.bias]     
Loading weights:   8%|▊         | 16/203 [00:00<00:00, 4614.83it/s, Materializing param=audio_spectrogram_transformer.encoder.layer.0.layernorm_after.bias]
Loading weights:   8%|▊         | 17/203 [00:00<00:00, 4804.80it/s, Materializing param=audio_spectrogram_transformer.encoder.layer.0.layernorm_after.weight]
Loading weights:   8%|▊         | 17/203 [00:00<00:00, 4767.21it/s, Materializing param=audio_spectrogram_transformer.encoder.layer.0.layernorm_after.weight]
Loading weights:   9%|▉         | 18/203 [00:00<00:00, 4976.43it/s, Materializing param=audio_spectrogram_transformer.encoder.layer.0.layernorm_before.bias] 
Loading weights:   9%|▉         | 18/203 [00:00<00:00, 4944.82it/s, Materializing param=audio_spectrogram_transformer.encoder.layer.0.layernorm_before.bias]
Loading weights:   9%|▉         | 19/203 [00:00<00:00, 5153.04it/s, Materializing param=audio_spectrogram_transformer.encoder.layer.0.layernorm_before.weight]
Loading weights:   9%|▉         | 19/203 [00:00<00:00, 5123.88it/s, Materializing param=audio_spectrogram_transformer.encoder.layer.0.layernorm_before.weight]
Loading weights:  10%|▉         | 20/203 [00:00<00:00, 5304.88it/s, Materializing param=audio_spectrogram_transformer.encoder.layer.0.output.dense.bias]      
Loading weights:  10%|▉         | 20/203 [00:00<00:00, 5265.92it/s, Materializing param=audio_spectrogram_transformer.encoder.layer.0.output.dense.bias]
Loading weights:  10%|█         | 21/203 [00:00<00:00, 5451.53it/s, Materializing param=audio_spectrogram_transformer.encoder.layer.0.output.dense.weight]
Loading weights:  10%|█         | 21/203 [00:00<00:00, 5415.00it/s, Materializing param=audio_spectrogram_transformer.encoder.layer.0.output.dense.weight]
Loading weights:  11%|█         | 22/203 [00:00<00:00, 5584.96it/s, Materializing param=audio_spectrogram_transformer.encoder.layer.1.attention.attention.key.bias]
Loading weights:  11%|█         | 22/203 [00:00<00:00, 5551.02it/s, Materializing param=audio_spectrogram_transformer.encoder.layer.1.attention.attention.key.bias]
Loading weights:  11%|█▏        | 23/203 [00:00<00:00, 5725.50it/s, Materializing param=audio_spectrogram_transformer.encoder.layer.1.attention.attention.key.weight]
Loading weights:  11%|█▏        | 23/203 [00:00<00:00, 5688.70it/s, Materializing param=audio_spectrogram_transformer.encoder.layer.1.attention.attention.key.weight]
Loading weights:  12%|█▏        | 24/203 [00:00<00:00, 5422.50it/s, Materializing param=audio_spectrogram_transformer.encoder.layer.1.attention.attention.query.bias]
Loading weights:  12%|█▏        | 24/203 [00:00<00:00, 5371.57it/s, Materializing param=audio_spectrogram_transformer.encoder.layer.1.attention.attention.query.bias]
Loading weights:  12%|█▏        | 25/203 [00:00<00:00, 5479.03it/s, Materializing param=audio_spectrogram_transformer.encoder.layer.1.attention.attention.query.weight]
Loading weights:  12%|█▏        | 25/203 [00:00<00:00, 5427.69it/s, Materializing param=audio_spectrogram_transformer.encoder.layer.1.attention.attention.query.weight]
Loading weights:  13%|█▎        | 26/203 [00:00<00:00, 3943.58it/s, Materializing param=audio_spectrogram_transformer.encoder.layer.1.attention.attention.value.bias]  
Loading weights:  13%|█▎        | 26/203 [00:00<00:00, 3925.13it/s, Materializing param=audio_spectrogram_transformer.encoder.layer.1.attention.attention.value.bias]
Loading weights:  13%|█▎        | 27/203 [00:00<00:00, 3849.95it/s, Materializing param=audio_spectrogram_transformer.encoder.layer.1.attention.attention.value.weight]
Loading weights:  13%|█▎        | 27/203 [00:00<00:00, 3828.73it/s, Materializing param=audio_spectrogram_transformer.encoder.layer.1.attention.attention.value.weight]
Loading weights:  14%|█▍        | 28/203 [00:00<00:00, 3934.75it/s, Materializing param=audio_spectrogram_transformer.encoder.layer.1.attention.output.dense.bias]     
Loading weights:  14%|█▍        | 28/203 [00:00<00:00, 3920.43it/s, Materializing param=audio_spectrogram_transformer.encoder.layer.1.attention.output.dense.bias]
Loading weights:  14%|█▍        | 29/203 [00:00<00:00, 4021.65it/s, Materializing param=audio_spectrogram_transformer.encoder.layer.1.attention.output.dense.weight]
Loading weights:  14%|█▍        | 29/203 [00:00<00:00, 4007.74it/s, Materializing param=audio_spectrogram_transformer.encoder.layer.1.attention.output.dense.weight]
Loading weights:  15%|█▍        | 30/203 [00:00<00:00, 4117.45it/s, Materializing param=audio_spectrogram_transformer.encoder.layer.1.intermediate.dense.bias]      
Loading weights:  15%|█▍        | 30/203 [00:00<00:00, 4105.09it/s, Materializing param=audio_spectrogram_transformer.encoder.layer.1.intermediate.dense.bias]
Loading weights:  15%|█▌        | 31/203 [00:00<00:00, 4212.51it/s, Materializing param=audio_spectrogram_transformer.encoder.layer.1.intermediate.dense.weight]
Loading weights:  15%|█▌        | 31/203 [00:00<00:00, 4199.45it/s, Materializing param=audio_spectrogram_transformer.encoder.layer.1.intermediate.dense.weight]
Loading weights:  16%|█▌        | 32/203 [00:00<00:00, 4307.37it/s, Materializing param=audio_spectrogram_transformer.encoder.layer.1.layernorm_after.bias]     
Loading weights:  16%|█▌        | 32/203 [00:00<00:00, 4294.69it/s, Materializing param=audio_spectrogram_transformer.encoder.layer.1.layernorm_after.bias]
Loading weights:  16%|█▋        | 33/203 [00:00<00:00, 4402.42it/s, Materializing param=audio_spectrogram_transformer.encoder.layer.1.layernorm_after.weight]
Loading weights:  16%|█▋        | 33/203 [00:00<00:00, 4389.99it/s, Materializing param=audio_spectrogram_transformer.encoder.layer.1.layernorm_after.weight]
Loading weights:  17%|█▋        | 34/203 [00:00<00:00, 4497.77it/s, Materializing param=audio_spectrogram_transformer.encoder.layer.1.layernorm_before.bias] 
Loading weights:  17%|█▋        | 34/203 [00:00<00:00, 4486.03it/s, Materializing param=audio_spectrogram_transformer.encoder.layer.1.layernorm_before.bias]
Loading weights:  17%|█▋        | 35/203 [00:00<00:00, 4592.54it/s, Materializing param=audio_spectrogram_transformer.encoder.layer.1.layernorm_before.weight]
Loading weights:  17%|█▋        | 35/203 [00:00<00:00, 4580.51it/s, Materializing param=audio_spectrogram_transformer.encoder.layer.1.layernorm_before.weight]
Loading weights:  18%|█▊        | 36/203 [00:00<00:00, 4686.23it/s, Materializing param=audio_spectrogram_transformer.encoder.layer.1.output.dense.bias]      
Loading weights:  18%|█▊        | 36/203 [00:00<00:00, 4673.46it/s, Materializing param=audio_spectrogram_transformer.encoder.layer.1.output.dense.bias]
Loading weights:  18%|█▊        | 37/203 [00:00<00:00, 4769.77it/s, Materializing param=audio_spectrogram_transformer.encoder.layer.1.output.dense.weight]
Loading weights:  18%|█▊        | 37/203 [00:00<00:00, 4756.32it/s, Materializing param=audio_spectrogram_transformer.encoder.layer.1.output.dense.weight]
Loading weights:  19%|█▊        | 38/203 [00:00<00:00, 4856.15it/s, Materializing param=audio_spectrogram_transformer.encoder.layer.2.attention.attention.key.bias]
Loading weights:  19%|█▊        | 38/203 [00:00<00:00, 4842.57it/s, Materializing param=audio_spectrogram_transformer.encoder.layer.2.attention.attention.key.bias]
Loading weights:  19%|█▉        | 39/203 [00:00<00:00, 4935.96it/s, Materializing param=audio_spectrogram_transformer.encoder.layer.2.attention.attention.key.weight]
Loading weights:  19%|█▉        | 39/203 [00:00<00:00, 4922.89it/s, Materializing param=audio_spectrogram_transformer.encoder.layer.2.attention.attention.key.weight]
Loading weights:  20%|█▉        | 40/203 [00:00<00:00, 5021.92it/s, Materializing param=audio_spectrogram_transformer.encoder.layer.2.attention.attention.query.bias]
Loading weights:  20%|█▉        | 40/203 [00:00<00:00, 5009.32it/s, Materializing param=audio_spectrogram_transformer.encoder.layer.2.attention.attention.query.bias]
Loading weights:  20%|██        | 41/203 [00:00<00:00, 5106.95it/s, Materializing param=audio_spectrogram_transformer.encoder.layer.2.attention.attention.query.weight]
Loading weights:  20%|██        | 41/203 [00:00<00:00, 5093.64it/s, Materializing param=audio_spectrogram_transformer.encoder.layer.2.attention.attention.query.weight]
Loading weights:  21%|██        | 42/203 [00:00<00:00, 5190.21it/s, Materializing param=audio_spectrogram_transformer.encoder.layer.2.attention.attention.value.bias]  
Loading weights:  21%|██        | 42/203 [00:00<00:00, 5177.39it/s, Materializing param=audio_spectrogram_transformer.encoder.layer.2.attention.attention.value.bias]
Loading weights:  21%|██        | 43/203 [00:00<00:00, 5272.15it/s, Materializing param=audio_spectrogram_transformer.encoder.layer.2.attention.attention.value.weight]
Loading weights:  21%|██        | 43/203 [00:00<00:00, 5258.47it/s, Materializing param=audio_spectrogram_transformer.encoder.layer.2.attention.attention.value.weight]
Loading weights:  22%|██▏       | 44/203 [00:00<00:00, 5337.96it/s, Materializing param=audio_spectrogram_transformer.encoder.layer.2.attention.output.dense.bias]     
Loading weights:  22%|██▏       | 44/203 [00:00<00:00, 5324.26it/s, Materializing param=audio_spectrogram_transformer.encoder.layer.2.attention.output.dense.bias]
Loading weights:  22%|██▏       | 45/203 [00:00<00:00, 5408.59it/s, Materializing param=audio_spectrogram_transformer.encoder.layer.2.attention.output.dense.weight]
Loading weights:  22%|██▏       | 45/203 [00:00<00:00, 5395.76it/s, Materializing param=audio_spectrogram_transformer.encoder.layer.2.attention.output.dense.weight]
Loading weights:  23%|██▎       | 46/203 [00:00<00:00, 5487.27it/s, Materializing param=audio_spectrogram_transformer.encoder.layer.2.intermediate.dense.bias]      
Loading weights:  23%|██▎       | 46/203 [00:00<00:00, 5474.19it/s, Materializing param=audio_spectrogram_transformer.encoder.layer.2.intermediate.dense.bias]
Loading weights:  23%|██▎       | 47/203 [00:00<00:00, 5313.11it/s, Materializing param=audio_spectrogram_transformer.encoder.layer.2.intermediate.dense.weight]
Loading weights:  23%|██▎       | 47/203 [00:00<00:00, 5294.56it/s, Materializing param=audio_spectrogram_transformer.encoder.layer.2.intermediate.dense.weight]
Loading weights:  24%|██▎       | 48/203 [00:00<00:00, 5345.90it/s, Materializing param=audio_spectrogram_transformer.encoder.layer.2.layernorm_after.bias]     
Loading weights:  24%|██▎       | 48/203 [00:00<00:00, 5331.60it/s, Materializing param=audio_spectrogram_transformer.encoder.layer.2.layernorm_after.bias]
Loading weights:  24%|██▍       | 49/203 [00:00<00:00, 5407.73it/s, Materializing param=audio_spectrogram_transformer.encoder.layer.2.layernorm_after.weight]
Loading weights:  24%|██▍       | 49/203 [00:00<00:00, 5393.97it/s, Materializing param=audio_spectrogram_transformer.encoder.layer.2.layernorm_after.weight]
Loading weights:  25%|██▍       | 50/203 [00:00<00:00, 5477.74it/s, Materializing param=audio_spectrogram_transformer.encoder.layer.2.layernorm_before.bias] 
Loading weights:  25%|██▍       | 50/203 [00:00<00:00, 5465.18it/s, Materializing param=audio_spectrogram_transformer.encoder.layer.2.layernorm_before.bias]
Loading weights:  25%|██▌       | 51/203 [00:00<00:00, 5550.04it/s, Materializing param=audio_spectrogram_transformer.encoder.layer.2.layernorm_before.weight]
Loading weights:  25%|██▌       | 51/203 [00:00<00:00, 5537.39it/s, Materializing param=audio_spectrogram_transformer.encoder.layer.2.layernorm_before.weight]
Loading weights:  26%|██▌       | 52/203 [00:00<00:00, 5618.48it/s, Materializing param=audio_spectrogram_transformer.encoder.layer.2.output.dense.bias]      
Loading weights:  26%|██▌       | 52/203 [00:00<00:00, 5605.77it/s, Materializing param=audio_spectrogram_transformer.encoder.layer.2.output.dense.bias]
Loading weights:  26%|██▌       | 53/203 [00:00<00:00, 5295.21it/s, Materializing param=audio_spectrogram_transformer.encoder.layer.2.output.dense.weight]
Loading weights:  26%|██▌       | 53/203 [00:00<00:00, 5282.00it/s, Materializing param=audio_spectrogram_transformer.encoder.layer.2.output.dense.weight]
Loading weights:  27%|██▋       | 54/203 [00:00<00:00, 5357.09it/s, Materializing param=audio_spectrogram_transformer.encoder.layer.3.attention.attention.key.bias]
Loading weights:  27%|██▋       | 54/203 [00:00<00:00, 5345.96it/s, Materializing param=audio_spectrogram_transformer.encoder.layer.3.attention.attention.key.bias]
Loading weights:  27%|██▋       | 55/203 [00:00<00:00, 5412.77it/s, Materializing param=audio_spectrogram_transformer.encoder.layer.3.attention.attention.key.weight]
Loading weights:  27%|██▋       | 55/203 [00:00<00:00, 5401.11it/s, Materializing param=audio_spectrogram_transformer.encoder.layer.3.attention.attention.key.weight]
Loading weights:  28%|██▊       | 56/203 [00:00<00:00, 5475.21it/s, Materializing param=audio_spectrogram_transformer.encoder.layer.3.attention.attention.query.bias]
Loading weights:  28%|██▊       | 56/203 [00:00<00:00, 5464.00it/s, Materializing param=audio_spectrogram_transformer.encoder.layer.3.attention.attention.query.bias]
Loading weights:  28%|██▊       | 57/203 [00:00<00:00, 5078.82it/s, Materializing param=audio_spectrogram_transformer.encoder.layer.3.attention.attention.query.weight]
Loading weights:  28%|██▊       | 57/203 [00:00<00:00, 5064.40it/s, Materializing param=audio_spectrogram_transformer.encoder.layer.3.attention.attention.query.weight]
Loading weights:  29%|██▊       | 58/203 [00:00<00:00, 5128.16it/s, Materializing param=audio_spectrogram_transformer.encoder.layer.3.attention.attention.value.bias]  
Loading weights:  29%|██▊       | 58/203 [00:00<00:00, 5116.83it/s, Materializing param=audio_spectrogram_transformer.encoder.layer.3.attention.attention.value.bias]
Loading weights:  29%|██▉       | 59/203 [00:00<00:00, 5147.88it/s, Materializing param=audio_spectrogram_transformer.encoder.layer.3.attention.attention.value.weight]
Loading weights:  29%|██▉       | 59/203 [00:00<00:00, 5136.24it/s, Materializing param=audio_spectrogram_transformer.encoder.layer.3.attention.attention.value.weight]
Loading weights:  30%|██▉       | 60/203 [00:00<00:00, 5200.09it/s, Materializing param=audio_spectrogram_transformer.encoder.layer.3.attention.output.dense.bias]     
Loading weights:  30%|██▉       | 60/203 [00:00<00:00, 5189.90it/s, Materializing param=audio_spectrogram_transformer.encoder.layer.3.attention.output.dense.bias]
Loading weights:  30%|███       | 61/203 [00:00<00:00, 5254.51it/s, Materializing param=audio_spectrogram_transformer.encoder.layer.3.attention.output.dense.weight]
Loading weights:  30%|███       | 61/203 [00:00<00:00, 5244.60it/s, Materializing param=audio_spectrogram_transformer.encoder.layer.3.attention.output.dense.weight]
Loading weights:  31%|███       | 62/203 [00:00<00:00, 5308.70it/s, Materializing param=audio_spectrogram_transformer.encoder.layer.3.intermediate.dense.bias]      
Loading weights:  31%|███       | 62/203 [00:00<00:00, 5298.64it/s, Materializing param=audio_spectrogram_transformer.encoder.layer.3.intermediate.dense.bias]
Loading weights:  31%|███       | 63/203 [00:00<00:00, 5364.00it/s, Materializing param=audio_spectrogram_transformer.encoder.layer.3.intermediate.dense.weight]
Loading weights:  31%|███       | 63/203 [00:00<00:00, 5354.43it/s, Materializing param=audio_spectrogram_transformer.encoder.layer.3.intermediate.dense.weight]
Loading weights:  32%|███▏      | 64/203 [00:00<00:00, 5388.97it/s, Materializing param=audio_spectrogram_transformer.encoder.layer.3.layernorm_after.bias]     
Loading weights:  32%|███▏      | 64/203 [00:00<00:00, 5377.74it/s, Materializing param=audio_spectrogram_transformer.encoder.layer.3.layernorm_after.bias]
Loading weights:  32%|███▏      | 65/203 [00:00<00:00, 5439.32it/s, Materializing param=audio_spectrogram_transformer.encoder.layer.3.layernorm_after.weight]
Loading weights:  32%|███▏      | 65/203 [00:00<00:00, 5429.79it/s, Materializing param=audio_spectrogram_transformer.encoder.layer.3.layernorm_after.weight]
Loading weights:  33%|███▎      | 66/203 [00:00<00:00, 5491.67it/s, Materializing param=audio_spectrogram_transformer.encoder.layer.3.layernorm_before.bias] 
Loading weights:  33%|███▎      | 66/203 [00:00<00:00, 5481.77it/s, Materializing param=audio_spectrogram_transformer.encoder.layer.3.layernorm_before.bias]
Loading weights:  33%|███▎      | 67/203 [00:00<00:00, 5384.53it/s, Materializing param=audio_spectrogram_transformer.encoder.layer.3.layernorm_before.weight]
Loading weights:  33%|███▎      | 67/203 [00:00<00:00, 5373.71it/s, Materializing param=audio_spectrogram_transformer.encoder.layer.3.layernorm_before.weight]
Loading weights:  33%|███▎      | 68/203 [00:00<00:00, 4981.97it/s, Materializing param=audio_spectrogram_transformer.encoder.layer.3.output.dense.bias]      
Loading weights:  33%|███▎      | 68/203 [00:00<00:00, 4969.29it/s, Materializing param=audio_spectrogram_transformer.encoder.layer.3.output.dense.bias]
Loading weights:  34%|███▍      | 69/203 [00:00<00:00, 4907.20it/s, Materializing param=audio_spectrogram_transformer.encoder.layer.3.output.dense.weight]
Loading weights:  34%|███▍      | 69/203 [00:00<00:00, 4893.59it/s, Materializing param=audio_spectrogram_transformer.encoder.layer.3.output.dense.weight]
Loading weights:  34%|███▍      | 70/203 [00:00<00:00, 4938.87it/s, Materializing param=audio_spectrogram_transformer.encoder.layer.4.attention.attention.key.bias]
Loading weights:  34%|███▍      | 70/203 [00:00<00:00, 4929.59it/s, Materializing param=audio_spectrogram_transformer.encoder.layer.4.attention.attention.key.bias]
Loading weights:  35%|███▍      | 71/203 [00:00<00:00, 4962.18it/s, Materializing param=audio_spectrogram_transformer.encoder.layer.4.attention.attention.key.weight]
Loading weights:  35%|███▍      | 71/203 [00:00<00:00, 4952.20it/s, Materializing param=audio_spectrogram_transformer.encoder.layer.4.attention.attention.key.weight]
Loading weights:  35%|███▌      | 72/203 [00:00<00:00, 4998.92it/s, Materializing param=audio_spectrogram_transformer.encoder.layer.4.attention.attention.query.bias]
Loading weights:  35%|███▌      | 72/203 [00:00<00:00, 4990.58it/s, Materializing param=audio_spectrogram_transformer.encoder.layer.4.attention.attention.query.bias]
Loading weights:  36%|███▌      | 73/203 [00:00<00:00, 5037.58it/s, Materializing param=audio_spectrogram_transformer.encoder.layer.4.attention.attention.query.weight]
Loading weights:  36%|███▌      | 73/203 [00:00<00:00, 5029.89it/s, Materializing param=audio_spectrogram_transformer.encoder.layer.4.attention.attention.query.weight]
Loading weights:  36%|███▋      | 74/203 [00:00<00:00, 5084.09it/s, Materializing param=audio_spectrogram_transformer.encoder.layer.4.attention.attention.value.bias]  
Loading weights:  36%|███▋      | 74/203 [00:00<00:00, 5075.77it/s, Materializing param=audio_spectrogram_transformer.encoder.layer.4.attention.attention.value.bias]
Loading weights:  37%|███▋      | 75/203 [00:00<00:00, 5129.27it/s, Materializing param=audio_spectrogram_transformer.encoder.layer.4.attention.attention.value.weight]
Loading weights:  37%|███▋      | 75/203 [00:00<00:00, 5108.61it/s, Materializing param=audio_spectrogram_transformer.encoder.layer.4.attention.attention.value.weight]
Loading weights:  37%|███▋      | 76/203 [00:00<00:00, 5155.71it/s, Materializing param=audio_spectrogram_transformer.encoder.layer.4.attention.output.dense.bias]     
Loading weights:  37%|███▋      | 76/203 [00:00<00:00, 5146.88it/s, Materializing param=audio_spectrogram_transformer.encoder.layer.4.attention.output.dense.bias]
Loading weights:  38%|███▊      | 77/203 [00:00<00:00, 5176.08it/s, Materializing param=audio_spectrogram_transformer.encoder.layer.4.attention.output.dense.weight]
Loading weights:  38%|███▊      | 77/203 [00:00<00:00, 5165.98it/s, Materializing param=audio_spectrogram_transformer.encoder.layer.4.attention.output.dense.weight]
Loading weights:  38%|███▊      | 78/203 [00:00<00:00, 4605.82it/s, Materializing param=audio_spectrogram_transformer.encoder.layer.4.intermediate.dense.bias]      
Loading weights:  38%|███▊      | 78/203 [00:00<00:00, 4596.63it/s, Materializing param=audio_spectrogram_transformer.encoder.layer.4.intermediate.dense.bias]
Loading weights:  39%|███▉      | 79/203 [00:00<00:00, 4539.66it/s, Materializing param=audio_spectrogram_transformer.encoder.layer.4.intermediate.dense.weight]
Loading weights:  39%|███▉      | 79/203 [00:00<00:00, 4532.65it/s, Materializing param=audio_spectrogram_transformer.encoder.layer.4.intermediate.dense.weight]
Loading weights:  39%|███▉      | 80/203 [00:00<00:00, 4422.86it/s, Materializing param=audio_spectrogram_transformer.encoder.layer.4.layernorm_after.bias]     
Loading weights:  39%|███▉      | 80/203 [00:00<00:00, 4416.68it/s, Materializing param=audio_spectrogram_transformer.encoder.layer.4.layernorm_after.bias]
Loading weights:  40%|███▉      | 81/203 [00:00<00:00, 4459.62it/s, Materializing param=audio_spectrogram_transformer.encoder.layer.4.layernorm_after.weight]
Loading weights:  40%|███▉      | 81/203 [00:00<00:00, 4454.24it/s, Materializing param=audio_spectrogram_transformer.encoder.layer.4.layernorm_after.weight]
Loading weights:  40%|████      | 82/203 [00:00<00:00, 4498.85it/s, Materializing param=audio_spectrogram_transformer.encoder.layer.4.layernorm_before.bias] 
Loading weights:  40%|████      | 82/203 [00:00<00:00, 4493.68it/s, Materializing param=audio_spectrogram_transformer.encoder.layer.4.layernorm_before.bias]
Loading weights:  41%|████      | 83/203 [00:00<00:00, 4537.28it/s, Materializing param=audio_spectrogram_transformer.encoder.layer.4.layernorm_before.weight]
Loading weights:  41%|████      | 83/203 [00:00<00:00, 4531.79it/s, Materializing param=audio_spectrogram_transformer.encoder.layer.4.layernorm_before.weight]
Loading weights:  41%|████▏     | 84/203 [00:00<00:00, 4575.43it/s, Materializing param=audio_spectrogram_transformer.encoder.layer.4.output.dense.bias]      
Loading weights:  41%|████▏     | 84/203 [00:00<00:00, 4570.14it/s, Materializing param=audio_spectrogram_transformer.encoder.layer.4.output.dense.bias]
Loading weights:  42%|████▏     | 85/203 [00:00<00:00, 4613.30it/s, Materializing param=audio_spectrogram_transformer.encoder.layer.4.output.dense.weight]
Loading weights:  42%|████▏     | 85/203 [00:00<00:00, 4607.52it/s, Materializing param=audio_spectrogram_transformer.encoder.layer.4.output.dense.weight]
Loading weights:  42%|████▏     | 86/203 [00:00<00:00, 4651.38it/s, Materializing param=audio_spectrogram_transformer.encoder.layer.5.attention.attention.key.bias]
Loading weights:  42%|████▏     | 86/203 [00:00<00:00, 4646.11it/s, Materializing param=audio_spectrogram_transformer.encoder.layer.5.attention.attention.key.bias]
Loading weights:  43%|████▎     | 87/203 [00:00<00:00, 4687.76it/s, Materializing param=audio_spectrogram_transformer.encoder.layer.5.attention.attention.key.weight]
Loading weights:  43%|████▎     | 87/203 [00:00<00:00, 4682.46it/s, Materializing param=audio_spectrogram_transformer.encoder.layer.5.attention.attention.key.weight]
Loading weights:  43%|████▎     | 88/203 [00:00<00:00, 4725.07it/s, Materializing param=audio_spectrogram_transformer.encoder.layer.5.attention.attention.query.bias]
Loading weights:  43%|████▎     | 88/203 [00:00<00:00, 4719.99it/s, Materializing param=audio_spectrogram_transformer.encoder.layer.5.attention.attention.query.bias]
Loading weights:  44%|████▍     | 89/203 [00:00<00:00, 4761.88it/s, Materializing param=audio_spectrogram_transformer.encoder.layer.5.attention.attention.query.weight]
Loading weights:  44%|████▍     | 89/203 [00:00<00:00, 4756.54it/s, Materializing param=audio_spectrogram_transformer.encoder.layer.5.attention.attention.query.weight]
Loading weights:  44%|████▍     | 90/203 [00:00<00:00, 4798.97it/s, Materializing param=audio_spectrogram_transformer.encoder.layer.5.attention.attention.value.bias]  
Loading weights:  44%|████▍     | 90/203 [00:00<00:00, 4793.61it/s, Materializing param=audio_spectrogram_transformer.encoder.layer.5.attention.attention.value.bias]
Loading weights:  45%|████▍     | 91/203 [00:00<00:00, 4834.96it/s, Materializing param=audio_spectrogram_transformer.encoder.layer.5.attention.attention.value.weight]
Loading weights:  45%|████▍     | 91/203 [00:00<00:00, 4829.58it/s, Materializing param=audio_spectrogram_transformer.encoder.layer.5.attention.attention.value.weight]
Loading weights:  45%|████▌     | 92/203 [00:00<00:00, 4871.80it/s, Materializing param=audio_spectrogram_transformer.encoder.layer.5.attention.output.dense.bias]     
Loading weights:  45%|████▌     | 92/203 [00:00<00:00, 4866.70it/s, Materializing param=audio_spectrogram_transformer.encoder.layer.5.attention.output.dense.bias]
Loading weights:  46%|████▌     | 93/203 [00:00<00:00, 4908.64it/s, Materializing param=audio_spectrogram_transformer.encoder.layer.5.attention.output.dense.weight]
Loading weights:  46%|████▌     | 93/203 [00:00<00:00, 4903.21it/s, Materializing param=audio_spectrogram_transformer.encoder.layer.5.attention.output.dense.weight]
Loading weights:  46%|████▋     | 94/203 [00:00<00:00, 4944.50it/s, Materializing param=audio_spectrogram_transformer.encoder.layer.5.intermediate.dense.bias]      
Loading weights:  46%|████▋     | 94/203 [00:00<00:00, 4939.30it/s, Materializing param=audio_spectrogram_transformer.encoder.layer.5.intermediate.dense.bias]
Loading weights:  47%|████▋     | 95/203 [00:00<00:00, 4980.30it/s, Materializing param=audio_spectrogram_transformer.encoder.layer.5.intermediate.dense.weight]
Loading weights:  47%|████▋     | 95/203 [00:00<00:00, 4975.14it/s, Materializing param=audio_spectrogram_transformer.encoder.layer.5.intermediate.dense.weight]
Loading weights:  47%|████▋     | 96/203 [00:00<00:00, 5016.99it/s, Materializing param=audio_spectrogram_transformer.encoder.layer.5.layernorm_after.bias]     
Loading weights:  47%|████▋     | 96/203 [00:00<00:00, 5011.24it/s, Materializing param=audio_spectrogram_transformer.encoder.layer.5.layernorm_after.bias]
Loading weights:  48%|████▊     | 97/203 [00:00<00:00, 5048.11it/s, Materializing param=audio_spectrogram_transformer.encoder.layer.5.layernorm_after.weight]
Loading weights:  48%|████▊     | 97/203 [00:00<00:00, 5042.61it/s, Materializing param=audio_spectrogram_transformer.encoder.layer.5.layernorm_after.weight]
Loading weights:  48%|████▊     | 98/203 [00:00<00:00, 5071.40it/s, Materializing param=audio_spectrogram_transformer.encoder.layer.5.layernorm_before.bias] 
Loading weights:  48%|████▊     | 98/203 [00:00<00:00, 5065.83it/s, Materializing param=audio_spectrogram_transformer.encoder.layer.5.layernorm_before.bias]
Loading weights:  49%|████▉     | 99/203 [00:00<00:00, 4946.53it/s, Materializing param=audio_spectrogram_transformer.encoder.layer.5.layernorm_before.weight]
Loading weights:  49%|████▉     | 99/203 [00:00<00:00, 4940.11it/s, Materializing param=audio_spectrogram_transformer.encoder.layer.5.layernorm_before.weight]
Loading weights:  49%|████▉     | 100/203 [00:00<00:00, 4979.35it/s, Materializing param=audio_spectrogram_transformer.encoder.layer.5.output.dense.bias]     
Loading weights:  49%|████▉     | 100/203 [00:00<00:00, 4973.92it/s, Materializing param=audio_spectrogram_transformer.encoder.layer.5.output.dense.bias]
Loading weights:  50%|████▉     | 101/203 [00:00<00:00, 5008.92it/s, Materializing param=audio_spectrogram_transformer.encoder.layer.5.output.dense.weight]
Loading weights:  50%|████▉     | 101/203 [00:00<00:00, 5003.95it/s, Materializing param=audio_spectrogram_transformer.encoder.layer.5.output.dense.weight]
Loading weights:  50%|█████     | 102/203 [00:00<00:00, 5042.72it/s, Materializing param=audio_spectrogram_transformer.encoder.layer.6.attention.attention.key.bias]
Loading weights:  50%|█████     | 102/203 [00:00<00:00, 5037.25it/s, Materializing param=audio_spectrogram_transformer.encoder.layer.6.attention.attention.key.bias]
Loading weights:  51%|█████     | 103/203 [00:00<00:00, 5075.11it/s, Materializing param=audio_spectrogram_transformer.encoder.layer.6.attention.attention.key.weight]
Loading weights:  51%|█████     | 103/203 [00:00<00:00, 5069.86it/s, Materializing param=audio_spectrogram_transformer.encoder.layer.6.attention.attention.key.weight]
Loading weights:  51%|█████     | 104/203 [00:00<00:00, 5108.24it/s, Materializing param=audio_spectrogram_transformer.encoder.layer.6.attention.attention.query.bias]
Loading weights:  51%|█████     | 104/203 [00:00<00:00, 5102.98it/s, Materializing param=audio_spectrogram_transformer.encoder.layer.6.attention.attention.query.bias]
Loading weights:  52%|█████▏    | 105/203 [00:00<00:00, 5141.22it/s, Materializing param=audio_spectrogram_transformer.encoder.layer.6.attention.attention.query.weight]
Loading weights:  52%|█████▏    | 105/203 [00:00<00:00, 5135.94it/s, Materializing param=audio_spectrogram_transformer.encoder.layer.6.attention.attention.query.weight]
Loading weights:  52%|█████▏    | 106/203 [00:00<00:00, 5174.24it/s, Materializing param=audio_spectrogram_transformer.encoder.layer.6.attention.attention.value.bias]  
Loading weights:  52%|█████▏    | 106/203 [00:00<00:00, 5168.94it/s, Materializing param=audio_spectrogram_transformer.encoder.layer.6.attention.attention.value.bias]
Loading weights:  53%|█████▎    | 107/203 [00:00<00:00, 5101.05it/s, Materializing param=audio_spectrogram_transformer.encoder.layer.6.attention.attention.value.weight]
Loading weights:  53%|█████▎    | 107/203 [00:00<00:00, 5091.10it/s, Materializing param=audio_spectrogram_transformer.encoder.layer.6.attention.attention.value.weight]
Loading weights:  53%|█████▎    | 108/203 [00:00<00:00, 5123.80it/s, Materializing param=audio_spectrogram_transformer.encoder.layer.6.attention.output.dense.bias]     
Loading weights:  53%|█████▎    | 108/203 [00:00<00:00, 5117.26it/s, Materializing param=audio_spectrogram_transformer.encoder.layer.6.attention.output.dense.bias]
Loading weights:  54%|█████▎    | 109/203 [00:00<00:00, 5148.30it/s, Materializing param=audio_spectrogram_transformer.encoder.layer.6.attention.output.dense.weight]
Loading weights:  54%|█████▎    | 109/203 [00:00<00:00, 5142.45it/s, Materializing param=audio_spectrogram_transformer.encoder.layer.6.attention.output.dense.weight]
Loading weights:  54%|█████▍    | 110/203 [00:00<00:00, 5081.99it/s, Materializing param=audio_spectrogram_transformer.encoder.layer.6.intermediate.dense.bias]      
Loading weights:  54%|█████▍    | 110/203 [00:00<00:00, 5074.00it/s, Materializing param=audio_spectrogram_transformer.encoder.layer.6.intermediate.dense.bias]
Loading weights:  55%|█████▍    | 111/203 [00:00<00:00, 5106.25it/s, Materializing param=audio_spectrogram_transformer.encoder.layer.6.intermediate.dense.weight]
Loading weights:  55%|█████▍    | 111/203 [00:00<00:00, 5100.60it/s, Materializing param=audio_spectrogram_transformer.encoder.layer.6.intermediate.dense.weight]
Loading weights:  55%|█████▌    | 112/203 [00:00<00:00, 5135.70it/s, Materializing param=audio_spectrogram_transformer.encoder.layer.6.layernorm_after.bias]     
Loading weights:  55%|█████▌    | 112/203 [00:00<00:00, 5130.76it/s, Materializing param=audio_spectrogram_transformer.encoder.layer.6.layernorm_after.bias]
Loading weights:  56%|█████▌    | 113/203 [00:00<00:00, 5165.91it/s, Materializing param=audio_spectrogram_transformer.encoder.layer.6.layernorm_after.weight]
Loading weights:  56%|█████▌    | 113/203 [00:00<00:00, 5161.18it/s, Materializing param=audio_spectrogram_transformer.encoder.layer.6.layernorm_after.weight]
Loading weights:  56%|█████▌    | 114/203 [00:00<00:00, 5050.98it/s, Materializing param=audio_spectrogram_transformer.encoder.layer.6.layernorm_before.bias] 
Loading weights:  56%|█████▌    | 114/203 [00:00<00:00, 5044.63it/s, Materializing param=audio_spectrogram_transformer.encoder.layer.6.layernorm_before.bias]
Loading weights:  57%|█████▋    | 115/203 [00:00<00:00, 5077.69it/s, Materializing param=audio_spectrogram_transformer.encoder.layer.6.layernorm_before.weight]
Loading weights:  57%|█████▋    | 115/203 [00:00<00:00, 5072.78it/s, Materializing param=audio_spectrogram_transformer.encoder.layer.6.layernorm_before.weight]
Loading weights:  57%|█████▋    | 116/203 [00:00<00:00, 5101.17it/s, Materializing param=audio_spectrogram_transformer.encoder.layer.6.output.dense.bias]      
Loading weights:  57%|█████▋    | 116/203 [00:00<00:00, 5095.29it/s, Materializing param=audio_spectrogram_transformer.encoder.layer.6.output.dense.bias]
Loading weights:  58%|█████▊    | 117/203 [00:00<00:00, 5128.85it/s, Materializing param=audio_spectrogram_transformer.encoder.layer.6.output.dense.weight]
Loading weights:  58%|█████▊    | 117/203 [00:00<00:00, 5124.35it/s, Materializing param=audio_spectrogram_transformer.encoder.layer.6.output.dense.weight]
Loading weights:  58%|█████▊    | 118/203 [00:00<00:00, 5158.45it/s, Materializing param=audio_spectrogram_transformer.encoder.layer.7.attention.attention.key.bias]
Loading weights:  58%|█████▊    | 118/203 [00:00<00:00, 5153.46it/s, Materializing param=audio_spectrogram_transformer.encoder.layer.7.attention.attention.key.bias]
Loading weights:  59%|█████▊    | 119/203 [00:00<00:00, 5186.06it/s, Materializing param=audio_spectrogram_transformer.encoder.layer.7.attention.attention.key.weight]
Loading weights:  59%|█████▊    | 119/203 [00:00<00:00, 5181.11it/s, Materializing param=audio_spectrogram_transformer.encoder.layer.7.attention.attention.key.weight]
Loading weights:  59%|█████▉    | 120/203 [00:00<00:00, 5214.63it/s, Materializing param=audio_spectrogram_transformer.encoder.layer.7.attention.attention.query.bias]
Loading weights:  59%|█████▉    | 120/203 [00:00<00:00, 5209.88it/s, Materializing param=audio_spectrogram_transformer.encoder.layer.7.attention.attention.query.bias]
Loading weights:  60%|█████▉    | 121/203 [00:00<00:00, 5157.26it/s, Materializing param=audio_spectrogram_transformer.encoder.layer.7.attention.attention.query.weight]
Loading weights:  60%|█████▉    | 121/203 [00:00<00:00, 5151.35it/s, Materializing param=audio_spectrogram_transformer.encoder.layer.7.attention.attention.query.weight]
Loading weights:  60%|██████    | 122/203 [00:00<00:00, 4971.44it/s, Materializing param=audio_spectrogram_transformer.encoder.layer.7.attention.attention.value.bias]  
Loading weights:  60%|██████    | 122/203 [00:00<00:00, 4965.60it/s, Materializing param=audio_spectrogram_transformer.encoder.layer.7.attention.attention.value.bias]
Loading weights:  61%|██████    | 123/203 [00:00<00:00, 4996.12it/s, Materializing param=audio_spectrogram_transformer.encoder.layer.7.attention.attention.value.weight]
Loading weights:  61%|██████    | 123/203 [00:00<00:00, 4991.48it/s, Materializing param=audio_spectrogram_transformer.encoder.layer.7.attention.attention.value.weight]
Loading weights:  61%|██████    | 124/203 [00:00<00:00, 5022.25it/s, Materializing param=audio_spectrogram_transformer.encoder.layer.7.attention.output.dense.bias]     
Loading weights:  61%|██████    | 124/203 [00:00<00:00, 5017.59it/s, Materializing param=audio_spectrogram_transformer.encoder.layer.7.attention.output.dense.bias]
Loading weights:  62%|██████▏   | 125/203 [00:00<00:00, 5048.85it/s, Materializing param=audio_spectrogram_transformer.encoder.layer.7.attention.output.dense.weight]
Loading weights:  62%|██████▏   | 125/203 [00:00<00:00, 5044.38it/s, Materializing param=audio_spectrogram_transformer.encoder.layer.7.attention.output.dense.weight]
Loading weights:  62%|██████▏   | 126/203 [00:00<00:00, 5075.95it/s, Materializing param=audio_spectrogram_transformer.encoder.layer.7.intermediate.dense.bias]      
Loading weights:  62%|██████▏   | 126/203 [00:00<00:00, 5071.66it/s, Materializing param=audio_spectrogram_transformer.encoder.layer.7.intermediate.dense.bias]
Loading weights:  63%|██████▎   | 127/203 [00:00<00:00, 5103.24it/s, Materializing param=audio_spectrogram_transformer.encoder.layer.7.intermediate.dense.weight]
Loading weights:  63%|██████▎   | 127/203 [00:00<00:00, 5098.75it/s, Materializing param=audio_spectrogram_transformer.encoder.layer.7.intermediate.dense.weight]
Loading weights:  63%|██████▎   | 128/203 [00:00<00:00, 5129.62it/s, Materializing param=audio_spectrogram_transformer.encoder.layer.7.layernorm_after.bias]     
Loading weights:  63%|██████▎   | 128/203 [00:00<00:00, 5124.87it/s, Materializing param=audio_spectrogram_transformer.encoder.layer.7.layernorm_after.bias]
Loading weights:  64%|██████▎   | 129/203 [00:00<00:00, 5156.05it/s, Materializing param=audio_spectrogram_transformer.encoder.layer.7.layernorm_after.weight]
Loading weights:  64%|██████▎   | 129/203 [00:00<00:00, 5151.73it/s, Materializing param=audio_spectrogram_transformer.encoder.layer.7.layernorm_after.weight]
Loading weights:  64%|██████▍   | 130/203 [00:00<00:00, 5183.42it/s, Materializing param=audio_spectrogram_transformer.encoder.layer.7.layernorm_before.bias] 
Loading weights:  64%|██████▍   | 130/203 [00:00<00:00, 5179.04it/s, Materializing param=audio_spectrogram_transformer.encoder.layer.7.layernorm_before.bias]
Loading weights:  65%|██████▍   | 131/203 [00:00<00:00, 5210.17it/s, Materializing param=audio_spectrogram_transformer.encoder.layer.7.layernorm_before.weight]
Loading weights:  65%|██████▍   | 131/203 [00:00<00:00, 5206.07it/s, Materializing param=audio_spectrogram_transformer.encoder.layer.7.layernorm_before.weight]
Loading weights:  65%|██████▌   | 132/203 [00:00<00:00, 4991.10it/s, Materializing param=audio_spectrogram_transformer.encoder.layer.7.output.dense.bias]      
Loading weights:  65%|██████▌   | 132/203 [00:00<00:00, 4984.14it/s, Materializing param=audio_spectrogram_transformer.encoder.layer.7.output.dense.bias]
Loading weights:  66%|██████▌   | 133/203 [00:00<00:00, 5010.89it/s, Materializing param=audio_spectrogram_transformer.encoder.layer.7.output.dense.weight]
Loading weights:  66%|██████▌   | 133/203 [00:00<00:00, 5006.17it/s, Materializing param=audio_spectrogram_transformer.encoder.layer.7.output.dense.weight]
Loading weights:  66%|██████▌   | 134/203 [00:00<00:00, 5034.73it/s, Materializing param=audio_spectrogram_transformer.encoder.layer.8.attention.attention.key.bias]
Loading weights:  66%|██████▌   | 134/203 [00:00<00:00, 5030.18it/s, Materializing param=audio_spectrogram_transformer.encoder.layer.8.attention.attention.key.bias]
Loading weights:  67%|██████▋   | 135/203 [00:00<00:00, 5057.49it/s, Materializing param=audio_spectrogram_transformer.encoder.layer.8.attention.attention.key.weight]
Loading weights:  67%|██████▋   | 135/203 [00:00<00:00, 5053.33it/s, Materializing param=audio_spectrogram_transformer.encoder.layer.8.attention.attention.key.weight]
Loading weights:  67%|██████▋   | 136/203 [00:00<00:00, 5082.01it/s, Materializing param=audio_spectrogram_transformer.encoder.layer.8.attention.attention.query.bias]
Loading weights:  67%|██████▋   | 136/203 [00:00<00:00, 5078.03it/s, Materializing param=audio_spectrogram_transformer.encoder.layer.8.attention.attention.query.bias]
Loading weights:  67%|██████▋   | 137/203 [00:00<00:00, 5106.60it/s, Materializing param=audio_spectrogram_transformer.encoder.layer.8.attention.attention.query.weight]
Loading weights:  67%|██████▋   | 137/203 [00:00<00:00, 5102.60it/s, Materializing param=audio_spectrogram_transformer.encoder.layer.8.attention.attention.query.weight]
Loading weights:  68%|██████▊   | 138/203 [00:00<00:00, 5131.24it/s, Materializing param=audio_spectrogram_transformer.encoder.layer.8.attention.attention.value.bias]  
Loading weights:  68%|██████▊   | 138/203 [00:00<00:00, 5127.24it/s, Materializing param=audio_spectrogram_transformer.encoder.layer.8.attention.attention.value.bias]
Loading weights:  68%|██████▊   | 139/203 [00:00<00:00, 5088.04it/s, Materializing param=audio_spectrogram_transformer.encoder.layer.8.attention.attention.value.weight]
Loading weights:  68%|██████▊   | 139/203 [00:00<00:00, 5080.95it/s, Materializing param=audio_spectrogram_transformer.encoder.layer.8.attention.attention.value.weight]
Loading weights:  69%|██████▉   | 140/203 [00:00<00:00, 5093.84it/s, Materializing param=audio_spectrogram_transformer.encoder.layer.8.attention.output.dense.bias]     
Loading weights:  69%|██████▉   | 140/203 [00:00<00:00, 5089.42it/s, Materializing param=audio_spectrogram_transformer.encoder.layer.8.attention.output.dense.bias]
Loading weights:  69%|██████▉   | 141/203 [00:00<00:00, 5117.04it/s, Materializing param=audio_spectrogram_transformer.encoder.layer.8.attention.output.dense.weight]
Loading weights:  69%|██████▉   | 141/203 [00:00<00:00, 5113.15it/s, Materializing param=audio_spectrogram_transformer.encoder.layer.8.attention.output.dense.weight]
Loading weights:  70%|██████▉   | 142/203 [00:00<00:00, 5141.54it/s, Materializing param=audio_spectrogram_transformer.encoder.layer.8.intermediate.dense.bias]      
Loading weights:  70%|██████▉   | 142/203 [00:00<00:00, 5137.86it/s, Materializing param=audio_spectrogram_transformer.encoder.layer.8.intermediate.dense.bias]
Loading weights:  70%|███████   | 143/203 [00:00<00:00, 5166.20it/s, Materializing param=audio_spectrogram_transformer.encoder.layer.8.intermediate.dense.weight]
Loading weights:  70%|███████   | 143/203 [00:00<00:00, 5162.06it/s, Materializing param=audio_spectrogram_transformer.encoder.layer.8.intermediate.dense.weight]
Loading weights:  71%|███████   | 144/203 [00:00<00:00, 5117.43it/s, Materializing param=audio_spectrogram_transformer.encoder.layer.8.layernorm_after.bias]     
Loading weights:  71%|███████   | 144/203 [00:00<00:00, 5113.45it/s, Materializing param=audio_spectrogram_transformer.encoder.layer.8.layernorm_after.bias]
Loading weights:  71%|███████▏  | 145/203 [00:00<00:00, 5136.17it/s, Materializing param=audio_spectrogram_transformer.encoder.layer.8.layernorm_after.weight]
Loading weights:  71%|███████▏  | 145/203 [00:00<00:00, 5131.10it/s, Materializing param=audio_spectrogram_transformer.encoder.layer.8.layernorm_after.weight]
Loading weights:  72%|███████▏  | 146/203 [00:00<00:00, 5106.47it/s, Materializing param=audio_spectrogram_transformer.encoder.layer.8.layernorm_before.bias] 
Loading weights:  72%|███████▏  | 146/203 [00:00<00:00, 5101.67it/s, Materializing param=audio_spectrogram_transformer.encoder.layer.8.layernorm_before.bias]
Loading weights:  72%|███████▏  | 147/203 [00:00<00:00, 5128.02it/s, Materializing param=audio_spectrogram_transformer.encoder.layer.8.layernorm_before.weight]
Loading weights:  72%|███████▏  | 147/203 [00:00<00:00, 5123.89it/s, Materializing param=audio_spectrogram_transformer.encoder.layer.8.layernorm_before.weight]
Loading weights:  73%|███████▎  | 148/203 [00:00<00:00, 5151.04it/s, Materializing param=audio_spectrogram_transformer.encoder.layer.8.output.dense.bias]      
Loading weights:  73%|███████▎  | 148/203 [00:00<00:00, 5147.24it/s, Materializing param=audio_spectrogram_transformer.encoder.layer.8.output.dense.bias]
Loading weights:  73%|███████▎  | 149/203 [00:00<00:00, 5064.02it/s, Materializing param=audio_spectrogram_transformer.encoder.layer.8.output.dense.weight]
Loading weights:  73%|███████▎  | 149/203 [00:00<00:00, 5059.76it/s, Materializing param=audio_spectrogram_transformer.encoder.layer.8.output.dense.weight]
Loading weights:  74%|███████▍  | 150/203 [00:00<00:00, 5085.94it/s, Materializing param=audio_spectrogram_transformer.encoder.layer.9.attention.attention.key.bias]
Loading weights:  74%|███████▍  | 150/203 [00:00<00:00, 5081.79it/s, Materializing param=audio_spectrogram_transformer.encoder.layer.9.attention.attention.key.bias]
Loading weights:  74%|███████▍  | 151/203 [00:00<00:00, 5100.30it/s, Materializing param=audio_spectrogram_transformer.encoder.layer.9.attention.attention.key.weight]
Loading weights:  74%|███████▍  | 151/203 [00:00<00:00, 5096.36it/s, Materializing param=audio_spectrogram_transformer.encoder.layer.9.attention.attention.key.weight]
Loading weights:  75%|███████▍  | 152/203 [00:00<00:00, 5122.32it/s, Materializing param=audio_spectrogram_transformer.encoder.layer.9.attention.attention.query.bias]
Loading weights:  75%|███████▍  | 152/203 [00:00<00:00, 5118.70it/s, Materializing param=audio_spectrogram_transformer.encoder.layer.9.attention.attention.query.bias]
Loading weights:  75%|███████▌  | 153/203 [00:00<00:00, 5141.48it/s, Materializing param=audio_spectrogram_transformer.encoder.layer.9.attention.attention.query.weight]
Loading weights:  75%|███████▌  | 153/203 [00:00<00:00, 5137.86it/s, Materializing param=audio_spectrogram_transformer.encoder.layer.9.attention.attention.query.weight]
Loading weights:  76%|███████▌  | 154/203 [00:00<00:00, 5056.62it/s, Materializing param=audio_spectrogram_transformer.encoder.layer.9.attention.attention.value.bias]  
Loading weights:  76%|███████▌  | 154/203 [00:00<00:00, 5052.11it/s, Materializing param=audio_spectrogram_transformer.encoder.layer.9.attention.attention.value.bias]
Loading weights:  76%|███████▋  | 155/203 [00:00<00:00, 5076.26it/s, Materializing param=audio_spectrogram_transformer.encoder.layer.9.attention.attention.value.weight]
Loading weights:  76%|███████▋  | 155/203 [00:00<00:00, 5072.34it/s, Materializing param=audio_spectrogram_transformer.encoder.layer.9.attention.attention.value.weight]
Loading weights:  77%|███████▋  | 156/203 [00:00<00:00, 5096.84it/s, Materializing param=audio_spectrogram_transformer.encoder.layer.9.attention.output.dense.bias]     
Loading weights:  77%|███████▋  | 156/203 [00:00<00:00, 5093.34it/s, Materializing param=audio_spectrogram_transformer.encoder.layer.9.attention.output.dense.bias]
Loading weights:  77%|███████▋  | 157/203 [00:00<00:00, 5036.37it/s, Materializing param=audio_spectrogram_transformer.encoder.layer.9.attention.output.dense.weight]
Loading weights:  77%|███████▋  | 157/203 [00:00<00:00, 5032.99it/s, Materializing param=audio_spectrogram_transformer.encoder.layer.9.attention.output.dense.weight]
Loading weights:  78%|███████▊  | 158/203 [00:00<00:00, 5057.93it/s, Materializing param=audio_spectrogram_transformer.encoder.layer.9.intermediate.dense.bias]      
Loading weights:  78%|███████▊  | 158/203 [00:00<00:00, 5054.53it/s, Materializing param=audio_spectrogram_transformer.encoder.layer.9.intermediate.dense.bias]
Loading weights:  78%|███████▊  | 159/203 [00:00<00:00, 5079.86it/s, Materializing param=audio_spectrogram_transformer.encoder.layer.9.intermediate.dense.weight]
Loading weights:  78%|███████▊  | 159/203 [00:00<00:00, 5076.61it/s, Materializing param=audio_spectrogram_transformer.encoder.layer.9.intermediate.dense.weight]
Loading weights:  79%|███████▉  | 160/203 [00:00<00:00, 5100.85it/s, Materializing param=audio_spectrogram_transformer.encoder.layer.9.layernorm_after.bias]     
Loading weights:  79%|███████▉  | 160/203 [00:00<00:00, 5097.64it/s, Materializing param=audio_spectrogram_transformer.encoder.layer.9.layernorm_after.bias]
Loading weights:  79%|███████▉  | 161/203 [00:00<00:00, 5122.18it/s, Materializing param=audio_spectrogram_transformer.encoder.layer.9.layernorm_after.weight]
Loading weights:  79%|███████▉  | 161/203 [00:00<00:00, 5118.88it/s, Materializing param=audio_spectrogram_transformer.encoder.layer.9.layernorm_after.weight]
Loading weights:  80%|███████▉  | 162/203 [00:00<00:00, 5144.32it/s, Materializing param=audio_spectrogram_transformer.encoder.layer.9.layernorm_before.bias] 
Loading weights:  80%|███████▉  | 162/203 [00:00<00:00, 5141.05it/s, Materializing param=audio_spectrogram_transformer.encoder.layer.9.layernorm_before.bias]
Loading weights:  80%|████████  | 163/203 [00:00<00:00, 5095.68it/s, Materializing param=audio_spectrogram_transformer.encoder.layer.9.layernorm_before.weight]
Loading weights:  80%|████████  | 163/203 [00:00<00:00, 5092.34it/s, Materializing param=audio_spectrogram_transformer.encoder.layer.9.layernorm_before.weight]
Loading weights:  81%|████████  | 164/203 [00:00<00:00, 5117.14it/s, Materializing param=audio_spectrogram_transformer.encoder.layer.9.output.dense.bias]      
Loading weights:  81%|████████  | 164/203 [00:00<00:00, 5113.79it/s, Materializing param=audio_spectrogram_transformer.encoder.layer.9.output.dense.bias]
Loading weights:  81%|████████▏ | 165/203 [00:00<00:00, 5138.55it/s, Materializing param=audio_spectrogram_transformer.encoder.layer.9.output.dense.weight]
Loading weights:  81%|████████▏ | 165/203 [00:00<00:00, 5135.54it/s, Materializing param=audio_spectrogram_transformer.encoder.layer.9.output.dense.weight]
Loading weights:  82%|████████▏ | 166/203 [00:00<00:00, 5062.53it/s, Materializing param=audio_spectrogram_transformer.encoder.layer.10.attention.attention.key.bias]
Loading weights:  82%|████████▏ | 166/203 [00:00<00:00, 5057.89it/s, Materializing param=audio_spectrogram_transformer.encoder.layer.10.attention.attention.key.bias]
Loading weights:  82%|████████▏ | 167/203 [00:00<00:00, 5029.36it/s, Materializing param=audio_spectrogram_transformer.encoder.layer.10.attention.attention.key.weight]
Loading weights:  82%|████████▏ | 167/203 [00:00<00:00, 5025.43it/s, Materializing param=audio_spectrogram_transformer.encoder.layer.10.attention.attention.key.weight]
Loading weights:  83%|████████▎ | 168/203 [00:00<00:00, 5046.39it/s, Materializing param=audio_spectrogram_transformer.encoder.layer.10.attention.attention.query.bias]
Loading weights:  83%|████████▎ | 168/203 [00:00<00:00, 5042.75it/s, Materializing param=audio_spectrogram_transformer.encoder.layer.10.attention.attention.query.bias]
Loading weights:  83%|████████▎ | 169/203 [00:00<00:00, 5065.62it/s, Materializing param=audio_spectrogram_transformer.encoder.layer.10.attention.attention.query.weight]
Loading weights:  83%|████████▎ | 169/203 [00:00<00:00, 5062.33it/s, Materializing param=audio_spectrogram_transformer.encoder.layer.10.attention.attention.query.weight]
Loading weights:  84%|████████▎ | 170/203 [00:00<00:00, 5082.63it/s, Materializing param=audio_spectrogram_transformer.encoder.layer.10.attention.attention.value.bias]  
Loading weights:  84%|████████▎ | 170/203 [00:00<00:00, 5079.01it/s, Materializing param=audio_spectrogram_transformer.encoder.layer.10.attention.attention.value.bias]
Loading weights:  84%|████████▍ | 171/203 [00:00<00:00, 5101.40it/s, Materializing param=audio_spectrogram_transformer.encoder.layer.10.attention.attention.value.weight]
Loading weights:  84%|████████▍ | 171/203 [00:00<00:00, 5098.21it/s, Materializing param=audio_spectrogram_transformer.encoder.layer.10.attention.attention.value.weight]
Loading weights:  85%|████████▍ | 172/203 [00:00<00:00, 5074.78it/s, Materializing param=audio_spectrogram_transformer.encoder.layer.10.attention.output.dense.bias]     
Loading weights:  85%|████████▍ | 172/203 [00:00<00:00, 5071.21it/s, Materializing param=audio_spectrogram_transformer.encoder.layer.10.attention.output.dense.bias]
Loading weights:  85%|████████▌ | 173/203 [00:00<00:00, 5093.93it/s, Materializing param=audio_spectrogram_transformer.encoder.layer.10.attention.output.dense.weight]
Loading weights:  85%|████████▌ | 173/203 [00:00<00:00, 5090.64it/s, Materializing param=audio_spectrogram_transformer.encoder.layer.10.attention.output.dense.weight]
Loading weights:  86%|████████▌ | 174/203 [00:00<00:00, 4933.64it/s, Materializing param=audio_spectrogram_transformer.encoder.layer.10.intermediate.dense.bias]      
Loading weights:  86%|████████▌ | 174/203 [00:00<00:00, 4928.88it/s, Materializing param=audio_spectrogram_transformer.encoder.layer.10.intermediate.dense.bias]
Loading weights:  86%|████████▌ | 175/203 [00:00<00:00, 4950.22it/s, Materializing param=audio_spectrogram_transformer.encoder.layer.10.intermediate.dense.weight]
Loading weights:  86%|████████▌ | 175/203 [00:00<00:00, 4946.98it/s, Materializing param=audio_spectrogram_transformer.encoder.layer.10.intermediate.dense.weight]
Loading weights:  87%|████████▋ | 176/203 [00:00<00:00, 4968.79it/s, Materializing param=audio_spectrogram_transformer.encoder.layer.10.layernorm_after.bias]     
Loading weights:  87%|████████▋ | 176/203 [00:00<00:00, 4965.98it/s, Materializing param=audio_spectrogram_transformer.encoder.layer.10.layernorm_after.bias]
Loading weights:  87%|████████▋ | 177/203 [00:00<00:00, 4986.88it/s, Materializing param=audio_spectrogram_transformer.encoder.layer.10.layernorm_after.weight]
Loading weights:  87%|████████▋ | 177/203 [00:00<00:00, 4983.93it/s, Materializing param=audio_spectrogram_transformer.encoder.layer.10.layernorm_after.weight]
Loading weights:  88%|████████▊ | 178/203 [00:00<00:00, 5006.31it/s, Materializing param=audio_spectrogram_transformer.encoder.layer.10.layernorm_before.bias] 
Loading weights:  88%|████████▊ | 178/203 [00:00<00:00, 5003.09it/s, Materializing param=audio_spectrogram_transformer.encoder.layer.10.layernorm_before.bias]
Loading weights:  88%|████████▊ | 179/203 [00:00<00:00, 5025.24it/s, Materializing param=audio_spectrogram_transformer.encoder.layer.10.layernorm_before.weight]
Loading weights:  88%|████████▊ | 179/203 [00:00<00:00, 5022.28it/s, Materializing param=audio_spectrogram_transformer.encoder.layer.10.layernorm_before.weight]
Loading weights:  89%|████████▊ | 180/203 [00:00<00:00, 5044.84it/s, Materializing param=audio_spectrogram_transformer.encoder.layer.10.output.dense.bias]      
Loading weights:  89%|████████▊ | 180/203 [00:00<00:00, 5041.87it/s, Materializing param=audio_spectrogram_transformer.encoder.layer.10.output.dense.bias]
Loading weights:  89%|████████▉ | 181/203 [00:00<00:00, 5063.22it/s, Materializing param=audio_spectrogram_transformer.encoder.layer.10.output.dense.weight]
Loading weights:  89%|████████▉ | 181/203 [00:00<00:00, 5060.38it/s, Materializing param=audio_spectrogram_transformer.encoder.layer.10.output.dense.weight]
Loading weights:  90%|████████▉ | 182/203 [00:00<00:00, 5082.21it/s, Materializing param=audio_spectrogram_transformer.encoder.layer.11.attention.attention.key.bias]
Loading weights:  90%|████████▉ | 182/203 [00:00<00:00, 5079.24it/s, Materializing param=audio_spectrogram_transformer.encoder.layer.11.attention.attention.key.bias]
Loading weights:  90%|█████████ | 183/203 [00:00<00:00, 5100.36it/s, Materializing param=audio_spectrogram_transformer.encoder.layer.11.attention.attention.key.weight]
Loading weights:  90%|█████████ | 183/203 [00:00<00:00, 5097.21it/s, Materializing param=audio_spectrogram_transformer.encoder.layer.11.attention.attention.key.weight]
Loading weights:  91%|█████████ | 184/203 [00:00<00:00, 5116.36it/s, Materializing param=audio_spectrogram_transformer.encoder.layer.11.attention.attention.query.bias]
Loading weights:  91%|█████████ | 184/203 [00:00<00:00, 5113.51it/s, Materializing param=audio_spectrogram_transformer.encoder.layer.11.attention.attention.query.bias]
Loading weights:  91%|█████████ | 185/203 [00:00<00:00, 5028.13it/s, Materializing param=audio_spectrogram_transformer.encoder.layer.11.attention.attention.query.weight]
Loading weights:  91%|█████████ | 185/203 [00:00<00:00, 5023.31it/s, Materializing param=audio_spectrogram_transformer.encoder.layer.11.attention.attention.query.weight]
Loading weights:  92%|█████████▏| 186/203 [00:00<00:00, 5043.09it/s, Materializing param=audio_spectrogram_transformer.encoder.layer.11.attention.attention.value.bias]  
Loading weights:  92%|█████████▏| 186/203 [00:00<00:00, 5039.96it/s, Materializing param=audio_spectrogram_transformer.encoder.layer.11.attention.attention.value.bias]
Loading weights:  92%|█████████▏| 187/203 [00:00<00:00, 5060.19it/s, Materializing param=audio_spectrogram_transformer.encoder.layer.11.attention.attention.value.weight]
Loading weights:  92%|█████████▏| 187/203 [00:00<00:00, 5057.03it/s, Materializing param=audio_spectrogram_transformer.encoder.layer.11.attention.attention.value.weight]
Loading weights:  93%|█████████▎| 188/203 [00:00<00:00, 5030.91it/s, Materializing param=audio_spectrogram_transformer.encoder.layer.11.attention.output.dense.bias]     
Loading weights:  93%|█████████▎| 188/203 [00:00<00:00, 5027.15it/s, Materializing param=audio_spectrogram_transformer.encoder.layer.11.attention.output.dense.bias]
Loading weights:  93%|█████████▎| 189/203 [00:00<00:00, 5047.01it/s, Materializing param=audio_spectrogram_transformer.encoder.layer.11.attention.output.dense.weight]
Loading weights:  93%|█████████▎| 189/203 [00:00<00:00, 5043.76it/s, Materializing param=audio_spectrogram_transformer.encoder.layer.11.attention.output.dense.weight]
Loading weights:  94%|█████████▎| 190/203 [00:00<00:00, 5064.23it/s, Materializing param=audio_spectrogram_transformer.encoder.layer.11.intermediate.dense.bias]      
Loading weights:  94%|█████████▎| 190/203 [00:00<00:00, 5061.11it/s, Materializing param=audio_spectrogram_transformer.encoder.layer.11.intermediate.dense.bias]
Loading weights:  94%|█████████▍| 191/203 [00:00<00:00, 5081.55it/s, Materializing param=audio_spectrogram_transformer.encoder.layer.11.intermediate.dense.weight]
Loading weights:  94%|█████████▍| 191/203 [00:00<00:00, 5078.59it/s, Materializing param=audio_spectrogram_transformer.encoder.layer.11.intermediate.dense.weight]
Loading weights:  95%|█████████▍| 192/203 [00:00<00:00, 5099.20it/s, Materializing param=audio_spectrogram_transformer.encoder.layer.11.layernorm_after.bias]     
Loading weights:  95%|█████████▍| 192/203 [00:00<00:00, 5096.20it/s, Materializing param=audio_spectrogram_transformer.encoder.layer.11.layernorm_after.bias]
Loading weights:  95%|█████████▌| 193/203 [00:00<00:00, 5117.20it/s, Materializing param=audio_spectrogram_transformer.encoder.layer.11.layernorm_after.weight]
Loading weights:  95%|█████████▌| 193/203 [00:00<00:00, 5114.20it/s, Materializing param=audio_spectrogram_transformer.encoder.layer.11.layernorm_after.weight]
Loading weights:  96%|█████████▌| 194/203 [00:00<00:00, 5134.99it/s, Materializing param=audio_spectrogram_transformer.encoder.layer.11.layernorm_before.bias] 
Loading weights:  96%|█████████▌| 194/203 [00:00<00:00, 5132.14it/s, Materializing param=audio_spectrogram_transformer.encoder.layer.11.layernorm_before.bias]
Loading weights:  96%|█████████▌| 195/203 [00:00<00:00, 5152.87it/s, Materializing param=audio_spectrogram_transformer.encoder.layer.11.layernorm_before.weight]
Loading weights:  96%|█████████▌| 195/203 [00:00<00:00, 5150.01it/s, Materializing param=audio_spectrogram_transformer.encoder.layer.11.layernorm_before.weight]
Loading weights:  97%|█████████▋| 196/203 [00:00<00:00, 5160.86it/s, Materializing param=audio_spectrogram_transformer.encoder.layer.11.output.dense.bias]      
Loading weights:  97%|█████████▋| 196/203 [00:00<00:00, 5157.36it/s, Materializing param=audio_spectrogram_transformer.encoder.layer.11.output.dense.bias]
Loading weights:  97%|█████████▋| 197/203 [00:00<00:00, 5128.72it/s, Materializing param=audio_spectrogram_transformer.encoder.layer.11.output.dense.weight]
Loading weights:  97%|█████████▋| 197/203 [00:00<00:00, 5125.13it/s, Materializing param=audio_spectrogram_transformer.encoder.layer.11.output.dense.weight]
Loading weights:  98%|█████████▊| 198/203 [00:00<00:00, 5144.73it/s, Materializing param=audio_spectrogram_transformer.layernorm.bias]                      
Loading weights:  98%|█████████▊| 198/203 [00:00<00:00, 5140.97it/s, Materializing param=audio_spectrogram_transformer.layernorm.bias]
Loading weights:  98%|█████████▊| 199/203 [00:00<00:00, 5159.72it/s, Materializing param=audio_spectrogram_transformer.layernorm.weight]
Loading weights:  98%|█████████▊| 199/203 [00:00<00:00, 5155.32it/s, Materializing param=audio_spectrogram_transformer.layernorm.weight]
Loading weights:  99%|█████████▊| 200/203 [00:00<00:00, 5175.95it/s, Materializing param=classifier.dense.bias]                         
Loading weights:  99%|█████████▊| 200/203 [00:00<00:00, 5172.79it/s, Materializing param=classifier.dense.bias]
Loading weights:  99%|█████████▉| 201/203 [00:00<00:00, 5193.94it/s, Materializing param=classifier.dense.weight]
Loading weights:  99%|█████████▉| 201/203 [00:00<00:00, 5191.26it/s, Materializing param=classifier.dense.weight]
Loading weights: 100%|█████████▉| 202/203 [00:00<00:00, 5213.14it/s, Materializing param=classifier.layernorm.bias]
Loading weights: 100%|█████████▉| 202/203 [00:00<00:00, 5210.73it/s, Materializing param=classifier.layernorm.bias]
Loading weights: 100%|██████████| 203/203 [00:00<00:00, 5232.22it/s, Materializing param=classifier.layernorm.weight]
Loading weights: 100%|██████████| 203/203 [00:00<00:00, 5229.81it/s, Materializing param=classifier.layernorm.weight]
Loading weights: 100%|██████████| 203/203 [00:00<00:00, 5220.51it/s, Materializing param=classifier.layernorm.weight]
ASTForAudioClassification LOAD REPORT from: MIT/ast-finetuned-audioset-10-10-0.4593
Key                     | Status   |                                                                                        
------------------------+----------+----------------------------------------------------------------------------------------
classifier.dense.bias   | MISMATCH | Reinit due to size mismatch ckpt: torch.Size([527]) vs model:torch.Size([40])          
classifier.dense.weight | MISMATCH | Reinit due to size mismatch ckpt: torch.Size([527, 768]) vs model:torch.Size([40, 768])

Notes:
- MISMATCH	:ckpt weights were loaded, but they did not match the original empty weight shapes.
/Users/zakkeown/.pyenv/versions/3.11.14/lib/python3.11/site-packages/torchaudio/functional/functional.py:581: UserWarning: At least one mel filterbank has all zero values. The value for `n_mels` (128) may be set too high. Or, the value for `n_freqs` (201) may be set too low.
  warnings.warn(
Using 16bit Automatic Mixed Precision (AMP)
GPU available: True (mps), used: True
TPU available: False, using: 0 TPU cores
💡 Tip: For seamless cloud logging and experiment tracking, try installing [litlogger](https://pypi.org/project/litlogger/) to enable LitLogger, which logs metrics and artifacts automatically to the Lightning Experiments platform.
wandb: WARNING The anonymous setting has no effect and will be removed in a future version.
wandb: WARNING `resume` will be ignored since W&B syncing is set to `offline`. Starting a new run with run id kuma32n1.
wandb: Tracking run with wandb version 0.24.1
wandb: W&B syncing is set to `offline` in this directory. Run `wandb online` or set WANDB_MODE=online to enable cloud syncing.
wandb: Run data is saved locally in wandb/offline-run-20260201_103141-kuma32n1
/Users/zakkeown/.pyenv/versions/3.11.14/lib/python3.11/site-packages/pytorch_lightning/utilities/model_summary/model_summary.py:242: Precision 16-mixed is not supported by the model summary.  Estimated model size in MB will not be accurate. Using 32 bits instead.

  | Name              | Type                          | Params | Mode  | FLOPs
------------------------------------------------------------------------------------
0 | model             | PeftModelForFeatureExtraction | 86.7 M | train | 0    
1 | train_acc         | MulticlassAccuracy            | 0      | train | 0    
2 | val_acc           | MulticlassAccuracy            | 0      | train | 0    
3 | test_acc          | MulticlassAccuracy            | 0      | train | 0    
4 | val_f1            | MulticlassF1Score             | 0      | train | 0    
5 | val_f1_per_class  | MulticlassF1Score             | 0      | train | 0    
6 | val_confusion     | MulticlassConfusionMatrix     | 0      | train | 0    
7 | test_f1           | MulticlassF1Score             | 0      | train | 0    
8 | test_f1_per_class | MulticlassF1Score             | 0      | train | 0    
9 | test_confusion    | MulticlassConfusionMatrix     | 0      | train | 0    
------------------------------------------------------------------------------------
442 K     Trainable params
86.2 M    Non-trainable params
86.7 M    Total params
346.648   Total estimated model params size (MB)
372       Modules in train mode
216       Modules in eval mode
0         Total Flops
LORA applied: 86,219,560 -> 442,368 trainable params
Trainable params reduced to 0.51%

Sanity Checking: |          | 0/? [00:00<?, ?it/s]/Users/zakkeown/.pyenv/versions/3.11.14/lib/python3.11/site-packages/pytorch_lightning/utilities/_pytree.py:21: `isinstance(treespec, LeafSpec)` is deprecated, use `isinstance(treespec, TreeSpec) and treespec.is_leaf()` instead.
/Users/zakkeown/.pyenv/versions/3.11.14/lib/python3.11/site-packages/pytorch_lightning/trainer/connectors/data_connector.py:429: Consider setting `persistent_workers=True` in 'val_dataloader' to speed up the dataloader worker initialization.

Sanity Checking: |          | 0/? [00:00<?, ?it/s]
Sanity Checking DataLoader 0:   0%|          | 0/1 [00:00<?, ?it/s]
Sanity Checking DataLoader 0: 100%|██████████| 1/1 [00:00<00:00,  1.28it/s]
                                                                           /Users/zakkeown/.pyenv/versions/3.11.14/lib/python3.11/site-packages/pytorch_lightning/utilities/_pytree.py:21: `isinstance(treespec, LeafSpec)` is deprecated, use `isinstance(treespec, TreeSpec) and treespec.is_leaf()` instead.
/Users/zakkeown/.pyenv/versions/3.11.14/lib/python3.11/site-packages/pytorch_lightning/trainer/connectors/data_connector.py:429: Consider setting `persistent_workers=True` in 'train_dataloader' to speed up the dataloader worker initialization.

/Users/zakkeown/.pyenv/versions/3.11.14/lib/python3.11/site-packages/pytorch_lightning/loops/fit_loop.py:317: The number of training batches (3) is smaller than the logging interval Trainer(log_every_n_steps=50). Set a lower value for log_every_n_steps if you want to see logs for the training epoch.
/Users/zakkeown/.pyenv/versions/3.11.14/lib/python3.11/site-packages/pytorch_lightning/loops/fit_loop.py:534: Found 216 module(s) in eval mode at the start of training. This may lead to unexpected behavior during training. If this is intentional, you can ignore this warning.

Training: |          | 0/? [00:00<?, ?it/s]
Training: |          | 0/? [00:00<?, ?it/s]
Epoch 0:   0%|          | 0/3 [00:00<?, ?it/s]
Epoch 0:  33%|███▎      | 1/3 [00:48<01:36,  0.02it/s]
Epoch 0:  33%|███▎      | 1/3 [00:48<01:36,  0.02it/s, v_num=32n1, train/loss=154.0]
Epoch 0:  67%|██████▋   | 2/3 [01:29<00:44,  0.02it/s, v_num=32n1, train/loss=154.0]
Epoch 0:  67%|██████▋   | 2/3 [01:29<00:44,  0.02it/s, v_num=32n1, train/loss=154.0]
Epoch 0: 100%|██████████| 3/3 [01:32<00:00,  0.03it/s, v_num=32n1, train/loss=154.0]
Epoch 0: 100%|██████████| 3/3 [01:32<00:00,  0.03it/s, v_num=32n1, train/loss=154.0]

Validation: |          | 0/? [00:00<?, ?it/s][A

Validation: |          | 0/? [00:00<?, ?it/s][A

Validation DataLoader 0:   0%|          | 0/1 [00:00<?, ?it/s][A

Validation DataLoader 0: 100%|██████████| 1/1 [00:01<00:00,  0.57it/s][A

                                                                      [A
Epoch 0: 100%|██████████| 3/3 [01:40<00:00,  0.03it/s, v_num=32n1, train/loss=154.0, val/loss=3.260]
Epoch 0: 100%|██████████| 3/3 [01:40<00:00,  0.03it/s, v_num=32n1, train/loss=154.0, val/loss=3.260]
Epoch 0:   0%|          | 0/3 [00:00<?, ?it/s, v_num=32n1, train/loss=154.0, val/loss=3.260]        
Epoch 1:   0%|          | 0/3 [00:00<?, ?it/s, v_num=32n1, train/loss=154.0, val/loss=3.260]
Epoch 1:  33%|███▎      | 1/3 [01:07<02:15,  0.01it/s, v_num=32n1, train/loss=154.0, val/loss=3.260]
Epoch 1:  33%|███▎      | 1/3 [01:07<02:15,  0.01it/s, v_num=32n1, train/loss=154.0, val/loss=3.260]
Epoch 1:  67%|██████▋   | 2/3 [02:06<01:03,  0.02it/s, v_num=32n1, train/loss=154.0, val/loss=3.260]
Epoch 1:  67%|██████▋   | 2/3 [02:06<01:03,  0.02it/s, v_num=32n1, train/loss=154.0, val/loss=3.260]
Epoch 1: 100%|██████████| 3/3 [02:36<00:00,  0.02it/s, v_num=32n1, train/loss=154.0, val/loss=3.260]
Epoch 1: 100%|██████████| 3/3 [02:36<00:00,  0.02it/s, v_num=32n1, train/loss=154.0, val/loss=3.260]

Validation: |          | 0/? [00:00<?, ?it/s][A

Validation: |          | 0/? [00:00<?, ?it/s][A

Validation DataLoader 0:   0%|          | 0/1 [00:00<?, ?it/s][A

Validation DataLoader 0: 100%|██████████| 1/1 [00:01<00:00,  0.50it/s][A

                                                                      [A
Epoch 1: 100%|██████████| 3/3 [02:43<00:00,  0.02it/s, v_num=32n1, train/loss=154.0, val/loss=3.260]
Epoch 1: 100%|██████████| 3/3 [02:43<00:00,  0.02it/s, v_num=32n1, train/loss=154.0, val/loss=3.260]
Epoch 1:   0%|          | 0/3 [00:00<?, ?it/s, v_num=32n1, train/loss=154.0, val/loss=3.260]        
Epoch 2:   0%|          | 0/3 [00:00<?, ?it/s, v_num=32n1, train/loss=154.0, val/loss=3.260]
Epoch 2:  33%|███▎      | 1/3 [01:17<02:34,  0.01it/s, v_num=32n1, train/loss=154.0, val/loss=3.260]
Epoch 2:  33%|███▎      | 1/3 [01:17<02:35,  0.01it/s, v_num=32n1, train/loss=154.0, val/loss=3.260]
Epoch 2:  67%|██████▋   | 2/3 [02:01<01:00,  0.02it/s, v_num=32n1, train/loss=154.0, val/loss=3.260]
Epoch 2:  67%|██████▋   | 2/3 [02:01<01:00,  0.02it/s, v_num=32n1, train/loss=154.0, val/loss=3.260]
Epoch 2: 100%|██████████| 3/3 [02:30<00:00,  0.02it/s, v_num=32n1, train/loss=154.0, val/loss=3.260]
Epoch 2: 100%|██████████| 3/3 [02:30<00:00,  0.02it/s, v_num=32n1, train/loss=154.0, val/loss=3.260]

Validation: |          | 0/? [00:00<?, ?it/s][A

Validation: |          | 0/? [00:00<?, ?it/s][A

Validation DataLoader 0:   0%|          | 0/1 [00:00<?, ?it/s][A

Validation DataLoader 0: 100%|██████████| 1/1 [00:01<00:00,  0.52it/s][A

                                                                      [A
Epoch 2: 100%|██████████| 3/3 [02:39<00:00,  0.02it/s, v_num=32n1, train/loss=154.0, val/loss=3.260]
Epoch 2: 100%|██████████| 3/3 [02:39<00:00,  0.02it/s, v_num=32n1, train/loss=154.0, val/loss=3.260]
Epoch 2:   0%|          | 0/3 [00:00<?, ?it/s, v_num=32n1, train/loss=154.0, val/loss=3.260]        
Epoch 3:   0%|          | 0/3 [00:00<?, ?it/s, v_num=32n1, train/loss=154.0, val/loss=3.260]
Epoch 3:  33%|███▎      | 1/3 [01:29<02:59,  0.01it/s, v_num=32n1, train/loss=154.0, val/loss=3.260]
Epoch 3:  33%|███▎      | 1/3 [01:29<02:59,  0.01it/s, v_num=32n1, train/loss=154.0, val/loss=3.260]
Epoch 3:  67%|██████▋   | 2/3 [02:37<01:18,  0.01it/s, v_num=32n1, train/loss=154.0, val/loss=3.260]
Epoch 3:  67%|██████▋   | 2/3 [02:37<01:18,  0.01it/s, v_num=32n1, train/loss=154.0, val/loss=3.260]
Epoch 3: 100%|██████████| 3/3 [03:07<00:00,  0.02it/s, v_num=32n1, train/loss=154.0, val/loss=3.260]
Epoch 3: 100%|██████████| 3/3 [03:07<00:00,  0.02it/s, v_num=32n1, train/loss=154.0, val/loss=3.260]

Validation: |          | 0/? [00:00<?, ?it/s][A

Validation: |          | 0/? [00:00<?, ?it/s][A

Validation DataLoader 0:   0%|          | 0/1 [00:00<?, ?it/s][A

Validation DataLoader 0: 100%|██████████| 1/1 [00:01<00:00,  0.54it/s][A

                                                                      [A
Epoch 3: 100%|██████████| 3/3 [03:19<00:00,  0.02it/s, v_num=32n1, train/loss=154.0, val/loss=3.260]
Epoch 3: 100%|██████████| 3/3 [03:19<00:00,  0.02it/s, v_num=32n1, train/loss=154.0, val/loss=3.260]
Epoch 3:   0%|          | 0/3 [00:00<?, ?it/s, v_num=32n1, train/loss=154.0, val/loss=3.260]        
Epoch 4:   0%|          | 0/3 [00:00<?, ?it/s, v_num=32n1, train/loss=154.0, val/loss=3.260]
Epoch 4:  33%|███▎      | 1/3 [01:56<03:52,  0.01it/s, v_num=32n1, train/loss=154.0, val/loss=3.260]
Epoch 4:  33%|███▎      | 1/3 [01:56<03:52,  0.01it/s, v_num=32n1, train/loss=154.0, val/loss=3.260]
Epoch 4:  67%|██████▋   | 2/3 [02:52<01:26,  0.01it/s, v_num=32n1, train/loss=154.0, val/loss=3.260]
Epoch 4:  67%|██████▋   | 2/3 [02:52<01:26,  0.01it/s, v_num=32n1, train/loss=154.0, val/loss=3.260]
Epoch 4: 100%|██████████| 3/3 [03:24<00:00,  0.01it/s, v_num=32n1, train/loss=154.0, val/loss=3.260]
Epoch 4: 100%|██████████| 3/3 [03:24<00:00,  0.01it/s, v_num=32n1, train/loss=153.0, val/loss=3.260]

Validation: |          | 0/? [00:00<?, ?it/s][A

Validation: |          | 0/? [00:00<?, ?it/s][A

Validation DataLoader 0:   0%|          | 0/1 [00:00<?, ?it/s][A

Validation DataLoader 0: 100%|██████████| 1/1 [00:01<00:00,  0.51it/s][A

                                                                      [A
Epoch 4: 100%|██████████| 3/3 [03:37<00:00,  0.01it/s, v_num=32n1, train/loss=153.0, val/loss=3.260]
Epoch 4: 100%|██████████| 3/3 [03:37<00:00,  0.01it/s, v_num=32n1, train/loss=153.0, val/loss=3.260]`Trainer.fit` stopped: `max_epochs=5` reached.

Epoch 4: 100%|██████████| 3/3 [03:37<00:00,  0.01it/s, v_num=32n1, train/loss=153.0, val/loss=3.260]/Users/zakkeown/.pyenv/versions/3.11.14/lib/python3.11/site-packages/pytorch_lightning/utilities/_pytree.py:21: `isinstance(treespec, LeafSpec)` is deprecated, use `isinstance(treespec, TreeSpec) and treespec.is_leaf()` instead.
/Users/zakkeown/.pyenv/versions/3.11.14/lib/python3.11/site-packages/pytorch_lightning/trainer/connectors/data_connector.py:429: Consider setting `persistent_workers=True` in 'test_dataloader' to speed up the dataloader worker initialization.


Testing: |          | 0/? [00:00<?, ?it/s]
Testing: |          | 0/? [00:00<?, ?it/s]
Testing DataLoader 0:   0%|          | 0/1 [00:00<?, ?it/s]
Testing DataLoader 0: 100%|██████████| 1/1 [00:00<00:00,  1.44it/s]
Testing DataLoader 0: 100%|██████████| 1/1 [00:00<00:00,  1.03it/s]
────────────────────────────────────────────────────────────────────────────────────────────────────────────────────────
             Test metric                         DataLoader 0
────────────────────────────────────────────────────────────────────────────────────────────────────────────────────────
              test/acc                                0.0
    test/f1_best/ten-stroke-roll                      0.0
  test/f1_best/thirteen-stroke-roll                   0.0
   test/f1_best/triple-paradiddle                     0.0
    test/f1_best/triple-ratamacue                     0.0
   test/f1_best/triple-stroke-roll                    0.0
            test/f1_macro                             0.0
    test/f1_worst/double-drag-tap                     0.0
   test/f1_worst/double-paradiddle                    0.0
   test/f1_worst/double-ratamacue                     0.0
test/f1_worst/double-stroke-open-roll                 0.0
         test/f1_worst/drag                           0.0
              test/loss                       3.2357420921325684
────────────────────────────────────────────────────────────────────────────────────────────────────────────────────────
[1;34mwandb[0m: 
[1;34mwandb[0m: You can sync this run to the cloud by running:
[1;34mwandb[0m: [1mwandb sync wandb/offline-run-20260201_103141-kuma32n1[0m
