Seed set to 42
[2026-02-01 11:34:32,079][httpx][INFO] - HTTP Request: HEAD https://huggingface.co/MIT/ast-finetuned-audioset-10-10-0.4593/resolve/main/config.json "HTTP/1.1 307 Temporary Redirect"
[2026-02-01 11:34:32,112][httpx][INFO] - HTTP Request: HEAD https://huggingface.co/api/resolve-cache/models/MIT/ast-finetuned-audioset-10-10-0.4593/f826b80d28226b62986cc218e5cec390b1096902/config.json "HTTP/1.1 200 OK"
[2026-02-01 11:34:32,185][httpx][INFO] - HTTP Request: HEAD https://huggingface.co/MIT/ast-finetuned-audioset-10-10-0.4593/resolve/main/config.json "HTTP/1.1 307 Temporary Redirect"
[2026-02-01 11:34:32,215][httpx][INFO] - HTTP Request: HEAD https://huggingface.co/api/resolve-cache/models/MIT/ast-finetuned-audioset-10-10-0.4593/f826b80d28226b62986cc218e5cec390b1096902/config.json "HTTP/1.1 200 OK"
[2026-02-01 11:34:32,297][httpx][INFO] - HTTP Request: HEAD https://huggingface.co/MIT/ast-finetuned-audioset-10-10-0.4593/resolve/main/model.safetensors "HTTP/1.1 302 Found"

Loading weights:   0%|          | 0/203 [00:00<?, ?it/s]
Loading weights:   0%|          | 1/203 [00:00<00:00, 5468.45it/s, Materializing param=audio_spectrogram_transformer.embeddings.cls_token]
Loading weights:   0%|          | 1/203 [00:00<00:00, 4405.78it/s, Materializing param=audio_spectrogram_transformer.embeddings.cls_token]
Loading weights:   1%|          | 2/203 [00:00<00:00, 2235.17it/s, Materializing param=audio_spectrogram_transformer.embeddings.distillation_token]
Loading weights:   1%|          | 2/203 [00:00<00:00, 2125.31it/s, Materializing param=audio_spectrogram_transformer.embeddings.distillation_token]
Loading weights:   1%|▏         | 3/203 [00:00<00:00, 2102.41it/s, Materializing param=audio_spectrogram_transformer.embeddings.patch_embeddings.projection.bias]
Loading weights:   1%|▏         | 3/203 [00:00<00:00, 1958.43it/s, Materializing param=audio_spectrogram_transformer.embeddings.patch_embeddings.projection.bias]
Loading weights:   2%|▏         | 4/203 [00:00<00:00, 2017.22it/s, Materializing param=audio_spectrogram_transformer.embeddings.patch_embeddings.projection.weight]
Loading weights:   2%|▏         | 4/203 [00:00<00:00, 1964.78it/s, Materializing param=audio_spectrogram_transformer.embeddings.patch_embeddings.projection.weight]
Loading weights:   2%|▏         | 5/203 [00:00<00:00, 2372.08it/s, Materializing param=audio_spectrogram_transformer.embeddings.position_embeddings]               
Loading weights:   2%|▏         | 5/203 [00:00<00:00, 2328.88it/s, Materializing param=audio_spectrogram_transformer.embeddings.position_embeddings]
Loading weights:   3%|▎         | 6/203 [00:00<00:00, 2713.88it/s, Materializing param=audio_spectrogram_transformer.encoder.layer.0.attention.attention.key.bias]
Loading weights:   3%|▎         | 6/203 [00:00<00:00, 2685.79it/s, Materializing param=audio_spectrogram_transformer.encoder.layer.0.attention.attention.key.bias]
Loading weights:   3%|▎         | 7/203 [00:00<00:00, 3048.82it/s, Materializing param=audio_spectrogram_transformer.encoder.layer.0.attention.attention.key.weight]
Loading weights:   3%|▎         | 7/203 [00:00<00:00, 3018.42it/s, Materializing param=audio_spectrogram_transformer.encoder.layer.0.attention.attention.key.weight]
Loading weights:   4%|▍         | 8/203 [00:00<00:00, 3375.70it/s, Materializing param=audio_spectrogram_transformer.encoder.layer.0.attention.attention.query.bias]
Loading weights:   4%|▍         | 8/203 [00:00<00:00, 3346.07it/s, Materializing param=audio_spectrogram_transformer.encoder.layer.0.attention.attention.query.bias]
Loading weights:   4%|▍         | 9/203 [00:00<00:00, 3681.01it/s, Materializing param=audio_spectrogram_transformer.encoder.layer.0.attention.attention.query.weight]
Loading weights:   4%|▍         | 9/203 [00:00<00:00, 3648.28it/s, Materializing param=audio_spectrogram_transformer.encoder.layer.0.attention.attention.query.weight]
Loading weights:   5%|▍         | 10/203 [00:00<00:00, 3968.50it/s, Materializing param=audio_spectrogram_transformer.encoder.layer.0.attention.attention.value.bias] 
Loading weights:   5%|▍         | 10/203 [00:00<00:00, 3933.88it/s, Materializing param=audio_spectrogram_transformer.encoder.layer.0.attention.attention.value.bias]
Loading weights:   5%|▌         | 11/203 [00:00<00:00, 4201.56it/s, Materializing param=audio_spectrogram_transformer.encoder.layer.0.attention.attention.value.weight]
Loading weights:   5%|▌         | 11/203 [00:00<00:00, 4166.65it/s, Materializing param=audio_spectrogram_transformer.encoder.layer.0.attention.attention.value.weight]
Loading weights:   6%|▌         | 12/203 [00:00<00:00, 4461.23it/s, Materializing param=audio_spectrogram_transformer.encoder.layer.0.attention.output.dense.bias]     
Loading weights:   6%|▌         | 12/203 [00:00<00:00, 4424.76it/s, Materializing param=audio_spectrogram_transformer.encoder.layer.0.attention.output.dense.bias]
Loading weights:   6%|▋         | 13/203 [00:00<00:00, 4690.00it/s, Materializing param=audio_spectrogram_transformer.encoder.layer.0.attention.output.dense.weight]
Loading weights:   6%|▋         | 13/203 [00:00<00:00, 4654.77it/s, Materializing param=audio_spectrogram_transformer.encoder.layer.0.attention.output.dense.weight]
Loading weights:   7%|▋         | 14/203 [00:00<00:00, 4888.06it/s, Materializing param=audio_spectrogram_transformer.encoder.layer.0.intermediate.dense.bias]      
Loading weights:   7%|▋         | 14/203 [00:00<00:00, 4852.51it/s, Materializing param=audio_spectrogram_transformer.encoder.layer.0.intermediate.dense.bias]
Loading weights:   7%|▋         | 15/203 [00:00<00:00, 5105.46it/s, Materializing param=audio_spectrogram_transformer.encoder.layer.0.intermediate.dense.weight]
Loading weights:   7%|▋         | 15/203 [00:00<00:00, 5069.26it/s, Materializing param=audio_spectrogram_transformer.encoder.layer.0.intermediate.dense.weight]
Loading weights:   8%|▊         | 16/203 [00:00<00:00, 5312.19it/s, Materializing param=audio_spectrogram_transformer.encoder.layer.0.layernorm_after.bias]     
Loading weights:   8%|▊         | 16/203 [00:00<00:00, 5277.10it/s, Materializing param=audio_spectrogram_transformer.encoder.layer.0.layernorm_after.bias]
Loading weights:   8%|▊         | 17/203 [00:00<00:00, 5510.72it/s, Materializing param=audio_spectrogram_transformer.encoder.layer.0.layernorm_after.weight]
Loading weights:   8%|▊         | 17/203 [00:00<00:00, 5473.49it/s, Materializing param=audio_spectrogram_transformer.encoder.layer.0.layernorm_after.weight]
Loading weights:   9%|▉         | 18/203 [00:00<00:00, 5697.92it/s, Materializing param=audio_spectrogram_transformer.encoder.layer.0.layernorm_before.bias] 
Loading weights:   9%|▉         | 18/203 [00:00<00:00, 5662.45it/s, Materializing param=audio_spectrogram_transformer.encoder.layer.0.layernorm_before.bias]
Loading weights:   9%|▉         | 19/203 [00:00<00:00, 5878.71it/s, Materializing param=audio_spectrogram_transformer.encoder.layer.0.layernorm_before.weight]
Loading weights:   9%|▉         | 19/203 [00:00<00:00, 5842.93it/s, Materializing param=audio_spectrogram_transformer.encoder.layer.0.layernorm_before.weight]
Loading weights:  10%|▉         | 20/203 [00:00<00:00, 6051.51it/s, Materializing param=audio_spectrogram_transformer.encoder.layer.0.output.dense.bias]      
Loading weights:  10%|▉         | 20/203 [00:00<00:00, 6015.50it/s, Materializing param=audio_spectrogram_transformer.encoder.layer.0.output.dense.bias]
Loading weights:  10%|█         | 21/203 [00:00<00:00, 6218.61it/s, Materializing param=audio_spectrogram_transformer.encoder.layer.0.output.dense.weight]
Loading weights:  10%|█         | 21/203 [00:00<00:00, 6181.95it/s, Materializing param=audio_spectrogram_transformer.encoder.layer.0.output.dense.weight]
Loading weights:  11%|█         | 22/203 [00:00<00:00, 6390.21it/s, Materializing param=audio_spectrogram_transformer.encoder.layer.1.attention.attention.key.bias]
Loading weights:  11%|█         | 22/203 [00:00<00:00, 6351.51it/s, Materializing param=audio_spectrogram_transformer.encoder.layer.1.attention.attention.key.bias]
Loading weights:  11%|█▏        | 23/203 [00:00<00:00, 6546.93it/s, Materializing param=audio_spectrogram_transformer.encoder.layer.1.attention.attention.key.weight]
Loading weights:  11%|█▏        | 23/203 [00:00<00:00, 6506.31it/s, Materializing param=audio_spectrogram_transformer.encoder.layer.1.attention.attention.key.weight]
Loading weights:  12%|█▏        | 24/203 [00:00<00:00, 5281.94it/s, Materializing param=audio_spectrogram_transformer.encoder.layer.1.attention.attention.query.bias]
Loading weights:  12%|█▏        | 24/203 [00:00<00:00, 5231.16it/s, Materializing param=audio_spectrogram_transformer.encoder.layer.1.attention.attention.query.bias]
Loading weights:  12%|█▏        | 25/203 [00:00<00:00, 5354.80it/s, Materializing param=audio_spectrogram_transformer.encoder.layer.1.attention.attention.query.weight]
Loading weights:  12%|█▏        | 25/203 [00:00<00:00, 5323.80it/s, Materializing param=audio_spectrogram_transformer.encoder.layer.1.attention.attention.query.weight]
Loading weights:  13%|█▎        | 26/203 [00:00<00:00, 5082.35it/s, Materializing param=audio_spectrogram_transformer.encoder.layer.1.attention.attention.value.bias]  
Loading weights:  13%|█▎        | 26/203 [00:00<00:00, 5056.42it/s, Materializing param=audio_spectrogram_transformer.encoder.layer.1.attention.attention.value.bias]
Loading weights:  13%|█▎        | 27/203 [00:00<00:00, 5197.40it/s, Materializing param=audio_spectrogram_transformer.encoder.layer.1.attention.attention.value.weight]
Loading weights:  13%|█▎        | 27/203 [00:00<00:00, 5174.37it/s, Materializing param=audio_spectrogram_transformer.encoder.layer.1.attention.attention.value.weight]
Loading weights:  14%|█▍        | 28/203 [00:00<00:00, 5256.26it/s, Materializing param=audio_spectrogram_transformer.encoder.layer.1.attention.output.dense.bias]     
Loading weights:  14%|█▍        | 28/203 [00:00<00:00, 5233.53it/s, Materializing param=audio_spectrogram_transformer.encoder.layer.1.attention.output.dense.bias]
Loading weights:  14%|█▍        | 29/203 [00:00<00:00, 5346.59it/s, Materializing param=audio_spectrogram_transformer.encoder.layer.1.attention.output.dense.weight]
Loading weights:  14%|█▍        | 29/203 [00:00<00:00, 5312.49it/s, Materializing param=audio_spectrogram_transformer.encoder.layer.1.attention.output.dense.weight]
Loading weights:  15%|█▍        | 30/203 [00:00<00:00, 4636.81it/s, Materializing param=audio_spectrogram_transformer.encoder.layer.1.intermediate.dense.bias]      
Loading weights:  15%|█▍        | 30/203 [00:00<00:00, 4616.90it/s, Materializing param=audio_spectrogram_transformer.encoder.layer.1.intermediate.dense.bias]
Loading weights:  15%|█▌        | 31/203 [00:00<00:00, 4730.70it/s, Materializing param=audio_spectrogram_transformer.encoder.layer.1.intermediate.dense.weight]
Loading weights:  15%|█▌        | 31/203 [00:00<00:00, 4714.75it/s, Materializing param=audio_spectrogram_transformer.encoder.layer.1.intermediate.dense.weight]
Loading weights:  16%|█▌        | 32/203 [00:00<00:00, 4643.09it/s, Materializing param=audio_spectrogram_transformer.encoder.layer.1.layernorm_after.bias]     
Loading weights:  16%|█▌        | 32/203 [00:00<00:00, 4620.23it/s, Materializing param=audio_spectrogram_transformer.encoder.layer.1.layernorm_after.bias]
Loading weights:  16%|█▋        | 33/203 [00:00<00:00, 4725.90it/s, Materializing param=audio_spectrogram_transformer.encoder.layer.1.layernorm_after.weight]
Loading weights:  16%|█▋        | 33/203 [00:00<00:00, 4709.65it/s, Materializing param=audio_spectrogram_transformer.encoder.layer.1.layernorm_after.weight]
Loading weights:  17%|█▋        | 34/203 [00:00<00:00, 4803.66it/s, Materializing param=audio_spectrogram_transformer.encoder.layer.1.layernorm_before.bias] 
Loading weights:  17%|█▋        | 34/203 [00:00<00:00, 4774.07it/s, Materializing param=audio_spectrogram_transformer.encoder.layer.1.layernorm_before.bias]
Loading weights:  17%|█▋        | 35/203 [00:00<00:00, 4871.92it/s, Materializing param=audio_spectrogram_transformer.encoder.layer.1.layernorm_before.weight]
Loading weights:  17%|█▋        | 35/203 [00:00<00:00, 4853.07it/s, Materializing param=audio_spectrogram_transformer.encoder.layer.1.layernorm_before.weight]
Loading weights:  18%|█▊        | 36/203 [00:00<00:00, 4440.64it/s, Materializing param=audio_spectrogram_transformer.encoder.layer.1.output.dense.bias]      
Loading weights:  18%|█▊        | 36/203 [00:00<00:00, 4425.80it/s, Materializing param=audio_spectrogram_transformer.encoder.layer.1.output.dense.bias]
Loading weights:  18%|█▊        | 37/203 [00:00<00:00, 4357.66it/s, Materializing param=audio_spectrogram_transformer.encoder.layer.1.output.dense.weight]
Loading weights:  18%|█▊        | 37/203 [00:00<00:00, 4346.31it/s, Materializing param=audio_spectrogram_transformer.encoder.layer.1.output.dense.weight]
Loading weights:  19%|█▊        | 38/203 [00:00<00:00, 4155.70it/s, Materializing param=audio_spectrogram_transformer.encoder.layer.2.attention.attention.key.bias]
Loading weights:  19%|█▊        | 38/203 [00:00<00:00, 4144.03it/s, Materializing param=audio_spectrogram_transformer.encoder.layer.2.attention.attention.key.bias]
Loading weights:  19%|█▉        | 39/203 [00:00<00:00, 4087.20it/s, Materializing param=audio_spectrogram_transformer.encoder.layer.2.attention.attention.key.weight]
Loading weights:  19%|█▉        | 39/203 [00:00<00:00, 4075.69it/s, Materializing param=audio_spectrogram_transformer.encoder.layer.2.attention.attention.key.weight]
Loading weights:  20%|█▉        | 40/203 [00:00<00:00, 4039.20it/s, Materializing param=audio_spectrogram_transformer.encoder.layer.2.attention.attention.query.bias]
Loading weights:  20%|█▉        | 40/203 [00:00<00:00, 4029.79it/s, Materializing param=audio_spectrogram_transformer.encoder.layer.2.attention.attention.query.bias]
Loading weights:  20%|██        | 41/203 [00:00<00:00, 4097.56it/s, Materializing param=audio_spectrogram_transformer.encoder.layer.2.attention.attention.query.weight]
Loading weights:  20%|██        | 41/203 [00:00<00:00, 4083.65it/s, Materializing param=audio_spectrogram_transformer.encoder.layer.2.attention.attention.query.weight]
Loading weights:  21%|██        | 42/203 [00:00<00:00, 4146.52it/s, Materializing param=audio_spectrogram_transformer.encoder.layer.2.attention.attention.value.bias]  
Loading weights:  21%|██        | 42/203 [00:00<00:00, 4136.78it/s, Materializing param=audio_spectrogram_transformer.encoder.layer.2.attention.attention.value.bias]
Loading weights:  21%|██        | 43/203 [00:00<00:00, 4210.76it/s, Materializing param=audio_spectrogram_transformer.encoder.layer.2.attention.attention.value.weight]
Loading weights:  21%|██        | 43/203 [00:00<00:00, 4201.63it/s, Materializing param=audio_spectrogram_transformer.encoder.layer.2.attention.attention.value.weight]
Loading weights:  22%|██▏       | 44/203 [00:00<00:00, 4273.95it/s, Materializing param=audio_spectrogram_transformer.encoder.layer.2.attention.output.dense.bias]     
Loading weights:  22%|██▏       | 44/203 [00:00<00:00, 4264.87it/s, Materializing param=audio_spectrogram_transformer.encoder.layer.2.attention.output.dense.bias]
Loading weights:  22%|██▏       | 45/203 [00:00<00:00, 4343.23it/s, Materializing param=audio_spectrogram_transformer.encoder.layer.2.attention.output.dense.weight]
Loading weights:  22%|██▏       | 45/203 [00:00<00:00, 4334.05it/s, Materializing param=audio_spectrogram_transformer.encoder.layer.2.attention.output.dense.weight]
Loading weights:  23%|██▎       | 46/203 [00:00<00:00, 4410.01it/s, Materializing param=audio_spectrogram_transformer.encoder.layer.2.intermediate.dense.bias]      
Loading weights:  23%|██▎       | 46/203 [00:00<00:00, 4401.16it/s, Materializing param=audio_spectrogram_transformer.encoder.layer.2.intermediate.dense.bias]
Loading weights:  23%|██▎       | 47/203 [00:00<00:00, 4444.92it/s, Materializing param=audio_spectrogram_transformer.encoder.layer.2.intermediate.dense.weight]
Loading weights:  23%|██▎       | 47/203 [00:00<00:00, 4436.52it/s, Materializing param=audio_spectrogram_transformer.encoder.layer.2.intermediate.dense.weight]
Loading weights:  24%|██▎       | 48/203 [00:00<00:00, 4512.53it/s, Materializing param=audio_spectrogram_transformer.encoder.layer.2.layernorm_after.bias]     
Loading weights:  24%|██▎       | 48/203 [00:00<00:00, 4504.15it/s, Materializing param=audio_spectrogram_transformer.encoder.layer.2.layernorm_after.bias]
Loading weights:  24%|██▍       | 49/203 [00:00<00:00, 4563.68it/s, Materializing param=audio_spectrogram_transformer.encoder.layer.2.layernorm_after.weight]
Loading weights:  24%|██▍       | 49/203 [00:00<00:00, 4554.78it/s, Materializing param=audio_spectrogram_transformer.encoder.layer.2.layernorm_after.weight]
Loading weights:  25%|██▍       | 50/203 [00:00<00:00, 4611.25it/s, Materializing param=audio_spectrogram_transformer.encoder.layer.2.layernorm_before.bias] 
Loading weights:  25%|██▍       | 50/203 [00:00<00:00, 4599.82it/s, Materializing param=audio_spectrogram_transformer.encoder.layer.2.layernorm_before.bias]
Loading weights:  25%|██▌       | 51/203 [00:00<00:00, 4519.34it/s, Materializing param=audio_spectrogram_transformer.encoder.layer.2.layernorm_before.weight]
Loading weights:  25%|██▌       | 51/203 [00:00<00:00, 4508.86it/s, Materializing param=audio_spectrogram_transformer.encoder.layer.2.layernorm_before.weight]
Loading weights:  26%|██▌       | 52/203 [00:00<00:00, 4559.03it/s, Materializing param=audio_spectrogram_transformer.encoder.layer.2.output.dense.bias]      
Loading weights:  26%|██▌       | 52/203 [00:00<00:00, 4549.80it/s, Materializing param=audio_spectrogram_transformer.encoder.layer.2.output.dense.bias]
Loading weights:  26%|██▌       | 53/203 [00:00<00:00, 4506.07it/s, Materializing param=audio_spectrogram_transformer.encoder.layer.2.output.dense.weight]
Loading weights:  26%|██▌       | 53/203 [00:00<00:00, 4497.69it/s, Materializing param=audio_spectrogram_transformer.encoder.layer.2.output.dense.weight]
Loading weights:  27%|██▋       | 54/203 [00:00<00:00, 4560.04it/s, Materializing param=audio_spectrogram_transformer.encoder.layer.3.attention.attention.key.bias]
Loading weights:  27%|██▋       | 54/203 [00:00<00:00, 4551.60it/s, Materializing param=audio_spectrogram_transformer.encoder.layer.3.attention.attention.key.bias]
Loading weights:  27%|██▋       | 55/203 [00:00<00:00, 4499.80it/s, Materializing param=audio_spectrogram_transformer.encoder.layer.3.attention.attention.key.weight]
Loading weights:  27%|██▋       | 55/203 [00:00<00:00, 4491.30it/s, Materializing param=audio_spectrogram_transformer.encoder.layer.3.attention.attention.key.weight]
Loading weights:  28%|██▊       | 56/203 [00:00<00:00, 4364.11it/s, Materializing param=audio_spectrogram_transformer.encoder.layer.3.attention.attention.query.bias]
Loading weights:  28%|██▊       | 56/203 [00:00<00:00, 4356.34it/s, Materializing param=audio_spectrogram_transformer.encoder.layer.3.attention.attention.query.bias]
Loading weights:  28%|██▊       | 57/203 [00:00<00:00, 4417.91it/s, Materializing param=audio_spectrogram_transformer.encoder.layer.3.attention.attention.query.weight]
Loading weights:  28%|██▊       | 57/203 [00:00<00:00, 4410.50it/s, Materializing param=audio_spectrogram_transformer.encoder.layer.3.attention.attention.query.weight]
Loading weights:  29%|██▊       | 58/203 [00:00<00:00, 4471.87it/s, Materializing param=audio_spectrogram_transformer.encoder.layer.3.attention.attention.value.bias]  
Loading weights:  29%|██▊       | 58/203 [00:00<00:00, 4464.65it/s, Materializing param=audio_spectrogram_transformer.encoder.layer.3.attention.attention.value.bias]
Loading weights:  29%|██▉       | 59/203 [00:00<00:00, 4401.63it/s, Materializing param=audio_spectrogram_transformer.encoder.layer.3.attention.attention.value.weight]
Loading weights:  29%|██▉       | 59/203 [00:00<00:00, 4394.52it/s, Materializing param=audio_spectrogram_transformer.encoder.layer.3.attention.attention.value.weight]
Loading weights:  30%|██▉       | 60/203 [00:00<00:00, 4450.43it/s, Materializing param=audio_spectrogram_transformer.encoder.layer.3.attention.output.dense.bias]     
Loading weights:  30%|██▉       | 60/203 [00:00<00:00, 4443.20it/s, Materializing param=audio_spectrogram_transformer.encoder.layer.3.attention.output.dense.bias]
Loading weights:  30%|███       | 61/203 [00:00<00:00, 4489.98it/s, Materializing param=audio_spectrogram_transformer.encoder.layer.3.attention.output.dense.weight]
Loading weights:  30%|███       | 61/203 [00:00<00:00, 4480.70it/s, Materializing param=audio_spectrogram_transformer.encoder.layer.3.attention.output.dense.weight]
Loading weights:  31%|███       | 62/203 [00:00<00:00, 4522.95it/s, Materializing param=audio_spectrogram_transformer.encoder.layer.3.intermediate.dense.bias]      
Loading weights:  31%|███       | 62/203 [00:00<00:00, 4514.31it/s, Materializing param=audio_spectrogram_transformer.encoder.layer.3.intermediate.dense.bias]
Loading weights:  31%|███       | 63/203 [00:00<00:00, 4545.15it/s, Materializing param=audio_spectrogram_transformer.encoder.layer.3.intermediate.dense.weight]
Loading weights:  31%|███       | 63/203 [00:00<00:00, 4537.34it/s, Materializing param=audio_spectrogram_transformer.encoder.layer.3.intermediate.dense.weight]
Loading weights:  32%|███▏      | 64/203 [00:00<00:00, 4593.12it/s, Materializing param=audio_spectrogram_transformer.encoder.layer.3.layernorm_after.bias]     
Loading weights:  32%|███▏      | 64/203 [00:00<00:00, 4585.19it/s, Materializing param=audio_spectrogram_transformer.encoder.layer.3.layernorm_after.bias]
Loading weights:  32%|███▏      | 65/203 [00:00<00:00, 4638.30it/s, Materializing param=audio_spectrogram_transformer.encoder.layer.3.layernorm_after.weight]
Loading weights:  32%|███▏      | 65/203 [00:00<00:00, 4631.36it/s, Materializing param=audio_spectrogram_transformer.encoder.layer.3.layernorm_after.weight]
Loading weights:  33%|███▎      | 66/203 [00:00<00:00, 4684.55it/s, Materializing param=audio_spectrogram_transformer.encoder.layer.3.layernorm_before.bias] 
Loading weights:  33%|███▎      | 66/203 [00:00<00:00, 4677.27it/s, Materializing param=audio_spectrogram_transformer.encoder.layer.3.layernorm_before.bias]
Loading weights:  33%|███▎      | 67/203 [00:00<00:00, 4733.66it/s, Materializing param=audio_spectrogram_transformer.encoder.layer.3.layernorm_before.weight]
Loading weights:  33%|███▎      | 67/203 [00:00<00:00, 4727.05it/s, Materializing param=audio_spectrogram_transformer.encoder.layer.3.layernorm_before.weight]
Loading weights:  33%|███▎      | 68/203 [00:00<00:00, 4783.76it/s, Materializing param=audio_spectrogram_transformer.encoder.layer.3.output.dense.bias]      
Loading weights:  33%|███▎      | 68/203 [00:00<00:00, 4775.99it/s, Materializing param=audio_spectrogram_transformer.encoder.layer.3.output.dense.bias]
Loading weights:  34%|███▍      | 69/203 [00:00<00:00, 4539.79it/s, Materializing param=audio_spectrogram_transformer.encoder.layer.3.output.dense.weight]
Loading weights:  34%|███▍      | 69/203 [00:00<00:00, 4532.61it/s, Materializing param=audio_spectrogram_transformer.encoder.layer.3.output.dense.weight]
Loading weights:  34%|███▍      | 70/203 [00:00<00:00, 4585.66it/s, Materializing param=audio_spectrogram_transformer.encoder.layer.4.attention.attention.key.bias]
Loading weights:  34%|███▍      | 70/203 [00:00<00:00, 4579.08it/s, Materializing param=audio_spectrogram_transformer.encoder.layer.4.attention.attention.key.bias]
Loading weights:  35%|███▍      | 71/203 [00:00<00:00, 4613.98it/s, Materializing param=audio_spectrogram_transformer.encoder.layer.4.attention.attention.key.weight]
Loading weights:  35%|███▍      | 71/203 [00:00<00:00, 4604.71it/s, Materializing param=audio_spectrogram_transformer.encoder.layer.4.attention.attention.key.weight]
Loading weights:  35%|███▌      | 72/203 [00:00<00:00, 4649.43it/s, Materializing param=audio_spectrogram_transformer.encoder.layer.4.attention.attention.query.bias]
Loading weights:  35%|███▌      | 72/203 [00:00<00:00, 4642.50it/s, Materializing param=audio_spectrogram_transformer.encoder.layer.4.attention.attention.query.bias]
Loading weights:  36%|███▌      | 73/203 [00:00<00:00, 4689.39it/s, Materializing param=audio_spectrogram_transformer.encoder.layer.4.attention.attention.query.weight]
Loading weights:  36%|███▌      | 73/203 [00:00<00:00, 4682.79it/s, Materializing param=audio_spectrogram_transformer.encoder.layer.4.attention.attention.query.weight]
Loading weights:  36%|███▋      | 74/203 [00:00<00:00, 4733.54it/s, Materializing param=audio_spectrogram_transformer.encoder.layer.4.attention.attention.value.bias]  
Loading weights:  36%|███▋      | 74/203 [00:00<00:00, 4726.34it/s, Materializing param=audio_spectrogram_transformer.encoder.layer.4.attention.attention.value.bias]
Loading weights:  37%|███▋      | 75/203 [00:00<00:00, 4776.46it/s, Materializing param=audio_spectrogram_transformer.encoder.layer.4.attention.attention.value.weight]
Loading weights:  37%|███▋      | 75/203 [00:00<00:00, 4770.09it/s, Materializing param=audio_spectrogram_transformer.encoder.layer.4.attention.attention.value.weight]
Loading weights:  37%|███▋      | 76/203 [00:00<00:00, 4820.53it/s, Materializing param=audio_spectrogram_transformer.encoder.layer.4.attention.output.dense.bias]     
Loading weights:  37%|███▋      | 76/203 [00:00<00:00, 4813.83it/s, Materializing param=audio_spectrogram_transformer.encoder.layer.4.attention.output.dense.bias]
Loading weights:  38%|███▊      | 77/203 [00:00<00:00, 4863.88it/s, Materializing param=audio_spectrogram_transformer.encoder.layer.4.attention.output.dense.weight]
Loading weights:  38%|███▊      | 77/203 [00:00<00:00, 4857.44it/s, Materializing param=audio_spectrogram_transformer.encoder.layer.4.attention.output.dense.weight]
Loading weights:  38%|███▊      | 78/203 [00:00<00:00, 4907.24it/s, Materializing param=audio_spectrogram_transformer.encoder.layer.4.intermediate.dense.bias]      
Loading weights:  38%|███▊      | 78/203 [00:00<00:00, 4901.06it/s, Materializing param=audio_spectrogram_transformer.encoder.layer.4.intermediate.dense.bias]
Loading weights:  39%|███▉      | 79/203 [00:00<00:00, 4945.52it/s, Materializing param=audio_spectrogram_transformer.encoder.layer.4.intermediate.dense.weight]
Loading weights:  39%|███▉      | 79/203 [00:00<00:00, 4939.04it/s, Materializing param=audio_spectrogram_transformer.encoder.layer.4.intermediate.dense.weight]
Loading weights:  39%|███▉      | 80/203 [00:00<00:00, 4987.87it/s, Materializing param=audio_spectrogram_transformer.encoder.layer.4.layernorm_after.bias]     
Loading weights:  39%|███▉      | 80/203 [00:00<00:00, 4981.36it/s, Materializing param=audio_spectrogram_transformer.encoder.layer.4.layernorm_after.bias]
Loading weights:  40%|███▉      | 81/203 [00:00<00:00, 5030.71it/s, Materializing param=audio_spectrogram_transformer.encoder.layer.4.layernorm_after.weight]
Loading weights:  40%|███▉      | 81/203 [00:00<00:00, 5024.53it/s, Materializing param=audio_spectrogram_transformer.encoder.layer.4.layernorm_after.weight]
Loading weights:  40%|████      | 82/203 [00:00<00:00, 5073.66it/s, Materializing param=audio_spectrogram_transformer.encoder.layer.4.layernorm_before.bias] 
Loading weights:  40%|████      | 82/203 [00:00<00:00, 5067.08it/s, Materializing param=audio_spectrogram_transformer.encoder.layer.4.layernorm_before.bias]
Loading weights:  41%|████      | 83/203 [00:00<00:00, 5116.58it/s, Materializing param=audio_spectrogram_transformer.encoder.layer.4.layernorm_before.weight]
Loading weights:  41%|████      | 83/203 [00:00<00:00, 5110.27it/s, Materializing param=audio_spectrogram_transformer.encoder.layer.4.layernorm_before.weight]
Loading weights:  41%|████▏     | 84/203 [00:00<00:00, 5158.74it/s, Materializing param=audio_spectrogram_transformer.encoder.layer.4.output.dense.bias]      
Loading weights:  41%|████▏     | 84/203 [00:00<00:00, 5152.10it/s, Materializing param=audio_spectrogram_transformer.encoder.layer.4.output.dense.bias]
Loading weights:  42%|████▏     | 85/203 [00:00<00:00, 5199.37it/s, Materializing param=audio_spectrogram_transformer.encoder.layer.4.output.dense.weight]
Loading weights:  42%|████▏     | 85/203 [00:00<00:00, 5193.09it/s, Materializing param=audio_spectrogram_transformer.encoder.layer.4.output.dense.weight]
Loading weights:  42%|████▏     | 86/203 [00:00<00:00, 5240.06it/s, Materializing param=audio_spectrogram_transformer.encoder.layer.5.attention.attention.key.bias]
Loading weights:  42%|████▏     | 86/203 [00:00<00:00, 5233.68it/s, Materializing param=audio_spectrogram_transformer.encoder.layer.5.attention.attention.key.bias]
Loading weights:  43%|████▎     | 87/203 [00:00<00:00, 5279.82it/s, Materializing param=audio_spectrogram_transformer.encoder.layer.5.attention.attention.key.weight]
Loading weights:  43%|████▎     | 87/203 [00:00<00:00, 5273.41it/s, Materializing param=audio_spectrogram_transformer.encoder.layer.5.attention.attention.key.weight]
Loading weights:  43%|████▎     | 88/203 [00:00<00:00, 5318.89it/s, Materializing param=audio_spectrogram_transformer.encoder.layer.5.attention.attention.query.bias]
Loading weights:  43%|████▎     | 88/203 [00:00<00:00, 5312.46it/s, Materializing param=audio_spectrogram_transformer.encoder.layer.5.attention.attention.query.bias]
Loading weights:  44%|████▍     | 89/203 [00:00<00:00, 5076.47it/s, Materializing param=audio_spectrogram_transformer.encoder.layer.5.attention.attention.query.weight]
Loading weights:  44%|████▍     | 89/203 [00:00<00:00, 5068.96it/s, Materializing param=audio_spectrogram_transformer.encoder.layer.5.attention.attention.query.weight]
Loading weights:  44%|████▍     | 90/203 [00:00<00:00, 5111.68it/s, Materializing param=audio_spectrogram_transformer.encoder.layer.5.attention.attention.value.bias]  
Loading weights:  44%|████▍     | 90/203 [00:00<00:00, 5105.25it/s, Materializing param=audio_spectrogram_transformer.encoder.layer.5.attention.attention.value.bias]
Loading weights:  45%|████▍     | 91/203 [00:00<00:00, 5148.26it/s, Materializing param=audio_spectrogram_transformer.encoder.layer.5.attention.attention.value.weight]
Loading weights:  45%|████▍     | 91/203 [00:00<00:00, 5142.16it/s, Materializing param=audio_spectrogram_transformer.encoder.layer.5.attention.attention.value.weight]
Loading weights:  45%|████▌     | 92/203 [00:00<00:00, 5186.02it/s, Materializing param=audio_spectrogram_transformer.encoder.layer.5.attention.output.dense.bias]     
Loading weights:  45%|████▌     | 92/203 [00:00<00:00, 5179.89it/s, Materializing param=audio_spectrogram_transformer.encoder.layer.5.attention.output.dense.bias]
Loading weights:  46%|████▌     | 93/203 [00:00<00:00, 5222.66it/s, Materializing param=audio_spectrogram_transformer.encoder.layer.5.attention.output.dense.weight]
Loading weights:  46%|████▌     | 93/203 [00:00<00:00, 5216.52it/s, Materializing param=audio_spectrogram_transformer.encoder.layer.5.attention.output.dense.weight]
Loading weights:  46%|████▋     | 94/203 [00:00<00:00, 5260.23it/s, Materializing param=audio_spectrogram_transformer.encoder.layer.5.intermediate.dense.bias]      
Loading weights:  46%|████▋     | 94/203 [00:00<00:00, 5254.06it/s, Materializing param=audio_spectrogram_transformer.encoder.layer.5.intermediate.dense.bias]
Loading weights:  47%|████▋     | 95/203 [00:00<00:00, 5292.53it/s, Materializing param=audio_spectrogram_transformer.encoder.layer.5.intermediate.dense.weight]
Loading weights:  47%|████▋     | 95/203 [00:00<00:00, 5279.91it/s, Materializing param=audio_spectrogram_transformer.encoder.layer.5.intermediate.dense.weight]
Loading weights:  47%|████▋     | 96/203 [00:00<00:00, 4910.52it/s, Materializing param=audio_spectrogram_transformer.encoder.layer.5.layernorm_after.bias]     
Loading weights:  47%|████▋     | 96/203 [00:00<00:00, 4899.47it/s, Materializing param=audio_spectrogram_transformer.encoder.layer.5.layernorm_after.bias]
Loading weights:  48%|████▊     | 97/203 [00:00<00:00, 4875.34it/s, Materializing param=audio_spectrogram_transformer.encoder.layer.5.layernorm_after.weight]
Loading weights:  48%|████▊     | 97/203 [00:00<00:00, 4868.52it/s, Materializing param=audio_spectrogram_transformer.encoder.layer.5.layernorm_after.weight]
Loading weights:  48%|████▊     | 98/203 [00:00<00:00, 4899.01it/s, Materializing param=audio_spectrogram_transformer.encoder.layer.5.layernorm_before.bias] 
Loading weights:  48%|████▊     | 98/203 [00:00<00:00, 4892.19it/s, Materializing param=audio_spectrogram_transformer.encoder.layer.5.layernorm_before.bias]
Loading weights:  49%|████▉     | 99/203 [00:00<00:00, 4877.10it/s, Materializing param=audio_spectrogram_transformer.encoder.layer.5.layernorm_before.weight]
Loading weights:  49%|████▉     | 99/203 [00:00<00:00, 4870.86it/s, Materializing param=audio_spectrogram_transformer.encoder.layer.5.layernorm_before.weight]
Loading weights:  49%|████▉     | 100/203 [00:00<00:00, 4903.67it/s, Materializing param=audio_spectrogram_transformer.encoder.layer.5.output.dense.bias]     
Loading weights:  49%|████▉     | 100/203 [00:00<00:00, 4897.66it/s, Materializing param=audio_spectrogram_transformer.encoder.layer.5.output.dense.bias]
Loading weights:  50%|████▉     | 101/203 [00:00<00:00, 4922.49it/s, Materializing param=audio_spectrogram_transformer.encoder.layer.5.output.dense.weight]
Loading weights:  50%|████▉     | 101/203 [00:00<00:00, 4916.78it/s, Materializing param=audio_spectrogram_transformer.encoder.layer.5.output.dense.weight]
Loading weights:  50%|█████     | 102/203 [00:00<00:00, 4948.57it/s, Materializing param=audio_spectrogram_transformer.encoder.layer.6.attention.attention.key.bias]
Loading weights:  50%|█████     | 102/203 [00:00<00:00, 4940.00it/s, Materializing param=audio_spectrogram_transformer.encoder.layer.6.attention.attention.key.bias]
Loading weights:  51%|█████     | 103/203 [00:00<00:00, 4968.41it/s, Materializing param=audio_spectrogram_transformer.encoder.layer.6.attention.attention.key.weight]
Loading weights:  51%|█████     | 103/203 [00:00<00:00, 4961.74it/s, Materializing param=audio_spectrogram_transformer.encoder.layer.6.attention.attention.key.weight]
Loading weights:  51%|█████     | 104/203 [00:00<00:00, 4996.88it/s, Materializing param=audio_spectrogram_transformer.encoder.layer.6.attention.attention.query.bias]
Loading weights:  51%|█████     | 104/203 [00:00<00:00, 4991.11it/s, Materializing param=audio_spectrogram_transformer.encoder.layer.6.attention.attention.query.bias]
Loading weights:  52%|█████▏    | 105/203 [00:00<00:00, 5027.82it/s, Materializing param=audio_spectrogram_transformer.encoder.layer.6.attention.attention.query.weight]
Loading weights:  52%|█████▏    | 105/203 [00:00<00:00, 5022.77it/s, Materializing param=audio_spectrogram_transformer.encoder.layer.6.attention.attention.query.weight]
Loading weights:  52%|█████▏    | 106/203 [00:00<00:00, 5059.70it/s, Materializing param=audio_spectrogram_transformer.encoder.layer.6.attention.attention.value.bias]  
Loading weights:  52%|█████▏    | 106/203 [00:00<00:00, 5054.87it/s, Materializing param=audio_spectrogram_transformer.encoder.layer.6.attention.attention.value.bias]
Loading weights:  53%|█████▎    | 107/203 [00:00<00:00, 5091.62it/s, Materializing param=audio_spectrogram_transformer.encoder.layer.6.attention.attention.value.weight]
Loading weights:  53%|█████▎    | 107/203 [00:00<00:00, 5086.54it/s, Materializing param=audio_spectrogram_transformer.encoder.layer.6.attention.attention.value.weight]
Loading weights:  53%|█████▎    | 108/203 [00:00<00:00, 5118.24it/s, Materializing param=audio_spectrogram_transformer.encoder.layer.6.attention.output.dense.bias]     
Loading weights:  53%|█████▎    | 108/203 [00:00<00:00, 5112.93it/s, Materializing param=audio_spectrogram_transformer.encoder.layer.6.attention.output.dense.bias]
Loading weights:  54%|█████▎    | 109/203 [00:00<00:00, 5149.05it/s, Materializing param=audio_spectrogram_transformer.encoder.layer.6.attention.output.dense.weight]
Loading weights:  54%|█████▎    | 109/203 [00:00<00:00, 5143.49it/s, Materializing param=audio_spectrogram_transformer.encoder.layer.6.attention.output.dense.weight]
Loading weights:  54%|█████▍    | 110/203 [00:00<00:00, 5179.90it/s, Materializing param=audio_spectrogram_transformer.encoder.layer.6.intermediate.dense.bias]      
Loading weights:  54%|█████▍    | 110/203 [00:00<00:00, 5174.78it/s, Materializing param=audio_spectrogram_transformer.encoder.layer.6.intermediate.dense.bias]
Loading weights:  55%|█████▍    | 111/203 [00:00<00:00, 5210.78it/s, Materializing param=audio_spectrogram_transformer.encoder.layer.6.intermediate.dense.weight]
Loading weights:  55%|█████▍    | 111/203 [00:00<00:00, 5205.65it/s, Materializing param=audio_spectrogram_transformer.encoder.layer.6.intermediate.dense.weight]
Loading weights:  55%|█████▌    | 112/203 [00:00<00:00, 5017.27it/s, Materializing param=audio_spectrogram_transformer.encoder.layer.6.layernorm_after.bias]     
Loading weights:  55%|█████▌    | 112/203 [00:00<00:00, 5009.62it/s, Materializing param=audio_spectrogram_transformer.encoder.layer.6.layernorm_after.bias]
Loading weights:  56%|█████▌    | 113/203 [00:00<00:00, 5041.98it/s, Materializing param=audio_spectrogram_transformer.encoder.layer.6.layernorm_after.weight]
Loading weights:  56%|█████▌    | 113/203 [00:00<00:00, 5036.57it/s, Materializing param=audio_spectrogram_transformer.encoder.layer.6.layernorm_after.weight]
Loading weights:  56%|█████▌    | 114/203 [00:00<00:00, 5066.44it/s, Materializing param=audio_spectrogram_transformer.encoder.layer.6.layernorm_before.bias] 
Loading weights:  56%|█████▌    | 114/203 [00:00<00:00, 5061.29it/s, Materializing param=audio_spectrogram_transformer.encoder.layer.6.layernorm_before.bias]
Loading weights:  57%|█████▋    | 115/203 [00:00<00:00, 5083.36it/s, Materializing param=audio_spectrogram_transformer.encoder.layer.6.layernorm_before.weight]
Loading weights:  57%|█████▋    | 115/203 [00:00<00:00, 5077.74it/s, Materializing param=audio_spectrogram_transformer.encoder.layer.6.layernorm_before.weight]
Loading weights:  57%|█████▋    | 116/203 [00:00<00:00, 5111.94it/s, Materializing param=audio_spectrogram_transformer.encoder.layer.6.output.dense.bias]      
Loading weights:  57%|█████▋    | 116/203 [00:00<00:00, 5107.01it/s, Materializing param=audio_spectrogram_transformer.encoder.layer.6.output.dense.bias]
Loading weights:  58%|█████▊    | 117/203 [00:00<00:00, 5065.58it/s, Materializing param=audio_spectrogram_transformer.encoder.layer.6.output.dense.weight]
Loading weights:  58%|█████▊    | 117/203 [00:00<00:00, 5059.73it/s, Materializing param=audio_spectrogram_transformer.encoder.layer.6.output.dense.weight]
Loading weights:  58%|█████▊    | 118/203 [00:00<00:00, 5092.11it/s, Materializing param=audio_spectrogram_transformer.encoder.layer.7.attention.attention.key.bias]
Loading weights:  58%|█████▊    | 118/203 [00:00<00:00, 5087.30it/s, Materializing param=audio_spectrogram_transformer.encoder.layer.7.attention.attention.key.bias]
Loading weights:  59%|█████▊    | 119/203 [00:00<00:00, 4981.81it/s, Materializing param=audio_spectrogram_transformer.encoder.layer.7.attention.attention.key.weight]
Loading weights:  59%|█████▊    | 119/203 [00:00<00:00, 4976.39it/s, Materializing param=audio_spectrogram_transformer.encoder.layer.7.attention.attention.key.weight]
Loading weights:  59%|█████▉    | 120/203 [00:00<00:00, 5008.12it/s, Materializing param=audio_spectrogram_transformer.encoder.layer.7.attention.attention.query.bias]
Loading weights:  59%|█████▉    | 120/203 [00:00<00:00, 5003.54it/s, Materializing param=audio_spectrogram_transformer.encoder.layer.7.attention.attention.query.bias]
Loading weights:  60%|█████▉    | 121/203 [00:00<00:00, 5026.20it/s, Materializing param=audio_spectrogram_transformer.encoder.layer.7.attention.attention.query.weight]
Loading weights:  60%|█████▉    | 121/203 [00:00<00:00, 5019.94it/s, Materializing param=audio_spectrogram_transformer.encoder.layer.7.attention.attention.query.weight]
Loading weights:  60%|██████    | 122/203 [00:00<00:00, 5050.34it/s, Materializing param=audio_spectrogram_transformer.encoder.layer.7.attention.attention.value.bias]  
Loading weights:  60%|██████    | 122/203 [00:00<00:00, 5045.31it/s, Materializing param=audio_spectrogram_transformer.encoder.layer.7.attention.attention.value.bias]
Loading weights:  61%|██████    | 123/203 [00:00<00:00, 5076.35it/s, Materializing param=audio_spectrogram_transformer.encoder.layer.7.attention.attention.value.weight]
Loading weights:  61%|██████    | 123/203 [00:00<00:00, 5071.81it/s, Materializing param=audio_spectrogram_transformer.encoder.layer.7.attention.attention.value.weight]
Loading weights:  61%|██████    | 124/203 [00:00<00:00, 5102.66it/s, Materializing param=audio_spectrogram_transformer.encoder.layer.7.attention.output.dense.bias]     
Loading weights:  61%|██████    | 124/203 [00:00<00:00, 5098.26it/s, Materializing param=audio_spectrogram_transformer.encoder.layer.7.attention.output.dense.bias]
Loading weights:  62%|██████▏   | 125/203 [00:00<00:00, 5056.25it/s, Materializing param=audio_spectrogram_transformer.encoder.layer.7.attention.output.dense.weight]
Loading weights:  62%|██████▏   | 125/203 [00:00<00:00, 5051.77it/s, Materializing param=audio_spectrogram_transformer.encoder.layer.7.attention.output.dense.weight]
Loading weights:  62%|██████▏   | 126/203 [00:00<00:00, 5082.93it/s, Materializing param=audio_spectrogram_transformer.encoder.layer.7.intermediate.dense.bias]      
Loading weights:  62%|██████▏   | 126/203 [00:00<00:00, 5078.83it/s, Materializing param=audio_spectrogram_transformer.encoder.layer.7.intermediate.dense.bias]
Loading weights:  63%|██████▎   | 127/203 [00:00<00:00, 5048.49it/s, Materializing param=audio_spectrogram_transformer.encoder.layer.7.intermediate.dense.weight]
Loading weights:  63%|██████▎   | 127/203 [00:00<00:00, 5043.52it/s, Materializing param=audio_spectrogram_transformer.encoder.layer.7.intermediate.dense.weight]
Loading weights:  63%|██████▎   | 128/203 [00:00<00:00, 5073.96it/s, Materializing param=audio_spectrogram_transformer.encoder.layer.7.layernorm_after.bias]     
Loading weights:  63%|██████▎   | 128/203 [00:00<00:00, 5069.51it/s, Materializing param=audio_spectrogram_transformer.encoder.layer.7.layernorm_after.bias]
Loading weights:  64%|██████▎   | 129/203 [00:00<00:00, 5099.05it/s, Materializing param=audio_spectrogram_transformer.encoder.layer.7.layernorm_after.weight]
Loading weights:  64%|██████▎   | 129/203 [00:00<00:00, 5094.82it/s, Materializing param=audio_spectrogram_transformer.encoder.layer.7.layernorm_after.weight]
Loading weights:  64%|██████▍   | 130/203 [00:00<00:00, 5125.63it/s, Materializing param=audio_spectrogram_transformer.encoder.layer.7.layernorm_before.bias] 
Loading weights:  64%|██████▍   | 130/203 [00:00<00:00, 5121.15it/s, Materializing param=audio_spectrogram_transformer.encoder.layer.7.layernorm_before.bias]
Loading weights:  65%|██████▍   | 131/203 [00:00<00:00, 5150.00it/s, Materializing param=audio_spectrogram_transformer.encoder.layer.7.layernorm_before.weight]
Loading weights:  65%|██████▍   | 131/203 [00:00<00:00, 5145.76it/s, Materializing param=audio_spectrogram_transformer.encoder.layer.7.layernorm_before.weight]
Loading weights:  65%|██████▌   | 132/203 [00:00<00:00, 5173.85it/s, Materializing param=audio_spectrogram_transformer.encoder.layer.7.output.dense.bias]      
Loading weights:  65%|██████▌   | 132/203 [00:00<00:00, 5169.60it/s, Materializing param=audio_spectrogram_transformer.encoder.layer.7.output.dense.bias]
Loading weights:  66%|██████▌   | 133/203 [00:00<00:00, 5129.44it/s, Materializing param=audio_spectrogram_transformer.encoder.layer.7.output.dense.weight]
Loading weights:  66%|██████▌   | 133/203 [00:00<00:00, 5124.45it/s, Materializing param=audio_spectrogram_transformer.encoder.layer.7.output.dense.weight]
Loading weights:  66%|██████▌   | 134/203 [00:00<00:00, 5091.37it/s, Materializing param=audio_spectrogram_transformer.encoder.layer.8.attention.attention.key.bias]
Loading weights:  66%|██████▌   | 134/203 [00:00<00:00, 5078.81it/s, Materializing param=audio_spectrogram_transformer.encoder.layer.8.attention.attention.key.bias]
Loading weights:  67%|██████▋   | 135/203 [00:00<00:00, 5102.24it/s, Materializing param=audio_spectrogram_transformer.encoder.layer.8.attention.attention.key.weight]
Loading weights:  67%|██████▋   | 135/203 [00:00<00:00, 5097.23it/s, Materializing param=audio_spectrogram_transformer.encoder.layer.8.attention.attention.key.weight]
Loading weights:  67%|██████▋   | 136/203 [00:00<00:00, 5125.67it/s, Materializing param=audio_spectrogram_transformer.encoder.layer.8.attention.attention.query.bias]
Loading weights:  67%|██████▋   | 136/203 [00:00<00:00, 5121.11it/s, Materializing param=audio_spectrogram_transformer.encoder.layer.8.attention.attention.query.bias]
Loading weights:  67%|██████▋   | 137/203 [00:00<00:00, 4982.01it/s, Materializing param=audio_spectrogram_transformer.encoder.layer.8.attention.attention.query.weight]
Loading weights:  67%|██████▋   | 137/203 [00:00<00:00, 4975.84it/s, Materializing param=audio_spectrogram_transformer.encoder.layer.8.attention.attention.query.weight]
Loading weights:  68%|██████▊   | 138/203 [00:00<00:00, 5002.37it/s, Materializing param=audio_spectrogram_transformer.encoder.layer.8.attention.attention.value.bias]  
Loading weights:  68%|██████▊   | 138/203 [00:00<00:00, 4998.18it/s, Materializing param=audio_spectrogram_transformer.encoder.layer.8.attention.attention.value.bias]
Loading weights:  68%|██████▊   | 139/203 [00:00<00:00, 5022.95it/s, Materializing param=audio_spectrogram_transformer.encoder.layer.8.attention.attention.value.weight]
Loading weights:  68%|██████▊   | 139/203 [00:00<00:00, 5018.06it/s, Materializing param=audio_spectrogram_transformer.encoder.layer.8.attention.attention.value.weight]
Loading weights:  69%|██████▉   | 140/203 [00:00<00:00, 4986.31it/s, Materializing param=audio_spectrogram_transformer.encoder.layer.8.attention.output.dense.bias]     
Loading weights:  69%|██████▉   | 140/203 [00:00<00:00, 4982.03it/s, Materializing param=audio_spectrogram_transformer.encoder.layer.8.attention.output.dense.bias]
Loading weights:  69%|██████▉   | 141/203 [00:00<00:00, 5001.45it/s, Materializing param=audio_spectrogram_transformer.encoder.layer.8.attention.output.dense.weight]
Loading weights:  69%|██████▉   | 141/203 [00:00<00:00, 4996.81it/s, Materializing param=audio_spectrogram_transformer.encoder.layer.8.attention.output.dense.weight]
Loading weights:  70%|██████▉   | 142/203 [00:00<00:00, 4975.66it/s, Materializing param=audio_spectrogram_transformer.encoder.layer.8.intermediate.dense.bias]      
Loading weights:  70%|██████▉   | 142/203 [00:00<00:00, 4972.00it/s, Materializing param=audio_spectrogram_transformer.encoder.layer.8.intermediate.dense.bias]
Loading weights:  70%|███████   | 143/203 [00:00<00:00, 4999.34it/s, Materializing param=audio_spectrogram_transformer.encoder.layer.8.intermediate.dense.weight]
Loading weights:  70%|███████   | 143/203 [00:00<00:00, 4995.63it/s, Materializing param=audio_spectrogram_transformer.encoder.layer.8.intermediate.dense.weight]
Loading weights:  71%|███████   | 144/203 [00:00<00:00, 5022.53it/s, Materializing param=audio_spectrogram_transformer.encoder.layer.8.layernorm_after.bias]     
Loading weights:  71%|███████   | 144/203 [00:00<00:00, 5018.86it/s, Materializing param=audio_spectrogram_transformer.encoder.layer.8.layernorm_after.bias]
Loading weights:  71%|███████▏  | 145/203 [00:00<00:00, 4837.87it/s, Materializing param=audio_spectrogram_transformer.encoder.layer.8.layernorm_after.weight]
Loading weights:  71%|███████▏  | 145/203 [00:00<00:00, 4833.99it/s, Materializing param=audio_spectrogram_transformer.encoder.layer.8.layernorm_after.weight]
Loading weights:  72%|███████▏  | 146/203 [00:00<00:00, 4860.03it/s, Materializing param=audio_spectrogram_transformer.encoder.layer.8.layernorm_before.bias] 
Loading weights:  72%|███████▏  | 146/203 [00:00<00:00, 4856.29it/s, Materializing param=audio_spectrogram_transformer.encoder.layer.8.layernorm_before.bias]
Loading weights:  72%|███████▏  | 147/203 [00:00<00:00, 4882.12it/s, Materializing param=audio_spectrogram_transformer.encoder.layer.8.layernorm_before.weight]
Loading weights:  72%|███████▏  | 147/203 [00:00<00:00, 4878.72it/s, Materializing param=audio_spectrogram_transformer.encoder.layer.8.layernorm_before.weight]
Loading weights:  73%|███████▎  | 148/203 [00:00<00:00, 4904.42it/s, Materializing param=audio_spectrogram_transformer.encoder.layer.8.output.dense.bias]      
Loading weights:  73%|███████▎  | 148/203 [00:00<00:00, 4900.85it/s, Materializing param=audio_spectrogram_transformer.encoder.layer.8.output.dense.bias]
Loading weights:  73%|███████▎  | 149/203 [00:00<00:00, 4926.42it/s, Materializing param=audio_spectrogram_transformer.encoder.layer.8.output.dense.weight]
Loading weights:  73%|███████▎  | 149/203 [00:00<00:00, 4923.16it/s, Materializing param=audio_spectrogram_transformer.encoder.layer.8.output.dense.weight]
Loading weights:  74%|███████▍  | 150/203 [00:00<00:00, 4949.03it/s, Materializing param=audio_spectrogram_transformer.encoder.layer.9.attention.attention.key.bias]
Loading weights:  74%|███████▍  | 150/203 [00:00<00:00, 4945.41it/s, Materializing param=audio_spectrogram_transformer.encoder.layer.9.attention.attention.key.bias]
Loading weights:  74%|███████▍  | 151/203 [00:00<00:00, 4970.22it/s, Materializing param=audio_spectrogram_transformer.encoder.layer.9.attention.attention.key.weight]
Loading weights:  74%|███████▍  | 151/203 [00:00<00:00, 4966.79it/s, Materializing param=audio_spectrogram_transformer.encoder.layer.9.attention.attention.key.weight]
Loading weights:  75%|███████▍  | 152/203 [00:00<00:00, 4992.44it/s, Materializing param=audio_spectrogram_transformer.encoder.layer.9.attention.attention.query.bias]
Loading weights:  75%|███████▍  | 152/203 [00:00<00:00, 4989.00it/s, Materializing param=audio_spectrogram_transformer.encoder.layer.9.attention.attention.query.bias]
Loading weights:  75%|███████▌  | 153/203 [00:00<00:00, 5014.25it/s, Materializing param=audio_spectrogram_transformer.encoder.layer.9.attention.attention.query.weight]
Loading weights:  75%|███████▌  | 153/203 [00:00<00:00, 5010.80it/s, Materializing param=audio_spectrogram_transformer.encoder.layer.9.attention.attention.query.weight]
Loading weights:  76%|███████▌  | 154/203 [00:00<00:00, 5036.00it/s, Materializing param=audio_spectrogram_transformer.encoder.layer.9.attention.attention.value.bias]  
Loading weights:  76%|███████▌  | 154/203 [00:00<00:00, 5032.35it/s, Materializing param=audio_spectrogram_transformer.encoder.layer.9.attention.attention.value.bias]
Loading weights:  76%|███████▋  | 155/203 [00:00<00:00, 5058.10it/s, Materializing param=audio_spectrogram_transformer.encoder.layer.9.attention.attention.value.weight]
Loading weights:  76%|███████▋  | 155/203 [00:00<00:00, 5054.64it/s, Materializing param=audio_spectrogram_transformer.encoder.layer.9.attention.attention.value.weight]
Loading weights:  77%|███████▋  | 156/203 [00:00<00:00, 5080.29it/s, Materializing param=audio_spectrogram_transformer.encoder.layer.9.attention.output.dense.bias]     
Loading weights:  77%|███████▋  | 156/203 [00:00<00:00, 5076.83it/s, Materializing param=audio_spectrogram_transformer.encoder.layer.9.attention.output.dense.bias]
Loading weights:  77%|███████▋  | 157/203 [00:00<00:00, 5074.68it/s, Materializing param=audio_spectrogram_transformer.encoder.layer.9.attention.output.dense.weight]
Loading weights:  77%|███████▋  | 157/203 [00:00<00:00, 5070.26it/s, Materializing param=audio_spectrogram_transformer.encoder.layer.9.attention.output.dense.weight]
Loading weights:  78%|███████▊  | 158/203 [00:00<00:00, 5093.85it/s, Materializing param=audio_spectrogram_transformer.encoder.layer.9.intermediate.dense.bias]      
Loading weights:  78%|███████▊  | 158/203 [00:00<00:00, 5090.06it/s, Materializing param=audio_spectrogram_transformer.encoder.layer.9.intermediate.dense.bias]
Loading weights:  78%|███████▊  | 159/203 [00:00<00:00, 4999.40it/s, Materializing param=audio_spectrogram_transformer.encoder.layer.9.intermediate.dense.weight]
Loading weights:  78%|███████▊  | 159/203 [00:00<00:00, 4994.49it/s, Materializing param=audio_spectrogram_transformer.encoder.layer.9.intermediate.dense.weight]
Loading weights:  79%|███████▉  | 160/203 [00:00<00:00, 4968.82it/s, Materializing param=audio_spectrogram_transformer.encoder.layer.9.layernorm_after.bias]     
Loading weights:  79%|███████▉  | 160/203 [00:00<00:00, 4964.19it/s, Materializing param=audio_spectrogram_transformer.encoder.layer.9.layernorm_after.bias]
Loading weights:  79%|███████▉  | 161/203 [00:00<00:00, 4986.69it/s, Materializing param=audio_spectrogram_transformer.encoder.layer.9.layernorm_after.weight]
Loading weights:  79%|███████▉  | 161/203 [00:00<00:00, 4983.16it/s, Materializing param=audio_spectrogram_transformer.encoder.layer.9.layernorm_after.weight]
Loading weights:  80%|███████▉  | 162/203 [00:00<00:00, 5007.13it/s, Materializing param=audio_spectrogram_transformer.encoder.layer.9.layernorm_before.bias] 
Loading weights:  80%|███████▉  | 162/203 [00:00<00:00, 5003.70it/s, Materializing param=audio_spectrogram_transformer.encoder.layer.9.layernorm_before.bias]
Loading weights:  80%|████████  | 163/203 [00:00<00:00, 5027.59it/s, Materializing param=audio_spectrogram_transformer.encoder.layer.9.layernorm_before.weight]
Loading weights:  80%|████████  | 163/203 [00:00<00:00, 5024.34it/s, Materializing param=audio_spectrogram_transformer.encoder.layer.9.layernorm_before.weight]
Loading weights:  81%|████████  | 164/203 [00:00<00:00, 5048.82it/s, Materializing param=audio_spectrogram_transformer.encoder.layer.9.output.dense.bias]      
Loading weights:  81%|████████  | 164/203 [00:00<00:00, 5045.37it/s, Materializing param=audio_spectrogram_transformer.encoder.layer.9.output.dense.bias]
Loading weights:  81%|████████▏ | 165/203 [00:00<00:00, 5069.44it/s, Materializing param=audio_spectrogram_transformer.encoder.layer.9.output.dense.weight]
Loading weights:  81%|████████▏ | 165/203 [00:00<00:00, 5066.33it/s, Materializing param=audio_spectrogram_transformer.encoder.layer.9.output.dense.weight]
Loading weights:  82%|████████▏ | 166/203 [00:00<00:00, 5036.27it/s, Materializing param=audio_spectrogram_transformer.encoder.layer.10.attention.attention.key.bias]
Loading weights:  82%|████████▏ | 166/203 [00:00<00:00, 5032.74it/s, Materializing param=audio_spectrogram_transformer.encoder.layer.10.attention.attention.key.bias]
Loading weights:  82%|████████▏ | 167/203 [00:00<00:00, 5056.00it/s, Materializing param=audio_spectrogram_transformer.encoder.layer.10.attention.attention.key.weight]
Loading weights:  82%|████████▏ | 167/203 [00:00<00:00, 5052.80it/s, Materializing param=audio_spectrogram_transformer.encoder.layer.10.attention.attention.key.weight]
Loading weights:  83%|████████▎ | 168/203 [00:00<00:00, 5074.01it/s, Materializing param=audio_spectrogram_transformer.encoder.layer.10.attention.attention.query.bias]
Loading weights:  83%|████████▎ | 168/203 [00:00<00:00, 5069.99it/s, Materializing param=audio_spectrogram_transformer.encoder.layer.10.attention.attention.query.bias]
Loading weights:  83%|████████▎ | 169/203 [00:00<00:00, 5049.49it/s, Materializing param=audio_spectrogram_transformer.encoder.layer.10.attention.attention.query.weight]
Loading weights:  83%|████████▎ | 169/203 [00:00<00:00, 5045.54it/s, Materializing param=audio_spectrogram_transformer.encoder.layer.10.attention.attention.query.weight]
Loading weights:  84%|████████▎ | 170/203 [00:00<00:00, 4920.85it/s, Materializing param=audio_spectrogram_transformer.encoder.layer.10.attention.attention.value.bias]  
Loading weights:  84%|████████▎ | 170/203 [00:00<00:00, 4917.29it/s, Materializing param=audio_spectrogram_transformer.encoder.layer.10.attention.attention.value.bias]
Loading weights:  84%|████████▍ | 171/203 [00:00<00:00, 4904.24it/s, Materializing param=audio_spectrogram_transformer.encoder.layer.10.attention.attention.value.weight]
Loading weights:  84%|████████▍ | 171/203 [00:00<00:00, 4900.26it/s, Materializing param=audio_spectrogram_transformer.encoder.layer.10.attention.attention.value.weight]
Loading weights:  85%|████████▍ | 172/203 [00:00<00:00, 4881.09it/s, Materializing param=audio_spectrogram_transformer.encoder.layer.10.attention.output.dense.bias]     
Loading weights:  85%|████████▍ | 172/203 [00:00<00:00, 4877.92it/s, Materializing param=audio_spectrogram_transformer.encoder.layer.10.attention.output.dense.bias]
Loading weights:  85%|████████▌ | 173/203 [00:00<00:00, 4895.76it/s, Materializing param=audio_spectrogram_transformer.encoder.layer.10.attention.output.dense.weight]
Loading weights:  85%|████████▌ | 173/203 [00:00<00:00, 4892.12it/s, Materializing param=audio_spectrogram_transformer.encoder.layer.10.attention.output.dense.weight]
Loading weights:  86%|████████▌ | 174/203 [00:00<00:00, 4875.76it/s, Materializing param=audio_spectrogram_transformer.encoder.layer.10.intermediate.dense.bias]      
Loading weights:  86%|████████▌ | 174/203 [00:00<00:00, 4872.60it/s, Materializing param=audio_spectrogram_transformer.encoder.layer.10.intermediate.dense.bias]
Loading weights:  86%|████████▌ | 175/203 [00:00<00:00, 4894.43it/s, Materializing param=audio_spectrogram_transformer.encoder.layer.10.intermediate.dense.weight]
Loading weights:  86%|████████▌ | 175/203 [00:00<00:00, 4891.56it/s, Materializing param=audio_spectrogram_transformer.encoder.layer.10.intermediate.dense.weight]
Loading weights:  87%|████████▋ | 176/203 [00:00<00:00, 4913.75it/s, Materializing param=audio_spectrogram_transformer.encoder.layer.10.layernorm_after.bias]     
Loading weights:  87%|████████▋ | 176/203 [00:00<00:00, 4910.87it/s, Materializing param=audio_spectrogram_transformer.encoder.layer.10.layernorm_after.bias]
Loading weights:  87%|████████▋ | 177/203 [00:00<00:00, 4932.57it/s, Materializing param=audio_spectrogram_transformer.encoder.layer.10.layernorm_after.weight]
Loading weights:  87%|████████▋ | 177/203 [00:00<00:00, 4929.69it/s, Materializing param=audio_spectrogram_transformer.encoder.layer.10.layernorm_after.weight]
Loading weights:  88%|████████▊ | 178/203 [00:00<00:00, 4949.42it/s, Materializing param=audio_spectrogram_transformer.encoder.layer.10.layernorm_before.bias] 
Loading weights:  88%|████████▊ | 178/203 [00:00<00:00, 4946.64it/s, Materializing param=audio_spectrogram_transformer.encoder.layer.10.layernorm_before.bias]
Loading weights:  88%|████████▊ | 179/203 [00:00<00:00, 4968.50it/s, Materializing param=audio_spectrogram_transformer.encoder.layer.10.layernorm_before.weight]
Loading weights:  88%|████████▊ | 179/203 [00:00<00:00, 4965.61it/s, Materializing param=audio_spectrogram_transformer.encoder.layer.10.layernorm_before.weight]
Loading weights:  89%|████████▊ | 180/203 [00:00<00:00, 4987.81it/s, Materializing param=audio_spectrogram_transformer.encoder.layer.10.output.dense.bias]      
Loading weights:  89%|████████▊ | 180/203 [00:00<00:00, 4984.91it/s, Materializing param=audio_spectrogram_transformer.encoder.layer.10.output.dense.bias]
Loading weights:  89%|████████▉ | 181/203 [00:00<00:00, 5006.23it/s, Materializing param=audio_spectrogram_transformer.encoder.layer.10.output.dense.weight]
Loading weights:  89%|████████▉ | 181/203 [00:00<00:00, 5003.45it/s, Materializing param=audio_spectrogram_transformer.encoder.layer.10.output.dense.weight]
Loading weights:  90%|████████▉ | 182/203 [00:00<00:00, 5025.40it/s, Materializing param=audio_spectrogram_transformer.encoder.layer.11.attention.attention.key.bias]
Loading weights:  90%|████████▉ | 182/203 [00:00<00:00, 5022.66it/s, Materializing param=audio_spectrogram_transformer.encoder.layer.11.attention.attention.key.bias]
Loading weights:  90%|█████████ | 183/203 [00:00<00:00, 5044.38it/s, Materializing param=audio_spectrogram_transformer.encoder.layer.11.attention.attention.key.weight]
Loading weights:  90%|█████████ | 183/203 [00:00<00:00, 5041.46it/s, Materializing param=audio_spectrogram_transformer.encoder.layer.11.attention.attention.key.weight]
Loading weights:  91%|█████████ | 184/203 [00:00<00:00, 5063.32it/s, Materializing param=audio_spectrogram_transformer.encoder.layer.11.attention.attention.query.bias]
Loading weights:  91%|█████████ | 184/203 [00:00<00:00, 5060.54it/s, Materializing param=audio_spectrogram_transformer.encoder.layer.11.attention.attention.query.bias]
Loading weights:  91%|█████████ | 185/203 [00:00<00:00, 5082.17it/s, Materializing param=audio_spectrogram_transformer.encoder.layer.11.attention.attention.query.weight]
Loading weights:  91%|█████████ | 185/203 [00:00<00:00, 5079.25it/s, Materializing param=audio_spectrogram_transformer.encoder.layer.11.attention.attention.query.weight]
Loading weights:  92%|█████████▏| 186/203 [00:00<00:00, 5100.92it/s, Materializing param=audio_spectrogram_transformer.encoder.layer.11.attention.attention.value.bias]  
Loading weights:  92%|█████████▏| 186/203 [00:00<00:00, 5098.12it/s, Materializing param=audio_spectrogram_transformer.encoder.layer.11.attention.attention.value.bias]
Loading weights:  92%|█████████▏| 187/203 [00:00<00:00, 5058.69it/s, Materializing param=audio_spectrogram_transformer.encoder.layer.11.attention.attention.value.weight]
Loading weights:  92%|█████████▏| 187/203 [00:00<00:00, 5055.43it/s, Materializing param=audio_spectrogram_transformer.encoder.layer.11.attention.attention.value.weight]
Loading weights:  93%|█████████▎| 188/203 [00:00<00:00, 5075.86it/s, Materializing param=audio_spectrogram_transformer.encoder.layer.11.attention.output.dense.bias]     
Loading weights:  93%|█████████▎| 188/203 [00:00<00:00, 5072.98it/s, Materializing param=audio_spectrogram_transformer.encoder.layer.11.attention.output.dense.bias]
Loading weights:  93%|█████████▎| 189/203 [00:00<00:00, 5093.77it/s, Materializing param=audio_spectrogram_transformer.encoder.layer.11.attention.output.dense.weight]
Loading weights:  93%|█████████▎| 189/203 [00:00<00:00, 5091.06it/s, Materializing param=audio_spectrogram_transformer.encoder.layer.11.attention.output.dense.weight]
Loading weights:  94%|█████████▎| 190/203 [00:00<00:00, 5107.40it/s, Materializing param=audio_spectrogram_transformer.encoder.layer.11.intermediate.dense.bias]      
Loading weights:  94%|█████████▎| 190/203 [00:00<00:00, 5103.96it/s, Materializing param=audio_spectrogram_transformer.encoder.layer.11.intermediate.dense.bias]
Loading weights:  94%|█████████▍| 191/203 [00:00<00:00, 5124.36it/s, Materializing param=audio_spectrogram_transformer.encoder.layer.11.intermediate.dense.weight]
Loading weights:  94%|█████████▍| 191/203 [00:00<00:00, 5121.18it/s, Materializing param=audio_spectrogram_transformer.encoder.layer.11.intermediate.dense.weight]
Loading weights:  95%|█████████▍| 192/203 [00:00<00:00, 5142.08it/s, Materializing param=audio_spectrogram_transformer.encoder.layer.11.layernorm_after.bias]     
Loading weights:  95%|█████████▍| 192/203 [00:00<00:00, 5139.32it/s, Materializing param=audio_spectrogram_transformer.encoder.layer.11.layernorm_after.bias]
Loading weights:  95%|█████████▌| 193/203 [00:00<00:00, 5101.53it/s, Materializing param=audio_spectrogram_transformer.encoder.layer.11.layernorm_after.weight]
Loading weights:  95%|█████████▌| 193/203 [00:00<00:00, 5098.70it/s, Materializing param=audio_spectrogram_transformer.encoder.layer.11.layernorm_after.weight]
Loading weights:  96%|█████████▌| 194/203 [00:00<00:00, 5118.48it/s, Materializing param=audio_spectrogram_transformer.encoder.layer.11.layernorm_before.bias] 
Loading weights:  96%|█████████▌| 194/203 [00:00<00:00, 5115.65it/s, Materializing param=audio_spectrogram_transformer.encoder.layer.11.layernorm_before.bias]
Loading weights:  96%|█████████▌| 195/203 [00:00<00:00, 5136.72it/s, Materializing param=audio_spectrogram_transformer.encoder.layer.11.layernorm_before.weight]
Loading weights:  96%|█████████▌| 195/203 [00:00<00:00, 5134.04it/s, Materializing param=audio_spectrogram_transformer.encoder.layer.11.layernorm_before.weight]
Loading weights:  97%|█████████▋| 196/203 [00:00<00:00, 5155.03it/s, Materializing param=audio_spectrogram_transformer.encoder.layer.11.output.dense.bias]      
Loading weights:  97%|█████████▋| 196/203 [00:00<00:00, 5152.19it/s, Materializing param=audio_spectrogram_transformer.encoder.layer.11.output.dense.bias]
Loading weights:  97%|█████████▋| 197/203 [00:00<00:00, 5172.77it/s, Materializing param=audio_spectrogram_transformer.encoder.layer.11.output.dense.weight]
Loading weights:  97%|█████████▋| 197/203 [00:00<00:00, 5169.92it/s, Materializing param=audio_spectrogram_transformer.encoder.layer.11.output.dense.weight]
Loading weights:  98%|█████████▊| 198/203 [00:00<00:00, 5154.24it/s, Materializing param=audio_spectrogram_transformer.layernorm.bias]                      
Loading weights:  98%|█████████▊| 198/203 [00:00<00:00, 5150.50it/s, Materializing param=audio_spectrogram_transformer.layernorm.bias]
Loading weights:  98%|█████████▊| 199/203 [00:00<00:00, 5171.51it/s, Materializing param=audio_spectrogram_transformer.layernorm.weight]
Loading weights:  98%|█████████▊| 199/203 [00:00<00:00, 5168.69it/s, Materializing param=audio_spectrogram_transformer.layernorm.weight]
Loading weights:  99%|█████████▊| 200/203 [00:00<00:00, 5189.97it/s, Materializing param=classifier.dense.bias]                         
Loading weights:  99%|█████████▊| 200/203 [00:00<00:00, 5187.15it/s, Materializing param=classifier.dense.bias]
Loading weights:  99%|█████████▉| 201/203 [00:00<00:00, 5208.48it/s, Materializing param=classifier.dense.weight]
Loading weights:  99%|█████████▉| 201/203 [00:00<00:00, 5205.94it/s, Materializing param=classifier.dense.weight]
Loading weights: 100%|█████████▉| 202/203 [00:00<00:00, 5227.48it/s, Materializing param=classifier.layernorm.bias]
Loading weights: 100%|█████████▉| 202/203 [00:00<00:00, 5225.03it/s, Materializing param=classifier.layernorm.bias]
Loading weights: 100%|██████████| 203/203 [00:00<00:00, 5246.27it/s, Materializing param=classifier.layernorm.weight]
Loading weights: 100%|██████████| 203/203 [00:00<00:00, 5243.85it/s, Materializing param=classifier.layernorm.weight]
Loading weights: 100%|██████████| 203/203 [00:00<00:00, 5234.53it/s, Materializing param=classifier.layernorm.weight]
ASTForAudioClassification LOAD REPORT from: MIT/ast-finetuned-audioset-10-10-0.4593
Key                     | Status   |                                                                                        
------------------------+----------+----------------------------------------------------------------------------------------
classifier.dense.weight | MISMATCH | Reinit due to size mismatch ckpt: torch.Size([527, 768]) vs model:torch.Size([40, 768])
classifier.dense.bias   | MISMATCH | Reinit due to size mismatch ckpt: torch.Size([527]) vs model:torch.Size([40])          

Notes:
- MISMATCH	:ckpt weights were loaded, but they did not match the original empty weight shapes.
/Users/zakkeown/.pyenv/versions/3.11.14/lib/python3.11/site-packages/torchaudio/functional/functional.py:581: UserWarning: At least one mel filterbank has all zero values. The value for `n_mels` (128) may be set too high. Or, the value for `n_freqs` (201) may be set too low.
  warnings.warn(
Using 16bit Automatic Mixed Precision (AMP)
GPU available: True (mps), used: True
TPU available: False, using: 0 TPU cores
💡 Tip: For seamless cloud logging and experiment tracking, try installing [litlogger](https://pypi.org/project/litlogger/) to enable LitLogger, which logs metrics and artifacts automatically to the Lightning Experiments platform.
wandb: WARNING The anonymous setting has no effect and will be removed in a future version.
wandb: WARNING `resume` will be ignored since W&B syncing is set to `offline`. Starting a new run with run id 5z7wruex.
wandb: Tracking run with wandb version 0.24.1
wandb: W&B syncing is set to `offline` in this directory. Run `wandb online` or set WANDB_MODE=online to enable cloud syncing.
wandb: Run data is saved locally in wandb/offline-run-20260201_113432-5z7wruex
/Users/zakkeown/.pyenv/versions/3.11.14/lib/python3.11/site-packages/pytorch_lightning/utilities/model_summary/model_summary.py:242: Precision 16-mixed is not supported by the model summary.  Estimated model size in MB will not be accurate. Using 32 bits instead.

  | Name              | Type                          | Params | Mode  | FLOPs
------------------------------------------------------------------------------------
0 | model             | PeftModelForFeatureExtraction | 86.2 M | train | 0    
1 | train_acc         | MulticlassAccuracy            | 0      | train | 0    
2 | val_acc           | MulticlassAccuracy            | 0      | train | 0    
3 | test_acc          | MulticlassAccuracy            | 0      | train | 0    
4 | val_f1            | MulticlassF1Score             | 0      | train | 0    
5 | val_f1_per_class  | MulticlassF1Score             | 0      | train | 0    
6 | val_confusion     | MulticlassConfusionMatrix     | 0      | train | 0    
7 | test_f1           | MulticlassF1Score             | 0      | train | 0    
8 | test_f1_per_class | MulticlassF1Score             | 0      | train | 0    
9 | test_confusion    | MulticlassConfusionMatrix     | 0      | train | 0    
------------------------------------------------------------------------------------
27.6 K    Trainable params
86.2 M    Non-trainable params
86.2 M    Total params
344.989   Total estimated model params size (MB)
84        Modules in train mode
216       Modules in eval mode
0         Total Flops
IA3 applied: 86,219,560 -> 27,648 trainable params
Trainable params reduced to 0.03%

Sanity Checking: |          | 0/? [00:00<?, ?it/s]/Users/zakkeown/.pyenv/versions/3.11.14/lib/python3.11/site-packages/pytorch_lightning/utilities/_pytree.py:21: `isinstance(treespec, LeafSpec)` is deprecated, use `isinstance(treespec, TreeSpec) and treespec.is_leaf()` instead.
/Users/zakkeown/.pyenv/versions/3.11.14/lib/python3.11/site-packages/pytorch_lightning/trainer/connectors/data_connector.py:429: Consider setting `persistent_workers=True` in 'val_dataloader' to speed up the dataloader worker initialization.

Sanity Checking: |          | 0/? [00:00<?, ?it/s]
Sanity Checking DataLoader 0:   0%|          | 0/1 [00:00<?, ?it/s]
Sanity Checking DataLoader 0: 100%|██████████| 1/1 [00:00<00:00,  1.06it/s]
                                                                           /Users/zakkeown/.pyenv/versions/3.11.14/lib/python3.11/site-packages/pytorch_lightning/utilities/_pytree.py:21: `isinstance(treespec, LeafSpec)` is deprecated, use `isinstance(treespec, TreeSpec) and treespec.is_leaf()` instead.
/Users/zakkeown/.pyenv/versions/3.11.14/lib/python3.11/site-packages/pytorch_lightning/trainer/connectors/data_connector.py:429: Consider setting `persistent_workers=True` in 'train_dataloader' to speed up the dataloader worker initialization.

/Users/zakkeown/.pyenv/versions/3.11.14/lib/python3.11/site-packages/pytorch_lightning/loops/fit_loop.py:317: The number of training batches (3) is smaller than the logging interval Trainer(log_every_n_steps=50). Set a lower value for log_every_n_steps if you want to see logs for the training epoch.
/Users/zakkeown/.pyenv/versions/3.11.14/lib/python3.11/site-packages/pytorch_lightning/loops/fit_loop.py:534: Found 216 module(s) in eval mode at the start of training. This may lead to unexpected behavior during training. If this is intentional, you can ignore this warning.

Training: |          | 0/? [00:00<?, ?it/s]
Training: |          | 0/? [00:00<?, ?it/s]
Epoch 0:   0%|          | 0/3 [00:00<?, ?it/s]
Epoch 0:  33%|███▎      | 1/3 [00:52<01:45,  0.02it/s]
Epoch 0:  33%|███▎      | 1/3 [00:52<01:45,  0.02it/s, v_num=ruex, train/loss=154.0]
Epoch 0:  67%|██████▋   | 2/3 [01:16<00:38,  0.03it/s, v_num=ruex, train/loss=154.0]
Epoch 0:  67%|██████▋   | 2/3 [01:16<00:38,  0.03it/s, v_num=ruex, train/loss=154.0]
Epoch 0: 100%|██████████| 3/3 [01:22<00:00,  0.04it/s, v_num=ruex, train/loss=154.0]
Epoch 0: 100%|██████████| 3/3 [01:22<00:00,  0.04it/s, v_num=ruex, train/loss=154.0]

Validation: |          | 0/? [00:00<?, ?it/s][A

Validation: |          | 0/? [00:00<?, ?it/s][A

Validation DataLoader 0:   0%|          | 0/1 [00:00<?, ?it/s][A

Validation DataLoader 0: 100%|██████████| 1/1 [00:01<00:00,  0.51it/s][A

                                                                      [A
Epoch 0: 100%|██████████| 3/3 [01:30<00:00,  0.03it/s, v_num=ruex, train/loss=154.0, val/loss=3.260]
Epoch 0: 100%|██████████| 3/3 [01:30<00:00,  0.03it/s, v_num=ruex, train/loss=154.0, val/loss=3.260]
Epoch 0:   0%|          | 0/3 [00:00<?, ?it/s, v_num=ruex, train/loss=154.0, val/loss=3.260]        
Epoch 1:   0%|          | 0/3 [00:00<?, ?it/s, v_num=ruex, train/loss=154.0, val/loss=3.260]
Epoch 1:  33%|███▎      | 1/3 [01:02<02:04,  0.02it/s, v_num=ruex, train/loss=154.0, val/loss=3.260]
Epoch 1:  33%|███▎      | 1/3 [01:02<02:05,  0.02it/s, v_num=ruex, train/loss=154.0, val/loss=3.260]
Epoch 1:  67%|██████▋   | 2/3 [01:49<00:54,  0.02it/s, v_num=ruex, train/loss=154.0, val/loss=3.260]
Epoch 1:  67%|██████▋   | 2/3 [01:49<00:54,  0.02it/s, v_num=ruex, train/loss=154.0, val/loss=3.260]
Epoch 1: 100%|██████████| 3/3 [02:19<00:00,  0.02it/s, v_num=ruex, train/loss=154.0, val/loss=3.260]
Epoch 1: 100%|██████████| 3/3 [02:19<00:00,  0.02it/s, v_num=ruex, train/loss=154.0, val/loss=3.260]

Validation: |          | 0/? [00:00<?, ?it/s][A

Validation: |          | 0/? [00:00<?, ?it/s][A

Validation DataLoader 0:   0%|          | 0/1 [00:00<?, ?it/s][A

Validation DataLoader 0: 100%|██████████| 1/1 [00:01<00:00,  0.53it/s][A

                                                                      [A
Epoch 1: 100%|██████████| 3/3 [02:26<00:00,  0.02it/s, v_num=ruex, train/loss=154.0, val/loss=3.260]
Epoch 1: 100%|██████████| 3/3 [02:26<00:00,  0.02it/s, v_num=ruex, train/loss=154.0, val/loss=3.260]
Epoch 1:   0%|          | 0/3 [00:00<?, ?it/s, v_num=ruex, train/loss=154.0, val/loss=3.260]        
Epoch 2:   0%|          | 0/3 [00:00<?, ?it/s, v_num=ruex, train/loss=154.0, val/loss=3.260]
Epoch 2:  33%|███▎      | 1/3 [01:10<02:20,  0.01it/s, v_num=ruex, train/loss=154.0, val/loss=3.260]
Epoch 2:  33%|███▎      | 1/3 [01:10<02:20,  0.01it/s, v_num=ruex, train/loss=154.0, val/loss=3.260]
Epoch 2:  67%|██████▋   | 2/3 [01:56<00:58,  0.02it/s, v_num=ruex, train/loss=154.0, val/loss=3.260]
Epoch 2:  67%|██████▋   | 2/3 [01:56<00:58,  0.02it/s, v_num=ruex, train/loss=154.0, val/loss=3.260]
Epoch 2: 100%|██████████| 3/3 [02:21<00:00,  0.02it/s, v_num=ruex, train/loss=154.0, val/loss=3.260]
Epoch 2: 100%|██████████| 3/3 [02:21<00:00,  0.02it/s, v_num=ruex, train/loss=155.0, val/loss=3.260]

Validation: |          | 0/? [00:00<?, ?it/s][A

Validation: |          | 0/? [00:00<?, ?it/s][A

Validation DataLoader 0:   0%|          | 0/1 [00:00<?, ?it/s][A

Validation DataLoader 0: 100%|██████████| 1/1 [00:02<00:00,  0.46it/s][A

                                                                      [A
Epoch 2: 100%|██████████| 3/3 [02:29<00:00,  0.02it/s, v_num=ruex, train/loss=155.0, val/loss=3.260]
Epoch 2: 100%|██████████| 3/3 [02:29<00:00,  0.02it/s, v_num=ruex, train/loss=155.0, val/loss=3.260]
Epoch 2:   0%|          | 0/3 [00:00<?, ?it/s, v_num=ruex, train/loss=155.0, val/loss=3.260]        
Epoch 3:   0%|          | 0/3 [00:00<?, ?it/s, v_num=ruex, train/loss=155.0, val/loss=3.260]
Epoch 3:  33%|███▎      | 1/3 [01:06<02:13,  0.02it/s, v_num=ruex, train/loss=155.0, val/loss=3.260]
Epoch 3:  33%|███▎      | 1/3 [01:06<02:13,  0.02it/s, v_num=ruex, train/loss=154.0, val/loss=3.260]
Epoch 3:  67%|██████▋   | 2/3 [01:43<00:51,  0.02it/s, v_num=ruex, train/loss=154.0, val/loss=3.260]
Epoch 3:  67%|██████▋   | 2/3 [01:43<00:51,  0.02it/s, v_num=ruex, train/loss=154.0, val/loss=3.260]
Epoch 3: 100%|██████████| 3/3 [02:25<00:00,  0.02it/s, v_num=ruex, train/loss=154.0, val/loss=3.260]
Epoch 3: 100%|██████████| 3/3 [02:25<00:00,  0.02it/s, v_num=ruex, train/loss=154.0, val/loss=3.260]

Validation: |          | 0/? [00:00<?, ?it/s][A

Validation: |          | 0/? [00:00<?, ?it/s][A

Validation DataLoader 0:   0%|          | 0/1 [00:00<?, ?it/s][A

Validation DataLoader 0: 100%|██████████| 1/1 [00:01<00:00,  0.58it/s][A

                                                                      [A
Epoch 3: 100%|██████████| 3/3 [02:33<00:00,  0.02it/s, v_num=ruex, train/loss=154.0, val/loss=3.260]
Epoch 3: 100%|██████████| 3/3 [02:33<00:00,  0.02it/s, v_num=ruex, train/loss=154.0, val/loss=3.260]
Epoch 3:   0%|          | 0/3 [00:00<?, ?it/s, v_num=ruex, train/loss=154.0, val/loss=3.260]        
Epoch 4:   0%|          | 0/3 [00:00<?, ?it/s, v_num=ruex, train/loss=154.0, val/loss=3.260]
Epoch 4:  33%|███▎      | 1/3 [01:15<02:31,  0.01it/s, v_num=ruex, train/loss=154.0, val/loss=3.260]
Epoch 4:  33%|███▎      | 1/3 [01:16<02:32,  0.01it/s, v_num=ruex, train/loss=154.0, val/loss=3.260]
Epoch 4:  67%|██████▋   | 2/3 [01:57<00:58,  0.02it/s, v_num=ruex, train/loss=154.0, val/loss=3.260]
Epoch 4:  67%|██████▋   | 2/3 [01:57<00:58,  0.02it/s, v_num=ruex, train/loss=154.0, val/loss=3.260]
Epoch 4: 100%|██████████| 3/3 [02:33<00:00,  0.02it/s, v_num=ruex, train/loss=154.0, val/loss=3.260]
Epoch 4: 100%|██████████| 3/3 [02:33<00:00,  0.02it/s, v_num=ruex, train/loss=154.0, val/loss=3.260]

Validation: |          | 0/? [00:00<?, ?it/s][A

Validation: |          | 0/? [00:00<?, ?it/s][A

Validation DataLoader 0:   0%|          | 0/1 [00:00<?, ?it/s][A

Validation DataLoader 0: 100%|██████████| 1/1 [00:02<00:00,  0.48it/s][A

                                                                      [A
Epoch 4: 100%|██████████| 3/3 [02:44<00:00,  0.02it/s, v_num=ruex, train/loss=154.0, val/loss=3.260]
Epoch 4: 100%|██████████| 3/3 [02:44<00:00,  0.02it/s, v_num=ruex, train/loss=154.0, val/loss=3.260]`Trainer.fit` stopped: `max_epochs=5` reached.

Epoch 4: 100%|██████████| 3/3 [02:44<00:00,  0.02it/s, v_num=ruex, train/loss=154.0, val/loss=3.260]/Users/zakkeown/.pyenv/versions/3.11.14/lib/python3.11/site-packages/pytorch_lightning/utilities/_pytree.py:21: `isinstance(treespec, LeafSpec)` is deprecated, use `isinstance(treespec, TreeSpec) and treespec.is_leaf()` instead.
/Users/zakkeown/.pyenv/versions/3.11.14/lib/python3.11/site-packages/pytorch_lightning/trainer/connectors/data_connector.py:429: Consider setting `persistent_workers=True` in 'test_dataloader' to speed up the dataloader worker initialization.


Testing: |          | 0/? [00:00<?, ?it/s]
Testing: |          | 0/? [00:00<?, ?it/s]
Testing DataLoader 0:   0%|          | 0/1 [00:00<?, ?it/s]
Testing DataLoader 0: 100%|██████████| 1/1 [00:00<00:00,  1.41it/s]
Testing DataLoader 0: 100%|██████████| 1/1 [00:00<00:00,  1.01it/s]
────────────────────────────────────────────────────────────────────────────────────────────────────────────────────────
             Test metric                         DataLoader 0
────────────────────────────────────────────────────────────────────────────────────────────────────────────────────────
              test/acc                                0.0
    test/f1_best/ten-stroke-roll                      0.0
  test/f1_best/thirteen-stroke-roll                   0.0
   test/f1_best/triple-paradiddle                     0.0
    test/f1_best/triple-ratamacue                     0.0
   test/f1_best/triple-stroke-roll                    0.0
            test/f1_macro                             0.0
    test/f1_worst/double-drag-tap                     0.0
   test/f1_worst/double-paradiddle                    0.0
   test/f1_worst/double-ratamacue                     0.0
test/f1_worst/double-stroke-open-roll                 0.0
         test/f1_worst/drag                           0.0
              test/loss                           3.228515625
────────────────────────────────────────────────────────────────────────────────────────────────────────────────────────
[1;34mwandb[0m: 
[1;34mwandb[0m: You can sync this run to the cloud by running:
[1;34mwandb[0m: [1mwandb sync wandb/offline-run-20260201_113432-5z7wruex[0m
