Seed set to 42
[2026-02-01 13:23:55,677][httpx][INFO] - HTTP Request: HEAD https://huggingface.co/MIT/ast-finetuned-audioset-10-10-0.4593/resolve/main/config.json "HTTP/1.1 307 Temporary Redirect"
[2026-02-01 13:23:55,711][httpx][INFO] - HTTP Request: HEAD https://huggingface.co/api/resolve-cache/models/MIT/ast-finetuned-audioset-10-10-0.4593/f826b80d28226b62986cc218e5cec390b1096902/config.json "HTTP/1.1 200 OK"
[2026-02-01 13:23:55,796][httpx][INFO] - HTTP Request: HEAD https://huggingface.co/MIT/ast-finetuned-audioset-10-10-0.4593/resolve/main/config.json "HTTP/1.1 307 Temporary Redirect"
Warning: You are sending unauthenticated requests to the HF Hub. Please set a HF_TOKEN to enable higher rate limits and faster downloads.
[2026-02-01 13:23:55,796][huggingface_hub.utils._http][WARNING] - Warning: You are sending unauthenticated requests to the HF Hub. Please set a HF_TOKEN to enable higher rate limits and faster downloads.
[2026-02-01 13:23:55,830][httpx][INFO] - HTTP Request: HEAD https://huggingface.co/api/resolve-cache/models/MIT/ast-finetuned-audioset-10-10-0.4593/f826b80d28226b62986cc218e5cec390b1096902/config.json "HTTP/1.1 200 OK"
[2026-02-01 13:23:55,907][httpx][INFO] - HTTP Request: HEAD https://huggingface.co/MIT/ast-finetuned-audioset-10-10-0.4593/resolve/main/model.safetensors "HTTP/1.1 302 Found"

Loading weights:   0%|          | 0/203 [00:00<?, ?it/s]
Loading weights:   0%|          | 1/203 [00:00<00:00, 5236.33it/s, Materializing param=audio_spectrogram_transformer.embeddings.cls_token]
Loading weights:   0%|          | 1/203 [00:00<00:00, 3998.38it/s, Materializing param=audio_spectrogram_transformer.embeddings.cls_token]
Loading weights:   1%|          | 2/203 [00:00<00:00, 3898.05it/s, Materializing param=audio_spectrogram_transformer.embeddings.distillation_token]
Loading weights:   1%|          | 2/203 [00:00<00:00, 3663.15it/s, Materializing param=audio_spectrogram_transformer.embeddings.distillation_token]
Loading weights:   1%|▏         | 3/203 [00:00<00:00, 4892.27it/s, Materializing param=audio_spectrogram_transformer.embeddings.patch_embeddings.projection.bias]
Loading weights:   1%|▏         | 3/203 [00:00<00:00, 4629.47it/s, Materializing param=audio_spectrogram_transformer.embeddings.patch_embeddings.projection.bias]
Loading weights:   2%|▏         | 4/203 [00:00<00:00, 5517.01it/s, Materializing param=audio_spectrogram_transformer.embeddings.patch_embeddings.projection.weight]
Loading weights:   2%|▏         | 4/203 [00:00<00:00, 5173.36it/s, Materializing param=audio_spectrogram_transformer.embeddings.patch_embeddings.projection.weight]
Loading weights:   2%|▏         | 5/203 [00:00<00:00, 5979.90it/s, Materializing param=audio_spectrogram_transformer.embeddings.position_embeddings]               
Loading weights:   2%|▏         | 5/203 [00:00<00:00, 5766.16it/s, Materializing param=audio_spectrogram_transformer.embeddings.position_embeddings]
Loading weights:   3%|▎         | 6/203 [00:00<00:00, 6486.04it/s, Materializing param=audio_spectrogram_transformer.encoder.layer.0.attention.attention.key.bias]
Loading weights:   3%|▎         | 6/203 [00:00<00:00, 6308.81it/s, Materializing param=audio_spectrogram_transformer.encoder.layer.0.attention.attention.key.bias]
Loading weights:   3%|▎         | 7/203 [00:00<00:00, 6357.76it/s, Materializing param=audio_spectrogram_transformer.encoder.layer.0.attention.attention.key.weight]
Loading weights:   3%|▎         | 7/203 [00:00<00:00, 6117.97it/s, Materializing param=audio_spectrogram_transformer.encoder.layer.0.attention.attention.key.weight]
Loading weights:   4%|▍         | 8/203 [00:00<00:00, 5326.10it/s, Materializing param=audio_spectrogram_transformer.encoder.layer.0.attention.attention.query.bias]
Loading weights:   4%|▍         | 8/203 [00:00<00:00, 5224.92it/s, Materializing param=audio_spectrogram_transformer.encoder.layer.0.attention.attention.query.bias]
Loading weights:   4%|▍         | 9/203 [00:00<00:00, 5645.94it/s, Materializing param=audio_spectrogram_transformer.encoder.layer.0.attention.attention.query.weight]
Loading weights:   4%|▍         | 9/203 [00:00<00:00, 5552.10it/s, Materializing param=audio_spectrogram_transformer.encoder.layer.0.attention.attention.query.weight]
Loading weights:   5%|▍         | 10/203 [00:00<00:00, 5854.70it/s, Materializing param=audio_spectrogram_transformer.encoder.layer.0.attention.attention.value.bias] 
Loading weights:   5%|▍         | 10/203 [00:00<00:00, 5773.30it/s, Materializing param=audio_spectrogram_transformer.encoder.layer.0.attention.attention.value.bias]
Loading weights:   5%|▌         | 11/203 [00:00<00:00, 6138.55it/s, Materializing param=audio_spectrogram_transformer.encoder.layer.0.attention.attention.value.weight]
Loading weights:   5%|▌         | 11/203 [00:00<00:00, 6057.15it/s, Materializing param=audio_spectrogram_transformer.encoder.layer.0.attention.attention.value.weight]
Loading weights:   6%|▌         | 12/203 [00:00<00:00, 6371.90it/s, Materializing param=audio_spectrogram_transformer.encoder.layer.0.attention.output.dense.bias]     
Loading weights:   6%|▌         | 12/203 [00:00<00:00, 6293.03it/s, Materializing param=audio_spectrogram_transformer.encoder.layer.0.attention.output.dense.bias]
Loading weights:   6%|▋         | 13/203 [00:00<00:00, 6578.90it/s, Materializing param=audio_spectrogram_transformer.encoder.layer.0.attention.output.dense.weight]
Loading weights:   6%|▋         | 13/203 [00:00<00:00, 6505.90it/s, Materializing param=audio_spectrogram_transformer.encoder.layer.0.attention.output.dense.weight]
Loading weights:   7%|▋         | 14/203 [00:00<00:00, 6809.72it/s, Materializing param=audio_spectrogram_transformer.encoder.layer.0.intermediate.dense.bias]      
Loading weights:   7%|▋         | 14/203 [00:00<00:00, 6730.89it/s, Materializing param=audio_spectrogram_transformer.encoder.layer.0.intermediate.dense.bias]
Loading weights:   7%|▋         | 15/203 [00:00<00:00, 7041.36it/s, Materializing param=audio_spectrogram_transformer.encoder.layer.0.intermediate.dense.weight]
Loading weights:   7%|▋         | 15/203 [00:00<00:00, 6967.28it/s, Materializing param=audio_spectrogram_transformer.encoder.layer.0.intermediate.dense.weight]
Loading weights:   8%|▊         | 16/203 [00:00<00:00, 7279.41it/s, Materializing param=audio_spectrogram_transformer.encoder.layer.0.layernorm_after.bias]     
Loading weights:   8%|▊         | 16/203 [00:00<00:00, 7200.52it/s, Materializing param=audio_spectrogram_transformer.encoder.layer.0.layernorm_after.bias]
Loading weights:   8%|▊         | 17/203 [00:00<00:00, 7439.81it/s, Materializing param=audio_spectrogram_transformer.encoder.layer.0.layernorm_after.weight]
Loading weights:   8%|▊         | 17/203 [00:00<00:00, 7362.23it/s, Materializing param=audio_spectrogram_transformer.encoder.layer.0.layernorm_after.weight]
Loading weights:   9%|▉         | 18/203 [00:00<00:00, 7633.72it/s, Materializing param=audio_spectrogram_transformer.encoder.layer.0.layernorm_before.bias] 
Loading weights:   9%|▉         | 18/203 [00:00<00:00, 7559.57it/s, Materializing param=audio_spectrogram_transformer.encoder.layer.0.layernorm_before.bias]
Loading weights:   9%|▉         | 19/203 [00:00<00:00, 7806.03it/s, Materializing param=audio_spectrogram_transformer.encoder.layer.0.layernorm_before.weight]
Loading weights:   9%|▉         | 19/203 [00:00<00:00, 7739.32it/s, Materializing param=audio_spectrogram_transformer.encoder.layer.0.layernorm_before.weight]
Loading weights:  10%|▉         | 20/203 [00:00<00:00, 6936.75it/s, Materializing param=audio_spectrogram_transformer.encoder.layer.0.output.dense.bias]      
Loading weights:  10%|▉         | 20/203 [00:00<00:00, 6832.78it/s, Materializing param=audio_spectrogram_transformer.encoder.layer.0.output.dense.bias]
Loading weights:  10%|█         | 21/203 [00:00<00:00, 6380.79it/s, Materializing param=audio_spectrogram_transformer.encoder.layer.0.output.dense.weight]
Loading weights:  10%|█         | 21/203 [00:00<00:00, 6325.34it/s, Materializing param=audio_spectrogram_transformer.encoder.layer.0.output.dense.weight]
Loading weights:  11%|█         | 22/203 [00:00<00:00, 6124.70it/s, Materializing param=audio_spectrogram_transformer.encoder.layer.1.attention.attention.key.bias]
Loading weights:  11%|█         | 22/203 [00:00<00:00, 6077.10it/s, Materializing param=audio_spectrogram_transformer.encoder.layer.1.attention.attention.key.bias]
Loading weights:  11%|█▏        | 23/203 [00:00<00:00, 5729.92it/s, Materializing param=audio_spectrogram_transformer.encoder.layer.1.attention.attention.key.weight]
Loading weights:  11%|█▏        | 23/203 [00:00<00:00, 5687.36it/s, Materializing param=audio_spectrogram_transformer.encoder.layer.1.attention.attention.key.weight]
Loading weights:  12%|█▏        | 24/203 [00:00<00:00, 5859.33it/s, Materializing param=audio_spectrogram_transformer.encoder.layer.1.attention.attention.query.bias]
Loading weights:  12%|█▏        | 24/203 [00:00<00:00, 5825.09it/s, Materializing param=audio_spectrogram_transformer.encoder.layer.1.attention.attention.query.bias]
Loading weights:  12%|█▏        | 25/203 [00:00<00:00, 5982.29it/s, Materializing param=audio_spectrogram_transformer.encoder.layer.1.attention.attention.query.weight]
Loading weights:  12%|█▏        | 25/203 [00:00<00:00, 5948.02it/s, Materializing param=audio_spectrogram_transformer.encoder.layer.1.attention.attention.query.weight]
Loading weights:  13%|█▎        | 26/203 [00:00<00:00, 5462.15it/s, Materializing param=audio_spectrogram_transformer.encoder.layer.1.attention.attention.value.bias]  
Loading weights:  13%|█▎        | 26/203 [00:00<00:00, 5414.42it/s, Materializing param=audio_spectrogram_transformer.encoder.layer.1.attention.attention.value.bias]
Loading weights:  13%|█▎        | 27/203 [00:00<00:00, 5520.17it/s, Materializing param=audio_spectrogram_transformer.encoder.layer.1.attention.attention.value.weight]
Loading weights:  13%|█▎        | 27/203 [00:00<00:00, 5487.80it/s, Materializing param=audio_spectrogram_transformer.encoder.layer.1.attention.attention.value.weight]
Loading weights:  14%|█▍        | 28/203 [00:00<00:00, 5370.18it/s, Materializing param=audio_spectrogram_transformer.encoder.layer.1.attention.output.dense.bias]     
Loading weights:  14%|█▍        | 28/203 [00:00<00:00, 5344.52it/s, Materializing param=audio_spectrogram_transformer.encoder.layer.1.attention.output.dense.bias]
Loading weights:  14%|█▍        | 29/203 [00:00<00:00, 5193.19it/s, Materializing param=audio_spectrogram_transformer.encoder.layer.1.attention.output.dense.weight]
Loading weights:  14%|█▍        | 29/203 [00:00<00:00, 5167.37it/s, Materializing param=audio_spectrogram_transformer.encoder.layer.1.attention.output.dense.weight]
Loading weights:  15%|█▍        | 30/203 [00:00<00:00, 5295.62it/s, Materializing param=audio_spectrogram_transformer.encoder.layer.1.intermediate.dense.bias]      
Loading weights:  15%|█▍        | 30/203 [00:00<00:00, 5273.20it/s, Materializing param=audio_spectrogram_transformer.encoder.layer.1.intermediate.dense.bias]
Loading weights:  15%|█▌        | 31/203 [00:00<00:00, 4801.63it/s, Materializing param=audio_spectrogram_transformer.encoder.layer.1.intermediate.dense.weight]
Loading weights:  15%|█▌        | 31/203 [00:00<00:00, 4782.38it/s, Materializing param=audio_spectrogram_transformer.encoder.layer.1.intermediate.dense.weight]
Loading weights:  16%|█▌        | 32/203 [00:00<00:00, 4721.82it/s, Materializing param=audio_spectrogram_transformer.encoder.layer.1.layernorm_after.bias]     
Loading weights:  16%|█▌        | 32/203 [00:00<00:00, 4695.55it/s, Materializing param=audio_spectrogram_transformer.encoder.layer.1.layernorm_after.bias]
Loading weights:  16%|█▋        | 33/203 [00:00<00:00, 4794.98it/s, Materializing param=audio_spectrogram_transformer.encoder.layer.1.layernorm_after.weight]
Loading weights:  16%|█▋        | 33/203 [00:00<00:00, 4776.95it/s, Materializing param=audio_spectrogram_transformer.encoder.layer.1.layernorm_after.weight]
Loading weights:  17%|█▋        | 34/203 [00:00<00:00, 4886.46it/s, Materializing param=audio_spectrogram_transformer.encoder.layer.1.layernorm_before.bias] 
Loading weights:  17%|█▋        | 34/203 [00:00<00:00, 4869.60it/s, Materializing param=audio_spectrogram_transformer.encoder.layer.1.layernorm_before.bias]
Loading weights:  17%|█▋        | 35/203 [00:00<00:00, 4979.33it/s, Materializing param=audio_spectrogram_transformer.encoder.layer.1.layernorm_before.weight]
Loading weights:  17%|█▋        | 35/203 [00:00<00:00, 4963.17it/s, Materializing param=audio_spectrogram_transformer.encoder.layer.1.layernorm_before.weight]
Loading weights:  18%|█▊        | 36/203 [00:00<00:00, 5038.54it/s, Materializing param=audio_spectrogram_transformer.encoder.layer.1.output.dense.bias]      
Loading weights:  18%|█▊        | 36/203 [00:00<00:00, 5018.78it/s, Materializing param=audio_spectrogram_transformer.encoder.layer.1.output.dense.bias]
Loading weights:  18%|█▊        | 37/203 [00:00<00:00, 5115.34it/s, Materializing param=audio_spectrogram_transformer.encoder.layer.1.output.dense.weight]
Loading weights:  18%|█▊        | 37/203 [00:00<00:00, 5099.21it/s, Materializing param=audio_spectrogram_transformer.encoder.layer.1.output.dense.weight]
Loading weights:  19%|█▊        | 38/203 [00:00<00:00, 4990.09it/s, Materializing param=audio_spectrogram_transformer.encoder.layer.2.attention.attention.key.bias]
Loading weights:  19%|█▊        | 38/203 [00:00<00:00, 4973.74it/s, Materializing param=audio_spectrogram_transformer.encoder.layer.2.attention.attention.key.bias]
Loading weights:  19%|█▉        | 39/203 [00:00<00:00, 5070.77it/s, Materializing param=audio_spectrogram_transformer.encoder.layer.2.attention.attention.key.weight]
Loading weights:  19%|█▉        | 39/203 [00:00<00:00, 5055.72it/s, Materializing param=audio_spectrogram_transformer.encoder.layer.2.attention.attention.key.weight]
Loading weights:  20%|█▉        | 40/203 [00:00<00:00, 5100.70it/s, Materializing param=audio_spectrogram_transformer.encoder.layer.2.attention.attention.query.bias]
Loading weights:  20%|█▉        | 40/203 [00:00<00:00, 5082.62it/s, Materializing param=audio_spectrogram_transformer.encoder.layer.2.attention.attention.query.bias]
Loading weights:  20%|██        | 41/203 [00:00<00:00, 5143.61it/s, Materializing param=audio_spectrogram_transformer.encoder.layer.2.attention.attention.query.weight]
Loading weights:  20%|██        | 41/203 [00:00<00:00, 5126.29it/s, Materializing param=audio_spectrogram_transformer.encoder.layer.2.attention.attention.query.weight]
Loading weights:  21%|██        | 42/203 [00:00<00:00, 5180.74it/s, Materializing param=audio_spectrogram_transformer.encoder.layer.2.attention.attention.value.bias]  
Loading weights:  21%|██        | 42/203 [00:00<00:00, 5164.04it/s, Materializing param=audio_spectrogram_transformer.encoder.layer.2.attention.attention.value.bias]
Loading weights:  21%|██        | 43/203 [00:00<00:00, 5045.74it/s, Materializing param=audio_spectrogram_transformer.encoder.layer.2.attention.attention.value.weight]
Loading weights:  21%|██        | 43/203 [00:00<00:00, 5029.14it/s, Materializing param=audio_spectrogram_transformer.encoder.layer.2.attention.attention.value.weight]
Loading weights:  22%|██▏       | 44/203 [00:00<00:00, 5096.08it/s, Materializing param=audio_spectrogram_transformer.encoder.layer.2.attention.output.dense.bias]     
Loading weights:  22%|██▏       | 44/203 [00:00<00:00, 5080.79it/s, Materializing param=audio_spectrogram_transformer.encoder.layer.2.attention.output.dense.bias]
Loading weights:  22%|██▏       | 45/203 [00:00<00:00, 5166.39it/s, Materializing param=audio_spectrogram_transformer.encoder.layer.2.attention.output.dense.weight]
Loading weights:  22%|██▏       | 45/203 [00:00<00:00, 5152.85it/s, Materializing param=audio_spectrogram_transformer.encoder.layer.2.attention.output.dense.weight]
Loading weights:  23%|██▎       | 46/203 [00:00<00:00, 5021.29it/s, Materializing param=audio_spectrogram_transformer.encoder.layer.2.intermediate.dense.bias]      
Loading weights:  23%|██▎       | 46/203 [00:00<00:00, 5006.95it/s, Materializing param=audio_spectrogram_transformer.encoder.layer.2.intermediate.dense.bias]
Loading weights:  23%|██▎       | 47/203 [00:00<00:00, 4919.82it/s, Materializing param=audio_spectrogram_transformer.encoder.layer.2.intermediate.dense.weight]
Loading weights:  23%|██▎       | 47/203 [00:00<00:00, 4907.08it/s, Materializing param=audio_spectrogram_transformer.encoder.layer.2.intermediate.dense.weight]
Loading weights:  24%|██▎       | 48/203 [00:00<00:00, 4970.41it/s, Materializing param=audio_spectrogram_transformer.encoder.layer.2.layernorm_after.bias]     
Loading weights:  24%|██▎       | 48/203 [00:00<00:00, 4956.59it/s, Materializing param=audio_spectrogram_transformer.encoder.layer.2.layernorm_after.bias]
Loading weights:  24%|██▍       | 49/203 [00:00<00:00, 5030.25it/s, Materializing param=audio_spectrogram_transformer.encoder.layer.2.layernorm_after.weight]
Loading weights:  24%|██▍       | 49/203 [00:00<00:00, 5018.95it/s, Materializing param=audio_spectrogram_transformer.encoder.layer.2.layernorm_after.weight]
Loading weights:  25%|██▍       | 50/203 [00:00<00:00, 5097.85it/s, Materializing param=audio_spectrogram_transformer.encoder.layer.2.layernorm_before.bias] 
Loading weights:  25%|██▍       | 50/203 [00:00<00:00, 5086.35it/s, Materializing param=audio_spectrogram_transformer.encoder.layer.2.layernorm_before.bias]
Loading weights:  25%|██▌       | 51/203 [00:00<00:00, 5166.02it/s, Materializing param=audio_spectrogram_transformer.encoder.layer.2.layernorm_before.weight]
Loading weights:  25%|██▌       | 51/203 [00:00<00:00, 5154.57it/s, Materializing param=audio_spectrogram_transformer.encoder.layer.2.layernorm_before.weight]
Loading weights:  26%|██▌       | 52/203 [00:00<00:00, 5077.14it/s, Materializing param=audio_spectrogram_transformer.encoder.layer.2.output.dense.bias]      
Loading weights:  26%|██▌       | 52/203 [00:00<00:00, 5064.64it/s, Materializing param=audio_spectrogram_transformer.encoder.layer.2.output.dense.bias]
Loading weights:  26%|██▌       | 53/203 [00:00<00:00, 5129.64it/s, Materializing param=audio_spectrogram_transformer.encoder.layer.2.output.dense.weight]
Loading weights:  26%|██▌       | 53/203 [00:00<00:00, 5117.83it/s, Materializing param=audio_spectrogram_transformer.encoder.layer.2.output.dense.weight]
Loading weights:  27%|██▋       | 54/203 [00:00<00:00, 5188.35it/s, Materializing param=audio_spectrogram_transformer.encoder.layer.3.attention.attention.key.bias]
Loading weights:  27%|██▋       | 54/203 [00:00<00:00, 5177.32it/s, Materializing param=audio_spectrogram_transformer.encoder.layer.3.attention.attention.key.bias]
Loading weights:  27%|██▋       | 55/203 [00:00<00:00, 5073.72it/s, Materializing param=audio_spectrogram_transformer.encoder.layer.3.attention.attention.key.weight]
Loading weights:  27%|██▋       | 55/203 [00:00<00:00, 5062.03it/s, Materializing param=audio_spectrogram_transformer.encoder.layer.3.attention.attention.key.weight]
Loading weights:  28%|██▊       | 56/203 [00:00<00:00, 5131.43it/s, Materializing param=audio_spectrogram_transformer.encoder.layer.3.attention.attention.query.bias]
Loading weights:  28%|██▊       | 56/203 [00:00<00:00, 5121.14it/s, Materializing param=audio_spectrogram_transformer.encoder.layer.3.attention.attention.query.bias]
Loading weights:  28%|██▊       | 57/203 [00:00<00:00, 5187.93it/s, Materializing param=audio_spectrogram_transformer.encoder.layer.3.attention.attention.query.weight]
Loading weights:  28%|██▊       | 57/203 [00:00<00:00, 5177.03it/s, Materializing param=audio_spectrogram_transformer.encoder.layer.3.attention.attention.query.weight]
Loading weights:  29%|██▊       | 58/203 [00:00<00:00, 5047.40it/s, Materializing param=audio_spectrogram_transformer.encoder.layer.3.attention.attention.value.bias]  
Loading weights:  29%|██▊       | 58/203 [00:00<00:00, 5034.66it/s, Materializing param=audio_spectrogram_transformer.encoder.layer.3.attention.attention.value.bias]
Loading weights:  29%|██▉       | 59/203 [00:00<00:00, 4967.06it/s, Materializing param=audio_spectrogram_transformer.encoder.layer.3.attention.attention.value.weight]
Loading weights:  29%|██▉       | 59/203 [00:00<00:00, 4957.11it/s, Materializing param=audio_spectrogram_transformer.encoder.layer.3.attention.attention.value.weight]
Loading weights:  30%|██▉       | 60/203 [00:00<00:00, 5020.41it/s, Materializing param=audio_spectrogram_transformer.encoder.layer.3.attention.output.dense.bias]     
Loading weights:  30%|██▉       | 60/203 [00:00<00:00, 5011.22it/s, Materializing param=audio_spectrogram_transformer.encoder.layer.3.attention.output.dense.bias]
Loading weights:  30%|███       | 61/203 [00:00<00:00, 5066.49it/s, Materializing param=audio_spectrogram_transformer.encoder.layer.3.attention.output.dense.weight]
Loading weights:  30%|███       | 61/203 [00:00<00:00, 5055.08it/s, Materializing param=audio_spectrogram_transformer.encoder.layer.3.attention.output.dense.weight]
Loading weights:  31%|███       | 62/203 [00:00<00:00, 5116.82it/s, Materializing param=audio_spectrogram_transformer.encoder.layer.3.intermediate.dense.bias]      
Loading weights:  31%|███       | 62/203 [00:00<00:00, 5106.17it/s, Materializing param=audio_spectrogram_transformer.encoder.layer.3.intermediate.dense.bias]
Loading weights:  31%|███       | 63/203 [00:00<00:00, 4922.62it/s, Materializing param=audio_spectrogram_transformer.encoder.layer.3.intermediate.dense.weight]
Loading weights:  31%|███       | 63/203 [00:00<00:00, 4912.64it/s, Materializing param=audio_spectrogram_transformer.encoder.layer.3.intermediate.dense.weight]
Loading weights:  32%|███▏      | 64/203 [00:00<00:00, 4865.78it/s, Materializing param=audio_spectrogram_transformer.encoder.layer.3.layernorm_after.bias]     
Loading weights:  32%|███▏      | 64/203 [00:00<00:00, 4856.19it/s, Materializing param=audio_spectrogram_transformer.encoder.layer.3.layernorm_after.bias]
Loading weights:  32%|███▏      | 65/203 [00:00<00:00, 4814.48it/s, Materializing param=audio_spectrogram_transformer.encoder.layer.3.layernorm_after.weight]
Loading weights:  32%|███▏      | 65/203 [00:00<00:00, 4805.57it/s, Materializing param=audio_spectrogram_transformer.encoder.layer.3.layernorm_after.weight]
Loading weights:  33%|███▎      | 66/203 [00:00<00:00, 4854.69it/s, Materializing param=audio_spectrogram_transformer.encoder.layer.3.layernorm_before.bias] 
Loading weights:  33%|███▎      | 66/203 [00:00<00:00, 4846.53it/s, Materializing param=audio_spectrogram_transformer.encoder.layer.3.layernorm_before.bias]
Loading weights:  33%|███▎      | 67/203 [00:00<00:00, 4902.62it/s, Materializing param=audio_spectrogram_transformer.encoder.layer.3.layernorm_before.weight]
Loading weights:  33%|███▎      | 67/203 [00:00<00:00, 4895.11it/s, Materializing param=audio_spectrogram_transformer.encoder.layer.3.layernorm_before.weight]
Loading weights:  33%|███▎      | 68/203 [00:00<00:00, 4952.98it/s, Materializing param=audio_spectrogram_transformer.encoder.layer.3.output.dense.bias]      
Loading weights:  33%|███▎      | 68/203 [00:00<00:00, 4945.08it/s, Materializing param=audio_spectrogram_transformer.encoder.layer.3.output.dense.bias]
Loading weights:  34%|███▍      | 69/203 [00:00<00:00, 4887.31it/s, Materializing param=audio_spectrogram_transformer.encoder.layer.3.output.dense.weight]
Loading weights:  34%|███▍      | 69/203 [00:00<00:00, 4879.48it/s, Materializing param=audio_spectrogram_transformer.encoder.layer.3.output.dense.weight]
Loading weights:  34%|███▍      | 70/203 [00:00<00:00, 4934.48it/s, Materializing param=audio_spectrogram_transformer.encoder.layer.4.attention.attention.key.bias]
Loading weights:  34%|███▍      | 70/203 [00:00<00:00, 4926.77it/s, Materializing param=audio_spectrogram_transformer.encoder.layer.4.attention.attention.key.bias]
Loading weights:  35%|███▍      | 71/203 [00:00<00:00, 4975.12it/s, Materializing param=audio_spectrogram_transformer.encoder.layer.4.attention.attention.key.weight]
Loading weights:  35%|███▍      | 71/203 [00:00<00:00, 4967.48it/s, Materializing param=audio_spectrogram_transformer.encoder.layer.4.attention.attention.key.weight]
Loading weights:  35%|███▌      | 72/203 [00:00<00:00, 5017.36it/s, Materializing param=audio_spectrogram_transformer.encoder.layer.4.attention.attention.query.bias]
Loading weights:  35%|███▌      | 72/203 [00:00<00:00, 5009.37it/s, Materializing param=audio_spectrogram_transformer.encoder.layer.4.attention.attention.query.bias]
Loading weights:  36%|███▌      | 73/203 [00:00<00:00, 5063.41it/s, Materializing param=audio_spectrogram_transformer.encoder.layer.4.attention.attention.query.weight]
Loading weights:  36%|███▌      | 73/203 [00:00<00:00, 5055.71it/s, Materializing param=audio_spectrogram_transformer.encoder.layer.4.attention.attention.query.weight]
Loading weights:  36%|███▋      | 74/203 [00:00<00:00, 5110.12it/s, Materializing param=audio_spectrogram_transformer.encoder.layer.4.attention.attention.value.bias]  
Loading weights:  36%|███▋      | 74/203 [00:00<00:00, 5102.31it/s, Materializing param=audio_spectrogram_transformer.encoder.layer.4.attention.attention.value.bias]
Loading weights:  37%|███▋      | 75/203 [00:00<00:00, 5153.89it/s, Materializing param=audio_spectrogram_transformer.encoder.layer.4.attention.attention.value.weight]
Loading weights:  37%|███▋      | 75/203 [00:00<00:00, 5146.47it/s, Materializing param=audio_spectrogram_transformer.encoder.layer.4.attention.attention.value.weight]
Loading weights:  37%|███▋      | 76/203 [00:00<00:00, 5196.56it/s, Materializing param=audio_spectrogram_transformer.encoder.layer.4.attention.output.dense.bias]     
Loading weights:  37%|███▋      | 76/203 [00:00<00:00, 5188.01it/s, Materializing param=audio_spectrogram_transformer.encoder.layer.4.attention.output.dense.bias]
Loading weights:  38%|███▊      | 77/203 [00:00<00:00, 5241.26it/s, Materializing param=audio_spectrogram_transformer.encoder.layer.4.attention.output.dense.weight]
Loading weights:  38%|███▊      | 77/203 [00:00<00:00, 5233.79it/s, Materializing param=audio_spectrogram_transformer.encoder.layer.4.attention.output.dense.weight]
Loading weights:  38%|███▊      | 78/203 [00:00<00:00, 5233.82it/s, Materializing param=audio_spectrogram_transformer.encoder.layer.4.intermediate.dense.bias]      
Loading weights:  38%|███▊      | 78/203 [00:00<00:00, 5220.54it/s, Materializing param=audio_spectrogram_transformer.encoder.layer.4.intermediate.dense.bias]
Loading weights:  39%|███▉      | 79/203 [00:00<00:00, 5114.22it/s, Materializing param=audio_spectrogram_transformer.encoder.layer.4.intermediate.dense.weight]
Loading weights:  39%|███▉      | 79/203 [00:00<00:00, 5104.68it/s, Materializing param=audio_spectrogram_transformer.encoder.layer.4.intermediate.dense.weight]
Loading weights:  39%|███▉      | 80/203 [00:00<00:00, 5150.97it/s, Materializing param=audio_spectrogram_transformer.encoder.layer.4.layernorm_after.bias]     
Loading weights:  39%|███▉      | 80/203 [00:00<00:00, 5142.99it/s, Materializing param=audio_spectrogram_transformer.encoder.layer.4.layernorm_after.bias]
Loading weights:  40%|███▉      | 81/203 [00:00<00:00, 5189.31it/s, Materializing param=audio_spectrogram_transformer.encoder.layer.4.layernorm_after.weight]
Loading weights:  40%|███▉      | 81/203 [00:00<00:00, 5181.63it/s, Materializing param=audio_spectrogram_transformer.encoder.layer.4.layernorm_after.weight]
Loading weights:  40%|████      | 82/203 [00:00<00:00, 5229.89it/s, Materializing param=audio_spectrogram_transformer.encoder.layer.4.layernorm_before.bias] 
Loading weights:  40%|████      | 82/203 [00:00<00:00, 5222.90it/s, Materializing param=audio_spectrogram_transformer.encoder.layer.4.layernorm_before.bias]
Loading weights:  41%|████      | 83/203 [00:00<00:00, 5048.03it/s, Materializing param=audio_spectrogram_transformer.encoder.layer.4.layernorm_before.weight]
Loading weights:  41%|████      | 83/203 [00:00<00:00, 5039.11it/s, Materializing param=audio_spectrogram_transformer.encoder.layer.4.layernorm_before.weight]
Loading weights:  41%|████▏     | 84/203 [00:00<00:00, 4998.18it/s, Materializing param=audio_spectrogram_transformer.encoder.layer.4.output.dense.bias]      
Loading weights:  41%|████▏     | 84/203 [00:00<00:00, 4991.59it/s, Materializing param=audio_spectrogram_transformer.encoder.layer.4.output.dense.bias]
Loading weights:  42%|████▏     | 85/203 [00:00<00:00, 4955.67it/s, Materializing param=audio_spectrogram_transformer.encoder.layer.4.output.dense.weight]
Loading weights:  42%|████▏     | 85/203 [00:00<00:00, 4949.07it/s, Materializing param=audio_spectrogram_transformer.encoder.layer.4.output.dense.weight]
Loading weights:  42%|████▏     | 86/203 [00:00<00:00, 4992.18it/s, Materializing param=audio_spectrogram_transformer.encoder.layer.5.attention.attention.key.bias]
Loading weights:  42%|████▏     | 86/203 [00:00<00:00, 4986.11it/s, Materializing param=audio_spectrogram_transformer.encoder.layer.5.attention.attention.key.bias]
Loading weights:  43%|████▎     | 87/203 [00:00<00:00, 5026.30it/s, Materializing param=audio_spectrogram_transformer.encoder.layer.5.attention.attention.key.weight]
Loading weights:  43%|████▎     | 87/203 [00:00<00:00, 5020.22it/s, Materializing param=audio_spectrogram_transformer.encoder.layer.5.attention.attention.key.weight]
Loading weights:  43%|████▎     | 88/203 [00:00<00:00, 5062.67it/s, Materializing param=audio_spectrogram_transformer.encoder.layer.5.attention.attention.query.bias]
Loading weights:  43%|████▎     | 88/203 [00:00<00:00, 5056.56it/s, Materializing param=audio_spectrogram_transformer.encoder.layer.5.attention.attention.query.bias]
Loading weights:  44%|████▍     | 89/203 [00:00<00:00, 5095.59it/s, Materializing param=audio_spectrogram_transformer.encoder.layer.5.attention.attention.query.weight]
Loading weights:  44%|████▍     | 89/203 [00:00<00:00, 5089.13it/s, Materializing param=audio_spectrogram_transformer.encoder.layer.5.attention.attention.query.weight]
Loading weights:  44%|████▍     | 90/203 [00:00<00:00, 4819.56it/s, Materializing param=audio_spectrogram_transformer.encoder.layer.5.attention.attention.value.bias]  
Loading weights:  44%|████▍     | 90/203 [00:00<00:00, 4812.56it/s, Materializing param=audio_spectrogram_transformer.encoder.layer.5.attention.attention.value.bias]
Loading weights:  45%|████▍     | 91/203 [00:00<00:00, 4767.09it/s, Materializing param=audio_spectrogram_transformer.encoder.layer.5.attention.attention.value.weight]
Loading weights:  45%|████▍     | 91/203 [00:00<00:00, 4760.37it/s, Materializing param=audio_spectrogram_transformer.encoder.layer.5.attention.attention.value.weight]
Loading weights:  45%|████▌     | 92/203 [00:00<00:00, 4663.15it/s, Materializing param=audio_spectrogram_transformer.encoder.layer.5.attention.output.dense.bias]     
Loading weights:  45%|████▌     | 92/203 [00:00<00:00, 4657.02it/s, Materializing param=audio_spectrogram_transformer.encoder.layer.5.attention.output.dense.bias]
Loading weights:  46%|████▌     | 93/203 [00:00<00:00, 4632.61it/s, Materializing param=audio_spectrogram_transformer.encoder.layer.5.attention.output.dense.weight]
Loading weights:  46%|████▌     | 93/203 [00:00<00:00, 4627.33it/s, Materializing param=audio_spectrogram_transformer.encoder.layer.5.attention.output.dense.weight]
Loading weights:  46%|████▋     | 94/203 [00:00<00:00, 4575.06it/s, Materializing param=audio_spectrogram_transformer.encoder.layer.5.intermediate.dense.bias]      
Loading weights:  46%|████▋     | 94/203 [00:00<00:00, 4569.75it/s, Materializing param=audio_spectrogram_transformer.encoder.layer.5.intermediate.dense.bias]
Loading weights:  47%|████▋     | 95/203 [00:00<00:00, 4607.37it/s, Materializing param=audio_spectrogram_transformer.encoder.layer.5.intermediate.dense.weight]
Loading weights:  47%|████▋     | 95/203 [00:00<00:00, 4602.47it/s, Materializing param=audio_spectrogram_transformer.encoder.layer.5.intermediate.dense.weight]
Loading weights:  47%|████▋     | 96/203 [00:00<00:00, 4516.38it/s, Materializing param=audio_spectrogram_transformer.encoder.layer.5.layernorm_after.bias]     
Loading weights:  47%|████▋     | 96/203 [00:00<00:00, 4511.47it/s, Materializing param=audio_spectrogram_transformer.encoder.layer.5.layernorm_after.bias]
Loading weights:  48%|████▊     | 97/203 [00:00<00:00, 4543.09it/s, Materializing param=audio_spectrogram_transformer.encoder.layer.5.layernorm_after.weight]
Loading weights:  48%|████▊     | 97/203 [00:00<00:00, 4538.23it/s, Materializing param=audio_spectrogram_transformer.encoder.layer.5.layernorm_after.weight]
Loading weights:  48%|████▊     | 98/203 [00:00<00:00, 4461.64it/s, Materializing param=audio_spectrogram_transformer.encoder.layer.5.layernorm_before.bias] 
Loading weights:  48%|████▊     | 98/203 [00:00<00:00, 4456.95it/s, Materializing param=audio_spectrogram_transformer.encoder.layer.5.layernorm_before.bias]
Loading weights:  49%|████▉     | 99/203 [00:00<00:00, 4492.44it/s, Materializing param=audio_spectrogram_transformer.encoder.layer.5.layernorm_before.weight]
Loading weights:  49%|████▉     | 99/203 [00:00<00:00, 4487.97it/s, Materializing param=audio_spectrogram_transformer.encoder.layer.5.layernorm_before.weight]
Loading weights:  49%|████▉     | 100/203 [00:00<00:00, 4455.53it/s, Materializing param=audio_spectrogram_transformer.encoder.layer.5.output.dense.bias]     
Loading weights:  49%|████▉     | 100/203 [00:00<00:00, 4448.59it/s, Materializing param=audio_spectrogram_transformer.encoder.layer.5.output.dense.bias]
Loading weights:  50%|████▉     | 101/203 [00:00<00:00, 4481.71it/s, Materializing param=audio_spectrogram_transformer.encoder.layer.5.output.dense.weight]
Loading weights:  50%|████▉     | 101/203 [00:00<00:00, 4476.93it/s, Materializing param=audio_spectrogram_transformer.encoder.layer.5.output.dense.weight]
Loading weights:  50%|█████     | 102/203 [00:00<00:00, 4511.86it/s, Materializing param=audio_spectrogram_transformer.encoder.layer.6.attention.attention.key.bias]
Loading weights:  50%|█████     | 102/203 [00:00<00:00, 4507.25it/s, Materializing param=audio_spectrogram_transformer.encoder.layer.6.attention.attention.key.bias]
Loading weights:  51%|█████     | 103/203 [00:00<00:00, 4542.06it/s, Materializing param=audio_spectrogram_transformer.encoder.layer.6.attention.attention.key.weight]
Loading weights:  51%|█████     | 103/203 [00:00<00:00, 4537.43it/s, Materializing param=audio_spectrogram_transformer.encoder.layer.6.attention.attention.key.weight]
Loading weights:  51%|█████     | 104/203 [00:00<00:00, 4572.41it/s, Materializing param=audio_spectrogram_transformer.encoder.layer.6.attention.attention.query.bias]
Loading weights:  51%|█████     | 104/203 [00:00<00:00, 4568.19it/s, Materializing param=audio_spectrogram_transformer.encoder.layer.6.attention.attention.query.bias]
Loading weights:  52%|█████▏    | 105/203 [00:00<00:00, 4603.20it/s, Materializing param=audio_spectrogram_transformer.encoder.layer.6.attention.attention.query.weight]
Loading weights:  52%|█████▏    | 105/203 [00:00<00:00, 4598.78it/s, Materializing param=audio_spectrogram_transformer.encoder.layer.6.attention.attention.query.weight]
Loading weights:  52%|█████▏    | 106/203 [00:00<00:00, 4633.62it/s, Materializing param=audio_spectrogram_transformer.encoder.layer.6.attention.attention.value.bias]  
Loading weights:  52%|█████▏    | 106/203 [00:00<00:00, 4629.38it/s, Materializing param=audio_spectrogram_transformer.encoder.layer.6.attention.attention.value.bias]
Loading weights:  53%|█████▎    | 107/203 [00:00<00:00, 4663.29it/s, Materializing param=audio_spectrogram_transformer.encoder.layer.6.attention.attention.value.weight]
Loading weights:  53%|█████▎    | 107/203 [00:00<00:00, 4659.03it/s, Materializing param=audio_spectrogram_transformer.encoder.layer.6.attention.attention.value.weight]
Loading weights:  53%|█████▎    | 108/203 [00:00<00:00, 4693.80it/s, Materializing param=audio_spectrogram_transformer.encoder.layer.6.attention.output.dense.bias]     
Loading weights:  53%|█████▎    | 108/203 [00:00<00:00, 4689.53it/s, Materializing param=audio_spectrogram_transformer.encoder.layer.6.attention.output.dense.bias]
Loading weights:  54%|█████▎    | 109/203 [00:00<00:00, 4723.07it/s, Materializing param=audio_spectrogram_transformer.encoder.layer.6.attention.output.dense.weight]
Loading weights:  54%|█████▎    | 109/203 [00:00<00:00, 4718.78it/s, Materializing param=audio_spectrogram_transformer.encoder.layer.6.attention.output.dense.weight]
Loading weights:  54%|█████▍    | 110/203 [00:00<00:00, 4753.24it/s, Materializing param=audio_spectrogram_transformer.encoder.layer.6.intermediate.dense.bias]      
Loading weights:  54%|█████▍    | 110/203 [00:00<00:00, 4749.13it/s, Materializing param=audio_spectrogram_transformer.encoder.layer.6.intermediate.dense.bias]
Loading weights:  55%|█████▍    | 111/203 [00:00<00:00, 4783.20it/s, Materializing param=audio_spectrogram_transformer.encoder.layer.6.intermediate.dense.weight]
Loading weights:  55%|█████▍    | 111/203 [00:00<00:00, 4779.07it/s, Materializing param=audio_spectrogram_transformer.encoder.layer.6.intermediate.dense.weight]
Loading weights:  55%|█████▌    | 112/203 [00:00<00:00, 4813.43it/s, Materializing param=audio_spectrogram_transformer.encoder.layer.6.layernorm_after.bias]     
Loading weights:  55%|█████▌    | 112/203 [00:00<00:00, 4809.34it/s, Materializing param=audio_spectrogram_transformer.encoder.layer.6.layernorm_after.bias]
Loading weights:  56%|█████▌    | 113/203 [00:00<00:00, 4843.75it/s, Materializing param=audio_spectrogram_transformer.encoder.layer.6.layernorm_after.weight]
Loading weights:  56%|█████▌    | 113/203 [00:00<00:00, 4839.60it/s, Materializing param=audio_spectrogram_transformer.encoder.layer.6.layernorm_after.weight]
Loading weights:  56%|█████▌    | 114/203 [00:00<00:00, 4873.67it/s, Materializing param=audio_spectrogram_transformer.encoder.layer.6.layernorm_before.bias] 
Loading weights:  56%|█████▌    | 114/203 [00:00<00:00, 4869.50it/s, Materializing param=audio_spectrogram_transformer.encoder.layer.6.layernorm_before.bias]
Loading weights:  57%|█████▋    | 115/203 [00:00<00:00, 4898.64it/s, Materializing param=audio_spectrogram_transformer.encoder.layer.6.layernorm_before.weight]
Loading weights:  57%|█████▋    | 115/203 [00:00<00:00, 4894.02it/s, Materializing param=audio_spectrogram_transformer.encoder.layer.6.layernorm_before.weight]
Loading weights:  57%|█████▋    | 116/203 [00:00<00:00, 4928.23it/s, Materializing param=audio_spectrogram_transformer.encoder.layer.6.output.dense.bias]      
Loading weights:  57%|█████▋    | 116/203 [00:00<00:00, 4923.79it/s, Materializing param=audio_spectrogram_transformer.encoder.layer.6.output.dense.bias]
Loading weights:  58%|█████▊    | 117/203 [00:00<00:00, 4957.21it/s, Materializing param=audio_spectrogram_transformer.encoder.layer.6.output.dense.weight]
Loading weights:  58%|█████▊    | 117/203 [00:00<00:00, 4952.75it/s, Materializing param=audio_spectrogram_transformer.encoder.layer.6.output.dense.weight]
Loading weights:  58%|█████▊    | 118/203 [00:00<00:00, 4986.43it/s, Materializing param=audio_spectrogram_transformer.encoder.layer.7.attention.attention.key.bias]
Loading weights:  58%|█████▊    | 118/203 [00:00<00:00, 4982.01it/s, Materializing param=audio_spectrogram_transformer.encoder.layer.7.attention.attention.key.bias]
Loading weights:  59%|█████▊    | 119/203 [00:00<00:00, 5014.94it/s, Materializing param=audio_spectrogram_transformer.encoder.layer.7.attention.attention.key.weight]
Loading weights:  59%|█████▊    | 119/203 [00:00<00:00, 5010.71it/s, Materializing param=audio_spectrogram_transformer.encoder.layer.7.attention.attention.key.weight]
Loading weights:  59%|█████▉    | 120/203 [00:00<00:00, 5043.66it/s, Materializing param=audio_spectrogram_transformer.encoder.layer.7.attention.attention.query.bias]
Loading weights:  59%|█████▉    | 120/203 [00:00<00:00, 5039.01it/s, Materializing param=audio_spectrogram_transformer.encoder.layer.7.attention.attention.query.bias]
Loading weights:  60%|█████▉    | 121/203 [00:00<00:00, 5069.53it/s, Materializing param=audio_spectrogram_transformer.encoder.layer.7.attention.attention.query.weight]
Loading weights:  60%|█████▉    | 121/203 [00:00<00:00, 5065.08it/s, Materializing param=audio_spectrogram_transformer.encoder.layer.7.attention.attention.query.weight]
Loading weights:  60%|██████    | 122/203 [00:00<00:00, 5097.58it/s, Materializing param=audio_spectrogram_transformer.encoder.layer.7.attention.attention.value.bias]  
Loading weights:  60%|██████    | 122/203 [00:00<00:00, 5093.06it/s, Materializing param=audio_spectrogram_transformer.encoder.layer.7.attention.attention.value.bias]
Loading weights:  61%|██████    | 123/203 [00:00<00:00, 5125.63it/s, Materializing param=audio_spectrogram_transformer.encoder.layer.7.attention.attention.value.weight]
Loading weights:  61%|██████    | 123/203 [00:00<00:00, 5121.10it/s, Materializing param=audio_spectrogram_transformer.encoder.layer.7.attention.attention.value.weight]
Loading weights:  61%|██████    | 124/203 [00:00<00:00, 5153.58it/s, Materializing param=audio_spectrogram_transformer.encoder.layer.7.attention.output.dense.bias]     
Loading weights:  61%|██████    | 124/203 [00:00<00:00, 5149.03it/s, Materializing param=audio_spectrogram_transformer.encoder.layer.7.attention.output.dense.bias]
Loading weights:  62%|██████▏   | 125/203 [00:00<00:00, 5178.56it/s, Materializing param=audio_spectrogram_transformer.encoder.layer.7.attention.output.dense.weight]
Loading weights:  62%|██████▏   | 125/203 [00:00<00:00, 5174.27it/s, Materializing param=audio_spectrogram_transformer.encoder.layer.7.attention.output.dense.weight]
Loading weights:  62%|██████▏   | 126/203 [00:00<00:00, 5206.41it/s, Materializing param=audio_spectrogram_transformer.encoder.layer.7.intermediate.dense.bias]      
Loading weights:  62%|██████▏   | 126/203 [00:00<00:00, 5201.90it/s, Materializing param=audio_spectrogram_transformer.encoder.layer.7.intermediate.dense.bias]
Loading weights:  63%|██████▎   | 127/203 [00:00<00:00, 5234.69it/s, Materializing param=audio_spectrogram_transformer.encoder.layer.7.intermediate.dense.weight]
Loading weights:  63%|██████▎   | 127/203 [00:00<00:00, 5230.16it/s, Materializing param=audio_spectrogram_transformer.encoder.layer.7.intermediate.dense.weight]
Loading weights:  63%|██████▎   | 128/203 [00:00<00:00, 5246.31it/s, Materializing param=audio_spectrogram_transformer.encoder.layer.7.layernorm_after.bias]     
Loading weights:  63%|██████▎   | 128/203 [00:00<00:00, 5241.81it/s, Materializing param=audio_spectrogram_transformer.encoder.layer.7.layernorm_after.bias]
Loading weights:  64%|██████▎   | 129/203 [00:00<00:00, 5075.90it/s, Materializing param=audio_spectrogram_transformer.encoder.layer.7.layernorm_after.weight]
Loading weights:  64%|██████▎   | 129/203 [00:00<00:00, 5070.95it/s, Materializing param=audio_spectrogram_transformer.encoder.layer.7.layernorm_after.weight]
Loading weights:  64%|██████▍   | 130/203 [00:00<00:00, 5101.41it/s, Materializing param=audio_spectrogram_transformer.encoder.layer.7.layernorm_before.bias] 
Loading weights:  64%|██████▍   | 130/203 [00:00<00:00, 5097.22it/s, Materializing param=audio_spectrogram_transformer.encoder.layer.7.layernorm_before.bias]
Loading weights:  65%|██████▍   | 131/203 [00:00<00:00, 5127.99it/s, Materializing param=audio_spectrogram_transformer.encoder.layer.7.layernorm_before.weight]
Loading weights:  65%|██████▍   | 131/203 [00:00<00:00, 5123.97it/s, Materializing param=audio_spectrogram_transformer.encoder.layer.7.layernorm_before.weight]
Loading weights:  65%|██████▌   | 132/203 [00:00<00:00, 5152.80it/s, Materializing param=audio_spectrogram_transformer.encoder.layer.7.output.dense.bias]      
Loading weights:  65%|██████▌   | 132/203 [00:00<00:00, 5148.78it/s, Materializing param=audio_spectrogram_transformer.encoder.layer.7.output.dense.bias]
Loading weights:  66%|██████▌   | 133/203 [00:00<00:00, 5177.29it/s, Materializing param=audio_spectrogram_transformer.encoder.layer.7.output.dense.weight]
Loading weights:  66%|██████▌   | 133/203 [00:00<00:00, 5173.25it/s, Materializing param=audio_spectrogram_transformer.encoder.layer.7.output.dense.weight]
Loading weights:  66%|██████▌   | 134/203 [00:00<00:00, 5203.85it/s, Materializing param=audio_spectrogram_transformer.encoder.layer.8.attention.attention.key.bias]
Loading weights:  66%|██████▌   | 134/203 [00:00<00:00, 5199.61it/s, Materializing param=audio_spectrogram_transformer.encoder.layer.8.attention.attention.key.bias]
Loading weights:  67%|██████▋   | 135/203 [00:00<00:00, 5229.71it/s, Materializing param=audio_spectrogram_transformer.encoder.layer.8.attention.attention.key.weight]
Loading weights:  67%|██████▋   | 135/203 [00:00<00:00, 5225.46it/s, Materializing param=audio_spectrogram_transformer.encoder.layer.8.attention.attention.key.weight]
Loading weights:  67%|██████▋   | 136/203 [00:00<00:00, 5067.02it/s, Materializing param=audio_spectrogram_transformer.encoder.layer.8.attention.attention.query.bias]
Loading weights:  67%|██████▋   | 136/203 [00:00<00:00, 5062.17it/s, Materializing param=audio_spectrogram_transformer.encoder.layer.8.attention.attention.query.bias]
Loading weights:  67%|██████▋   | 137/203 [00:00<00:00, 5085.35it/s, Materializing param=audio_spectrogram_transformer.encoder.layer.8.attention.attention.query.weight]
Loading weights:  67%|██████▋   | 137/203 [00:00<00:00, 5080.09it/s, Materializing param=audio_spectrogram_transformer.encoder.layer.8.attention.attention.query.weight]
Loading weights:  68%|██████▊   | 138/203 [00:00<00:00, 5107.92it/s, Materializing param=audio_spectrogram_transformer.encoder.layer.8.attention.attention.value.bias]  
Loading weights:  68%|██████▊   | 138/203 [00:00<00:00, 5103.73it/s, Materializing param=audio_spectrogram_transformer.encoder.layer.8.attention.attention.value.bias]
Loading weights:  68%|██████▊   | 139/203 [00:00<00:00, 5131.57it/s, Materializing param=audio_spectrogram_transformer.encoder.layer.8.attention.attention.value.weight]
Loading weights:  68%|██████▊   | 139/203 [00:00<00:00, 5127.42it/s, Materializing param=audio_spectrogram_transformer.encoder.layer.8.attention.attention.value.weight]
Loading weights:  69%|██████▉   | 140/203 [00:00<00:00, 5156.15it/s, Materializing param=audio_spectrogram_transformer.encoder.layer.8.attention.output.dense.bias]     
Loading weights:  69%|██████▉   | 140/203 [00:00<00:00, 5152.17it/s, Materializing param=audio_spectrogram_transformer.encoder.layer.8.attention.output.dense.bias]
Loading weights:  69%|██████▉   | 141/203 [00:00<00:00, 5180.74it/s, Materializing param=audio_spectrogram_transformer.encoder.layer.8.attention.output.dense.weight]
Loading weights:  69%|██████▉   | 141/203 [00:00<00:00, 5176.75it/s, Materializing param=audio_spectrogram_transformer.encoder.layer.8.attention.output.dense.weight]
Loading weights:  70%|██████▉   | 142/203 [00:00<00:00, 5205.44it/s, Materializing param=audio_spectrogram_transformer.encoder.layer.8.intermediate.dense.bias]      
Loading weights:  70%|██████▉   | 142/203 [00:00<00:00, 5201.62it/s, Materializing param=audio_spectrogram_transformer.encoder.layer.8.intermediate.dense.bias]
Loading weights:  70%|███████   | 143/203 [00:00<00:00, 5218.20it/s, Materializing param=audio_spectrogram_transformer.encoder.layer.8.intermediate.dense.weight]
Loading weights:  70%|███████   | 143/203 [00:00<00:00, 5210.41it/s, Materializing param=audio_spectrogram_transformer.encoder.layer.8.intermediate.dense.weight]
Loading weights:  71%|███████   | 144/203 [00:00<00:00, 5154.07it/s, Materializing param=audio_spectrogram_transformer.encoder.layer.8.layernorm_after.bias]     
Loading weights:  71%|███████   | 144/203 [00:00<00:00, 5149.63it/s, Materializing param=audio_spectrogram_transformer.encoder.layer.8.layernorm_after.bias]
Loading weights:  71%|███████▏  | 145/203 [00:00<00:00, 5177.23it/s, Materializing param=audio_spectrogram_transformer.encoder.layer.8.layernorm_after.weight]
Loading weights:  71%|███████▏  | 145/203 [00:00<00:00, 5173.35it/s, Materializing param=audio_spectrogram_transformer.encoder.layer.8.layernorm_after.weight]
Loading weights:  72%|███████▏  | 146/203 [00:00<00:00, 5201.82it/s, Materializing param=audio_spectrogram_transformer.encoder.layer.8.layernorm_before.bias] 
Loading weights:  72%|███████▏  | 146/203 [00:00<00:00, 5198.11it/s, Materializing param=audio_spectrogram_transformer.encoder.layer.8.layernorm_before.bias]
Loading weights:  72%|███████▏  | 147/203 [00:00<00:00, 4954.82it/s, Materializing param=audio_spectrogram_transformer.encoder.layer.8.layernorm_before.weight]
Loading weights:  72%|███████▏  | 147/203 [00:00<00:00, 4950.68it/s, Materializing param=audio_spectrogram_transformer.encoder.layer.8.layernorm_before.weight]
Loading weights:  73%|███████▎  | 148/203 [00:00<00:00, 4977.13it/s, Materializing param=audio_spectrogram_transformer.encoder.layer.8.output.dense.bias]      
Loading weights:  73%|███████▎  | 148/203 [00:00<00:00, 4973.62it/s, Materializing param=audio_spectrogram_transformer.encoder.layer.8.output.dense.bias]
Loading weights:  73%|███████▎  | 149/203 [00:00<00:00, 5000.13it/s, Materializing param=audio_spectrogram_transformer.encoder.layer.8.output.dense.weight]
Loading weights:  73%|███████▎  | 149/203 [00:00<00:00, 4996.61it/s, Materializing param=audio_spectrogram_transformer.encoder.layer.8.output.dense.weight]
Loading weights:  74%|███████▍  | 150/203 [00:00<00:00, 5023.44it/s, Materializing param=audio_spectrogram_transformer.encoder.layer.9.attention.attention.key.bias]
Loading weights:  74%|███████▍  | 150/203 [00:00<00:00, 5019.91it/s, Materializing param=audio_spectrogram_transformer.encoder.layer.9.attention.attention.key.bias]
Loading weights:  74%|███████▍  | 151/203 [00:00<00:00, 5045.57it/s, Materializing param=audio_spectrogram_transformer.encoder.layer.9.attention.attention.key.weight]
Loading weights:  74%|███████▍  | 151/203 [00:00<00:00, 5042.19it/s, Materializing param=audio_spectrogram_transformer.encoder.layer.9.attention.attention.key.weight]
Loading weights:  75%|███████▍  | 152/203 [00:00<00:00, 5068.69it/s, Materializing param=audio_spectrogram_transformer.encoder.layer.9.attention.attention.query.bias]
Loading weights:  75%|███████▍  | 152/203 [00:00<00:00, 5065.14it/s, Materializing param=audio_spectrogram_transformer.encoder.layer.9.attention.attention.query.bias]
Loading weights:  75%|███████▌  | 153/203 [00:00<00:00, 5091.35it/s, Materializing param=audio_spectrogram_transformer.encoder.layer.9.attention.attention.query.weight]
Loading weights:  75%|███████▌  | 153/203 [00:00<00:00, 5087.96it/s, Materializing param=audio_spectrogram_transformer.encoder.layer.9.attention.attention.query.weight]
Loading weights:  76%|███████▌  | 154/203 [00:00<00:00, 5114.40it/s, Materializing param=audio_spectrogram_transformer.encoder.layer.9.attention.attention.value.bias]  
Loading weights:  76%|███████▌  | 154/203 [00:00<00:00, 5110.84it/s, Materializing param=audio_spectrogram_transformer.encoder.layer.9.attention.attention.value.bias]
Loading weights:  76%|███████▋  | 155/203 [00:00<00:00, 5137.03it/s, Materializing param=audio_spectrogram_transformer.encoder.layer.9.attention.attention.value.weight]
Loading weights:  76%|███████▋  | 155/203 [00:00<00:00, 5133.46it/s, Materializing param=audio_spectrogram_transformer.encoder.layer.9.attention.attention.value.weight]
Loading weights:  77%|███████▋  | 156/203 [00:00<00:00, 5159.57it/s, Materializing param=audio_spectrogram_transformer.encoder.layer.9.attention.output.dense.bias]     
Loading weights:  77%|███████▋  | 156/203 [00:00<00:00, 5156.16it/s, Materializing param=audio_spectrogram_transformer.encoder.layer.9.attention.output.dense.bias]
Loading weights:  77%|███████▋  | 157/203 [00:00<00:00, 5182.19it/s, Materializing param=audio_spectrogram_transformer.encoder.layer.9.attention.output.dense.weight]
Loading weights:  77%|███████▋  | 157/203 [00:00<00:00, 5178.76it/s, Materializing param=audio_spectrogram_transformer.encoder.layer.9.attention.output.dense.weight]
Loading weights:  78%|███████▊  | 158/203 [00:00<00:00, 5188.33it/s, Materializing param=audio_spectrogram_transformer.encoder.layer.9.intermediate.dense.bias]      
Loading weights:  78%|███████▊  | 158/203 [00:00<00:00, 5184.92it/s, Materializing param=audio_spectrogram_transformer.encoder.layer.9.intermediate.dense.bias]
Loading weights:  78%|███████▊  | 159/203 [00:00<00:00, 5100.53it/s, Materializing param=audio_spectrogram_transformer.encoder.layer.9.intermediate.dense.weight]
Loading weights:  78%|███████▊  | 159/203 [00:00<00:00, 5096.32it/s, Materializing param=audio_spectrogram_transformer.encoder.layer.9.intermediate.dense.weight]
Loading weights:  79%|███████▉  | 160/203 [00:00<00:00, 5121.29it/s, Materializing param=audio_spectrogram_transformer.encoder.layer.9.layernorm_after.bias]     
Loading weights:  79%|███████▉  | 160/203 [00:00<00:00, 5117.85it/s, Materializing param=audio_spectrogram_transformer.encoder.layer.9.layernorm_after.bias]
Loading weights:  79%|███████▉  | 161/203 [00:00<00:00, 5143.41it/s, Materializing param=audio_spectrogram_transformer.encoder.layer.9.layernorm_after.weight]
Loading weights:  79%|███████▉  | 161/203 [00:00<00:00, 5139.96it/s, Materializing param=audio_spectrogram_transformer.encoder.layer.9.layernorm_after.weight]
Loading weights:  80%|███████▉  | 162/203 [00:00<00:00, 5165.48it/s, Materializing param=audio_spectrogram_transformer.encoder.layer.9.layernorm_before.bias] 
Loading weights:  80%|███████▉  | 162/203 [00:00<00:00, 5162.18it/s, Materializing param=audio_spectrogram_transformer.encoder.layer.9.layernorm_before.bias]
Loading weights:  80%|████████  | 163/203 [00:00<00:00, 5187.11it/s, Materializing param=audio_spectrogram_transformer.encoder.layer.9.layernorm_before.weight]
Loading weights:  80%|████████  | 163/203 [00:00<00:00, 5183.81it/s, Materializing param=audio_spectrogram_transformer.encoder.layer.9.layernorm_before.weight]
Loading weights:  81%|████████  | 164/203 [00:00<00:00, 5208.97it/s, Materializing param=audio_spectrogram_transformer.encoder.layer.9.output.dense.bias]      
Loading weights:  81%|████████  | 164/203 [00:00<00:00, 5205.66it/s, Materializing param=audio_spectrogram_transformer.encoder.layer.9.output.dense.bias]
Loading weights:  81%|████████▏ | 165/203 [00:00<00:00, 5168.37it/s, Materializing param=audio_spectrogram_transformer.encoder.layer.9.output.dense.weight]
Loading weights:  81%|████████▏ | 165/203 [00:00<00:00, 5157.85it/s, Materializing param=audio_spectrogram_transformer.encoder.layer.9.output.dense.weight]
Loading weights:  82%|████████▏ | 166/203 [00:00<00:00, 5180.04it/s, Materializing param=audio_spectrogram_transformer.encoder.layer.10.attention.attention.key.bias]
Loading weights:  82%|████████▏ | 166/203 [00:00<00:00, 5176.15it/s, Materializing param=audio_spectrogram_transformer.encoder.layer.10.attention.attention.key.bias]
Loading weights:  82%|████████▏ | 167/203 [00:00<00:00, 5199.72it/s, Materializing param=audio_spectrogram_transformer.encoder.layer.10.attention.attention.key.weight]
Loading weights:  82%|████████▏ | 167/203 [00:00<00:00, 5196.32it/s, Materializing param=audio_spectrogram_transformer.encoder.layer.10.attention.attention.key.weight]
Loading weights:  83%|████████▎ | 168/203 [00:00<00:00, 5067.88it/s, Materializing param=audio_spectrogram_transformer.encoder.layer.10.attention.attention.query.bias]
Loading weights:  83%|████████▎ | 168/203 [00:00<00:00, 5063.40it/s, Materializing param=audio_spectrogram_transformer.encoder.layer.10.attention.attention.query.bias]
Loading weights:  83%|████████▎ | 169/203 [00:00<00:00, 5086.05it/s, Materializing param=audio_spectrogram_transformer.encoder.layer.10.attention.attention.query.weight]
Loading weights:  83%|████████▎ | 169/203 [00:00<00:00, 5082.55it/s, Materializing param=audio_spectrogram_transformer.encoder.layer.10.attention.attention.query.weight]
Loading weights:  84%|████████▎ | 170/203 [00:00<00:00, 5105.85it/s, Materializing param=audio_spectrogram_transformer.encoder.layer.10.attention.attention.value.bias]  
Loading weights:  84%|████████▎ | 170/203 [00:00<00:00, 5102.49it/s, Materializing param=audio_spectrogram_transformer.encoder.layer.10.attention.attention.value.bias]
Loading weights:  84%|████████▍ | 171/203 [00:00<00:00, 5125.46it/s, Materializing param=audio_spectrogram_transformer.encoder.layer.10.attention.attention.value.weight]
Loading weights:  84%|████████▍ | 171/203 [00:00<00:00, 5122.20it/s, Materializing param=audio_spectrogram_transformer.encoder.layer.10.attention.attention.value.weight]
Loading weights:  85%|████████▍ | 172/203 [00:00<00:00, 5136.78it/s, Materializing param=audio_spectrogram_transformer.encoder.layer.10.attention.output.dense.bias]     
Loading weights:  85%|████████▍ | 172/203 [00:00<00:00, 5132.76it/s, Materializing param=audio_spectrogram_transformer.encoder.layer.10.attention.output.dense.bias]
Loading weights:  85%|████████▌ | 173/203 [00:00<00:00, 5155.56it/s, Materializing param=audio_spectrogram_transformer.encoder.layer.10.attention.output.dense.weight]
Loading weights:  85%|████████▌ | 173/203 [00:00<00:00, 5152.34it/s, Materializing param=audio_spectrogram_transformer.encoder.layer.10.attention.output.dense.weight]
Loading weights:  86%|████████▌ | 174/203 [00:00<00:00, 5175.51it/s, Materializing param=audio_spectrogram_transformer.encoder.layer.10.intermediate.dense.bias]      
Loading weights:  86%|████████▌ | 174/203 [00:00<00:00, 5172.24it/s, Materializing param=audio_spectrogram_transformer.encoder.layer.10.intermediate.dense.bias]
Loading weights:  86%|████████▌ | 175/203 [00:00<00:00, 5133.89it/s, Materializing param=audio_spectrogram_transformer.encoder.layer.10.intermediate.dense.weight]
Loading weights:  86%|████████▌ | 175/203 [00:00<00:00, 5130.63it/s, Materializing param=audio_spectrogram_transformer.encoder.layer.10.intermediate.dense.weight]
Loading weights:  87%|████████▋ | 176/203 [00:00<00:00, 5153.53it/s, Materializing param=audio_spectrogram_transformer.encoder.layer.10.layernorm_after.bias]     
Loading weights:  87%|████████▋ | 176/203 [00:00<00:00, 5150.37it/s, Materializing param=audio_spectrogram_transformer.encoder.layer.10.layernorm_after.bias]
Loading weights:  87%|████████▋ | 177/203 [00:00<00:00, 5170.72it/s, Materializing param=audio_spectrogram_transformer.encoder.layer.10.layernorm_after.weight]
Loading weights:  87%|████████▋ | 177/203 [00:00<00:00, 5167.56it/s, Materializing param=audio_spectrogram_transformer.encoder.layer.10.layernorm_after.weight]
Loading weights:  88%|████████▊ | 178/203 [00:00<00:00, 5190.57it/s, Materializing param=audio_spectrogram_transformer.encoder.layer.10.layernorm_before.bias] 
Loading weights:  88%|████████▊ | 178/203 [00:00<00:00, 5187.40it/s, Materializing param=audio_spectrogram_transformer.encoder.layer.10.layernorm_before.bias]
Loading weights:  88%|████████▊ | 179/203 [00:00<00:00, 5161.60it/s, Materializing param=audio_spectrogram_transformer.encoder.layer.10.layernorm_before.weight]
Loading weights:  88%|████████▊ | 179/203 [00:00<00:00, 5157.88it/s, Materializing param=audio_spectrogram_transformer.encoder.layer.10.layernorm_before.weight]
Loading weights:  89%|████████▊ | 180/203 [00:00<00:00, 5001.65it/s, Materializing param=audio_spectrogram_transformer.encoder.layer.10.output.dense.bias]      
Loading weights:  89%|████████▊ | 180/203 [00:00<00:00, 4997.35it/s, Materializing param=audio_spectrogram_transformer.encoder.layer.10.output.dense.bias]
Loading weights:  89%|████████▉ | 181/203 [00:00<00:00, 5017.74it/s, Materializing param=audio_spectrogram_transformer.encoder.layer.10.output.dense.weight]
Loading weights:  89%|████████▉ | 181/203 [00:00<00:00, 5014.56it/s, Materializing param=audio_spectrogram_transformer.encoder.layer.10.output.dense.weight]
Loading weights:  90%|████████▉ | 182/203 [00:00<00:00, 5035.81it/s, Materializing param=audio_spectrogram_transformer.encoder.layer.11.attention.attention.key.bias]
Loading weights:  90%|████████▉ | 182/203 [00:00<00:00, 5032.76it/s, Materializing param=audio_spectrogram_transformer.encoder.layer.11.attention.attention.key.bias]
Loading weights:  90%|█████████ | 183/203 [00:00<00:00, 5053.98it/s, Materializing param=audio_spectrogram_transformer.encoder.layer.11.attention.attention.key.weight]
Loading weights:  90%|█████████ | 183/203 [00:00<00:00, 5050.88it/s, Materializing param=audio_spectrogram_transformer.encoder.layer.11.attention.attention.key.weight]
Loading weights:  91%|█████████ | 184/203 [00:00<00:00, 5072.21it/s, Materializing param=audio_spectrogram_transformer.encoder.layer.11.attention.attention.query.bias]
Loading weights:  91%|█████████ | 184/203 [00:00<00:00, 5069.28it/s, Materializing param=audio_spectrogram_transformer.encoder.layer.11.attention.attention.query.bias]
Loading weights:  91%|█████████ | 185/203 [00:00<00:00, 5090.68it/s, Materializing param=audio_spectrogram_transformer.encoder.layer.11.attention.attention.query.weight]
Loading weights:  91%|█████████ | 185/203 [00:00<00:00, 5087.57it/s, Materializing param=audio_spectrogram_transformer.encoder.layer.11.attention.attention.query.weight]
Loading weights:  92%|█████████▏| 186/203 [00:00<00:00, 5109.18it/s, Materializing param=audio_spectrogram_transformer.encoder.layer.11.attention.attention.value.bias]  
Loading weights:  92%|█████████▏| 186/203 [00:00<00:00, 5106.23it/s, Materializing param=audio_spectrogram_transformer.encoder.layer.11.attention.attention.value.bias]
Loading weights:  92%|█████████▏| 187/203 [00:00<00:00, 5127.34it/s, Materializing param=audio_spectrogram_transformer.encoder.layer.11.attention.attention.value.weight]
Loading weights:  92%|█████████▏| 187/203 [00:00<00:00, 5124.40it/s, Materializing param=audio_spectrogram_transformer.encoder.layer.11.attention.attention.value.weight]
Loading weights:  93%|█████████▎| 188/203 [00:00<00:00, 5145.75it/s, Materializing param=audio_spectrogram_transformer.encoder.layer.11.attention.output.dense.bias]     
Loading weights:  93%|█████████▎| 188/203 [00:00<00:00, 5142.79it/s, Materializing param=audio_spectrogram_transformer.encoder.layer.11.attention.output.dense.bias]
Loading weights:  93%|█████████▎| 189/203 [00:00<00:00, 5163.92it/s, Materializing param=audio_spectrogram_transformer.encoder.layer.11.attention.output.dense.weight]
Loading weights:  93%|█████████▎| 189/203 [00:00<00:00, 5161.09it/s, Materializing param=audio_spectrogram_transformer.encoder.layer.11.attention.output.dense.weight]
Loading weights:  94%|█████████▎| 190/203 [00:00<00:00, 5178.25it/s, Materializing param=audio_spectrogram_transformer.encoder.layer.11.intermediate.dense.bias]      
Loading weights:  94%|█████████▎| 190/203 [00:00<00:00, 5174.69it/s, Materializing param=audio_spectrogram_transformer.encoder.layer.11.intermediate.dense.bias]
Loading weights:  94%|█████████▍| 191/203 [00:00<00:00, 5186.97it/s, Materializing param=audio_spectrogram_transformer.encoder.layer.11.intermediate.dense.weight]
Loading weights:  94%|█████████▍| 191/203 [00:00<00:00, 5183.72it/s, Materializing param=audio_spectrogram_transformer.encoder.layer.11.intermediate.dense.weight]
Loading weights:  95%|█████████▍| 192/203 [00:00<00:00, 5205.06it/s, Materializing param=audio_spectrogram_transformer.encoder.layer.11.layernorm_after.bias]     
Loading weights:  95%|█████████▍| 192/203 [00:00<00:00, 5202.10it/s, Materializing param=audio_spectrogram_transformer.encoder.layer.11.layernorm_after.bias]
Loading weights:  95%|█████████▌| 193/203 [00:00<00:00, 5223.43it/s, Materializing param=audio_spectrogram_transformer.encoder.layer.11.layernorm_after.weight]
Loading weights:  95%|█████████▌| 193/203 [00:00<00:00, 5220.46it/s, Materializing param=audio_spectrogram_transformer.encoder.layer.11.layernorm_after.weight]
Loading weights:  96%|█████████▌| 194/203 [00:00<00:00, 5241.93it/s, Materializing param=audio_spectrogram_transformer.encoder.layer.11.layernorm_before.bias] 
Loading weights:  96%|█████████▌| 194/203 [00:00<00:00, 5239.10it/s, Materializing param=audio_spectrogram_transformer.encoder.layer.11.layernorm_before.bias]
Loading weights:  96%|█████████▌| 195/203 [00:00<00:00, 5171.31it/s, Materializing param=audio_spectrogram_transformer.encoder.layer.11.layernorm_before.weight]
Loading weights:  96%|█████████▌| 195/203 [00:00<00:00, 5167.88it/s, Materializing param=audio_spectrogram_transformer.encoder.layer.11.layernorm_before.weight]
Loading weights:  97%|█████████▋| 196/203 [00:00<00:00, 5189.17it/s, Materializing param=audio_spectrogram_transformer.encoder.layer.11.output.dense.bias]      
Loading weights:  97%|█████████▋| 196/203 [00:00<00:00, 5186.42it/s, Materializing param=audio_spectrogram_transformer.encoder.layer.11.output.dense.bias]
Loading weights:  97%|█████████▋| 197/203 [00:00<00:00, 5207.33it/s, Materializing param=audio_spectrogram_transformer.encoder.layer.11.output.dense.weight]
Loading weights:  97%|█████████▋| 197/203 [00:00<00:00, 5204.74it/s, Materializing param=audio_spectrogram_transformer.encoder.layer.11.output.dense.weight]
Loading weights:  98%|█████████▊| 198/203 [00:00<00:00, 5225.92it/s, Materializing param=audio_spectrogram_transformer.layernorm.bias]                      
Loading weights:  98%|█████████▊| 198/203 [00:00<00:00, 5223.03it/s, Materializing param=audio_spectrogram_transformer.layernorm.bias]
Loading weights:  98%|█████████▊| 199/203 [00:00<00:00, 5244.69it/s, Materializing param=audio_spectrogram_transformer.layernorm.weight]
Loading weights:  98%|█████████▊| 199/203 [00:00<00:00, 5242.35it/s, Materializing param=audio_spectrogram_transformer.layernorm.weight]
Loading weights:  99%|█████████▊| 200/203 [00:00<00:00, 5264.66it/s, Materializing param=classifier.dense.bias]                         
Loading weights:  99%|█████████▊| 200/203 [00:00<00:00, 5262.19it/s, Materializing param=classifier.dense.bias]
Loading weights:  99%|█████████▉| 201/203 [00:00<00:00, 5284.62it/s, Materializing param=classifier.dense.weight]
Loading weights:  99%|█████████▉| 201/203 [00:00<00:00, 5282.10it/s, Materializing param=classifier.dense.weight]
Loading weights: 100%|█████████▉| 202/203 [00:00<00:00, 5304.63it/s, Materializing param=classifier.layernorm.bias]
Loading weights: 100%|█████████▉| 202/203 [00:00<00:00, 5302.23it/s, Materializing param=classifier.layernorm.bias]
Loading weights: 100%|██████████| 203/203 [00:00<00:00, 5324.15it/s, Materializing param=classifier.layernorm.weight]
Loading weights: 100%|██████████| 203/203 [00:00<00:00, 5321.79it/s, Materializing param=classifier.layernorm.weight]
Loading weights: 100%|██████████| 203/203 [00:00<00:00, 5315.21it/s, Materializing param=classifier.layernorm.weight]
ASTForAudioClassification LOAD REPORT from: MIT/ast-finetuned-audioset-10-10-0.4593
Key                     | Status   |                                                                                        
------------------------+----------+----------------------------------------------------------------------------------------
classifier.dense.weight | MISMATCH | Reinit due to size mismatch ckpt: torch.Size([527, 768]) vs model:torch.Size([40, 768])
classifier.dense.bias   | MISMATCH | Reinit due to size mismatch ckpt: torch.Size([527]) vs model:torch.Size([40])          

Notes:
- MISMATCH	:ckpt weights were loaded, but they did not match the original empty weight shapes.
/Users/zakkeown/.pyenv/versions/3.11.14/lib/python3.11/site-packages/torchaudio/functional/functional.py:581: UserWarning: At least one mel filterbank has all zero values. The value for `n_mels` (128) may be set too high. Or, the value for `n_freqs` (201) may be set too low.
  warnings.warn(
Using 16bit Automatic Mixed Precision (AMP)
GPU available: True (mps), used: True
TPU available: False, using: 0 TPU cores
💡 Tip: For seamless cloud logging and experiment tracking, try installing [litlogger](https://pypi.org/project/litlogger/) to enable LitLogger, which logs metrics and artifacts automatically to the Lightning Experiments platform.
wandb: WARNING The anonymous setting has no effect and will be removed in a future version.
wandb: WARNING `resume` will be ignored since W&B syncing is set to `offline`. Starting a new run with run id 3t724nhf.
wandb: Tracking run with wandb version 0.24.1
wandb: W&B syncing is set to `offline` in this directory. Run `wandb online` or set WANDB_MODE=online to enable cloud syncing.
wandb: Run data is saved locally in wandb/offline-run-20260201_132356-3t724nhf
/Users/zakkeown/.pyenv/versions/3.11.14/lib/python3.11/site-packages/pytorch_lightning/utilities/model_summary/model_summary.py:242: Precision 16-mixed is not supported by the model summary.  Estimated model size in MB will not be accurate. Using 32 bits instead.

  | Name              | Type                          | Params | Mode  | FLOPs
------------------------------------------------------------------------------------
0 | model             | PeftModelForFeatureExtraction | 87.7 M | train | 0    
1 | train_acc         | MulticlassAccuracy            | 0      | train | 0    
2 | val_acc           | MulticlassAccuracy            | 0      | train | 0    
3 | test_acc          | MulticlassAccuracy            | 0      | train | 0    
4 | val_f1            | MulticlassF1Score             | 0      | train | 0    
5 | val_f1_per_class  | MulticlassF1Score             | 0      | train | 0    
6 | val_confusion     | MulticlassConfusionMatrix     | 0      | train | 0    
7 | test_f1           | MulticlassF1Score             | 0      | train | 0    
8 | test_f1_per_class | MulticlassF1Score             | 0      | train | 0    
9 | test_confusion    | MulticlassConfusionMatrix     | 0      | train | 0    
------------------------------------------------------------------------------------
1.4 M     Trainable params
86.2 M    Non-trainable params
87.7 M    Total params
350.632   Total estimated model params size (MB)
612       Modules in train mode
216       Modules in eval mode
0         Total Flops
ADALORA applied: 86,219,560 -> 1,438,416 trainable params
Trainable params reduced to 1.67%

Sanity Checking: |          | 0/? [00:00<?, ?it/s]/Users/zakkeown/.pyenv/versions/3.11.14/lib/python3.11/site-packages/pytorch_lightning/utilities/_pytree.py:21: `isinstance(treespec, LeafSpec)` is deprecated, use `isinstance(treespec, TreeSpec) and treespec.is_leaf()` instead.
/Users/zakkeown/.pyenv/versions/3.11.14/lib/python3.11/site-packages/pytorch_lightning/trainer/connectors/data_connector.py:429: Consider setting `persistent_workers=True` in 'val_dataloader' to speed up the dataloader worker initialization.

Sanity Checking: |          | 0/? [00:00<?, ?it/s]
Sanity Checking DataLoader 0:   0%|          | 0/1 [00:00<?, ?it/s]
Sanity Checking DataLoader 0: 100%|██████████| 1/1 [00:00<00:00,  1.09it/s]
                                                                           /Users/zakkeown/.pyenv/versions/3.11.14/lib/python3.11/site-packages/pytorch_lightning/utilities/_pytree.py:21: `isinstance(treespec, LeafSpec)` is deprecated, use `isinstance(treespec, TreeSpec) and treespec.is_leaf()` instead.
/Users/zakkeown/.pyenv/versions/3.11.14/lib/python3.11/site-packages/pytorch_lightning/trainer/connectors/data_connector.py:429: Consider setting `persistent_workers=True` in 'train_dataloader' to speed up the dataloader worker initialization.

/Users/zakkeown/.pyenv/versions/3.11.14/lib/python3.11/site-packages/pytorch_lightning/loops/fit_loop.py:317: The number of training batches (3) is smaller than the logging interval Trainer(log_every_n_steps=50). Set a lower value for log_every_n_steps if you want to see logs for the training epoch.
/Users/zakkeown/.pyenv/versions/3.11.14/lib/python3.11/site-packages/pytorch_lightning/loops/fit_loop.py:534: Found 216 module(s) in eval mode at the start of training. This may lead to unexpected behavior during training. If this is intentional, you can ignore this warning.

Training: |          | 0/? [00:00<?, ?it/s]
Training: |          | 0/? [00:00<?, ?it/s]
Epoch 0:   0%|          | 0/3 [00:00<?, ?it/s]
Epoch 0:  33%|███▎      | 1/3 [01:00<02:00,  0.02it/s]
Epoch 0:  33%|███▎      | 1/3 [01:00<02:00,  0.02it/s, v_num=4nhf, train/loss=154.0]
Epoch 0:  67%|██████▋   | 2/3 [02:19<01:09,  0.01it/s, v_num=4nhf, train/loss=154.0]
Epoch 0:  67%|██████▋   | 2/3 [02:19<01:09,  0.01it/s, v_num=4nhf, train/loss=155.0]
Epoch 0: 100%|██████████| 3/3 [02:28<00:00,  0.02it/s, v_num=4nhf, train/loss=155.0]
Epoch 0: 100%|██████████| 3/3 [02:28<00:00,  0.02it/s, v_num=4nhf, train/loss=154.0]

Validation: |          | 0/? [00:00<?, ?it/s][A

Validation: |          | 0/? [00:00<?, ?it/s][A

Validation DataLoader 0:   0%|          | 0/1 [00:00<?, ?it/s][A

Validation DataLoader 0: 100%|██████████| 1/1 [00:01<00:00,  0.86it/s][A

                                                                      [A
Epoch 0: 100%|██████████| 3/3 [02:35<00:00,  0.02it/s, v_num=4nhf, train/loss=154.0, val/loss=3.260]
Epoch 0: 100%|██████████| 3/3 [02:35<00:00,  0.02it/s, v_num=4nhf, train/loss=154.0, val/loss=3.260]
Epoch 0:   0%|          | 0/3 [00:00<?, ?it/s, v_num=4nhf, train/loss=154.0, val/loss=3.260]        
Epoch 1:   0%|          | 0/3 [00:00<?, ?it/s, v_num=4nhf, train/loss=154.0, val/loss=3.260]
Epoch 1:  33%|███▎      | 1/3 [01:38<03:17,  0.01it/s, v_num=4nhf, train/loss=154.0, val/loss=3.260]
Epoch 1:  33%|███▎      | 1/3 [01:39<03:18,  0.01it/s, v_num=4nhf, train/loss=155.0, val/loss=3.260]
Epoch 1:  67%|██████▋   | 2/3 [02:48<01:24,  0.01it/s, v_num=4nhf, train/loss=155.0, val/loss=3.260]
Epoch 1:  67%|██████▋   | 2/3 [02:48<01:24,  0.01it/s, v_num=4nhf, train/loss=154.0, val/loss=3.260]
Epoch 1: 100%|██████████| 3/3 [03:11<00:00,  0.02it/s, v_num=4nhf, train/loss=154.0, val/loss=3.260]
Epoch 1: 100%|██████████| 3/3 [03:11<00:00,  0.02it/s, v_num=4nhf, train/loss=155.0, val/loss=3.260]

Validation: |          | 0/? [00:00<?, ?it/s][A

Validation: |          | 0/? [00:00<?, ?it/s][A

Validation DataLoader 0:   0%|          | 0/1 [00:00<?, ?it/s][A

Validation DataLoader 0: 100%|██████████| 1/1 [00:02<00:00,  0.39it/s][A

                                                                      [A
Epoch 1: 100%|██████████| 3/3 [03:20<00:00,  0.01it/s, v_num=4nhf, train/loss=155.0, val/loss=3.260]
Epoch 1: 100%|██████████| 3/3 [03:20<00:00,  0.01it/s, v_num=4nhf, train/loss=155.0, val/loss=3.260]
Epoch 1:   0%|          | 0/3 [00:00<?, ?it/s, v_num=4nhf, train/loss=155.0, val/loss=3.260]        
Epoch 2:   0%|          | 0/3 [00:00<?, ?it/s, v_num=4nhf, train/loss=155.0, val/loss=3.260]
Epoch 2:  33%|███▎      | 1/3 [01:33<03:07,  0.01it/s, v_num=4nhf, train/loss=155.0, val/loss=3.260]
Epoch 2:  33%|███▎      | 1/3 [01:33<03:07,  0.01it/s, v_num=4nhf, train/loss=154.0, val/loss=3.260]
Epoch 2:  67%|██████▋   | 2/3 [03:00<01:30,  0.01it/s, v_num=4nhf, train/loss=154.0, val/loss=3.260]
Epoch 2:  67%|██████▋   | 2/3 [03:00<01:30,  0.01it/s, v_num=4nhf, train/loss=154.0, val/loss=3.260]
Epoch 2: 100%|██████████| 3/3 [03:40<00:00,  0.01it/s, v_num=4nhf, train/loss=154.0, val/loss=3.260]
Epoch 2: 100%|██████████| 3/3 [03:40<00:00,  0.01it/s, v_num=4nhf, train/loss=154.0, val/loss=3.260]

Validation: |          | 0/? [00:00<?, ?it/s][A

Validation: |          | 0/? [00:00<?, ?it/s][A

Validation DataLoader 0:   0%|          | 0/1 [00:00<?, ?it/s][A

Validation DataLoader 0: 100%|██████████| 1/1 [00:01<00:00,  0.62it/s][A

                                                                      [A
Epoch 2: 100%|██████████| 3/3 [03:47<00:00,  0.01it/s, v_num=4nhf, train/loss=154.0, val/loss=3.260]
Epoch 2: 100%|██████████| 3/3 [03:47<00:00,  0.01it/s, v_num=4nhf, train/loss=154.0, val/loss=3.260]
Epoch 2:   0%|          | 0/3 [00:00<?, ?it/s, v_num=4nhf, train/loss=154.0, val/loss=3.260]        
Epoch 3:   0%|          | 0/3 [00:00<?, ?it/s, v_num=4nhf, train/loss=154.0, val/loss=3.260]
Epoch 3:  33%|███▎      | 1/3 [01:51<03:43,  0.01it/s, v_num=4nhf, train/loss=154.0, val/loss=3.260]
Epoch 3:  33%|███▎      | 1/3 [01:51<03:43,  0.01it/s, v_num=4nhf, train/loss=155.0, val/loss=3.260]
Epoch 3:  67%|██████▋   | 2/3 [03:19<01:39,  0.01it/s, v_num=4nhf, train/loss=155.0, val/loss=3.260]
Epoch 3:  67%|██████▋   | 2/3 [03:19<01:39,  0.01it/s, v_num=4nhf, train/loss=154.0, val/loss=3.260]
Epoch 3: 100%|██████████| 3/3 [03:49<00:00,  0.01it/s, v_num=4nhf, train/loss=154.0, val/loss=3.260]
Epoch 3: 100%|██████████| 3/3 [03:49<00:00,  0.01it/s, v_num=4nhf, train/loss=155.0, val/loss=3.260]

Validation: |          | 0/? [00:00<?, ?it/s][A

Validation: |          | 0/? [00:00<?, ?it/s][A

Validation DataLoader 0:   0%|          | 0/1 [00:00<?, ?it/s][A

Validation DataLoader 0: 100%|██████████| 1/1 [00:02<00:00,  0.37it/s][A

                                                                      [A
Epoch 3: 100%|██████████| 3/3 [03:57<00:00,  0.01it/s, v_num=4nhf, train/loss=155.0, val/loss=3.260]
Epoch 3: 100%|██████████| 3/3 [03:57<00:00,  0.01it/s, v_num=4nhf, train/loss=155.0, val/loss=3.260]
Epoch 3:   0%|          | 0/3 [00:00<?, ?it/s, v_num=4nhf, train/loss=155.0, val/loss=3.260]        
Epoch 4:   0%|          | 0/3 [00:00<?, ?it/s, v_num=4nhf, train/loss=155.0, val/loss=3.260]
Epoch 4:  33%|███▎      | 1/3 [01:45<03:31,  0.01it/s, v_num=4nhf, train/loss=155.0, val/loss=3.260]
Epoch 4:  33%|███▎      | 1/3 [01:45<03:31,  0.01it/s, v_num=4nhf, train/loss=154.0, val/loss=3.260]
Epoch 4:  67%|██████▋   | 2/3 [03:01<01:30,  0.01it/s, v_num=4nhf, train/loss=154.0, val/loss=3.260]
Epoch 4:  67%|██████▋   | 2/3 [03:01<01:30,  0.01it/s, v_num=4nhf, train/loss=154.0, val/loss=3.260]
Epoch 4: 100%|██████████| 3/3 [03:28<00:00,  0.01it/s, v_num=4nhf, train/loss=154.0, val/loss=3.260]
Epoch 4: 100%|██████████| 3/3 [03:28<00:00,  0.01it/s, v_num=4nhf, train/loss=154.0, val/loss=3.260]

Validation: |          | 0/? [00:00<?, ?it/s][A

Validation: |          | 0/? [00:00<?, ?it/s][A

Validation DataLoader 0:   0%|          | 0/1 [00:00<?, ?it/s][A

Validation DataLoader 0: 100%|██████████| 1/1 [00:02<00:00,  0.35it/s][A

                                                                      [A
Epoch 4: 100%|██████████| 3/3 [03:37<00:00,  0.01it/s, v_num=4nhf, train/loss=154.0, val/loss=3.260]
Epoch 4: 100%|██████████| 3/3 [03:37<00:00,  0.01it/s, v_num=4nhf, train/loss=154.0, val/loss=3.260]`Trainer.fit` stopped: `max_epochs=5` reached.

Epoch 4: 100%|██████████| 3/3 [03:37<00:00,  0.01it/s, v_num=4nhf, train/loss=154.0, val/loss=3.260]/Users/zakkeown/.pyenv/versions/3.11.14/lib/python3.11/site-packages/pytorch_lightning/utilities/_pytree.py:21: `isinstance(treespec, LeafSpec)` is deprecated, use `isinstance(treespec, TreeSpec) and treespec.is_leaf()` instead.
/Users/zakkeown/.pyenv/versions/3.11.14/lib/python3.11/site-packages/pytorch_lightning/trainer/connectors/data_connector.py:429: Consider setting `persistent_workers=True` in 'test_dataloader' to speed up the dataloader worker initialization.


Testing: |          | 0/? [00:00<?, ?it/s]
Testing: |          | 0/? [00:00<?, ?it/s]
Testing DataLoader 0:   0%|          | 0/1 [00:00<?, ?it/s]
Testing DataLoader 0: 100%|██████████| 1/1 [00:00<00:00,  1.23it/s]
Testing DataLoader 0: 100%|██████████| 1/1 [00:01<00:00,  0.92it/s]
────────────────────────────────────────────────────────────────────────────────────────────────────────────────────────
             Test metric                         DataLoader 0
────────────────────────────────────────────────────────────────────────────────────────────────────────────────────────
              test/acc                                0.0
    test/f1_best/ten-stroke-roll                      0.0
  test/f1_best/thirteen-stroke-roll                   0.0
   test/f1_best/triple-paradiddle                     0.0
    test/f1_best/triple-ratamacue                     0.0
   test/f1_best/triple-stroke-roll                    0.0
            test/f1_macro                             0.0
    test/f1_worst/double-drag-tap                     0.0
   test/f1_worst/double-paradiddle                    0.0
   test/f1_worst/double-ratamacue                     0.0
test/f1_worst/double-stroke-open-roll                 0.0
         test/f1_worst/drag                           0.0
              test/loss                        3.228320360183716
────────────────────────────────────────────────────────────────────────────────────────────────────────────────────────
[1;34mwandb[0m: 
[1;34mwandb[0m: You can sync this run to the cloud by running:
[1;34mwandb[0m: [1mwandb sync wandb/offline-run-20260201_132356-3t724nhf[0m
