Seed set to 42
[2026-02-01 14:00:57,396][httpx][INFO] - HTTP Request: HEAD https://huggingface.co/MIT/ast-finetuned-audioset-10-10-0.4593/resolve/main/config.json "HTTP/1.1 307 Temporary Redirect"
[2026-02-01 14:00:57,430][httpx][INFO] - HTTP Request: HEAD https://huggingface.co/api/resolve-cache/models/MIT/ast-finetuned-audioset-10-10-0.4593/f826b80d28226b62986cc218e5cec390b1096902/config.json "HTTP/1.1 200 OK"
[2026-02-01 14:00:57,512][httpx][INFO] - HTTP Request: HEAD https://huggingface.co/MIT/ast-finetuned-audioset-10-10-0.4593/resolve/main/config.json "HTTP/1.1 307 Temporary Redirect"
[2026-02-01 14:00:57,546][httpx][INFO] - HTTP Request: HEAD https://huggingface.co/api/resolve-cache/models/MIT/ast-finetuned-audioset-10-10-0.4593/f826b80d28226b62986cc218e5cec390b1096902/config.json "HTTP/1.1 200 OK"
[2026-02-01 14:00:57,626][httpx][INFO] - HTTP Request: HEAD https://huggingface.co/MIT/ast-finetuned-audioset-10-10-0.4593/resolve/main/model.safetensors "HTTP/1.1 302 Found"

Loading weights:   0%|          | 0/203 [00:00<?, ?it/s]
Loading weights:   0%|          | 1/203 [00:00<00:00, 5983.32it/s, Materializing param=audio_spectrogram_transformer.embeddings.cls_token]
Loading weights:   0%|          | 1/203 [00:00<00:00, 4696.87it/s, Materializing param=audio_spectrogram_transformer.embeddings.cls_token]
Loading weights:   1%|          | 2/203 [00:00<00:00, 2427.26it/s, Materializing param=audio_spectrogram_transformer.embeddings.distillation_token]
Loading weights:   1%|          | 2/203 [00:00<00:00, 2303.93it/s, Materializing param=audio_spectrogram_transformer.embeddings.distillation_token]
Loading weights:   1%|▏         | 3/203 [00:00<00:00, 3191.20it/s, Materializing param=audio_spectrogram_transformer.embeddings.patch_embeddings.projection.bias]
Loading weights:   1%|▏         | 3/203 [00:00<00:00, 3079.52it/s, Materializing param=audio_spectrogram_transformer.embeddings.patch_embeddings.projection.bias]
Loading weights:   2%|▏         | 4/203 [00:00<00:00, 3558.26it/s, Materializing param=audio_spectrogram_transformer.embeddings.patch_embeddings.projection.weight]
Loading weights:   2%|▏         | 4/203 [00:00<00:00, 3366.89it/s, Materializing param=audio_spectrogram_transformer.embeddings.patch_embeddings.projection.weight]
Loading weights:   2%|▏         | 5/203 [00:00<00:00, 3986.98it/s, Materializing param=audio_spectrogram_transformer.embeddings.position_embeddings]               
Loading weights:   2%|▏         | 5/203 [00:00<00:00, 3903.13it/s, Materializing param=audio_spectrogram_transformer.embeddings.position_embeddings]
Loading weights:   3%|▎         | 6/203 [00:00<00:00, 4421.26it/s, Materializing param=audio_spectrogram_transformer.encoder.layer.0.attention.attention.key.bias]
Loading weights:   3%|▎         | 6/203 [00:00<00:00, 4344.18it/s, Materializing param=audio_spectrogram_transformer.encoder.layer.0.attention.attention.key.bias]
Loading weights:   3%|▎         | 7/203 [00:00<00:00, 4833.74it/s, Materializing param=audio_spectrogram_transformer.encoder.layer.0.attention.attention.key.weight]
Loading weights:   3%|▎         | 7/203 [00:00<00:00, 4755.45it/s, Materializing param=audio_spectrogram_transformer.encoder.layer.0.attention.attention.key.weight]
Loading weights:   4%|▍         | 8/203 [00:00<00:00, 5228.18it/s, Materializing param=audio_spectrogram_transformer.encoder.layer.0.attention.attention.query.bias]
Loading weights:   4%|▍         | 8/203 [00:00<00:00, 5154.29it/s, Materializing param=audio_spectrogram_transformer.encoder.layer.0.attention.attention.query.bias]
Loading weights:   4%|▍         | 9/203 [00:00<00:00, 5607.36it/s, Materializing param=audio_spectrogram_transformer.encoder.layer.0.attention.attention.query.weight]
Loading weights:   4%|▍         | 9/203 [00:00<00:00, 5450.29it/s, Materializing param=audio_spectrogram_transformer.encoder.layer.0.attention.attention.query.weight]
Loading weights:   5%|▍         | 10/203 [00:00<00:00, 5668.74it/s, Materializing param=audio_spectrogram_transformer.encoder.layer.0.attention.attention.value.bias] 
Loading weights:   5%|▍         | 10/203 [00:00<00:00, 5414.10it/s, Materializing param=audio_spectrogram_transformer.encoder.layer.0.attention.attention.value.bias]
Loading weights:   5%|▌         | 11/203 [00:00<00:00, 5589.02it/s, Materializing param=audio_spectrogram_transformer.encoder.layer.0.attention.attention.value.weight]
Loading weights:   5%|▌         | 11/203 [00:00<00:00, 5508.28it/s, Materializing param=audio_spectrogram_transformer.encoder.layer.0.attention.attention.value.weight]
Loading weights:   6%|▌         | 12/203 [00:00<00:00, 5799.91it/s, Materializing param=audio_spectrogram_transformer.encoder.layer.0.attention.output.dense.bias]     
Loading weights:   6%|▌         | 12/203 [00:00<00:00, 5708.48it/s, Materializing param=audio_spectrogram_transformer.encoder.layer.0.attention.output.dense.bias]
Loading weights:   6%|▋         | 13/203 [00:00<00:00, 5220.79it/s, Materializing param=audio_spectrogram_transformer.encoder.layer.0.attention.output.dense.weight]
Loading weights:   6%|▋         | 13/203 [00:00<00:00, 5125.58it/s, Materializing param=audio_spectrogram_transformer.encoder.layer.0.attention.output.dense.weight]
Loading weights:   7%|▋         | 14/203 [00:00<00:00, 5141.43it/s, Materializing param=audio_spectrogram_transformer.encoder.layer.0.intermediate.dense.bias]      
Loading weights:   7%|▋         | 14/203 [00:00<00:00, 5092.38it/s, Materializing param=audio_spectrogram_transformer.encoder.layer.0.intermediate.dense.bias]
Loading weights:   7%|▋         | 15/203 [00:00<00:00, 5353.06it/s, Materializing param=audio_spectrogram_transformer.encoder.layer.0.intermediate.dense.weight]
Loading weights:   7%|▋         | 15/203 [00:00<00:00, 5307.90it/s, Materializing param=audio_spectrogram_transformer.encoder.layer.0.intermediate.dense.weight]
Loading weights:   8%|▊         | 16/203 [00:00<00:00, 5568.74it/s, Materializing param=audio_spectrogram_transformer.encoder.layer.0.layernorm_after.bias]     
Loading weights:   8%|▊         | 16/203 [00:00<00:00, 5526.55it/s, Materializing param=audio_spectrogram_transformer.encoder.layer.0.layernorm_after.bias]
Loading weights:   8%|▊         | 17/203 [00:00<00:00, 5774.47it/s, Materializing param=audio_spectrogram_transformer.encoder.layer.0.layernorm_after.weight]
Loading weights:   8%|▊         | 17/203 [00:00<00:00, 5727.62it/s, Materializing param=audio_spectrogram_transformer.encoder.layer.0.layernorm_after.weight]
Loading weights:   9%|▉         | 18/203 [00:00<00:00, 5955.94it/s, Materializing param=audio_spectrogram_transformer.encoder.layer.0.layernorm_before.bias] 
Loading weights:   9%|▉         | 18/203 [00:00<00:00, 5913.02it/s, Materializing param=audio_spectrogram_transformer.encoder.layer.0.layernorm_before.bias]
Loading weights:   9%|▉         | 19/203 [00:00<00:00, 4651.90it/s, Materializing param=audio_spectrogram_transformer.encoder.layer.0.layernorm_before.weight]
Loading weights:   9%|▉         | 19/203 [00:00<00:00, 4623.83it/s, Materializing param=audio_spectrogram_transformer.encoder.layer.0.layernorm_before.weight]
Loading weights:  10%|▉         | 20/203 [00:00<00:00, 4789.11it/s, Materializing param=audio_spectrogram_transformer.encoder.layer.0.output.dense.bias]      
Loading weights:  10%|▉         | 20/203 [00:00<00:00, 4759.76it/s, Materializing param=audio_spectrogram_transformer.encoder.layer.0.output.dense.bias]
Loading weights:  10%|█         | 21/203 [00:00<00:00, 4934.20it/s, Materializing param=audio_spectrogram_transformer.encoder.layer.0.output.dense.weight]
Loading weights:  10%|█         | 21/203 [00:00<00:00, 4908.90it/s, Materializing param=audio_spectrogram_transformer.encoder.layer.0.output.dense.weight]
Loading weights:  11%|█         | 22/203 [00:00<00:00, 4695.67it/s, Materializing param=audio_spectrogram_transformer.encoder.layer.1.attention.attention.key.bias]
Loading weights:  11%|█         | 22/203 [00:00<00:00, 4672.85it/s, Materializing param=audio_spectrogram_transformer.encoder.layer.1.attention.attention.key.bias]
Loading weights:  11%|█▏        | 23/203 [00:00<00:00, 4821.76it/s, Materializing param=audio_spectrogram_transformer.encoder.layer.1.attention.attention.key.weight]
Loading weights:  11%|█▏        | 23/203 [00:00<00:00, 4799.69it/s, Materializing param=audio_spectrogram_transformer.encoder.layer.1.attention.attention.key.weight]
Loading weights:  12%|█▏        | 24/203 [00:00<00:00, 4962.69it/s, Materializing param=audio_spectrogram_transformer.encoder.layer.1.attention.attention.query.bias]
Loading weights:  12%|█▏        | 24/203 [00:00<00:00, 4941.26it/s, Materializing param=audio_spectrogram_transformer.encoder.layer.1.attention.attention.query.bias]
Loading weights:  12%|█▏        | 25/203 [00:00<00:00, 5099.83it/s, Materializing param=audio_spectrogram_transformer.encoder.layer.1.attention.attention.query.weight]
Loading weights:  12%|█▏        | 25/203 [00:00<00:00, 5078.10it/s, Materializing param=audio_spectrogram_transformer.encoder.layer.1.attention.attention.query.weight]
Loading weights:  13%|█▎        | 26/203 [00:00<00:00, 5219.79it/s, Materializing param=audio_spectrogram_transformer.encoder.layer.1.attention.attention.value.bias]  
Loading weights:  13%|█▎        | 26/203 [00:00<00:00, 5197.90it/s, Materializing param=audio_spectrogram_transformer.encoder.layer.1.attention.attention.value.bias]
Loading weights:  13%|█▎        | 27/203 [00:00<00:00, 5349.62it/s, Materializing param=audio_spectrogram_transformer.encoder.layer.1.attention.attention.value.weight]
Loading weights:  13%|█▎        | 27/203 [00:00<00:00, 5327.48it/s, Materializing param=audio_spectrogram_transformer.encoder.layer.1.attention.attention.value.weight]
Loading weights:  14%|█▍        | 28/203 [00:00<00:00, 5468.71it/s, Materializing param=audio_spectrogram_transformer.encoder.layer.1.attention.output.dense.bias]     
Loading weights:  14%|█▍        | 28/203 [00:00<00:00, 5446.39it/s, Materializing param=audio_spectrogram_transformer.encoder.layer.1.attention.output.dense.bias]
Loading weights:  14%|█▍        | 29/203 [00:00<00:00, 5592.92it/s, Materializing param=audio_spectrogram_transformer.encoder.layer.1.attention.output.dense.weight]
Loading weights:  14%|█▍        | 29/203 [00:00<00:00, 5570.38it/s, Materializing param=audio_spectrogram_transformer.encoder.layer.1.attention.output.dense.weight]
Loading weights:  15%|█▍        | 30/203 [00:00<00:00, 5716.39it/s, Materializing param=audio_spectrogram_transformer.encoder.layer.1.intermediate.dense.bias]      
Loading weights:  15%|█▍        | 30/203 [00:00<00:00, 5693.63it/s, Materializing param=audio_spectrogram_transformer.encoder.layer.1.intermediate.dense.bias]
Loading weights:  15%|█▌        | 31/203 [00:00<00:00, 5834.57it/s, Materializing param=audio_spectrogram_transformer.encoder.layer.1.intermediate.dense.weight]
Loading weights:  15%|█▌        | 31/203 [00:00<00:00, 5811.62it/s, Materializing param=audio_spectrogram_transformer.encoder.layer.1.intermediate.dense.weight]
Loading weights:  16%|█▌        | 32/203 [00:00<00:00, 5950.16it/s, Materializing param=audio_spectrogram_transformer.encoder.layer.1.layernorm_after.bias]     
Loading weights:  16%|█▌        | 32/203 [00:00<00:00, 5927.04it/s, Materializing param=audio_spectrogram_transformer.encoder.layer.1.layernorm_after.bias]
Loading weights:  16%|█▋        | 33/203 [00:00<00:00, 6061.66it/s, Materializing param=audio_spectrogram_transformer.encoder.layer.1.layernorm_after.weight]
Loading weights:  16%|█▋        | 33/203 [00:00<00:00, 6039.45it/s, Materializing param=audio_spectrogram_transformer.encoder.layer.1.layernorm_after.weight]
Loading weights:  17%|█▋        | 34/203 [00:00<00:00, 6170.50it/s, Materializing param=audio_spectrogram_transformer.encoder.layer.1.layernorm_before.bias] 
Loading weights:  17%|█▋        | 34/203 [00:00<00:00, 6148.15it/s, Materializing param=audio_spectrogram_transformer.encoder.layer.1.layernorm_before.bias]
Loading weights:  17%|█▋        | 35/203 [00:00<00:00, 6278.90it/s, Materializing param=audio_spectrogram_transformer.encoder.layer.1.layernorm_before.weight]
Loading weights:  17%|█▋        | 35/203 [00:00<00:00, 6256.69it/s, Materializing param=audio_spectrogram_transformer.encoder.layer.1.layernorm_before.weight]
Loading weights:  18%|█▊        | 36/203 [00:00<00:00, 6364.92it/s, Materializing param=audio_spectrogram_transformer.encoder.layer.1.output.dense.bias]      
Loading weights:  18%|█▊        | 36/203 [00:00<00:00, 6322.28it/s, Materializing param=audio_spectrogram_transformer.encoder.layer.1.output.dense.bias]
Loading weights:  18%|█▊        | 37/203 [00:00<00:00, 6122.59it/s, Materializing param=audio_spectrogram_transformer.encoder.layer.1.output.dense.weight]
Loading weights:  18%|█▊        | 37/203 [00:00<00:00, 6098.29it/s, Materializing param=audio_spectrogram_transformer.encoder.layer.1.output.dense.weight]
Loading weights:  19%|█▊        | 38/203 [00:00<00:00, 6212.09it/s, Materializing param=audio_spectrogram_transformer.encoder.layer.2.attention.attention.key.bias]
Loading weights:  19%|█▊        | 38/203 [00:00<00:00, 6190.85it/s, Materializing param=audio_spectrogram_transformer.encoder.layer.2.attention.attention.key.bias]
Loading weights:  19%|█▉        | 39/203 [00:00<00:00, 6306.49it/s, Materializing param=audio_spectrogram_transformer.encoder.layer.2.attention.attention.key.weight]
Loading weights:  19%|█▉        | 39/203 [00:00<00:00, 6285.17it/s, Materializing param=audio_spectrogram_transformer.encoder.layer.2.attention.attention.key.weight]
Loading weights:  20%|█▉        | 40/203 [00:00<00:00, 6398.88it/s, Materializing param=audio_spectrogram_transformer.encoder.layer.2.attention.attention.query.bias]
Loading weights:  20%|█▉        | 40/203 [00:00<00:00, 6378.20it/s, Materializing param=audio_spectrogram_transformer.encoder.layer.2.attention.attention.query.bias]
Loading weights:  20%|██        | 41/203 [00:00<00:00, 5418.83it/s, Materializing param=audio_spectrogram_transformer.encoder.layer.2.attention.attention.query.weight]
Loading weights:  20%|██        | 41/203 [00:00<00:00, 5386.91it/s, Materializing param=audio_spectrogram_transformer.encoder.layer.2.attention.attention.query.weight]
Loading weights:  21%|██        | 42/203 [00:00<00:00, 5476.61it/s, Materializing param=audio_spectrogram_transformer.encoder.layer.2.attention.attention.value.bias]  
Loading weights:  21%|██        | 42/203 [00:00<00:00, 5460.99it/s, Materializing param=audio_spectrogram_transformer.encoder.layer.2.attention.attention.value.bias]
Loading weights:  21%|██        | 43/203 [00:00<00:00, 5539.67it/s, Materializing param=audio_spectrogram_transformer.encoder.layer.2.attention.attention.value.weight]
Loading weights:  21%|██        | 43/203 [00:00<00:00, 5524.06it/s, Materializing param=audio_spectrogram_transformer.encoder.layer.2.attention.attention.value.weight]
Loading weights:  22%|██▏       | 44/203 [00:00<00:00, 5382.17it/s, Materializing param=audio_spectrogram_transformer.encoder.layer.2.attention.output.dense.bias]     
Loading weights:  22%|██▏       | 44/203 [00:00<00:00, 5367.77it/s, Materializing param=audio_spectrogram_transformer.encoder.layer.2.attention.output.dense.bias]
Loading weights:  22%|██▏       | 45/203 [00:00<00:00, 5450.61it/s, Materializing param=audio_spectrogram_transformer.encoder.layer.2.attention.output.dense.weight]
Loading weights:  22%|██▏       | 45/203 [00:00<00:00, 5436.01it/s, Materializing param=audio_spectrogram_transformer.encoder.layer.2.attention.output.dense.weight]
Loading weights:  23%|██▎       | 46/203 [00:00<00:00, 5166.64it/s, Materializing param=audio_spectrogram_transformer.encoder.layer.2.intermediate.dense.bias]      
Loading weights:  23%|██▎       | 46/203 [00:00<00:00, 5152.29it/s, Materializing param=audio_spectrogram_transformer.encoder.layer.2.intermediate.dense.bias]
Loading weights:  23%|██▎       | 47/203 [00:00<00:00, 5022.99it/s, Materializing param=audio_spectrogram_transformer.encoder.layer.2.intermediate.dense.weight]
Loading weights:  23%|██▎       | 47/203 [00:00<00:00, 5008.95it/s, Materializing param=audio_spectrogram_transformer.encoder.layer.2.intermediate.dense.weight]
Loading weights:  24%|██▎       | 48/203 [00:00<00:00, 4911.96it/s, Materializing param=audio_spectrogram_transformer.encoder.layer.2.layernorm_after.bias]     
Loading weights:  24%|██▎       | 48/203 [00:00<00:00, 4899.89it/s, Materializing param=audio_spectrogram_transformer.encoder.layer.2.layernorm_after.bias]
Loading weights:  24%|██▍       | 49/203 [00:00<00:00, 4962.95it/s, Materializing param=audio_spectrogram_transformer.encoder.layer.2.layernorm_after.weight]
Loading weights:  24%|██▍       | 49/203 [00:00<00:00, 4950.52it/s, Materializing param=audio_spectrogram_transformer.encoder.layer.2.layernorm_after.weight]
Loading weights:  25%|██▍       | 50/203 [00:00<00:00, 4819.16it/s, Materializing param=audio_spectrogram_transformer.encoder.layer.2.layernorm_before.bias] 
Loading weights:  25%|██▍       | 50/203 [00:00<00:00, 4804.36it/s, Materializing param=audio_spectrogram_transformer.encoder.layer.2.layernorm_before.bias]
Loading weights:  25%|██▌       | 51/203 [00:00<00:00, 4867.77it/s, Materializing param=audio_spectrogram_transformer.encoder.layer.2.layernorm_before.weight]
Loading weights:  25%|██▌       | 51/203 [00:00<00:00, 4856.17it/s, Materializing param=audio_spectrogram_transformer.encoder.layer.2.layernorm_before.weight]
Loading weights:  26%|██▌       | 52/203 [00:00<00:00, 4929.35it/s, Materializing param=audio_spectrogram_transformer.encoder.layer.2.output.dense.bias]      
Loading weights:  26%|██▌       | 52/203 [00:00<00:00, 4918.67it/s, Materializing param=audio_spectrogram_transformer.encoder.layer.2.output.dense.bias]
Loading weights:  26%|██▌       | 53/203 [00:00<00:00, 4987.28it/s, Materializing param=audio_spectrogram_transformer.encoder.layer.2.output.dense.weight]
Loading weights:  26%|██▌       | 53/203 [00:00<00:00, 4976.01it/s, Materializing param=audio_spectrogram_transformer.encoder.layer.2.output.dense.weight]
Loading weights:  27%|██▋       | 54/203 [00:00<00:00, 4869.13it/s, Materializing param=audio_spectrogram_transformer.encoder.layer.3.attention.attention.key.bias]
Loading weights:  27%|██▋       | 54/203 [00:00<00:00, 4859.10it/s, Materializing param=audio_spectrogram_transformer.encoder.layer.3.attention.attention.key.bias]
Loading weights:  27%|██▋       | 55/203 [00:00<00:00, 4786.73it/s, Materializing param=audio_spectrogram_transformer.encoder.layer.3.attention.attention.key.weight]
Loading weights:  27%|██▋       | 55/203 [00:00<00:00, 4777.61it/s, Materializing param=audio_spectrogram_transformer.encoder.layer.3.attention.attention.key.weight]
Loading weights:  28%|██▊       | 56/203 [00:00<00:00, 4842.21it/s, Materializing param=audio_spectrogram_transformer.encoder.layer.3.attention.attention.query.bias]
Loading weights:  28%|██▊       | 56/203 [00:00<00:00, 4833.44it/s, Materializing param=audio_spectrogram_transformer.encoder.layer.3.attention.attention.query.bias]
Loading weights:  28%|██▊       | 57/203 [00:00<00:00, 4890.07it/s, Materializing param=audio_spectrogram_transformer.encoder.layer.3.attention.attention.query.weight]
Loading weights:  28%|██▊       | 57/203 [00:00<00:00, 4879.29it/s, Materializing param=audio_spectrogram_transformer.encoder.layer.3.attention.attention.query.weight]
Loading weights:  29%|██▊       | 58/203 [00:00<00:00, 4821.99it/s, Materializing param=audio_spectrogram_transformer.encoder.layer.3.attention.attention.value.bias]  
Loading weights:  29%|██▊       | 58/203 [00:00<00:00, 4810.84it/s, Materializing param=audio_spectrogram_transformer.encoder.layer.3.attention.attention.value.bias]
Loading weights:  29%|██▉       | 59/203 [00:00<00:00, 4872.78it/s, Materializing param=audio_spectrogram_transformer.encoder.layer.3.attention.attention.value.weight]
Loading weights:  29%|██▉       | 59/203 [00:00<00:00, 4863.58it/s, Materializing param=audio_spectrogram_transformer.encoder.layer.3.attention.attention.value.weight]
Loading weights:  30%|██▉       | 60/203 [00:00<00:00, 4786.20it/s, Materializing param=audio_spectrogram_transformer.encoder.layer.3.attention.output.dense.bias]     
Loading weights:  30%|██▉       | 60/203 [00:00<00:00, 4777.02it/s, Materializing param=audio_spectrogram_transformer.encoder.layer.3.attention.output.dense.bias]
Loading weights:  30%|███       | 61/203 [00:00<00:00, 4813.78it/s, Materializing param=audio_spectrogram_transformer.encoder.layer.3.attention.output.dense.weight]
Loading weights:  30%|███       | 61/203 [00:00<00:00, 4805.37it/s, Materializing param=audio_spectrogram_transformer.encoder.layer.3.attention.output.dense.weight]
Loading weights:  31%|███       | 62/203 [00:00<00:00, 4857.69it/s, Materializing param=audio_spectrogram_transformer.encoder.layer.3.intermediate.dense.bias]      
Loading weights:  31%|███       | 62/203 [00:00<00:00, 4847.91it/s, Materializing param=audio_spectrogram_transformer.encoder.layer.3.intermediate.dense.bias]
Loading weights:  31%|███       | 63/203 [00:00<00:00, 4907.62it/s, Materializing param=audio_spectrogram_transformer.encoder.layer.3.intermediate.dense.weight]
Loading weights:  31%|███       | 63/203 [00:00<00:00, 4899.25it/s, Materializing param=audio_spectrogram_transformer.encoder.layer.3.intermediate.dense.weight]
Loading weights:  32%|███▏      | 64/203 [00:00<00:00, 4952.78it/s, Materializing param=audio_spectrogram_transformer.encoder.layer.3.layernorm_after.bias]     
Loading weights:  32%|███▏      | 64/203 [00:00<00:00, 4942.74it/s, Materializing param=audio_spectrogram_transformer.encoder.layer.3.layernorm_after.bias]
Loading weights:  32%|███▏      | 65/203 [00:00<00:00, 5002.29it/s, Materializing param=audio_spectrogram_transformer.encoder.layer.3.layernorm_after.weight]
Loading weights:  32%|███▏      | 65/203 [00:00<00:00, 4993.86it/s, Materializing param=audio_spectrogram_transformer.encoder.layer.3.layernorm_after.weight]
Loading weights:  33%|███▎      | 66/203 [00:00<00:00, 5052.73it/s, Materializing param=audio_spectrogram_transformer.encoder.layer.3.layernorm_before.bias] 
Loading weights:  33%|███▎      | 66/203 [00:00<00:00, 5044.63it/s, Materializing param=audio_spectrogram_transformer.encoder.layer.3.layernorm_before.bias]
Loading weights:  33%|███▎      | 67/203 [00:00<00:00, 5103.12it/s, Materializing param=audio_spectrogram_transformer.encoder.layer.3.layernorm_before.weight]
Loading weights:  33%|███▎      | 67/203 [00:00<00:00, 5094.70it/s, Materializing param=audio_spectrogram_transformer.encoder.layer.3.layernorm_before.weight]
Loading weights:  33%|███▎      | 68/203 [00:00<00:00, 5154.57it/s, Materializing param=audio_spectrogram_transformer.encoder.layer.3.output.dense.bias]      
Loading weights:  33%|███▎      | 68/203 [00:00<00:00, 5146.39it/s, Materializing param=audio_spectrogram_transformer.encoder.layer.3.output.dense.bias]
Loading weights:  34%|███▍      | 69/203 [00:00<00:00, 5204.41it/s, Materializing param=audio_spectrogram_transformer.encoder.layer.3.output.dense.weight]
Loading weights:  34%|███▍      | 69/203 [00:00<00:00, 5196.19it/s, Materializing param=audio_spectrogram_transformer.encoder.layer.3.output.dense.weight]
Loading weights:  34%|███▍      | 70/203 [00:00<00:00, 5106.46it/s, Materializing param=audio_spectrogram_transformer.encoder.layer.4.attention.attention.key.bias]
Loading weights:  34%|███▍      | 70/203 [00:00<00:00, 5096.01it/s, Materializing param=audio_spectrogram_transformer.encoder.layer.4.attention.attention.key.bias]
Loading weights:  35%|███▍      | 71/203 [00:00<00:00, 5139.72it/s, Materializing param=audio_spectrogram_transformer.encoder.layer.4.attention.attention.key.weight]
Loading weights:  35%|███▍      | 71/203 [00:00<00:00, 5130.78it/s, Materializing param=audio_spectrogram_transformer.encoder.layer.4.attention.attention.key.weight]
Loading weights:  35%|███▌      | 72/203 [00:00<00:00, 5184.64it/s, Materializing param=audio_spectrogram_transformer.encoder.layer.4.attention.attention.query.bias]
Loading weights:  35%|███▌      | 72/203 [00:00<00:00, 5176.47it/s, Materializing param=audio_spectrogram_transformer.encoder.layer.4.attention.attention.query.bias]
Loading weights:  36%|███▌      | 73/203 [00:00<00:00, 5231.41it/s, Materializing param=audio_spectrogram_transformer.encoder.layer.4.attention.attention.query.weight]
Loading weights:  36%|███▌      | 73/203 [00:00<00:00, 5223.20it/s, Materializing param=audio_spectrogram_transformer.encoder.layer.4.attention.attention.query.weight]
Loading weights:  36%|███▋      | 74/203 [00:00<00:00, 5263.51it/s, Materializing param=audio_spectrogram_transformer.encoder.layer.4.attention.attention.value.bias]  
Loading weights:  36%|███▋      | 74/203 [00:00<00:00, 5255.66it/s, Materializing param=audio_spectrogram_transformer.encoder.layer.4.attention.attention.value.bias]
Loading weights:  37%|███▋      | 75/203 [00:00<00:00, 5309.69it/s, Materializing param=audio_spectrogram_transformer.encoder.layer.4.attention.attention.value.weight]
Loading weights:  37%|███▋      | 75/203 [00:00<00:00, 5302.18it/s, Materializing param=audio_spectrogram_transformer.encoder.layer.4.attention.attention.value.weight]
Loading weights:  37%|███▋      | 76/203 [00:00<00:00, 5355.81it/s, Materializing param=audio_spectrogram_transformer.encoder.layer.4.attention.output.dense.bias]     
Loading weights:  37%|███▋      | 76/203 [00:00<00:00, 5347.90it/s, Materializing param=audio_spectrogram_transformer.encoder.layer.4.attention.output.dense.bias]
Loading weights:  38%|███▊      | 77/203 [00:00<00:00, 5181.31it/s, Materializing param=audio_spectrogram_transformer.encoder.layer.4.attention.output.dense.weight]
Loading weights:  38%|███▊      | 77/203 [00:00<00:00, 5172.93it/s, Materializing param=audio_spectrogram_transformer.encoder.layer.4.attention.output.dense.weight]
Loading weights:  38%|███▊      | 78/203 [00:00<00:00, 5125.82it/s, Materializing param=audio_spectrogram_transformer.encoder.layer.4.intermediate.dense.bias]      
Loading weights:  38%|███▊      | 78/203 [00:00<00:00, 5118.37it/s, Materializing param=audio_spectrogram_transformer.encoder.layer.4.intermediate.dense.bias]
Loading weights:  39%|███▉      | 79/203 [00:00<00:00, 5149.90it/s, Materializing param=audio_spectrogram_transformer.encoder.layer.4.intermediate.dense.weight]
Loading weights:  39%|███▉      | 79/203 [00:00<00:00, 5142.23it/s, Materializing param=audio_spectrogram_transformer.encoder.layer.4.intermediate.dense.weight]
Loading weights:  39%|███▉      | 80/203 [00:00<00:00, 5192.09it/s, Materializing param=audio_spectrogram_transformer.encoder.layer.4.layernorm_after.bias]     
Loading weights:  39%|███▉      | 80/203 [00:00<00:00, 5185.03it/s, Materializing param=audio_spectrogram_transformer.encoder.layer.4.layernorm_after.bias]
Loading weights:  40%|███▉      | 81/203 [00:00<00:00, 5127.20it/s, Materializing param=audio_spectrogram_transformer.encoder.layer.4.layernorm_after.weight]
Loading weights:  40%|███▉      | 81/203 [00:00<00:00, 5119.09it/s, Materializing param=audio_spectrogram_transformer.encoder.layer.4.layernorm_after.weight]
Loading weights:  40%|████      | 82/203 [00:00<00:00, 5153.25it/s, Materializing param=audio_spectrogram_transformer.encoder.layer.4.layernorm_before.bias] 
Loading weights:  40%|████      | 82/203 [00:00<00:00, 5145.23it/s, Materializing param=audio_spectrogram_transformer.encoder.layer.4.layernorm_before.bias]
Loading weights:  41%|████      | 83/203 [00:00<00:00, 5101.36it/s, Materializing param=audio_spectrogram_transformer.encoder.layer.4.layernorm_before.weight]
Loading weights:  41%|████      | 83/203 [00:00<00:00, 5093.82it/s, Materializing param=audio_spectrogram_transformer.encoder.layer.4.layernorm_before.weight]
Loading weights:  41%|████▏     | 84/203 [00:00<00:00, 5141.95it/s, Materializing param=audio_spectrogram_transformer.encoder.layer.4.output.dense.bias]      
Loading weights:  41%|████▏     | 84/203 [00:00<00:00, 5135.06it/s, Materializing param=audio_spectrogram_transformer.encoder.layer.4.output.dense.bias]
Loading weights:  42%|████▏     | 85/203 [00:00<00:00, 5180.71it/s, Materializing param=audio_spectrogram_transformer.encoder.layer.4.output.dense.weight]
Loading weights:  42%|████▏     | 85/203 [00:00<00:00, 5153.01it/s, Materializing param=audio_spectrogram_transformer.encoder.layer.4.output.dense.weight]
Loading weights:  42%|████▏     | 86/203 [00:00<00:00, 5015.44it/s, Materializing param=audio_spectrogram_transformer.encoder.layer.5.attention.attention.key.bias]
Loading weights:  42%|████▏     | 86/203 [00:00<00:00, 5007.85it/s, Materializing param=audio_spectrogram_transformer.encoder.layer.5.attention.attention.key.bias]
Loading weights:  43%|████▎     | 87/203 [00:00<00:00, 5036.71it/s, Materializing param=audio_spectrogram_transformer.encoder.layer.5.attention.attention.key.weight]
Loading weights:  43%|████▎     | 87/203 [00:00<00:00, 5029.70it/s, Materializing param=audio_spectrogram_transformer.encoder.layer.5.attention.attention.key.weight]
Loading weights:  43%|████▎     | 88/203 [00:00<00:00, 4816.82it/s, Materializing param=audio_spectrogram_transformer.encoder.layer.5.attention.attention.query.bias]
Loading weights:  43%|████▎     | 88/203 [00:00<00:00, 4807.91it/s, Materializing param=audio_spectrogram_transformer.encoder.layer.5.attention.attention.query.bias]
Loading weights:  44%|████▍     | 89/203 [00:00<00:00, 4848.02it/s, Materializing param=audio_spectrogram_transformer.encoder.layer.5.attention.attention.query.weight]
Loading weights:  44%|████▍     | 89/203 [00:00<00:00, 4841.67it/s, Materializing param=audio_spectrogram_transformer.encoder.layer.5.attention.attention.query.weight]
Loading weights:  44%|████▍     | 90/203 [00:00<00:00, 4883.53it/s, Materializing param=audio_spectrogram_transformer.encoder.layer.5.attention.attention.value.bias]  
Loading weights:  44%|████▍     | 90/203 [00:00<00:00, 4877.22it/s, Materializing param=audio_spectrogram_transformer.encoder.layer.5.attention.attention.value.bias]
Loading weights:  45%|████▍     | 91/203 [00:00<00:00, 4919.15it/s, Materializing param=audio_spectrogram_transformer.encoder.layer.5.attention.attention.value.weight]
Loading weights:  45%|████▍     | 91/203 [00:00<00:00, 4913.32it/s, Materializing param=audio_spectrogram_transformer.encoder.layer.5.attention.attention.value.weight]
Loading weights:  45%|████▌     | 92/203 [00:00<00:00, 4947.83it/s, Materializing param=audio_spectrogram_transformer.encoder.layer.5.attention.output.dense.bias]     
Loading weights:  45%|████▌     | 92/203 [00:00<00:00, 4941.93it/s, Materializing param=audio_spectrogram_transformer.encoder.layer.5.attention.output.dense.bias]
Loading weights:  46%|████▌     | 93/203 [00:00<00:00, 4883.63it/s, Materializing param=audio_spectrogram_transformer.encoder.layer.5.attention.output.dense.weight]
Loading weights:  46%|████▌     | 93/203 [00:00<00:00, 4878.26it/s, Materializing param=audio_spectrogram_transformer.encoder.layer.5.attention.output.dense.weight]
Loading weights:  46%|████▋     | 94/203 [00:00<00:00, 4892.23it/s, Materializing param=audio_spectrogram_transformer.encoder.layer.5.intermediate.dense.bias]      
Loading weights:  46%|████▋     | 94/203 [00:00<00:00, 4881.81it/s, Materializing param=audio_spectrogram_transformer.encoder.layer.5.intermediate.dense.bias]
Loading weights:  47%|████▋     | 95/203 [00:00<00:00, 4902.66it/s, Materializing param=audio_spectrogram_transformer.encoder.layer.5.intermediate.dense.weight]
Loading weights:  47%|████▋     | 95/203 [00:00<00:00, 4895.61it/s, Materializing param=audio_spectrogram_transformer.encoder.layer.5.intermediate.dense.weight]
Loading weights:  47%|████▋     | 96/203 [00:00<00:00, 4876.27it/s, Materializing param=audio_spectrogram_transformer.encoder.layer.5.layernorm_after.bias]     
Loading weights:  47%|████▋     | 96/203 [00:00<00:00, 4870.55it/s, Materializing param=audio_spectrogram_transformer.encoder.layer.5.layernorm_after.bias]
Loading weights:  48%|████▊     | 97/203 [00:00<00:00, 4767.26it/s, Materializing param=audio_spectrogram_transformer.encoder.layer.5.layernorm_after.weight]
Loading weights:  48%|████▊     | 97/203 [00:00<00:00, 4761.18it/s, Materializing param=audio_spectrogram_transformer.encoder.layer.5.layernorm_after.weight]
Loading weights:  48%|████▊     | 98/203 [00:00<00:00, 4799.42it/s, Materializing param=audio_spectrogram_transformer.encoder.layer.5.layernorm_before.bias] 
Loading weights:  48%|████▊     | 98/203 [00:00<00:00, 4793.99it/s, Materializing param=audio_spectrogram_transformer.encoder.layer.5.layernorm_before.bias]
Loading weights:  49%|████▉     | 99/203 [00:00<00:00, 4766.97it/s, Materializing param=audio_spectrogram_transformer.encoder.layer.5.layernorm_before.weight]
Loading weights:  49%|████▉     | 99/203 [00:00<00:00, 4762.15it/s, Materializing param=audio_spectrogram_transformer.encoder.layer.5.layernorm_before.weight]
Loading weights:  49%|████▉     | 100/203 [00:00<00:00, 4800.07it/s, Materializing param=audio_spectrogram_transformer.encoder.layer.5.output.dense.bias]     
Loading weights:  49%|████▉     | 100/203 [00:00<00:00, 4795.46it/s, Materializing param=audio_spectrogram_transformer.encoder.layer.5.output.dense.bias]
Loading weights:  50%|████▉     | 101/203 [00:00<00:00, 4833.47it/s, Materializing param=audio_spectrogram_transformer.encoder.layer.5.output.dense.weight]
Loading weights:  50%|████▉     | 101/203 [00:00<00:00, 4828.62it/s, Materializing param=audio_spectrogram_transformer.encoder.layer.5.output.dense.weight]
Loading weights:  50%|█████     | 102/203 [00:00<00:00, 4863.40it/s, Materializing param=audio_spectrogram_transformer.encoder.layer.6.attention.attention.key.bias]
Loading weights:  50%|█████     | 102/203 [00:00<00:00, 4856.83it/s, Materializing param=audio_spectrogram_transformer.encoder.layer.6.attention.attention.key.bias]
Loading weights:  51%|█████     | 103/203 [00:00<00:00, 4891.01it/s, Materializing param=audio_spectrogram_transformer.encoder.layer.6.attention.attention.key.weight]
Loading weights:  51%|█████     | 103/203 [00:00<00:00, 4885.43it/s, Materializing param=audio_spectrogram_transformer.encoder.layer.6.attention.attention.key.weight]
Loading weights:  51%|█████     | 104/203 [00:00<00:00, 4764.95it/s, Materializing param=audio_spectrogram_transformer.encoder.layer.6.attention.attention.query.bias]
Loading weights:  51%|█████     | 104/203 [00:00<00:00, 4759.70it/s, Materializing param=audio_spectrogram_transformer.encoder.layer.6.attention.attention.query.bias]
Loading weights:  52%|█████▏    | 105/203 [00:00<00:00, 4770.54it/s, Materializing param=audio_spectrogram_transformer.encoder.layer.6.attention.attention.query.weight]
Loading weights:  52%|█████▏    | 105/203 [00:00<00:00, 4765.74it/s, Materializing param=audio_spectrogram_transformer.encoder.layer.6.attention.attention.query.weight]
Loading weights:  52%|█████▏    | 106/203 [00:00<00:00, 4801.10it/s, Materializing param=audio_spectrogram_transformer.encoder.layer.6.attention.attention.value.bias]  
Loading weights:  52%|█████▏    | 106/203 [00:00<00:00, 4796.75it/s, Materializing param=audio_spectrogram_transformer.encoder.layer.6.attention.attention.value.bias]
Loading weights:  53%|█████▎    | 107/203 [00:00<00:00, 4832.82it/s, Materializing param=audio_spectrogram_transformer.encoder.layer.6.attention.attention.value.weight]
Loading weights:  53%|█████▎    | 107/203 [00:00<00:00, 4828.25it/s, Materializing param=audio_spectrogram_transformer.encoder.layer.6.attention.attention.value.weight]
Loading weights:  53%|█████▎    | 108/203 [00:00<00:00, 4863.74it/s, Materializing param=audio_spectrogram_transformer.encoder.layer.6.attention.output.dense.bias]     
Loading weights:  53%|█████▎    | 108/203 [00:00<00:00, 4859.15it/s, Materializing param=audio_spectrogram_transformer.encoder.layer.6.attention.output.dense.bias]
Loading weights:  54%|█████▎    | 109/203 [00:00<00:00, 4890.71it/s, Materializing param=audio_spectrogram_transformer.encoder.layer.6.attention.output.dense.weight]
Loading weights:  54%|█████▎    | 109/203 [00:00<00:00, 4886.32it/s, Materializing param=audio_spectrogram_transformer.encoder.layer.6.attention.output.dense.weight]
Loading weights:  54%|█████▍    | 110/203 [00:00<00:00, 4921.89it/s, Materializing param=audio_spectrogram_transformer.encoder.layer.6.intermediate.dense.bias]      
Loading weights:  54%|█████▍    | 110/203 [00:00<00:00, 4917.49it/s, Materializing param=audio_spectrogram_transformer.encoder.layer.6.intermediate.dense.bias]
Loading weights:  55%|█████▍    | 111/203 [00:00<00:00, 4952.90it/s, Materializing param=audio_spectrogram_transformer.encoder.layer.6.intermediate.dense.weight]
Loading weights:  55%|█████▍    | 111/203 [00:00<00:00, 4948.27it/s, Materializing param=audio_spectrogram_transformer.encoder.layer.6.intermediate.dense.weight]
Loading weights:  55%|█████▌    | 112/203 [00:00<00:00, 4983.95it/s, Materializing param=audio_spectrogram_transformer.encoder.layer.6.layernorm_after.bias]     
Loading weights:  55%|█████▌    | 112/203 [00:00<00:00, 4979.72it/s, Materializing param=audio_spectrogram_transformer.encoder.layer.6.layernorm_after.bias]
Loading weights:  56%|█████▌    | 113/203 [00:00<00:00, 5014.83it/s, Materializing param=audio_spectrogram_transformer.encoder.layer.6.layernorm_after.weight]
Loading weights:  56%|█████▌    | 113/203 [00:00<00:00, 5010.37it/s, Materializing param=audio_spectrogram_transformer.encoder.layer.6.layernorm_after.weight]
Loading weights:  56%|█████▌    | 114/203 [00:00<00:00, 5046.02it/s, Materializing param=audio_spectrogram_transformer.encoder.layer.6.layernorm_before.bias] 
Loading weights:  56%|█████▌    | 114/203 [00:00<00:00, 5041.50it/s, Materializing param=audio_spectrogram_transformer.encoder.layer.6.layernorm_before.bias]
Loading weights:  57%|█████▋    | 115/203 [00:00<00:00, 5076.57it/s, Materializing param=audio_spectrogram_transformer.encoder.layer.6.layernorm_before.weight]
Loading weights:  57%|█████▋    | 115/203 [00:00<00:00, 5072.08it/s, Materializing param=audio_spectrogram_transformer.encoder.layer.6.layernorm_before.weight]
Loading weights:  57%|█████▋    | 116/203 [00:00<00:00, 5106.95it/s, Materializing param=audio_spectrogram_transformer.encoder.layer.6.output.dense.bias]      
Loading weights:  57%|█████▋    | 116/203 [00:00<00:00, 5102.72it/s, Materializing param=audio_spectrogram_transformer.encoder.layer.6.output.dense.bias]
Loading weights:  58%|█████▊    | 117/203 [00:00<00:00, 5137.66it/s, Materializing param=audio_spectrogram_transformer.encoder.layer.6.output.dense.weight]
Loading weights:  58%|█████▊    | 117/203 [00:00<00:00, 5133.09it/s, Materializing param=audio_spectrogram_transformer.encoder.layer.6.output.dense.weight]
Loading weights:  58%|█████▊    | 118/203 [00:00<00:00, 5167.93it/s, Materializing param=audio_spectrogram_transformer.encoder.layer.7.attention.attention.key.bias]
Loading weights:  58%|█████▊    | 118/203 [00:00<00:00, 5163.41it/s, Materializing param=audio_spectrogram_transformer.encoder.layer.7.attention.attention.key.bias]
Loading weights:  59%|█████▊    | 119/203 [00:00<00:00, 5196.70it/s, Materializing param=audio_spectrogram_transformer.encoder.layer.7.attention.attention.key.weight]
Loading weights:  59%|█████▊    | 119/203 [00:00<00:00, 5191.94it/s, Materializing param=audio_spectrogram_transformer.encoder.layer.7.attention.attention.key.weight]
Loading weights:  59%|█████▉    | 120/203 [00:00<00:00, 5226.00it/s, Materializing param=audio_spectrogram_transformer.encoder.layer.7.attention.attention.query.bias]
Loading weights:  59%|█████▉    | 120/203 [00:00<00:00, 5221.45it/s, Materializing param=audio_spectrogram_transformer.encoder.layer.7.attention.attention.query.bias]
Loading weights:  60%|█████▉    | 121/203 [00:00<00:00, 5255.58it/s, Materializing param=audio_spectrogram_transformer.encoder.layer.7.attention.attention.query.weight]
Loading weights:  60%|█████▉    | 121/203 [00:00<00:00, 5251.02it/s, Materializing param=audio_spectrogram_transformer.encoder.layer.7.attention.attention.query.weight]
Loading weights:  60%|██████    | 122/203 [00:00<00:00, 5284.79it/s, Materializing param=audio_spectrogram_transformer.encoder.layer.7.attention.attention.value.bias]  
Loading weights:  60%|██████    | 122/203 [00:00<00:00, 5279.99it/s, Materializing param=audio_spectrogram_transformer.encoder.layer.7.attention.attention.value.bias]
Loading weights:  61%|██████    | 123/203 [00:00<00:00, 5313.62it/s, Materializing param=audio_spectrogram_transformer.encoder.layer.7.attention.attention.value.weight]
Loading weights:  61%|██████    | 123/203 [00:00<00:00, 5309.03it/s, Materializing param=audio_spectrogram_transformer.encoder.layer.7.attention.attention.value.weight]
Loading weights:  61%|██████    | 124/203 [00:00<00:00, 5342.68it/s, Materializing param=audio_spectrogram_transformer.encoder.layer.7.attention.output.dense.bias]     
Loading weights:  61%|██████    | 124/203 [00:00<00:00, 5338.13it/s, Materializing param=audio_spectrogram_transformer.encoder.layer.7.attention.output.dense.bias]
Loading weights:  62%|██████▏   | 125/203 [00:00<00:00, 5371.20it/s, Materializing param=audio_spectrogram_transformer.encoder.layer.7.attention.output.dense.weight]
Loading weights:  62%|██████▏   | 125/203 [00:00<00:00, 5366.36it/s, Materializing param=audio_spectrogram_transformer.encoder.layer.7.attention.output.dense.weight]
Loading weights:  62%|██████▏   | 126/203 [00:00<00:00, 5399.78it/s, Materializing param=audio_spectrogram_transformer.encoder.layer.7.intermediate.dense.bias]      
Loading weights:  62%|██████▏   | 126/203 [00:00<00:00, 5395.43it/s, Materializing param=audio_spectrogram_transformer.encoder.layer.7.intermediate.dense.bias]
Loading weights:  63%|██████▎   | 127/203 [00:00<00:00, 5425.68it/s, Materializing param=audio_spectrogram_transformer.encoder.layer.7.intermediate.dense.weight]
Loading weights:  63%|██████▎   | 127/203 [00:00<00:00, 5420.82it/s, Materializing param=audio_spectrogram_transformer.encoder.layer.7.intermediate.dense.weight]
Loading weights:  63%|██████▎   | 128/203 [00:00<00:00, 5453.01it/s, Materializing param=audio_spectrogram_transformer.encoder.layer.7.layernorm_after.bias]     
Loading weights:  63%|██████▎   | 128/203 [00:00<00:00, 5448.42it/s, Materializing param=audio_spectrogram_transformer.encoder.layer.7.layernorm_after.bias]
Loading weights:  64%|██████▎   | 129/203 [00:00<00:00, 5402.44it/s, Materializing param=audio_spectrogram_transformer.encoder.layer.7.layernorm_after.weight]
Loading weights:  64%|██████▎   | 129/203 [00:00<00:00, 5397.00it/s, Materializing param=audio_spectrogram_transformer.encoder.layer.7.layernorm_after.weight]
Loading weights:  64%|██████▍   | 130/203 [00:00<00:00, 5425.47it/s, Materializing param=audio_spectrogram_transformer.encoder.layer.7.layernorm_before.bias] 
Loading weights:  64%|██████▍   | 130/203 [00:00<00:00, 5420.72it/s, Materializing param=audio_spectrogram_transformer.encoder.layer.7.layernorm_before.bias]
Loading weights:  65%|██████▍   | 131/203 [00:00<00:00, 5450.61it/s, Materializing param=audio_spectrogram_transformer.encoder.layer.7.layernorm_before.weight]
Loading weights:  65%|██████▍   | 131/203 [00:00<00:00, 5445.58it/s, Materializing param=audio_spectrogram_transformer.encoder.layer.7.layernorm_before.weight]
Loading weights:  65%|██████▌   | 132/203 [00:00<00:00, 5275.10it/s, Materializing param=audio_spectrogram_transformer.encoder.layer.7.output.dense.bias]      
Loading weights:  65%|██████▌   | 132/203 [00:00<00:00, 5268.57it/s, Materializing param=audio_spectrogram_transformer.encoder.layer.7.output.dense.bias]
Loading weights:  66%|██████▌   | 133/203 [00:00<00:00, 5297.50it/s, Materializing param=audio_spectrogram_transformer.encoder.layer.7.output.dense.weight]
Loading weights:  66%|██████▌   | 133/203 [00:00<00:00, 5292.62it/s, Materializing param=audio_spectrogram_transformer.encoder.layer.7.output.dense.weight]
Loading weights:  66%|██████▌   | 134/203 [00:00<00:00, 5322.72it/s, Materializing param=audio_spectrogram_transformer.encoder.layer.8.attention.attention.key.bias]
Loading weights:  66%|██████▌   | 134/203 [00:00<00:00, 5317.89it/s, Materializing param=audio_spectrogram_transformer.encoder.layer.8.attention.attention.key.bias]
Loading weights:  67%|██████▋   | 135/203 [00:00<00:00, 5346.95it/s, Materializing param=audio_spectrogram_transformer.encoder.layer.8.attention.attention.key.weight]
Loading weights:  67%|██████▋   | 135/203 [00:00<00:00, 5342.51it/s, Materializing param=audio_spectrogram_transformer.encoder.layer.8.attention.attention.key.weight]
Loading weights:  67%|██████▋   | 136/203 [00:00<00:00, 5372.70it/s, Materializing param=audio_spectrogram_transformer.encoder.layer.8.attention.attention.query.bias]
Loading weights:  67%|██████▋   | 136/203 [00:00<00:00, 5368.25it/s, Materializing param=audio_spectrogram_transformer.encoder.layer.8.attention.attention.query.bias]
Loading weights:  67%|██████▋   | 137/203 [00:00<00:00, 5397.52it/s, Materializing param=audio_spectrogram_transformer.encoder.layer.8.attention.attention.query.weight]
Loading weights:  67%|██████▋   | 137/203 [00:00<00:00, 5393.01it/s, Materializing param=audio_spectrogram_transformer.encoder.layer.8.attention.attention.query.weight]
Loading weights:  68%|██████▊   | 138/203 [00:00<00:00, 5422.75it/s, Materializing param=audio_spectrogram_transformer.encoder.layer.8.attention.attention.value.bias]  
Loading weights:  68%|██████▊   | 138/203 [00:00<00:00, 5418.29it/s, Materializing param=audio_spectrogram_transformer.encoder.layer.8.attention.attention.value.bias]
Loading weights:  68%|██████▊   | 139/203 [00:00<00:00, 5381.93it/s, Materializing param=audio_spectrogram_transformer.encoder.layer.8.attention.attention.value.weight]
Loading weights:  68%|██████▊   | 139/203 [00:00<00:00, 5376.92it/s, Materializing param=audio_spectrogram_transformer.encoder.layer.8.attention.attention.value.weight]
Loading weights:  69%|██████▉   | 140/203 [00:00<00:00, 5138.55it/s, Materializing param=audio_spectrogram_transformer.encoder.layer.8.attention.output.dense.bias]     
Loading weights:  69%|██████▉   | 140/203 [00:00<00:00, 5133.83it/s, Materializing param=audio_spectrogram_transformer.encoder.layer.8.attention.output.dense.bias]
Loading weights:  69%|██████▉   | 141/203 [00:00<00:00, 5161.25it/s, Materializing param=audio_spectrogram_transformer.encoder.layer.8.attention.output.dense.weight]
Loading weights:  69%|██████▉   | 141/203 [00:00<00:00, 5156.89it/s, Materializing param=audio_spectrogram_transformer.encoder.layer.8.attention.output.dense.weight]
Loading weights:  70%|██████▉   | 142/203 [00:00<00:00, 5185.10it/s, Materializing param=audio_spectrogram_transformer.encoder.layer.8.intermediate.dense.bias]      
Loading weights:  70%|██████▉   | 142/203 [00:00<00:00, 5181.13it/s, Materializing param=audio_spectrogram_transformer.encoder.layer.8.intermediate.dense.bias]
Loading weights:  70%|███████   | 143/203 [00:00<00:00, 5209.27it/s, Materializing param=audio_spectrogram_transformer.encoder.layer.8.intermediate.dense.weight]
Loading weights:  70%|███████   | 143/203 [00:00<00:00, 5205.25it/s, Materializing param=audio_spectrogram_transformer.encoder.layer.8.intermediate.dense.weight]
Loading weights:  71%|███████   | 144/203 [00:00<00:00, 5233.48it/s, Materializing param=audio_spectrogram_transformer.encoder.layer.8.layernorm_after.bias]     
Loading weights:  71%|███████   | 144/203 [00:00<00:00, 5229.67it/s, Materializing param=audio_spectrogram_transformer.encoder.layer.8.layernorm_after.bias]
Loading weights:  71%|███████▏  | 145/203 [00:00<00:00, 5258.20it/s, Materializing param=audio_spectrogram_transformer.encoder.layer.8.layernorm_after.weight]
Loading weights:  71%|███████▏  | 145/203 [00:00<00:00, 5254.16it/s, Materializing param=audio_spectrogram_transformer.encoder.layer.8.layernorm_after.weight]
Loading weights:  72%|███████▏  | 146/203 [00:00<00:00, 5280.27it/s, Materializing param=audio_spectrogram_transformer.encoder.layer.8.layernorm_before.bias] 
Loading weights:  72%|███████▏  | 146/203 [00:00<00:00, 5276.45it/s, Materializing param=audio_spectrogram_transformer.encoder.layer.8.layernorm_before.bias]
Loading weights:  72%|███████▏  | 147/203 [00:00<00:00, 5304.91it/s, Materializing param=audio_spectrogram_transformer.encoder.layer.8.layernorm_before.weight]
Loading weights:  72%|███████▏  | 147/203 [00:00<00:00, 5301.07it/s, Materializing param=audio_spectrogram_transformer.encoder.layer.8.layernorm_before.weight]
Loading weights:  73%|███████▎  | 148/203 [00:00<00:00, 5329.67it/s, Materializing param=audio_spectrogram_transformer.encoder.layer.8.output.dense.bias]      
Loading weights:  73%|███████▎  | 148/203 [00:00<00:00, 5325.83it/s, Materializing param=audio_spectrogram_transformer.encoder.layer.8.output.dense.bias]
Loading weights:  73%|███████▎  | 149/203 [00:00<00:00, 5353.73it/s, Materializing param=audio_spectrogram_transformer.encoder.layer.8.output.dense.weight]
Loading weights:  73%|███████▎  | 149/203 [00:00<00:00, 5349.88it/s, Materializing param=audio_spectrogram_transformer.encoder.layer.8.output.dense.weight]
Loading weights:  74%|███████▍  | 150/203 [00:00<00:00, 5378.05it/s, Materializing param=audio_spectrogram_transformer.encoder.layer.9.attention.attention.key.bias]
Loading weights:  74%|███████▍  | 150/203 [00:00<00:00, 5374.19it/s, Materializing param=audio_spectrogram_transformer.encoder.layer.9.attention.attention.key.bias]
Loading weights:  74%|███████▍  | 151/203 [00:00<00:00, 5401.48it/s, Materializing param=audio_spectrogram_transformer.encoder.layer.9.attention.attention.key.weight]
Loading weights:  74%|███████▍  | 151/203 [00:00<00:00, 5397.25it/s, Materializing param=audio_spectrogram_transformer.encoder.layer.9.attention.attention.key.weight]
Loading weights:  75%|███████▍  | 152/203 [00:00<00:00, 5350.78it/s, Materializing param=audio_spectrogram_transformer.encoder.layer.9.attention.attention.query.bias]
Loading weights:  75%|███████▍  | 152/203 [00:00<00:00, 5345.17it/s, Materializing param=audio_spectrogram_transformer.encoder.layer.9.attention.attention.query.bias]
Loading weights:  75%|███████▌  | 153/203 [00:00<00:00, 5370.43it/s, Materializing param=audio_spectrogram_transformer.encoder.layer.9.attention.attention.query.weight]
Loading weights:  75%|███████▌  | 153/203 [00:00<00:00, 5366.16it/s, Materializing param=audio_spectrogram_transformer.encoder.layer.9.attention.attention.query.weight]
Loading weights:  76%|███████▌  | 154/203 [00:00<00:00, 5207.96it/s, Materializing param=audio_spectrogram_transformer.encoder.layer.9.attention.attention.value.bias]  
Loading weights:  76%|███████▌  | 154/203 [00:00<00:00, 5204.10it/s, Materializing param=audio_spectrogram_transformer.encoder.layer.9.attention.attention.value.bias]
Loading weights:  76%|███████▋  | 155/203 [00:00<00:00, 5225.35it/s, Materializing param=audio_spectrogram_transformer.encoder.layer.9.attention.attention.value.weight]
Loading weights:  76%|███████▋  | 155/203 [00:00<00:00, 5220.61it/s, Materializing param=audio_spectrogram_transformer.encoder.layer.9.attention.attention.value.weight]
Loading weights:  77%|███████▋  | 156/203 [00:00<00:00, 5245.95it/s, Materializing param=audio_spectrogram_transformer.encoder.layer.9.attention.output.dense.bias]     
Loading weights:  77%|███████▋  | 156/203 [00:00<00:00, 5242.08it/s, Materializing param=audio_spectrogram_transformer.encoder.layer.9.attention.output.dense.bias]
Loading weights:  77%|███████▋  | 157/203 [00:00<00:00, 5267.20it/s, Materializing param=audio_spectrogram_transformer.encoder.layer.9.attention.output.dense.weight]
Loading weights:  77%|███████▋  | 157/203 [00:00<00:00, 5263.50it/s, Materializing param=audio_spectrogram_transformer.encoder.layer.9.attention.output.dense.weight]
Loading weights:  78%|███████▊  | 158/203 [00:00<00:00, 5289.20it/s, Materializing param=audio_spectrogram_transformer.encoder.layer.9.intermediate.dense.bias]      
Loading weights:  78%|███████▊  | 158/203 [00:00<00:00, 5285.32it/s, Materializing param=audio_spectrogram_transformer.encoder.layer.9.intermediate.dense.bias]
Loading weights:  78%|███████▊  | 159/203 [00:00<00:00, 5311.11it/s, Materializing param=audio_spectrogram_transformer.encoder.layer.9.intermediate.dense.weight]
Loading weights:  78%|███████▊  | 159/203 [00:00<00:00, 5307.39it/s, Materializing param=audio_spectrogram_transformer.encoder.layer.9.intermediate.dense.weight]
Loading weights:  79%|███████▉  | 160/203 [00:00<00:00, 5333.68it/s, Materializing param=audio_spectrogram_transformer.encoder.layer.9.layernorm_after.bias]     
Loading weights:  79%|███████▉  | 160/203 [00:00<00:00, 5329.95it/s, Materializing param=audio_spectrogram_transformer.encoder.layer.9.layernorm_after.bias]
Loading weights:  79%|███████▉  | 161/203 [00:00<00:00, 5355.95it/s, Materializing param=audio_spectrogram_transformer.encoder.layer.9.layernorm_after.weight]
Loading weights:  79%|███████▉  | 161/203 [00:00<00:00, 5352.21it/s, Materializing param=audio_spectrogram_transformer.encoder.layer.9.layernorm_after.weight]
Loading weights:  80%|███████▉  | 162/203 [00:00<00:00, 5378.46it/s, Materializing param=audio_spectrogram_transformer.encoder.layer.9.layernorm_before.bias] 
Loading weights:  80%|███████▉  | 162/203 [00:00<00:00, 5374.89it/s, Materializing param=audio_spectrogram_transformer.encoder.layer.9.layernorm_before.bias]
Loading weights:  80%|████████  | 163/203 [00:00<00:00, 5400.89it/s, Materializing param=audio_spectrogram_transformer.encoder.layer.9.layernorm_before.weight]
Loading weights:  80%|████████  | 163/203 [00:00<00:00, 5397.14it/s, Materializing param=audio_spectrogram_transformer.encoder.layer.9.layernorm_before.weight]
Loading weights:  81%|████████  | 164/203 [00:00<00:00, 5423.27it/s, Materializing param=audio_spectrogram_transformer.encoder.layer.9.output.dense.bias]      
Loading weights:  81%|████████  | 164/203 [00:00<00:00, 5419.64it/s, Materializing param=audio_spectrogram_transformer.encoder.layer.9.output.dense.bias]
Loading weights:  81%|████████▏ | 165/203 [00:00<00:00, 5270.39it/s, Materializing param=audio_spectrogram_transformer.encoder.layer.9.output.dense.weight]
Loading weights:  81%|████████▏ | 165/203 [00:00<00:00, 5266.50it/s, Materializing param=audio_spectrogram_transformer.encoder.layer.9.output.dense.weight]
Loading weights:  82%|████████▏ | 166/203 [00:00<00:00, 5290.49it/s, Materializing param=audio_spectrogram_transformer.encoder.layer.10.attention.attention.key.bias]
Loading weights:  82%|████████▏ | 166/203 [00:00<00:00, 5286.95it/s, Materializing param=audio_spectrogram_transformer.encoder.layer.10.attention.attention.key.bias]
Loading weights:  82%|████████▏ | 167/203 [00:00<00:00, 5310.01it/s, Materializing param=audio_spectrogram_transformer.encoder.layer.10.attention.attention.key.weight]
Loading weights:  82%|████████▏ | 167/203 [00:00<00:00, 5306.47it/s, Materializing param=audio_spectrogram_transformer.encoder.layer.10.attention.attention.key.weight]
Loading weights:  83%|████████▎ | 168/203 [00:00<00:00, 5328.40it/s, Materializing param=audio_spectrogram_transformer.encoder.layer.10.attention.attention.query.bias]
Loading weights:  83%|████████▎ | 168/203 [00:00<00:00, 5324.85it/s, Materializing param=audio_spectrogram_transformer.encoder.layer.10.attention.attention.query.bias]
Loading weights:  83%|████████▎ | 169/203 [00:00<00:00, 5349.11it/s, Materializing param=audio_spectrogram_transformer.encoder.layer.10.attention.attention.query.weight]
Loading weights:  83%|████████▎ | 169/203 [00:00<00:00, 5345.52it/s, Materializing param=audio_spectrogram_transformer.encoder.layer.10.attention.attention.query.weight]
Loading weights:  84%|████████▎ | 170/203 [00:00<00:00, 5266.42it/s, Materializing param=audio_spectrogram_transformer.encoder.layer.10.attention.attention.value.bias]  
Loading weights:  84%|████████▎ | 170/203 [00:00<00:00, 5262.15it/s, Materializing param=audio_spectrogram_transformer.encoder.layer.10.attention.attention.value.bias]
Loading weights:  84%|████████▍ | 171/203 [00:00<00:00, 5285.46it/s, Materializing param=audio_spectrogram_transformer.encoder.layer.10.attention.attention.value.weight]
Loading weights:  84%|████████▍ | 171/203 [00:00<00:00, 5281.84it/s, Materializing param=audio_spectrogram_transformer.encoder.layer.10.attention.attention.value.weight]
Loading weights:  85%|████████▍ | 172/203 [00:00<00:00, 5305.03it/s, Materializing param=audio_spectrogram_transformer.encoder.layer.10.attention.output.dense.bias]     
Loading weights:  85%|████████▍ | 172/203 [00:00<00:00, 5301.75it/s, Materializing param=audio_spectrogram_transformer.encoder.layer.10.attention.output.dense.bias]
Loading weights:  85%|████████▌ | 173/203 [00:00<00:00, 5325.34it/s, Materializing param=audio_spectrogram_transformer.encoder.layer.10.attention.output.dense.weight]
Loading weights:  85%|████████▌ | 173/203 [00:00<00:00, 5321.74it/s, Materializing param=audio_spectrogram_transformer.encoder.layer.10.attention.output.dense.weight]
Loading weights:  86%|████████▌ | 174/203 [00:00<00:00, 5345.41it/s, Materializing param=audio_spectrogram_transformer.encoder.layer.10.intermediate.dense.bias]      
Loading weights:  86%|████████▌ | 174/203 [00:00<00:00, 5342.16it/s, Materializing param=audio_spectrogram_transformer.encoder.layer.10.intermediate.dense.bias]
Loading weights:  86%|████████▌ | 175/203 [00:00<00:00, 5359.88it/s, Materializing param=audio_spectrogram_transformer.encoder.layer.10.intermediate.dense.weight]
Loading weights:  86%|████████▌ | 175/203 [00:00<00:00, 5355.26it/s, Materializing param=audio_spectrogram_transformer.encoder.layer.10.intermediate.dense.weight]
Loading weights:  87%|████████▋ | 176/203 [00:00<00:00, 5217.42it/s, Materializing param=audio_spectrogram_transformer.encoder.layer.10.layernorm_after.bias]     
Loading weights:  87%|████████▋ | 176/203 [00:00<00:00, 5213.11it/s, Materializing param=audio_spectrogram_transformer.encoder.layer.10.layernorm_after.bias]
Loading weights:  87%|████████▋ | 177/203 [00:00<00:00, 5235.89it/s, Materializing param=audio_spectrogram_transformer.encoder.layer.10.layernorm_after.weight]
Loading weights:  87%|████████▋ | 177/203 [00:00<00:00, 5232.64it/s, Materializing param=audio_spectrogram_transformer.encoder.layer.10.layernorm_after.weight]
Loading weights:  88%|████████▊ | 178/203 [00:00<00:00, 5255.69it/s, Materializing param=audio_spectrogram_transformer.encoder.layer.10.layernorm_before.bias] 
Loading weights:  88%|████████▊ | 178/203 [00:00<00:00, 5252.43it/s, Materializing param=audio_spectrogram_transformer.encoder.layer.10.layernorm_before.bias]
Loading weights:  88%|████████▊ | 179/203 [00:00<00:00, 5275.56it/s, Materializing param=audio_spectrogram_transformer.encoder.layer.10.layernorm_before.weight]
Loading weights:  88%|████████▊ | 179/203 [00:00<00:00, 5272.41it/s, Materializing param=audio_spectrogram_transformer.encoder.layer.10.layernorm_before.weight]
Loading weights:  89%|████████▊ | 180/203 [00:00<00:00, 5295.65it/s, Materializing param=audio_spectrogram_transformer.encoder.layer.10.output.dense.bias]      
Loading weights:  89%|████████▊ | 180/203 [00:00<00:00, 5292.39it/s, Materializing param=audio_spectrogram_transformer.encoder.layer.10.output.dense.bias]
Loading weights:  89%|████████▉ | 181/203 [00:00<00:00, 5315.53it/s, Materializing param=audio_spectrogram_transformer.encoder.layer.10.output.dense.weight]
Loading weights:  89%|████████▉ | 181/203 [00:00<00:00, 5312.25it/s, Materializing param=audio_spectrogram_transformer.encoder.layer.10.output.dense.weight]
Loading weights:  90%|████████▉ | 182/203 [00:00<00:00, 5335.48it/s, Materializing param=audio_spectrogram_transformer.encoder.layer.11.attention.attention.key.bias]
Loading weights:  90%|████████▉ | 182/203 [00:00<00:00, 5332.20it/s, Materializing param=audio_spectrogram_transformer.encoder.layer.11.attention.attention.key.bias]
Loading weights:  90%|█████████ | 183/203 [00:00<00:00, 5354.62it/s, Materializing param=audio_spectrogram_transformer.encoder.layer.11.attention.attention.key.weight]
Loading weights:  90%|█████████ | 183/203 [00:00<00:00, 5351.33it/s, Materializing param=audio_spectrogram_transformer.encoder.layer.11.attention.attention.key.weight]
Loading weights:  91%|█████████ | 184/203 [00:00<00:00, 5363.49it/s, Materializing param=audio_spectrogram_transformer.encoder.layer.11.attention.attention.query.bias]
Loading weights:  91%|█████████ | 184/203 [00:00<00:00, 5359.39it/s, Materializing param=audio_spectrogram_transformer.encoder.layer.11.attention.attention.query.bias]
Loading weights:  91%|█████████ | 185/203 [00:00<00:00, 5323.85it/s, Materializing param=audio_spectrogram_transformer.encoder.layer.11.attention.attention.query.weight]
Loading weights:  91%|█████████ | 185/203 [00:00<00:00, 5320.64it/s, Materializing param=audio_spectrogram_transformer.encoder.layer.11.attention.attention.query.weight]
Loading weights:  92%|█████████▏| 186/203 [00:00<00:00, 5300.19it/s, Materializing param=audio_spectrogram_transformer.encoder.layer.11.attention.attention.value.bias]  
Loading weights:  92%|█████████▏| 186/203 [00:00<00:00, 5296.27it/s, Materializing param=audio_spectrogram_transformer.encoder.layer.11.attention.attention.value.bias]
Loading weights:  92%|█████████▏| 187/203 [00:00<00:00, 5202.26it/s, Materializing param=audio_spectrogram_transformer.encoder.layer.11.attention.attention.value.weight]
Loading weights:  92%|█████████▏| 187/203 [00:00<00:00, 5198.47it/s, Materializing param=audio_spectrogram_transformer.encoder.layer.11.attention.attention.value.weight]
Loading weights:  93%|█████████▎| 188/203 [00:00<00:00, 5219.73it/s, Materializing param=audio_spectrogram_transformer.encoder.layer.11.attention.output.dense.bias]     
Loading weights:  93%|█████████▎| 188/203 [00:00<00:00, 5216.55it/s, Materializing param=audio_spectrogram_transformer.encoder.layer.11.attention.output.dense.bias]
Loading weights:  93%|█████████▎| 189/203 [00:00<00:00, 5237.75it/s, Materializing param=audio_spectrogram_transformer.encoder.layer.11.attention.output.dense.weight]
Loading weights:  93%|█████████▎| 189/203 [00:00<00:00, 5234.57it/s, Materializing param=audio_spectrogram_transformer.encoder.layer.11.attention.output.dense.weight]
Loading weights:  94%|█████████▎| 190/203 [00:00<00:00, 5256.02it/s, Materializing param=audio_spectrogram_transformer.encoder.layer.11.intermediate.dense.bias]      
Loading weights:  94%|█████████▎| 190/203 [00:00<00:00, 5253.08it/s, Materializing param=audio_spectrogram_transformer.encoder.layer.11.intermediate.dense.bias]
Loading weights:  94%|█████████▍| 191/203 [00:00<00:00, 5274.74it/s, Materializing param=audio_spectrogram_transformer.encoder.layer.11.intermediate.dense.weight]
Loading weights:  94%|█████████▍| 191/203 [00:00<00:00, 5271.86it/s, Materializing param=audio_spectrogram_transformer.encoder.layer.11.intermediate.dense.weight]
Loading weights:  95%|█████████▍| 192/203 [00:00<00:00, 5293.33it/s, Materializing param=audio_spectrogram_transformer.encoder.layer.11.layernorm_after.bias]     
Loading weights:  95%|█████████▍| 192/203 [00:00<00:00, 5290.41it/s, Materializing param=audio_spectrogram_transformer.encoder.layer.11.layernorm_after.bias]
Loading weights:  95%|█████████▌| 193/203 [00:00<00:00, 5311.96it/s, Materializing param=audio_spectrogram_transformer.encoder.layer.11.layernorm_after.weight]
Loading weights:  95%|█████████▌| 193/203 [00:00<00:00, 5308.90it/s, Materializing param=audio_spectrogram_transformer.encoder.layer.11.layernorm_after.weight]
Loading weights:  96%|█████████▌| 194/203 [00:00<00:00, 5330.53it/s, Materializing param=audio_spectrogram_transformer.encoder.layer.11.layernorm_before.bias] 
Loading weights:  96%|█████████▌| 194/203 [00:00<00:00, 5327.74it/s, Materializing param=audio_spectrogram_transformer.encoder.layer.11.layernorm_before.bias]
Loading weights:  96%|█████████▌| 195/203 [00:00<00:00, 5298.03it/s, Materializing param=audio_spectrogram_transformer.encoder.layer.11.layernorm_before.weight]
Loading weights:  96%|█████████▌| 195/203 [00:00<00:00, 5294.84it/s, Materializing param=audio_spectrogram_transformer.encoder.layer.11.layernorm_before.weight]
Loading weights:  97%|█████████▋| 196/203 [00:00<00:00, 5316.25it/s, Materializing param=audio_spectrogram_transformer.encoder.layer.11.output.dense.bias]      
Loading weights:  97%|█████████▋| 196/203 [00:00<00:00, 5313.09it/s, Materializing param=audio_spectrogram_transformer.encoder.layer.11.output.dense.bias]
Loading weights:  97%|█████████▋| 197/203 [00:00<00:00, 5333.96it/s, Materializing param=audio_spectrogram_transformer.encoder.layer.11.output.dense.weight]
Loading weights:  97%|█████████▋| 197/203 [00:00<00:00, 5330.93it/s, Materializing param=audio_spectrogram_transformer.encoder.layer.11.output.dense.weight]
Loading weights:  98%|█████████▊| 198/203 [00:00<00:00, 5351.19it/s, Materializing param=audio_spectrogram_transformer.layernorm.bias]                      
Loading weights:  98%|█████████▊| 198/203 [00:00<00:00, 5348.02it/s, Materializing param=audio_spectrogram_transformer.layernorm.bias]
Loading weights:  98%|█████████▊| 199/203 [00:00<00:00, 5366.46it/s, Materializing param=audio_spectrogram_transformer.layernorm.weight]
Loading weights:  98%|█████████▊| 199/203 [00:00<00:00, 5363.59it/s, Materializing param=audio_spectrogram_transformer.layernorm.weight]
Loading weights:  99%|█████████▊| 200/203 [00:00<00:00, 5385.74it/s, Materializing param=classifier.dense.bias]                         
Loading weights:  99%|█████████▊| 200/203 [00:00<00:00, 5382.83it/s, Materializing param=classifier.dense.bias]
Loading weights:  99%|█████████▉| 201/203 [00:00<00:00, 5404.79it/s, Materializing param=classifier.dense.weight]
Loading weights:  99%|█████████▉| 201/203 [00:00<00:00, 5402.19it/s, Materializing param=classifier.dense.weight]
Loading weights: 100%|█████████▉| 202/203 [00:00<00:00, 5423.82it/s, Materializing param=classifier.layernorm.bias]
Loading weights: 100%|█████████▉| 202/203 [00:00<00:00, 5421.04it/s, Materializing param=classifier.layernorm.bias]
Loading weights: 100%|██████████| 203/203 [00:00<00:00, 5443.21it/s, Materializing param=classifier.layernorm.weight]
Loading weights: 100%|██████████| 203/203 [00:00<00:00, 5440.60it/s, Materializing param=classifier.layernorm.weight]
Loading weights: 100%|██████████| 203/203 [00:00<00:00, 5428.50it/s, Materializing param=classifier.layernorm.weight]
ASTForAudioClassification LOAD REPORT from: MIT/ast-finetuned-audioset-10-10-0.4593
Key                     | Status   |                                                                                        
------------------------+----------+----------------------------------------------------------------------------------------
classifier.dense.weight | MISMATCH | Reinit due to size mismatch ckpt: torch.Size([527, 768]) vs model:torch.Size([40, 768])
classifier.dense.bias   | MISMATCH | Reinit due to size mismatch ckpt: torch.Size([527]) vs model:torch.Size([40])          

Notes:
- MISMATCH	:ckpt weights were loaded, but they did not match the original empty weight shapes.
/Users/zakkeown/.pyenv/versions/3.11.14/lib/python3.11/site-packages/torchaudio/functional/functional.py:581: UserWarning: At least one mel filterbank has all zero values. The value for `n_mels` (128) may be set too high. Or, the value for `n_freqs` (201) may be set too low.
  warnings.warn(
Using 16bit Automatic Mixed Precision (AMP)
GPU available: True (mps), used: True
TPU available: False, using: 0 TPU cores
💡 Tip: For seamless cloud logging and experiment tracking, try installing [litlogger](https://pypi.org/project/litlogger/) to enable LitLogger, which logs metrics and artifacts automatically to the Lightning Experiments platform.
wandb: WARNING The anonymous setting has no effect and will be removed in a future version.
wandb: WARNING `resume` will be ignored since W&B syncing is set to `offline`. Starting a new run with run id 90sxgoca.
wandb: Tracking run with wandb version 0.24.1
wandb: W&B syncing is set to `offline` in this directory. Run `wandb online` or set WANDB_MODE=online to enable cloud syncing.
wandb: Run data is saved locally in wandb/offline-run-20260201_140058-90sxgoca
/Users/zakkeown/.pyenv/versions/3.11.14/lib/python3.11/site-packages/pytorch_lightning/utilities/model_summary/model_summary.py:242: Precision 16-mixed is not supported by the model summary.  Estimated model size in MB will not be accurate. Using 32 bits instead.

  | Name              | Type                          | Params | Mode  | FLOPs
------------------------------------------------------------------------------------
0 | model             | PeftModelForFeatureExtraction | 86.3 M | train | 0    
1 | train_acc         | MulticlassAccuracy            | 0      | train | 0    
2 | val_acc           | MulticlassAccuracy            | 0      | train | 0    
3 | test_acc          | MulticlassAccuracy            | 0      | train | 0    
4 | val_f1            | MulticlassF1Score             | 0      | train | 0    
5 | val_f1_per_class  | MulticlassF1Score             | 0      | train | 0    
6 | val_confusion     | MulticlassConfusionMatrix     | 0      | train | 0    
7 | test_f1           | MulticlassF1Score             | 0      | train | 0    
8 | test_f1_per_class | MulticlassF1Score             | 0      | train | 0    
9 | test_confusion    | MulticlassConfusionMatrix     | 0      | train | 0    
------------------------------------------------------------------------------------
73.7 K    Trainable params
86.2 M    Non-trainable params
86.3 M    Total params
345.173   Total estimated model params size (MB)
132       Modules in train mode
216       Modules in eval mode
0         Total Flops
IA3 applied: 86,219,560 -> 73,728 trainable params
Trainable params reduced to 0.09%

Sanity Checking: |          | 0/? [00:00<?, ?it/s]/Users/zakkeown/.pyenv/versions/3.11.14/lib/python3.11/site-packages/pytorch_lightning/utilities/_pytree.py:21: `isinstance(treespec, LeafSpec)` is deprecated, use `isinstance(treespec, TreeSpec) and treespec.is_leaf()` instead.
/Users/zakkeown/.pyenv/versions/3.11.14/lib/python3.11/site-packages/pytorch_lightning/trainer/connectors/data_connector.py:429: Consider setting `persistent_workers=True` in 'val_dataloader' to speed up the dataloader worker initialization.

Sanity Checking: |          | 0/? [00:00<?, ?it/s]
Sanity Checking DataLoader 0:   0%|          | 0/1 [00:00<?, ?it/s]
Sanity Checking DataLoader 0: 100%|██████████| 1/1 [00:00<00:00,  1.19it/s]
                                                                           /Users/zakkeown/.pyenv/versions/3.11.14/lib/python3.11/site-packages/pytorch_lightning/utilities/_pytree.py:21: `isinstance(treespec, LeafSpec)` is deprecated, use `isinstance(treespec, TreeSpec) and treespec.is_leaf()` instead.
/Users/zakkeown/.pyenv/versions/3.11.14/lib/python3.11/site-packages/pytorch_lightning/trainer/connectors/data_connector.py:429: Consider setting `persistent_workers=True` in 'train_dataloader' to speed up the dataloader worker initialization.

/Users/zakkeown/.pyenv/versions/3.11.14/lib/python3.11/site-packages/pytorch_lightning/loops/fit_loop.py:317: The number of training batches (3) is smaller than the logging interval Trainer(log_every_n_steps=50). Set a lower value for log_every_n_steps if you want to see logs for the training epoch.
/Users/zakkeown/.pyenv/versions/3.11.14/lib/python3.11/site-packages/pytorch_lightning/loops/fit_loop.py:534: Found 216 module(s) in eval mode at the start of training. This may lead to unexpected behavior during training. If this is intentional, you can ignore this warning.

Training: |          | 0/? [00:00<?, ?it/s]
Training: |          | 0/? [00:00<?, ?it/s]
Epoch 0:   0%|          | 0/3 [00:00<?, ?it/s]
Epoch 0:  33%|███▎      | 1/3 [00:41<01:23,  0.02it/s]
Epoch 0:  33%|███▎      | 1/3 [00:41<01:23,  0.02it/s, v_num=goca, train/loss=154.0]
Epoch 0:  67%|██████▋   | 2/3 [01:46<00:53,  0.02it/s, v_num=goca, train/loss=154.0]
Epoch 0:  67%|██████▋   | 2/3 [01:46<00:53,  0.02it/s, v_num=goca, train/loss=154.0]
Epoch 0: 100%|██████████| 3/3 [02:06<00:00,  0.02it/s, v_num=goca, train/loss=154.0]
Epoch 0: 100%|██████████| 3/3 [02:06<00:00,  0.02it/s, v_num=goca, train/loss=155.0]

Validation: |          | 0/? [00:00<?, ?it/s][A

Validation: |          | 0/? [00:00<?, ?it/s][A

Validation DataLoader 0:   0%|          | 0/1 [00:00<?, ?it/s][A

Validation DataLoader 0: 100%|██████████| 1/1 [00:03<00:00,  0.29it/s][A

                                                                      [A
Epoch 0: 100%|██████████| 3/3 [02:15<00:00,  0.02it/s, v_num=goca, train/loss=155.0, val/loss=3.260]
Epoch 0: 100%|██████████| 3/3 [02:15<00:00,  0.02it/s, v_num=goca, train/loss=155.0, val/loss=3.260]
Epoch 0:   0%|          | 0/3 [00:00<?, ?it/s, v_num=goca, train/loss=155.0, val/loss=3.260]        
Epoch 1:   0%|          | 0/3 [00:00<?, ?it/s, v_num=goca, train/loss=155.0, val/loss=3.260]
Epoch 1:  33%|███▎      | 1/3 [01:17<02:35,  0.01it/s, v_num=goca, train/loss=155.0, val/loss=3.260]
Epoch 1:  33%|███▎      | 1/3 [01:17<02:35,  0.01it/s, v_num=goca, train/loss=155.0, val/loss=3.260]
Epoch 1:  67%|██████▋   | 2/3 [02:33<01:16,  0.01it/s, v_num=goca, train/loss=155.0, val/loss=3.260]
Epoch 1:  67%|██████▋   | 2/3 [02:33<01:16,  0.01it/s, v_num=goca, train/loss=154.0, val/loss=3.260]
Epoch 1: 100%|██████████| 3/3 [03:06<00:00,  0.02it/s, v_num=goca, train/loss=154.0, val/loss=3.260]
Epoch 1: 100%|██████████| 3/3 [03:06<00:00,  0.02it/s, v_num=goca, train/loss=154.0, val/loss=3.260]

Validation: |          | 0/? [00:00<?, ?it/s][A

Validation: |          | 0/? [00:00<?, ?it/s][A

Validation DataLoader 0:   0%|          | 0/1 [00:00<?, ?it/s][A

Validation DataLoader 0: 100%|██████████| 1/1 [00:03<00:00,  0.29it/s][A

                                                                      [A
Epoch 1: 100%|██████████| 3/3 [03:14<00:00,  0.02it/s, v_num=goca, train/loss=154.0, val/loss=3.260]
Epoch 1: 100%|██████████| 3/3 [03:14<00:00,  0.02it/s, v_num=goca, train/loss=154.0, val/loss=3.260]
Epoch 1:   0%|          | 0/3 [00:00<?, ?it/s, v_num=goca, train/loss=154.0, val/loss=3.260]        
Epoch 2:   0%|          | 0/3 [00:00<?, ?it/s, v_num=goca, train/loss=154.0, val/loss=3.260]
Epoch 2:  33%|███▎      | 1/3 [01:38<03:16,  0.01it/s, v_num=goca, train/loss=154.0, val/loss=3.260]
Epoch 2:  33%|███▎      | 1/3 [01:38<03:16,  0.01it/s, v_num=goca, train/loss=154.0, val/loss=3.260]
Epoch 2:  67%|██████▋   | 2/3 [02:58<01:29,  0.01it/s, v_num=goca, train/loss=154.0, val/loss=3.260]
Epoch 2:  67%|██████▋   | 2/3 [02:58<01:29,  0.01it/s, v_num=goca, train/loss=154.0, val/loss=3.260]
Epoch 2: 100%|██████████| 3/3 [03:36<00:00,  0.01it/s, v_num=goca, train/loss=154.0, val/loss=3.260]
Epoch 2: 100%|██████████| 3/3 [03:36<00:00,  0.01it/s, v_num=goca, train/loss=154.0, val/loss=3.260]

Validation: |          | 0/? [00:00<?, ?it/s][A

Validation: |          | 0/? [00:00<?, ?it/s][A

Validation DataLoader 0:   0%|          | 0/1 [00:00<?, ?it/s][A

Validation DataLoader 0: 100%|██████████| 1/1 [00:02<00:00,  0.40it/s][A

                                                                      [A
Epoch 2: 100%|██████████| 3/3 [03:45<00:00,  0.01it/s, v_num=goca, train/loss=154.0, val/loss=3.260]
Epoch 2: 100%|██████████| 3/3 [03:45<00:00,  0.01it/s, v_num=goca, train/loss=154.0, val/loss=3.260]
Epoch 2:   0%|          | 0/3 [00:00<?, ?it/s, v_num=goca, train/loss=154.0, val/loss=3.260]        
Epoch 3:   0%|          | 0/3 [00:00<?, ?it/s, v_num=goca, train/loss=154.0, val/loss=3.260]
Epoch 3:  33%|███▎      | 1/3 [02:40<05:21,  0.01it/s, v_num=goca, train/loss=154.0, val/loss=3.260]
Epoch 3:  33%|███▎      | 1/3 [02:40<05:21,  0.01it/s, v_num=goca, train/loss=154.0, val/loss=3.260]
Epoch 3:  67%|██████▋   | 2/3 [04:19<02:09,  0.01it/s, v_num=goca, train/loss=154.0, val/loss=3.260]
Epoch 3:  67%|██████▋   | 2/3 [04:19<02:09,  0.01it/s, v_num=goca, train/loss=154.0, val/loss=3.260]
Epoch 3: 100%|██████████| 3/3 [04:48<00:00,  0.01it/s, v_num=goca, train/loss=154.0, val/loss=3.260]
Epoch 3: 100%|██████████| 3/3 [04:48<00:00,  0.01it/s, v_num=goca, train/loss=154.0, val/loss=3.260]

Validation: |          | 0/? [00:00<?, ?it/s][A

Validation: |          | 0/? [00:00<?, ?it/s][A

Validation DataLoader 0:   0%|          | 0/1 [00:00<?, ?it/s][A

Validation DataLoader 0: 100%|██████████| 1/1 [00:03<00:00,  0.30it/s][A

                                                                      [A
Epoch 3: 100%|██████████| 3/3 [04:57<00:00,  0.01it/s, v_num=goca, train/loss=154.0, val/loss=3.260]
Epoch 3: 100%|██████████| 3/3 [04:57<00:00,  0.01it/s, v_num=goca, train/loss=154.0, val/loss=3.260]
Epoch 3:   0%|          | 0/3 [00:00<?, ?it/s, v_num=goca, train/loss=154.0, val/loss=3.260]        
Epoch 4:   0%|          | 0/3 [00:00<?, ?it/s, v_num=goca, train/loss=154.0, val/loss=3.260]
Epoch 4:  33%|███▎      | 1/3 [02:42<05:24,  0.01it/s, v_num=goca, train/loss=154.0, val/loss=3.260]
Epoch 4:  33%|███▎      | 1/3 [02:42<05:24,  0.01it/s, v_num=goca, train/loss=154.0, val/loss=3.260]
Epoch 4:  67%|██████▋   | 2/3 [05:09<02:34,  0.01it/s, v_num=goca, train/loss=154.0, val/loss=3.260]
Epoch 4:  67%|██████▋   | 2/3 [05:09<02:34,  0.01it/s, v_num=goca, train/loss=154.0, val/loss=3.260]
Epoch 4: 100%|██████████| 3/3 [05:39<00:00,  0.01it/s, v_num=goca, train/loss=154.0, val/loss=3.260]
Epoch 4: 100%|██████████| 3/3 [05:39<00:00,  0.01it/s, v_num=goca, train/loss=154.0, val/loss=3.260]

Validation: |          | 0/? [00:00<?, ?it/s][A

Validation: |          | 0/? [00:00<?, ?it/s][A

Validation DataLoader 0:   0%|          | 0/1 [00:00<?, ?it/s][A

Validation DataLoader 0: 100%|██████████| 1/1 [00:02<00:00,  0.35it/s][A

                                                                      [A
Epoch 4: 100%|██████████| 3/3 [05:49<00:00,  0.01it/s, v_num=goca, train/loss=154.0, val/loss=3.260]
Epoch 4: 100%|██████████| 3/3 [05:49<00:00,  0.01it/s, v_num=goca, train/loss=154.0, val/loss=3.260]`Trainer.fit` stopped: `max_epochs=5` reached.

Epoch 4: 100%|██████████| 3/3 [05:49<00:00,  0.01it/s, v_num=goca, train/loss=154.0, val/loss=3.260]/Users/zakkeown/.pyenv/versions/3.11.14/lib/python3.11/site-packages/pytorch_lightning/utilities/_pytree.py:21: `isinstance(treespec, LeafSpec)` is deprecated, use `isinstance(treespec, TreeSpec) and treespec.is_leaf()` instead.
/Users/zakkeown/.pyenv/versions/3.11.14/lib/python3.11/site-packages/pytorch_lightning/trainer/connectors/data_connector.py:429: Consider setting `persistent_workers=True` in 'test_dataloader' to speed up the dataloader worker initialization.


Testing: |          | 0/? [00:00<?, ?it/s]
Testing: |          | 0/? [00:00<?, ?it/s]
Testing DataLoader 0:   0%|          | 0/1 [00:00<?, ?it/s]
Testing DataLoader 0: 100%|██████████| 1/1 [00:01<00:00,  0.72it/s]
Testing DataLoader 0: 100%|██████████| 1/1 [00:01<00:00,  0.59it/s]
────────────────────────────────────────────────────────────────────────────────────────────────────────────────────────
             Test metric                         DataLoader 0
────────────────────────────────────────────────────────────────────────────────────────────────────────────────────────
              test/acc                                0.0
    test/f1_best/ten-stroke-roll                      0.0
  test/f1_best/thirteen-stroke-roll                   0.0
   test/f1_best/triple-paradiddle                     0.0
    test/f1_best/triple-ratamacue                     0.0
   test/f1_best/triple-stroke-roll                    0.0
            test/f1_macro                             0.0
    test/f1_worst/double-drag-tap                     0.0
   test/f1_worst/double-paradiddle                    0.0
   test/f1_worst/double-ratamacue                     0.0
test/f1_worst/double-stroke-open-roll                 0.0
         test/f1_worst/drag                           0.0
              test/loss                       3.2289061546325684
────────────────────────────────────────────────────────────────────────────────────────────────────────────────────────
[1;34mwandb[0m: 
[1;34mwandb[0m: You can sync this run to the cloud by running:
[1;34mwandb[0m: [1mwandb sync wandb/offline-run-20260201_140058-90sxgoca[0m
