Seed set to 42
[2026-02-01 17:24:06,017][httpx][INFO] - HTTP Request: HEAD https://huggingface.co/MIT/ast-finetuned-audioset-10-10-0.4593/resolve/main/config.json "HTTP/1.1 307 Temporary Redirect"
[2026-02-01 17:24:06,052][httpx][INFO] - HTTP Request: HEAD https://huggingface.co/api/resolve-cache/models/MIT/ast-finetuned-audioset-10-10-0.4593/f826b80d28226b62986cc218e5cec390b1096902/config.json "HTTP/1.1 200 OK"
[2026-02-01 17:24:06,169][httpx][INFO] - HTTP Request: HEAD https://huggingface.co/MIT/ast-finetuned-audioset-10-10-0.4593/resolve/main/config.json "HTTP/1.1 307 Temporary Redirect"
[2026-02-01 17:24:06,226][httpx][INFO] - HTTP Request: HEAD https://huggingface.co/api/resolve-cache/models/MIT/ast-finetuned-audioset-10-10-0.4593/f826b80d28226b62986cc218e5cec390b1096902/config.json "HTTP/1.1 200 OK"
[2026-02-01 17:24:06,355][httpx][INFO] - HTTP Request: HEAD https://huggingface.co/MIT/ast-finetuned-audioset-10-10-0.4593/resolve/main/model.safetensors "HTTP/1.1 302 Found"

Loading weights:   0%|          | 0/203 [00:00<?, ?it/s]
Loading weights:   0%|          | 1/203 [00:00<00:00, 4080.06it/s, Materializing param=audio_spectrogram_transformer.embeddings.cls_token]
Loading weights:   0%|          | 1/203 [00:00<00:00, 1794.74it/s, Materializing param=audio_spectrogram_transformer.embeddings.cls_token]
Loading weights:   1%|          | 2/203 [00:00<00:00, 2041.02it/s, Materializing param=audio_spectrogram_transformer.embeddings.distillation_token]
Loading weights:   1%|          | 2/203 [00:00<00:00, 1432.73it/s, Materializing param=audio_spectrogram_transformer.embeddings.distillation_token]
Loading weights:   1%|▏         | 3/203 [00:00<00:00, 2020.05it/s, Materializing param=audio_spectrogram_transformer.embeddings.patch_embeddings.projection.bias]
Loading weights:   1%|▏         | 3/203 [00:00<00:00, 1946.61it/s, Materializing param=audio_spectrogram_transformer.embeddings.patch_embeddings.projection.bias]
Loading weights:   2%|▏         | 4/203 [00:00<00:00, 2229.53it/s, Materializing param=audio_spectrogram_transformer.embeddings.patch_embeddings.projection.weight]
Loading weights:   2%|▏         | 4/203 [00:00<00:00, 1867.46it/s, Materializing param=audio_spectrogram_transformer.embeddings.patch_embeddings.projection.weight]
Loading weights:   2%|▏         | 5/203 [00:00<00:00, 2262.30it/s, Materializing param=audio_spectrogram_transformer.embeddings.position_embeddings]               
Loading weights:   2%|▏         | 5/203 [00:00<00:00, 2192.07it/s, Materializing param=audio_spectrogram_transformer.embeddings.position_embeddings]
Loading weights:   3%|▎         | 6/203 [00:00<00:00, 2539.95it/s, Materializing param=audio_spectrogram_transformer.encoder.layer.0.attention.attention.key.bias]
Loading weights:   3%|▎         | 6/203 [00:00<00:00, 2510.31it/s, Materializing param=audio_spectrogram_transformer.encoder.layer.0.attention.attention.key.bias]
Loading weights:   3%|▎         | 7/203 [00:00<00:00, 2417.07it/s, Materializing param=audio_spectrogram_transformer.encoder.layer.0.attention.attention.key.weight]
Loading weights:   3%|▎         | 7/203 [00:00<00:00, 2393.03it/s, Materializing param=audio_spectrogram_transformer.encoder.layer.0.attention.attention.key.weight]
Loading weights:   4%|▍         | 8/203 [00:00<00:00, 2655.04it/s, Materializing param=audio_spectrogram_transformer.encoder.layer.0.attention.attention.query.bias]
Loading weights:   4%|▍         | 8/203 [00:00<00:00, 2632.34it/s, Materializing param=audio_spectrogram_transformer.encoder.layer.0.attention.attention.query.bias]
Loading weights:   4%|▍         | 9/203 [00:00<00:00, 2601.75it/s, Materializing param=audio_spectrogram_transformer.encoder.layer.0.attention.attention.query.weight]
Loading weights:   4%|▍         | 9/203 [00:00<00:00, 2573.72it/s, Materializing param=audio_spectrogram_transformer.encoder.layer.0.attention.attention.query.weight]
Loading weights:   5%|▍         | 10/203 [00:00<00:00, 2764.69it/s, Materializing param=audio_spectrogram_transformer.encoder.layer.0.attention.attention.value.bias] 
Loading weights:   5%|▍         | 10/203 [00:00<00:00, 2744.07it/s, Materializing param=audio_spectrogram_transformer.encoder.layer.0.attention.attention.value.bias]
Loading weights:   5%|▌         | 11/203 [00:00<00:00, 2972.96it/s, Materializing param=audio_spectrogram_transformer.encoder.layer.0.attention.attention.value.weight]
Loading weights:   5%|▌         | 11/203 [00:00<00:00, 2955.44it/s, Materializing param=audio_spectrogram_transformer.encoder.layer.0.attention.attention.value.weight]
Loading weights:   6%|▌         | 12/203 [00:00<00:00, 3175.30it/s, Materializing param=audio_spectrogram_transformer.encoder.layer.0.attention.output.dense.bias]     
Loading weights:   6%|▌         | 12/203 [00:00<00:00, 3156.18it/s, Materializing param=audio_spectrogram_transformer.encoder.layer.0.attention.output.dense.bias]
Loading weights:   6%|▋         | 13/203 [00:00<00:00, 3376.64it/s, Materializing param=audio_spectrogram_transformer.encoder.layer.0.attention.output.dense.weight]
Loading weights:   6%|▋         | 13/203 [00:00<00:00, 3358.34it/s, Materializing param=audio_spectrogram_transformer.encoder.layer.0.attention.output.dense.weight]
Loading weights:   7%|▋         | 14/203 [00:00<00:00, 3573.10it/s, Materializing param=audio_spectrogram_transformer.encoder.layer.0.intermediate.dense.bias]      
Loading weights:   7%|▋         | 14/203 [00:00<00:00, 3554.93it/s, Materializing param=audio_spectrogram_transformer.encoder.layer.0.intermediate.dense.bias]
Loading weights:   7%|▋         | 15/203 [00:00<00:00, 3764.86it/s, Materializing param=audio_spectrogram_transformer.encoder.layer.0.intermediate.dense.weight]
Loading weights:   7%|▋         | 15/203 [00:00<00:00, 3745.14it/s, Materializing param=audio_spectrogram_transformer.encoder.layer.0.intermediate.dense.weight]
Loading weights:   8%|▊         | 16/203 [00:00<00:00, 2793.29it/s, Materializing param=audio_spectrogram_transformer.encoder.layer.0.layernorm_after.bias]     
Loading weights:   8%|▊         | 16/203 [00:00<00:00, 2778.26it/s, Materializing param=audio_spectrogram_transformer.encoder.layer.0.layernorm_after.bias]
Loading weights:   8%|▊         | 17/203 [00:00<00:00, 2924.42it/s, Materializing param=audio_spectrogram_transformer.encoder.layer.0.layernorm_after.weight]
Loading weights:   8%|▊         | 17/203 [00:00<00:00, 2911.88it/s, Materializing param=audio_spectrogram_transformer.encoder.layer.0.layernorm_after.weight]
Loading weights:   9%|▉         | 18/203 [00:00<00:00, 3060.05it/s, Materializing param=audio_spectrogram_transformer.encoder.layer.0.layernorm_before.bias] 
Loading weights:   9%|▉         | 18/203 [00:00<00:00, 3049.17it/s, Materializing param=audio_spectrogram_transformer.encoder.layer.0.layernorm_before.bias]
Loading weights:   9%|▉         | 19/203 [00:00<00:00, 3149.25it/s, Materializing param=audio_spectrogram_transformer.encoder.layer.0.layernorm_before.weight]
Loading weights:   9%|▉         | 19/203 [00:00<00:00, 3122.84it/s, Materializing param=audio_spectrogram_transformer.encoder.layer.0.layernorm_before.weight]
Loading weights:  10%|▉         | 20/203 [00:00<00:00, 2755.51it/s, Materializing param=audio_spectrogram_transformer.encoder.layer.0.output.dense.bias]      
Loading weights:  10%|▉         | 20/203 [00:00<00:00, 2739.32it/s, Materializing param=audio_spectrogram_transformer.encoder.layer.0.output.dense.bias]
Loading weights:  10%|█         | 21/203 [00:00<00:00, 2846.63it/s, Materializing param=audio_spectrogram_transformer.encoder.layer.0.output.dense.weight]
Loading weights:  10%|█         | 21/203 [00:00<00:00, 2835.08it/s, Materializing param=audio_spectrogram_transformer.encoder.layer.0.output.dense.weight]
Loading weights:  11%|█         | 22/203 [00:00<00:00, 2817.98it/s, Materializing param=audio_spectrogram_transformer.encoder.layer.1.attention.attention.key.bias]
Loading weights:  11%|█         | 22/203 [00:00<00:00, 2805.04it/s, Materializing param=audio_spectrogram_transformer.encoder.layer.1.attention.attention.key.bias]
Loading weights:  11%|█▏        | 23/203 [00:00<00:00, 2740.99it/s, Materializing param=audio_spectrogram_transformer.encoder.layer.1.attention.attention.key.weight]
Loading weights:  11%|█▏        | 23/203 [00:00<00:00, 2730.20it/s, Materializing param=audio_spectrogram_transformer.encoder.layer.1.attention.attention.key.weight]
Loading weights:  12%|█▏        | 24/203 [00:00<00:00, 2821.52it/s, Materializing param=audio_spectrogram_transformer.encoder.layer.1.attention.attention.query.bias]
Loading weights:  12%|█▏        | 24/203 [00:00<00:00, 2813.24it/s, Materializing param=audio_spectrogram_transformer.encoder.layer.1.attention.attention.query.bias]
Loading weights:  12%|█▏        | 25/203 [00:00<00:00, 2913.68it/s, Materializing param=audio_spectrogram_transformer.encoder.layer.1.attention.attention.query.weight]
Loading weights:  12%|█▏        | 25/203 [00:00<00:00, 2905.93it/s, Materializing param=audio_spectrogram_transformer.encoder.layer.1.attention.attention.query.weight]
Loading weights:  13%|█▎        | 26/203 [00:00<00:00, 3005.76it/s, Materializing param=audio_spectrogram_transformer.encoder.layer.1.attention.attention.value.bias]  
Loading weights:  13%|█▎        | 26/203 [00:00<00:00, 2998.16it/s, Materializing param=audio_spectrogram_transformer.encoder.layer.1.attention.attention.value.bias]
Loading weights:  13%|█▎        | 27/203 [00:00<00:00, 3097.37it/s, Materializing param=audio_spectrogram_transformer.encoder.layer.1.attention.attention.value.weight]
Loading weights:  13%|█▎        | 27/203 [00:00<00:00, 3089.18it/s, Materializing param=audio_spectrogram_transformer.encoder.layer.1.attention.attention.value.weight]
Loading weights:  14%|█▍        | 28/203 [00:00<00:00, 3039.82it/s, Materializing param=audio_spectrogram_transformer.encoder.layer.1.attention.output.dense.bias]     
Loading weights:  14%|█▍        | 28/203 [00:00<00:00, 3025.65it/s, Materializing param=audio_spectrogram_transformer.encoder.layer.1.attention.output.dense.bias]
Loading weights:  14%|█▍        | 29/203 [00:00<00:00, 3088.04it/s, Materializing param=audio_spectrogram_transformer.encoder.layer.1.attention.output.dense.weight]
Loading weights:  14%|█▍        | 29/203 [00:00<00:00, 3073.60it/s, Materializing param=audio_spectrogram_transformer.encoder.layer.1.attention.output.dense.weight]
Loading weights:  15%|█▍        | 30/203 [00:00<00:00, 3055.59it/s, Materializing param=audio_spectrogram_transformer.encoder.layer.1.intermediate.dense.bias]      
Loading weights:  15%|█▍        | 30/203 [00:00<00:00, 3046.93it/s, Materializing param=audio_spectrogram_transformer.encoder.layer.1.intermediate.dense.bias]
Loading weights:  15%|█▌        | 31/203 [00:00<00:00, 3130.00it/s, Materializing param=audio_spectrogram_transformer.encoder.layer.1.intermediate.dense.weight]
Loading weights:  15%|█▌        | 31/203 [00:00<00:00, 3122.71it/s, Materializing param=audio_spectrogram_transformer.encoder.layer.1.intermediate.dense.weight]
Loading weights:  16%|█▌        | 32/203 [00:00<00:00, 3193.61it/s, Materializing param=audio_spectrogram_transformer.encoder.layer.1.layernorm_after.bias]     
Loading weights:  16%|█▌        | 32/203 [00:00<00:00, 3186.25it/s, Materializing param=audio_spectrogram_transformer.encoder.layer.1.layernorm_after.bias]
Loading weights:  16%|█▋        | 33/203 [00:00<00:00, 3268.91it/s, Materializing param=audio_spectrogram_transformer.encoder.layer.1.layernorm_after.weight]
Loading weights:  16%|█▋        | 33/203 [00:00<00:00, 3261.43it/s, Materializing param=audio_spectrogram_transformer.encoder.layer.1.layernorm_after.weight]
Loading weights:  17%|█▋        | 34/203 [00:00<00:00, 3345.37it/s, Materializing param=audio_spectrogram_transformer.encoder.layer.1.layernorm_before.bias] 
Loading weights:  17%|█▋        | 34/203 [00:00<00:00, 3338.24it/s, Materializing param=audio_spectrogram_transformer.encoder.layer.1.layernorm_before.bias]
Loading weights:  17%|█▋        | 35/203 [00:00<00:00, 3421.61it/s, Materializing param=audio_spectrogram_transformer.encoder.layer.1.layernorm_before.weight]
Loading weights:  17%|█▋        | 35/203 [00:00<00:00, 3414.60it/s, Materializing param=audio_spectrogram_transformer.encoder.layer.1.layernorm_before.weight]
Loading weights:  18%|█▊        | 36/203 [00:00<00:00, 3497.52it/s, Materializing param=audio_spectrogram_transformer.encoder.layer.1.output.dense.bias]      
Loading weights:  18%|█▊        | 36/203 [00:00<00:00, 3490.73it/s, Materializing param=audio_spectrogram_transformer.encoder.layer.1.output.dense.bias]
Loading weights:  18%|█▊        | 37/203 [00:00<00:00, 3572.09it/s, Materializing param=audio_spectrogram_transformer.encoder.layer.1.output.dense.weight]
Loading weights:  18%|█▊        | 37/203 [00:00<00:00, 3564.86it/s, Materializing param=audio_spectrogram_transformer.encoder.layer.1.output.dense.weight]
Loading weights:  19%|█▊        | 38/203 [00:00<00:00, 3646.80it/s, Materializing param=audio_spectrogram_transformer.encoder.layer.2.attention.attention.key.bias]
Loading weights:  19%|█▊        | 38/203 [00:00<00:00, 3639.48it/s, Materializing param=audio_spectrogram_transformer.encoder.layer.2.attention.attention.key.bias]
Loading weights:  19%|█▉        | 39/203 [00:00<00:00, 3712.53it/s, Materializing param=audio_spectrogram_transformer.encoder.layer.2.attention.attention.key.weight]
Loading weights:  19%|█▉        | 39/203 [00:00<00:00, 3705.13it/s, Materializing param=audio_spectrogram_transformer.encoder.layer.2.attention.attention.key.weight]
Loading weights:  20%|█▉        | 40/203 [00:00<00:00, 3783.94it/s, Materializing param=audio_spectrogram_transformer.encoder.layer.2.attention.attention.query.bias]
Loading weights:  20%|█▉        | 40/203 [00:00<00:00, 3772.11it/s, Materializing param=audio_spectrogram_transformer.encoder.layer.2.attention.attention.query.bias]
Loading weights:  20%|██        | 41/203 [00:00<00:00, 3850.48it/s, Materializing param=audio_spectrogram_transformer.encoder.layer.2.attention.attention.query.weight]
Loading weights:  20%|██        | 41/203 [00:00<00:00, 3842.48it/s, Materializing param=audio_spectrogram_transformer.encoder.layer.2.attention.attention.query.weight]
Loading weights:  21%|██        | 42/203 [00:00<00:00, 3809.79it/s, Materializing param=audio_spectrogram_transformer.encoder.layer.2.attention.attention.value.bias]  
Loading weights:  21%|██        | 42/203 [00:00<00:00, 3801.89it/s, Materializing param=audio_spectrogram_transformer.encoder.layer.2.attention.attention.value.bias]
Loading weights:  21%|██        | 43/203 [00:00<00:00, 3875.60it/s, Materializing param=audio_spectrogram_transformer.encoder.layer.2.attention.attention.value.weight]
Loading weights:  21%|██        | 43/203 [00:00<00:00, 3867.96it/s, Materializing param=audio_spectrogram_transformer.encoder.layer.2.attention.attention.value.weight]
Loading weights:  22%|██▏       | 44/203 [00:00<00:00, 3940.50it/s, Materializing param=audio_spectrogram_transformer.encoder.layer.2.attention.output.dense.bias]     
Loading weights:  22%|██▏       | 44/203 [00:00<00:00, 3932.77it/s, Materializing param=audio_spectrogram_transformer.encoder.layer.2.attention.output.dense.bias]
Loading weights:  22%|██▏       | 45/203 [00:00<00:00, 4004.24it/s, Materializing param=audio_spectrogram_transformer.encoder.layer.2.attention.output.dense.weight]
Loading weights:  22%|██▏       | 45/203 [00:00<00:00, 3996.77it/s, Materializing param=audio_spectrogram_transformer.encoder.layer.2.attention.output.dense.weight]
Loading weights:  23%|██▎       | 46/203 [00:00<00:00, 4069.65it/s, Materializing param=audio_spectrogram_transformer.encoder.layer.2.intermediate.dense.bias]      
Loading weights:  23%|██▎       | 46/203 [00:00<00:00, 4062.45it/s, Materializing param=audio_spectrogram_transformer.encoder.layer.2.intermediate.dense.bias]
Loading weights:  23%|██▎       | 47/203 [00:00<00:00, 4129.29it/s, Materializing param=audio_spectrogram_transformer.encoder.layer.2.intermediate.dense.weight]
Loading weights:  23%|██▎       | 47/203 [00:00<00:00, 4121.69it/s, Materializing param=audio_spectrogram_transformer.encoder.layer.2.intermediate.dense.weight]
Loading weights:  24%|██▎       | 48/203 [00:00<00:00, 4194.30it/s, Materializing param=audio_spectrogram_transformer.encoder.layer.2.layernorm_after.bias]     
Loading weights:  24%|██▎       | 48/203 [00:00<00:00, 4185.93it/s, Materializing param=audio_spectrogram_transformer.encoder.layer.2.layernorm_after.bias]
Loading weights:  24%|██▍       | 49/203 [00:00<00:00, 4257.91it/s, Materializing param=audio_spectrogram_transformer.encoder.layer.2.layernorm_after.weight]
Loading weights:  24%|██▍       | 49/203 [00:00<00:00, 4250.16it/s, Materializing param=audio_spectrogram_transformer.encoder.layer.2.layernorm_after.weight]
Loading weights:  25%|██▍       | 50/203 [00:00<00:00, 4086.66it/s, Materializing param=audio_spectrogram_transformer.encoder.layer.2.layernorm_before.bias] 
Loading weights:  25%|██▍       | 50/203 [00:00<00:00, 4077.92it/s, Materializing param=audio_spectrogram_transformer.encoder.layer.2.layernorm_before.bias]
Loading weights:  25%|██▌       | 51/203 [00:00<00:00, 4144.57it/s, Materializing param=audio_spectrogram_transformer.encoder.layer.2.layernorm_before.weight]
Loading weights:  25%|██▌       | 51/203 [00:00<00:00, 4136.87it/s, Materializing param=audio_spectrogram_transformer.encoder.layer.2.layernorm_before.weight]
Loading weights:  26%|██▌       | 52/203 [00:00<00:00, 4203.36it/s, Materializing param=audio_spectrogram_transformer.encoder.layer.2.output.dense.bias]      
Loading weights:  26%|██▌       | 52/203 [00:00<00:00, 4196.16it/s, Materializing param=audio_spectrogram_transformer.encoder.layer.2.output.dense.bias]
Loading weights:  26%|██▌       | 53/203 [00:00<00:00, 4262.42it/s, Materializing param=audio_spectrogram_transformer.encoder.layer.2.output.dense.weight]
Loading weights:  26%|██▌       | 53/203 [00:00<00:00, 4255.24it/s, Materializing param=audio_spectrogram_transformer.encoder.layer.2.output.dense.weight]
Loading weights:  27%|██▋       | 54/203 [00:00<00:00, 4321.30it/s, Materializing param=audio_spectrogram_transformer.encoder.layer.3.attention.attention.key.bias]
Loading weights:  27%|██▋       | 54/203 [00:00<00:00, 4313.73it/s, Materializing param=audio_spectrogram_transformer.encoder.layer.3.attention.attention.key.bias]
Loading weights:  27%|██▋       | 55/203 [00:00<00:00, 4326.86it/s, Materializing param=audio_spectrogram_transformer.encoder.layer.3.attention.attention.key.weight]
Loading weights:  27%|██▋       | 55/203 [00:00<00:00, 4309.97it/s, Materializing param=audio_spectrogram_transformer.encoder.layer.3.attention.attention.key.weight]
Loading weights:  28%|██▊       | 56/203 [00:00<00:00, 4355.21it/s, Materializing param=audio_spectrogram_transformer.encoder.layer.3.attention.attention.query.bias]
Loading weights:  28%|██▊       | 56/203 [00:00<00:00, 4345.46it/s, Materializing param=audio_spectrogram_transformer.encoder.layer.3.attention.attention.query.bias]
Loading weights:  28%|██▊       | 57/203 [00:00<00:00, 4398.49it/s, Materializing param=audio_spectrogram_transformer.encoder.layer.3.attention.attention.query.weight]
Loading weights:  28%|██▊       | 57/203 [00:00<00:00, 4385.25it/s, Materializing param=audio_spectrogram_transformer.encoder.layer.3.attention.attention.query.weight]
Loading weights:  29%|██▊       | 58/203 [00:00<00:00, 4275.61it/s, Materializing param=audio_spectrogram_transformer.encoder.layer.3.attention.attention.value.bias]  
Loading weights:  29%|██▊       | 58/203 [00:00<00:00, 4266.54it/s, Materializing param=audio_spectrogram_transformer.encoder.layer.3.attention.attention.value.bias]
Loading weights:  29%|██▉       | 59/203 [00:00<00:00, 4322.89it/s, Materializing param=audio_spectrogram_transformer.encoder.layer.3.attention.attention.value.weight]
Loading weights:  29%|██▉       | 59/203 [00:00<00:00, 4315.35it/s, Materializing param=audio_spectrogram_transformer.encoder.layer.3.attention.attention.value.weight]
Loading weights:  30%|██▉       | 60/203 [00:00<00:00, 4373.77it/s, Materializing param=audio_spectrogram_transformer.encoder.layer.3.attention.output.dense.bias]     
Loading weights:  30%|██▉       | 60/203 [00:00<00:00, 4366.79it/s, Materializing param=audio_spectrogram_transformer.encoder.layer.3.attention.output.dense.bias]
Loading weights:  30%|███       | 61/203 [00:00<00:00, 4425.06it/s, Materializing param=audio_spectrogram_transformer.encoder.layer.3.attention.output.dense.weight]
Loading weights:  30%|███       | 61/203 [00:00<00:00, 4418.34it/s, Materializing param=audio_spectrogram_transformer.encoder.layer.3.attention.output.dense.weight]
Loading weights:  31%|███       | 62/203 [00:00<00:00, 4476.16it/s, Materializing param=audio_spectrogram_transformer.encoder.layer.3.intermediate.dense.bias]      
Loading weights:  31%|███       | 62/203 [00:00<00:00, 4469.08it/s, Materializing param=audio_spectrogram_transformer.encoder.layer.3.intermediate.dense.bias]
Loading weights:  31%|███       | 63/203 [00:00<00:00, 4526.15it/s, Materializing param=audio_spectrogram_transformer.encoder.layer.3.intermediate.dense.weight]
Loading weights:  31%|███       | 63/203 [00:00<00:00, 4519.03it/s, Materializing param=audio_spectrogram_transformer.encoder.layer.3.intermediate.dense.weight]
Loading weights:  32%|███▏      | 64/203 [00:00<00:00, 4575.97it/s, Materializing param=audio_spectrogram_transformer.encoder.layer.3.layernorm_after.bias]     
Loading weights:  32%|███▏      | 64/203 [00:00<00:00, 4568.41it/s, Materializing param=audio_spectrogram_transformer.encoder.layer.3.layernorm_after.bias]
Loading weights:  32%|███▏      | 65/203 [00:00<00:00, 4625.00it/s, Materializing param=audio_spectrogram_transformer.encoder.layer.3.layernorm_after.weight]
Loading weights:  32%|███▏      | 65/203 [00:00<00:00, 4618.03it/s, Materializing param=audio_spectrogram_transformer.encoder.layer.3.layernorm_after.weight]
Loading weights:  33%|███▎      | 66/203 [00:00<00:00, 4675.13it/s, Materializing param=audio_spectrogram_transformer.encoder.layer.3.layernorm_before.bias] 
Loading weights:  33%|███▎      | 66/203 [00:00<00:00, 4668.20it/s, Materializing param=audio_spectrogram_transformer.encoder.layer.3.layernorm_before.bias]
Loading weights:  33%|███▎      | 67/203 [00:00<00:00, 4725.62it/s, Materializing param=audio_spectrogram_transformer.encoder.layer.3.layernorm_before.weight]
Loading weights:  33%|███▎      | 67/203 [00:00<00:00, 4718.95it/s, Materializing param=audio_spectrogram_transformer.encoder.layer.3.layernorm_before.weight]
Loading weights:  33%|███▎      | 68/203 [00:00<00:00, 4774.95it/s, Materializing param=audio_spectrogram_transformer.encoder.layer.3.output.dense.bias]      
Loading weights:  33%|███▎      | 68/203 [00:00<00:00, 4768.25it/s, Materializing param=audio_spectrogram_transformer.encoder.layer.3.output.dense.bias]
Loading weights:  34%|███▍      | 69/203 [00:00<00:00, 4700.61it/s, Materializing param=audio_spectrogram_transformer.encoder.layer.3.output.dense.weight]
Loading weights:  34%|███▍      | 69/203 [00:00<00:00, 4692.22it/s, Materializing param=audio_spectrogram_transformer.encoder.layer.3.output.dense.weight]
Loading weights:  34%|███▍      | 70/203 [00:00<00:00, 4744.46it/s, Materializing param=audio_spectrogram_transformer.encoder.layer.4.attention.attention.key.bias]
Loading weights:  34%|███▍      | 70/203 [00:00<00:00, 4737.03it/s, Materializing param=audio_spectrogram_transformer.encoder.layer.4.attention.attention.key.bias]
Loading weights:  35%|███▍      | 71/203 [00:00<00:00, 4425.62it/s, Materializing param=audio_spectrogram_transformer.encoder.layer.4.attention.attention.key.weight]
Loading weights:  35%|███▍      | 71/203 [00:00<00:00, 4417.09it/s, Materializing param=audio_spectrogram_transformer.encoder.layer.4.attention.attention.key.weight]
Loading weights:  35%|███▌      | 72/203 [00:00<00:00, 4456.49it/s, Materializing param=audio_spectrogram_transformer.encoder.layer.4.attention.attention.query.bias]
Loading weights:  35%|███▌      | 72/203 [00:00<00:00, 4449.67it/s, Materializing param=audio_spectrogram_transformer.encoder.layer.4.attention.attention.query.bias]
Loading weights:  36%|███▌      | 73/203 [00:00<00:00, 4466.19it/s, Materializing param=audio_spectrogram_transformer.encoder.layer.4.attention.attention.query.weight]
Loading weights:  36%|███▌      | 73/203 [00:00<00:00, 4449.32it/s, Materializing param=audio_spectrogram_transformer.encoder.layer.4.attention.attention.query.weight]
Loading weights:  36%|███▋      | 74/203 [00:00<00:00, 4472.89it/s, Materializing param=audio_spectrogram_transformer.encoder.layer.4.attention.attention.value.bias]  
Loading weights:  36%|███▋      | 74/203 [00:00<00:00, 4466.39it/s, Materializing param=audio_spectrogram_transformer.encoder.layer.4.attention.attention.value.bias]
Loading weights:  37%|███▋      | 75/203 [00:00<00:00, 4476.76it/s, Materializing param=audio_spectrogram_transformer.encoder.layer.4.attention.attention.value.weight]
Loading weights:  37%|███▋      | 75/203 [00:00<00:00, 4290.12it/s, Materializing param=audio_spectrogram_transformer.encoder.layer.4.attention.attention.value.weight]
Loading weights:  37%|███▋      | 76/203 [00:00<00:00, 4244.85it/s, Materializing param=audio_spectrogram_transformer.encoder.layer.4.attention.output.dense.bias]     
Loading weights:  37%|███▋      | 76/203 [00:00<00:00, 4238.70it/s, Materializing param=audio_spectrogram_transformer.encoder.layer.4.attention.output.dense.bias]
Loading weights:  38%|███▊      | 77/203 [00:00<00:00, 4261.66it/s, Materializing param=audio_spectrogram_transformer.encoder.layer.4.attention.output.dense.weight]
Loading weights:  38%|███▊      | 77/203 [00:00<00:00, 4249.21it/s, Materializing param=audio_spectrogram_transformer.encoder.layer.4.attention.output.dense.weight]
Loading weights:  38%|███▊      | 78/203 [00:00<00:00, 4287.31it/s, Materializing param=audio_spectrogram_transformer.encoder.layer.4.intermediate.dense.bias]      
Loading weights:  38%|███▊      | 78/203 [00:00<00:00, 4280.52it/s, Materializing param=audio_spectrogram_transformer.encoder.layer.4.intermediate.dense.bias]
Loading weights:  39%|███▉      | 79/203 [00:00<00:00, 4079.51it/s, Materializing param=audio_spectrogram_transformer.encoder.layer.4.intermediate.dense.weight]
Loading weights:  39%|███▉      | 79/203 [00:00<00:00, 4071.94it/s, Materializing param=audio_spectrogram_transformer.encoder.layer.4.intermediate.dense.weight]
Loading weights:  39%|███▉      | 80/203 [00:00<00:00, 4109.49it/s, Materializing param=audio_spectrogram_transformer.encoder.layer.4.layernorm_after.bias]     
Loading weights:  39%|███▉      | 80/203 [00:00<00:00, 4103.76it/s, Materializing param=audio_spectrogram_transformer.encoder.layer.4.layernorm_after.bias]
Loading weights:  40%|███▉      | 81/203 [00:00<00:00, 4127.55it/s, Materializing param=audio_spectrogram_transformer.encoder.layer.4.layernorm_after.weight]
Loading weights:  40%|███▉      | 81/203 [00:00<00:00, 4117.94it/s, Materializing param=audio_spectrogram_transformer.encoder.layer.4.layernorm_after.weight]
Loading weights:  40%|████      | 82/203 [00:00<00:00, 4132.87it/s, Materializing param=audio_spectrogram_transformer.encoder.layer.4.layernorm_before.bias] 
Loading weights:  40%|████      | 82/203 [00:00<00:00, 4127.61it/s, Materializing param=audio_spectrogram_transformer.encoder.layer.4.layernorm_before.bias]
Loading weights:  41%|████      | 83/203 [00:00<00:00, 4163.11it/s, Materializing param=audio_spectrogram_transformer.encoder.layer.4.layernorm_before.weight]
Loading weights:  41%|████      | 83/203 [00:00<00:00, 4147.28it/s, Materializing param=audio_spectrogram_transformer.encoder.layer.4.layernorm_before.weight]
Loading weights:  41%|████▏     | 84/203 [00:00<00:00, 4076.10it/s, Materializing param=audio_spectrogram_transformer.encoder.layer.4.output.dense.bias]      
Loading weights:  41%|████▏     | 84/203 [00:00<00:00, 4063.87it/s, Materializing param=audio_spectrogram_transformer.encoder.layer.4.output.dense.bias]
Loading weights:  42%|████▏     | 85/203 [00:00<00:00, 3978.79it/s, Materializing param=audio_spectrogram_transformer.encoder.layer.4.output.dense.weight]
Loading weights:  42%|████▏     | 85/203 [00:00<00:00, 3970.86it/s, Materializing param=audio_spectrogram_transformer.encoder.layer.4.output.dense.weight]
Loading weights:  42%|████▏     | 86/203 [00:00<00:00, 3938.06it/s, Materializing param=audio_spectrogram_transformer.encoder.layer.5.attention.attention.key.bias]
Loading weights:  42%|████▏     | 86/203 [00:00<00:00, 3932.47it/s, Materializing param=audio_spectrogram_transformer.encoder.layer.5.attention.attention.key.bias]
Loading weights:  43%|████▎     | 87/203 [00:00<00:00, 3966.78it/s, Materializing param=audio_spectrogram_transformer.encoder.layer.5.attention.attention.key.weight]
Loading weights:  43%|████▎     | 87/203 [00:00<00:00, 3962.26it/s, Materializing param=audio_spectrogram_transformer.encoder.layer.5.attention.attention.key.weight]
Loading weights:  43%|████▎     | 88/203 [00:00<00:00, 3992.72it/s, Materializing param=audio_spectrogram_transformer.encoder.layer.5.attention.attention.query.bias]
Loading weights:  43%|████▎     | 88/203 [00:00<00:00, 3987.33it/s, Materializing param=audio_spectrogram_transformer.encoder.layer.5.attention.attention.query.bias]
Loading weights:  44%|████▍     | 89/203 [00:00<00:00, 4022.21it/s, Materializing param=audio_spectrogram_transformer.encoder.layer.5.attention.attention.query.weight]
Loading weights:  44%|████▍     | 89/203 [00:00<00:00, 4018.22it/s, Materializing param=audio_spectrogram_transformer.encoder.layer.5.attention.attention.query.weight]
Loading weights:  44%|████▍     | 90/203 [00:00<00:00, 4054.43it/s, Materializing param=audio_spectrogram_transformer.encoder.layer.5.attention.attention.value.bias]  
Loading weights:  44%|████▍     | 90/203 [00:00<00:00, 4050.60it/s, Materializing param=audio_spectrogram_transformer.encoder.layer.5.attention.attention.value.bias]
Loading weights:  45%|████▍     | 91/203 [00:00<00:00, 4018.72it/s, Materializing param=audio_spectrogram_transformer.encoder.layer.5.attention.attention.value.weight]
Loading weights:  45%|████▍     | 91/203 [00:00<00:00, 4014.66it/s, Materializing param=audio_spectrogram_transformer.encoder.layer.5.attention.attention.value.weight]
Loading weights:  45%|████▌     | 92/203 [00:00<00:00, 4050.17it/s, Materializing param=audio_spectrogram_transformer.encoder.layer.5.attention.output.dense.bias]     
Loading weights:  45%|████▌     | 92/203 [00:00<00:00, 4046.43it/s, Materializing param=audio_spectrogram_transformer.encoder.layer.5.attention.output.dense.bias]
Loading weights:  46%|████▌     | 93/203 [00:00<00:00, 4081.81it/s, Materializing param=audio_spectrogram_transformer.encoder.layer.5.attention.output.dense.weight]
Loading weights:  46%|████▌     | 93/203 [00:00<00:00, 4077.67it/s, Materializing param=audio_spectrogram_transformer.encoder.layer.5.attention.output.dense.weight]
Loading weights:  46%|████▋     | 94/203 [00:00<00:00, 4113.61it/s, Materializing param=audio_spectrogram_transformer.encoder.layer.5.intermediate.dense.bias]      
Loading weights:  46%|████▋     | 94/203 [00:00<00:00, 4109.79it/s, Materializing param=audio_spectrogram_transformer.encoder.layer.5.intermediate.dense.bias]
Loading weights:  47%|████▋     | 95/203 [00:00<00:00, 4142.89it/s, Materializing param=audio_spectrogram_transformer.encoder.layer.5.intermediate.dense.weight]
Loading weights:  47%|████▋     | 95/203 [00:00<00:00, 4137.98it/s, Materializing param=audio_spectrogram_transformer.encoder.layer.5.intermediate.dense.weight]
Loading weights:  47%|████▋     | 96/203 [00:00<00:00, 4173.35it/s, Materializing param=audio_spectrogram_transformer.encoder.layer.5.layernorm_after.bias]     
Loading weights:  47%|████▋     | 96/203 [00:00<00:00, 4169.33it/s, Materializing param=audio_spectrogram_transformer.encoder.layer.5.layernorm_after.bias]
Loading weights:  48%|████▊     | 97/203 [00:00<00:00, 4146.89it/s, Materializing param=audio_spectrogram_transformer.encoder.layer.5.layernorm_after.weight]
Loading weights:  48%|████▊     | 97/203 [00:00<00:00, 4143.01it/s, Materializing param=audio_spectrogram_transformer.encoder.layer.5.layernorm_after.weight]
Loading weights:  48%|████▊     | 98/203 [00:00<00:00, 4170.56it/s, Materializing param=audio_spectrogram_transformer.encoder.layer.5.layernorm_before.bias] 
Loading weights:  48%|████▊     | 98/203 [00:00<00:00, 4166.67it/s, Materializing param=audio_spectrogram_transformer.encoder.layer.5.layernorm_before.bias]
Loading weights:  49%|████▉     | 99/203 [00:00<00:00, 4201.69it/s, Materializing param=audio_spectrogram_transformer.encoder.layer.5.layernorm_before.weight]
Loading weights:  49%|████▉     | 99/203 [00:00<00:00, 4198.12it/s, Materializing param=audio_spectrogram_transformer.encoder.layer.5.layernorm_before.weight]
Loading weights:  49%|████▉     | 100/203 [00:00<00:00, 4233.29it/s, Materializing param=audio_spectrogram_transformer.encoder.layer.5.output.dense.bias]     
Loading weights:  49%|████▉     | 100/203 [00:00<00:00, 4229.75it/s, Materializing param=audio_spectrogram_transformer.encoder.layer.5.output.dense.bias]
Loading weights:  50%|████▉     | 101/203 [00:00<00:00, 4263.71it/s, Materializing param=audio_spectrogram_transformer.encoder.layer.5.output.dense.weight]
Loading weights:  50%|████▉     | 101/203 [00:00<00:00, 4259.80it/s, Materializing param=audio_spectrogram_transformer.encoder.layer.5.output.dense.weight]
Loading weights:  50%|█████     | 102/203 [00:00<00:00, 4294.51it/s, Materializing param=audio_spectrogram_transformer.encoder.layer.6.attention.attention.key.bias]
Loading weights:  50%|█████     | 102/203 [00:00<00:00, 4290.72it/s, Materializing param=audio_spectrogram_transformer.encoder.layer.6.attention.attention.key.bias]
Loading weights:  51%|█████     | 103/203 [00:00<00:00, 4324.80it/s, Materializing param=audio_spectrogram_transformer.encoder.layer.6.attention.attention.key.weight]
Loading weights:  51%|█████     | 103/203 [00:00<00:00, 4320.82it/s, Materializing param=audio_spectrogram_transformer.encoder.layer.6.attention.attention.key.weight]
Loading weights:  51%|█████     | 104/203 [00:00<00:00, 4354.76it/s, Materializing param=audio_spectrogram_transformer.encoder.layer.6.attention.attention.query.bias]
Loading weights:  51%|█████     | 104/203 [00:00<00:00, 4350.72it/s, Materializing param=audio_spectrogram_transformer.encoder.layer.6.attention.attention.query.bias]
Loading weights:  52%|█████▏    | 105/203 [00:00<00:00, 4372.97it/s, Materializing param=audio_spectrogram_transformer.encoder.layer.6.attention.attention.query.weight]
Loading weights:  52%|█████▏    | 105/203 [00:00<00:00, 4368.59it/s, Materializing param=audio_spectrogram_transformer.encoder.layer.6.attention.attention.query.weight]
Loading weights:  52%|█████▏    | 106/203 [00:00<00:00, 4401.77it/s, Materializing param=audio_spectrogram_transformer.encoder.layer.6.attention.attention.value.bias]  
Loading weights:  52%|█████▏    | 106/203 [00:00<00:00, 4376.51it/s, Materializing param=audio_spectrogram_transformer.encoder.layer.6.attention.attention.value.bias]
Loading weights:  53%|█████▎    | 107/203 [00:00<00:00, 4402.93it/s, Materializing param=audio_spectrogram_transformer.encoder.layer.6.attention.attention.value.weight]
Loading weights:  53%|█████▎    | 107/203 [00:00<00:00, 4397.88it/s, Materializing param=audio_spectrogram_transformer.encoder.layer.6.attention.attention.value.weight]
Loading weights:  53%|█████▎    | 108/203 [00:00<00:00, 4379.75it/s, Materializing param=audio_spectrogram_transformer.encoder.layer.6.attention.output.dense.bias]     
Loading weights:  53%|█████▎    | 108/203 [00:00<00:00, 4375.31it/s, Materializing param=audio_spectrogram_transformer.encoder.layer.6.attention.output.dense.bias]
Loading weights:  54%|█████▎    | 109/203 [00:00<00:00, 4405.61it/s, Materializing param=audio_spectrogram_transformer.encoder.layer.6.attention.output.dense.weight]
Loading weights:  54%|█████▎    | 109/203 [00:00<00:00, 4401.88it/s, Materializing param=audio_spectrogram_transformer.encoder.layer.6.attention.output.dense.weight]
Loading weights:  54%|█████▍    | 110/203 [00:00<00:00, 4433.90it/s, Materializing param=audio_spectrogram_transformer.encoder.layer.6.intermediate.dense.bias]      
Loading weights:  54%|█████▍    | 110/203 [00:00<00:00, 4429.94it/s, Materializing param=audio_spectrogram_transformer.encoder.layer.6.intermediate.dense.bias]
Loading weights:  55%|█████▍    | 111/203 [00:00<00:00, 4378.85it/s, Materializing param=audio_spectrogram_transformer.encoder.layer.6.intermediate.dense.weight]
Loading weights:  55%|█████▍    | 111/203 [00:00<00:00, 4370.91it/s, Materializing param=audio_spectrogram_transformer.encoder.layer.6.intermediate.dense.weight]
Loading weights:  55%|█████▌    | 112/203 [00:00<00:00, 4343.41it/s, Materializing param=audio_spectrogram_transformer.encoder.layer.6.layernorm_after.bias]     
Loading weights:  55%|█████▌    | 112/203 [00:00<00:00, 4337.88it/s, Materializing param=audio_spectrogram_transformer.encoder.layer.6.layernorm_after.bias]
Loading weights:  56%|█████▌    | 113/203 [00:00<00:00, 4366.65it/s, Materializing param=audio_spectrogram_transformer.encoder.layer.6.layernorm_after.weight]
Loading weights:  56%|█████▌    | 113/203 [00:00<00:00, 4362.59it/s, Materializing param=audio_spectrogram_transformer.encoder.layer.6.layernorm_after.weight]
Loading weights:  56%|█████▌    | 114/203 [00:00<00:00, 4321.09it/s, Materializing param=audio_spectrogram_transformer.encoder.layer.6.layernorm_before.bias] 
Loading weights:  56%|█████▌    | 114/203 [00:00<00:00, 4316.37it/s, Materializing param=audio_spectrogram_transformer.encoder.layer.6.layernorm_before.bias]
Loading weights:  57%|█████▋    | 115/203 [00:00<00:00, 4336.35it/s, Materializing param=audio_spectrogram_transformer.encoder.layer.6.layernorm_before.weight]
Loading weights:  57%|█████▋    | 115/203 [00:00<00:00, 4331.60it/s, Materializing param=audio_spectrogram_transformer.encoder.layer.6.layernorm_before.weight]
Loading weights:  57%|█████▋    | 116/203 [00:00<00:00, 4361.19it/s, Materializing param=audio_spectrogram_transformer.encoder.layer.6.output.dense.bias]      
Loading weights:  57%|█████▋    | 116/203 [00:00<00:00, 4357.13it/s, Materializing param=audio_spectrogram_transformer.encoder.layer.6.output.dense.bias]
Loading weights:  58%|█████▊    | 117/203 [00:00<00:00, 4338.13it/s, Materializing param=audio_spectrogram_transformer.encoder.layer.6.output.dense.weight]
Loading weights:  58%|█████▊    | 117/203 [00:00<00:00, 4334.26it/s, Materializing param=audio_spectrogram_transformer.encoder.layer.6.output.dense.weight]
Loading weights:  58%|█████▊    | 118/203 [00:00<00:00, 4305.14it/s, Materializing param=audio_spectrogram_transformer.encoder.layer.7.attention.attention.key.bias]
Loading weights:  58%|█████▊    | 118/203 [00:00<00:00, 4300.58it/s, Materializing param=audio_spectrogram_transformer.encoder.layer.7.attention.attention.key.bias]
Loading weights:  59%|█████▊    | 119/203 [00:00<00:00, 4313.45it/s, Materializing param=audio_spectrogram_transformer.encoder.layer.7.attention.attention.key.weight]
Loading weights:  59%|█████▊    | 119/203 [00:00<00:00, 4307.98it/s, Materializing param=audio_spectrogram_transformer.encoder.layer.7.attention.attention.key.weight]
Loading weights:  59%|█████▉    | 120/203 [00:00<00:00, 4333.22it/s, Materializing param=audio_spectrogram_transformer.encoder.layer.7.attention.attention.query.bias]
Loading weights:  59%|█████▉    | 120/203 [00:00<00:00, 4329.46it/s, Materializing param=audio_spectrogram_transformer.encoder.layer.7.attention.attention.query.bias]
Loading weights:  60%|█████▉    | 121/203 [00:00<00:00, 4356.58it/s, Materializing param=audio_spectrogram_transformer.encoder.layer.7.attention.attention.query.weight]
Loading weights:  60%|█████▉    | 121/203 [00:00<00:00, 4352.84it/s, Materializing param=audio_spectrogram_transformer.encoder.layer.7.attention.attention.query.weight]
Loading weights:  60%|██████    | 122/203 [00:00<00:00, 4377.48it/s, Materializing param=audio_spectrogram_transformer.encoder.layer.7.attention.attention.value.bias]  
Loading weights:  60%|██████    | 122/203 [00:00<00:00, 4373.55it/s, Materializing param=audio_spectrogram_transformer.encoder.layer.7.attention.attention.value.bias]
Loading weights:  61%|██████    | 123/203 [00:00<00:00, 4258.56it/s, Materializing param=audio_spectrogram_transformer.encoder.layer.7.attention.attention.value.weight]
Loading weights:  61%|██████    | 123/203 [00:00<00:00, 4254.42it/s, Materializing param=audio_spectrogram_transformer.encoder.layer.7.attention.attention.value.weight]
Loading weights:  61%|██████    | 124/203 [00:00<00:00, 4280.99it/s, Materializing param=audio_spectrogram_transformer.encoder.layer.7.attention.output.dense.bias]     
Loading weights:  61%|██████    | 124/203 [00:00<00:00, 4277.44it/s, Materializing param=audio_spectrogram_transformer.encoder.layer.7.attention.output.dense.bias]
Loading weights:  62%|██████▏   | 125/203 [00:00<00:00, 4304.53it/s, Materializing param=audio_spectrogram_transformer.encoder.layer.7.attention.output.dense.weight]
Loading weights:  62%|██████▏   | 125/203 [00:00<00:00, 4301.43it/s, Materializing param=audio_spectrogram_transformer.encoder.layer.7.attention.output.dense.weight]
Loading weights:  62%|██████▏   | 126/203 [00:00<00:00, 4329.27it/s, Materializing param=audio_spectrogram_transformer.encoder.layer.7.intermediate.dense.bias]      
Loading weights:  62%|██████▏   | 126/203 [00:00<00:00, 4326.15it/s, Materializing param=audio_spectrogram_transformer.encoder.layer.7.intermediate.dense.bias]
Loading weights:  63%|██████▎   | 127/203 [00:00<00:00, 4354.07it/s, Materializing param=audio_spectrogram_transformer.encoder.layer.7.intermediate.dense.weight]
Loading weights:  63%|██████▎   | 127/203 [00:00<00:00, 4350.80it/s, Materializing param=audio_spectrogram_transformer.encoder.layer.7.intermediate.dense.weight]
Loading weights:  63%|██████▎   | 128/203 [00:00<00:00, 4378.15it/s, Materializing param=audio_spectrogram_transformer.encoder.layer.7.layernorm_after.bias]     
Loading weights:  63%|██████▎   | 128/203 [00:00<00:00, 4375.01it/s, Materializing param=audio_spectrogram_transformer.encoder.layer.7.layernorm_after.bias]
Loading weights:  64%|██████▎   | 129/203 [00:00<00:00, 4395.37it/s, Materializing param=audio_spectrogram_transformer.encoder.layer.7.layernorm_after.weight]
Loading weights:  64%|██████▎   | 129/203 [00:00<00:00, 4391.34it/s, Materializing param=audio_spectrogram_transformer.encoder.layer.7.layernorm_after.weight]
Loading weights:  64%|██████▍   | 130/203 [00:00<00:00, 4414.41it/s, Materializing param=audio_spectrogram_transformer.encoder.layer.7.layernorm_before.bias] 
Loading weights:  64%|██████▍   | 130/203 [00:00<00:00, 4407.99it/s, Materializing param=audio_spectrogram_transformer.encoder.layer.7.layernorm_before.bias]
Loading weights:  65%|██████▍   | 131/203 [00:00<00:00, 4386.12it/s, Materializing param=audio_spectrogram_transformer.encoder.layer.7.layernorm_before.weight]
Loading weights:  65%|██████▍   | 131/203 [00:00<00:00, 4381.57it/s, Materializing param=audio_spectrogram_transformer.encoder.layer.7.layernorm_before.weight]
Loading weights:  65%|██████▌   | 132/203 [00:00<00:00, 4402.91it/s, Materializing param=audio_spectrogram_transformer.encoder.layer.7.output.dense.bias]      
Loading weights:  65%|██████▌   | 132/203 [00:00<00:00, 4399.51it/s, Materializing param=audio_spectrogram_transformer.encoder.layer.7.output.dense.bias]
Loading weights:  66%|██████▌   | 133/203 [00:00<00:00, 4422.55it/s, Materializing param=audio_spectrogram_transformer.encoder.layer.7.output.dense.weight]
Loading weights:  66%|██████▌   | 133/203 [00:00<00:00, 4418.59it/s, Materializing param=audio_spectrogram_transformer.encoder.layer.7.output.dense.weight]
Loading weights:  66%|██████▌   | 134/203 [00:00<00:00, 4444.10it/s, Materializing param=audio_spectrogram_transformer.encoder.layer.8.attention.attention.key.bias]
Loading weights:  66%|██████▌   | 134/203 [00:00<00:00, 4440.91it/s, Materializing param=audio_spectrogram_transformer.encoder.layer.8.attention.attention.key.bias]
Loading weights:  67%|██████▋   | 135/203 [00:00<00:00, 4466.64it/s, Materializing param=audio_spectrogram_transformer.encoder.layer.8.attention.attention.key.weight]
Loading weights:  67%|██████▋   | 135/203 [00:00<00:00, 4463.36it/s, Materializing param=audio_spectrogram_transformer.encoder.layer.8.attention.attention.key.weight]
Loading weights:  67%|██████▋   | 136/203 [00:00<00:00, 4482.82it/s, Materializing param=audio_spectrogram_transformer.encoder.layer.8.attention.attention.query.bias]
Loading weights:  67%|██████▋   | 136/203 [00:00<00:00, 4479.26it/s, Materializing param=audio_spectrogram_transformer.encoder.layer.8.attention.attention.query.bias]
Loading weights:  67%|██████▋   | 137/203 [00:00<00:00, 4505.23it/s, Materializing param=audio_spectrogram_transformer.encoder.layer.8.attention.attention.query.weight]
Loading weights:  67%|██████▋   | 137/203 [00:00<00:00, 4502.12it/s, Materializing param=audio_spectrogram_transformer.encoder.layer.8.attention.attention.query.weight]
Loading weights:  68%|██████▊   | 138/203 [00:00<00:00, 4528.71it/s, Materializing param=audio_spectrogram_transformer.encoder.layer.8.attention.attention.value.bias]  
Loading weights:  68%|██████▊   | 138/203 [00:00<00:00, 4525.34it/s, Materializing param=audio_spectrogram_transformer.encoder.layer.8.attention.attention.value.bias]
Loading weights:  68%|██████▊   | 139/203 [00:00<00:00, 4454.83it/s, Materializing param=audio_spectrogram_transformer.encoder.layer.8.attention.attention.value.weight]
Loading weights:  68%|██████▊   | 139/203 [00:00<00:00, 4451.53it/s, Materializing param=audio_spectrogram_transformer.encoder.layer.8.attention.attention.value.weight]
Loading weights:  69%|██████▉   | 140/203 [00:00<00:00, 4476.82it/s, Materializing param=audio_spectrogram_transformer.encoder.layer.8.attention.output.dense.bias]     
Loading weights:  69%|██████▉   | 140/203 [00:00<00:00, 4473.72it/s, Materializing param=audio_spectrogram_transformer.encoder.layer.8.attention.output.dense.bias]
Loading weights:  69%|██████▉   | 141/203 [00:00<00:00, 4499.20it/s, Materializing param=audio_spectrogram_transformer.encoder.layer.8.attention.output.dense.weight]
Loading weights:  69%|██████▉   | 141/203 [00:00<00:00, 4496.15it/s, Materializing param=audio_spectrogram_transformer.encoder.layer.8.attention.output.dense.weight]
Loading weights:  70%|██████▉   | 142/203 [00:00<00:00, 4521.71it/s, Materializing param=audio_spectrogram_transformer.encoder.layer.8.intermediate.dense.bias]      
Loading weights:  70%|██████▉   | 142/203 [00:00<00:00, 4518.70it/s, Materializing param=audio_spectrogram_transformer.encoder.layer.8.intermediate.dense.bias]
Loading weights:  70%|███████   | 143/203 [00:00<00:00, 4524.74it/s, Materializing param=audio_spectrogram_transformer.encoder.layer.8.intermediate.dense.weight]
Loading weights:  70%|███████   | 143/203 [00:00<00:00, 4521.46it/s, Materializing param=audio_spectrogram_transformer.encoder.layer.8.intermediate.dense.weight]
Loading weights:  71%|███████   | 144/203 [00:00<00:00, 4488.22it/s, Materializing param=audio_spectrogram_transformer.encoder.layer.8.layernorm_after.bias]     
Loading weights:  71%|███████   | 144/203 [00:00<00:00, 4484.55it/s, Materializing param=audio_spectrogram_transformer.encoder.layer.8.layernorm_after.bias]
Loading weights:  71%|███████▏  | 145/203 [00:00<00:00, 4508.40it/s, Materializing param=audio_spectrogram_transformer.encoder.layer.8.layernorm_after.weight]
Loading weights:  71%|███████▏  | 145/203 [00:00<00:00, 4505.19it/s, Materializing param=audio_spectrogram_transformer.encoder.layer.8.layernorm_after.weight]
Loading weights:  72%|███████▏  | 146/203 [00:00<00:00, 4529.79it/s, Materializing param=audio_spectrogram_transformer.encoder.layer.8.layernorm_before.bias] 
Loading weights:  72%|███████▏  | 146/203 [00:00<00:00, 4526.67it/s, Materializing param=audio_spectrogram_transformer.encoder.layer.8.layernorm_before.bias]
Loading weights:  72%|███████▏  | 147/203 [00:00<00:00, 4551.62it/s, Materializing param=audio_spectrogram_transformer.encoder.layer.8.layernorm_before.weight]
Loading weights:  72%|███████▏  | 147/203 [00:00<00:00, 4548.80it/s, Materializing param=audio_spectrogram_transformer.encoder.layer.8.layernorm_before.weight]
Loading weights:  73%|███████▎  | 148/203 [00:00<00:00, 4573.81it/s, Materializing param=audio_spectrogram_transformer.encoder.layer.8.output.dense.bias]      
Loading weights:  73%|███████▎  | 148/203 [00:00<00:00, 4570.98it/s, Materializing param=audio_spectrogram_transformer.encoder.layer.8.output.dense.bias]
Loading weights:  73%|███████▎  | 149/203 [00:00<00:00, 4414.00it/s, Materializing param=audio_spectrogram_transformer.encoder.layer.8.output.dense.weight]
Loading weights:  73%|███████▎  | 149/203 [00:00<00:00, 4410.76it/s, Materializing param=audio_spectrogram_transformer.encoder.layer.8.output.dense.weight]
Loading weights:  74%|███████▍  | 150/203 [00:00<00:00, 4434.57it/s, Materializing param=audio_spectrogram_transformer.encoder.layer.9.attention.attention.key.bias]
Loading weights:  74%|███████▍  | 150/203 [00:00<00:00, 4431.70it/s, Materializing param=audio_spectrogram_transformer.encoder.layer.9.attention.attention.key.bias]
Loading weights:  74%|███████▍  | 151/203 [00:00<00:00, 4454.90it/s, Materializing param=audio_spectrogram_transformer.encoder.layer.9.attention.attention.key.weight]
Loading weights:  74%|███████▍  | 151/203 [00:00<00:00, 4452.02it/s, Materializing param=audio_spectrogram_transformer.encoder.layer.9.attention.attention.key.weight]
Loading weights:  75%|███████▍  | 152/203 [00:00<00:00, 4467.81it/s, Materializing param=audio_spectrogram_transformer.encoder.layer.9.attention.attention.query.bias]
Loading weights:  75%|███████▍  | 152/203 [00:00<00:00, 4463.21it/s, Materializing param=audio_spectrogram_transformer.encoder.layer.9.attention.attention.query.bias]
Loading weights:  75%|███████▌  | 153/203 [00:00<00:00, 4485.07it/s, Materializing param=audio_spectrogram_transformer.encoder.layer.9.attention.attention.query.weight]
Loading weights:  75%|███████▌  | 153/203 [00:00<00:00, 4481.78it/s, Materializing param=audio_spectrogram_transformer.encoder.layer.9.attention.attention.query.weight]
Loading weights:  76%|███████▌  | 154/203 [00:00<00:00, 4504.63it/s, Materializing param=audio_spectrogram_transformer.encoder.layer.9.attention.attention.value.bias]  
Loading weights:  76%|███████▌  | 154/203 [00:00<00:00, 4501.74it/s, Materializing param=audio_spectrogram_transformer.encoder.layer.9.attention.attention.value.bias]
Loading weights:  76%|███████▋  | 155/203 [00:00<00:00, 4520.01it/s, Materializing param=audio_spectrogram_transformer.encoder.layer.9.attention.attention.value.weight]
Loading weights:  76%|███████▋  | 155/203 [00:00<00:00, 4516.84it/s, Materializing param=audio_spectrogram_transformer.encoder.layer.9.attention.attention.value.weight]
Loading weights:  77%|███████▋  | 156/203 [00:00<00:00, 4540.01it/s, Materializing param=audio_spectrogram_transformer.encoder.layer.9.attention.output.dense.bias]     
Loading weights:  77%|███████▋  | 156/203 [00:00<00:00, 4537.12it/s, Materializing param=audio_spectrogram_transformer.encoder.layer.9.attention.output.dense.bias]
Loading weights:  77%|███████▋  | 157/203 [00:00<00:00, 4353.61it/s, Materializing param=audio_spectrogram_transformer.encoder.layer.9.attention.output.dense.weight]
Loading weights:  77%|███████▋  | 157/203 [00:00<00:00, 4349.96it/s, Materializing param=audio_spectrogram_transformer.encoder.layer.9.attention.output.dense.weight]
Loading weights:  78%|███████▊  | 158/203 [00:00<00:00, 4364.87it/s, Materializing param=audio_spectrogram_transformer.encoder.layer.9.intermediate.dense.bias]      
Loading weights:  78%|███████▊  | 158/203 [00:00<00:00, 4361.39it/s, Materializing param=audio_spectrogram_transformer.encoder.layer.9.intermediate.dense.bias]
Loading weights:  78%|███████▊  | 159/203 [00:00<00:00, 4380.14it/s, Materializing param=audio_spectrogram_transformer.encoder.layer.9.intermediate.dense.weight]
Loading weights:  78%|███████▊  | 159/203 [00:00<00:00, 4377.27it/s, Materializing param=audio_spectrogram_transformer.encoder.layer.9.intermediate.dense.weight]
Loading weights:  79%|███████▉  | 160/203 [00:00<00:00, 4353.25it/s, Materializing param=audio_spectrogram_transformer.encoder.layer.9.layernorm_after.bias]     
Loading weights:  79%|███████▉  | 160/203 [00:00<00:00, 4350.32it/s, Materializing param=audio_spectrogram_transformer.encoder.layer.9.layernorm_after.bias]
Loading weights:  79%|███████▉  | 161/203 [00:00<00:00, 4371.64it/s, Materializing param=audio_spectrogram_transformer.encoder.layer.9.layernorm_after.weight]
Loading weights:  79%|███████▉  | 161/203 [00:00<00:00, 4369.15it/s, Materializing param=audio_spectrogram_transformer.encoder.layer.9.layernorm_after.weight]
Loading weights:  80%|███████▉  | 162/203 [00:00<00:00, 4334.56it/s, Materializing param=audio_spectrogram_transformer.encoder.layer.9.layernorm_before.bias] 
Loading weights:  80%|███████▉  | 162/203 [00:00<00:00, 4332.02it/s, Materializing param=audio_spectrogram_transformer.encoder.layer.9.layernorm_before.bias]
Loading weights:  80%|████████  | 163/203 [00:00<00:00, 4346.76it/s, Materializing param=audio_spectrogram_transformer.encoder.layer.9.layernorm_before.weight]
Loading weights:  80%|████████  | 163/203 [00:00<00:00, 4343.89it/s, Materializing param=audio_spectrogram_transformer.encoder.layer.9.layernorm_before.weight]
Loading weights:  81%|████████  | 164/203 [00:00<00:00, 4364.94it/s, Materializing param=audio_spectrogram_transformer.encoder.layer.9.output.dense.bias]      
Loading weights:  81%|████████  | 164/203 [00:00<00:00, 4362.39it/s, Materializing param=audio_spectrogram_transformer.encoder.layer.9.output.dense.bias]
Loading weights:  81%|████████▏ | 165/203 [00:00<00:00, 4345.31it/s, Materializing param=audio_spectrogram_transformer.encoder.layer.9.output.dense.weight]
Loading weights:  81%|████████▏ | 165/203 [00:00<00:00, 4342.91it/s, Materializing param=audio_spectrogram_transformer.encoder.layer.9.output.dense.weight]
Loading weights:  82%|████████▏ | 166/203 [00:00<00:00, 4364.06it/s, Materializing param=audio_spectrogram_transformer.encoder.layer.10.attention.attention.key.bias]
Loading weights:  82%|████████▏ | 166/203 [00:00<00:00, 4361.40it/s, Materializing param=audio_spectrogram_transformer.encoder.layer.10.attention.attention.key.bias]
Loading weights:  82%|████████▏ | 167/203 [00:00<00:00, 4379.97it/s, Materializing param=audio_spectrogram_transformer.encoder.layer.10.attention.attention.key.weight]
Loading weights:  82%|████████▏ | 167/203 [00:00<00:00, 4377.12it/s, Materializing param=audio_spectrogram_transformer.encoder.layer.10.attention.attention.key.weight]
Loading weights:  83%|████████▎ | 168/203 [00:00<00:00, 4351.18it/s, Materializing param=audio_spectrogram_transformer.encoder.layer.10.attention.attention.query.bias]
Loading weights:  83%|████████▎ | 168/203 [00:00<00:00, 4348.60it/s, Materializing param=audio_spectrogram_transformer.encoder.layer.10.attention.attention.query.bias]
Loading weights:  83%|████████▎ | 169/203 [00:00<00:00, 4368.82it/s, Materializing param=audio_spectrogram_transformer.encoder.layer.10.attention.attention.query.weight]
Loading weights:  83%|████████▎ | 169/203 [00:00<00:00, 4366.46it/s, Materializing param=audio_spectrogram_transformer.encoder.layer.10.attention.attention.query.weight]
Loading weights:  84%|████████▎ | 170/203 [00:00<00:00, 4355.85it/s, Materializing param=audio_spectrogram_transformer.encoder.layer.10.attention.attention.value.bias]  
Loading weights:  84%|████████▎ | 170/203 [00:00<00:00, 4352.93it/s, Materializing param=audio_spectrogram_transformer.encoder.layer.10.attention.attention.value.bias]
Loading weights:  84%|████████▍ | 171/203 [00:00<00:00, 4369.60it/s, Materializing param=audio_spectrogram_transformer.encoder.layer.10.attention.attention.value.weight]
Loading weights:  84%|████████▍ | 171/203 [00:00<00:00, 4365.93it/s, Materializing param=audio_spectrogram_transformer.encoder.layer.10.attention.attention.value.weight]
Loading weights:  85%|████████▍ | 172/203 [00:00<00:00, 4314.66it/s, Materializing param=audio_spectrogram_transformer.encoder.layer.10.attention.output.dense.bias]     
Loading weights:  85%|████████▍ | 172/203 [00:00<00:00, 4311.75it/s, Materializing param=audio_spectrogram_transformer.encoder.layer.10.attention.output.dense.bias]
Loading weights:  85%|████████▌ | 173/203 [00:00<00:00, 4327.04it/s, Materializing param=audio_spectrogram_transformer.encoder.layer.10.attention.output.dense.weight]
Loading weights:  85%|████████▌ | 173/203 [00:00<00:00, 4324.67it/s, Materializing param=audio_spectrogram_transformer.encoder.layer.10.attention.output.dense.weight]
Loading weights:  86%|████████▌ | 174/203 [00:00<00:00, 4344.36it/s, Materializing param=audio_spectrogram_transformer.encoder.layer.10.intermediate.dense.bias]      
Loading weights:  86%|████████▌ | 174/203 [00:00<00:00, 4342.08it/s, Materializing param=audio_spectrogram_transformer.encoder.layer.10.intermediate.dense.bias]
Loading weights:  86%|████████▌ | 175/203 [00:00<00:00, 4362.45it/s, Materializing param=audio_spectrogram_transformer.encoder.layer.10.intermediate.dense.weight]
Loading weights:  86%|████████▌ | 175/203 [00:00<00:00, 4360.06it/s, Materializing param=audio_spectrogram_transformer.encoder.layer.10.intermediate.dense.weight]
Loading weights:  87%|████████▋ | 176/203 [00:00<00:00, 4380.37it/s, Materializing param=audio_spectrogram_transformer.encoder.layer.10.layernorm_after.bias]     
Loading weights:  87%|████████▋ | 176/203 [00:00<00:00, 4378.08it/s, Materializing param=audio_spectrogram_transformer.encoder.layer.10.layernorm_after.bias]
Loading weights:  87%|████████▋ | 177/203 [00:00<00:00, 4397.61it/s, Materializing param=audio_spectrogram_transformer.encoder.layer.10.layernorm_after.weight]
Loading weights:  87%|████████▋ | 177/203 [00:00<00:00, 4395.09it/s, Materializing param=audio_spectrogram_transformer.encoder.layer.10.layernorm_after.weight]
Loading weights:  88%|████████▊ | 178/203 [00:00<00:00, 4373.34it/s, Materializing param=audio_spectrogram_transformer.encoder.layer.10.layernorm_before.bias] 
Loading weights:  88%|████████▊ | 178/203 [00:00<00:00, 4370.55it/s, Materializing param=audio_spectrogram_transformer.encoder.layer.10.layernorm_before.bias]
Loading weights:  88%|████████▊ | 179/203 [00:00<00:00, 4378.75it/s, Materializing param=audio_spectrogram_transformer.encoder.layer.10.layernorm_before.weight]
Loading weights:  88%|████████▊ | 179/203 [00:00<00:00, 4371.18it/s, Materializing param=audio_spectrogram_transformer.encoder.layer.10.layernorm_before.weight]
Loading weights:  89%|████████▊ | 180/203 [00:00<00:00, 4385.84it/s, Materializing param=audio_spectrogram_transformer.encoder.layer.10.output.dense.bias]      
Loading weights:  89%|████████▊ | 180/203 [00:00<00:00, 4380.19it/s, Materializing param=audio_spectrogram_transformer.encoder.layer.10.output.dense.bias]
Loading weights:  89%|████████▉ | 181/203 [00:00<00:00, 4396.72it/s, Materializing param=audio_spectrogram_transformer.encoder.layer.10.output.dense.weight]
Loading weights:  89%|████████▉ | 181/203 [00:00<00:00, 4353.46it/s, Materializing param=audio_spectrogram_transformer.encoder.layer.10.output.dense.weight]
Loading weights:  90%|████████▉ | 182/203 [00:00<00:00, 4369.54it/s, Materializing param=audio_spectrogram_transformer.encoder.layer.11.attention.attention.key.bias]
Loading weights:  90%|████████▉ | 182/203 [00:00<00:00, 4367.24it/s, Materializing param=audio_spectrogram_transformer.encoder.layer.11.attention.attention.key.bias]
Loading weights:  90%|█████████ | 183/203 [00:00<00:00, 4382.29it/s, Materializing param=audio_spectrogram_transformer.encoder.layer.11.attention.attention.key.weight]
Loading weights:  90%|█████████ | 183/203 [00:00<00:00, 4370.16it/s, Materializing param=audio_spectrogram_transformer.encoder.layer.11.attention.attention.key.weight]
Loading weights:  91%|█████████ | 184/203 [00:00<00:00, 4385.65it/s, Materializing param=audio_spectrogram_transformer.encoder.layer.11.attention.attention.query.bias]
Loading weights:  91%|█████████ | 184/203 [00:00<00:00, 4382.09it/s, Materializing param=audio_spectrogram_transformer.encoder.layer.11.attention.attention.query.bias]
Loading weights:  91%|█████████ | 185/203 [00:00<00:00, 4369.90it/s, Materializing param=audio_spectrogram_transformer.encoder.layer.11.attention.attention.query.weight]
Loading weights:  91%|█████████ | 185/203 [00:00<00:00, 4367.10it/s, Materializing param=audio_spectrogram_transformer.encoder.layer.11.attention.attention.query.weight]
Loading weights:  92%|█████████▏| 186/203 [00:00<00:00, 4379.24it/s, Materializing param=audio_spectrogram_transformer.encoder.layer.11.attention.attention.value.bias]  
Loading weights:  92%|█████████▏| 186/203 [00:00<00:00, 4376.89it/s, Materializing param=audio_spectrogram_transformer.encoder.layer.11.attention.attention.value.bias]
Loading weights:  92%|█████████▏| 187/203 [00:00<00:00, 4392.14it/s, Materializing param=audio_spectrogram_transformer.encoder.layer.11.attention.attention.value.weight]
Loading weights:  92%|█████████▏| 187/203 [00:00<00:00, 4388.53it/s, Materializing param=audio_spectrogram_transformer.encoder.layer.11.attention.attention.value.weight]
Loading weights:  93%|█████████▎| 188/203 [00:00<00:00, 4402.39it/s, Materializing param=audio_spectrogram_transformer.encoder.layer.11.attention.output.dense.bias]     
Loading weights:  93%|█████████▎| 188/203 [00:00<00:00, 4399.71it/s, Materializing param=audio_spectrogram_transformer.encoder.layer.11.attention.output.dense.bias]
Loading weights:  93%|█████████▎| 189/203 [00:00<00:00, 4418.35it/s, Materializing param=audio_spectrogram_transformer.encoder.layer.11.attention.output.dense.weight]
Loading weights:  93%|█████████▎| 189/203 [00:00<00:00, 4416.09it/s, Materializing param=audio_spectrogram_transformer.encoder.layer.11.attention.output.dense.weight]
Loading weights:  94%|█████████▎| 190/203 [00:00<00:00, 4435.53it/s, Materializing param=audio_spectrogram_transformer.encoder.layer.11.intermediate.dense.bias]      
Loading weights:  94%|█████████▎| 190/203 [00:00<00:00, 4433.53it/s, Materializing param=audio_spectrogram_transformer.encoder.layer.11.intermediate.dense.bias]
Loading weights:  94%|█████████▍| 191/203 [00:00<00:00, 4453.25it/s, Materializing param=audio_spectrogram_transformer.encoder.layer.11.intermediate.dense.weight]
Loading weights:  94%|█████████▍| 191/203 [00:00<00:00, 4451.27it/s, Materializing param=audio_spectrogram_transformer.encoder.layer.11.intermediate.dense.weight]
Loading weights:  95%|█████████▍| 192/203 [00:00<00:00, 4470.82it/s, Materializing param=audio_spectrogram_transformer.encoder.layer.11.layernorm_after.bias]     
Loading weights:  95%|█████████▍| 192/203 [00:00<00:00, 4468.64it/s, Materializing param=audio_spectrogram_transformer.encoder.layer.11.layernorm_after.bias]
Loading weights:  95%|█████████▌| 193/203 [00:00<00:00, 4488.05it/s, Materializing param=audio_spectrogram_transformer.encoder.layer.11.layernorm_after.weight]
Loading weights:  95%|█████████▌| 193/203 [00:00<00:00, 4485.96it/s, Materializing param=audio_spectrogram_transformer.encoder.layer.11.layernorm_after.weight]
Loading weights:  96%|█████████▌| 194/203 [00:00<00:00, 4505.63it/s, Materializing param=audio_spectrogram_transformer.encoder.layer.11.layernorm_before.bias] 
Loading weights:  96%|█████████▌| 194/203 [00:00<00:00, 4503.54it/s, Materializing param=audio_spectrogram_transformer.encoder.layer.11.layernorm_before.bias]
Loading weights:  96%|█████████▌| 195/203 [00:00<00:00, 4523.07it/s, Materializing param=audio_spectrogram_transformer.encoder.layer.11.layernorm_before.weight]
Loading weights:  96%|█████████▌| 195/203 [00:00<00:00, 4520.97it/s, Materializing param=audio_spectrogram_transformer.encoder.layer.11.layernorm_before.weight]
Loading weights:  97%|█████████▋| 196/203 [00:00<00:00, 4540.69it/s, Materializing param=audio_spectrogram_transformer.encoder.layer.11.output.dense.bias]      
Loading weights:  97%|█████████▋| 196/203 [00:00<00:00, 4538.49it/s, Materializing param=audio_spectrogram_transformer.encoder.layer.11.output.dense.bias]
Loading weights:  97%|█████████▋| 197/203 [00:00<00:00, 4558.07it/s, Materializing param=audio_spectrogram_transformer.encoder.layer.11.output.dense.weight]
Loading weights:  97%|█████████▋| 197/203 [00:00<00:00, 4556.16it/s, Materializing param=audio_spectrogram_transformer.encoder.layer.11.output.dense.weight]
Loading weights:  98%|█████████▊| 198/203 [00:00<00:00, 4575.60it/s, Materializing param=audio_spectrogram_transformer.layernorm.bias]                      
Loading weights:  98%|█████████▊| 198/203 [00:00<00:00, 4573.06it/s, Materializing param=audio_spectrogram_transformer.layernorm.bias]
Loading weights:  98%|█████████▊| 199/203 [00:00<00:00, 4592.44it/s, Materializing param=audio_spectrogram_transformer.layernorm.weight]
Loading weights:  98%|█████████▊| 199/203 [00:00<00:00, 4590.42it/s, Materializing param=audio_spectrogram_transformer.layernorm.weight]
Loading weights:  99%|█████████▊| 200/203 [00:00<00:00, 4610.32it/s, Materializing param=classifier.dense.bias]                         
Loading weights:  99%|█████████▊| 200/203 [00:00<00:00, 4608.19it/s, Materializing param=classifier.dense.bias]
Loading weights:  99%|█████████▉| 201/203 [00:00<00:00, 4628.13it/s, Materializing param=classifier.dense.weight]
Loading weights:  99%|█████████▉| 201/203 [00:00<00:00, 4626.10it/s, Materializing param=classifier.dense.weight]
Loading weights: 100%|█████████▉| 202/203 [00:00<00:00, 4646.13it/s, Materializing param=classifier.layernorm.bias]
Loading weights: 100%|█████████▉| 202/203 [00:00<00:00, 4644.19it/s, Materializing param=classifier.layernorm.bias]
Loading weights: 100%|██████████| 203/203 [00:00<00:00, 4664.09it/s, Materializing param=classifier.layernorm.weight]
Loading weights: 100%|██████████| 203/203 [00:00<00:00, 4662.15it/s, Materializing param=classifier.layernorm.weight]
Loading weights: 100%|██████████| 203/203 [00:00<00:00, 4657.23it/s, Materializing param=classifier.layernorm.weight]
ASTForAudioClassification LOAD REPORT from: MIT/ast-finetuned-audioset-10-10-0.4593
Key                     | Status   |                                                                                        
------------------------+----------+----------------------------------------------------------------------------------------
classifier.dense.weight | MISMATCH | Reinit due to size mismatch ckpt: torch.Size([527, 768]) vs model:torch.Size([40, 768])
classifier.dense.bias   | MISMATCH | Reinit due to size mismatch ckpt: torch.Size([527]) vs model:torch.Size([40])          

Notes:
- MISMATCH	:ckpt weights were loaded, but they did not match the original empty weight shapes.
/Users/zakkeown/.pyenv/versions/3.11.14/lib/python3.11/site-packages/torchaudio/functional/functional.py:581: UserWarning: At least one mel filterbank has all zero values. The value for `n_mels` (128) may be set too high. Or, the value for `n_freqs` (201) may be set too low.
  warnings.warn(
Using 16bit Automatic Mixed Precision (AMP)
GPU available: True (mps), used: True
TPU available: False, using: 0 TPU cores
💡 Tip: For seamless cloud logging and experiment tracking, try installing [litlogger](https://pypi.org/project/litlogger/) to enable LitLogger, which logs metrics and artifacts automatically to the Lightning Experiments platform.
wandb: WARNING The anonymous setting has no effect and will be removed in a future version.
wandb: WARNING `resume` will be ignored since W&B syncing is set to `offline`. Starting a new run with run id 6un17lz3.
wandb: Tracking run with wandb version 0.24.1
wandb: W&B syncing is set to `offline` in this directory. Run `wandb online` or set WANDB_MODE=online to enable cloud syncing.
wandb: Run data is saved locally in wandb/offline-run-20260201_172406-6un17lz3
/Users/zakkeown/.pyenv/versions/3.11.14/lib/python3.11/site-packages/pytorch_lightning/utilities/model_summary/model_summary.py:242: Precision 16-mixed is not supported by the model summary.  Estimated model size in MB will not be accurate. Using 32 bits instead.

  | Name              | Type                          | Params | Mode  | FLOPs
------------------------------------------------------------------------------------
0 | model             | PeftModelForFeatureExtraction | 87.2 M | train | 0    
1 | train_acc         | MulticlassAccuracy            | 0      | train | 0    
2 | val_acc           | MulticlassAccuracy            | 0      | train | 0    
3 | test_acc          | MulticlassAccuracy            | 0      | train | 0    
4 | val_f1            | MulticlassF1Score             | 0      | train | 0    
5 | val_f1_per_class  | MulticlassF1Score             | 0      | train | 0    
6 | val_confusion     | MulticlassConfusionMatrix     | 0      | train | 0    
7 | test_f1           | MulticlassF1Score             | 0      | train | 0    
8 | test_f1_per_class | MulticlassF1Score             | 0      | train | 0    
9 | test_confusion    | MulticlassConfusionMatrix     | 0      | train | 0    
------------------------------------------------------------------------------------
958 K     Trainable params
86.2 M    Non-trainable params
87.2 M    Total params
348.712   Total estimated model params size (MB)
612       Modules in train mode
216       Modules in eval mode
0         Total Flops
LORA applied: 86,219,560 -> 958,464 trainable params
Trainable params reduced to 1.11%

Sanity Checking: |          | 0/? [00:00<?, ?it/s]/Users/zakkeown/.pyenv/versions/3.11.14/lib/python3.11/site-packages/pytorch_lightning/utilities/_pytree.py:21: `isinstance(treespec, LeafSpec)` is deprecated, use `isinstance(treespec, TreeSpec) and treespec.is_leaf()` instead.
/Users/zakkeown/.pyenv/versions/3.11.14/lib/python3.11/site-packages/pytorch_lightning/trainer/connectors/data_connector.py:429: Consider setting `persistent_workers=True` in 'val_dataloader' to speed up the dataloader worker initialization.

Sanity Checking: |          | 0/? [00:00<?, ?it/s]
Sanity Checking DataLoader 0:   0%|          | 0/1 [00:00<?, ?it/s]
Sanity Checking DataLoader 0: 100%|██████████| 1/1 [00:00<00:00,  1.36it/s]
                                                                           /Users/zakkeown/.pyenv/versions/3.11.14/lib/python3.11/site-packages/pytorch_lightning/utilities/_pytree.py:21: `isinstance(treespec, LeafSpec)` is deprecated, use `isinstance(treespec, TreeSpec) and treespec.is_leaf()` instead.
/Users/zakkeown/.pyenv/versions/3.11.14/lib/python3.11/site-packages/pytorch_lightning/trainer/connectors/data_connector.py:429: Consider setting `persistent_workers=True` in 'train_dataloader' to speed up the dataloader worker initialization.

/Users/zakkeown/.pyenv/versions/3.11.14/lib/python3.11/site-packages/pytorch_lightning/loops/fit_loop.py:317: The number of training batches (3) is smaller than the logging interval Trainer(log_every_n_steps=50). Set a lower value for log_every_n_steps if you want to see logs for the training epoch.
/Users/zakkeown/.pyenv/versions/3.11.14/lib/python3.11/site-packages/pytorch_lightning/loops/fit_loop.py:534: Found 216 module(s) in eval mode at the start of training. This may lead to unexpected behavior during training. If this is intentional, you can ignore this warning.

Training: |          | 0/? [00:00<?, ?it/s]
Training: |          | 0/? [00:00<?, ?it/s]
Epoch 0:   0%|          | 0/3 [00:00<?, ?it/s]
Epoch 0:  33%|███▎      | 1/3 [01:02<02:05,  0.02it/s]
Epoch 0:  33%|███▎      | 1/3 [01:03<02:06,  0.02it/s, v_num=7lz3, train/loss=154.0]
Epoch 0:  67%|██████▋   | 2/3 [02:11<01:05,  0.02it/s, v_num=7lz3, train/loss=154.0]
Epoch 0:  67%|██████▋   | 2/3 [02:11<01:05,  0.02it/s, v_num=7lz3, train/loss=155.0]
Epoch 0: 100%|██████████| 3/3 [02:18<00:00,  0.02it/s, v_num=7lz3, train/loss=155.0]
Epoch 0: 100%|██████████| 3/3 [02:18<00:00,  0.02it/s, v_num=7lz3, train/loss=154.0]

Validation: |          | 0/? [00:00<?, ?it/s][A

Validation: |          | 0/? [00:00<?, ?it/s][A

Validation DataLoader 0:   0%|          | 0/1 [00:00<?, ?it/s][A

Validation DataLoader 0: 100%|██████████| 1/1 [00:02<00:00,  0.47it/s][A

                                                                      [A
Epoch 0: 100%|██████████| 3/3 [02:27<00:00,  0.02it/s, v_num=7lz3, train/loss=154.0, val/loss=3.260]
Epoch 0: 100%|██████████| 3/3 [02:27<00:00,  0.02it/s, v_num=7lz3, train/loss=154.0, val/loss=3.260]
Epoch 0:   0%|          | 0/3 [00:00<?, ?it/s, v_num=7lz3, train/loss=154.0, val/loss=3.260]        
