Seed set to 42
[2026-02-01 11:59:32,450][httpx][INFO] - HTTP Request: HEAD https://huggingface.co/microsoft/wavlm-base-plus/resolve/main/config.json "HTTP/1.1 307 Temporary Redirect"
[2026-02-01 11:59:32,485][httpx][INFO] - HTTP Request: HEAD https://huggingface.co/api/resolve-cache/models/microsoft/wavlm-base-plus/4c66d4806a428f2e922ccfa1a962776e232d487b/config.json "HTTP/1.1 200 OK"
[2026-02-01 11:59:32,561][httpx][INFO] - HTTP Request: HEAD https://huggingface.co/microsoft/wavlm-base-plus/resolve/main/config.json "HTTP/1.1 307 Temporary Redirect"
[2026-02-01 11:59:32,596][httpx][INFO] - HTTP Request: HEAD https://huggingface.co/api/resolve-cache/models/microsoft/wavlm-base-plus/4c66d4806a428f2e922ccfa1a962776e232d487b/config.json "HTTP/1.1 200 OK"
You are using a model of type wavlm to instantiate a model of type wav2vec2. This is not supported for all configurations of models and can yield errors.
[2026-02-01 11:59:32,680][httpx][INFO] - HTTP Request: HEAD https://huggingface.co/microsoft/wavlm-base-plus/resolve/main/model.safetensors "HTTP/1.1 404 Not Found"
[2026-02-01 11:59:32,762][httpx][INFO] - HTTP Request: HEAD https://huggingface.co/microsoft/wavlm-base-plus/resolve/main/model.safetensors.index.json "HTTP/1.1 404 Not Found"
[2026-02-01 11:59:32,838][httpx][INFO] - HTTP Request: HEAD https://huggingface.co/microsoft/wavlm-base-plus/resolve/main/pytorch_model.bin "HTTP/1.1 302 Found"
[2026-02-01 11:59:32,920][httpx][INFO] - HTTP Request: HEAD https://huggingface.co/microsoft/wavlm-base-plus/resolve/main/model.safetensors "HTTP/1.1 404 Not Found"

Loading weights:   0%|          | 0/211 [00:00<?, ?it/s]
Loading weights:   0%|          | 1/211 [00:00<00:00, 4161.02it/s, Materializing param=encoder.layer_norm.bias]
Loading weights:   0%|          | 1/211 [00:00<00:00, 3446.43it/s, Materializing param=encoder.layer_norm.bias]
Loading weights:   1%|          | 2/211 [00:00<00:00, 2580.32it/s, Materializing param=encoder.layer_norm.weight]
Loading weights:   1%|          | 2/211 [00:00<00:00, 2423.75it/s, Materializing param=encoder.layer_norm.weight]
Loading weights:   1%|▏         | 3/211 [00:00<00:00, 3267.44it/s, Materializing param=encoder.layers.0.attention.k_proj.bias]
Loading weights:   1%|▏         | 3/211 [00:00<00:00, 3144.16it/s, Materializing param=encoder.layers.0.attention.k_proj.bias]
Loading weights:   2%|▏         | 4/211 [00:00<00:00, 3808.68it/s, Materializing param=encoder.layers.0.attention.k_proj.weight]
Loading weights:   2%|▏         | 4/211 [00:00<00:00, 3652.78it/s, Materializing param=encoder.layers.0.attention.k_proj.weight]
Loading weights:   2%|▏         | 5/211 [00:00<00:00, 4265.97it/s, Materializing param=encoder.layers.0.attention.out_proj.bias]
Loading weights:   2%|▏         | 5/211 [00:00<00:00, 4156.07it/s, Materializing param=encoder.layers.0.attention.out_proj.bias]
Loading weights:   3%|▎         | 6/211 [00:00<00:00, 4622.67it/s, Materializing param=encoder.layers.0.attention.out_proj.weight]
Loading weights:   3%|▎         | 6/211 [00:00<00:00, 4531.12it/s, Materializing param=encoder.layers.0.attention.out_proj.weight]
Loading weights:   3%|▎         | 7/211 [00:00<00:00, 5086.65it/s, Materializing param=encoder.layers.0.attention.q_proj.bias]    
Loading weights:   3%|▎         | 7/211 [00:00<00:00, 4995.77it/s, Materializing param=encoder.layers.0.attention.q_proj.bias]
Loading weights:   4%|▍         | 8/211 [00:00<00:00, 5167.79it/s, Materializing param=encoder.layers.0.attention.q_proj.weight]
Loading weights:   4%|▍         | 8/211 [00:00<00:00, 5069.41it/s, Materializing param=encoder.layers.0.attention.q_proj.weight]
Loading weights:   4%|▍         | 9/211 [00:00<00:00, 5440.87it/s, Materializing param=encoder.layers.0.attention.v_proj.bias]  
Loading weights:   4%|▍         | 9/211 [00:00<00:00, 5369.66it/s, Materializing param=encoder.layers.0.attention.v_proj.bias]
Loading weights:   5%|▍         | 10/211 [00:00<00:00, 5797.24it/s, Materializing param=encoder.layers.0.attention.v_proj.weight]
Loading weights:   5%|▍         | 10/211 [00:00<00:00, 5727.58it/s, Materializing param=encoder.layers.0.attention.v_proj.weight]
Loading weights:   5%|▌         | 11/211 [00:00<00:00, 6118.20it/s, Materializing param=encoder.layers.0.feed_forward.intermediate_dense.bias]
Loading weights:   5%|▌         | 11/211 [00:00<00:00, 6013.73it/s, Materializing param=encoder.layers.0.feed_forward.intermediate_dense.bias]
Loading weights:   6%|▌         | 12/211 [00:00<00:00, 6410.04it/s, Materializing param=encoder.layers.0.feed_forward.intermediate_dense.weight]
Loading weights:   6%|▌         | 12/211 [00:00<00:00, 6342.19it/s, Materializing param=encoder.layers.0.feed_forward.intermediate_dense.weight]
Loading weights:   6%|▌         | 13/211 [00:00<00:00, 6679.65it/s, Materializing param=encoder.layers.0.feed_forward.output_dense.bias]        
Loading weights:   6%|▌         | 13/211 [00:00<00:00, 6565.44it/s, Materializing param=encoder.layers.0.feed_forward.output_dense.bias]
Loading weights:   7%|▋         | 14/211 [00:00<00:00, 6888.81it/s, Materializing param=encoder.layers.0.feed_forward.output_dense.weight]
Loading weights:   7%|▋         | 14/211 [00:00<00:00, 6825.56it/s, Materializing param=encoder.layers.0.feed_forward.output_dense.weight]
Loading weights:   7%|▋         | 15/211 [00:00<00:00, 7173.02it/s, Materializing param=encoder.layers.0.final_layer_norm.bias]           
Loading weights:   7%|▋         | 15/211 [00:00<00:00, 7101.77it/s, Materializing param=encoder.layers.0.final_layer_norm.bias]
Loading weights:   8%|▊         | 16/211 [00:00<00:00, 7448.26it/s, Materializing param=encoder.layers.0.final_layer_norm.weight]
Loading weights:   8%|▊         | 16/211 [00:00<00:00, 7382.71it/s, Materializing param=encoder.layers.0.final_layer_norm.weight]
Loading weights:   8%|▊         | 17/211 [00:00<00:00, 7713.45it/s, Materializing param=encoder.layers.0.layer_norm.bias]        
Loading weights:   8%|▊         | 17/211 [00:00<00:00, 7646.45it/s, Materializing param=encoder.layers.0.layer_norm.bias]
Loading weights:   9%|▊         | 18/211 [00:00<00:00, 7918.76it/s, Materializing param=encoder.layers.0.layer_norm.weight]
Loading weights:   9%|▊         | 18/211 [00:00<00:00, 7852.87it/s, Materializing param=encoder.layers.0.layer_norm.weight]
Loading weights:   9%|▉         | 19/211 [00:00<00:00, 8095.47it/s, Materializing param=encoder.layers.1.attention.k_proj.bias]
Loading weights:   9%|▉         | 19/211 [00:00<00:00, 8030.21it/s, Materializing param=encoder.layers.1.attention.k_proj.bias]
Loading weights:   9%|▉         | 20/211 [00:00<00:00, 8305.55it/s, Materializing param=encoder.layers.1.attention.k_proj.weight]
Loading weights:   9%|▉         | 20/211 [00:00<00:00, 8233.81it/s, Materializing param=encoder.layers.1.attention.k_proj.weight]
Loading weights:  10%|▉         | 21/211 [00:00<00:00, 8504.43it/s, Materializing param=encoder.layers.1.attention.out_proj.bias]
Loading weights:  10%|▉         | 21/211 [00:00<00:00, 8436.82it/s, Materializing param=encoder.layers.1.attention.out_proj.bias]
Loading weights:  10%|█         | 22/211 [00:00<00:00, 8684.68it/s, Materializing param=encoder.layers.1.attention.out_proj.weight]
Loading weights:  10%|█         | 22/211 [00:00<00:00, 8606.91it/s, Materializing param=encoder.layers.1.attention.out_proj.weight]
Loading weights:  11%|█         | 23/211 [00:00<00:00, 8859.31it/s, Materializing param=encoder.layers.1.attention.q_proj.bias]    
Loading weights:  11%|█         | 23/211 [00:00<00:00, 8791.49it/s, Materializing param=encoder.layers.1.attention.q_proj.bias]
Loading weights:  11%|█▏        | 24/211 [00:00<00:00, 9036.20it/s, Materializing param=encoder.layers.1.attention.q_proj.weight]
Loading weights:  11%|█▏        | 24/211 [00:00<00:00, 8968.58it/s, Materializing param=encoder.layers.1.attention.q_proj.weight]
Loading weights:  12%|█▏        | 25/211 [00:00<00:00, 9210.96it/s, Materializing param=encoder.layers.1.attention.v_proj.bias]  
Loading weights:  12%|█▏        | 25/211 [00:00<00:00, 9143.49it/s, Materializing param=encoder.layers.1.attention.v_proj.bias]
Loading weights:  12%|█▏        | 26/211 [00:00<00:00, 9379.20it/s, Materializing param=encoder.layers.1.attention.v_proj.weight]
Loading weights:  12%|█▏        | 26/211 [00:00<00:00, 9311.92it/s, Materializing param=encoder.layers.1.attention.v_proj.weight]
Loading weights:  13%|█▎        | 27/211 [00:00<00:00, 9520.49it/s, Materializing param=encoder.layers.1.feed_forward.intermediate_dense.bias]
Loading weights:  13%|█▎        | 27/211 [00:00<00:00, 9460.84it/s, Materializing param=encoder.layers.1.feed_forward.intermediate_dense.bias]
Loading weights:  13%|█▎        | 28/211 [00:00<00:00, 9668.27it/s, Materializing param=encoder.layers.1.feed_forward.intermediate_dense.weight]
Loading weights:  13%|█▎        | 28/211 [00:00<00:00, 9597.95it/s, Materializing param=encoder.layers.1.feed_forward.intermediate_dense.weight]
Loading weights:  14%|█▎        | 29/211 [00:00<00:00, 9747.94it/s, Materializing param=encoder.layers.1.feed_forward.output_dense.bias]        
Loading weights:  14%|█▎        | 29/211 [00:00<00:00, 9689.70it/s, Materializing param=encoder.layers.1.feed_forward.output_dense.bias]
Loading weights:  14%|█▍        | 30/211 [00:00<00:00, 9838.86it/s, Materializing param=encoder.layers.1.feed_forward.output_dense.weight]
Loading weights:  14%|█▍        | 30/211 [00:00<00:00, 9778.45it/s, Materializing param=encoder.layers.1.feed_forward.output_dense.weight]
Loading weights:  15%|█▍        | 31/211 [00:00<00:00, 9970.36it/s, Materializing param=encoder.layers.1.final_layer_norm.bias]           
Loading weights:  15%|█▍        | 31/211 [00:00<00:00, 9906.55it/s, Materializing param=encoder.layers.1.final_layer_norm.bias]
Loading weights:  15%|█▌        | 32/211 [00:00<00:00, 10062.81it/s, Materializing param=encoder.layers.1.final_layer_norm.weight]
Loading weights:  15%|█▌        | 32/211 [00:00<00:00, 10002.81it/s, Materializing param=encoder.layers.1.final_layer_norm.weight]
Loading weights:  16%|█▌        | 33/211 [00:00<00:00, 10175.11it/s, Materializing param=encoder.layers.1.layer_norm.bias]        
Loading weights:  16%|█▌        | 33/211 [00:00<00:00, 10116.36it/s, Materializing param=encoder.layers.1.layer_norm.bias]
Loading weights:  16%|█▌        | 34/211 [00:00<00:00, 10299.46it/s, Materializing param=encoder.layers.1.layer_norm.weight]
Loading weights:  16%|█▌        | 34/211 [00:00<00:00, 10237.35it/s, Materializing param=encoder.layers.1.layer_norm.weight]
Loading weights:  17%|█▋        | 35/211 [00:00<00:00, 10422.48it/s, Materializing param=encoder.layers.2.attention.k_proj.bias]
Loading weights:  17%|█▋        | 35/211 [00:00<00:00, 10361.42it/s, Materializing param=encoder.layers.2.attention.k_proj.bias]
Loading weights:  17%|█▋        | 36/211 [00:00<00:00, 10534.78it/s, Materializing param=encoder.layers.2.attention.k_proj.weight]
Loading weights:  17%|█▋        | 36/211 [00:00<00:00, 10474.12it/s, Materializing param=encoder.layers.2.attention.k_proj.weight]
Loading weights:  18%|█▊        | 37/211 [00:00<00:00, 10634.50it/s, Materializing param=encoder.layers.2.attention.out_proj.bias]
Loading weights:  18%|█▊        | 37/211 [00:00<00:00, 10577.24it/s, Materializing param=encoder.layers.2.attention.out_proj.bias]
Loading weights:  18%|█▊        | 38/211 [00:00<00:00, 10722.07it/s, Materializing param=encoder.layers.2.attention.out_proj.weight]
Loading weights:  18%|█▊        | 38/211 [00:00<00:00, 10668.24it/s, Materializing param=encoder.layers.2.attention.out_proj.weight]
Loading weights:  18%|█▊        | 39/211 [00:00<00:00, 10821.50it/s, Materializing param=encoder.layers.2.attention.q_proj.bias]    
Loading weights:  18%|█▊        | 39/211 [00:00<00:00, 10761.70it/s, Materializing param=encoder.layers.2.attention.q_proj.bias]
Loading weights:  19%|█▉        | 40/211 [00:00<00:00, 10919.11it/s, Materializing param=encoder.layers.2.attention.q_proj.weight]
Loading weights:  19%|█▉        | 40/211 [00:00<00:00, 10860.45it/s, Materializing param=encoder.layers.2.attention.q_proj.weight]
Loading weights:  19%|█▉        | 41/211 [00:00<00:00, 11018.55it/s, Materializing param=encoder.layers.2.attention.v_proj.bias]  
Loading weights:  19%|█▉        | 41/211 [00:00<00:00, 10959.56it/s, Materializing param=encoder.layers.2.attention.v_proj.bias]
Loading weights:  20%|█▉        | 42/211 [00:00<00:00, 11122.66it/s, Materializing param=encoder.layers.2.attention.v_proj.weight]
Loading weights:  20%|█▉        | 42/211 [00:00<00:00, 11073.03it/s, Materializing param=encoder.layers.2.attention.v_proj.weight]
Loading weights:  20%|██        | 43/211 [00:00<00:00, 11203.57it/s, Materializing param=encoder.layers.2.feed_forward.intermediate_dense.bias]
Loading weights:  20%|██        | 43/211 [00:00<00:00, 11151.62it/s, Materializing param=encoder.layers.2.feed_forward.intermediate_dense.bias]
Loading weights:  21%|██        | 44/211 [00:00<00:00, 11264.00it/s, Materializing param=encoder.layers.2.feed_forward.intermediate_dense.weight]
Loading weights:  21%|██        | 44/211 [00:00<00:00, 11209.95it/s, Materializing param=encoder.layers.2.feed_forward.intermediate_dense.weight]
Loading weights:  21%|██▏       | 45/211 [00:00<00:00, 11369.42it/s, Materializing param=encoder.layers.2.feed_forward.output_dense.bias]        
Loading weights:  21%|██▏       | 45/211 [00:00<00:00, 11317.60it/s, Materializing param=encoder.layers.2.feed_forward.output_dense.bias]
Loading weights:  22%|██▏       | 46/211 [00:00<00:00, 11456.44it/s, Materializing param=encoder.layers.2.feed_forward.output_dense.weight]
Loading weights:  22%|██▏       | 46/211 [00:00<00:00, 11405.65it/s, Materializing param=encoder.layers.2.feed_forward.output_dense.weight]
Loading weights:  22%|██▏       | 47/211 [00:00<00:00, 11524.83it/s, Materializing param=encoder.layers.2.final_layer_norm.bias]           
Loading weights:  22%|██▏       | 47/211 [00:00<00:00, 11474.52it/s, Materializing param=encoder.layers.2.final_layer_norm.bias]
Loading weights:  23%|██▎       | 48/211 [00:00<00:00, 11630.65it/s, Materializing param=encoder.layers.2.final_layer_norm.weight]
Loading weights:  23%|██▎       | 48/211 [00:00<00:00, 11580.48it/s, Materializing param=encoder.layers.2.final_layer_norm.weight]
Loading weights:  23%|██▎       | 49/211 [00:00<00:00, 11730.64it/s, Materializing param=encoder.layers.2.layer_norm.bias]        
Loading weights:  23%|██▎       | 49/211 [00:00<00:00, 11683.30it/s, Materializing param=encoder.layers.2.layer_norm.bias]
Loading weights:  24%|██▎       | 50/211 [00:00<00:00, 11802.97it/s, Materializing param=encoder.layers.2.layer_norm.weight]
Loading weights:  24%|██▎       | 50/211 [00:00<00:00, 11756.65it/s, Materializing param=encoder.layers.2.layer_norm.weight]
Loading weights:  24%|██▍       | 51/211 [00:00<00:00, 11907.68it/s, Materializing param=encoder.layers.3.attention.k_proj.bias]
Loading weights:  24%|██▍       | 51/211 [00:00<00:00, 11857.51it/s, Materializing param=encoder.layers.3.attention.k_proj.bias]
Loading weights:  25%|██▍       | 52/211 [00:00<00:00, 11994.93it/s, Materializing param=encoder.layers.3.attention.k_proj.weight]
Loading weights:  25%|██▍       | 52/211 [00:00<00:00, 11945.66it/s, Materializing param=encoder.layers.3.attention.k_proj.weight]
Loading weights:  25%|██▌       | 53/211 [00:00<00:00, 12078.14it/s, Materializing param=encoder.layers.3.attention.out_proj.bias]
Loading weights:  25%|██▌       | 53/211 [00:00<00:00, 12028.47it/s, Materializing param=encoder.layers.3.attention.out_proj.bias]
Loading weights:  26%|██▌       | 54/211 [00:00<00:00, 12170.47it/s, Materializing param=encoder.layers.3.attention.out_proj.weight]
Loading weights:  26%|██▌       | 54/211 [00:00<00:00, 12120.97it/s, Materializing param=encoder.layers.3.attention.out_proj.weight]
Loading weights:  26%|██▌       | 55/211 [00:00<00:00, 12230.24it/s, Materializing param=encoder.layers.3.attention.q_proj.bias]    
Loading weights:  26%|██▌       | 55/211 [00:00<00:00, 12181.16it/s, Materializing param=encoder.layers.3.attention.q_proj.bias]
Loading weights:  27%|██▋       | 56/211 [00:00<00:00, 12309.68it/s, Materializing param=encoder.layers.3.attention.q_proj.weight]
Loading weights:  27%|██▋       | 56/211 [00:00<00:00, 12264.05it/s, Materializing param=encoder.layers.3.attention.q_proj.weight]
Loading weights:  27%|██▋       | 57/211 [00:00<00:00, 12396.31it/s, Materializing param=encoder.layers.3.attention.v_proj.bias]  
Loading weights:  27%|██▋       | 57/211 [00:00<00:00, 12348.29it/s, Materializing param=encoder.layers.3.attention.v_proj.bias]
Loading weights:  27%|██▋       | 58/211 [00:00<00:00, 12467.69it/s, Materializing param=encoder.layers.3.attention.v_proj.weight]
Loading weights:  27%|██▋       | 58/211 [00:00<00:00, 12411.72it/s, Materializing param=encoder.layers.3.attention.v_proj.weight]
Loading weights:  28%|██▊       | 59/211 [00:00<00:00, 12405.45it/s, Materializing param=encoder.layers.3.feed_forward.intermediate_dense.bias]
Loading weights:  28%|██▊       | 59/211 [00:00<00:00, 12296.96it/s, Materializing param=encoder.layers.3.feed_forward.intermediate_dense.bias]
Loading weights:  28%|██▊       | 60/211 [00:00<00:00, 12348.29it/s, Materializing param=encoder.layers.3.feed_forward.intermediate_dense.weight]
Loading weights:  28%|██▊       | 60/211 [00:00<00:00, 12285.00it/s, Materializing param=encoder.layers.3.feed_forward.intermediate_dense.weight]
Loading weights:  29%|██▉       | 61/211 [00:00<00:00, 12377.97it/s, Materializing param=encoder.layers.3.feed_forward.output_dense.bias]        
Loading weights:  29%|██▉       | 61/211 [00:00<00:00, 12325.49it/s, Materializing param=encoder.layers.3.feed_forward.output_dense.bias]
Loading weights:  29%|██▉       | 62/211 [00:00<00:00, 12432.32it/s, Materializing param=encoder.layers.3.feed_forward.output_dense.weight]
Loading weights:  29%|██▉       | 62/211 [00:00<00:00, 12382.00it/s, Materializing param=encoder.layers.3.feed_forward.output_dense.weight]
Loading weights:  30%|██▉       | 63/211 [00:00<00:00, 12494.85it/s, Materializing param=encoder.layers.3.final_layer_norm.bias]           
Loading weights:  30%|██▉       | 63/211 [00:00<00:00, 12450.11it/s, Materializing param=encoder.layers.3.final_layer_norm.bias]
Loading weights:  30%|███       | 64/211 [00:00<00:00, 12556.03it/s, Materializing param=encoder.layers.3.final_layer_norm.weight]
Loading weights:  30%|███       | 64/211 [00:00<00:00, 12502.23it/s, Materializing param=encoder.layers.3.final_layer_norm.weight]
Loading weights:  31%|███       | 65/211 [00:00<00:00, 12611.24it/s, Materializing param=encoder.layers.3.layer_norm.bias]        
Loading weights:  31%|███       | 65/211 [00:00<00:00, 12567.64it/s, Materializing param=encoder.layers.3.layer_norm.bias]
Loading weights:  31%|███▏      | 66/211 [00:00<00:00, 12679.74it/s, Materializing param=encoder.layers.3.layer_norm.weight]
Loading weights:  31%|███▏      | 66/211 [00:00<00:00, 12636.33it/s, Materializing param=encoder.layers.3.layer_norm.weight]
Loading weights:  32%|███▏      | 67/211 [00:00<00:00, 12742.29it/s, Materializing param=encoder.layers.4.attention.k_proj.bias]
Loading weights:  32%|███▏      | 67/211 [00:00<00:00, 12699.10it/s, Materializing param=encoder.layers.4.attention.k_proj.bias]
Loading weights:  32%|███▏      | 68/211 [00:00<00:00, 12793.82it/s, Materializing param=encoder.layers.4.attention.k_proj.weight]
Loading weights:  32%|███▏      | 68/211 [00:00<00:00, 12750.35it/s, Materializing param=encoder.layers.4.attention.k_proj.weight]
Loading weights:  33%|███▎      | 69/211 [00:00<00:00, 12860.82it/s, Materializing param=encoder.layers.4.attention.out_proj.bias]
Loading weights:  33%|███▎      | 69/211 [00:00<00:00, 12818.10it/s, Materializing param=encoder.layers.4.attention.out_proj.bias]
Loading weights:  33%|███▎      | 70/211 [00:00<00:00, 12924.87it/s, Materializing param=encoder.layers.4.attention.out_proj.weight]
Loading weights:  33%|███▎      | 70/211 [00:00<00:00, 12881.20it/s, Materializing param=encoder.layers.4.attention.out_proj.weight]
Loading weights:  34%|███▎      | 71/211 [00:00<00:00, 12982.06it/s, Materializing param=encoder.layers.4.attention.q_proj.bias]    
Loading weights:  34%|███▎      | 71/211 [00:00<00:00, 12936.95it/s, Materializing param=encoder.layers.4.attention.q_proj.bias]
Loading weights:  34%|███▍      | 72/211 [00:00<00:00, 13007.83it/s, Materializing param=encoder.layers.4.attention.q_proj.weight]
Loading weights:  34%|███▍      | 72/211 [00:00<00:00, 12963.72it/s, Materializing param=encoder.layers.4.attention.q_proj.weight]
Loading weights:  35%|███▍      | 73/211 [00:00<00:00, 13014.72it/s, Materializing param=encoder.layers.4.attention.v_proj.bias]  
Loading weights:  35%|███▍      | 73/211 [00:00<00:00, 12973.36it/s, Materializing param=encoder.layers.4.attention.v_proj.bias]
Loading weights:  35%|███▌      | 74/211 [00:00<00:00, 13055.38it/s, Materializing param=encoder.layers.4.attention.v_proj.weight]
Loading weights:  35%|███▌      | 74/211 [00:00<00:00, 13014.32it/s, Materializing param=encoder.layers.4.attention.v_proj.weight]
Loading weights:  36%|███▌      | 75/211 [00:00<00:00, 13118.68it/s, Materializing param=encoder.layers.4.feed_forward.intermediate_dense.bias]
Loading weights:  36%|███▌      | 75/211 [00:00<00:00, 13077.78it/s, Materializing param=encoder.layers.4.feed_forward.intermediate_dense.bias]
Loading weights:  36%|███▌      | 76/211 [00:00<00:00, 13166.75it/s, Materializing param=encoder.layers.4.feed_forward.intermediate_dense.weight]
Loading weights:  36%|███▌      | 76/211 [00:00<00:00, 13126.09it/s, Materializing param=encoder.layers.4.feed_forward.intermediate_dense.weight]
Loading weights:  36%|███▋      | 77/211 [00:00<00:00, 13225.82it/s, Materializing param=encoder.layers.4.feed_forward.output_dense.bias]        
Loading weights:  36%|███▋      | 77/211 [00:00<00:00, 13186.94it/s, Materializing param=encoder.layers.4.feed_forward.output_dense.bias]
Loading weights:  37%|███▋      | 78/211 [00:00<00:00, 13284.97it/s, Materializing param=encoder.layers.4.feed_forward.output_dense.weight]
Loading weights:  37%|███▋      | 78/211 [00:00<00:00, 13244.63it/s, Materializing param=encoder.layers.4.feed_forward.output_dense.weight]
Loading weights:  37%|███▋      | 79/211 [00:00<00:00, 13346.90it/s, Materializing param=encoder.layers.4.final_layer_norm.bias]           
Loading weights:  37%|███▋      | 79/211 [00:00<00:00, 13306.70it/s, Materializing param=encoder.layers.4.final_layer_norm.bias]
Loading weights:  38%|███▊      | 80/211 [00:00<00:00, 13398.19it/s, Materializing param=encoder.layers.4.final_layer_norm.weight]
Loading weights:  38%|███▊      | 80/211 [00:00<00:00, 13359.78it/s, Materializing param=encoder.layers.4.final_layer_norm.weight]
Loading weights:  38%|███▊      | 81/211 [00:00<00:00, 13457.13it/s, Materializing param=encoder.layers.4.layer_norm.bias]        
Loading weights:  38%|███▊      | 81/211 [00:00<00:00, 13419.39it/s, Materializing param=encoder.layers.4.layer_norm.bias]
Loading weights:  39%|███▉      | 82/211 [00:00<00:00, 13498.15it/s, Materializing param=encoder.layers.4.layer_norm.weight]
Loading weights:  39%|███▉      | 82/211 [00:00<00:00, 13460.12it/s, Materializing param=encoder.layers.4.layer_norm.weight]
Loading weights:  39%|███▉      | 83/211 [00:00<00:00, 13550.55it/s, Materializing param=encoder.layers.5.attention.k_proj.bias]
Loading weights:  39%|███▉      | 83/211 [00:00<00:00, 13513.21it/s, Materializing param=encoder.layers.5.attention.k_proj.bias]
Loading weights:  40%|███▉      | 84/211 [00:00<00:00, 13603.15it/s, Materializing param=encoder.layers.5.attention.k_proj.weight]
Loading weights:  40%|███▉      | 84/211 [00:00<00:00, 13563.87it/s, Materializing param=encoder.layers.5.attention.k_proj.weight]
Loading weights:  40%|████      | 85/211 [00:00<00:00, 13650.20it/s, Materializing param=encoder.layers.5.attention.out_proj.bias]
Loading weights:  40%|████      | 85/211 [00:00<00:00, 13612.67it/s, Materializing param=encoder.layers.5.attention.out_proj.bias]
Loading weights:  41%|████      | 86/211 [00:00<00:00, 13696.47it/s, Materializing param=encoder.layers.5.attention.out_proj.weight]
Loading weights:  41%|████      | 86/211 [00:00<00:00, 13659.12it/s, Materializing param=encoder.layers.5.attention.out_proj.weight]
Loading weights:  41%|████      | 87/211 [00:00<00:00, 13716.15it/s, Materializing param=encoder.layers.5.attention.q_proj.bias]    
Loading weights:  41%|████      | 87/211 [00:00<00:00, 13679.13it/s, Materializing param=encoder.layers.5.attention.q_proj.bias]
Loading weights:  42%|████▏     | 88/211 [00:00<00:00, 13769.26it/s, Materializing param=encoder.layers.5.attention.q_proj.weight]
Loading weights:  42%|████▏     | 88/211 [00:00<00:00, 13732.89it/s, Materializing param=encoder.layers.5.attention.q_proj.weight]
Loading weights:  42%|████▏     | 89/211 [00:00<00:00, 13813.39it/s, Materializing param=encoder.layers.5.attention.v_proj.bias]  
Loading weights:  42%|████▏     | 89/211 [00:00<00:00, 13777.19it/s, Materializing param=encoder.layers.5.attention.v_proj.bias]
Loading weights:  43%|████▎     | 90/211 [00:00<00:00, 13860.89it/s, Materializing param=encoder.layers.5.attention.v_proj.weight]
Loading weights:  43%|████▎     | 90/211 [00:00<00:00, 13826.87it/s, Materializing param=encoder.layers.5.attention.v_proj.weight]
Loading weights:  43%|████▎     | 91/211 [00:00<00:00, 13914.25it/s, Materializing param=encoder.layers.5.feed_forward.intermediate_dense.bias]
Loading weights:  43%|████▎     | 91/211 [00:00<00:00, 13878.32it/s, Materializing param=encoder.layers.5.feed_forward.intermediate_dense.bias]
Loading weights:  44%|████▎     | 92/211 [00:00<00:00, 13962.80it/s, Materializing param=encoder.layers.5.feed_forward.intermediate_dense.weight]
Loading weights:  44%|████▎     | 92/211 [00:00<00:00, 13926.52it/s, Materializing param=encoder.layers.5.feed_forward.intermediate_dense.weight]
Loading weights:  44%|████▍     | 93/211 [00:00<00:00, 14005.61it/s, Materializing param=encoder.layers.5.feed_forward.output_dense.bias]        
Loading weights:  44%|████▍     | 93/211 [00:00<00:00, 13970.00it/s, Materializing param=encoder.layers.5.feed_forward.output_dense.bias]
Loading weights:  45%|████▍     | 94/211 [00:00<00:00, 14033.76it/s, Materializing param=encoder.layers.5.feed_forward.output_dense.weight]
Loading weights:  45%|████▍     | 94/211 [00:00<00:00, 13996.40it/s, Materializing param=encoder.layers.5.feed_forward.output_dense.weight]
Loading weights:  45%|████▌     | 95/211 [00:00<00:00, 14080.32it/s, Materializing param=encoder.layers.5.final_layer_norm.bias]           
Loading weights:  45%|████▌     | 95/211 [00:00<00:00, 14044.58it/s, Materializing param=encoder.layers.5.final_layer_norm.bias]
Loading weights:  45%|████▌     | 96/211 [00:00<00:00, 14132.15it/s, Materializing param=encoder.layers.5.final_layer_norm.weight]
Loading weights:  45%|████▌     | 96/211 [00:00<00:00, 14096.53it/s, Materializing param=encoder.layers.5.final_layer_norm.weight]
Loading weights:  46%|████▌     | 97/211 [00:00<00:00, 14172.91it/s, Materializing param=encoder.layers.5.layer_norm.bias]        
Loading weights:  46%|████▌     | 97/211 [00:00<00:00, 14137.45it/s, Materializing param=encoder.layers.5.layer_norm.bias]
Loading weights:  46%|████▋     | 98/211 [00:00<00:00, 14212.57it/s, Materializing param=encoder.layers.5.layer_norm.weight]
Loading weights:  46%|████▋     | 98/211 [00:00<00:00, 14178.26it/s, Materializing param=encoder.layers.5.layer_norm.weight]
Loading weights:  47%|████▋     | 99/211 [00:00<00:00, 14252.63it/s, Materializing param=encoder.layers.6.attention.k_proj.bias]
Loading weights:  47%|████▋     | 99/211 [00:00<00:00, 14213.60it/s, Materializing param=encoder.layers.6.attention.k_proj.bias]
Loading weights:  47%|████▋     | 100/211 [00:00<00:00, 14258.58it/s, Materializing param=encoder.layers.6.attention.k_proj.weight]
Loading weights:  47%|████▋     | 100/211 [00:00<00:00, 14220.39it/s, Materializing param=encoder.layers.6.attention.k_proj.weight]
Loading weights:  48%|████▊     | 101/211 [00:00<00:00, 14255.30it/s, Materializing param=encoder.layers.6.attention.out_proj.bias]
Loading weights:  48%|████▊     | 101/211 [00:00<00:00, 14221.32it/s, Materializing param=encoder.layers.6.attention.out_proj.bias]
Loading weights:  48%|████▊     | 102/211 [00:00<00:00, 14273.48it/s, Materializing param=encoder.layers.6.attention.out_proj.weight]
Loading weights:  48%|████▊     | 102/211 [00:00<00:00, 14239.75it/s, Materializing param=encoder.layers.6.attention.out_proj.weight]
Loading weights:  49%|████▉     | 103/211 [00:00<00:00, 14313.61it/s, Materializing param=encoder.layers.6.attention.q_proj.bias]    
Loading weights:  49%|████▉     | 103/211 [00:00<00:00, 14279.54it/s, Materializing param=encoder.layers.6.attention.q_proj.bias]
Loading weights:  49%|████▉     | 104/211 [00:00<00:00, 14352.24it/s, Materializing param=encoder.layers.6.attention.q_proj.weight]
Loading weights:  49%|████▉     | 104/211 [00:00<00:00, 14316.91it/s, Materializing param=encoder.layers.6.attention.q_proj.weight]
Loading weights:  50%|████▉     | 105/211 [00:00<00:00, 14395.51it/s, Materializing param=encoder.layers.6.attention.v_proj.bias]  
Loading weights:  50%|████▉     | 105/211 [00:00<00:00, 14359.84it/s, Materializing param=encoder.layers.6.attention.v_proj.bias]
Loading weights:  50%|█████     | 106/211 [00:00<00:00, 14407.81it/s, Materializing param=encoder.layers.6.attention.v_proj.weight]
Loading weights:  50%|█████     | 106/211 [00:00<00:00, 14369.16it/s, Materializing param=encoder.layers.6.attention.v_proj.weight]
Loading weights:  51%|█████     | 107/211 [00:00<00:00, 14433.81it/s, Materializing param=encoder.layers.6.feed_forward.intermediate_dense.bias]
Loading weights:  51%|█████     | 107/211 [00:00<00:00, 14393.08it/s, Materializing param=encoder.layers.6.feed_forward.intermediate_dense.bias]
Loading weights:  51%|█████     | 108/211 [00:00<00:00, 14444.21it/s, Materializing param=encoder.layers.6.feed_forward.intermediate_dense.weight]
Loading weights:  51%|█████     | 108/211 [00:00<00:00, 14405.62it/s, Materializing param=encoder.layers.6.feed_forward.intermediate_dense.weight]
Loading weights:  52%|█████▏    | 109/211 [00:00<00:00, 14467.24it/s, Materializing param=encoder.layers.6.feed_forward.output_dense.bias]        
Loading weights:  52%|█████▏    | 109/211 [00:00<00:00, 14429.34it/s, Materializing param=encoder.layers.6.feed_forward.output_dense.bias]
Loading weights:  52%|█████▏    | 110/211 [00:00<00:00, 14489.01it/s, Materializing param=encoder.layers.6.feed_forward.output_dense.weight]
Loading weights:  52%|█████▏    | 110/211 [00:00<00:00, 14450.89it/s, Materializing param=encoder.layers.6.feed_forward.output_dense.weight]
Loading weights:  53%|█████▎    | 111/211 [00:00<00:00, 14492.38it/s, Materializing param=encoder.layers.6.final_layer_norm.bias]           
Loading weights:  53%|█████▎    | 111/211 [00:00<00:00, 14458.63it/s, Materializing param=encoder.layers.6.final_layer_norm.bias]
Loading weights:  53%|█████▎    | 112/211 [00:00<00:00, 14520.79it/s, Materializing param=encoder.layers.6.final_layer_norm.weight]
Loading weights:  53%|█████▎    | 112/211 [00:00<00:00, 14483.18it/s, Materializing param=encoder.layers.6.final_layer_norm.weight]
Loading weights:  54%|█████▎    | 113/211 [00:00<00:00, 14546.57it/s, Materializing param=encoder.layers.6.layer_norm.bias]        
Loading weights:  54%|█████▎    | 113/211 [00:00<00:00, 14509.16it/s, Materializing param=encoder.layers.6.layer_norm.bias]
Loading weights:  54%|█████▍    | 114/211 [00:00<00:00, 14575.99it/s, Materializing param=encoder.layers.6.layer_norm.weight]
Loading weights:  54%|█████▍    | 114/211 [00:00<00:00, 14544.51it/s, Materializing param=encoder.layers.6.layer_norm.weight]
Loading weights:  55%|█████▍    | 115/211 [00:00<00:00, 14593.96it/s, Materializing param=encoder.layers.7.attention.k_proj.bias]
Loading weights:  55%|█████▍    | 115/211 [00:00<00:00, 14562.24it/s, Materializing param=encoder.layers.7.attention.k_proj.bias]
Loading weights:  55%|█████▍    | 116/211 [00:00<00:00, 14622.64it/s, Materializing param=encoder.layers.7.attention.k_proj.weight]
Loading weights:  55%|█████▍    | 116/211 [00:00<00:00, 14585.82it/s, Materializing param=encoder.layers.7.attention.k_proj.weight]
Loading weights:  55%|█████▌    | 117/211 [00:00<00:00, 14641.33it/s, Materializing param=encoder.layers.7.attention.out_proj.bias]
Loading weights:  55%|█████▌    | 117/211 [00:00<00:00, 14604.73it/s, Materializing param=encoder.layers.7.attention.out_proj.bias]
Loading weights:  56%|█████▌    | 118/211 [00:00<00:00, 14628.99it/s, Materializing param=encoder.layers.7.attention.out_proj.weight]
Loading weights:  56%|█████▌    | 118/211 [00:00<00:00, 14596.63it/s, Materializing param=encoder.layers.7.attention.out_proj.weight]
Loading weights:  56%|█████▋    | 119/211 [00:00<00:00, 14651.19it/s, Materializing param=encoder.layers.7.attention.q_proj.bias]    
Loading weights:  56%|█████▋    | 119/211 [00:00<00:00, 14617.30it/s, Materializing param=encoder.layers.7.attention.q_proj.bias]
Loading weights:  57%|█████▋    | 120/211 [00:00<00:00, 14664.12it/s, Materializing param=encoder.layers.7.attention.q_proj.weight]
Loading weights:  57%|█████▋    | 120/211 [00:00<00:00, 14630.44it/s, Materializing param=encoder.layers.7.attention.q_proj.weight]
Loading weights:  57%|█████▋    | 121/211 [00:00<00:00, 14685.77it/s, Materializing param=encoder.layers.7.attention.v_proj.bias]  
Loading weights:  57%|█████▋    | 121/211 [00:00<00:00, 14652.27it/s, Materializing param=encoder.layers.7.attention.v_proj.bias]
Loading weights:  58%|█████▊    | 122/211 [00:00<00:00, 14704.17it/s, Materializing param=encoder.layers.7.attention.v_proj.weight]
Loading weights:  58%|█████▊    | 122/211 [00:00<00:00, 14670.44it/s, Materializing param=encoder.layers.7.attention.v_proj.weight]
Loading weights:  58%|█████▊    | 123/211 [00:00<00:00, 14726.94it/s, Materializing param=encoder.layers.7.feed_forward.intermediate_dense.bias]
Loading weights:  58%|█████▊    | 123/211 [00:00<00:00, 14691.71it/s, Materializing param=encoder.layers.7.feed_forward.intermediate_dense.bias]
Loading weights:  59%|█████▉    | 124/211 [00:00<00:00, 14737.29it/s, Materializing param=encoder.layers.7.feed_forward.intermediate_dense.weight]
Loading weights:  59%|█████▉    | 124/211 [00:00<00:00, 14702.30it/s, Materializing param=encoder.layers.7.feed_forward.intermediate_dense.weight]
Loading weights:  59%|█████▉    | 125/211 [00:00<00:00, 14756.21it/s, Materializing param=encoder.layers.7.feed_forward.output_dense.bias]        
Loading weights:  59%|█████▉    | 125/211 [00:00<00:00, 14721.40it/s, Materializing param=encoder.layers.7.feed_forward.output_dense.bias]
Loading weights:  60%|█████▉    | 126/211 [00:00<00:00, 14774.87it/s, Materializing param=encoder.layers.7.feed_forward.output_dense.weight]
Loading weights:  60%|█████▉    | 126/211 [00:00<00:00, 14739.84it/s, Materializing param=encoder.layers.7.feed_forward.output_dense.weight]
Loading weights:  60%|██████    | 127/211 [00:00<00:00, 14794.93it/s, Materializing param=encoder.layers.7.final_layer_norm.bias]           
Loading weights:  60%|██████    | 127/211 [00:00<00:00, 14760.49it/s, Materializing param=encoder.layers.7.final_layer_norm.bias]
Loading weights:  61%|██████    | 128/211 [00:00<00:00, 14807.78it/s, Materializing param=encoder.layers.7.final_layer_norm.weight]
Loading weights:  61%|██████    | 128/211 [00:00<00:00, 14771.93it/s, Materializing param=encoder.layers.7.final_layer_norm.weight]
Loading weights:  61%|██████    | 129/211 [00:00<00:00, 14825.74it/s, Materializing param=encoder.layers.7.layer_norm.bias]        
Loading weights:  61%|██████    | 129/211 [00:00<00:00, 14792.09it/s, Materializing param=encoder.layers.7.layer_norm.bias]
Loading weights:  62%|██████▏   | 130/211 [00:00<00:00, 14843.46it/s, Materializing param=encoder.layers.7.layer_norm.weight]
Loading weights:  62%|██████▏   | 130/211 [00:00<00:00, 14809.59it/s, Materializing param=encoder.layers.7.layer_norm.weight]
Loading weights:  62%|██████▏   | 131/211 [00:00<00:00, 14865.77it/s, Materializing param=encoder.layers.8.attention.k_proj.bias]
Loading weights:  62%|██████▏   | 131/211 [00:00<00:00, 14830.46it/s, Materializing param=encoder.layers.8.attention.k_proj.bias]
Loading weights:  63%|██████▎   | 132/211 [00:00<00:00, 14881.81it/s, Materializing param=encoder.layers.8.attention.k_proj.weight]
Loading weights:  63%|██████▎   | 132/211 [00:00<00:00, 14847.89it/s, Materializing param=encoder.layers.8.attention.k_proj.weight]
Loading weights:  63%|██████▎   | 133/211 [00:00<00:00, 14900.04it/s, Materializing param=encoder.layers.8.attention.out_proj.bias]
Loading weights:  63%|██████▎   | 133/211 [00:00<00:00, 14867.08it/s, Materializing param=encoder.layers.8.attention.out_proj.bias]
Loading weights:  64%|██████▎   | 134/211 [00:00<00:00, 14915.26it/s, Materializing param=encoder.layers.8.attention.out_proj.weight]
Loading weights:  64%|██████▎   | 134/211 [00:00<00:00, 14880.51it/s, Materializing param=encoder.layers.8.attention.out_proj.weight]
Loading weights:  64%|██████▍   | 135/211 [00:00<00:00, 14926.74it/s, Materializing param=encoder.layers.8.attention.q_proj.bias]    
Loading weights:  64%|██████▍   | 135/211 [00:00<00:00, 14895.72it/s, Materializing param=encoder.layers.8.attention.q_proj.bias]
Loading weights:  64%|██████▍   | 136/211 [00:00<00:00, 14941.60it/s, Materializing param=encoder.layers.8.attention.q_proj.weight]
Loading weights:  64%|██████▍   | 136/211 [00:00<00:00, 14910.35it/s, Materializing param=encoder.layers.8.attention.q_proj.weight]
Loading weights:  65%|██████▍   | 137/211 [00:00<00:00, 14956.26it/s, Materializing param=encoder.layers.8.attention.v_proj.bias]  
Loading weights:  65%|██████▍   | 137/211 [00:00<00:00, 14923.64it/s, Materializing param=encoder.layers.8.attention.v_proj.bias]
Loading weights:  65%|██████▌   | 138/211 [00:00<00:00, 14970.36it/s, Materializing param=encoder.layers.8.attention.v_proj.weight]
Loading weights:  65%|██████▌   | 138/211 [00:00<00:00, 14939.83it/s, Materializing param=encoder.layers.8.attention.v_proj.weight]
Loading weights:  66%|██████▌   | 139/211 [00:00<00:00, 14975.04it/s, Materializing param=encoder.layers.8.feed_forward.intermediate_dense.bias]
Loading weights:  66%|██████▌   | 139/211 [00:00<00:00, 14941.27it/s, Materializing param=encoder.layers.8.feed_forward.intermediate_dense.bias]
Loading weights:  66%|██████▋   | 140/211 [00:00<00:00, 14997.26it/s, Materializing param=encoder.layers.8.feed_forward.intermediate_dense.weight]
Loading weights:  66%|██████▋   | 140/211 [00:00<00:00, 14968.20it/s, Materializing param=encoder.layers.8.feed_forward.intermediate_dense.weight]
Loading weights:  67%|██████▋   | 141/211 [00:00<00:00, 15022.27it/s, Materializing param=encoder.layers.8.feed_forward.output_dense.bias]        
Loading weights:  67%|██████▋   | 141/211 [00:00<00:00, 14990.29it/s, Materializing param=encoder.layers.8.feed_forward.output_dense.bias]
Loading weights:  67%|██████▋   | 142/211 [00:00<00:00, 15034.11it/s, Materializing param=encoder.layers.8.feed_forward.output_dense.weight]
Loading weights:  67%|██████▋   | 142/211 [00:00<00:00, 15000.79it/s, Materializing param=encoder.layers.8.feed_forward.output_dense.weight]
Loading weights:  68%|██████▊   | 143/211 [00:00<00:00, 15054.10it/s, Materializing param=encoder.layers.8.final_layer_norm.bias]           
Loading weights:  68%|██████▊   | 143/211 [00:00<00:00, 15025.44it/s, Materializing param=encoder.layers.8.final_layer_norm.bias]
Loading weights:  68%|██████▊   | 144/211 [00:00<00:00, 15076.50it/s, Materializing param=encoder.layers.8.final_layer_norm.weight]
Loading weights:  68%|██████▊   | 144/211 [00:00<00:00, 15048.33it/s, Materializing param=encoder.layers.8.final_layer_norm.weight]
Loading weights:  69%|██████▊   | 145/211 [00:00<00:00, 15070.97it/s, Materializing param=encoder.layers.8.layer_norm.bias]        
Loading weights:  69%|██████▊   | 145/211 [00:00<00:00, 15041.53it/s, Materializing param=encoder.layers.8.layer_norm.bias]
Loading weights:  69%|██████▉   | 146/211 [00:00<00:00, 15095.23it/s, Materializing param=encoder.layers.8.layer_norm.weight]
Loading weights:  69%|██████▉   | 146/211 [00:00<00:00, 15060.71it/s, Materializing param=encoder.layers.8.layer_norm.weight]
Loading weights:  70%|██████▉   | 147/211 [00:00<00:00, 15117.39it/s, Materializing param=encoder.layers.9.attention.k_proj.bias]
Loading weights:  70%|██████▉   | 147/211 [00:00<00:00, 15087.42it/s, Materializing param=encoder.layers.9.attention.k_proj.bias]
Loading weights:  70%|███████   | 148/211 [00:00<00:00, 15123.45it/s, Materializing param=encoder.layers.9.attention.k_proj.weight]
Loading weights:  70%|███████   | 148/211 [00:00<00:00, 15095.86it/s, Materializing param=encoder.layers.9.attention.k_proj.weight]
Loading weights:  71%|███████   | 149/211 [00:00<00:00, 15140.79it/s, Materializing param=encoder.layers.9.attention.out_proj.bias]
Loading weights:  71%|███████   | 149/211 [00:00<00:00, 15109.68it/s, Materializing param=encoder.layers.9.attention.out_proj.bias]
Loading weights:  71%|███████   | 150/211 [00:00<00:00, 15157.58it/s, Materializing param=encoder.layers.9.attention.out_proj.weight]
Loading weights:  71%|███████   | 150/211 [00:00<00:00, 15125.51it/s, Materializing param=encoder.layers.9.attention.out_proj.weight]
Loading weights:  72%|███████▏  | 151/211 [00:00<00:00, 15171.27it/s, Materializing param=encoder.layers.9.attention.q_proj.bias]    
Loading weights:  72%|███████▏  | 151/211 [00:00<00:00, 15139.36it/s, Materializing param=encoder.layers.9.attention.q_proj.bias]
Loading weights:  72%|███████▏  | 152/211 [00:00<00:00, 15184.45it/s, Materializing param=encoder.layers.9.attention.q_proj.weight]
Loading weights:  72%|███████▏  | 152/211 [00:00<00:00, 15154.13it/s, Materializing param=encoder.layers.9.attention.q_proj.weight]
Loading weights:  73%|███████▎  | 153/211 [00:00<00:00, 15198.19it/s, Materializing param=encoder.layers.9.attention.v_proj.bias]  
Loading weights:  73%|███████▎  | 153/211 [00:00<00:00, 15168.02it/s, Materializing param=encoder.layers.9.attention.v_proj.bias]
Loading weights:  73%|███████▎  | 154/211 [00:00<00:00, 15212.86it/s, Materializing param=encoder.layers.9.attention.v_proj.weight]
Loading weights:  73%|███████▎  | 154/211 [00:00<00:00, 15182.82it/s, Materializing param=encoder.layers.9.attention.v_proj.weight]
Loading weights:  73%|███████▎  | 155/211 [00:00<00:00, 15227.36it/s, Materializing param=encoder.layers.9.feed_forward.intermediate_dense.bias]
Loading weights:  73%|███████▎  | 155/211 [00:00<00:00, 15195.69it/s, Materializing param=encoder.layers.9.feed_forward.intermediate_dense.bias]
Loading weights:  74%|███████▍  | 156/211 [00:00<00:00, 15241.71it/s, Materializing param=encoder.layers.9.feed_forward.intermediate_dense.weight]
Loading weights:  74%|███████▍  | 156/211 [00:00<00:00, 15214.78it/s, Materializing param=encoder.layers.9.feed_forward.intermediate_dense.weight]
Loading weights:  74%|███████▍  | 157/211 [00:00<00:00, 15257.67it/s, Materializing param=encoder.layers.9.feed_forward.output_dense.bias]        
Loading weights:  74%|███████▍  | 157/211 [00:00<00:00, 15226.62it/s, Materializing param=encoder.layers.9.feed_forward.output_dense.bias]
Loading weights:  75%|███████▍  | 158/211 [00:00<00:00, 15268.53it/s, Materializing param=encoder.layers.9.feed_forward.output_dense.weight]
Loading weights:  75%|███████▍  | 158/211 [00:00<00:00, 15239.04it/s, Materializing param=encoder.layers.9.feed_forward.output_dense.weight]
Loading weights:  75%|███████▌  | 159/211 [00:00<00:00, 15280.67it/s, Materializing param=encoder.layers.9.final_layer_norm.bias]           
Loading weights:  75%|███████▌  | 159/211 [00:00<00:00, 15251.67it/s, Materializing param=encoder.layers.9.final_layer_norm.bias]
Loading weights:  76%|███████▌  | 160/211 [00:00<00:00, 15296.51it/s, Materializing param=encoder.layers.9.final_layer_norm.weight]
Loading weights:  76%|███████▌  | 160/211 [00:00<00:00, 15266.93it/s, Materializing param=encoder.layers.9.final_layer_norm.weight]
Loading weights:  76%|███████▋  | 161/211 [00:00<00:00, 15312.89it/s, Materializing param=encoder.layers.9.layer_norm.bias]        
Loading weights:  76%|███████▋  | 161/211 [00:00<00:00, 15283.77it/s, Materializing param=encoder.layers.9.layer_norm.bias]
Loading weights:  77%|███████▋  | 162/211 [00:00<00:00, 15324.94it/s, Materializing param=encoder.layers.9.layer_norm.weight]
Loading weights:  77%|███████▋  | 162/211 [00:00<00:00, 15297.34it/s, Materializing param=encoder.layers.9.layer_norm.weight]
Loading weights:  77%|███████▋  | 163/211 [00:00<00:00, 15341.00it/s, Materializing param=encoder.layers.10.attention.k_proj.bias]
Loading weights:  77%|███████▋  | 163/211 [00:00<00:00, 15312.14it/s, Materializing param=encoder.layers.10.attention.k_proj.bias]
Loading weights:  78%|███████▊  | 164/211 [00:00<00:00, 15352.78it/s, Materializing param=encoder.layers.10.attention.k_proj.weight]
Loading weights:  78%|███████▊  | 164/211 [00:00<00:00, 15324.05it/s, Materializing param=encoder.layers.10.attention.k_proj.weight]
Loading weights:  78%|███████▊  | 165/211 [00:00<00:00, 15363.07it/s, Materializing param=encoder.layers.10.attention.out_proj.bias]
Loading weights:  78%|███████▊  | 165/211 [00:00<00:00, 15336.17it/s, Materializing param=encoder.layers.10.attention.out_proj.bias]
Loading weights:  79%|███████▊  | 166/211 [00:00<00:00, 15372.91it/s, Materializing param=encoder.layers.10.attention.out_proj.weight]
Loading weights:  79%|███████▊  | 166/211 [00:00<00:00, 15346.14it/s, Materializing param=encoder.layers.10.attention.out_proj.weight]
Loading weights:  79%|███████▉  | 167/211 [00:00<00:00, 15378.93it/s, Materializing param=encoder.layers.10.attention.q_proj.bias]    
Loading weights:  79%|███████▉  | 167/211 [00:00<00:00, 15353.65it/s, Materializing param=encoder.layers.10.attention.q_proj.bias]
Loading weights:  80%|███████▉  | 168/211 [00:00<00:00, 15370.45it/s, Materializing param=encoder.layers.10.attention.q_proj.weight]
Loading weights:  80%|███████▉  | 168/211 [00:00<00:00, 15345.01it/s, Materializing param=encoder.layers.10.attention.q_proj.weight]
Loading weights:  80%|████████  | 169/211 [00:00<00:00, 15380.42it/s, Materializing param=encoder.layers.10.attention.v_proj.bias]  
Loading weights:  80%|████████  | 169/211 [00:00<00:00, 15355.10it/s, Materializing param=encoder.layers.10.attention.v_proj.bias]
Loading weights:  81%|████████  | 170/211 [00:00<00:00, 15394.27it/s, Materializing param=encoder.layers.10.attention.v_proj.weight]
Loading weights:  81%|████████  | 170/211 [00:00<00:00, 15366.40it/s, Materializing param=encoder.layers.10.attention.v_proj.weight]
Loading weights:  81%|████████  | 171/211 [00:00<00:00, 15402.68it/s, Materializing param=encoder.layers.10.feed_forward.intermediate_dense.bias]
Loading weights:  81%|████████  | 171/211 [00:00<00:00, 15374.95it/s, Materializing param=encoder.layers.10.feed_forward.intermediate_dense.bias]
Loading weights:  82%|████████▏ | 172/211 [00:00<00:00, 15412.00it/s, Materializing param=encoder.layers.10.feed_forward.intermediate_dense.weight]
Loading weights:  82%|████████▏ | 172/211 [00:00<00:00, 15380.13it/s, Materializing param=encoder.layers.10.feed_forward.intermediate_dense.weight]
Loading weights:  82%|████████▏ | 173/211 [00:00<00:00, 15418.92it/s, Materializing param=encoder.layers.10.feed_forward.output_dense.bias]        
Loading weights:  82%|████████▏ | 173/211 [00:00<00:00, 15388.51it/s, Materializing param=encoder.layers.10.feed_forward.output_dense.bias]
Loading weights:  82%|████████▏ | 174/211 [00:00<00:00, 15425.45it/s, Materializing param=encoder.layers.10.feed_forward.output_dense.weight]
Loading weights:  82%|████████▏ | 174/211 [00:00<00:00, 15398.11it/s, Materializing param=encoder.layers.10.feed_forward.output_dense.weight]
Loading weights:  83%|████████▎ | 175/211 [00:00<00:00, 15419.91it/s, Materializing param=encoder.layers.10.final_layer_norm.bias]           
Loading weights:  83%|████████▎ | 175/211 [00:00<00:00, 15392.75it/s, Materializing param=encoder.layers.10.final_layer_norm.bias]
Loading weights:  83%|████████▎ | 176/211 [00:00<00:00, 15435.71it/s, Materializing param=encoder.layers.10.final_layer_norm.weight]
Loading weights:  83%|████████▎ | 176/211 [00:00<00:00, 15412.83it/s, Materializing param=encoder.layers.10.final_layer_norm.weight]
Loading weights:  84%|████████▍ | 177/211 [00:00<00:00, 15458.12it/s, Materializing param=encoder.layers.10.layer_norm.bias]        
Loading weights:  84%|████████▍ | 177/211 [00:00<00:00, 15435.62it/s, Materializing param=encoder.layers.10.layer_norm.bias]
Loading weights:  84%|████████▍ | 178/211 [00:00<00:00, 15482.27it/s, Materializing param=encoder.layers.10.layer_norm.weight]
Loading weights:  84%|████████▍ | 178/211 [00:00<00:00, 15430.11it/s, Materializing param=encoder.layers.10.layer_norm.weight]
Loading weights:  85%|████████▍ | 179/211 [00:00<00:00, 15404.10it/s, Materializing param=encoder.layers.11.attention.k_proj.bias]
Loading weights:  85%|████████▍ | 179/211 [00:00<00:00, 15365.95it/s, Materializing param=encoder.layers.11.attention.k_proj.bias]
Loading weights:  85%|████████▌ | 180/211 [00:00<00:00, 15384.41it/s, Materializing param=encoder.layers.11.attention.k_proj.weight]
Loading weights:  85%|████████▌ | 180/211 [00:00<00:00, 15356.88it/s, Materializing param=encoder.layers.11.attention.k_proj.weight]
Loading weights:  86%|████████▌ | 181/211 [00:00<00:00, 15385.86it/s, Materializing param=encoder.layers.11.attention.out_proj.bias]
Loading weights:  86%|████████▌ | 181/211 [00:00<00:00, 15358.47it/s, Materializing param=encoder.layers.11.attention.out_proj.bias]
Loading weights:  86%|████████▋ | 182/211 [00:00<00:00, 15389.77it/s, Materializing param=encoder.layers.11.attention.out_proj.weight]
Loading weights:  86%|████████▋ | 182/211 [00:00<00:00, 15363.75it/s, Materializing param=encoder.layers.11.attention.out_proj.weight]
Loading weights:  87%|████████▋ | 183/211 [00:00<00:00, 15376.99it/s, Materializing param=encoder.layers.11.attention.q_proj.bias]    
Loading weights:  87%|████████▋ | 183/211 [00:00<00:00, 15352.38it/s, Materializing param=encoder.layers.11.attention.q_proj.bias]
Loading weights:  87%|████████▋ | 184/211 [00:00<00:00, 15387.03it/s, Materializing param=encoder.layers.11.attention.q_proj.weight]
Loading weights:  87%|████████▋ | 184/211 [00:00<00:00, 15360.08it/s, Materializing param=encoder.layers.11.attention.q_proj.weight]
Loading weights:  88%|████████▊ | 185/211 [00:00<00:00, 15394.84it/s, Materializing param=encoder.layers.11.attention.v_proj.bias]  
Loading weights:  88%|████████▊ | 185/211 [00:00<00:00, 15368.01it/s, Materializing param=encoder.layers.11.attention.v_proj.bias]
Loading weights:  88%|████████▊ | 186/211 [00:00<00:00, 15383.44it/s, Materializing param=encoder.layers.11.attention.v_proj.weight]
Loading weights:  88%|████████▊ | 186/211 [00:00<00:00, 15360.42it/s, Materializing param=encoder.layers.11.attention.v_proj.weight]
Loading weights:  89%|████████▊ | 187/211 [00:00<00:00, 15392.09it/s, Materializing param=encoder.layers.11.feed_forward.intermediate_dense.bias]
Loading weights:  89%|████████▊ | 187/211 [00:00<00:00, 15366.76it/s, Materializing param=encoder.layers.11.feed_forward.intermediate_dense.bias]
Loading weights:  89%|████████▉ | 188/211 [00:00<00:00, 15398.55it/s, Materializing param=encoder.layers.11.feed_forward.intermediate_dense.weight]
Loading weights:  89%|████████▉ | 188/211 [00:00<00:00, 15372.14it/s, Materializing param=encoder.layers.11.feed_forward.intermediate_dense.weight]
Loading weights:  90%|████████▉ | 189/211 [00:00<00:00, 15405.85it/s, Materializing param=encoder.layers.11.feed_forward.output_dense.bias]        
Loading weights:  90%|████████▉ | 189/211 [00:00<00:00, 15379.55it/s, Materializing param=encoder.layers.11.feed_forward.output_dense.bias]
Loading weights:  90%|█████████ | 190/211 [00:00<00:00, 15412.18it/s, Materializing param=encoder.layers.11.feed_forward.output_dense.weight]
Loading weights:  90%|█████████ | 190/211 [00:00<00:00, 15384.51it/s, Materializing param=encoder.layers.11.feed_forward.output_dense.weight]
Loading weights:  91%|█████████ | 191/211 [00:00<00:00, 15411.93it/s, Materializing param=encoder.layers.11.final_layer_norm.bias]           
Loading weights:  91%|█████████ | 191/211 [00:00<00:00, 15388.25it/s, Materializing param=encoder.layers.11.final_layer_norm.bias]
Loading weights:  91%|█████████ | 192/211 [00:00<00:00, 15419.05it/s, Materializing param=encoder.layers.11.final_layer_norm.weight]
Loading weights:  91%|█████████ | 192/211 [00:00<00:00, 15394.30it/s, Materializing param=encoder.layers.11.final_layer_norm.weight]
Loading weights:  91%|█████████▏| 193/211 [00:00<00:00, 15425.23it/s, Materializing param=encoder.layers.11.layer_norm.bias]        
Loading weights:  91%|█████████▏| 193/211 [00:00<00:00, 15400.58it/s, Materializing param=encoder.layers.11.layer_norm.bias]
Loading weights:  92%|█████████▏| 194/211 [00:00<00:00, 15435.74it/s, Materializing param=encoder.layers.11.layer_norm.weight]
Loading weights:  92%|█████████▏| 194/211 [00:00<00:00, 15411.47it/s, Materializing param=encoder.layers.11.layer_norm.weight]
Loading weights:  92%|█████████▏| 195/211 [00:00<00:00, 15447.90it/s, Materializing param=encoder.pos_conv_embed.conv.bias]   
Loading weights:  92%|█████████▏| 195/211 [00:00<00:00, 15421.98it/s, Materializing param=encoder.pos_conv_embed.conv.bias]
Loading weights:  93%|█████████▎| 196/211 [00:00<00:00, 15443.99it/s, Materializing param=encoder.pos_conv_embed.conv.parametrizations.weight.original0]
Loading weights:  93%|█████████▎| 196/211 [00:00<00:00, 15419.66it/s, Materializing param=encoder.pos_conv_embed.conv.parametrizations.weight.original0]
Loading weights:  93%|█████████▎| 197/211 [00:00<00:00, 15420.81it/s, Materializing param=encoder.pos_conv_embed.conv.parametrizations.weight.original1]
Loading weights:  93%|█████████▎| 197/211 [00:00<00:00, 15398.97it/s, Materializing param=encoder.pos_conv_embed.conv.parametrizations.weight.original1]
Loading weights:  94%|█████████▍| 198/211 [00:00<00:00, 15428.83it/s, Materializing param=feature_extractor.conv_layers.0.conv.weight]                  
Loading weights:  94%|█████████▍| 198/211 [00:00<00:00, 15403.65it/s, Materializing param=feature_extractor.conv_layers.0.conv.weight]
Loading weights:  94%|█████████▍| 199/211 [00:00<00:00, 15426.22it/s, Materializing param=feature_extractor.conv_layers.0.layer_norm.bias]
Loading weights:  94%|█████████▍| 199/211 [00:00<00:00, 15403.45it/s, Materializing param=feature_extractor.conv_layers.0.layer_norm.bias]
Loading weights:  95%|█████████▍| 200/211 [00:00<00:00, 15430.73it/s, Materializing param=feature_extractor.conv_layers.0.layer_norm.weight]
Loading weights:  95%|█████████▍| 200/211 [00:00<00:00, 15408.34it/s, Materializing param=feature_extractor.conv_layers.0.layer_norm.weight]
Loading weights:  95%|█████████▌| 201/211 [00:00<00:00, 15440.00it/s, Materializing param=feature_extractor.conv_layers.1.conv.weight]      
Loading weights:  95%|█████████▌| 201/211 [00:00<00:00, 15411.78it/s, Materializing param=feature_extractor.conv_layers.1.conv.weight]
Loading weights:  96%|█████████▌| 202/211 [00:00<00:00, 15436.25it/s, Materializing param=feature_extractor.conv_layers.2.conv.weight]
Loading weights:  96%|█████████▌| 202/211 [00:00<00:00, 15414.06it/s, Materializing param=feature_extractor.conv_layers.2.conv.weight]
Loading weights:  96%|█████████▌| 203/211 [00:00<00:00, 15441.77it/s, Materializing param=feature_extractor.conv_layers.3.conv.weight]
Loading weights:  96%|█████████▌| 203/211 [00:00<00:00, 15417.16it/s, Materializing param=feature_extractor.conv_layers.3.conv.weight]
Loading weights:  97%|█████████▋| 204/211 [00:00<00:00, 15448.63it/s, Materializing param=feature_extractor.conv_layers.4.conv.weight]
Loading weights:  97%|█████████▋| 204/211 [00:00<00:00, 15425.24it/s, Materializing param=feature_extractor.conv_layers.4.conv.weight]
Loading weights:  97%|█████████▋| 205/211 [00:00<00:00, 15458.77it/s, Materializing param=feature_extractor.conv_layers.5.conv.weight]
Loading weights:  97%|█████████▋| 205/211 [00:00<00:00, 15435.46it/s, Materializing param=feature_extractor.conv_layers.5.conv.weight]
Loading weights:  98%|█████████▊| 206/211 [00:00<00:00, 15468.82it/s, Materializing param=feature_extractor.conv_layers.6.conv.weight]
Loading weights:  98%|█████████▊| 206/211 [00:00<00:00, 15445.60it/s, Materializing param=feature_extractor.conv_layers.6.conv.weight]
Loading weights:  98%|█████████▊| 207/211 [00:00<00:00, 15462.53it/s, Materializing param=feature_projection.layer_norm.bias]         
Loading weights:  98%|█████████▊| 207/211 [00:00<00:00, 15441.90it/s, Materializing param=feature_projection.layer_norm.bias]
Loading weights:  99%|█████████▊| 208/211 [00:00<00:00, 15474.94it/s, Materializing param=feature_projection.layer_norm.weight]
Loading weights:  99%|█████████▊| 208/211 [00:00<00:00, 15451.92it/s, Materializing param=feature_projection.layer_norm.weight]
Loading weights:  99%|█████████▉| 209/211 [00:00<00:00, 15485.89it/s, Materializing param=feature_projection.projection.bias]  
Loading weights:  99%|█████████▉| 209/211 [00:00<00:00, 15461.85it/s, Materializing param=feature_projection.projection.bias]
Loading weights: 100%|█████████▉| 210/211 [00:00<00:00, 15497.83it/s, Materializing param=feature_projection.projection.weight]
Loading weights: 100%|█████████▉| 210/211 [00:00<00:00, 15475.23it/s, Materializing param=feature_projection.projection.weight]
Loading weights: 100%|██████████| 211/211 [00:00<00:00, 15511.04it/s, Materializing param=masked_spec_embed]                   
Loading weights: 100%|██████████| 211/211 [00:00<00:00, 15486.07it/s, Materializing param=masked_spec_embed]
Loading weights: 100%|██████████| 211/211 [00:00<00:00, 15418.35it/s, Materializing param=masked_spec_embed]
[2026-02-01 11:59:33,002][httpx][INFO] - HTTP Request: GET https://huggingface.co/api/models/microsoft/wavlm-base-plus "HTTP/1.1 200 OK"
Wav2Vec2Model LOAD REPORT from: microsoft/wavlm-base-plus
Key                                                         | Status     |  | 
------------------------------------------------------------+------------+--+-
encoder.layers.{0...11}.attention.gru_rel_pos_linear.bias   | UNEXPECTED |  | 
encoder.layers.{0...11}.attention.gru_rel_pos_const         | UNEXPECTED |  | 
encoder.layers.{0...11}.attention.gru_rel_pos_linear.weight | UNEXPECTED |  | 
encoder.layers.0.attention.rel_attn_embed.weight            | UNEXPECTED |  | 

Notes:
- UNEXPECTED	:can be ignored when loading from different task/architecture; not ok if you expect identical arch.
Error executing job with overrides: ['model=beats', 'strategy=ia3', 'data=tiny', 'training.max_epochs=5', 'augmentation.specaugment=false', 'augmentation.mixup=false', 'wandb.mode=offline', 'wandb.tags=[beats,ia3,sweep]']
[2026-02-01 11:59:33,084][httpx][INFO] - HTTP Request: GET https://huggingface.co/api/models/microsoft/wavlm-base-plus/commits/main "HTTP/1.1 200 OK"
Traceback (most recent call last):
  File "/Users/zakkeown/Code/SOUSAphone/.worktrees/training-pipeline-implementation/train.py", line 70, in main
    classifier = SOUSAClassifier(model, cfg)
                 ^^^^^^^^^^^^^^^^^^^^^^^^^^^
  File "/Users/zakkeown/Code/SOUSAphone/.worktrees/training-pipeline-implementation/sousa/training/module.py", line 82, in __init__
    self.model = get_peft_model(self.model, peft_config)
                 ^^^^^^^^^^^^^^^^^^^^^^^^^^^^^^^^^^^^^^^
  File "/Users/zakkeown/.pyenv/versions/3.11.14/lib/python3.11/site-packages/peft/mapping_func.py", line 122, in get_peft_model
    return MODEL_TYPE_TO_PEFT_MODEL_MAPPING[peft_config.task_type](
           ^^^^^^^^^^^^^^^^^^^^^^^^^^^^^^^^^^^^^^^^^^^^^^^^^^^^^^^^
  File "/Users/zakkeown/.pyenv/versions/3.11.14/lib/python3.11/site-packages/peft/peft_model.py", line 2966, in __init__
    super().__init__(model, peft_config, adapter_name, **kwargs)
  File "/Users/zakkeown/.pyenv/versions/3.11.14/lib/python3.11/site-packages/peft/peft_model.py", line 129, in __init__
    self.base_model = cls(model, {adapter_name: peft_config}, adapter_name)
                      ^^^^^^^^^^^^^^^^^^^^^^^^^^^^^^^^^^^^^^^^^^^^^^^^^^^^^
  File "/Users/zakkeown/.pyenv/versions/3.11.14/lib/python3.11/site-packages/peft/tuners/tuners_utils.py", line 298, in __init__
    self.inject_adapter(self.model, adapter_name, low_cpu_mem_usage=low_cpu_mem_usage, state_dict=state_dict)
  File "/Users/zakkeown/.pyenv/versions/3.11.14/lib/python3.11/site-packages/peft/tuners/tuners_utils.py", line 880, in inject_adapter
    raise ValueError(error_msg)
ValueError: Target modules {'feed_forward.dense', 'attention.query', 'attention.value', 'attention.key'} not found in the base model. Please check the target modules and try again.

Set the environment variable HYDRA_FULL_ERROR=1 for a complete stack trace.
[2026-02-01 11:59:33,172][httpx][INFO] - HTTP Request: GET https://huggingface.co/api/models/microsoft/wavlm-base-plus/discussions?p=0 "HTTP/1.1 200 OK"
[2026-02-01 11:59:33,260][httpx][INFO] - HTTP Request: GET https://huggingface.co/api/models/microsoft/wavlm-base-plus/commits/refs%2Fpr%2F2 "HTTP/1.1 200 OK"
[2026-02-01 11:59:33,334][httpx][INFO] - HTTP Request: HEAD https://huggingface.co/microsoft/wavlm-base-plus/resolve/refs%2Fpr%2F2/model.safetensors.index.json "HTTP/1.1 404 Not Found"
[2026-02-01 11:59:33,412][httpx][INFO] - HTTP Request: HEAD https://huggingface.co/microsoft/wavlm-base-plus/resolve/refs%2Fpr%2F2/model.safetensors "HTTP/1.1 302 Found"
