Seed set to 42
[2026-02-01 11:59:19,845][httpx][INFO] - HTTP Request: HEAD https://huggingface.co/microsoft/wavlm-base-plus/resolve/main/config.json "HTTP/1.1 307 Temporary Redirect"
[2026-02-01 11:59:19,884][httpx][INFO] - HTTP Request: HEAD https://huggingface.co/api/resolve-cache/models/microsoft/wavlm-base-plus/4c66d4806a428f2e922ccfa1a962776e232d487b/config.json "HTTP/1.1 200 OK"
[2026-02-01 11:59:19,965][httpx][INFO] - HTTP Request: HEAD https://huggingface.co/microsoft/wavlm-base-plus/resolve/main/config.json "HTTP/1.1 307 Temporary Redirect"
[2026-02-01 11:59:19,997][httpx][INFO] - HTTP Request: HEAD https://huggingface.co/api/resolve-cache/models/microsoft/wavlm-base-plus/4c66d4806a428f2e922ccfa1a962776e232d487b/config.json "HTTP/1.1 200 OK"
You are using a model of type wavlm to instantiate a model of type wav2vec2. This is not supported for all configurations of models and can yield errors.
[2026-02-01 11:59:20,071][httpx][INFO] - HTTP Request: HEAD https://huggingface.co/microsoft/wavlm-base-plus/resolve/main/model.safetensors "HTTP/1.1 404 Not Found"
[2026-02-01 11:59:20,145][httpx][INFO] - HTTP Request: HEAD https://huggingface.co/microsoft/wavlm-base-plus/resolve/main/model.safetensors.index.json "HTTP/1.1 404 Not Found"
[2026-02-01 11:59:20,220][httpx][INFO] - HTTP Request: HEAD https://huggingface.co/microsoft/wavlm-base-plus/resolve/main/pytorch_model.bin "HTTP/1.1 302 Found"
[2026-02-01 11:59:20,295][httpx][INFO] - HTTP Request: HEAD https://huggingface.co/microsoft/wavlm-base-plus/resolve/main/model.safetensors "HTTP/1.1 404 Not Found"

Loading weights:   0%|          | 0/211 [00:00<?, ?it/s]
Loading weights:   0%|          | 1/211 [00:00<00:00, 5343.06it/s, Materializing param=encoder.layer_norm.bias]
Loading weights:   0%|          | 1/211 [00:00<00:00, 4306.27it/s, Materializing param=encoder.layer_norm.bias]
Loading weights:   1%|          | 2/211 [00:00<00:00, 3968.12it/s, Materializing param=encoder.layer_norm.weight]
Loading weights:   1%|          | 2/211 [00:00<00:00, 3773.55it/s, Materializing param=encoder.layer_norm.weight]
Loading weights:   1%|▏         | 3/211 [00:00<00:00, 5049.32it/s, Materializing param=encoder.layers.0.attention.k_proj.bias]
Loading weights:   1%|▏         | 3/211 [00:00<00:00, 4777.11it/s, Materializing param=encoder.layers.0.attention.k_proj.bias]
Loading weights:   2%|▏         | 4/211 [00:00<00:00, 5714.31it/s, Materializing param=encoder.layers.0.attention.k_proj.weight]
Loading weights:   2%|▏         | 4/211 [00:00<00:00, 5420.75it/s, Materializing param=encoder.layers.0.attention.k_proj.weight]
Loading weights:   2%|▏         | 5/211 [00:00<00:00, 6195.43it/s, Materializing param=encoder.layers.0.attention.out_proj.bias]
Loading weights:   2%|▏         | 5/211 [00:00<00:00, 6024.57it/s, Materializing param=encoder.layers.0.attention.out_proj.bias]
Loading weights:   3%|▎         | 6/211 [00:00<00:00, 6796.06it/s, Materializing param=encoder.layers.0.attention.out_proj.weight]
Loading weights:   3%|▎         | 6/211 [00:00<00:00, 6643.56it/s, Materializing param=encoder.layers.0.attention.out_proj.weight]
Loading weights:   3%|▎         | 7/211 [00:00<00:00, 7414.17it/s, Materializing param=encoder.layers.0.attention.q_proj.bias]    
Loading weights:   3%|▎         | 7/211 [00:00<00:00, 7269.16it/s, Materializing param=encoder.layers.0.attention.q_proj.bias]
Loading weights:   4%|▍         | 8/211 [00:00<00:00, 7906.32it/s, Materializing param=encoder.layers.0.attention.q_proj.weight]
Loading weights:   4%|▍         | 8/211 [00:00<00:00, 7774.43it/s, Materializing param=encoder.layers.0.attention.q_proj.weight]
Loading weights:   4%|▍         | 9/211 [00:00<00:00, 8403.55it/s, Materializing param=encoder.layers.0.attention.v_proj.bias]  
Loading weights:   4%|▍         | 9/211 [00:00<00:00, 8242.08it/s, Materializing param=encoder.layers.0.attention.v_proj.bias]
Loading weights:   5%|▍         | 10/211 [00:00<00:00, 8802.32it/s, Materializing param=encoder.layers.0.attention.v_proj.weight]
Loading weights:   5%|▍         | 10/211 [00:00<00:00, 8658.76it/s, Materializing param=encoder.layers.0.attention.v_proj.weight]
Loading weights:   5%|▌         | 11/211 [00:00<00:00, 9181.56it/s, Materializing param=encoder.layers.0.feed_forward.intermediate_dense.bias]
Loading weights:   5%|▌         | 11/211 [00:00<00:00, 8965.67it/s, Materializing param=encoder.layers.0.feed_forward.intermediate_dense.bias]
Loading weights:   6%|▌         | 12/211 [00:00<00:00, 9395.49it/s, Materializing param=encoder.layers.0.feed_forward.intermediate_dense.weight]
Loading weights:   6%|▌         | 12/211 [00:00<00:00, 9209.82it/s, Materializing param=encoder.layers.0.feed_forward.intermediate_dense.weight]
Loading weights:   6%|▌         | 13/211 [00:00<00:00, 9693.50it/s, Materializing param=encoder.layers.0.feed_forward.output_dense.bias]        
Loading weights:   6%|▌         | 13/211 [00:00<00:00, 9502.61it/s, Materializing param=encoder.layers.0.feed_forward.output_dense.bias]
Loading weights:   7%|▋         | 14/211 [00:00<00:00, 9964.41it/s, Materializing param=encoder.layers.0.feed_forward.output_dense.weight]
Loading weights:   7%|▋         | 14/211 [00:00<00:00, 9809.60it/s, Materializing param=encoder.layers.0.feed_forward.output_dense.weight]
Loading weights:   7%|▋         | 15/211 [00:00<00:00, 10275.12it/s, Materializing param=encoder.layers.0.final_layer_norm.bias]          
Loading weights:   7%|▋         | 15/211 [00:00<00:00, 10149.15it/s, Materializing param=encoder.layers.0.final_layer_norm.bias]
Loading weights:   8%|▊         | 16/211 [00:00<00:00, 10546.73it/s, Materializing param=encoder.layers.0.final_layer_norm.weight]
Loading weights:   8%|▊         | 16/211 [00:00<00:00, 10417.40it/s, Materializing param=encoder.layers.0.final_layer_norm.weight]
Loading weights:   8%|▊         | 17/211 [00:00<00:00, 10780.64it/s, Materializing param=encoder.layers.0.layer_norm.bias]        
Loading weights:   8%|▊         | 17/211 [00:00<00:00, 10639.09it/s, Materializing param=encoder.layers.0.layer_norm.bias]
Loading weights:   9%|▊         | 18/211 [00:00<00:00, 10987.84it/s, Materializing param=encoder.layers.0.layer_norm.weight]
Loading weights:   9%|▊         | 18/211 [00:00<00:00, 10856.70it/s, Materializing param=encoder.layers.0.layer_norm.weight]
Loading weights:   9%|▉         | 19/211 [00:00<00:00, 11176.97it/s, Materializing param=encoder.layers.1.attention.k_proj.bias]
Loading weights:   9%|▉         | 19/211 [00:00<00:00, 11046.82it/s, Materializing param=encoder.layers.1.attention.k_proj.bias]
Loading weights:   9%|▉         | 20/211 [00:00<00:00, 11281.08it/s, Materializing param=encoder.layers.1.attention.k_proj.weight]
Loading weights:   9%|▉         | 20/211 [00:00<00:00, 11161.00it/s, Materializing param=encoder.layers.1.attention.k_proj.weight]
Loading weights:  10%|▉         | 21/211 [00:00<00:00, 11456.87it/s, Materializing param=encoder.layers.1.attention.out_proj.bias]
Loading weights:  10%|▉         | 21/211 [00:00<00:00, 11333.04it/s, Materializing param=encoder.layers.1.attention.out_proj.bias]
Loading weights:  10%|█         | 22/211 [00:00<00:00, 11602.50it/s, Materializing param=encoder.layers.1.attention.out_proj.weight]
Loading weights:  10%|█         | 22/211 [00:00<00:00, 11481.24it/s, Materializing param=encoder.layers.1.attention.out_proj.weight]
Loading weights:  11%|█         | 23/211 [00:00<00:00, 11740.17it/s, Materializing param=encoder.layers.1.attention.q_proj.bias]    
Loading weights:  11%|█         | 23/211 [00:00<00:00, 11615.77it/s, Materializing param=encoder.layers.1.attention.q_proj.bias]
Loading weights:  11%|█▏        | 24/211 [00:00<00:00, 11887.49it/s, Materializing param=encoder.layers.1.attention.q_proj.weight]
Loading weights:  11%|█▏        | 24/211 [00:00<00:00, 11765.23it/s, Materializing param=encoder.layers.1.attention.q_proj.weight]
Loading weights:  12%|█▏        | 25/211 [00:00<00:00, 12008.43it/s, Materializing param=encoder.layers.1.attention.v_proj.bias]  
Loading weights:  12%|█▏        | 25/211 [00:00<00:00, 11899.41it/s, Materializing param=encoder.layers.1.attention.v_proj.bias]
Loading weights:  12%|█▏        | 26/211 [00:00<00:00, 12149.28it/s, Materializing param=encoder.layers.1.attention.v_proj.weight]
Loading weights:  12%|█▏        | 26/211 [00:00<00:00, 12036.63it/s, Materializing param=encoder.layers.1.attention.v_proj.weight]
Loading weights:  13%|█▎        | 27/211 [00:00<00:00, 12179.63it/s, Materializing param=encoder.layers.1.feed_forward.intermediate_dense.bias]
Loading weights:  13%|█▎        | 27/211 [00:00<00:00, 12069.30it/s, Materializing param=encoder.layers.1.feed_forward.intermediate_dense.bias]
Loading weights:  13%|█▎        | 28/211 [00:00<00:00, 12248.70it/s, Materializing param=encoder.layers.1.feed_forward.intermediate_dense.weight]
Loading weights:  13%|█▎        | 28/211 [00:00<00:00, 12142.32it/s, Materializing param=encoder.layers.1.feed_forward.intermediate_dense.weight]
Loading weights:  14%|█▎        | 29/211 [00:00<00:00, 12387.70it/s, Materializing param=encoder.layers.1.feed_forward.output_dense.bias]        
Loading weights:  14%|█▎        | 29/211 [00:00<00:00, 12277.66it/s, Materializing param=encoder.layers.1.feed_forward.output_dense.bias]
Loading weights:  14%|█▍        | 30/211 [00:00<00:00, 12443.54it/s, Materializing param=encoder.layers.1.feed_forward.output_dense.weight]
Loading weights:  14%|█▍        | 30/211 [00:00<00:00, 12345.87it/s, Materializing param=encoder.layers.1.feed_forward.output_dense.weight]
Loading weights:  15%|█▍        | 31/211 [00:00<00:00, 12531.17it/s, Materializing param=encoder.layers.1.final_layer_norm.bias]           
Loading weights:  15%|█▍        | 31/211 [00:00<00:00, 12438.86it/s, Materializing param=encoder.layers.1.final_layer_norm.bias]
Loading weights:  15%|█▌        | 32/211 [00:00<00:00, 12633.45it/s, Materializing param=encoder.layers.1.final_layer_norm.weight]
Loading weights:  15%|█▌        | 32/211 [00:00<00:00, 12549.58it/s, Materializing param=encoder.layers.1.final_layer_norm.weight]
Loading weights:  16%|█▌        | 33/211 [00:00<00:00, 12781.61it/s, Materializing param=encoder.layers.1.layer_norm.bias]        
Loading weights:  16%|█▌        | 33/211 [00:00<00:00, 12687.88it/s, Materializing param=encoder.layers.1.layer_norm.bias]
Loading weights:  16%|█▌        | 34/211 [00:00<00:00, 12815.09it/s, Materializing param=encoder.layers.1.layer_norm.weight]
Loading weights:  16%|█▌        | 34/211 [00:00<00:00, 12729.30it/s, Materializing param=encoder.layers.1.layer_norm.weight]
Loading weights:  17%|█▋        | 35/211 [00:00<00:00, 12924.87it/s, Materializing param=encoder.layers.2.attention.k_proj.bias]
Loading weights:  17%|█▋        | 35/211 [00:00<00:00, 12825.50it/s, Materializing param=encoder.layers.2.attention.k_proj.bias]
Loading weights:  17%|█▋        | 36/211 [00:00<00:00, 13039.29it/s, Materializing param=encoder.layers.2.attention.k_proj.weight]
Loading weights:  17%|█▋        | 36/211 [00:00<00:00, 12954.27it/s, Materializing param=encoder.layers.2.attention.k_proj.weight]
Loading weights:  18%|█▊        | 37/211 [00:00<00:00, 13162.79it/s, Materializing param=encoder.layers.2.attention.out_proj.bias]
Loading weights:  18%|█▊        | 37/211 [00:00<00:00, 13059.77it/s, Materializing param=encoder.layers.2.attention.out_proj.bias]
Loading weights:  18%|█▊        | 38/211 [00:00<00:00, 13241.14it/s, Materializing param=encoder.layers.2.attention.out_proj.weight]
Loading weights:  18%|█▊        | 38/211 [00:00<00:00, 13156.97it/s, Materializing param=encoder.layers.2.attention.out_proj.weight]
Loading weights:  18%|█▊        | 39/211 [00:00<00:00, 13278.50it/s, Materializing param=encoder.layers.2.attention.q_proj.bias]    
Loading weights:  18%|█▊        | 39/211 [00:00<00:00, 13193.89it/s, Materializing param=encoder.layers.2.attention.q_proj.bias]
Loading weights:  19%|█▉        | 40/211 [00:00<00:00, 13359.78it/s, Materializing param=encoder.layers.2.attention.q_proj.weight]
Loading weights:  19%|█▉        | 40/211 [00:00<00:00, 13271.01it/s, Materializing param=encoder.layers.2.attention.q_proj.weight]
Loading weights:  19%|█▉        | 41/211 [00:00<00:00, 13433.83it/s, Materializing param=encoder.layers.2.attention.v_proj.bias]  
Loading weights:  19%|█▉        | 41/211 [00:00<00:00, 13351.43it/s, Materializing param=encoder.layers.2.attention.v_proj.bias]
Loading weights:  20%|█▉        | 42/211 [00:00<00:00, 13526.90it/s, Materializing param=encoder.layers.2.attention.v_proj.weight]
Loading weights:  20%|█▉        | 42/211 [00:00<00:00, 13444.31it/s, Materializing param=encoder.layers.2.attention.v_proj.weight]
Loading weights:  20%|██        | 43/211 [00:00<00:00, 13551.36it/s, Materializing param=encoder.layers.2.feed_forward.intermediate_dense.bias]
Loading weights:  20%|██        | 43/211 [00:00<00:00, 13471.40it/s, Materializing param=encoder.layers.2.feed_forward.intermediate_dense.bias]
Loading weights:  21%|██        | 44/211 [00:00<00:00, 13534.97it/s, Materializing param=encoder.layers.2.feed_forward.intermediate_dense.weight]
Loading weights:  21%|██        | 44/211 [00:00<00:00, 13455.04it/s, Materializing param=encoder.layers.2.feed_forward.intermediate_dense.weight]
Loading weights:  21%|██▏       | 45/211 [00:00<00:00, 13608.05it/s, Materializing param=encoder.layers.2.feed_forward.output_dense.bias]        
Loading weights:  21%|██▏       | 45/211 [00:00<00:00, 13522.26it/s, Materializing param=encoder.layers.2.feed_forward.output_dense.bias]
Loading weights:  22%|██▏       | 46/211 [00:00<00:00, 13621.72it/s, Materializing param=encoder.layers.2.feed_forward.output_dense.weight]
Loading weights:  22%|██▏       | 46/211 [00:00<00:00, 13549.02it/s, Materializing param=encoder.layers.2.feed_forward.output_dense.weight]
Loading weights:  22%|██▏       | 47/211 [00:00<00:00, 13658.44it/s, Materializing param=encoder.layers.2.final_layer_norm.bias]           
Loading weights:  22%|██▏       | 47/211 [00:00<00:00, 13587.83it/s, Materializing param=encoder.layers.2.final_layer_norm.bias]
Loading weights:  23%|██▎       | 48/211 [00:00<00:00, 13737.74it/s, Materializing param=encoder.layers.2.final_layer_norm.weight]
Loading weights:  23%|██▎       | 48/211 [00:00<00:00, 13655.74it/s, Materializing param=encoder.layers.2.final_layer_norm.weight]
Loading weights:  23%|██▎       | 49/211 [00:00<00:00, 13791.50it/s, Materializing param=encoder.layers.2.layer_norm.bias]        
Loading weights:  23%|██▎       | 49/211 [00:00<00:00, 13714.19it/s, Materializing param=encoder.layers.2.layer_norm.bias]
Loading weights:  24%|██▎       | 50/211 [00:00<00:00, 13807.95it/s, Materializing param=encoder.layers.2.layer_norm.weight]
Loading weights:  24%|██▎       | 50/211 [00:00<00:00, 13736.50it/s, Materializing param=encoder.layers.2.layer_norm.weight]
Loading weights:  24%|██▍       | 51/211 [00:00<00:00, 13869.51it/s, Materializing param=encoder.layers.3.attention.k_proj.bias]
Loading weights:  24%|██▍       | 51/211 [00:00<00:00, 13794.38it/s, Materializing param=encoder.layers.3.attention.k_proj.bias]
Loading weights:  25%|██▍       | 52/211 [00:00<00:00, 13930.11it/s, Materializing param=encoder.layers.3.attention.k_proj.weight]
Loading weights:  25%|██▍       | 52/211 [00:00<00:00, 13855.78it/s, Materializing param=encoder.layers.3.attention.k_proj.weight]
Loading weights:  25%|██▌       | 53/211 [00:00<00:00, 13980.13it/s, Materializing param=encoder.layers.3.attention.out_proj.bias]
Loading weights:  25%|██▌       | 53/211 [00:00<00:00, 13911.02it/s, Materializing param=encoder.layers.3.attention.out_proj.bias]
Loading weights:  26%|██▌       | 54/211 [00:00<00:00, 14032.99it/s, Materializing param=encoder.layers.3.attention.out_proj.weight]
Loading weights:  26%|██▌       | 54/211 [00:00<00:00, 13956.89it/s, Materializing param=encoder.layers.3.attention.out_proj.weight]
Loading weights:  26%|██▌       | 55/211 [00:00<00:00, 14030.33it/s, Materializing param=encoder.layers.3.attention.q_proj.bias]    
Loading weights:  26%|██▌       | 55/211 [00:00<00:00, 13966.62it/s, Materializing param=encoder.layers.3.attention.q_proj.bias]
Loading weights:  27%|██▋       | 56/211 [00:00<00:00, 14091.73it/s, Materializing param=encoder.layers.3.attention.q_proj.weight]
Loading weights:  27%|██▋       | 56/211 [00:00<00:00, 14027.77it/s, Materializing param=encoder.layers.3.attention.q_proj.weight]
Loading weights:  27%|██▋       | 57/211 [00:00<00:00, 14074.02it/s, Materializing param=encoder.layers.3.attention.v_proj.bias]  
Loading weights:  27%|██▋       | 57/211 [00:00<00:00, 14011.33it/s, Materializing param=encoder.layers.3.attention.v_proj.bias]
Loading weights:  27%|██▋       | 58/211 [00:00<00:00, 14122.24it/s, Materializing param=encoder.layers.3.attention.v_proj.weight]
Loading weights:  27%|██▋       | 58/211 [00:00<00:00, 14060.20it/s, Materializing param=encoder.layers.3.attention.v_proj.weight]
Loading weights:  28%|██▊       | 59/211 [00:00<00:00, 14175.63it/s, Materializing param=encoder.layers.3.feed_forward.intermediate_dense.bias]
Loading weights:  28%|██▊       | 59/211 [00:00<00:00, 14108.55it/s, Materializing param=encoder.layers.3.feed_forward.intermediate_dense.bias]
Loading weights:  28%|██▊       | 60/211 [00:00<00:00, 14181.12it/s, Materializing param=encoder.layers.3.feed_forward.intermediate_dense.weight]
Loading weights:  28%|██▊       | 60/211 [00:00<00:00, 14117.48it/s, Materializing param=encoder.layers.3.feed_forward.intermediate_dense.weight]
Loading weights:  29%|██▉       | 61/211 [00:00<00:00, 14222.72it/s, Materializing param=encoder.layers.3.feed_forward.output_dense.bias]        
Loading weights:  29%|██▉       | 61/211 [00:00<00:00, 14156.62it/s, Materializing param=encoder.layers.3.feed_forward.output_dense.bias]
Loading weights:  29%|██▉       | 62/211 [00:00<00:00, 14262.43it/s, Materializing param=encoder.layers.3.feed_forward.output_dense.weight]
Loading weights:  29%|██▉       | 62/211 [00:00<00:00, 14197.02it/s, Materializing param=encoder.layers.3.feed_forward.output_dense.weight]
Loading weights:  30%|██▉       | 63/211 [00:00<00:00, 14305.73it/s, Materializing param=encoder.layers.3.final_layer_norm.bias]           
Loading weights:  30%|██▉       | 63/211 [00:00<00:00, 14240.20it/s, Materializing param=encoder.layers.3.final_layer_norm.bias]
Loading weights:  30%|███       | 64/211 [00:00<00:00, 14336.44it/s, Materializing param=encoder.layers.3.final_layer_norm.weight]
Loading weights:  30%|███       | 64/211 [00:00<00:00, 14263.31it/s, Materializing param=encoder.layers.3.final_layer_norm.weight]
Loading weights:  31%|███       | 65/211 [00:00<00:00, 14364.81it/s, Materializing param=encoder.layers.3.layer_norm.bias]        
Loading weights:  31%|███       | 65/211 [00:00<00:00, 14304.52it/s, Materializing param=encoder.layers.3.layer_norm.bias]
Loading weights:  31%|███▏      | 66/211 [00:00<00:00, 14366.29it/s, Materializing param=encoder.layers.3.layer_norm.weight]
Loading weights:  31%|███▏      | 66/211 [00:00<00:00, 14310.59it/s, Materializing param=encoder.layers.3.layer_norm.weight]
Loading weights:  32%|███▏      | 67/211 [00:00<00:00, 14406.03it/s, Materializing param=encoder.layers.4.attention.k_proj.bias]
Loading weights:  32%|███▏      | 67/211 [00:00<00:00, 14347.19it/s, Materializing param=encoder.layers.4.attention.k_proj.bias]
Loading weights:  32%|███▏      | 68/211 [00:00<00:00, 14443.34it/s, Materializing param=encoder.layers.4.attention.k_proj.weight]
Loading weights:  32%|███▏      | 68/211 [00:00<00:00, 14385.79it/s, Materializing param=encoder.layers.4.attention.k_proj.weight]
Loading weights:  33%|███▎      | 69/211 [00:00<00:00, 14480.49it/s, Materializing param=encoder.layers.4.attention.out_proj.bias]
Loading weights:  33%|███▎      | 69/211 [00:00<00:00, 14422.75it/s, Materializing param=encoder.layers.4.attention.out_proj.bias]
Loading weights:  33%|███▎      | 70/211 [00:00<00:00, 14507.43it/s, Materializing param=encoder.layers.4.attention.out_proj.weight]
Loading weights:  33%|███▎      | 70/211 [00:00<00:00, 14453.86it/s, Materializing param=encoder.layers.4.attention.out_proj.weight]
Loading weights:  34%|███▎      | 71/211 [00:00<00:00, 14549.32it/s, Materializing param=encoder.layers.4.attention.q_proj.bias]    
Loading weights:  34%|███▎      | 71/211 [00:00<00:00, 14489.86it/s, Materializing param=encoder.layers.4.attention.q_proj.bias]
Loading weights:  34%|███▍      | 72/211 [00:00<00:00, 14583.95it/s, Materializing param=encoder.layers.4.attention.q_proj.weight]
Loading weights:  34%|███▍      | 72/211 [00:00<00:00, 14533.42it/s, Materializing param=encoder.layers.4.attention.q_proj.weight]
Loading weights:  35%|███▍      | 73/211 [00:00<00:00, 14626.87it/s, Materializing param=encoder.layers.4.attention.v_proj.bias]  
Loading weights:  35%|███▍      | 73/211 [00:00<00:00, 14576.73it/s, Materializing param=encoder.layers.4.attention.v_proj.bias]
Loading weights:  35%|███▌      | 74/211 [00:00<00:00, 14642.57it/s, Materializing param=encoder.layers.4.attention.v_proj.weight]
Loading weights:  35%|███▌      | 74/211 [00:00<00:00, 14589.57it/s, Materializing param=encoder.layers.4.attention.v_proj.weight]
Loading weights:  36%|███▌      | 75/211 [00:00<00:00, 14677.03it/s, Materializing param=encoder.layers.4.feed_forward.intermediate_dense.bias]
Loading weights:  36%|███▌      | 75/211 [00:00<00:00, 14623.13it/s, Materializing param=encoder.layers.4.feed_forward.intermediate_dense.bias]
Loading weights:  36%|███▌      | 76/211 [00:00<00:00, 14702.60it/s, Materializing param=encoder.layers.4.feed_forward.intermediate_dense.weight]
Loading weights:  36%|███▌      | 76/211 [00:00<00:00, 14649.22it/s, Materializing param=encoder.layers.4.feed_forward.intermediate_dense.weight]
Loading weights:  36%|███▋      | 77/211 [00:00<00:00, 14706.13it/s, Materializing param=encoder.layers.4.feed_forward.output_dense.bias]        
Loading weights:  36%|███▋      | 77/211 [00:00<00:00, 14655.42it/s, Materializing param=encoder.layers.4.feed_forward.output_dense.bias]
Loading weights:  37%|███▋      | 78/211 [00:00<00:00, 14733.43it/s, Materializing param=encoder.layers.4.feed_forward.output_dense.weight]
Loading weights:  37%|███▋      | 78/211 [00:00<00:00, 14681.19it/s, Materializing param=encoder.layers.4.feed_forward.output_dense.weight]
Loading weights:  37%|███▋      | 79/211 [00:00<00:00, 14777.24it/s, Materializing param=encoder.layers.4.final_layer_norm.bias]           
Loading weights:  37%|███▋      | 79/211 [00:00<00:00, 14731.25it/s, Materializing param=encoder.layers.4.final_layer_norm.bias]
Loading weights:  38%|███▊      | 80/211 [00:00<00:00, 14582.54it/s, Materializing param=encoder.layers.4.final_layer_norm.weight]
Loading weights:  38%|███▊      | 80/211 [00:00<00:00, 14469.35it/s, Materializing param=encoder.layers.4.final_layer_norm.weight]
Loading weights:  38%|███▊      | 81/211 [00:00<00:00, 14505.73it/s, Materializing param=encoder.layers.4.layer_norm.bias]        
Loading weights:  38%|███▊      | 81/211 [00:00<00:00, 14451.43it/s, Materializing param=encoder.layers.4.layer_norm.bias]
Loading weights:  39%|███▉      | 82/211 [00:00<00:00, 14529.10it/s, Materializing param=encoder.layers.4.layer_norm.weight]
Loading weights:  39%|███▉      | 82/211 [00:00<00:00, 14474.68it/s, Materializing param=encoder.layers.4.layer_norm.weight]
Loading weights:  39%|███▉      | 83/211 [00:00<00:00, 14564.16it/s, Materializing param=encoder.layers.5.attention.k_proj.bias]
Loading weights:  39%|███▉      | 83/211 [00:00<00:00, 14518.61it/s, Materializing param=encoder.layers.5.attention.k_proj.bias]
Loading weights:  40%|███▉      | 84/211 [00:00<00:00, 14555.73it/s, Materializing param=encoder.layers.5.attention.k_proj.weight]
Loading weights:  40%|███▉      | 84/211 [00:00<00:00, 14503.01it/s, Materializing param=encoder.layers.5.attention.k_proj.weight]
Loading weights:  40%|████      | 85/211 [00:00<00:00, 14426.25it/s, Materializing param=encoder.layers.5.attention.out_proj.bias]
Loading weights:  40%|████      | 85/211 [00:00<00:00, 14334.02it/s, Materializing param=encoder.layers.5.attention.out_proj.bias]
Loading weights:  41%|████      | 86/211 [00:00<00:00, 14348.06it/s, Materializing param=encoder.layers.5.attention.out_proj.weight]
Loading weights:  41%|████      | 86/211 [00:00<00:00, 14238.18it/s, Materializing param=encoder.layers.5.attention.out_proj.weight]
Loading weights:  41%|████      | 87/211 [00:00<00:00, 14299.88it/s, Materializing param=encoder.layers.5.attention.q_proj.bias]    
Loading weights:  41%|████      | 87/211 [00:00<00:00, 14250.74it/s, Materializing param=encoder.layers.5.attention.q_proj.bias]
Loading weights:  42%|████▏     | 88/211 [00:00<00:00, 14323.36it/s, Materializing param=encoder.layers.5.attention.q_proj.weight]
Loading weights:  42%|████▏     | 88/211 [00:00<00:00, 14276.82it/s, Materializing param=encoder.layers.5.attention.q_proj.weight]
Loading weights:  42%|████▏     | 89/211 [00:00<00:00, 14357.43it/s, Materializing param=encoder.layers.5.attention.v_proj.bias]  
Loading weights:  42%|████▏     | 89/211 [00:00<00:00, 14311.19it/s, Materializing param=encoder.layers.5.attention.v_proj.bias]
Loading weights:  43%|████▎     | 90/211 [00:00<00:00, 14395.28it/s, Materializing param=encoder.layers.5.attention.v_proj.weight]
Loading weights:  43%|████▎     | 90/211 [00:00<00:00, 14354.22it/s, Materializing param=encoder.layers.5.attention.v_proj.weight]
Loading weights:  43%|████▎     | 91/211 [00:00<00:00, 14412.87it/s, Materializing param=encoder.layers.5.feed_forward.intermediate_dense.bias]
Loading weights:  43%|████▎     | 91/211 [00:00<00:00, 14367.30it/s, Materializing param=encoder.layers.5.feed_forward.intermediate_dense.bias]
Loading weights:  44%|████▎     | 92/211 [00:00<00:00, 14431.20it/s, Materializing param=encoder.layers.5.feed_forward.intermediate_dense.weight]
Loading weights:  44%|████▎     | 92/211 [00:00<00:00, 14388.16it/s, Materializing param=encoder.layers.5.feed_forward.intermediate_dense.weight]
Loading weights:  44%|████▍     | 93/211 [00:00<00:00, 14465.26it/s, Materializing param=encoder.layers.5.feed_forward.output_dense.bias]        
Loading weights:  44%|████▍     | 93/211 [00:00<00:00, 14423.01it/s, Materializing param=encoder.layers.5.feed_forward.output_dense.bias]
Loading weights:  45%|████▍     | 94/211 [00:00<00:00, 14497.69it/s, Materializing param=encoder.layers.5.feed_forward.output_dense.weight]
Loading weights:  45%|████▍     | 94/211 [00:00<00:00, 14454.63it/s, Materializing param=encoder.layers.5.feed_forward.output_dense.weight]
Loading weights:  45%|████▌     | 95/211 [00:00<00:00, 14530.63it/s, Materializing param=encoder.layers.5.final_layer_norm.bias]           
Loading weights:  45%|████▌     | 95/211 [00:00<00:00, 14488.36it/s, Materializing param=encoder.layers.5.final_layer_norm.bias]
Loading weights:  45%|████▌     | 96/211 [00:00<00:00, 14569.35it/s, Materializing param=encoder.layers.5.final_layer_norm.weight]
Loading weights:  45%|████▌     | 96/211 [00:00<00:00, 14529.92it/s, Materializing param=encoder.layers.5.final_layer_norm.weight]
Loading weights:  46%|████▌     | 97/211 [00:00<00:00, 14614.82it/s, Materializing param=encoder.layers.5.layer_norm.bias]        
Loading weights:  46%|████▌     | 97/211 [00:00<00:00, 14575.56it/s, Materializing param=encoder.layers.5.layer_norm.bias]
Loading weights:  46%|████▋     | 98/211 [00:00<00:00, 14659.65it/s, Materializing param=encoder.layers.5.layer_norm.weight]
Loading weights:  46%|████▋     | 98/211 [00:00<00:00, 14620.02it/s, Materializing param=encoder.layers.5.layer_norm.weight]
Loading weights:  47%|████▋     | 99/211 [00:00<00:00, 14701.75it/s, Materializing param=encoder.layers.6.attention.k_proj.bias]
Loading weights:  47%|████▋     | 99/211 [00:00<00:00, 14662.29it/s, Materializing param=encoder.layers.6.attention.k_proj.bias]
Loading weights:  47%|████▋     | 100/211 [00:00<00:00, 14725.12it/s, Materializing param=encoder.layers.6.attention.k_proj.weight]
Loading weights:  47%|████▋     | 100/211 [00:00<00:00, 14686.45it/s, Materializing param=encoder.layers.6.attention.k_proj.weight]
Loading weights:  48%|████▊     | 101/211 [00:00<00:00, 14757.36it/s, Materializing param=encoder.layers.6.attention.out_proj.bias]
Loading weights:  48%|████▊     | 101/211 [00:00<00:00, 14720.95it/s, Materializing param=encoder.layers.6.attention.out_proj.bias]
Loading weights:  48%|████▊     | 102/211 [00:00<00:00, 14795.23it/s, Materializing param=encoder.layers.6.attention.out_proj.weight]
Loading weights:  48%|████▊     | 102/211 [00:00<00:00, 14754.92it/s, Materializing param=encoder.layers.6.attention.out_proj.weight]
Loading weights:  49%|████▉     | 103/211 [00:00<00:00, 14792.95it/s, Materializing param=encoder.layers.6.attention.q_proj.bias]    
Loading weights:  49%|████▉     | 103/211 [00:00<00:00, 14752.03it/s, Materializing param=encoder.layers.6.attention.q_proj.bias]
Loading weights:  49%|████▉     | 104/211 [00:00<00:00, 14819.35it/s, Materializing param=encoder.layers.6.attention.q_proj.weight]
Loading weights:  49%|████▉     | 104/211 [00:00<00:00, 14781.19it/s, Materializing param=encoder.layers.6.attention.q_proj.weight]
Loading weights:  50%|████▉     | 105/211 [00:00<00:00, 14834.34it/s, Materializing param=encoder.layers.6.attention.v_proj.bias]  
Loading weights:  50%|████▉     | 105/211 [00:00<00:00, 14790.50it/s, Materializing param=encoder.layers.6.attention.v_proj.bias]
Loading weights:  50%|█████     | 106/211 [00:00<00:00, 14837.18it/s, Materializing param=encoder.layers.6.attention.v_proj.weight]
Loading weights:  50%|█████     | 106/211 [00:00<00:00, 14798.17it/s, Materializing param=encoder.layers.6.attention.v_proj.weight]
Loading weights:  51%|█████     | 107/211 [00:00<00:00, 14795.45it/s, Materializing param=encoder.layers.6.feed_forward.intermediate_dense.bias]
Loading weights:  51%|█████     | 107/211 [00:00<00:00, 14730.38it/s, Materializing param=encoder.layers.6.feed_forward.intermediate_dense.bias]
Loading weights:  51%|█████     | 108/211 [00:00<00:00, 14760.50it/s, Materializing param=encoder.layers.6.feed_forward.intermediate_dense.weight]
Loading weights:  51%|█████     | 108/211 [00:00<00:00, 14715.90it/s, Materializing param=encoder.layers.6.feed_forward.intermediate_dense.weight]
Loading weights:  52%|█████▏    | 109/211 [00:00<00:00, 14770.11it/s, Materializing param=encoder.layers.6.feed_forward.output_dense.bias]        
Loading weights:  52%|█████▏    | 109/211 [00:00<00:00, 14729.66it/s, Materializing param=encoder.layers.6.feed_forward.output_dense.bias]
Loading weights:  52%|█████▏    | 110/211 [00:00<00:00, 14780.98it/s, Materializing param=encoder.layers.6.feed_forward.output_dense.weight]
Loading weights:  52%|█████▏    | 110/211 [00:00<00:00, 14737.07it/s, Materializing param=encoder.layers.6.feed_forward.output_dense.weight]
Loading weights:  53%|█████▎    | 111/211 [00:00<00:00, 14787.91it/s, Materializing param=encoder.layers.6.final_layer_norm.bias]           
Loading weights:  53%|█████▎    | 111/211 [00:00<00:00, 14750.89it/s, Materializing param=encoder.layers.6.final_layer_norm.bias]
Loading weights:  53%|█████▎    | 112/211 [00:00<00:00, 14771.93it/s, Materializing param=encoder.layers.6.final_layer_norm.weight]
Loading weights:  53%|█████▎    | 112/211 [00:00<00:00, 14734.86it/s, Materializing param=encoder.layers.6.final_layer_norm.weight]
Loading weights:  54%|█████▎    | 113/211 [00:00<00:00, 14790.80it/s, Materializing param=encoder.layers.6.layer_norm.bias]        
Loading weights:  54%|█████▎    | 113/211 [00:00<00:00, 14750.29it/s, Materializing param=encoder.layers.6.layer_norm.bias]
Loading weights:  54%|█████▍    | 114/211 [00:00<00:00, 14812.60it/s, Materializing param=encoder.layers.6.layer_norm.weight]
Loading weights:  54%|█████▍    | 114/211 [00:00<00:00, 14778.26it/s, Materializing param=encoder.layers.6.layer_norm.weight]
Loading weights:  55%|█████▍    | 115/211 [00:00<00:00, 14833.17it/s, Materializing param=encoder.layers.7.attention.k_proj.bias]
Loading weights:  55%|█████▍    | 115/211 [00:00<00:00, 14794.50it/s, Materializing param=encoder.layers.7.attention.k_proj.bias]
Loading weights:  55%|█████▍    | 116/211 [00:00<00:00, 14841.21it/s, Materializing param=encoder.layers.7.attention.k_proj.weight]
Loading weights:  55%|█████▍    | 116/211 [00:00<00:00, 14803.28it/s, Materializing param=encoder.layers.7.attention.k_proj.weight]
Loading weights:  55%|█████▌    | 117/211 [00:00<00:00, 14851.36it/s, Materializing param=encoder.layers.7.attention.out_proj.bias]
Loading weights:  55%|█████▌    | 117/211 [00:00<00:00, 14810.13it/s, Materializing param=encoder.layers.7.attention.out_proj.bias]
Loading weights:  56%|█████▌    | 118/211 [00:00<00:00, 14859.58it/s, Materializing param=encoder.layers.7.attention.out_proj.weight]
Loading weights:  56%|█████▌    | 118/211 [00:00<00:00, 14823.97it/s, Materializing param=encoder.layers.7.attention.out_proj.weight]
Loading weights:  56%|█████▋    | 119/211 [00:00<00:00, 14873.42it/s, Materializing param=encoder.layers.7.attention.q_proj.bias]    
Loading weights:  56%|█████▋    | 119/211 [00:00<00:00, 14836.28it/s, Materializing param=encoder.layers.7.attention.q_proj.bias]
Loading weights:  57%|█████▋    | 120/211 [00:00<00:00, 14864.63it/s, Materializing param=encoder.layers.7.attention.q_proj.weight]
Loading weights:  57%|█████▋    | 120/211 [00:00<00:00, 14829.16it/s, Materializing param=encoder.layers.7.attention.q_proj.weight]
Loading weights:  57%|█████▋    | 121/211 [00:00<00:00, 14886.94it/s, Materializing param=encoder.layers.7.attention.v_proj.bias]  
Loading weights:  57%|█████▋    | 121/211 [00:00<00:00, 14853.83it/s, Materializing param=encoder.layers.7.attention.v_proj.bias]
Loading weights:  58%|█████▊    | 122/211 [00:00<00:00, 14901.57it/s, Materializing param=encoder.layers.7.attention.v_proj.weight]
Loading weights:  58%|█████▊    | 122/211 [00:00<00:00, 14863.48it/s, Materializing param=encoder.layers.7.attention.v_proj.weight]
Loading weights:  58%|█████▊    | 123/211 [00:00<00:00, 14920.31it/s, Materializing param=encoder.layers.7.feed_forward.intermediate_dense.bias]
Loading weights:  58%|█████▊    | 123/211 [00:00<00:00, 14885.43it/s, Materializing param=encoder.layers.7.feed_forward.intermediate_dense.bias]
Loading weights:  59%|█████▉    | 124/211 [00:00<00:00, 14934.49it/s, Materializing param=encoder.layers.7.feed_forward.intermediate_dense.weight]
Loading weights:  59%|█████▉    | 124/211 [00:00<00:00, 14900.26it/s, Materializing param=encoder.layers.7.feed_forward.intermediate_dense.weight]
Loading weights:  59%|█████▉    | 125/211 [00:00<00:00, 14925.50it/s, Materializing param=encoder.layers.7.feed_forward.output_dense.bias]        
Loading weights:  59%|█████▉    | 125/211 [00:00<00:00, 14893.70it/s, Materializing param=encoder.layers.7.feed_forward.output_dense.bias]
Loading weights:  60%|█████▉    | 126/211 [00:00<00:00, 14944.92it/s, Materializing param=encoder.layers.7.feed_forward.output_dense.weight]
Loading weights:  60%|█████▉    | 126/211 [00:00<00:00, 14909.50it/s, Materializing param=encoder.layers.7.feed_forward.output_dense.weight]
Loading weights:  60%|██████    | 127/211 [00:00<00:00, 14961.99it/s, Materializing param=encoder.layers.7.final_layer_norm.bias]           
Loading weights:  60%|██████    | 127/211 [00:00<00:00, 14927.19it/s, Materializing param=encoder.layers.7.final_layer_norm.bias]
Loading weights:  61%|██████    | 128/211 [00:00<00:00, 14875.07it/s, Materializing param=encoder.layers.7.final_layer_norm.weight]
Loading weights:  61%|██████    | 128/211 [00:00<00:00, 14813.09it/s, Materializing param=encoder.layers.7.final_layer_norm.weight]
Loading weights:  61%|██████    | 129/211 [00:00<00:00, 14800.59it/s, Materializing param=encoder.layers.7.layer_norm.bias]        
Loading weights:  61%|██████    | 129/211 [00:00<00:00, 14724.47it/s, Materializing param=encoder.layers.7.layer_norm.bias]
Loading weights:  62%|██████▏   | 130/211 [00:00<00:00, 14745.91it/s, Materializing param=encoder.layers.7.layer_norm.weight]
Loading weights:  62%|██████▏   | 130/211 [00:00<00:00, 14705.74it/s, Materializing param=encoder.layers.7.layer_norm.weight]
Loading weights:  62%|██████▏   | 131/211 [00:00<00:00, 14745.69it/s, Materializing param=encoder.layers.8.attention.k_proj.bias]
Loading weights:  62%|██████▏   | 131/211 [00:00<00:00, 14710.95it/s, Materializing param=encoder.layers.8.attention.k_proj.bias]
Loading weights:  63%|██████▎   | 132/211 [00:00<00:00, 14727.03it/s, Materializing param=encoder.layers.8.attention.k_proj.weight]
Loading weights:  63%|██████▎   | 132/211 [00:00<00:00, 14668.12it/s, Materializing param=encoder.layers.8.attention.k_proj.weight]
Loading weights:  63%|██████▎   | 133/211 [00:00<00:00, 14666.94it/s, Materializing param=encoder.layers.8.attention.out_proj.bias]
Loading weights:  63%|██████▎   | 133/211 [00:00<00:00, 14607.41it/s, Materializing param=encoder.layers.8.attention.out_proj.bias]
Loading weights:  64%|██████▎   | 134/211 [00:00<00:00, 14635.23it/s, Materializing param=encoder.layers.8.attention.out_proj.weight]
Loading weights:  64%|██████▎   | 134/211 [00:00<00:00, 14595.32it/s, Materializing param=encoder.layers.8.attention.out_proj.weight]
Loading weights:  64%|██████▍   | 135/211 [00:00<00:00, 14638.86it/s, Materializing param=encoder.layers.8.attention.q_proj.bias]    
Loading weights:  64%|██████▍   | 135/211 [00:00<00:00, 14608.64it/s, Materializing param=encoder.layers.8.attention.q_proj.bias]
Loading weights:  64%|██████▍   | 136/211 [00:00<00:00, 14636.42it/s, Materializing param=encoder.layers.8.attention.q_proj.weight]
Loading weights:  64%|██████▍   | 136/211 [00:00<00:00, 14593.74it/s, Materializing param=encoder.layers.8.attention.q_proj.weight]
Loading weights:  65%|██████▍   | 137/211 [00:00<00:00, 14635.14it/s, Materializing param=encoder.layers.8.attention.v_proj.bias]  
Loading weights:  65%|██████▍   | 137/211 [00:00<00:00, 14602.42it/s, Materializing param=encoder.layers.8.attention.v_proj.bias]
Loading weights:  65%|██████▌   | 138/211 [00:00<00:00, 14649.81it/s, Materializing param=encoder.layers.8.attention.v_proj.weight]
Loading weights:  65%|██████▌   | 138/211 [00:00<00:00, 14615.78it/s, Materializing param=encoder.layers.8.attention.v_proj.weight]
Loading weights:  66%|██████▌   | 139/211 [00:00<00:00, 14665.40it/s, Materializing param=encoder.layers.8.feed_forward.intermediate_dense.bias]
Loading weights:  66%|██████▌   | 139/211 [00:00<00:00, 14636.31it/s, Materializing param=encoder.layers.8.feed_forward.intermediate_dense.bias]
Loading weights:  66%|██████▋   | 140/211 [00:00<00:00, 14655.15it/s, Materializing param=encoder.layers.8.feed_forward.intermediate_dense.weight]
Loading weights:  66%|██████▋   | 140/211 [00:00<00:00, 14609.21it/s, Materializing param=encoder.layers.8.feed_forward.intermediate_dense.weight]
Loading weights:  67%|██████▋   | 141/211 [00:00<00:00, 14619.00it/s, Materializing param=encoder.layers.8.feed_forward.output_dense.bias]        
Loading weights:  67%|██████▋   | 141/211 [00:00<00:00, 14584.03it/s, Materializing param=encoder.layers.8.feed_forward.output_dense.bias]
Loading weights:  67%|██████▋   | 142/211 [00:00<00:00, 14613.58it/s, Materializing param=encoder.layers.8.feed_forward.output_dense.weight]
Loading weights:  67%|██████▋   | 142/211 [00:00<00:00, 14574.60it/s, Materializing param=encoder.layers.8.feed_forward.output_dense.weight]
Loading weights:  68%|██████▊   | 143/211 [00:00<00:00, 14618.93it/s, Materializing param=encoder.layers.8.final_layer_norm.bias]           
Loading weights:  68%|██████▊   | 143/211 [00:00<00:00, 14590.48it/s, Materializing param=encoder.layers.8.final_layer_norm.bias]
Loading weights:  68%|██████▊   | 144/211 [00:00<00:00, 14643.35it/s, Materializing param=encoder.layers.8.final_layer_norm.weight]
Loading weights:  68%|██████▊   | 144/211 [00:00<00:00, 14616.07it/s, Materializing param=encoder.layers.8.final_layer_norm.weight]
Loading weights:  69%|██████▊   | 145/211 [00:00<00:00, 14491.38it/s, Materializing param=encoder.layers.8.layer_norm.bias]        
Loading weights:  69%|██████▊   | 145/211 [00:00<00:00, 14464.15it/s, Materializing param=encoder.layers.8.layer_norm.bias]
Loading weights:  69%|██████▉   | 146/211 [00:00<00:00, 14518.67it/s, Materializing param=encoder.layers.8.layer_norm.weight]
Loading weights:  69%|██████▉   | 146/211 [00:00<00:00, 14494.27it/s, Materializing param=encoder.layers.8.layer_norm.weight]
Loading weights:  70%|██████▉   | 147/211 [00:00<00:00, 14548.78it/s, Materializing param=encoder.layers.9.attention.k_proj.bias]
Loading weights:  70%|██████▉   | 147/211 [00:00<00:00, 14523.08it/s, Materializing param=encoder.layers.9.attention.k_proj.bias]
Loading weights:  70%|███████   | 148/211 [00:00<00:00, 14568.34it/s, Materializing param=encoder.layers.9.attention.k_proj.weight]
Loading weights:  70%|███████   | 148/211 [00:00<00:00, 14542.74it/s, Materializing param=encoder.layers.9.attention.k_proj.weight]
Loading weights:  71%|███████   | 149/211 [00:00<00:00, 14592.12it/s, Materializing param=encoder.layers.9.attention.out_proj.bias]
Loading weights:  71%|███████   | 149/211 [00:00<00:00, 14567.97it/s, Materializing param=encoder.layers.9.attention.out_proj.bias]
Loading weights:  71%|███████   | 150/211 [00:00<00:00, 14614.30it/s, Materializing param=encoder.layers.9.attention.out_proj.weight]
Loading weights:  71%|███████   | 150/211 [00:00<00:00, 14588.88it/s, Materializing param=encoder.layers.9.attention.out_proj.weight]
Loading weights:  72%|███████▏  | 151/211 [00:00<00:00, 14630.17it/s, Materializing param=encoder.layers.9.attention.q_proj.bias]    
Loading weights:  72%|███████▏  | 151/211 [00:00<00:00, 14604.86it/s, Materializing param=encoder.layers.9.attention.q_proj.bias]
Loading weights:  72%|███████▏  | 152/211 [00:00<00:00, 14651.92it/s, Materializing param=encoder.layers.9.attention.q_proj.weight]
Loading weights:  72%|███████▏  | 152/211 [00:00<00:00, 14626.71it/s, Materializing param=encoder.layers.9.attention.q_proj.weight]
Loading weights:  73%|███████▎  | 153/211 [00:00<00:00, 14677.81it/s, Materializing param=encoder.layers.9.attention.v_proj.bias]  
Loading weights:  73%|███████▎  | 153/211 [00:00<00:00, 14654.01it/s, Materializing param=encoder.layers.9.attention.v_proj.bias]
Loading weights:  73%|███████▎  | 154/211 [00:00<00:00, 14704.79it/s, Materializing param=encoder.layers.9.attention.v_proj.weight]
Loading weights:  73%|███████▎  | 154/211 [00:00<00:00, 14680.73it/s, Materializing param=encoder.layers.9.attention.v_proj.weight]
Loading weights:  73%|███████▎  | 155/211 [00:00<00:00, 14730.86it/s, Materializing param=encoder.layers.9.feed_forward.intermediate_dense.bias]
Loading weights:  73%|███████▎  | 155/211 [00:00<00:00, 14705.87it/s, Materializing param=encoder.layers.9.feed_forward.intermediate_dense.bias]
Loading weights:  74%|███████▍  | 156/211 [00:00<00:00, 14751.69it/s, Materializing param=encoder.layers.9.feed_forward.intermediate_dense.weight]
Loading weights:  74%|███████▍  | 156/211 [00:00<00:00, 14726.79it/s, Materializing param=encoder.layers.9.feed_forward.intermediate_dense.weight]
Loading weights:  74%|███████▍  | 157/211 [00:00<00:00, 14776.63it/s, Materializing param=encoder.layers.9.feed_forward.output_dense.bias]        
Loading weights:  74%|███████▍  | 157/211 [00:00<00:00, 14751.47it/s, Materializing param=encoder.layers.9.feed_forward.output_dense.bias]
Loading weights:  75%|███████▍  | 158/211 [00:00<00:00, 14795.38it/s, Materializing param=encoder.layers.9.feed_forward.output_dense.weight]
Loading weights:  75%|███████▍  | 158/211 [00:00<00:00, 14771.64it/s, Materializing param=encoder.layers.9.feed_forward.output_dense.weight]
Loading weights:  75%|███████▌  | 159/211 [00:00<00:00, 14822.18it/s, Materializing param=encoder.layers.9.final_layer_norm.bias]           
Loading weights:  75%|███████▌  | 159/211 [00:00<00:00, 14797.51it/s, Materializing param=encoder.layers.9.final_layer_norm.bias]
Loading weights:  76%|███████▌  | 160/211 [00:00<00:00, 14846.44it/s, Materializing param=encoder.layers.9.final_layer_norm.weight]
Loading weights:  76%|███████▌  | 160/211 [00:00<00:00, 14821.84it/s, Materializing param=encoder.layers.9.final_layer_norm.weight]
Loading weights:  76%|███████▋  | 161/211 [00:00<00:00, 14873.09it/s, Materializing param=encoder.layers.9.layer_norm.bias]        
Loading weights:  76%|███████▋  | 161/211 [00:00<00:00, 14849.54it/s, Materializing param=encoder.layers.9.layer_norm.bias]
Loading weights:  77%|███████▋  | 162/211 [00:00<00:00, 14902.12it/s, Materializing param=encoder.layers.9.layer_norm.weight]
Loading weights:  77%|███████▋  | 162/211 [00:00<00:00, 14878.63it/s, Materializing param=encoder.layers.9.layer_norm.weight]
Loading weights:  77%|███████▋  | 163/211 [00:00<00:00, 14926.67it/s, Materializing param=encoder.layers.10.attention.k_proj.bias]
Loading weights:  77%|███████▋  | 163/211 [00:00<00:00, 14900.65it/s, Materializing param=encoder.layers.10.attention.k_proj.bias]
Loading weights:  78%|███████▊  | 164/211 [00:00<00:00, 14947.11it/s, Materializing param=encoder.layers.10.attention.k_proj.weight]
Loading weights:  78%|███████▊  | 164/211 [00:00<00:00, 14924.08it/s, Materializing param=encoder.layers.10.attention.k_proj.weight]
Loading weights:  78%|███████▊  | 165/211 [00:00<00:00, 14971.56it/s, Materializing param=encoder.layers.10.attention.out_proj.bias]
Loading weights:  78%|███████▊  | 165/211 [00:00<00:00, 14948.60it/s, Materializing param=encoder.layers.10.attention.out_proj.bias]
Loading weights:  79%|███████▊  | 166/211 [00:00<00:00, 14991.59it/s, Materializing param=encoder.layers.10.attention.out_proj.weight]
Loading weights:  79%|███████▊  | 166/211 [00:00<00:00, 14968.39it/s, Materializing param=encoder.layers.10.attention.out_proj.weight]
Loading weights:  79%|███████▉  | 167/211 [00:00<00:00, 15016.59it/s, Materializing param=encoder.layers.10.attention.q_proj.bias]    
Loading weights:  79%|███████▉  | 167/211 [00:00<00:00, 14992.48it/s, Materializing param=encoder.layers.10.attention.q_proj.bias]
Loading weights:  80%|███████▉  | 168/211 [00:00<00:00, 15040.41it/s, Materializing param=encoder.layers.10.attention.q_proj.weight]
Loading weights:  80%|███████▉  | 168/211 [00:00<00:00, 15016.37it/s, Materializing param=encoder.layers.10.attention.q_proj.weight]
Loading weights:  80%|████████  | 169/211 [00:00<00:00, 15063.70it/s, Materializing param=encoder.layers.10.attention.v_proj.bias]  
Loading weights:  80%|████████  | 169/211 [00:00<00:00, 15041.00it/s, Materializing param=encoder.layers.10.attention.v_proj.bias]
Loading weights:  81%|████████  | 170/211 [00:00<00:00, 15088.38it/s, Materializing param=encoder.layers.10.attention.v_proj.weight]
Loading weights:  81%|████████  | 170/211 [00:00<00:00, 15065.75it/s, Materializing param=encoder.layers.10.attention.v_proj.weight]
Loading weights:  81%|████████  | 171/211 [00:00<00:00, 15107.45it/s, Materializing param=encoder.layers.10.feed_forward.intermediate_dense.bias]
Loading weights:  81%|████████  | 171/211 [00:00<00:00, 15083.62it/s, Materializing param=encoder.layers.10.feed_forward.intermediate_dense.bias]
Loading weights:  82%|████████▏ | 172/211 [00:00<00:00, 15118.09it/s, Materializing param=encoder.layers.10.feed_forward.intermediate_dense.weight]
Loading weights:  82%|████████▏ | 172/211 [00:00<00:00, 15090.26it/s, Materializing param=encoder.layers.10.feed_forward.intermediate_dense.weight]
Loading weights:  82%|████████▏ | 173/211 [00:00<00:00, 15121.07it/s, Materializing param=encoder.layers.10.feed_forward.output_dense.bias]        
Loading weights:  82%|████████▏ | 173/211 [00:00<00:00, 15095.90it/s, Materializing param=encoder.layers.10.feed_forward.output_dense.bias]
Loading weights:  82%|████████▏ | 174/211 [00:00<00:00, 15139.69it/s, Materializing param=encoder.layers.10.feed_forward.output_dense.weight]
Loading weights:  82%|████████▏ | 174/211 [00:00<00:00, 15114.61it/s, Materializing param=encoder.layers.10.feed_forward.output_dense.weight]
Loading weights:  83%|████████▎ | 175/211 [00:00<00:00, 15151.58it/s, Materializing param=encoder.layers.10.final_layer_norm.bias]           
Loading weights:  83%|████████▎ | 175/211 [00:00<00:00, 15127.85it/s, Materializing param=encoder.layers.10.final_layer_norm.bias]
Loading weights:  83%|████████▎ | 176/211 [00:00<00:00, 15174.89it/s, Materializing param=encoder.layers.10.final_layer_norm.weight]
Loading weights:  83%|████████▎ | 176/211 [00:00<00:00, 15151.53it/s, Materializing param=encoder.layers.10.final_layer_norm.weight]
Loading weights:  84%|████████▍ | 177/211 [00:00<00:00, 15186.49it/s, Materializing param=encoder.layers.10.layer_norm.bias]        
Loading weights:  84%|████████▍ | 177/211 [00:00<00:00, 15159.21it/s, Materializing param=encoder.layers.10.layer_norm.bias]
Loading weights:  84%|████████▍ | 178/211 [00:00<00:00, 15203.25it/s, Materializing param=encoder.layers.10.layer_norm.weight]
Loading weights:  84%|████████▍ | 178/211 [00:00<00:00, 15180.07it/s, Materializing param=encoder.layers.10.layer_norm.weight]
Loading weights:  85%|████████▍ | 179/211 [00:00<00:00, 15226.34it/s, Materializing param=encoder.layers.11.attention.k_proj.bias]
Loading weights:  85%|████████▍ | 179/211 [00:00<00:00, 15204.14it/s, Materializing param=encoder.layers.11.attention.k_proj.bias]
Loading weights:  85%|████████▌ | 180/211 [00:00<00:00, 15247.70it/s, Materializing param=encoder.layers.11.attention.k_proj.weight]
Loading weights:  85%|████████▌ | 180/211 [00:00<00:00, 15225.87it/s, Materializing param=encoder.layers.11.attention.k_proj.weight]
Loading weights:  86%|████████▌ | 181/211 [00:00<00:00, 15257.53it/s, Materializing param=encoder.layers.11.attention.out_proj.bias]
Loading weights:  86%|████████▌ | 181/211 [00:00<00:00, 15234.57it/s, Materializing param=encoder.layers.11.attention.out_proj.bias]
Loading weights:  86%|████████▋ | 182/211 [00:00<00:00, 15276.13it/s, Materializing param=encoder.layers.11.attention.out_proj.weight]
Loading weights:  86%|████████▋ | 182/211 [00:00<00:00, 15252.93it/s, Materializing param=encoder.layers.11.attention.out_proj.weight]
Loading weights:  87%|████████▋ | 183/211 [00:00<00:00, 15288.17it/s, Materializing param=encoder.layers.11.attention.q_proj.bias]    
Loading weights:  87%|████████▋ | 183/211 [00:00<00:00, 15262.93it/s, Materializing param=encoder.layers.11.attention.q_proj.bias]
Loading weights:  87%|████████▋ | 184/211 [00:00<00:00, 15300.09it/s, Materializing param=encoder.layers.11.attention.q_proj.weight]
Loading weights:  87%|████████▋ | 184/211 [00:00<00:00, 15278.59it/s, Materializing param=encoder.layers.11.attention.q_proj.weight]
Loading weights:  88%|████████▊ | 185/211 [00:00<00:00, 15313.12it/s, Materializing param=encoder.layers.11.attention.v_proj.bias]  
Loading weights:  88%|████████▊ | 185/211 [00:00<00:00, 15286.57it/s, Materializing param=encoder.layers.11.attention.v_proj.bias]
Loading weights:  88%|████████▊ | 186/211 [00:00<00:00, 15327.53it/s, Materializing param=encoder.layers.11.attention.v_proj.weight]
Loading weights:  88%|████████▊ | 186/211 [00:00<00:00, 15306.18it/s, Materializing param=encoder.layers.11.attention.v_proj.weight]
Loading weights:  89%|████████▊ | 187/211 [00:00<00:00, 15340.61it/s, Materializing param=encoder.layers.11.feed_forward.intermediate_dense.bias]
Loading weights:  89%|████████▊ | 187/211 [00:00<00:00, 15317.84it/s, Materializing param=encoder.layers.11.feed_forward.intermediate_dense.bias]
Loading weights:  89%|████████▉ | 188/211 [00:00<00:00, 15343.12it/s, Materializing param=encoder.layers.11.feed_forward.intermediate_dense.weight]
Loading weights:  89%|████████▉ | 188/211 [00:00<00:00, 15265.89it/s, Materializing param=encoder.layers.11.feed_forward.intermediate_dense.weight]
Loading weights:  90%|████████▉ | 189/211 [00:00<00:00, 15252.89it/s, Materializing param=encoder.layers.11.feed_forward.output_dense.bias]        
Loading weights:  90%|████████▉ | 189/211 [00:00<00:00, 15219.80it/s, Materializing param=encoder.layers.11.feed_forward.output_dense.bias]
Loading weights:  90%|█████████ | 190/211 [00:00<00:00, 15235.39it/s, Materializing param=encoder.layers.11.feed_forward.output_dense.weight]
Loading weights:  90%|█████████ | 190/211 [00:00<00:00, 15209.81it/s, Materializing param=encoder.layers.11.feed_forward.output_dense.weight]
Loading weights:  91%|█████████ | 191/211 [00:00<00:00, 15232.29it/s, Materializing param=encoder.layers.11.final_layer_norm.bias]           
Loading weights:  91%|█████████ | 191/211 [00:00<00:00, 15206.85it/s, Materializing param=encoder.layers.11.final_layer_norm.bias]
Loading weights:  91%|█████████ | 192/211 [00:00<00:00, 15216.57it/s, Materializing param=encoder.layers.11.final_layer_norm.weight]
Loading weights:  91%|█████████ | 192/211 [00:00<00:00, 15191.31it/s, Materializing param=encoder.layers.11.final_layer_norm.weight]
Loading weights:  91%|█████████▏| 193/211 [00:00<00:00, 15221.90it/s, Materializing param=encoder.layers.11.layer_norm.bias]        
Loading weights:  91%|█████████▏| 193/211 [00:00<00:00, 15195.61it/s, Materializing param=encoder.layers.11.layer_norm.bias]
Loading weights:  92%|█████████▏| 194/211 [00:00<00:00, 15227.47it/s, Materializing param=encoder.layers.11.layer_norm.weight]
Loading weights:  92%|█████████▏| 194/211 [00:00<00:00, 15204.99it/s, Materializing param=encoder.layers.11.layer_norm.weight]
Loading weights:  92%|█████████▏| 195/211 [00:00<00:00, 15245.19it/s, Materializing param=encoder.pos_conv_embed.conv.bias]   
Loading weights:  92%|█████████▏| 195/211 [00:00<00:00, 15222.49it/s, Materializing param=encoder.pos_conv_embed.conv.bias]
Loading weights:  93%|█████████▎| 196/211 [00:00<00:00, 15223.49it/s, Materializing param=encoder.pos_conv_embed.conv.parametrizations.weight.original0]
Loading weights:  93%|█████████▎| 196/211 [00:00<00:00, 15198.72it/s, Materializing param=encoder.pos_conv_embed.conv.parametrizations.weight.original0]
Loading weights:  93%|█████████▎| 197/211 [00:00<00:00, 15204.02it/s, Materializing param=encoder.pos_conv_embed.conv.parametrizations.weight.original1]
Loading weights:  93%|█████████▎| 197/211 [00:00<00:00, 15181.95it/s, Materializing param=encoder.pos_conv_embed.conv.parametrizations.weight.original1]
Loading weights:  94%|█████████▍| 198/211 [00:00<00:00, 15217.64it/s, Materializing param=feature_extractor.conv_layers.0.conv.weight]                  
Loading weights:  94%|█████████▍| 198/211 [00:00<00:00, 15195.64it/s, Materializing param=feature_extractor.conv_layers.0.conv.weight]
Loading weights:  94%|█████████▍| 199/211 [00:00<00:00, 15223.36it/s, Materializing param=feature_extractor.conv_layers.0.layer_norm.bias]
Loading weights:  94%|█████████▍| 199/211 [00:00<00:00, 15202.57it/s, Materializing param=feature_extractor.conv_layers.0.layer_norm.bias]
Loading weights:  95%|█████████▍| 200/211 [00:00<00:00, 15230.14it/s, Materializing param=feature_extractor.conv_layers.0.layer_norm.weight]
Loading weights:  95%|█████████▍| 200/211 [00:00<00:00, 15208.05it/s, Materializing param=feature_extractor.conv_layers.0.layer_norm.weight]
Loading weights:  95%|█████████▌| 201/211 [00:00<00:00, 15237.68it/s, Materializing param=feature_extractor.conv_layers.1.conv.weight]      
Loading weights:  95%|█████████▌| 201/211 [00:00<00:00, 15215.68it/s, Materializing param=feature_extractor.conv_layers.1.conv.weight]
Loading weights:  96%|█████████▌| 202/211 [00:00<00:00, 15253.39it/s, Materializing param=feature_extractor.conv_layers.2.conv.weight]
Loading weights:  96%|█████████▌| 202/211 [00:00<00:00, 15232.55it/s, Materializing param=feature_extractor.conv_layers.2.conv.weight]
Loading weights:  96%|█████████▌| 203/211 [00:00<00:00, 15270.07it/s, Materializing param=feature_extractor.conv_layers.3.conv.weight]
Loading weights:  96%|█████████▌| 203/211 [00:00<00:00, 15249.56it/s, Materializing param=feature_extractor.conv_layers.3.conv.weight]
Loading weights:  97%|█████████▋| 204/211 [00:00<00:00, 15286.62it/s, Materializing param=feature_extractor.conv_layers.4.conv.weight]
Loading weights:  97%|█████████▋| 204/211 [00:00<00:00, 15266.98it/s, Materializing param=feature_extractor.conv_layers.4.conv.weight]
Loading weights:  97%|█████████▋| 205/211 [00:00<00:00, 15299.78it/s, Materializing param=feature_extractor.conv_layers.5.conv.weight]
Loading weights:  97%|█████████▋| 205/211 [00:00<00:00, 15279.39it/s, Materializing param=feature_extractor.conv_layers.5.conv.weight]
Loading weights:  98%|█████████▊| 206/211 [00:00<00:00, 15317.18it/s, Materializing param=feature_extractor.conv_layers.6.conv.weight]
Loading weights:  98%|█████████▊| 206/211 [00:00<00:00, 15297.65it/s, Materializing param=feature_extractor.conv_layers.6.conv.weight]
Loading weights:  98%|█████████▊| 207/211 [00:00<00:00, 15337.97it/s, Materializing param=feature_projection.layer_norm.bias]         
Loading weights:  98%|█████████▊| 207/211 [00:00<00:00, 15318.75it/s, Materializing param=feature_projection.layer_norm.bias]
Loading weights:  99%|█████████▊| 208/211 [00:00<00:00, 15357.26it/s, Materializing param=feature_projection.layer_norm.weight]
Loading weights:  99%|█████████▊| 208/211 [00:00<00:00, 15337.01it/s, Materializing param=feature_projection.layer_norm.weight]
Loading weights:  99%|█████████▉| 209/211 [00:00<00:00, 15376.69it/s, Materializing param=feature_projection.projection.bias]  
Loading weights:  99%|█████████▉| 209/211 [00:00<00:00, 15356.48it/s, Materializing param=feature_projection.projection.bias]
Loading weights: 100%|█████████▉| 210/211 [00:00<00:00, 15393.82it/s, Materializing param=feature_projection.projection.weight]
Loading weights: 100%|█████████▉| 210/211 [00:00<00:00, 15373.14it/s, Materializing param=feature_projection.projection.weight]
Loading weights: 100%|██████████| 211/211 [00:00<00:00, 15416.21it/s, Materializing param=masked_spec_embed]                   
Loading weights: 100%|██████████| 211/211 [00:00<00:00, 15394.75it/s, Materializing param=masked_spec_embed]
Loading weights: 100%|██████████| 211/211 [00:00<00:00, 15322.26it/s, Materializing param=masked_spec_embed]
[2026-02-01 11:59:20,375][httpx][INFO] - HTTP Request: GET https://huggingface.co/api/models/microsoft/wavlm-base-plus "HTTP/1.1 200 OK"
Wav2Vec2Model LOAD REPORT from: microsoft/wavlm-base-plus
Key                                                         | Status     |  | 
------------------------------------------------------------+------------+--+-
encoder.layers.{0...11}.attention.gru_rel_pos_linear.bias   | UNEXPECTED |  | 
encoder.layers.{0...11}.attention.gru_rel_pos_const         | UNEXPECTED |  | 
encoder.layers.{0...11}.attention.gru_rel_pos_linear.weight | UNEXPECTED |  | 
encoder.layers.0.attention.rel_attn_embed.weight            | UNEXPECTED |  | 

Notes:
- UNEXPECTED	:can be ignored when loading from different task/architecture; not ok if you expect identical arch.
Error executing job with overrides: ['model=beats', 'strategy=adalora', 'data=tiny', 'training.max_epochs=5', 'augmentation.specaugment=true', 'augmentation.mixup=true', 'wandb.mode=offline', 'wandb.tags=[beats,adalora,sweep]']
Traceback (most recent call last):
  File "/Users/zakkeown/Code/SOUSAphone/.worktrees/training-pipeline-implementation/train.py", line 70, in main
    classifier = SOUSAClassifier(model, cfg)
                 ^^^^^^^^^^^^^^^^^^^^^^^^^^^
  File "/Users/zakkeown/Code/SOUSAphone/.worktrees/training-pipeline-implementation/sousa/training/module.py", line 82, in __init__
    self.model = get_peft_model(self.model, peft_config)
                 ^^^^^^^^^^^^^^^^^^^^^^^^^^^^^^^^^^^^^^^
  File "/Users/zakkeown/.pyenv/versions/3.11.14/lib/python3.11/site-packages/peft/mapping_func.py", line 122, in get_peft_model
    return MODEL_TYPE_TO_PEFT_MODEL_MAPPING[peft_config.task_type](
           ^^^^^^^^^^^^^^^^^^^^^^^^^^^^^^^^^^^^^^^^^^^^^^^^^^^^^^^^
  File "/Users/zakkeown/.pyenv/versions/3.11.14/lib/python3.11/site-packages/peft/peft_model.py", line 2966, in __init__
    super().__init__(model, peft_config, adapter_name, **kwargs)
  File "/Users/zakkeown/.pyenv/versions/3.11.14/lib/python3.11/site-packages/peft/peft_model.py", line 129, in __init__
    self.base_model = cls(model, {adapter_name: peft_config}, adapter_name)
                      ^^^^^^^^^^^^^^^^^^^^^^^^^^^^^^^^^^^^^^^^^^^^^^^^^^^^^
  File "/Users/zakkeown/.pyenv/versions/3.11.14/lib/python3.11/site-packages/peft/tuners/adalora/model.py", line 70, in __init__
    super().__init__(model, config, adapter_name, **kwargs)
  File "/Users/zakkeown/.pyenv/versions/3.11.14/lib/python3.11/site-packages/peft/tuners/tuners_utils.py", line 298, in __init__
    self.inject_adapter(self.model, adapter_name, low_cpu_mem_usage=low_cpu_mem_usage, state_dict=state_dict)
  File "/Users/zakkeown/.pyenv/versions/3.11.14/lib/python3.11/site-packages/peft/tuners/tuners_utils.py", line 880, in inject_adapter
    raise ValueError(error_msg)
ValueError: Target modules {'attention.value', 'attention.query', 'attention.key'} not found in the base model. Please check the target modules and try again.

Set the environment variable HYDRA_FULL_ERROR=1 for a complete stack trace.
[2026-02-01 11:59:20,469][httpx][INFO] - HTTP Request: GET https://huggingface.co/api/models/microsoft/wavlm-base-plus/commits/main "HTTP/1.1 200 OK"
[2026-02-01 11:59:20,560][httpx][INFO] - HTTP Request: GET https://huggingface.co/api/models/microsoft/wavlm-base-plus/discussions?p=0 "HTTP/1.1 200 OK"
[2026-02-01 11:59:20,647][httpx][INFO] - HTTP Request: GET https://huggingface.co/api/models/microsoft/wavlm-base-plus/commits/refs%2Fpr%2F2 "HTTP/1.1 200 OK"
[2026-02-01 11:59:20,721][httpx][INFO] - HTTP Request: HEAD https://huggingface.co/microsoft/wavlm-base-plus/resolve/refs%2Fpr%2F2/model.safetensors.index.json "HTTP/1.1 404 Not Found"
[2026-02-01 11:59:20,797][httpx][INFO] - HTTP Request: HEAD https://huggingface.co/microsoft/wavlm-base-plus/resolve/refs%2Fpr%2F2/model.safetensors "HTTP/1.1 302 Found"
