Seed set to 42
[2026-02-01 11:59:24,033][httpx][INFO] - HTTP Request: HEAD https://huggingface.co/microsoft/wavlm-base-plus/resolve/main/config.json "HTTP/1.1 307 Temporary Redirect"
Warning: You are sending unauthenticated requests to the HF Hub. Please set a HF_TOKEN to enable higher rate limits and faster downloads.
[2026-02-01 11:59:24,033][huggingface_hub.utils._http][WARNING] - Warning: You are sending unauthenticated requests to the HF Hub. Please set a HF_TOKEN to enable higher rate limits and faster downloads.
[2026-02-01 11:59:24,064][httpx][INFO] - HTTP Request: HEAD https://huggingface.co/api/resolve-cache/models/microsoft/wavlm-base-plus/4c66d4806a428f2e922ccfa1a962776e232d487b/config.json "HTTP/1.1 200 OK"
[2026-02-01 11:59:24,141][httpx][INFO] - HTTP Request: HEAD https://huggingface.co/microsoft/wavlm-base-plus/resolve/main/config.json "HTTP/1.1 307 Temporary Redirect"
[2026-02-01 11:59:24,175][httpx][INFO] - HTTP Request: HEAD https://huggingface.co/api/resolve-cache/models/microsoft/wavlm-base-plus/4c66d4806a428f2e922ccfa1a962776e232d487b/config.json "HTTP/1.1 200 OK"
You are using a model of type wavlm to instantiate a model of type wav2vec2. This is not supported for all configurations of models and can yield errors.
[2026-02-01 11:59:24,249][httpx][INFO] - HTTP Request: HEAD https://huggingface.co/microsoft/wavlm-base-plus/resolve/main/model.safetensors "HTTP/1.1 404 Not Found"
[2026-02-01 11:59:24,326][httpx][INFO] - HTTP Request: HEAD https://huggingface.co/microsoft/wavlm-base-plus/resolve/main/model.safetensors.index.json "HTTP/1.1 404 Not Found"
[2026-02-01 11:59:24,413][httpx][INFO] - HTTP Request: HEAD https://huggingface.co/microsoft/wavlm-base-plus/resolve/main/pytorch_model.bin "HTTP/1.1 302 Found"
[2026-02-01 11:59:24,487][httpx][INFO] - HTTP Request: HEAD https://huggingface.co/microsoft/wavlm-base-plus/resolve/main/model.safetensors "HTTP/1.1 404 Not Found"

Loading weights:   0%|          | 0/211 [00:00<?, ?it/s]
Loading weights:   0%|          | 1/211 [00:00<00:00, 4928.68it/s, Materializing param=encoder.layer_norm.bias]
Loading weights:   0%|          | 1/211 [00:00<00:00, 3971.88it/s, Materializing param=encoder.layer_norm.bias]
Loading weights:   1%|          | 2/211 [00:00<00:00, 3466.37it/s, Materializing param=encoder.layer_norm.weight]
Loading weights:   1%|          | 2/211 [00:00<00:00, 3301.30it/s, Materializing param=encoder.layer_norm.weight]
Loading weights:   1%|▏         | 3/211 [00:00<00:00, 4484.29it/s, Materializing param=encoder.layers.0.attention.k_proj.bias]
Loading weights:   1%|▏         | 3/211 [00:00<00:00, 4268.29it/s, Materializing param=encoder.layers.0.attention.k_proj.bias]
Loading weights:   2%|▏         | 4/211 [00:00<00:00, 5135.36it/s, Materializing param=encoder.layers.0.attention.k_proj.weight]
Loading weights:   2%|▏         | 4/211 [00:00<00:00, 4897.03it/s, Materializing param=encoder.layers.0.attention.k_proj.weight]
Loading weights:   2%|▏         | 5/211 [00:00<00:00, 5687.96it/s, Materializing param=encoder.layers.0.attention.out_proj.bias]
Loading weights:   2%|▏         | 5/211 [00:00<00:00, 5543.62it/s, Materializing param=encoder.layers.0.attention.out_proj.bias]
Loading weights:   3%|▎         | 6/211 [00:00<00:00, 6277.33it/s, Materializing param=encoder.layers.0.attention.out_proj.weight]
Loading weights:   3%|▎         | 6/211 [00:00<00:00, 6142.50it/s, Materializing param=encoder.layers.0.attention.out_proj.weight]
Loading weights:   3%|▎         | 7/211 [00:00<00:00, 6842.26it/s, Materializing param=encoder.layers.0.attention.q_proj.bias]    
Loading weights:   3%|▎         | 7/211 [00:00<00:00, 6712.42it/s, Materializing param=encoder.layers.0.attention.q_proj.bias]
Loading weights:   4%|▍         | 8/211 [00:00<00:00, 7318.31it/s, Materializing param=encoder.layers.0.attention.q_proj.weight]
Loading weights:   4%|▍         | 8/211 [00:00<00:00, 7194.35it/s, Materializing param=encoder.layers.0.attention.q_proj.weight]
Loading weights:   4%|▍         | 9/211 [00:00<00:00, 7820.33it/s, Materializing param=encoder.layers.0.attention.v_proj.bias]  
Loading weights:   4%|▍         | 9/211 [00:00<00:00, 7686.57it/s, Materializing param=encoder.layers.0.attention.v_proj.bias]
Loading weights:   5%|▍         | 10/211 [00:00<00:00, 8177.63it/s, Materializing param=encoder.layers.0.attention.v_proj.weight]
Loading weights:   5%|▍         | 10/211 [00:00<00:00, 8044.31it/s, Materializing param=encoder.layers.0.attention.v_proj.weight]
Loading weights:   5%|▌         | 11/211 [00:00<00:00, 8520.29it/s, Materializing param=encoder.layers.0.feed_forward.intermediate_dense.bias]
Loading weights:   5%|▌         | 11/211 [00:00<00:00, 8328.04it/s, Materializing param=encoder.layers.0.feed_forward.intermediate_dense.bias]
Loading weights:   6%|▌         | 12/211 [00:00<00:00, 8757.90it/s, Materializing param=encoder.layers.0.feed_forward.intermediate_dense.weight]
Loading weights:   6%|▌         | 12/211 [00:00<00:00, 8625.82it/s, Materializing param=encoder.layers.0.feed_forward.intermediate_dense.weight]
Loading weights:   6%|▌         | 13/211 [00:00<00:00, 9046.95it/s, Materializing param=encoder.layers.0.feed_forward.output_dense.bias]        
Loading weights:   6%|▌         | 13/211 [00:00<00:00, 8892.03it/s, Materializing param=encoder.layers.0.feed_forward.output_dense.bias]
Loading weights:   7%|▋         | 14/211 [00:00<00:00, 9266.25it/s, Materializing param=encoder.layers.0.feed_forward.output_dense.weight]
Loading weights:   7%|▋         | 14/211 [00:00<00:00, 9143.61it/s, Materializing param=encoder.layers.0.feed_forward.output_dense.weight]
Loading weights:   7%|▋         | 15/211 [00:00<00:00, 9560.03it/s, Materializing param=encoder.layers.0.final_layer_norm.bias]           
Loading weights:   7%|▋         | 15/211 [00:00<00:00, 9446.63it/s, Materializing param=encoder.layers.0.final_layer_norm.bias]
Loading weights:   8%|▊         | 16/211 [00:00<00:00, 9840.01it/s, Materializing param=encoder.layers.0.final_layer_norm.weight]
Loading weights:   8%|▊         | 16/211 [00:00<00:00, 9725.92it/s, Materializing param=encoder.layers.0.final_layer_norm.weight]
Loading weights:   8%|▊         | 17/211 [00:00<00:00, 10065.38it/s, Materializing param=encoder.layers.0.layer_norm.bias]       
Loading weights:   8%|▊         | 17/211 [00:00<00:00, 9947.43it/s, Materializing param=encoder.layers.0.layer_norm.bias] 
Loading weights:   9%|▊         | 18/211 [00:00<00:00, 10309.64it/s, Materializing param=encoder.layers.0.layer_norm.weight]
Loading weights:   9%|▊         | 18/211 [00:00<00:00, 10198.23it/s, Materializing param=encoder.layers.0.layer_norm.weight]
Loading weights:   9%|▉         | 19/211 [00:00<00:00, 10538.45it/s, Materializing param=encoder.layers.1.attention.k_proj.bias]
Loading weights:   9%|▉         | 19/211 [00:00<00:00, 10422.68it/s, Materializing param=encoder.layers.1.attention.k_proj.bias]
Loading weights:   9%|▉         | 20/211 [00:00<00:00, 10712.05it/s, Materializing param=encoder.layers.1.attention.k_proj.weight]
Loading weights:   9%|▉         | 20/211 [00:00<00:00, 10610.43it/s, Materializing param=encoder.layers.1.attention.k_proj.weight]
Loading weights:  10%|▉         | 21/211 [00:00<00:00, 10886.22it/s, Materializing param=encoder.layers.1.attention.out_proj.bias]
Loading weights:  10%|▉         | 21/211 [00:00<00:00, 10780.95it/s, Materializing param=encoder.layers.1.attention.out_proj.bias]
Loading weights:  10%|█         | 22/211 [00:00<00:00, 11072.08it/s, Materializing param=encoder.layers.1.attention.out_proj.weight]
Loading weights:  10%|█         | 22/211 [00:00<00:00, 10966.80it/s, Materializing param=encoder.layers.1.attention.out_proj.weight]
Loading weights:  11%|█         | 23/211 [00:00<00:00, 11268.43it/s, Materializing param=encoder.layers.1.attention.q_proj.bias]    
Loading weights:  11%|█         | 23/211 [00:00<00:00, 11170.56it/s, Materializing param=encoder.layers.1.attention.q_proj.bias]
Loading weights:  11%|█▏        | 24/211 [00:00<00:00, 11461.15it/s, Materializing param=encoder.layers.1.attention.q_proj.weight]
Loading weights:  11%|█▏        | 24/211 [00:00<00:00, 11357.70it/s, Materializing param=encoder.layers.1.attention.q_proj.weight]
Loading weights:  12%|█▏        | 25/211 [00:00<00:00, 11623.72it/s, Materializing param=encoder.layers.1.attention.v_proj.bias]  
Loading weights:  12%|█▏        | 25/211 [00:00<00:00, 11505.11it/s, Materializing param=encoder.layers.1.attention.v_proj.bias]
Loading weights:  12%|█▏        | 26/211 [00:00<00:00, 11753.82it/s, Materializing param=encoder.layers.1.attention.v_proj.weight]
Loading weights:  12%|█▏        | 26/211 [00:00<00:00, 11648.36it/s, Materializing param=encoder.layers.1.attention.v_proj.weight]
Loading weights:  13%|█▎        | 27/211 [00:00<00:00, 11894.36it/s, Materializing param=encoder.layers.1.feed_forward.intermediate_dense.bias]
Loading weights:  13%|█▎        | 27/211 [00:00<00:00, 11790.34it/s, Materializing param=encoder.layers.1.feed_forward.intermediate_dense.bias]
Loading weights:  13%|█▎        | 28/211 [00:00<00:00, 12021.75it/s, Materializing param=encoder.layers.1.feed_forward.intermediate_dense.weight]
Loading weights:  13%|█▎        | 28/211 [00:00<00:00, 11904.77it/s, Materializing param=encoder.layers.1.feed_forward.intermediate_dense.weight]
Loading weights:  14%|█▎        | 29/211 [00:00<00:00, 12144.05it/s, Materializing param=encoder.layers.1.feed_forward.output_dense.bias]        
Loading weights:  14%|█▎        | 29/211 [00:00<00:00, 12049.02it/s, Materializing param=encoder.layers.1.feed_forward.output_dense.bias]
Loading weights:  14%|█▍        | 30/211 [00:00<00:00, 12101.28it/s, Materializing param=encoder.layers.1.feed_forward.output_dense.weight]
Loading weights:  14%|█▍        | 30/211 [00:00<00:00, 11999.73it/s, Materializing param=encoder.layers.1.feed_forward.output_dense.weight]
Loading weights:  15%|█▍        | 31/211 [00:00<00:00, 12219.10it/s, Materializing param=encoder.layers.1.final_layer_norm.bias]           
Loading weights:  15%|█▍        | 31/211 [00:00<00:00, 12118.88it/s, Materializing param=encoder.layers.1.final_layer_norm.bias]
Loading weights:  15%|█▌        | 32/211 [00:00<00:00, 12278.63it/s, Materializing param=encoder.layers.1.final_layer_norm.weight]
Loading weights:  15%|█▌        | 32/211 [00:00<00:00, 12190.53it/s, Materializing param=encoder.layers.1.final_layer_norm.weight]
Loading weights:  16%|█▌        | 33/211 [00:00<00:00, 12401.40it/s, Materializing param=encoder.layers.1.layer_norm.bias]        
Loading weights:  16%|█▌        | 33/211 [00:00<00:00, 12304.39it/s, Materializing param=encoder.layers.1.layer_norm.bias]
Loading weights:  16%|█▌        | 34/211 [00:00<00:00, 12436.24it/s, Materializing param=encoder.layers.1.layer_norm.weight]
Loading weights:  16%|█▌        | 34/211 [00:00<00:00, 12359.71it/s, Materializing param=encoder.layers.1.layer_norm.weight]
Loading weights:  17%|█▋        | 35/211 [00:00<00:00, 12557.80it/s, Materializing param=encoder.layers.2.attention.k_proj.bias]
Loading weights:  17%|█▋        | 35/211 [00:00<00:00, 12463.97it/s, Materializing param=encoder.layers.2.attention.k_proj.bias]
Loading weights:  17%|█▋        | 36/211 [00:00<00:00, 12573.48it/s, Materializing param=encoder.layers.2.attention.k_proj.weight]
Loading weights:  17%|█▋        | 36/211 [00:00<00:00, 12495.44it/s, Materializing param=encoder.layers.2.attention.k_proj.weight]
Loading weights:  18%|█▊        | 37/211 [00:00<00:00, 12679.90it/s, Materializing param=encoder.layers.2.attention.out_proj.bias]
Loading weights:  18%|█▊        | 37/211 [00:00<00:00, 12593.46it/s, Materializing param=encoder.layers.2.attention.out_proj.bias]
Loading weights:  18%|█▊        | 38/211 [00:00<00:00, 12726.25it/s, Materializing param=encoder.layers.2.attention.out_proj.weight]
Loading weights:  18%|█▊        | 38/211 [00:00<00:00, 12650.49it/s, Materializing param=encoder.layers.2.attention.out_proj.weight]
Loading weights:  18%|█▊        | 39/211 [00:00<00:00, 12811.55it/s, Materializing param=encoder.layers.2.attention.q_proj.bias]    
Loading weights:  18%|█▊        | 39/211 [00:00<00:00, 12732.77it/s, Materializing param=encoder.layers.2.attention.q_proj.bias]
Loading weights:  19%|█▉        | 40/211 [00:00<00:00, 12899.60it/s, Materializing param=encoder.layers.2.attention.q_proj.weight]
Loading weights:  19%|█▉        | 40/211 [00:00<00:00, 12824.66it/s, Materializing param=encoder.layers.2.attention.q_proj.weight]
Loading weights:  19%|█▉        | 41/211 [00:00<00:00, 12995.27it/s, Materializing param=encoder.layers.2.attention.v_proj.bias]  
Loading weights:  19%|█▉        | 41/211 [00:00<00:00, 12914.27it/s, Materializing param=encoder.layers.2.attention.v_proj.bias]
Loading weights:  20%|█▉        | 42/211 [00:00<00:00, 13022.90it/s, Materializing param=encoder.layers.2.attention.v_proj.weight]
Loading weights:  20%|█▉        | 42/211 [00:00<00:00, 12954.90it/s, Materializing param=encoder.layers.2.attention.v_proj.weight]
Loading weights:  20%|██        | 43/211 [00:00<00:00, 13106.25it/s, Materializing param=encoder.layers.2.feed_forward.intermediate_dense.bias]
Loading weights:  20%|██        | 43/211 [00:00<00:00, 13025.79it/s, Materializing param=encoder.layers.2.feed_forward.intermediate_dense.bias]
Loading weights:  21%|██        | 44/211 [00:00<00:00, 13165.17it/s, Materializing param=encoder.layers.2.feed_forward.intermediate_dense.weight]
Loading weights:  21%|██        | 44/211 [00:00<00:00, 13083.04it/s, Materializing param=encoder.layers.2.feed_forward.intermediate_dense.weight]
Loading weights:  21%|██▏       | 45/211 [00:00<00:00, 13227.53it/s, Materializing param=encoder.layers.2.feed_forward.output_dense.bias]        
Loading weights:  21%|██▏       | 45/211 [00:00<00:00, 13150.12it/s, Materializing param=encoder.layers.2.feed_forward.output_dense.bias]
Loading weights:  22%|██▏       | 46/211 [00:00<00:00, 13298.73it/s, Materializing param=encoder.layers.2.feed_forward.output_dense.weight]
Loading weights:  22%|██▏       | 46/211 [00:00<00:00, 13222.18it/s, Materializing param=encoder.layers.2.feed_forward.output_dense.weight]
Loading weights:  22%|██▏       | 47/211 [00:00<00:00, 13367.62it/s, Materializing param=encoder.layers.2.final_layer_norm.bias]           
Loading weights:  22%|██▏       | 47/211 [00:00<00:00, 13291.91it/s, Materializing param=encoder.layers.2.final_layer_norm.bias]
Loading weights:  23%|██▎       | 48/211 [00:00<00:00, 13393.20it/s, Materializing param=encoder.layers.2.final_layer_norm.weight]
Loading weights:  23%|██▎       | 48/211 [00:00<00:00, 13326.71it/s, Materializing param=encoder.layers.2.final_layer_norm.weight]
Loading weights:  23%|██▎       | 49/211 [00:00<00:00, 13465.30it/s, Materializing param=encoder.layers.2.layer_norm.bias]        
Loading weights:  23%|██▎       | 49/211 [00:00<00:00, 13391.60it/s, Materializing param=encoder.layers.2.layer_norm.bias]
Loading weights:  24%|██▎       | 50/211 [00:00<00:00, 13498.66it/s, Materializing param=encoder.layers.2.layer_norm.weight]
Loading weights:  24%|██▎       | 50/211 [00:00<00:00, 13430.37it/s, Materializing param=encoder.layers.2.layer_norm.weight]
Loading weights:  24%|██▍       | 51/211 [00:00<00:00, 13589.32it/s, Materializing param=encoder.layers.3.attention.k_proj.bias]
Loading weights:  24%|██▍       | 51/211 [00:00<00:00, 13527.45it/s, Materializing param=encoder.layers.3.attention.k_proj.bias]
Loading weights:  25%|██▍       | 52/211 [00:00<00:00, 13673.36it/s, Materializing param=encoder.layers.3.attention.k_proj.weight]
Loading weights:  25%|██▍       | 52/211 [00:00<00:00, 13598.34it/s, Materializing param=encoder.layers.3.attention.k_proj.weight]
Loading weights:  25%|██▌       | 53/211 [00:00<00:00, 13702.65it/s, Materializing param=encoder.layers.3.attention.out_proj.bias]
Loading weights:  25%|██▌       | 53/211 [00:00<00:00, 13642.11it/s, Materializing param=encoder.layers.3.attention.out_proj.bias]
Loading weights:  26%|██▌       | 54/211 [00:00<00:00, 13526.78it/s, Materializing param=encoder.layers.3.attention.out_proj.weight]
Loading weights:  26%|██▌       | 54/211 [00:00<00:00, 13386.08it/s, Materializing param=encoder.layers.3.attention.out_proj.weight]
Loading weights:  26%|██▌       | 55/211 [00:00<00:00, 13444.07it/s, Materializing param=encoder.layers.3.attention.q_proj.bias]    
Loading weights:  26%|██▌       | 55/211 [00:00<00:00, 13369.27it/s, Materializing param=encoder.layers.3.attention.q_proj.bias]
Loading weights:  27%|██▋       | 56/211 [00:00<00:00, 13464.86it/s, Materializing param=encoder.layers.3.attention.q_proj.weight]
Loading weights:  27%|██▋       | 56/211 [00:00<00:00, 13400.33it/s, Materializing param=encoder.layers.3.attention.q_proj.weight]
Loading weights:  27%|██▋       | 57/211 [00:00<00:00, 13484.23it/s, Materializing param=encoder.layers.3.attention.v_proj.bias]  
Loading weights:  27%|██▋       | 57/211 [00:00<00:00, 13417.63it/s, Materializing param=encoder.layers.3.attention.v_proj.bias]
Loading weights:  27%|██▋       | 58/211 [00:00<00:00, 13479.04it/s, Materializing param=encoder.layers.3.attention.v_proj.weight]
Loading weights:  27%|██▋       | 58/211 [00:00<00:00, 13422.51it/s, Materializing param=encoder.layers.3.attention.v_proj.weight]
Loading weights:  28%|██▊       | 59/211 [00:00<00:00, 13526.32it/s, Materializing param=encoder.layers.3.feed_forward.intermediate_dense.bias]
Loading weights:  28%|██▊       | 59/211 [00:00<00:00, 13457.90it/s, Materializing param=encoder.layers.3.feed_forward.intermediate_dense.bias]
Loading weights:  28%|██▊       | 60/211 [00:00<00:00, 13525.65it/s, Materializing param=encoder.layers.3.feed_forward.intermediate_dense.weight]
Loading weights:  28%|██▊       | 60/211 [00:00<00:00, 13468.46it/s, Materializing param=encoder.layers.3.feed_forward.intermediate_dense.weight]
Loading weights:  29%|██▉       | 61/211 [00:00<00:00, 13558.69it/s, Materializing param=encoder.layers.3.feed_forward.output_dense.bias]        
Loading weights:  29%|██▉       | 61/211 [00:00<00:00, 13495.76it/s, Materializing param=encoder.layers.3.feed_forward.output_dense.bias]
Loading weights:  29%|██▉       | 62/211 [00:00<00:00, 13599.35it/s, Materializing param=encoder.layers.3.feed_forward.output_dense.weight]
Loading weights:  29%|██▉       | 62/211 [00:00<00:00, 13533.53it/s, Materializing param=encoder.layers.3.feed_forward.output_dense.weight]
Loading weights:  30%|██▉       | 63/211 [00:00<00:00, 13633.33it/s, Materializing param=encoder.layers.3.final_layer_norm.bias]           
Loading weights:  30%|██▉       | 63/211 [00:00<00:00, 13580.78it/s, Materializing param=encoder.layers.3.final_layer_norm.bias]
Loading weights:  30%|███       | 64/211 [00:00<00:00, 13678.24it/s, Materializing param=encoder.layers.3.final_layer_norm.weight]
Loading weights:  30%|███       | 64/211 [00:00<00:00, 13611.66it/s, Materializing param=encoder.layers.3.final_layer_norm.weight]
Loading weights:  31%|███       | 65/211 [00:00<00:00, 13709.63it/s, Materializing param=encoder.layers.3.layer_norm.bias]        
Loading weights:  31%|███       | 65/211 [00:00<00:00, 13652.65it/s, Materializing param=encoder.layers.3.layer_norm.bias]
Loading weights:  31%|███▏      | 66/211 [00:00<00:00, 13718.42it/s, Materializing param=encoder.layers.3.layer_norm.weight]
Loading weights:  31%|███▏      | 66/211 [00:00<00:00, 13667.62it/s, Materializing param=encoder.layers.3.layer_norm.weight]
Loading weights:  32%|███▏      | 67/211 [00:00<00:00, 13768.66it/s, Materializing param=encoder.layers.4.attention.k_proj.bias]
Loading weights:  32%|███▏      | 67/211 [00:00<00:00, 13709.55it/s, Materializing param=encoder.layers.4.attention.k_proj.bias]
Loading weights:  32%|███▏      | 68/211 [00:00<00:00, 13787.05it/s, Materializing param=encoder.layers.4.attention.k_proj.weight]
Loading weights:  32%|███▏      | 68/211 [00:00<00:00, 13731.95it/s, Materializing param=encoder.layers.4.attention.k_proj.weight]
Loading weights:  33%|███▎      | 69/211 [00:00<00:00, 13816.81it/s, Materializing param=encoder.layers.4.attention.out_proj.bias]
Loading weights:  33%|███▎      | 69/211 [00:00<00:00, 13755.74it/s, Materializing param=encoder.layers.4.attention.out_proj.bias]
Loading weights:  33%|███▎      | 70/211 [00:00<00:00, 13820.43it/s, Materializing param=encoder.layers.4.attention.out_proj.weight]
Loading weights:  33%|███▎      | 70/211 [00:00<00:00, 13771.17it/s, Materializing param=encoder.layers.4.attention.out_proj.weight]
Loading weights:  34%|███▎      | 71/211 [00:00<00:00, 13858.69it/s, Materializing param=encoder.layers.4.attention.q_proj.bias]    
Loading weights:  34%|███▎      | 71/211 [00:00<00:00, 13805.37it/s, Materializing param=encoder.layers.4.attention.q_proj.bias]
Loading weights:  34%|███▍      | 72/211 [00:00<00:00, 13899.93it/s, Materializing param=encoder.layers.4.attention.q_proj.weight]
Loading weights:  34%|███▍      | 72/211 [00:00<00:00, 13854.02it/s, Materializing param=encoder.layers.4.attention.q_proj.weight]
Loading weights:  35%|███▍      | 73/211 [00:00<00:00, 13931.39it/s, Materializing param=encoder.layers.4.attention.v_proj.bias]  
Loading weights:  35%|███▍      | 73/211 [00:00<00:00, 13880.87it/s, Materializing param=encoder.layers.4.attention.v_proj.bias]
Loading weights:  35%|███▌      | 74/211 [00:00<00:00, 13925.19it/s, Materializing param=encoder.layers.4.attention.v_proj.weight]
Loading weights:  35%|███▌      | 74/211 [00:00<00:00, 13876.01it/s, Materializing param=encoder.layers.4.attention.v_proj.weight]
Loading weights:  36%|███▌      | 75/211 [00:00<00:00, 13966.12it/s, Materializing param=encoder.layers.4.feed_forward.intermediate_dense.bias]
Loading weights:  36%|███▌      | 75/211 [00:00<00:00, 13909.30it/s, Materializing param=encoder.layers.4.feed_forward.intermediate_dense.bias]
Loading weights:  36%|███▌      | 76/211 [00:00<00:00, 13976.11it/s, Materializing param=encoder.layers.4.feed_forward.intermediate_dense.weight]
Loading weights:  36%|███▌      | 76/211 [00:00<00:00, 13924.83it/s, Materializing param=encoder.layers.4.feed_forward.intermediate_dense.weight]
Loading weights:  36%|███▋      | 77/211 [00:00<00:00, 14000.41it/s, Materializing param=encoder.layers.4.feed_forward.output_dense.bias]        
Loading weights:  36%|███▋      | 77/211 [00:00<00:00, 13949.01it/s, Materializing param=encoder.layers.4.feed_forward.output_dense.bias]
Loading weights:  37%|███▋      | 78/211 [00:00<00:00, 14025.97it/s, Materializing param=encoder.layers.4.feed_forward.output_dense.weight]
Loading weights:  37%|███▋      | 78/211 [00:00<00:00, 13973.25it/s, Materializing param=encoder.layers.4.feed_forward.output_dense.weight]
Loading weights:  37%|███▋      | 79/211 [00:00<00:00, 14056.93it/s, Materializing param=encoder.layers.4.final_layer_norm.bias]           
Loading weights:  37%|███▋      | 79/211 [00:00<00:00, 14007.02it/s, Materializing param=encoder.layers.4.final_layer_norm.bias]
Loading weights:  38%|███▊      | 80/211 [00:00<00:00, 14094.36it/s, Materializing param=encoder.layers.4.final_layer_norm.weight]
Loading weights:  38%|███▊      | 80/211 [00:00<00:00, 14044.80it/s, Materializing param=encoder.layers.4.final_layer_norm.weight]
Loading weights:  38%|███▊      | 81/211 [00:00<00:00, 14131.05it/s, Materializing param=encoder.layers.4.layer_norm.bias]        
Loading weights:  38%|███▊      | 81/211 [00:00<00:00, 14081.85it/s, Materializing param=encoder.layers.4.layer_norm.bias]
Loading weights:  39%|███▉      | 82/211 [00:00<00:00, 14167.61it/s, Materializing param=encoder.layers.4.layer_norm.weight]
Loading weights:  39%|███▉      | 82/211 [00:00<00:00, 14118.18it/s, Materializing param=encoder.layers.4.layer_norm.weight]
Loading weights:  39%|███▉      | 83/211 [00:00<00:00, 14154.39it/s, Materializing param=encoder.layers.5.attention.k_proj.bias]
Loading weights:  39%|███▉      | 83/211 [00:00<00:00, 14113.08it/s, Materializing param=encoder.layers.5.attention.k_proj.bias]
Loading weights:  40%|███▉      | 84/211 [00:00<00:00, 14187.06it/s, Materializing param=encoder.layers.5.attention.k_proj.weight]
Loading weights:  40%|███▉      | 84/211 [00:00<00:00, 14143.78it/s, Materializing param=encoder.layers.5.attention.k_proj.weight]
Loading weights:  40%|████      | 85/211 [00:00<00:00, 14183.48it/s, Materializing param=encoder.layers.5.attention.out_proj.bias]
Loading weights:  40%|████      | 85/211 [00:00<00:00, 14138.48it/s, Materializing param=encoder.layers.5.attention.out_proj.bias]
Loading weights:  41%|████      | 86/211 [00:00<00:00, 14203.42it/s, Materializing param=encoder.layers.5.attention.out_proj.weight]
Loading weights:  41%|████      | 86/211 [00:00<00:00, 14158.27it/s, Materializing param=encoder.layers.5.attention.out_proj.weight]
Loading weights:  41%|████      | 87/211 [00:00<00:00, 14236.84it/s, Materializing param=encoder.layers.5.attention.q_proj.bias]    
Loading weights:  41%|████      | 87/211 [00:00<00:00, 14188.13it/s, Materializing param=encoder.layers.5.attention.q_proj.bias]
Loading weights:  42%|████▏     | 88/211 [00:00<00:00, 14262.48it/s, Materializing param=encoder.layers.5.attention.q_proj.weight]
Loading weights:  42%|████▏     | 88/211 [00:00<00:00, 14221.27it/s, Materializing param=encoder.layers.5.attention.q_proj.weight]
Loading weights:  42%|████▏     | 89/211 [00:00<00:00, 14272.34it/s, Materializing param=encoder.layers.5.attention.v_proj.bias]  
Loading weights:  42%|████▏     | 89/211 [00:00<00:00, 14233.16it/s, Materializing param=encoder.layers.5.attention.v_proj.bias]
Loading weights:  43%|████▎     | 90/211 [00:00<00:00, 14315.03it/s, Materializing param=encoder.layers.5.attention.v_proj.weight]
Loading weights:  43%|████▎     | 90/211 [00:00<00:00, 14276.59it/s, Materializing param=encoder.layers.5.attention.v_proj.weight]
Loading weights:  43%|████▎     | 91/211 [00:00<00:00, 14346.78it/s, Materializing param=encoder.layers.5.feed_forward.intermediate_dense.bias]
Loading weights:  43%|████▎     | 91/211 [00:00<00:00, 14299.48it/s, Materializing param=encoder.layers.5.feed_forward.intermediate_dense.bias]
Loading weights:  44%|████▎     | 92/211 [00:00<00:00, 14363.52it/s, Materializing param=encoder.layers.5.feed_forward.intermediate_dense.weight]
Loading weights:  44%|████▎     | 92/211 [00:00<00:00, 14318.75it/s, Materializing param=encoder.layers.5.feed_forward.intermediate_dense.weight]
Loading weights:  44%|████▍     | 93/211 [00:00<00:00, 14387.37it/s, Materializing param=encoder.layers.5.feed_forward.output_dense.bias]        
Loading weights:  44%|████▍     | 93/211 [00:00<00:00, 14340.82it/s, Materializing param=encoder.layers.5.feed_forward.output_dense.bias]
Loading weights:  45%|████▍     | 94/211 [00:00<00:00, 14412.36it/s, Materializing param=encoder.layers.5.feed_forward.output_dense.weight]
Loading weights:  45%|████▍     | 94/211 [00:00<00:00, 14366.15it/s, Materializing param=encoder.layers.5.feed_forward.output_dense.weight]
Loading weights:  45%|████▌     | 95/211 [00:00<00:00, 14431.16it/s, Materializing param=encoder.layers.5.final_layer_norm.bias]           
Loading weights:  45%|████▌     | 95/211 [00:00<00:00, 14385.32it/s, Materializing param=encoder.layers.5.final_layer_norm.bias]
Loading weights:  45%|████▌     | 96/211 [00:00<00:00, 14453.77it/s, Materializing param=encoder.layers.5.final_layer_norm.weight]
Loading weights:  45%|████▌     | 96/211 [00:00<00:00, 14411.87it/s, Materializing param=encoder.layers.5.final_layer_norm.weight]
Loading weights:  46%|████▌     | 97/211 [00:00<00:00, 14473.41it/s, Materializing param=encoder.layers.5.layer_norm.bias]        
Loading weights:  46%|████▌     | 97/211 [00:00<00:00, 14430.29it/s, Materializing param=encoder.layers.5.layer_norm.bias]
Loading weights:  46%|████▋     | 98/211 [00:00<00:00, 14497.29it/s, Materializing param=encoder.layers.5.layer_norm.weight]
Loading weights:  46%|████▋     | 98/211 [00:00<00:00, 14458.54it/s, Materializing param=encoder.layers.5.layer_norm.weight]
Loading weights:  47%|████▋     | 99/211 [00:00<00:00, 14498.97it/s, Materializing param=encoder.layers.6.attention.k_proj.bias]
Loading weights:  47%|████▋     | 99/211 [00:00<00:00, 14461.10it/s, Materializing param=encoder.layers.6.attention.k_proj.bias]
Loading weights:  47%|████▋     | 100/211 [00:00<00:00, 14518.19it/s, Materializing param=encoder.layers.6.attention.k_proj.weight]
Loading weights:  47%|████▋     | 100/211 [00:00<00:00, 14476.10it/s, Materializing param=encoder.layers.6.attention.k_proj.weight]
Loading weights:  48%|████▊     | 101/211 [00:00<00:00, 14538.56it/s, Materializing param=encoder.layers.6.attention.out_proj.bias]
Loading weights:  48%|████▊     | 101/211 [00:00<00:00, 14494.79it/s, Materializing param=encoder.layers.6.attention.out_proj.bias]
Loading weights:  48%|████▊     | 102/211 [00:00<00:00, 14561.08it/s, Materializing param=encoder.layers.6.attention.out_proj.weight]
Loading weights:  48%|████▊     | 102/211 [00:00<00:00, 14517.60it/s, Materializing param=encoder.layers.6.attention.out_proj.weight]
Loading weights:  49%|████▉     | 103/211 [00:00<00:00, 14585.19it/s, Materializing param=encoder.layers.6.attention.q_proj.bias]    
Loading weights:  49%|████▉     | 103/211 [00:00<00:00, 14541.99it/s, Materializing param=encoder.layers.6.attention.q_proj.bias]
Loading weights:  49%|████▉     | 104/211 [00:00<00:00, 14606.47it/s, Materializing param=encoder.layers.6.attention.q_proj.weight]
Loading weights:  49%|████▉     | 104/211 [00:00<00:00, 14563.56it/s, Materializing param=encoder.layers.6.attention.q_proj.weight]
Loading weights:  50%|████▉     | 105/211 [00:00<00:00, 14593.48it/s, Materializing param=encoder.layers.6.attention.v_proj.bias]  
Loading weights:  50%|████▉     | 105/211 [00:00<00:00, 14556.82it/s, Materializing param=encoder.layers.6.attention.v_proj.bias]
Loading weights:  50%|█████     | 106/211 [00:00<00:00, 14618.62it/s, Materializing param=encoder.layers.6.attention.v_proj.weight]
Loading weights:  50%|█████     | 106/211 [00:00<00:00, 14578.84it/s, Materializing param=encoder.layers.6.attention.v_proj.weight]
Loading weights:  51%|█████     | 107/211 [00:00<00:00, 14641.48it/s, Materializing param=encoder.layers.6.feed_forward.intermediate_dense.bias]
Loading weights:  51%|█████     | 107/211 [00:00<00:00, 14599.56it/s, Materializing param=encoder.layers.6.feed_forward.intermediate_dense.bias]
Loading weights:  51%|█████     | 108/211 [00:00<00:00, 14655.91it/s, Materializing param=encoder.layers.6.feed_forward.intermediate_dense.weight]
Loading weights:  51%|█████     | 108/211 [00:00<00:00, 14616.66it/s, Materializing param=encoder.layers.6.feed_forward.intermediate_dense.weight]
Loading weights:  52%|█████▏    | 109/211 [00:00<00:00, 14678.11it/s, Materializing param=encoder.layers.6.feed_forward.output_dense.bias]        
Loading weights:  52%|█████▏    | 109/211 [00:00<00:00, 14636.76it/s, Materializing param=encoder.layers.6.feed_forward.output_dense.bias]
Loading weights:  52%|█████▏    | 110/211 [00:00<00:00, 14692.02it/s, Materializing param=encoder.layers.6.feed_forward.output_dense.weight]
Loading weights:  52%|█████▏    | 110/211 [00:00<00:00, 14650.96it/s, Materializing param=encoder.layers.6.feed_forward.output_dense.weight]
Loading weights:  53%|█████▎    | 111/211 [00:00<00:00, 14688.07it/s, Materializing param=encoder.layers.6.final_layer_norm.bias]           
Loading weights:  53%|█████▎    | 111/211 [00:00<00:00, 14645.56it/s, Materializing param=encoder.layers.6.final_layer_norm.bias]
Loading weights:  53%|█████▎    | 112/211 [00:00<00:00, 14705.80it/s, Materializing param=encoder.layers.6.final_layer_norm.weight]
Loading weights:  53%|█████▎    | 112/211 [00:00<00:00, 14667.69it/s, Materializing param=encoder.layers.6.final_layer_norm.weight]
Loading weights:  54%|█████▎    | 113/211 [00:00<00:00, 14732.87it/s, Materializing param=encoder.layers.6.layer_norm.bias]        
Loading weights:  54%|█████▎    | 113/211 [00:00<00:00, 14700.42it/s, Materializing param=encoder.layers.6.layer_norm.bias]
Loading weights:  54%|█████▍    | 114/211 [00:00<00:00, 14763.20it/s, Materializing param=encoder.layers.6.layer_norm.weight]
Loading weights:  54%|█████▍    | 114/211 [00:00<00:00, 14723.20it/s, Materializing param=encoder.layers.6.layer_norm.weight]
Loading weights:  55%|█████▍    | 115/211 [00:00<00:00, 14760.54it/s, Materializing param=encoder.layers.7.attention.k_proj.bias]
Loading weights:  55%|█████▍    | 115/211 [00:00<00:00, 14724.49it/s, Materializing param=encoder.layers.7.attention.k_proj.bias]
Loading weights:  55%|█████▍    | 116/211 [00:00<00:00, 14778.99it/s, Materializing param=encoder.layers.7.attention.k_proj.weight]
Loading weights:  55%|█████▍    | 116/211 [00:00<00:00, 14741.38it/s, Materializing param=encoder.layers.7.attention.k_proj.weight]
Loading weights:  55%|█████▌    | 117/211 [00:00<00:00, 14798.96it/s, Materializing param=encoder.layers.7.attention.out_proj.bias]
Loading weights:  55%|█████▌    | 117/211 [00:00<00:00, 14759.79it/s, Materializing param=encoder.layers.7.attention.out_proj.bias]
Loading weights:  56%|█████▌    | 118/211 [00:00<00:00, 14816.87it/s, Materializing param=encoder.layers.7.attention.out_proj.weight]
Loading weights:  56%|█████▌    | 118/211 [00:00<00:00, 14777.94it/s, Materializing param=encoder.layers.7.attention.out_proj.weight]
Loading weights:  56%|█████▋    | 119/211 [00:00<00:00, 14823.50it/s, Materializing param=encoder.layers.7.attention.q_proj.bias]    
Loading weights:  56%|█████▋    | 119/211 [00:00<00:00, 14786.18it/s, Materializing param=encoder.layers.7.attention.q_proj.bias]
Loading weights:  57%|█████▋    | 120/211 [00:00<00:00, 14838.78it/s, Materializing param=encoder.layers.7.attention.q_proj.weight]
Loading weights:  57%|█████▋    | 120/211 [00:00<00:00, 14802.12it/s, Materializing param=encoder.layers.7.attention.q_proj.weight]
Loading weights:  57%|█████▋    | 121/211 [00:00<00:00, 14856.00it/s, Materializing param=encoder.layers.7.attention.v_proj.bias]  
Loading weights:  57%|█████▋    | 121/211 [00:00<00:00, 14817.40it/s, Materializing param=encoder.layers.7.attention.v_proj.bias]
Loading weights:  58%|█████▊    | 122/211 [00:00<00:00, 14876.45it/s, Materializing param=encoder.layers.7.attention.v_proj.weight]
Loading weights:  58%|█████▊    | 122/211 [00:00<00:00, 14838.48it/s, Materializing param=encoder.layers.7.attention.v_proj.weight]
Loading weights:  58%|█████▊    | 123/211 [00:00<00:00, 14887.58it/s, Materializing param=encoder.layers.7.feed_forward.intermediate_dense.bias]
Loading weights:  58%|█████▊    | 123/211 [00:00<00:00, 14851.15it/s, Materializing param=encoder.layers.7.feed_forward.intermediate_dense.bias]
Loading weights:  59%|█████▉    | 124/211 [00:00<00:00, 14903.68it/s, Materializing param=encoder.layers.7.feed_forward.intermediate_dense.weight]
Loading weights:  59%|█████▉    | 124/211 [00:00<00:00, 14862.79it/s, Materializing param=encoder.layers.7.feed_forward.intermediate_dense.weight]
Loading weights:  59%|█████▉    | 125/211 [00:00<00:00, 14914.88it/s, Materializing param=encoder.layers.7.feed_forward.output_dense.bias]        
Loading weights:  59%|█████▉    | 125/211 [00:00<00:00, 14882.71it/s, Materializing param=encoder.layers.7.feed_forward.output_dense.bias]
Loading weights:  60%|█████▉    | 126/211 [00:00<00:00, 14911.19it/s, Materializing param=encoder.layers.7.feed_forward.output_dense.weight]
Loading weights:  60%|█████▉    | 126/211 [00:00<00:00, 14879.70it/s, Materializing param=encoder.layers.7.feed_forward.output_dense.weight]
Loading weights:  60%|██████    | 127/211 [00:00<00:00, 14933.88it/s, Materializing param=encoder.layers.7.final_layer_norm.bias]           
Loading weights:  60%|██████    | 127/211 [00:00<00:00, 14902.55it/s, Materializing param=encoder.layers.7.final_layer_norm.bias]
Loading weights:  61%|██████    | 128/211 [00:00<00:00, 14952.96it/s, Materializing param=encoder.layers.7.final_layer_norm.weight]
Loading weights:  61%|██████    | 128/211 [00:00<00:00, 14918.47it/s, Materializing param=encoder.layers.7.final_layer_norm.weight]
Loading weights:  61%|██████    | 129/211 [00:00<00:00, 14968.88it/s, Materializing param=encoder.layers.7.layer_norm.bias]        
Loading weights:  61%|██████    | 129/211 [00:00<00:00, 14934.18it/s, Materializing param=encoder.layers.7.layer_norm.bias]
Loading weights:  62%|██████▏   | 130/211 [00:00<00:00, 14985.42it/s, Materializing param=encoder.layers.7.layer_norm.weight]
Loading weights:  62%|██████▏   | 130/211 [00:00<00:00, 14950.91it/s, Materializing param=encoder.layers.7.layer_norm.weight]
Loading weights:  62%|██████▏   | 131/211 [00:00<00:00, 15005.43it/s, Materializing param=encoder.layers.8.attention.k_proj.bias]
Loading weights:  62%|██████▏   | 131/211 [00:00<00:00, 14969.45it/s, Materializing param=encoder.layers.8.attention.k_proj.bias]
Loading weights:  63%|██████▎   | 132/211 [00:00<00:00, 15015.41it/s, Materializing param=encoder.layers.8.attention.k_proj.weight]
Loading weights:  63%|██████▎   | 132/211 [00:00<00:00, 14981.28it/s, Materializing param=encoder.layers.8.attention.k_proj.weight]
Loading weights:  63%|██████▎   | 133/211 [00:00<00:00, 15028.49it/s, Materializing param=encoder.layers.8.attention.out_proj.bias]
Loading weights:  63%|██████▎   | 133/211 [00:00<00:00, 14999.39it/s, Materializing param=encoder.layers.8.attention.out_proj.bias]
Loading weights:  64%|██████▎   | 134/211 [00:00<00:00, 15046.23it/s, Materializing param=encoder.layers.8.attention.out_proj.weight]
Loading weights:  64%|██████▎   | 134/211 [00:00<00:00, 15010.86it/s, Materializing param=encoder.layers.8.attention.out_proj.weight]
Loading weights:  64%|██████▍   | 135/211 [00:00<00:00, 15055.33it/s, Materializing param=encoder.layers.8.attention.q_proj.bias]    
Loading weights:  64%|██████▍   | 135/211 [00:00<00:00, 15021.38it/s, Materializing param=encoder.layers.8.attention.q_proj.bias]
Loading weights:  64%|██████▍   | 136/211 [00:00<00:00, 15045.64it/s, Materializing param=encoder.layers.8.attention.q_proj.weight]
Loading weights:  64%|██████▍   | 136/211 [00:00<00:00, 15015.94it/s, Materializing param=encoder.layers.8.attention.q_proj.weight]
Loading weights:  65%|██████▍   | 137/211 [00:00<00:00, 15045.16it/s, Materializing param=encoder.layers.8.attention.v_proj.bias]  
Loading weights:  65%|██████▍   | 137/211 [00:00<00:00, 15009.00it/s, Materializing param=encoder.layers.8.attention.v_proj.bias]
Loading weights:  65%|██████▌   | 138/211 [00:00<00:00, 15057.20it/s, Materializing param=encoder.layers.8.attention.v_proj.weight]
Loading weights:  65%|██████▌   | 138/211 [00:00<00:00, 15024.37it/s, Materializing param=encoder.layers.8.attention.v_proj.weight]
Loading weights:  66%|██████▌   | 139/211 [00:00<00:00, 15071.04it/s, Materializing param=encoder.layers.8.feed_forward.intermediate_dense.bias]
Loading weights:  66%|██████▌   | 139/211 [00:00<00:00, 15036.84it/s, Materializing param=encoder.layers.8.feed_forward.intermediate_dense.bias]
Loading weights:  66%|██████▋   | 140/211 [00:00<00:00, 15081.22it/s, Materializing param=encoder.layers.8.feed_forward.intermediate_dense.weight]
Loading weights:  66%|██████▋   | 140/211 [00:00<00:00, 15047.22it/s, Materializing param=encoder.layers.8.feed_forward.intermediate_dense.weight]
Loading weights:  67%|██████▋   | 141/211 [00:00<00:00, 15090.12it/s, Materializing param=encoder.layers.8.feed_forward.output_dense.bias]        
Loading weights:  67%|██████▋   | 141/211 [00:00<00:00, 15055.93it/s, Materializing param=encoder.layers.8.feed_forward.output_dense.bias]
Loading weights:  67%|██████▋   | 142/211 [00:00<00:00, 15096.99it/s, Materializing param=encoder.layers.8.feed_forward.output_dense.weight]
Loading weights:  67%|██████▋   | 142/211 [00:00<00:00, 15063.38it/s, Materializing param=encoder.layers.8.feed_forward.output_dense.weight]
Loading weights:  68%|██████▊   | 143/211 [00:00<00:00, 15106.42it/s, Materializing param=encoder.layers.8.final_layer_norm.bias]           
Loading weights:  68%|██████▊   | 143/211 [00:00<00:00, 15074.91it/s, Materializing param=encoder.layers.8.final_layer_norm.bias]
Loading weights:  68%|██████▊   | 144/211 [00:00<00:00, 15122.93it/s, Materializing param=encoder.layers.8.final_layer_norm.weight]
Loading weights:  68%|██████▊   | 144/211 [00:00<00:00, 15089.69it/s, Materializing param=encoder.layers.8.final_layer_norm.weight]
Loading weights:  69%|██████▊   | 145/211 [00:00<00:00, 15137.37it/s, Materializing param=encoder.layers.8.layer_norm.bias]        
Loading weights:  69%|██████▊   | 145/211 [00:00<00:00, 15100.91it/s, Materializing param=encoder.layers.8.layer_norm.bias]
Loading weights:  69%|██████▉   | 146/211 [00:00<00:00, 15149.76it/s, Materializing param=encoder.layers.8.layer_norm.weight]
Loading weights:  69%|██████▉   | 146/211 [00:00<00:00, 15116.85it/s, Materializing param=encoder.layers.8.layer_norm.weight]
Loading weights:  70%|██████▉   | 147/211 [00:00<00:00, 15160.88it/s, Materializing param=encoder.layers.9.attention.k_proj.bias]
Loading weights:  70%|██████▉   | 147/211 [00:00<00:00, 15128.15it/s, Materializing param=encoder.layers.9.attention.k_proj.bias]
Loading weights:  70%|███████   | 148/211 [00:00<00:00, 15170.39it/s, Materializing param=encoder.layers.9.attention.k_proj.weight]
Loading weights:  70%|███████   | 148/211 [00:00<00:00, 15138.94it/s, Materializing param=encoder.layers.9.attention.k_proj.weight]
Loading weights:  71%|███████   | 149/211 [00:00<00:00, 15180.88it/s, Materializing param=encoder.layers.9.attention.out_proj.bias]
Loading weights:  71%|███████   | 149/211 [00:00<00:00, 15146.66it/s, Materializing param=encoder.layers.9.attention.out_proj.bias]
Loading weights:  71%|███████   | 150/211 [00:00<00:00, 15200.79it/s, Materializing param=encoder.layers.9.attention.out_proj.weight]
Loading weights:  71%|███████   | 150/211 [00:00<00:00, 15171.47it/s, Materializing param=encoder.layers.9.attention.out_proj.weight]
Loading weights:  72%|███████▏  | 151/211 [00:00<00:00, 15212.81it/s, Materializing param=encoder.layers.9.attention.q_proj.bias]    
Loading weights:  72%|███████▏  | 151/211 [00:00<00:00, 15180.36it/s, Materializing param=encoder.layers.9.attention.q_proj.bias]
Loading weights:  72%|███████▏  | 152/211 [00:00<00:00, 15225.79it/s, Materializing param=encoder.layers.9.attention.q_proj.weight]
Loading weights:  72%|███████▏  | 152/211 [00:00<00:00, 15200.01it/s, Materializing param=encoder.layers.9.attention.q_proj.weight]
Loading weights:  73%|███████▎  | 153/211 [00:00<00:00, 15252.74it/s, Materializing param=encoder.layers.9.attention.v_proj.bias]  
Loading weights:  73%|███████▎  | 153/211 [00:00<00:00, 15227.04it/s, Materializing param=encoder.layers.9.attention.v_proj.bias]
Loading weights:  73%|███████▎  | 154/211 [00:00<00:00, 15280.88it/s, Materializing param=encoder.layers.9.attention.v_proj.weight]
Loading weights:  73%|███████▎  | 154/211 [00:00<00:00, 15253.46it/s, Materializing param=encoder.layers.9.attention.v_proj.weight]
Loading weights:  73%|███████▎  | 155/211 [00:00<00:00, 15298.31it/s, Materializing param=encoder.layers.9.feed_forward.intermediate_dense.bias]
Loading weights:  73%|███████▎  | 155/211 [00:00<00:00, 15270.64it/s, Materializing param=encoder.layers.9.feed_forward.intermediate_dense.bias]
Loading weights:  74%|███████▍  | 156/211 [00:00<00:00, 15315.20it/s, Materializing param=encoder.layers.9.feed_forward.intermediate_dense.weight]
Loading weights:  74%|███████▍  | 156/211 [00:00<00:00, 15286.94it/s, Materializing param=encoder.layers.9.feed_forward.intermediate_dense.weight]
Loading weights:  74%|███████▍  | 157/211 [00:00<00:00, 15335.13it/s, Materializing param=encoder.layers.9.feed_forward.output_dense.bias]        
Loading weights:  74%|███████▍  | 157/211 [00:00<00:00, 15306.97it/s, Materializing param=encoder.layers.9.feed_forward.output_dense.bias]
Loading weights:  75%|███████▍  | 158/211 [00:00<00:00, 15347.38it/s, Materializing param=encoder.layers.9.feed_forward.output_dense.weight]
Loading weights:  75%|███████▍  | 158/211 [00:00<00:00, 15317.59it/s, Materializing param=encoder.layers.9.feed_forward.output_dense.weight]
Loading weights:  75%|███████▌  | 159/211 [00:00<00:00, 15346.07it/s, Materializing param=encoder.layers.9.final_layer_norm.bias]           
Loading weights:  75%|███████▌  | 159/211 [00:00<00:00, 15319.28it/s, Materializing param=encoder.layers.9.final_layer_norm.bias]
Loading weights:  76%|███████▌  | 160/211 [00:00<00:00, 15371.49it/s, Materializing param=encoder.layers.9.final_layer_norm.weight]
Loading weights:  76%|███████▌  | 160/211 [00:00<00:00, 15346.18it/s, Materializing param=encoder.layers.9.final_layer_norm.weight]
Loading weights:  76%|███████▋  | 161/211 [00:00<00:00, 15393.17it/s, Materializing param=encoder.layers.9.layer_norm.bias]        
Loading weights:  76%|███████▋  | 161/211 [00:00<00:00, 15362.35it/s, Materializing param=encoder.layers.9.layer_norm.bias]
Loading weights:  77%|███████▋  | 162/211 [00:00<00:00, 15405.20it/s, Materializing param=encoder.layers.9.layer_norm.weight]
Loading weights:  77%|███████▋  | 162/211 [00:00<00:00, 15375.92it/s, Materializing param=encoder.layers.9.layer_norm.weight]
Loading weights:  77%|███████▋  | 163/211 [00:00<00:00, 15424.06it/s, Materializing param=encoder.layers.10.attention.k_proj.bias]
Loading weights:  77%|███████▋  | 163/211 [00:00<00:00, 15397.66it/s, Materializing param=encoder.layers.10.attention.k_proj.bias]
Loading weights:  78%|███████▊  | 164/211 [00:00<00:00, 15441.35it/s, Materializing param=encoder.layers.10.attention.k_proj.weight]
Loading weights:  78%|███████▊  | 164/211 [00:00<00:00, 15412.29it/s, Materializing param=encoder.layers.10.attention.k_proj.weight]
Loading weights:  78%|███████▊  | 165/211 [00:00<00:00, 15450.88it/s, Materializing param=encoder.layers.10.attention.out_proj.bias]
Loading weights:  78%|███████▊  | 165/211 [00:00<00:00, 15421.95it/s, Materializing param=encoder.layers.10.attention.out_proj.bias]
Loading weights:  79%|███████▊  | 166/211 [00:00<00:00, 15457.89it/s, Materializing param=encoder.layers.10.attention.out_proj.weight]
Loading weights:  79%|███████▊  | 166/211 [00:00<00:00, 15430.49it/s, Materializing param=encoder.layers.10.attention.out_proj.weight]
Loading weights:  79%|███████▉  | 167/211 [00:00<00:00, 15438.59it/s, Materializing param=encoder.layers.10.attention.q_proj.bias]    
Loading weights:  79%|███████▉  | 167/211 [00:00<00:00, 15413.11it/s, Materializing param=encoder.layers.10.attention.q_proj.bias]
Loading weights:  80%|███████▉  | 168/211 [00:00<00:00, 15454.05it/s, Materializing param=encoder.layers.10.attention.q_proj.weight]
Loading weights:  80%|███████▉  | 168/211 [00:00<00:00, 15428.34it/s, Materializing param=encoder.layers.10.attention.q_proj.weight]
Loading weights:  80%|████████  | 169/211 [00:00<00:00, 15464.64it/s, Materializing param=encoder.layers.10.attention.v_proj.bias]  
Loading weights:  80%|████████  | 169/211 [00:00<00:00, 15435.01it/s, Materializing param=encoder.layers.10.attention.v_proj.bias]
Loading weights:  81%|████████  | 170/211 [00:00<00:00, 15475.79it/s, Materializing param=encoder.layers.10.attention.v_proj.weight]
Loading weights:  81%|████████  | 170/211 [00:00<00:00, 15447.63it/s, Materializing param=encoder.layers.10.attention.v_proj.weight]
Loading weights:  81%|████████  | 171/211 [00:00<00:00, 15483.48it/s, Materializing param=encoder.layers.10.feed_forward.intermediate_dense.bias]
Loading weights:  81%|████████  | 171/211 [00:00<00:00, 15455.46it/s, Materializing param=encoder.layers.10.feed_forward.intermediate_dense.bias]
Loading weights:  82%|████████▏ | 172/211 [00:00<00:00, 15481.45it/s, Materializing param=encoder.layers.10.feed_forward.intermediate_dense.weight]
Loading weights:  82%|████████▏ | 172/211 [00:00<00:00, 15453.60it/s, Materializing param=encoder.layers.10.feed_forward.intermediate_dense.weight]
Loading weights:  82%|████████▏ | 173/211 [00:00<00:00, 15498.96it/s, Materializing param=encoder.layers.10.feed_forward.output_dense.bias]        
Loading weights:  82%|████████▏ | 173/211 [00:00<00:00, 15472.52it/s, Materializing param=encoder.layers.10.feed_forward.output_dense.bias]
Loading weights:  82%|████████▏ | 174/211 [00:00<00:00, 15509.37it/s, Materializing param=encoder.layers.10.feed_forward.output_dense.weight]
Loading weights:  82%|████████▏ | 174/211 [00:00<00:00, 15480.42it/s, Materializing param=encoder.layers.10.feed_forward.output_dense.weight]
Loading weights:  83%|████████▎ | 175/211 [00:00<00:00, 15515.41it/s, Materializing param=encoder.layers.10.final_layer_norm.bias]           
Loading weights:  83%|████████▎ | 175/211 [00:00<00:00, 15487.91it/s, Materializing param=encoder.layers.10.final_layer_norm.bias]
Loading weights:  83%|████████▎ | 176/211 [00:00<00:00, 15527.27it/s, Materializing param=encoder.layers.10.final_layer_norm.weight]
Loading weights:  83%|████████▎ | 176/211 [00:00<00:00, 15499.56it/s, Materializing param=encoder.layers.10.final_layer_norm.weight]
Loading weights:  84%|████████▍ | 177/211 [00:00<00:00, 15538.69it/s, Materializing param=encoder.layers.10.layer_norm.bias]        
Loading weights:  84%|████████▍ | 177/211 [00:00<00:00, 15511.41it/s, Materializing param=encoder.layers.10.layer_norm.bias]
Loading weights:  84%|████████▍ | 178/211 [00:00<00:00, 15551.29it/s, Materializing param=encoder.layers.10.layer_norm.weight]
Loading weights:  84%|████████▍ | 178/211 [00:00<00:00, 15524.12it/s, Materializing param=encoder.layers.10.layer_norm.weight]
Loading weights:  85%|████████▍ | 179/211 [00:00<00:00, 15548.94it/s, Materializing param=encoder.layers.11.attention.k_proj.bias]
Loading weights:  85%|████████▍ | 179/211 [00:00<00:00, 15524.82it/s, Materializing param=encoder.layers.11.attention.k_proj.bias]
Loading weights:  85%|████████▌ | 180/211 [00:00<00:00, 15554.94it/s, Materializing param=encoder.layers.11.attention.k_proj.weight]
Loading weights:  85%|████████▌ | 180/211 [00:00<00:00, 15529.35it/s, Materializing param=encoder.layers.11.attention.k_proj.weight]
Loading weights:  86%|████████▌ | 181/211 [00:00<00:00, 15565.99it/s, Materializing param=encoder.layers.11.attention.out_proj.bias]
Loading weights:  86%|████████▌ | 181/211 [00:00<00:00, 15541.77it/s, Materializing param=encoder.layers.11.attention.out_proj.bias]
Loading weights:  86%|████████▋ | 182/211 [00:00<00:00, 15576.62it/s, Materializing param=encoder.layers.11.attention.out_proj.weight]
Loading weights:  86%|████████▋ | 182/211 [00:00<00:00, 15551.55it/s, Materializing param=encoder.layers.11.attention.out_proj.weight]
Loading weights:  87%|████████▋ | 183/211 [00:00<00:00, 15587.78it/s, Materializing param=encoder.layers.11.attention.q_proj.bias]    
Loading weights:  87%|████████▋ | 183/211 [00:00<00:00, 15561.23it/s, Materializing param=encoder.layers.11.attention.q_proj.bias]
Loading weights:  87%|████████▋ | 184/211 [00:00<00:00, 15575.84it/s, Materializing param=encoder.layers.11.attention.q_proj.weight]
Loading weights:  87%|████████▋ | 184/211 [00:00<00:00, 15552.30it/s, Materializing param=encoder.layers.11.attention.q_proj.weight]
Loading weights:  88%|████████▊ | 185/211 [00:00<00:00, 15572.49it/s, Materializing param=encoder.layers.11.attention.v_proj.bias]  
Loading weights:  88%|████████▊ | 185/211 [00:00<00:00, 15548.78it/s, Materializing param=encoder.layers.11.attention.v_proj.bias]
Loading weights:  88%|████████▊ | 186/211 [00:00<00:00, 15580.38it/s, Materializing param=encoder.layers.11.attention.v_proj.weight]
Loading weights:  88%|████████▊ | 186/211 [00:00<00:00, 15553.04it/s, Materializing param=encoder.layers.11.attention.v_proj.weight]
Loading weights:  89%|████████▊ | 187/211 [00:00<00:00, 15589.73it/s, Materializing param=encoder.layers.11.feed_forward.intermediate_dense.bias]
Loading weights:  89%|████████▊ | 187/211 [00:00<00:00, 15562.51it/s, Materializing param=encoder.layers.11.feed_forward.intermediate_dense.bias]
Loading weights:  89%|████████▉ | 188/211 [00:00<00:00, 15600.54it/s, Materializing param=encoder.layers.11.feed_forward.intermediate_dense.weight]
Loading weights:  89%|████████▉ | 188/211 [00:00<00:00, 15574.65it/s, Materializing param=encoder.layers.11.feed_forward.intermediate_dense.weight]
Loading weights:  90%|████████▉ | 189/211 [00:00<00:00, 15604.18it/s, Materializing param=encoder.layers.11.feed_forward.output_dense.bias]        
Loading weights:  90%|████████▉ | 189/211 [00:00<00:00, 15577.20it/s, Materializing param=encoder.layers.11.feed_forward.output_dense.bias]
Loading weights:  90%|█████████ | 190/211 [00:00<00:00, 15616.04it/s, Materializing param=encoder.layers.11.feed_forward.output_dense.weight]
Loading weights:  90%|█████████ | 190/211 [00:00<00:00, 15592.82it/s, Materializing param=encoder.layers.11.feed_forward.output_dense.weight]
Loading weights:  91%|█████████ | 191/211 [00:00<00:00, 15563.73it/s, Materializing param=encoder.layers.11.final_layer_norm.bias]           
Loading weights:  91%|█████████ | 191/211 [00:00<00:00, 15523.32it/s, Materializing param=encoder.layers.11.final_layer_norm.bias]
Loading weights:  91%|█████████ | 192/211 [00:00<00:00, 15537.76it/s, Materializing param=encoder.layers.11.final_layer_norm.weight]
Loading weights:  91%|█████████ | 192/211 [00:00<00:00, 15511.42it/s, Materializing param=encoder.layers.11.final_layer_norm.weight]
Loading weights:  91%|█████████▏| 193/211 [00:00<00:00, 15539.23it/s, Materializing param=encoder.layers.11.layer_norm.bias]        
Loading weights:  91%|█████████▏| 193/211 [00:00<00:00, 15514.51it/s, Materializing param=encoder.layers.11.layer_norm.bias]
Loading weights:  92%|█████████▏| 194/211 [00:00<00:00, 15543.66it/s, Materializing param=encoder.layers.11.layer_norm.weight]
Loading weights:  92%|█████████▏| 194/211 [00:00<00:00, 15519.94it/s, Materializing param=encoder.layers.11.layer_norm.weight]
Loading weights:  92%|█████████▏| 195/211 [00:00<00:00, 15552.48it/s, Materializing param=encoder.pos_conv_embed.conv.bias]   
Loading weights:  92%|█████████▏| 195/211 [00:00<00:00, 15527.97it/s, Materializing param=encoder.pos_conv_embed.conv.bias]
Loading weights:  93%|█████████▎| 196/211 [00:00<00:00, 15550.62it/s, Materializing param=encoder.pos_conv_embed.conv.parametrizations.weight.original0]
Loading weights:  93%|█████████▎| 196/211 [00:00<00:00, 15525.95it/s, Materializing param=encoder.pos_conv_embed.conv.parametrizations.weight.original0]
Loading weights:  93%|█████████▎| 197/211 [00:00<00:00, 15541.18it/s, Materializing param=encoder.pos_conv_embed.conv.parametrizations.weight.original1]
Loading weights:  93%|█████████▎| 197/211 [00:00<00:00, 15516.66it/s, Materializing param=encoder.pos_conv_embed.conv.parametrizations.weight.original1]
Loading weights:  94%|█████████▍| 198/211 [00:00<00:00, 15544.05it/s, Materializing param=feature_extractor.conv_layers.0.conv.weight]                  
Loading weights:  94%|█████████▍| 198/211 [00:00<00:00, 15519.65it/s, Materializing param=feature_extractor.conv_layers.0.conv.weight]
Loading weights:  94%|█████████▍| 199/211 [00:00<00:00, 15527.23it/s, Materializing param=feature_extractor.conv_layers.0.layer_norm.bias]
Loading weights:  94%|█████████▍| 199/211 [00:00<00:00, 15504.45it/s, Materializing param=feature_extractor.conv_layers.0.layer_norm.bias]
Loading weights:  95%|█████████▍| 200/211 [00:00<00:00, 15515.78it/s, Materializing param=feature_extractor.conv_layers.0.layer_norm.weight]
Loading weights:  95%|█████████▍| 200/211 [00:00<00:00, 15494.29it/s, Materializing param=feature_extractor.conv_layers.0.layer_norm.weight]
Loading weights:  95%|█████████▌| 201/211 [00:00<00:00, 15526.16it/s, Materializing param=feature_extractor.conv_layers.1.conv.weight]      
Loading weights:  95%|█████████▌| 201/211 [00:00<00:00, 15501.04it/s, Materializing param=feature_extractor.conv_layers.1.conv.weight]
Loading weights:  96%|█████████▌| 202/211 [00:00<00:00, 15531.33it/s, Materializing param=feature_extractor.conv_layers.2.conv.weight]
Loading weights:  96%|█████████▌| 202/211 [00:00<00:00, 15506.31it/s, Materializing param=feature_extractor.conv_layers.2.conv.weight]
Loading weights:  96%|█████████▌| 203/211 [00:00<00:00, 15533.04it/s, Materializing param=feature_extractor.conv_layers.3.conv.weight]
Loading weights:  96%|█████████▌| 203/211 [00:00<00:00, 15510.41it/s, Materializing param=feature_extractor.conv_layers.3.conv.weight]
Loading weights:  97%|█████████▋| 204/211 [00:00<00:00, 15539.54it/s, Materializing param=feature_extractor.conv_layers.4.conv.weight]
Loading weights:  97%|█████████▋| 204/211 [00:00<00:00, 15515.87it/s, Materializing param=feature_extractor.conv_layers.4.conv.weight]
Loading weights:  97%|█████████▋| 205/211 [00:00<00:00, 15544.29it/s, Materializing param=feature_extractor.conv_layers.5.conv.weight]
Loading weights:  97%|█████████▋| 205/211 [00:00<00:00, 15520.72it/s, Materializing param=feature_extractor.conv_layers.5.conv.weight]
Loading weights:  98%|█████████▊| 206/211 [00:00<00:00, 15553.19it/s, Materializing param=feature_extractor.conv_layers.6.conv.weight]
Loading weights:  98%|█████████▊| 206/211 [00:00<00:00, 15527.48it/s, Materializing param=feature_extractor.conv_layers.6.conv.weight]
Loading weights:  98%|█████████▊| 207/211 [00:00<00:00, 15566.49it/s, Materializing param=feature_projection.layer_norm.bias]         
Loading weights:  98%|█████████▊| 207/211 [00:00<00:00, 15546.42it/s, Materializing param=feature_projection.layer_norm.bias]
Loading weights:  99%|█████████▊| 208/211 [00:00<00:00, 15579.40it/s, Materializing param=feature_projection.layer_norm.weight]
Loading weights:  99%|█████████▊| 208/211 [00:00<00:00, 15553.85it/s, Materializing param=feature_projection.layer_norm.weight]
Loading weights:  99%|█████████▉| 209/211 [00:00<00:00, 15589.99it/s, Materializing param=feature_projection.projection.bias]  
Loading weights:  99%|█████████▉| 209/211 [00:00<00:00, 15565.63it/s, Materializing param=feature_projection.projection.bias]
Loading weights: 100%|█████████▉| 210/211 [00:00<00:00, 15600.77it/s, Materializing param=feature_projection.projection.weight]
Loading weights: 100%|█████████▉| 210/211 [00:00<00:00, 15576.49it/s, Materializing param=feature_projection.projection.weight]
Loading weights: 100%|██████████| 211/211 [00:00<00:00, 15609.81it/s, Materializing param=masked_spec_embed]                   
Loading weights: 100%|██████████| 211/211 [00:00<00:00, 15584.52it/s, Materializing param=masked_spec_embed]
Loading weights: 100%|██████████| 211/211 [00:00<00:00, 15505.61it/s, Materializing param=masked_spec_embed]
[2026-02-01 11:59:24,567][httpx][INFO] - HTTP Request: GET https://huggingface.co/api/models/microsoft/wavlm-base-plus "HTTP/1.1 200 OK"
Wav2Vec2Model LOAD REPORT from: microsoft/wavlm-base-plus
Key                                                         | Status     |  | 
------------------------------------------------------------+------------+--+-
encoder.layers.{0...11}.attention.gru_rel_pos_const         | UNEXPECTED |  | 
encoder.layers.{0...11}.attention.gru_rel_pos_linear.bias   | UNEXPECTED |  | 
encoder.layers.{0...11}.attention.gru_rel_pos_linear.weight | UNEXPECTED |  | 
encoder.layers.0.attention.rel_attn_embed.weight            | UNEXPECTED |  | 

Notes:
- UNEXPECTED	:can be ignored when loading from different task/architecture; not ok if you expect identical arch.
Error executing job with overrides: ['model=beats', 'strategy=adalora', 'data=tiny', 'training.max_epochs=5', 'augmentation.specaugment=false', 'augmentation.mixup=false', 'wandb.mode=offline', 'wandb.tags=[beats,adalora,sweep]']
Traceback (most recent call last):
  File "/Users/zakkeown/Code/SOUSAphone/.worktrees/training-pipeline-implementation/train.py", line 70, in main
    classifier = SOUSAClassifier(model, cfg)
                 ^^^^^^^^^^^^^^^^^^^^^^^^^^^
  File "/Users/zakkeown/Code/SOUSAphone/.worktrees/training-pipeline-implementation/sousa/training/module.py", line 82, in __init__
    self.model = get_peft_model(self.model, peft_config)
                 ^^^^^^^^^^^^^^^^^^^^^^^^^^^^^^^^^^^^^^^
  File "/Users/zakkeown/.pyenv/versions/3.11.14/lib/python3.11/site-packages/peft/mapping_func.py", line 122, in get_peft_model
    return MODEL_TYPE_TO_PEFT_MODEL_MAPPING[peft_config.task_type](
           ^^^^^^^^^^^^^^^^^^^^^^^^^^^^^^^^^^^^^^^^^^^^^^^^^^^^^^^^
  File "/Users/zakkeown/.pyenv/versions/3.11.14/lib/python3.11/site-packages/peft/peft_model.py", line 2966, in __init__
    super().__init__(model, peft_config, adapter_name, **kwargs)
  File "/Users/zakkeown/.pyenv/versions/3.11.14/lib/python3.11/site-packages/peft/peft_model.py", line 129, in __init__
    self.base_model = cls(model, {adapter_name: peft_config}, adapter_name)
                      ^^^^^^^^^^^^^^^^^^^^^^^^^^^^^^^^^^^^^^^^^^^^^^^^^^^^^
  File "/Users/zakkeown/.pyenv/versions/3.11.14/lib/python3.11/site-packages/peft/tuners/adalora/model.py", line 70, in __init__
    super().__init__(model, config, adapter_name, **kwargs)
  File "/Users/zakkeown/.pyenv/versions/3.11.14/lib/python3.11/site-packages/peft/tuners/tuners_utils.py", line 298, in __init__
    self.inject_adapter(self.model, adapter_name, low_cpu_mem_usage=low_cpu_mem_usage, state_dict=state_dict)
  File "/Users/zakkeown/.pyenv/versions/3.11.14/lib/python3.11/site-packages/peft/tuners/tuners_utils.py", line 880, in inject_adapter
    raise ValueError(error_msg)
ValueError: Target modules {'attention.key', 'attention.query', 'attention.value'} not found in the base model. Please check the target modules and try again.

Set the environment variable HYDRA_FULL_ERROR=1 for a complete stack trace.
[2026-02-01 11:59:24,658][httpx][INFO] - HTTP Request: GET https://huggingface.co/api/models/microsoft/wavlm-base-plus/commits/main "HTTP/1.1 200 OK"
[2026-02-01 11:59:24,742][httpx][INFO] - HTTP Request: GET https://huggingface.co/api/models/microsoft/wavlm-base-plus/discussions?p=0 "HTTP/1.1 200 OK"
[2026-02-01 11:59:24,829][httpx][INFO] - HTTP Request: GET https://huggingface.co/api/models/microsoft/wavlm-base-plus/commits/refs%2Fpr%2F2 "HTTP/1.1 200 OK"
[2026-02-01 11:59:24,912][httpx][INFO] - HTTP Request: HEAD https://huggingface.co/microsoft/wavlm-base-plus/resolve/refs%2Fpr%2F2/model.safetensors.index.json "HTTP/1.1 404 Not Found"
[2026-02-01 11:59:24,990][httpx][INFO] - HTTP Request: HEAD https://huggingface.co/microsoft/wavlm-base-plus/resolve/refs%2Fpr%2F2/model.safetensors "HTTP/1.1 302 Found"
