Seed set to 42
[2026-02-01 11:59:11,244][httpx][INFO] - HTTP Request: HEAD https://huggingface.co/microsoft/wavlm-base-plus/resolve/main/config.json "HTTP/1.1 307 Temporary Redirect"
[2026-02-01 11:59:11,278][httpx][INFO] - HTTP Request: HEAD https://huggingface.co/api/resolve-cache/models/microsoft/wavlm-base-plus/4c66d4806a428f2e922ccfa1a962776e232d487b/config.json "HTTP/1.1 200 OK"
[2026-02-01 11:59:11,357][httpx][INFO] - HTTP Request: HEAD https://huggingface.co/microsoft/wavlm-base-plus/resolve/main/config.json "HTTP/1.1 307 Temporary Redirect"
[2026-02-01 11:59:11,394][httpx][INFO] - HTTP Request: HEAD https://huggingface.co/api/resolve-cache/models/microsoft/wavlm-base-plus/4c66d4806a428f2e922ccfa1a962776e232d487b/config.json "HTTP/1.1 200 OK"
You are using a model of type wavlm to instantiate a model of type wav2vec2. This is not supported for all configurations of models and can yield errors.
[2026-02-01 11:59:11,475][httpx][INFO] - HTTP Request: HEAD https://huggingface.co/microsoft/wavlm-base-plus/resolve/main/model.safetensors "HTTP/1.1 404 Not Found"
[2026-02-01 11:59:11,550][httpx][INFO] - HTTP Request: HEAD https://huggingface.co/microsoft/wavlm-base-plus/resolve/main/model.safetensors.index.json "HTTP/1.1 404 Not Found"
[2026-02-01 11:59:11,634][httpx][INFO] - HTTP Request: HEAD https://huggingface.co/microsoft/wavlm-base-plus/resolve/main/pytorch_model.bin "HTTP/1.1 302 Found"
[2026-02-01 11:59:11,714][httpx][INFO] - HTTP Request: HEAD https://huggingface.co/microsoft/wavlm-base-plus/resolve/main/model.safetensors "HTTP/1.1 404 Not Found"

Loading weights:   0%|          | 0/211 [00:00<?, ?it/s]
Loading weights:   0%|          | 1/211 [00:00<00:00, 5262.61it/s, Materializing param=encoder.layer_norm.bias]
Loading weights:   0%|          | 1/211 [00:00<00:00, 4236.67it/s, Materializing param=encoder.layer_norm.bias]
Loading weights:   1%|          | 2/211 [00:00<00:00, 3609.56it/s, Materializing param=encoder.layer_norm.weight]
Loading weights:   1%|          | 2/211 [00:00<00:00, 3436.55it/s, Materializing param=encoder.layer_norm.weight]
Loading weights:   1%|▏         | 3/211 [00:00<00:00, 4587.28it/s, Materializing param=encoder.layers.0.attention.k_proj.bias]
Loading weights:   1%|▏         | 3/211 [00:00<00:00, 4353.95it/s, Materializing param=encoder.layers.0.attention.k_proj.bias]
Loading weights:   2%|▏         | 4/211 [00:00<00:00, 5256.02it/s, Materializing param=encoder.layers.0.attention.k_proj.weight]
Loading weights:   2%|▏         | 4/211 [00:00<00:00, 5005.14it/s, Materializing param=encoder.layers.0.attention.k_proj.weight]
Loading weights:   2%|▏         | 5/211 [00:00<00:00, 5854.70it/s, Materializing param=encoder.layers.0.attention.out_proj.bias]
Loading weights:   2%|▏         | 5/211 [00:00<00:00, 5701.88it/s, Materializing param=encoder.layers.0.attention.out_proj.bias]
Loading weights:   3%|▎         | 6/211 [00:00<00:00, 6416.58it/s, Materializing param=encoder.layers.0.attention.out_proj.weight]
Loading weights:   3%|▎         | 6/211 [00:00<00:00, 6275.77it/s, Materializing param=encoder.layers.0.attention.out_proj.weight]
Loading weights:   3%|▎         | 7/211 [00:00<00:00, 6978.88it/s, Materializing param=encoder.layers.0.attention.q_proj.bias]    
Loading weights:   3%|▎         | 7/211 [00:00<00:00, 6823.18it/s, Materializing param=encoder.layers.0.attention.q_proj.bias]
Loading weights:   4%|▍         | 8/211 [00:00<00:00, 7448.26it/s, Materializing param=encoder.layers.0.attention.q_proj.weight]
Loading weights:   4%|▍         | 8/211 [00:00<00:00, 7319.90it/s, Materializing param=encoder.layers.0.attention.q_proj.weight]
Loading weights:   4%|▍         | 9/211 [00:00<00:00, 7839.82it/s, Materializing param=encoder.layers.0.attention.v_proj.bias]  
Loading weights:   4%|▍         | 9/211 [00:00<00:00, 7699.11it/s, Materializing param=encoder.layers.0.attention.v_proj.bias]
Loading weights:   5%|▍         | 10/211 [00:00<00:00, 8163.30it/s, Materializing param=encoder.layers.0.attention.v_proj.weight]
Loading weights:   5%|▍         | 10/211 [00:00<00:00, 8038.14it/s, Materializing param=encoder.layers.0.attention.v_proj.weight]
Loading weights:   5%|▌         | 11/211 [00:00<00:00, 8512.43it/s, Materializing param=encoder.layers.0.feed_forward.intermediate_dense.bias]
Loading weights:   5%|▌         | 11/211 [00:00<00:00, 8346.12it/s, Materializing param=encoder.layers.0.feed_forward.intermediate_dense.bias]
Loading weights:   6%|▌         | 12/211 [00:00<00:00, 8726.01it/s, Materializing param=encoder.layers.0.feed_forward.intermediate_dense.weight]
Loading weights:   6%|▌         | 12/211 [00:00<00:00, 8602.23it/s, Materializing param=encoder.layers.0.feed_forward.intermediate_dense.weight]
Loading weights:   6%|▌         | 13/211 [00:00<00:00, 8996.20it/s, Materializing param=encoder.layers.0.feed_forward.output_dense.bias]        
Loading weights:   6%|▌         | 13/211 [00:00<00:00, 8843.00it/s, Materializing param=encoder.layers.0.feed_forward.output_dense.bias]
Loading weights:   7%|▋         | 14/211 [00:00<00:00, 9253.11it/s, Materializing param=encoder.layers.0.feed_forward.output_dense.weight]
Loading weights:   7%|▋         | 14/211 [00:00<00:00, 9126.56it/s, Materializing param=encoder.layers.0.feed_forward.output_dense.weight]
Loading weights:   7%|▋         | 15/211 [00:00<00:00, 9492.24it/s, Materializing param=encoder.layers.0.final_layer_norm.bias]           
Loading weights:   7%|▋         | 15/211 [00:00<00:00, 9380.43it/s, Materializing param=encoder.layers.0.final_layer_norm.bias]
Loading weights:   8%|▊         | 16/211 [00:00<00:00, 9703.42it/s, Materializing param=encoder.layers.0.final_layer_norm.weight]
Loading weights:   8%|▊         | 16/211 [00:00<00:00, 9597.95it/s, Materializing param=encoder.layers.0.final_layer_norm.weight]
Loading weights:   8%|▊         | 17/211 [00:00<00:00, 9952.98it/s, Materializing param=encoder.layers.0.layer_norm.bias]        
Loading weights:   8%|▊         | 17/211 [00:00<00:00, 9830.85it/s, Materializing param=encoder.layers.0.layer_norm.bias]
Loading weights:   9%|▊         | 18/211 [00:00<00:00, 10174.86it/s, Materializing param=encoder.layers.0.layer_norm.weight]
Loading weights:   9%|▊         | 18/211 [00:00<00:00, 10055.60it/s, Materializing param=encoder.layers.0.layer_norm.weight]
Loading weights:   9%|▉         | 19/211 [00:00<00:00, 10399.55it/s, Materializing param=encoder.layers.1.attention.k_proj.bias]
Loading weights:   9%|▉         | 19/211 [00:00<00:00, 10281.48it/s, Materializing param=encoder.layers.1.attention.k_proj.bias]
Loading weights:   9%|▉         | 20/211 [00:00<00:00, 10559.68it/s, Materializing param=encoder.layers.1.attention.k_proj.weight]
Loading weights:   9%|▉         | 20/211 [00:00<00:00, 10443.98it/s, Materializing param=encoder.layers.1.attention.k_proj.weight]
Loading weights:  10%|▉         | 21/211 [00:00<00:00, 10697.16it/s, Materializing param=encoder.layers.1.attention.out_proj.bias]
Loading weights:  10%|▉         | 21/211 [00:00<00:00, 10600.60it/s, Materializing param=encoder.layers.1.attention.out_proj.bias]
Loading weights:  10%|█         | 22/211 [00:00<00:00, 10858.40it/s, Materializing param=encoder.layers.1.attention.out_proj.weight]
Loading weights:  10%|█         | 22/211 [00:00<00:00, 10752.12it/s, Materializing param=encoder.layers.1.attention.out_proj.weight]
Loading weights:  11%|█         | 23/211 [00:00<00:00, 11009.93it/s, Materializing param=encoder.layers.1.attention.q_proj.bias]    
Loading weights:  11%|█         | 23/211 [00:00<00:00, 10900.45it/s, Materializing param=encoder.layers.1.attention.q_proj.bias]
Loading weights:  11%|█▏        | 24/211 [00:00<00:00, 11096.04it/s, Materializing param=encoder.layers.1.attention.q_proj.weight]
Loading weights:  11%|█▏        | 24/211 [00:00<00:00, 10994.24it/s, Materializing param=encoder.layers.1.attention.q_proj.weight]
Loading weights:  12%|█▏        | 25/211 [00:00<00:00, 11236.35it/s, Materializing param=encoder.layers.1.attention.v_proj.bias]  
Loading weights:  12%|█▏        | 25/211 [00:00<00:00, 11145.58it/s, Materializing param=encoder.layers.1.attention.v_proj.bias]
Loading weights:  12%|█▏        | 26/211 [00:00<00:00, 11392.80it/s, Materializing param=encoder.layers.1.attention.v_proj.weight]
Loading weights:  12%|█▏        | 26/211 [00:00<00:00, 11289.02it/s, Materializing param=encoder.layers.1.attention.v_proj.weight]
Loading weights:  13%|█▎        | 27/211 [00:00<00:00, 11533.37it/s, Materializing param=encoder.layers.1.feed_forward.intermediate_dense.bias]
Loading weights:  13%|█▎        | 27/211 [00:00<00:00, 11430.93it/s, Materializing param=encoder.layers.1.feed_forward.intermediate_dense.bias]
Loading weights:  13%|█▎        | 28/211 [00:00<00:00, 11676.33it/s, Materializing param=encoder.layers.1.feed_forward.intermediate_dense.weight]
Loading weights:  13%|█▎        | 28/211 [00:00<00:00, 11584.19it/s, Materializing param=encoder.layers.1.feed_forward.intermediate_dense.weight]
Loading weights:  14%|█▎        | 29/211 [00:00<00:00, 11817.24it/s, Materializing param=encoder.layers.1.feed_forward.output_dense.bias]        
Loading weights:  14%|█▎        | 29/211 [00:00<00:00, 11730.62it/s, Materializing param=encoder.layers.1.feed_forward.output_dense.bias]
Loading weights:  14%|█▍        | 30/211 [00:00<00:00, 11905.49it/s, Materializing param=encoder.layers.1.feed_forward.output_dense.weight]
Loading weights:  14%|█▍        | 30/211 [00:00<00:00, 11810.50it/s, Materializing param=encoder.layers.1.feed_forward.output_dense.weight]
Loading weights:  15%|█▍        | 31/211 [00:00<00:00, 11982.62it/s, Materializing param=encoder.layers.1.final_layer_norm.bias]           
Loading weights:  15%|█▍        | 31/211 [00:00<00:00, 11896.01it/s, Materializing param=encoder.layers.1.final_layer_norm.bias]
Loading weights:  15%|█▌        | 32/211 [00:00<00:00, 11984.80it/s, Materializing param=encoder.layers.1.final_layer_norm.weight]
Loading weights:  15%|█▌        | 32/211 [00:00<00:00, 11904.01it/s, Materializing param=encoder.layers.1.final_layer_norm.weight]
Loading weights:  16%|█▌        | 33/211 [00:00<00:00, 12052.60it/s, Materializing param=encoder.layers.1.layer_norm.bias]        
Loading weights:  16%|█▌        | 33/211 [00:00<00:00, 11974.40it/s, Materializing param=encoder.layers.1.layer_norm.bias]
Loading weights:  16%|█▌        | 34/211 [00:00<00:00, 12177.13it/s, Materializing param=encoder.layers.1.layer_norm.weight]
Loading weights:  16%|█▌        | 34/211 [00:00<00:00, 12091.43it/s, Materializing param=encoder.layers.1.layer_norm.weight]
Loading weights:  17%|█▋        | 35/211 [00:00<00:00, 12241.55it/s, Materializing param=encoder.layers.2.attention.k_proj.bias]
Loading weights:  17%|█▋        | 35/211 [00:00<00:00, 12161.43it/s, Materializing param=encoder.layers.2.attention.k_proj.bias]
Loading weights:  17%|█▋        | 36/211 [00:00<00:00, 12308.03it/s, Materializing param=encoder.layers.2.attention.k_proj.weight]
Loading weights:  17%|█▋        | 36/211 [00:00<00:00, 12220.37it/s, Materializing param=encoder.layers.2.attention.k_proj.weight]
Loading weights:  18%|█▊        | 37/211 [00:00<00:00, 12345.02it/s, Materializing param=encoder.layers.2.attention.out_proj.bias]
Loading weights:  18%|█▊        | 37/211 [00:00<00:00, 12275.69it/s, Materializing param=encoder.layers.2.attention.out_proj.bias]
Loading weights:  18%|█▊        | 38/211 [00:00<00:00, 12454.76it/s, Materializing param=encoder.layers.2.attention.out_proj.weight]
Loading weights:  18%|█▊        | 38/211 [00:00<00:00, 12377.38it/s, Materializing param=encoder.layers.2.attention.out_proj.weight]
Loading weights:  18%|█▊        | 39/211 [00:00<00:00, 12119.57it/s, Materializing param=encoder.layers.2.attention.q_proj.bias]    
Loading weights:  18%|█▊        | 39/211 [00:00<00:00, 11984.60it/s, Materializing param=encoder.layers.2.attention.q_proj.bias]
Loading weights:  19%|█▉        | 40/211 [00:00<00:00, 12084.72it/s, Materializing param=encoder.layers.2.attention.q_proj.weight]
Loading weights:  19%|█▉        | 40/211 [00:00<00:00, 12008.60it/s, Materializing param=encoder.layers.2.attention.q_proj.weight]
Loading weights:  19%|█▉        | 41/211 [00:00<00:00, 12141.09it/s, Materializing param=encoder.layers.2.attention.v_proj.bias]  
Loading weights:  19%|█▉        | 41/211 [00:00<00:00, 12066.13it/s, Materializing param=encoder.layers.2.attention.v_proj.bias]
Loading weights:  20%|█▉        | 42/211 [00:00<00:00, 12209.65it/s, Materializing param=encoder.layers.2.attention.v_proj.weight]
Loading weights:  20%|█▉        | 42/211 [00:00<00:00, 12138.97it/s, Materializing param=encoder.layers.2.attention.v_proj.weight]
Loading weights:  20%|██        | 43/211 [00:00<00:00, 12282.42it/s, Materializing param=encoder.layers.2.feed_forward.intermediate_dense.bias]
Loading weights:  20%|██        | 43/211 [00:00<00:00, 12209.25it/s, Materializing param=encoder.layers.2.feed_forward.intermediate_dense.bias]
Loading weights:  21%|██        | 44/211 [00:00<00:00, 12328.77it/s, Materializing param=encoder.layers.2.feed_forward.intermediate_dense.weight]
Loading weights:  21%|██        | 44/211 [00:00<00:00, 12255.90it/s, Materializing param=encoder.layers.2.feed_forward.intermediate_dense.weight]
Loading weights:  21%|██▏       | 45/211 [00:00<00:00, 12393.70it/s, Materializing param=encoder.layers.2.feed_forward.output_dense.bias]        
Loading weights:  21%|██▏       | 45/211 [00:00<00:00, 12328.94it/s, Materializing param=encoder.layers.2.feed_forward.output_dense.bias]
Loading weights:  22%|██▏       | 46/211 [00:00<00:00, 12462.08it/s, Materializing param=encoder.layers.2.feed_forward.output_dense.weight]
Loading weights:  22%|██▏       | 46/211 [00:00<00:00, 12391.65it/s, Materializing param=encoder.layers.2.feed_forward.output_dense.weight]
Loading weights:  22%|██▏       | 47/211 [00:00<00:00, 12483.05it/s, Materializing param=encoder.layers.2.final_layer_norm.bias]           
Loading weights:  22%|██▏       | 47/211 [00:00<00:00, 12424.04it/s, Materializing param=encoder.layers.2.final_layer_norm.bias]
Loading weights:  23%|██▎       | 48/211 [00:00<00:00, 12564.85it/s, Materializing param=encoder.layers.2.final_layer_norm.weight]
Loading weights:  23%|██▎       | 48/211 [00:00<00:00, 12506.31it/s, Materializing param=encoder.layers.2.final_layer_norm.weight]
Loading weights:  23%|██▎       | 49/211 [00:00<00:00, 12661.46it/s, Materializing param=encoder.layers.2.layer_norm.bias]        
Loading weights:  23%|██▎       | 49/211 [00:00<00:00, 12599.37it/s, Materializing param=encoder.layers.2.layer_norm.bias]
Loading weights:  24%|██▎       | 50/211 [00:00<00:00, 12699.24it/s, Materializing param=encoder.layers.2.layer_norm.weight]
Loading weights:  24%|██▎       | 50/211 [00:00<00:00, 12641.82it/s, Materializing param=encoder.layers.2.layer_norm.weight]
Loading weights:  24%|██▍       | 51/211 [00:00<00:00, 12734.22it/s, Materializing param=encoder.layers.3.attention.k_proj.bias]
Loading weights:  24%|██▍       | 51/211 [00:00<00:00, 12677.62it/s, Materializing param=encoder.layers.3.attention.k_proj.bias]
Loading weights:  25%|██▍       | 52/211 [00:00<00:00, 12817.57it/s, Materializing param=encoder.layers.3.attention.k_proj.weight]
Loading weights:  25%|██▍       | 52/211 [00:00<00:00, 12760.58it/s, Materializing param=encoder.layers.3.attention.k_proj.weight]
Loading weights:  25%|██▌       | 53/211 [00:00<00:00, 12907.80it/s, Materializing param=encoder.layers.3.attention.out_proj.bias]
Loading weights:  25%|██▌       | 53/211 [00:00<00:00, 12854.80it/s, Materializing param=encoder.layers.3.attention.out_proj.bias]
Loading weights:  26%|██▌       | 54/211 [00:00<00:00, 12952.79it/s, Materializing param=encoder.layers.3.attention.out_proj.weight]
Loading weights:  26%|██▌       | 54/211 [00:00<00:00, 12896.73it/s, Materializing param=encoder.layers.3.attention.out_proj.weight]
Loading weights:  26%|██▌       | 55/211 [00:00<00:00, 13005.23it/s, Materializing param=encoder.layers.3.attention.q_proj.bias]    
Loading weights:  26%|██▌       | 55/211 [00:00<00:00, 12949.74it/s, Materializing param=encoder.layers.3.attention.q_proj.bias]
Loading weights:  27%|██▋       | 56/211 [00:00<00:00, 13093.32it/s, Materializing param=encoder.layers.3.attention.q_proj.weight]
Loading weights:  27%|██▋       | 56/211 [00:00<00:00, 13041.70it/s, Materializing param=encoder.layers.3.attention.q_proj.weight]
Loading weights:  27%|██▋       | 57/211 [00:00<00:00, 13167.12it/s, Materializing param=encoder.layers.3.attention.v_proj.bias]  
Loading weights:  27%|██▋       | 57/211 [00:00<00:00, 13115.83it/s, Materializing param=encoder.layers.3.attention.v_proj.bias]
Loading weights:  27%|██▋       | 58/211 [00:00<00:00, 13244.93it/s, Materializing param=encoder.layers.3.attention.v_proj.weight]
Loading weights:  27%|██▋       | 58/211 [00:00<00:00, 13193.21it/s, Materializing param=encoder.layers.3.attention.v_proj.weight]
Loading weights:  28%|██▊       | 59/211 [00:00<00:00, 13296.65it/s, Materializing param=encoder.layers.3.feed_forward.intermediate_dense.bias]
Loading weights:  28%|██▊       | 59/211 [00:00<00:00, 13246.82it/s, Materializing param=encoder.layers.3.feed_forward.intermediate_dense.bias]
Loading weights:  28%|██▊       | 60/211 [00:00<00:00, 13369.01it/s, Materializing param=encoder.layers.3.feed_forward.intermediate_dense.weight]
Loading weights:  28%|██▊       | 60/211 [00:00<00:00, 13309.62it/s, Materializing param=encoder.layers.3.feed_forward.intermediate_dense.weight]
Loading weights:  29%|██▉       | 61/211 [00:00<00:00, 13436.22it/s, Materializing param=encoder.layers.3.feed_forward.output_dense.bias]        
Loading weights:  29%|██▉       | 61/211 [00:00<00:00, 13383.51it/s, Materializing param=encoder.layers.3.feed_forward.output_dense.bias]
Loading weights:  29%|██▉       | 62/211 [00:00<00:00, 13504.72it/s, Materializing param=encoder.layers.3.feed_forward.output_dense.weight]
Loading weights:  29%|██▉       | 62/211 [00:00<00:00, 13451.63it/s, Materializing param=encoder.layers.3.feed_forward.output_dense.weight]
Loading weights:  30%|██▉       | 63/211 [00:00<00:00, 13574.50it/s, Materializing param=encoder.layers.3.final_layer_norm.bias]           
Loading weights:  30%|██▉       | 63/211 [00:00<00:00, 13525.17it/s, Materializing param=encoder.layers.3.final_layer_norm.bias]
Loading weights:  30%|███       | 64/211 [00:00<00:00, 13646.25it/s, Materializing param=encoder.layers.3.final_layer_norm.weight]
Loading weights:  30%|███       | 64/211 [00:00<00:00, 13588.23it/s, Materializing param=encoder.layers.3.final_layer_norm.weight]
Loading weights:  31%|███       | 65/211 [00:00<00:00, 13707.56it/s, Materializing param=encoder.layers.3.layer_norm.bias]        
Loading weights:  31%|███       | 65/211 [00:00<00:00, 13655.38it/s, Materializing param=encoder.layers.3.layer_norm.bias]
Loading weights:  31%|███▏      | 66/211 [00:00<00:00, 13770.29it/s, Materializing param=encoder.layers.3.layer_norm.weight]
Loading weights:  31%|███▏      | 66/211 [00:00<00:00, 13721.14it/s, Materializing param=encoder.layers.3.layer_norm.weight]
Loading weights:  32%|███▏      | 67/211 [00:00<00:00, 13842.59it/s, Materializing param=encoder.layers.4.attention.k_proj.bias]
Loading weights:  32%|███▏      | 67/211 [00:00<00:00, 13797.73it/s, Materializing param=encoder.layers.4.attention.k_proj.bias]
Loading weights:  32%|███▏      | 68/211 [00:00<00:00, 13899.93it/s, Materializing param=encoder.layers.4.attention.k_proj.weight]
Loading weights:  32%|███▏      | 68/211 [00:00<00:00, 13849.31it/s, Materializing param=encoder.layers.4.attention.k_proj.weight]
Loading weights:  33%|███▎      | 69/211 [00:00<00:00, 13897.09it/s, Materializing param=encoder.layers.4.attention.out_proj.bias]
Loading weights:  33%|███▎      | 69/211 [00:00<00:00, 13841.93it/s, Materializing param=encoder.layers.4.attention.out_proj.bias]
Loading weights:  33%|███▎      | 70/211 [00:00<00:00, 13949.79it/s, Materializing param=encoder.layers.4.attention.out_proj.weight]
Loading weights:  33%|███▎      | 70/211 [00:00<00:00, 13899.60it/s, Materializing param=encoder.layers.4.attention.out_proj.weight]
Loading weights:  34%|███▎      | 71/211 [00:00<00:00, 14011.93it/s, Materializing param=encoder.layers.4.attention.q_proj.bias]    
Loading weights:  34%|███▎      | 71/211 [00:00<00:00, 13965.28it/s, Materializing param=encoder.layers.4.attention.q_proj.bias]
Loading weights:  34%|███▍      | 72/211 [00:00<00:00, 14027.12it/s, Materializing param=encoder.layers.4.attention.q_proj.weight]
Loading weights:  34%|███▍      | 72/211 [00:00<00:00, 13977.78it/s, Materializing param=encoder.layers.4.attention.q_proj.weight]
Loading weights:  35%|███▍      | 73/211 [00:00<00:00, 14038.71it/s, Materializing param=encoder.layers.4.attention.v_proj.bias]  
Loading weights:  35%|███▍      | 73/211 [00:00<00:00, 13990.60it/s, Materializing param=encoder.layers.4.attention.v_proj.bias]
Loading weights:  35%|███▌      | 74/211 [00:00<00:00, 14079.31it/s, Materializing param=encoder.layers.4.attention.v_proj.weight]
Loading weights:  35%|███▌      | 74/211 [00:00<00:00, 14023.34it/s, Materializing param=encoder.layers.4.attention.v_proj.weight]
Loading weights:  36%|███▌      | 75/211 [00:00<00:00, 14111.47it/s, Materializing param=encoder.layers.4.feed_forward.intermediate_dense.bias]
Loading weights:  36%|███▌      | 75/211 [00:00<00:00, 14060.38it/s, Materializing param=encoder.layers.4.feed_forward.intermediate_dense.bias]
Loading weights:  36%|███▌      | 76/211 [00:00<00:00, 14066.15it/s, Materializing param=encoder.layers.4.feed_forward.intermediate_dense.weight]
Loading weights:  36%|███▌      | 76/211 [00:00<00:00, 14019.75it/s, Materializing param=encoder.layers.4.feed_forward.intermediate_dense.weight]
Loading weights:  36%|███▋      | 77/211 [00:00<00:00, 14068.71it/s, Materializing param=encoder.layers.4.feed_forward.output_dense.bias]        
Loading weights:  36%|███▋      | 77/211 [00:00<00:00, 14022.90it/s, Materializing param=encoder.layers.4.feed_forward.output_dense.bias]
Loading weights:  37%|███▋      | 78/211 [00:00<00:00, 14084.54it/s, Materializing param=encoder.layers.4.feed_forward.output_dense.weight]
Loading weights:  37%|███▋      | 78/211 [00:00<00:00, 14036.20it/s, Materializing param=encoder.layers.4.feed_forward.output_dense.weight]
Loading weights:  37%|███▋      | 79/211 [00:00<00:00, 14125.25it/s, Materializing param=encoder.layers.4.final_layer_norm.bias]           
Loading weights:  37%|███▋      | 79/211 [00:00<00:00, 14074.85it/s, Materializing param=encoder.layers.4.final_layer_norm.bias]
Loading weights:  38%|███▊      | 80/211 [00:00<00:00, 14156.79it/s, Materializing param=encoder.layers.4.final_layer_norm.weight]
Loading weights:  38%|███▊      | 80/211 [00:00<00:00, 14109.17it/s, Materializing param=encoder.layers.4.final_layer_norm.weight]
Loading weights:  38%|███▊      | 81/211 [00:00<00:00, 14197.78it/s, Materializing param=encoder.layers.4.layer_norm.bias]        
Loading weights:  38%|███▊      | 81/211 [00:00<00:00, 14148.11it/s, Materializing param=encoder.layers.4.layer_norm.bias]
Loading weights:  39%|███▉      | 82/211 [00:00<00:00, 14204.47it/s, Materializing param=encoder.layers.4.layer_norm.weight]
Loading weights:  39%|███▉      | 82/211 [00:00<00:00, 14162.36it/s, Materializing param=encoder.layers.4.layer_norm.weight]
Loading weights:  39%|███▉      | 83/211 [00:00<00:00, 14253.49it/s, Materializing param=encoder.layers.5.attention.k_proj.bias]
Loading weights:  39%|███▉      | 83/211 [00:00<00:00, 14204.64it/s, Materializing param=encoder.layers.5.attention.k_proj.bias]
Loading weights:  40%|███▉      | 84/211 [00:00<00:00, 14286.01it/s, Materializing param=encoder.layers.5.attention.k_proj.weight]
Loading weights:  40%|███▉      | 84/211 [00:00<00:00, 14244.42it/s, Materializing param=encoder.layers.5.attention.k_proj.weight]
Loading weights:  40%|████      | 85/211 [00:00<00:00, 14306.99it/s, Materializing param=encoder.layers.5.attention.out_proj.bias]
Loading weights:  40%|████      | 85/211 [00:00<00:00, 14264.06it/s, Materializing param=encoder.layers.5.attention.out_proj.bias]
Loading weights:  41%|████      | 86/211 [00:00<00:00, 14318.44it/s, Materializing param=encoder.layers.5.attention.out_proj.weight]
Loading weights:  41%|████      | 86/211 [00:00<00:00, 14275.94it/s, Materializing param=encoder.layers.5.attention.out_proj.weight]
Loading weights:  41%|████      | 87/211 [00:00<00:00, 14351.63it/s, Materializing param=encoder.layers.5.attention.q_proj.bias]    
Loading weights:  41%|████      | 87/211 [00:00<00:00, 14304.93it/s, Materializing param=encoder.layers.5.attention.q_proj.bias]
Loading weights:  42%|████▏     | 88/211 [00:00<00:00, 14386.45it/s, Materializing param=encoder.layers.5.attention.q_proj.weight]
Loading weights:  42%|████▏     | 88/211 [00:00<00:00, 14339.50it/s, Materializing param=encoder.layers.5.attention.q_proj.weight]
Loading weights:  42%|████▏     | 89/211 [00:00<00:00, 14415.09it/s, Materializing param=encoder.layers.5.attention.v_proj.bias]  
Loading weights:  42%|████▏     | 89/211 [00:00<00:00, 14371.24it/s, Materializing param=encoder.layers.5.attention.v_proj.bias]
Loading weights:  43%|████▎     | 90/211 [00:00<00:00, 14441.54it/s, Materializing param=encoder.layers.5.attention.v_proj.weight]
Loading weights:  43%|████▎     | 90/211 [00:00<00:00, 14393.08it/s, Materializing param=encoder.layers.5.attention.v_proj.weight]
Loading weights:  43%|████▎     | 91/211 [00:00<00:00, 14464.76it/s, Materializing param=encoder.layers.5.feed_forward.intermediate_dense.bias]
Loading weights:  43%|████▎     | 91/211 [00:00<00:00, 14416.68it/s, Materializing param=encoder.layers.5.feed_forward.intermediate_dense.bias]
Loading weights:  44%|████▎     | 92/211 [00:00<00:00, 14488.10it/s, Materializing param=encoder.layers.5.feed_forward.intermediate_dense.weight]
Loading weights:  44%|████▎     | 92/211 [00:00<00:00, 14440.39it/s, Materializing param=encoder.layers.5.feed_forward.intermediate_dense.weight]
Loading weights:  44%|████▍     | 93/211 [00:00<00:00, 14513.16it/s, Materializing param=encoder.layers.5.feed_forward.output_dense.bias]        
Loading weights:  44%|████▍     | 93/211 [00:00<00:00, 14465.80it/s, Materializing param=encoder.layers.5.feed_forward.output_dense.bias]
Loading weights:  45%|████▍     | 94/211 [00:00<00:00, 14530.81it/s, Materializing param=encoder.layers.5.feed_forward.output_dense.weight]
Loading weights:  45%|████▍     | 94/211 [00:00<00:00, 14485.97it/s, Materializing param=encoder.layers.5.feed_forward.output_dense.weight]
Loading weights:  45%|████▌     | 95/211 [00:00<00:00, 14552.39it/s, Materializing param=encoder.layers.5.final_layer_norm.bias]           
Loading weights:  45%|████▌     | 95/211 [00:00<00:00, 14507.88it/s, Materializing param=encoder.layers.5.final_layer_norm.bias]
Loading weights:  45%|████▌     | 96/211 [00:00<00:00, 14556.71it/s, Materializing param=encoder.layers.5.final_layer_norm.weight]
Loading weights:  45%|████▌     | 96/211 [00:00<00:00, 14516.83it/s, Materializing param=encoder.layers.5.final_layer_norm.weight]
Loading weights:  46%|████▌     | 97/211 [00:00<00:00, 14555.74it/s, Materializing param=encoder.layers.5.layer_norm.bias]        
Loading weights:  46%|████▌     | 97/211 [00:00<00:00, 14518.86it/s, Materializing param=encoder.layers.5.layer_norm.bias]
Loading weights:  46%|████▋     | 98/211 [00:00<00:00, 14594.06it/s, Materializing param=encoder.layers.5.layer_norm.weight]
Loading weights:  46%|████▋     | 98/211 [00:00<00:00, 14551.18it/s, Materializing param=encoder.layers.5.layer_norm.weight]
Loading weights:  47%|████▋     | 99/211 [00:00<00:00, 14618.93it/s, Materializing param=encoder.layers.6.attention.k_proj.bias]
Loading weights:  47%|████▋     | 99/211 [00:00<00:00, 14575.82it/s, Materializing param=encoder.layers.6.attention.k_proj.bias]
Loading weights:  47%|████▋     | 100/211 [00:00<00:00, 14641.34it/s, Materializing param=encoder.layers.6.attention.k_proj.weight]
Loading weights:  47%|████▋     | 100/211 [00:00<00:00, 14604.63it/s, Materializing param=encoder.layers.6.attention.k_proj.weight]
Loading weights:  48%|████▊     | 101/211 [00:00<00:00, 14684.21it/s, Materializing param=encoder.layers.6.attention.out_proj.bias]
Loading weights:  48%|████▊     | 101/211 [00:00<00:00, 14637.53it/s, Materializing param=encoder.layers.6.attention.out_proj.bias]
Loading weights:  48%|████▊     | 102/211 [00:00<00:00, 14691.08it/s, Materializing param=encoder.layers.6.attention.out_proj.weight]
Loading weights:  48%|████▊     | 102/211 [00:00<00:00, 14648.83it/s, Materializing param=encoder.layers.6.attention.out_proj.weight]
Loading weights:  49%|████▉     | 103/211 [00:00<00:00, 14720.37it/s, Materializing param=encoder.layers.6.attention.q_proj.bias]    
Loading weights:  49%|████▉     | 103/211 [00:00<00:00, 14680.85it/s, Materializing param=encoder.layers.6.attention.q_proj.bias]
Loading weights:  49%|████▉     | 104/211 [00:00<00:00, 14745.71it/s, Materializing param=encoder.layers.6.attention.q_proj.weight]
Loading weights:  49%|████▉     | 104/211 [00:00<00:00, 14707.92it/s, Materializing param=encoder.layers.6.attention.q_proj.weight]
Loading weights:  50%|████▉     | 105/211 [00:00<00:00, 14782.56it/s, Materializing param=encoder.layers.6.attention.v_proj.bias]  
Loading weights:  50%|████▉     | 105/211 [00:00<00:00, 14742.97it/s, Materializing param=encoder.layers.6.attention.v_proj.bias]
Loading weights:  50%|█████     | 106/211 [00:00<00:00, 14802.60it/s, Materializing param=encoder.layers.6.attention.v_proj.weight]
Loading weights:  50%|█████     | 106/211 [00:00<00:00, 14767.20it/s, Materializing param=encoder.layers.6.attention.v_proj.weight]
Loading weights:  51%|█████     | 107/211 [00:00<00:00, 14823.80it/s, Materializing param=encoder.layers.6.feed_forward.intermediate_dense.bias]
Loading weights:  51%|█████     | 107/211 [00:00<00:00, 14783.27it/s, Materializing param=encoder.layers.6.feed_forward.intermediate_dense.bias]
Loading weights:  51%|█████     | 108/211 [00:00<00:00, 14851.47it/s, Materializing param=encoder.layers.6.feed_forward.intermediate_dense.weight]
Loading weights:  51%|█████     | 108/211 [00:00<00:00, 14815.05it/s, Materializing param=encoder.layers.6.feed_forward.intermediate_dense.weight]
Loading weights:  52%|█████▏    | 109/211 [00:00<00:00, 14886.49it/s, Materializing param=encoder.layers.6.feed_forward.output_dense.bias]        
Loading weights:  52%|█████▏    | 109/211 [00:00<00:00, 14849.75it/s, Materializing param=encoder.layers.6.feed_forward.output_dense.bias]
Loading weights:  52%|█████▏    | 110/211 [00:00<00:00, 14888.78it/s, Materializing param=encoder.layers.6.feed_forward.output_dense.weight]
Loading weights:  52%|█████▏    | 110/211 [00:00<00:00, 14852.83it/s, Materializing param=encoder.layers.6.feed_forward.output_dense.weight]
Loading weights:  53%|█████▎    | 111/211 [00:00<00:00, 14919.17it/s, Materializing param=encoder.layers.6.final_layer_norm.bias]           
Loading weights:  53%|█████▎    | 111/211 [00:00<00:00, 14885.31it/s, Materializing param=encoder.layers.6.final_layer_norm.bias]
Loading weights:  53%|█████▎    | 112/211 [00:00<00:00, 14959.15it/s, Materializing param=encoder.layers.6.final_layer_norm.weight]
Loading weights:  53%|█████▎    | 112/211 [00:00<00:00, 14925.40it/s, Materializing param=encoder.layers.6.final_layer_norm.weight]
Loading weights:  54%|█████▎    | 113/211 [00:00<00:00, 14996.72it/s, Materializing param=encoder.layers.6.layer_norm.bias]        
Loading weights:  54%|█████▎    | 113/211 [00:00<00:00, 14962.63it/s, Materializing param=encoder.layers.6.layer_norm.bias]
Loading weights:  54%|█████▍    | 114/211 [00:00<00:00, 15035.71it/s, Materializing param=encoder.layers.6.layer_norm.weight]
Loading weights:  54%|█████▍    | 114/211 [00:00<00:00, 15002.22it/s, Materializing param=encoder.layers.6.layer_norm.weight]
Loading weights:  55%|█████▍    | 115/211 [00:00<00:00, 15069.98it/s, Materializing param=encoder.layers.7.attention.k_proj.bias]
Loading weights:  55%|█████▍    | 115/211 [00:00<00:00, 15036.63it/s, Materializing param=encoder.layers.7.attention.k_proj.bias]
Loading weights:  55%|█████▍    | 116/211 [00:00<00:00, 15101.94it/s, Materializing param=encoder.layers.7.attention.k_proj.weight]
Loading weights:  55%|█████▍    | 116/211 [00:00<00:00, 15068.73it/s, Materializing param=encoder.layers.7.attention.k_proj.weight]
Loading weights:  55%|█████▌    | 117/211 [00:00<00:00, 15137.69it/s, Materializing param=encoder.layers.7.attention.out_proj.bias]
Loading weights:  55%|█████▌    | 117/211 [00:00<00:00, 15104.61it/s, Materializing param=encoder.layers.7.attention.out_proj.bias]
Loading weights:  56%|█████▌    | 118/211 [00:00<00:00, 15157.19it/s, Materializing param=encoder.layers.7.attention.out_proj.weight]
Loading weights:  56%|█████▌    | 118/211 [00:00<00:00, 15122.46it/s, Materializing param=encoder.layers.7.attention.out_proj.weight]
Loading weights:  56%|█████▋    | 119/211 [00:00<00:00, 15184.27it/s, Materializing param=encoder.layers.7.attention.q_proj.bias]    
Loading weights:  56%|█████▋    | 119/211 [00:00<00:00, 15147.87it/s, Materializing param=encoder.layers.7.attention.q_proj.bias]
Loading weights:  57%|█████▋    | 120/211 [00:00<00:00, 15203.18it/s, Materializing param=encoder.layers.7.attention.q_proj.weight]
Loading weights:  57%|█████▋    | 120/211 [00:00<00:00, 15164.70it/s, Materializing param=encoder.layers.7.attention.q_proj.weight]
Loading weights:  57%|█████▋    | 121/211 [00:00<00:00, 15223.65it/s, Materializing param=encoder.layers.7.attention.v_proj.bias]  
Loading weights:  57%|█████▋    | 121/211 [00:00<00:00, 15183.57it/s, Materializing param=encoder.layers.7.attention.v_proj.bias]
Loading weights:  58%|█████▊    | 122/211 [00:00<00:00, 15240.66it/s, Materializing param=encoder.layers.7.attention.v_proj.weight]
Loading weights:  58%|█████▊    | 122/211 [00:00<00:00, 15202.62it/s, Materializing param=encoder.layers.7.attention.v_proj.weight]
Loading weights:  58%|█████▊    | 123/211 [00:00<00:00, 15258.78it/s, Materializing param=encoder.layers.7.feed_forward.intermediate_dense.bias]
Loading weights:  58%|█████▊    | 123/211 [00:00<00:00, 15219.17it/s, Materializing param=encoder.layers.7.feed_forward.intermediate_dense.bias]
Loading weights:  59%|█████▉    | 124/211 [00:00<00:00, 15265.44it/s, Materializing param=encoder.layers.7.feed_forward.intermediate_dense.weight]
Loading weights:  59%|█████▉    | 124/211 [00:00<00:00, 15223.89it/s, Materializing param=encoder.layers.7.feed_forward.intermediate_dense.weight]
Loading weights:  59%|█████▉    | 125/211 [00:00<00:00, 15277.35it/s, Materializing param=encoder.layers.7.feed_forward.output_dense.bias]        
Loading weights:  59%|█████▉    | 125/211 [00:00<00:00, 15238.27it/s, Materializing param=encoder.layers.7.feed_forward.output_dense.bias]
Loading weights:  60%|█████▉    | 126/211 [00:00<00:00, 15285.54it/s, Materializing param=encoder.layers.7.feed_forward.output_dense.weight]
Loading weights:  60%|█████▉    | 126/211 [00:00<00:00, 15250.69it/s, Materializing param=encoder.layers.7.feed_forward.output_dense.weight]
Loading weights:  60%|██████    | 127/211 [00:00<00:00, 15282.65it/s, Materializing param=encoder.layers.7.final_layer_norm.bias]           
Loading weights:  60%|██████    | 127/211 [00:00<00:00, 15247.65it/s, Materializing param=encoder.layers.7.final_layer_norm.bias]
Loading weights:  61%|██████    | 128/211 [00:00<00:00, 15294.60it/s, Materializing param=encoder.layers.7.final_layer_norm.weight]
Loading weights:  61%|██████    | 128/211 [00:00<00:00, 15258.08it/s, Materializing param=encoder.layers.7.final_layer_norm.weight]
Loading weights:  61%|██████    | 129/211 [00:00<00:00, 15309.41it/s, Materializing param=encoder.layers.7.layer_norm.bias]        
Loading weights:  61%|██████    | 129/211 [00:00<00:00, 15273.54it/s, Materializing param=encoder.layers.7.layer_norm.bias]
Loading weights:  62%|██████▏   | 130/211 [00:00<00:00, 15328.33it/s, Materializing param=encoder.layers.7.layer_norm.weight]
Loading weights:  62%|██████▏   | 130/211 [00:00<00:00, 15290.51it/s, Materializing param=encoder.layers.7.layer_norm.weight]
Loading weights:  62%|██████▏   | 131/211 [00:00<00:00, 15344.87it/s, Materializing param=encoder.layers.8.attention.k_proj.bias]
Loading weights:  62%|██████▏   | 131/211 [00:00<00:00, 15309.38it/s, Materializing param=encoder.layers.8.attention.k_proj.bias]
Loading weights:  63%|██████▎   | 132/211 [00:00<00:00, 15357.78it/s, Materializing param=encoder.layers.8.attention.k_proj.weight]
Loading weights:  63%|██████▎   | 132/211 [00:00<00:00, 15323.78it/s, Materializing param=encoder.layers.8.attention.k_proj.weight]
Loading weights:  63%|██████▎   | 133/211 [00:00<00:00, 15375.61it/s, Materializing param=encoder.layers.8.attention.out_proj.bias]
Loading weights:  63%|██████▎   | 133/211 [00:00<00:00, 15338.40it/s, Materializing param=encoder.layers.8.attention.out_proj.bias]
Loading weights:  64%|██████▎   | 134/211 [00:00<00:00, 15386.46it/s, Materializing param=encoder.layers.8.attention.out_proj.weight]
Loading weights:  64%|██████▎   | 134/211 [00:00<00:00, 15347.81it/s, Materializing param=encoder.layers.8.attention.out_proj.weight]
Loading weights:  64%|██████▍   | 135/211 [00:00<00:00, 15398.43it/s, Materializing param=encoder.layers.8.attention.q_proj.bias]    
Loading weights:  64%|██████▍   | 135/211 [00:00<00:00, 15365.42it/s, Materializing param=encoder.layers.8.attention.q_proj.bias]
Loading weights:  64%|██████▍   | 136/211 [00:00<00:00, 15412.74it/s, Materializing param=encoder.layers.8.attention.q_proj.weight]
Loading weights:  64%|██████▍   | 136/211 [00:00<00:00, 15376.18it/s, Materializing param=encoder.layers.8.attention.q_proj.weight]
Loading weights:  65%|██████▍   | 137/211 [00:00<00:00, 15429.76it/s, Materializing param=encoder.layers.8.attention.v_proj.bias]  
Loading weights:  65%|██████▍   | 137/211 [00:00<00:00, 15395.03it/s, Materializing param=encoder.layers.8.attention.v_proj.bias]
Loading weights:  65%|██████▌   | 138/211 [00:00<00:00, 15443.28it/s, Materializing param=encoder.layers.8.attention.v_proj.weight]
Loading weights:  65%|██████▌   | 138/211 [00:00<00:00, 15406.69it/s, Materializing param=encoder.layers.8.attention.v_proj.weight]
Loading weights:  66%|██████▌   | 139/211 [00:00<00:00, 15456.21it/s, Materializing param=encoder.layers.8.feed_forward.intermediate_dense.bias]
Loading weights:  66%|██████▌   | 139/211 [00:00<00:00, 15421.87it/s, Materializing param=encoder.layers.8.feed_forward.intermediate_dense.bias]
Loading weights:  66%|██████▋   | 140/211 [00:00<00:00, 15469.80it/s, Materializing param=encoder.layers.8.feed_forward.intermediate_dense.weight]
Loading weights:  66%|██████▋   | 140/211 [00:00<00:00, 15435.64it/s, Materializing param=encoder.layers.8.feed_forward.intermediate_dense.weight]
Loading weights:  67%|██████▋   | 141/211 [00:00<00:00, 15477.14it/s, Materializing param=encoder.layers.8.feed_forward.output_dense.bias]        
Loading weights:  67%|██████▋   | 141/211 [00:00<00:00, 15443.59it/s, Materializing param=encoder.layers.8.feed_forward.output_dense.bias]
Loading weights:  67%|██████▋   | 142/211 [00:00<00:00, 15488.81it/s, Materializing param=encoder.layers.8.feed_forward.output_dense.weight]
Loading weights:  67%|██████▋   | 142/211 [00:00<00:00, 15453.44it/s, Materializing param=encoder.layers.8.feed_forward.output_dense.weight]
Loading weights:  68%|██████▊   | 143/211 [00:00<00:00, 15501.14it/s, Materializing param=encoder.layers.8.final_layer_norm.bias]           
Loading weights:  68%|██████▊   | 143/211 [00:00<00:00, 15465.96it/s, Materializing param=encoder.layers.8.final_layer_norm.bias]
Loading weights:  68%|██████▊   | 144/211 [00:00<00:00, 15520.49it/s, Materializing param=encoder.layers.8.final_layer_norm.weight]
Loading weights:  68%|██████▊   | 144/211 [00:00<00:00, 15490.63it/s, Materializing param=encoder.layers.8.final_layer_norm.weight]
Loading weights:  69%|██████▊   | 145/211 [00:00<00:00, 15541.21it/s, Materializing param=encoder.layers.8.layer_norm.bias]        
Loading weights:  69%|██████▊   | 145/211 [00:00<00:00, 15513.06it/s, Materializing param=encoder.layers.8.layer_norm.bias]
Loading weights:  69%|██████▉   | 146/211 [00:00<00:00, 15571.59it/s, Materializing param=encoder.layers.8.layer_norm.weight]
Loading weights:  69%|██████▉   | 146/211 [00:00<00:00, 15543.53it/s, Materializing param=encoder.layers.8.layer_norm.weight]
Loading weights:  70%|██████▉   | 147/211 [00:00<00:00, 15598.52it/s, Materializing param=encoder.layers.9.attention.k_proj.bias]
Loading weights:  70%|██████▉   | 147/211 [00:00<00:00, 15568.98it/s, Materializing param=encoder.layers.9.attention.k_proj.bias]
Loading weights:  70%|███████   | 148/211 [00:00<00:00, 15623.21it/s, Materializing param=encoder.layers.9.attention.k_proj.weight]
Loading weights:  70%|███████   | 148/211 [00:00<00:00, 15593.77it/s, Materializing param=encoder.layers.9.attention.k_proj.weight]
Loading weights:  71%|███████   | 149/211 [00:00<00:00, 15642.95it/s, Materializing param=encoder.layers.9.attention.out_proj.bias]
Loading weights:  71%|███████   | 149/211 [00:00<00:00, 15615.19it/s, Materializing param=encoder.layers.9.attention.out_proj.bias]
Loading weights:  71%|███████   | 150/211 [00:00<00:00, 15654.28it/s, Materializing param=encoder.layers.9.attention.out_proj.weight]
Loading weights:  71%|███████   | 150/211 [00:00<00:00, 15623.18it/s, Materializing param=encoder.layers.9.attention.out_proj.weight]
Loading weights:  72%|███████▏  | 151/211 [00:00<00:00, 15663.94it/s, Materializing param=encoder.layers.9.attention.q_proj.bias]    
Loading weights:  72%|███████▏  | 151/211 [00:00<00:00, 15631.46it/s, Materializing param=encoder.layers.9.attention.q_proj.bias]
Loading weights:  72%|███████▏  | 152/211 [00:00<00:00, 15678.10it/s, Materializing param=encoder.layers.9.attention.q_proj.weight]
Loading weights:  72%|███████▏  | 152/211 [00:00<00:00, 15645.78it/s, Materializing param=encoder.layers.9.attention.q_proj.weight]
Loading weights:  73%|███████▎  | 153/211 [00:00<00:00, 15687.50it/s, Materializing param=encoder.layers.9.attention.v_proj.bias]  
Loading weights:  73%|███████▎  | 153/211 [00:00<00:00, 15655.35it/s, Materializing param=encoder.layers.9.attention.v_proj.bias]
Loading weights:  73%|███████▎  | 154/211 [00:00<00:00, 15701.37it/s, Materializing param=encoder.layers.9.attention.v_proj.weight]
Loading weights:  73%|███████▎  | 154/211 [00:00<00:00, 15669.75it/s, Materializing param=encoder.layers.9.attention.v_proj.weight]
Loading weights:  73%|███████▎  | 155/211 [00:00<00:00, 15715.08it/s, Materializing param=encoder.layers.9.feed_forward.intermediate_dense.bias]
Loading weights:  73%|███████▎  | 155/211 [00:00<00:00, 15683.61it/s, Materializing param=encoder.layers.9.feed_forward.intermediate_dense.bias]
Loading weights:  74%|███████▍  | 156/211 [00:00<00:00, 15724.10it/s, Materializing param=encoder.layers.9.feed_forward.intermediate_dense.weight]
Loading weights:  74%|███████▍  | 156/211 [00:00<00:00, 15692.43it/s, Materializing param=encoder.layers.9.feed_forward.intermediate_dense.weight]
Loading weights:  74%|███████▍  | 157/211 [00:00<00:00, 15734.53it/s, Materializing param=encoder.layers.9.feed_forward.output_dense.bias]        
Loading weights:  74%|███████▍  | 157/211 [00:00<00:00, 15701.51it/s, Materializing param=encoder.layers.9.feed_forward.output_dense.bias]
Loading weights:  75%|███████▍  | 158/211 [00:00<00:00, 15725.78it/s, Materializing param=encoder.layers.9.feed_forward.output_dense.weight]
Loading weights:  75%|███████▍  | 158/211 [00:00<00:00, 15696.35it/s, Materializing param=encoder.layers.9.feed_forward.output_dense.weight]
Loading weights:  75%|███████▌  | 159/211 [00:00<00:00, 15739.41it/s, Materializing param=encoder.layers.9.final_layer_norm.bias]           
Loading weights:  75%|███████▌  | 159/211 [00:00<00:00, 15708.26it/s, Materializing param=encoder.layers.9.final_layer_norm.bias]
Loading weights:  76%|███████▌  | 160/211 [00:00<00:00, 15731.10it/s, Materializing param=encoder.layers.9.final_layer_norm.weight]
Loading weights:  76%|███████▌  | 160/211 [00:00<00:00, 15703.49it/s, Materializing param=encoder.layers.9.final_layer_norm.weight]
Loading weights:  76%|███████▋  | 161/211 [00:00<00:00, 15748.94it/s, Materializing param=encoder.layers.9.layer_norm.bias]        
Loading weights:  76%|███████▋  | 161/211 [00:00<00:00, 15716.68it/s, Materializing param=encoder.layers.9.layer_norm.bias]
Loading weights:  77%|███████▋  | 162/211 [00:00<00:00, 15741.76it/s, Materializing param=encoder.layers.9.layer_norm.weight]
Loading weights:  77%|███████▋  | 162/211 [00:00<00:00, 15714.45it/s, Materializing param=encoder.layers.9.layer_norm.weight]
Loading weights:  77%|███████▋  | 163/211 [00:00<00:00, 15754.62it/s, Materializing param=encoder.layers.10.attention.k_proj.bias]
Loading weights:  77%|███████▋  | 163/211 [00:00<00:00, 15725.99it/s, Materializing param=encoder.layers.10.attention.k_proj.bias]
Loading weights:  78%|███████▊  | 164/211 [00:00<00:00, 15763.36it/s, Materializing param=encoder.layers.10.attention.k_proj.weight]
Loading weights:  78%|███████▊  | 164/211 [00:00<00:00, 15731.64it/s, Materializing param=encoder.layers.10.attention.k_proj.weight]
Loading weights:  78%|███████▊  | 165/211 [00:00<00:00, 15772.73it/s, Materializing param=encoder.layers.10.attention.out_proj.bias]
Loading weights:  78%|███████▊  | 165/211 [00:00<00:00, 15741.16it/s, Materializing param=encoder.layers.10.attention.out_proj.bias]
Loading weights:  79%|███████▊  | 166/211 [00:00<00:00, 15780.57it/s, Materializing param=encoder.layers.10.attention.out_proj.weight]
Loading weights:  79%|███████▊  | 166/211 [00:00<00:00, 15750.94it/s, Materializing param=encoder.layers.10.attention.out_proj.weight]
Loading weights:  79%|███████▉  | 167/211 [00:00<00:00, 15789.03it/s, Materializing param=encoder.layers.10.attention.q_proj.bias]    
Loading weights:  79%|███████▉  | 167/211 [00:00<00:00, 15760.61it/s, Materializing param=encoder.layers.10.attention.q_proj.bias]
Loading weights:  80%|███████▉  | 168/211 [00:00<00:00, 15799.88it/s, Materializing param=encoder.layers.10.attention.q_proj.weight]
Loading weights:  80%|███████▉  | 168/211 [00:00<00:00, 15770.18it/s, Materializing param=encoder.layers.10.attention.q_proj.weight]
Loading weights:  80%|████████  | 169/211 [00:00<00:00, 15809.21it/s, Materializing param=encoder.layers.10.attention.v_proj.bias]  
Loading weights:  80%|████████  | 169/211 [00:00<00:00, 15782.45it/s, Materializing param=encoder.layers.10.attention.v_proj.bias]
Loading weights:  81%|████████  | 170/211 [00:00<00:00, 15823.00it/s, Materializing param=encoder.layers.10.attention.v_proj.weight]
Loading weights:  81%|████████  | 170/211 [00:00<00:00, 15792.16it/s, Materializing param=encoder.layers.10.attention.v_proj.weight]
Loading weights:  81%|████████  | 171/211 [00:00<00:00, 15836.30it/s, Materializing param=encoder.layers.10.feed_forward.intermediate_dense.bias]
Loading weights:  81%|████████  | 171/211 [00:00<00:00, 15805.59it/s, Materializing param=encoder.layers.10.feed_forward.intermediate_dense.bias]
Loading weights:  82%|████████▏ | 172/211 [00:00<00:00, 15840.77it/s, Materializing param=encoder.layers.10.feed_forward.intermediate_dense.weight]
Loading weights:  82%|████████▏ | 172/211 [00:00<00:00, 15810.22it/s, Materializing param=encoder.layers.10.feed_forward.intermediate_dense.weight]
Loading weights:  82%|████████▏ | 173/211 [00:00<00:00, 15848.30it/s, Materializing param=encoder.layers.10.feed_forward.output_dense.bias]        
Loading weights:  82%|████████▏ | 173/211 [00:00<00:00, 15817.90it/s, Materializing param=encoder.layers.10.feed_forward.output_dense.bias]
Loading weights:  82%|████████▏ | 174/211 [00:00<00:00, 15852.66it/s, Materializing param=encoder.layers.10.feed_forward.output_dense.weight]
Loading weights:  82%|████████▏ | 174/211 [00:00<00:00, 15823.79it/s, Materializing param=encoder.layers.10.feed_forward.output_dense.weight]
Loading weights:  83%|████████▎ | 175/211 [00:00<00:00, 15863.14it/s, Materializing param=encoder.layers.10.final_layer_norm.bias]           
Loading weights:  83%|████████▎ | 175/211 [00:00<00:00, 15834.05it/s, Materializing param=encoder.layers.10.final_layer_norm.bias]
Loading weights:  83%|████████▎ | 176/211 [00:00<00:00, 15874.53it/s, Materializing param=encoder.layers.10.final_layer_norm.weight]
Loading weights:  83%|████████▎ | 176/211 [00:00<00:00, 15845.91it/s, Materializing param=encoder.layers.10.final_layer_norm.weight]
Loading weights:  84%|████████▍ | 177/211 [00:00<00:00, 15865.78it/s, Materializing param=encoder.layers.10.layer_norm.bias]        
Loading weights:  84%|████████▍ | 177/211 [00:00<00:00, 15840.40it/s, Materializing param=encoder.layers.10.layer_norm.bias]
Loading weights:  84%|████████▍ | 178/211 [00:00<00:00, 15878.39it/s, Materializing param=encoder.layers.10.layer_norm.weight]
Loading weights:  84%|████████▍ | 178/211 [00:00<00:00, 15851.76it/s, Materializing param=encoder.layers.10.layer_norm.weight]
Loading weights:  85%|████████▍ | 179/211 [00:00<00:00, 15888.52it/s, Materializing param=encoder.layers.11.attention.k_proj.bias]
Loading weights:  85%|████████▍ | 179/211 [00:00<00:00, 15860.33it/s, Materializing param=encoder.layers.11.attention.k_proj.bias]
Loading weights:  85%|████████▌ | 180/211 [00:00<00:00, 15879.83it/s, Materializing param=encoder.layers.11.attention.k_proj.weight]
Loading weights:  85%|████████▌ | 180/211 [00:00<00:00, 15853.49it/s, Materializing param=encoder.layers.11.attention.k_proj.weight]
Loading weights:  86%|████████▌ | 181/211 [00:00<00:00, 15878.54it/s, Materializing param=encoder.layers.11.attention.out_proj.bias]
Loading weights:  86%|████████▌ | 181/211 [00:00<00:00, 15852.35it/s, Materializing param=encoder.layers.11.attention.out_proj.bias]
Loading weights:  86%|████████▋ | 182/211 [00:00<00:00, 15889.50it/s, Materializing param=encoder.layers.11.attention.out_proj.weight]
Loading weights:  86%|████████▋ | 182/211 [00:00<00:00, 15861.77it/s, Materializing param=encoder.layers.11.attention.out_proj.weight]
Loading weights:  87%|████████▋ | 183/211 [00:00<00:00, 15898.05it/s, Materializing param=encoder.layers.11.attention.q_proj.bias]    
Loading weights:  87%|████████▋ | 183/211 [00:00<00:00, 15870.11it/s, Materializing param=encoder.layers.11.attention.q_proj.bias]
Loading weights:  87%|████████▋ | 184/211 [00:00<00:00, 15907.49it/s, Materializing param=encoder.layers.11.attention.q_proj.weight]
Loading weights:  87%|████████▋ | 184/211 [00:00<00:00, 15880.00it/s, Materializing param=encoder.layers.11.attention.q_proj.weight]
Loading weights:  88%|████████▊ | 185/211 [00:00<00:00, 15913.91it/s, Materializing param=encoder.layers.11.attention.v_proj.bias]  
Loading weights:  88%|████████▊ | 185/211 [00:00<00:00, 15886.54it/s, Materializing param=encoder.layers.11.attention.v_proj.bias]
Loading weights:  88%|████████▊ | 186/211 [00:00<00:00, 15882.34it/s, Materializing param=encoder.layers.11.attention.v_proj.weight]
Loading weights:  88%|████████▊ | 186/211 [00:00<00:00, 15858.13it/s, Materializing param=encoder.layers.11.attention.v_proj.weight]
Loading weights:  89%|████████▊ | 187/211 [00:00<00:00, 15894.60it/s, Materializing param=encoder.layers.11.feed_forward.intermediate_dense.bias]
Loading weights:  89%|████████▊ | 187/211 [00:00<00:00, 15866.30it/s, Materializing param=encoder.layers.11.feed_forward.intermediate_dense.bias]
Loading weights:  89%|████████▉ | 188/211 [00:00<00:00, 15901.29it/s, Materializing param=encoder.layers.11.feed_forward.intermediate_dense.weight]
Loading weights:  89%|████████▉ | 188/211 [00:00<00:00, 15874.40it/s, Materializing param=encoder.layers.11.feed_forward.intermediate_dense.weight]
Loading weights:  90%|████████▉ | 189/211 [00:00<00:00, 15907.60it/s, Materializing param=encoder.layers.11.feed_forward.output_dense.bias]        
Loading weights:  90%|████████▉ | 189/211 [00:00<00:00, 15880.83it/s, Materializing param=encoder.layers.11.feed_forward.output_dense.bias]
Loading weights:  90%|█████████ | 190/211 [00:00<00:00, 15914.48it/s, Materializing param=encoder.layers.11.feed_forward.output_dense.weight]
Loading weights:  90%|█████████ | 190/211 [00:00<00:00, 15887.83it/s, Materializing param=encoder.layers.11.feed_forward.output_dense.weight]
Loading weights:  91%|█████████ | 191/211 [00:00<00:00, 15923.20it/s, Materializing param=encoder.layers.11.final_layer_norm.bias]           
Loading weights:  91%|█████████ | 191/211 [00:00<00:00, 15898.24it/s, Materializing param=encoder.layers.11.final_layer_norm.bias]
Loading weights:  91%|█████████ | 192/211 [00:00<00:00, 15934.99it/s, Materializing param=encoder.layers.11.final_layer_norm.weight]
Loading weights:  91%|█████████ | 192/211 [00:00<00:00, 15907.29it/s, Materializing param=encoder.layers.11.final_layer_norm.weight]
Loading weights:  91%|█████████▏| 193/211 [00:00<00:00, 15945.10it/s, Materializing param=encoder.layers.11.layer_norm.bias]        
Loading weights:  91%|█████████▏| 193/211 [00:00<00:00, 15921.58it/s, Materializing param=encoder.layers.11.layer_norm.bias]
Loading weights:  92%|█████████▏| 194/211 [00:00<00:00, 15957.93it/s, Materializing param=encoder.layers.11.layer_norm.weight]
Loading weights:  92%|█████████▏| 194/211 [00:00<00:00, 15935.74it/s, Materializing param=encoder.layers.11.layer_norm.weight]
Loading weights:  92%|█████████▏| 195/211 [00:00<00:00, 15979.39it/s, Materializing param=encoder.pos_conv_embed.conv.bias]   
Loading weights:  92%|█████████▏| 195/211 [00:00<00:00, 15957.57it/s, Materializing param=encoder.pos_conv_embed.conv.bias]
Loading weights:  93%|█████████▎| 196/211 [00:00<00:00, 15988.25it/s, Materializing param=encoder.pos_conv_embed.conv.parametrizations.weight.original0]
Loading weights:  93%|█████████▎| 196/211 [00:00<00:00, 15963.41it/s, Materializing param=encoder.pos_conv_embed.conv.parametrizations.weight.original0]
Loading weights:  93%|█████████▎| 197/211 [00:00<00:00, 15968.27it/s, Materializing param=encoder.pos_conv_embed.conv.parametrizations.weight.original1]
Loading weights:  93%|█████████▎| 197/211 [00:00<00:00, 15942.39it/s, Materializing param=encoder.pos_conv_embed.conv.parametrizations.weight.original1]
Loading weights:  94%|█████████▍| 198/211 [00:00<00:00, 15977.99it/s, Materializing param=feature_extractor.conv_layers.0.conv.weight]                  
Loading weights:  94%|█████████▍| 198/211 [00:00<00:00, 15954.97it/s, Materializing param=feature_extractor.conv_layers.0.conv.weight]
Loading weights:  94%|█████████▍| 199/211 [00:00<00:00, 15976.31it/s, Materializing param=feature_extractor.conv_layers.0.layer_norm.bias]
Loading weights:  94%|█████████▍| 199/211 [00:00<00:00, 15946.71it/s, Materializing param=feature_extractor.conv_layers.0.layer_norm.bias]
Loading weights:  95%|█████████▍| 200/211 [00:00<00:00, 15983.17it/s, Materializing param=feature_extractor.conv_layers.0.layer_norm.weight]
Loading weights:  95%|█████████▍| 200/211 [00:00<00:00, 15960.36it/s, Materializing param=feature_extractor.conv_layers.0.layer_norm.weight]
Loading weights:  95%|█████████▌| 201/211 [00:00<00:00, 15997.86it/s, Materializing param=feature_extractor.conv_layers.1.conv.weight]      
Loading weights:  95%|█████████▌| 201/211 [00:00<00:00, 15976.64it/s, Materializing param=feature_extractor.conv_layers.1.conv.weight]
Loading weights:  96%|█████████▌| 202/211 [00:00<00:00, 16012.73it/s, Materializing param=feature_extractor.conv_layers.2.conv.weight]
Loading weights:  96%|█████████▌| 202/211 [00:00<00:00, 15990.06it/s, Materializing param=feature_extractor.conv_layers.2.conv.weight]
Loading weights:  96%|█████████▌| 203/211 [00:00<00:00, 16014.51it/s, Materializing param=feature_extractor.conv_layers.3.conv.weight]
Loading weights:  96%|█████████▌| 203/211 [00:00<00:00, 15991.66it/s, Materializing param=feature_extractor.conv_layers.3.conv.weight]
Loading weights:  97%|█████████▋| 204/211 [00:00<00:00, 16026.49it/s, Materializing param=feature_extractor.conv_layers.4.conv.weight]
Loading weights:  97%|█████████▋| 204/211 [00:00<00:00, 16003.70it/s, Materializing param=feature_extractor.conv_layers.4.conv.weight]
Loading weights:  97%|█████████▋| 205/211 [00:00<00:00, 16024.61it/s, Materializing param=feature_extractor.conv_layers.5.conv.weight]
Loading weights:  97%|█████████▋| 205/211 [00:00<00:00, 16001.64it/s, Materializing param=feature_extractor.conv_layers.5.conv.weight]
Loading weights:  98%|█████████▊| 206/211 [00:00<00:00, 16040.89it/s, Materializing param=feature_extractor.conv_layers.6.conv.weight]
Loading weights:  98%|█████████▊| 206/211 [00:00<00:00, 16019.78it/s, Materializing param=feature_extractor.conv_layers.6.conv.weight]
Loading weights:  98%|█████████▊| 207/211 [00:00<00:00, 16041.63it/s, Materializing param=feature_projection.layer_norm.bias]         
Loading weights:  98%|█████████▊| 207/211 [00:00<00:00, 16020.61it/s, Materializing param=feature_projection.layer_norm.bias]
Loading weights:  99%|█████████▊| 208/211 [00:00<00:00, 16059.48it/s, Materializing param=feature_projection.layer_norm.weight]
Loading weights:  99%|█████████▊| 208/211 [00:00<00:00, 16038.22it/s, Materializing param=feature_projection.layer_norm.weight]
Loading weights:  99%|█████████▉| 209/211 [00:00<00:00, 16078.09it/s, Materializing param=feature_projection.projection.bias]  
Loading weights:  99%|█████████▉| 209/211 [00:00<00:00, 16057.18it/s, Materializing param=feature_projection.projection.bias]
Loading weights: 100%|█████████▉| 210/211 [00:00<00:00, 16099.21it/s, Materializing param=feature_projection.projection.weight]
Loading weights: 100%|█████████▉| 210/211 [00:00<00:00, 16078.34it/s, Materializing param=feature_projection.projection.weight]
Loading weights: 100%|██████████| 211/211 [00:00<00:00, 16120.18it/s, Materializing param=masked_spec_embed]                   
Loading weights: 100%|██████████| 211/211 [00:00<00:00, 16098.19it/s, Materializing param=masked_spec_embed]
Loading weights: 100%|██████████| 211/211 [00:00<00:00, 16026.19it/s, Materializing param=masked_spec_embed]
[2026-02-01 11:59:11,792][httpx][INFO] - HTTP Request: GET https://huggingface.co/api/models/microsoft/wavlm-base-plus "HTTP/1.1 200 OK"
Wav2Vec2Model LOAD REPORT from: microsoft/wavlm-base-plus
Key                                                         | Status     |  | 
------------------------------------------------------------+------------+--+-
encoder.layers.{0...11}.attention.gru_rel_pos_linear.weight | UNEXPECTED |  | 
encoder.layers.{0...11}.attention.gru_rel_pos_linear.bias   | UNEXPECTED |  | 
encoder.layers.{0...11}.attention.gru_rel_pos_const         | UNEXPECTED |  | 
encoder.layers.0.attention.rel_attn_embed.weight            | UNEXPECTED |  | 

Notes:
- UNEXPECTED	:can be ignored when loading from different task/architecture; not ok if you expect identical arch.
Error executing job with overrides: ['model=beats', 'strategy=lora', 'data=tiny', 'training.max_epochs=5', 'augmentation.specaugment=true', 'augmentation.mixup=true', 'wandb.mode=offline', 'wandb.tags=[beats,lora,sweep]']
[2026-02-01 11:59:11,883][httpx][INFO] - HTTP Request: GET https://huggingface.co/api/models/microsoft/wavlm-base-plus/commits/main "HTTP/1.1 200 OK"
Traceback (most recent call last):
  File "/Users/zakkeown/Code/SOUSAphone/.worktrees/training-pipeline-implementation/train.py", line 70, in main
    classifier = SOUSAClassifier(model, cfg)
                 ^^^^^^^^^^^^^^^^^^^^^^^^^^^
  File "/Users/zakkeown/Code/SOUSAphone/.worktrees/training-pipeline-implementation/sousa/training/module.py", line 82, in __init__
    self.model = get_peft_model(self.model, peft_config)
                 ^^^^^^^^^^^^^^^^^^^^^^^^^^^^^^^^^^^^^^^
  File "/Users/zakkeown/.pyenv/versions/3.11.14/lib/python3.11/site-packages/peft/mapping_func.py", line 122, in get_peft_model
    return MODEL_TYPE_TO_PEFT_MODEL_MAPPING[peft_config.task_type](
           ^^^^^^^^^^^^^^^^^^^^^^^^^^^^^^^^^^^^^^^^^^^^^^^^^^^^^^^^
  File "/Users/zakkeown/.pyenv/versions/3.11.14/lib/python3.11/site-packages/peft/peft_model.py", line 2966, in __init__
    super().__init__(model, peft_config, adapter_name, **kwargs)
  File "/Users/zakkeown/.pyenv/versions/3.11.14/lib/python3.11/site-packages/peft/peft_model.py", line 129, in __init__
    self.base_model = cls(model, {adapter_name: peft_config}, adapter_name)
                      ^^^^^^^^^^^^^^^^^^^^^^^^^^^^^^^^^^^^^^^^^^^^^^^^^^^^^
  File "/Users/zakkeown/.pyenv/versions/3.11.14/lib/python3.11/site-packages/peft/tuners/tuners_utils.py", line 298, in __init__
    self.inject_adapter(self.model, adapter_name, low_cpu_mem_usage=low_cpu_mem_usage, state_dict=state_dict)
  File "/Users/zakkeown/.pyenv/versions/3.11.14/lib/python3.11/site-packages/peft/tuners/tuners_utils.py", line 880, in inject_adapter
    raise ValueError(error_msg)
ValueError: Target modules {'attention.key', 'attention.query', 'attention.value'} not found in the base model. Please check the target modules and try again.

Set the environment variable HYDRA_FULL_ERROR=1 for a complete stack trace.
[2026-02-01 11:59:11,968][httpx][INFO] - HTTP Request: GET https://huggingface.co/api/models/microsoft/wavlm-base-plus/discussions?p=0 "HTTP/1.1 200 OK"
[2026-02-01 11:59:12,079][httpx][INFO] - HTTP Request: GET https://huggingface.co/api/models/microsoft/wavlm-base-plus/commits/refs%2Fpr%2F2 "HTTP/1.1 200 OK"
[2026-02-01 11:59:12,157][httpx][INFO] - HTTP Request: HEAD https://huggingface.co/microsoft/wavlm-base-plus/resolve/refs%2Fpr%2F2/model.safetensors.index.json "HTTP/1.1 404 Not Found"
[2026-02-01 11:59:12,239][httpx][INFO] - HTTP Request: HEAD https://huggingface.co/microsoft/wavlm-base-plus/resolve/refs%2Fpr%2F2/model.safetensors "HTTP/1.1 302 Found"
