Seed set to 42
[2026-02-01 11:59:47,505][httpx][INFO] - HTTP Request: HEAD https://huggingface.co/google/mobilenet_v2_1.0_224/resolve/main/config.json "HTTP/1.1 307 Temporary Redirect"
[2026-02-01 11:59:47,537][httpx][INFO] - HTTP Request: HEAD https://huggingface.co/api/resolve-cache/models/google/mobilenet_v2_1.0_224/75e607b00aeae1297cc89d026a118bce012f5c5a/config.json "HTTP/1.1 200 OK"
[2026-02-01 11:59:47,616][httpx][INFO] - HTTP Request: HEAD https://huggingface.co/google/mobilenet_v2_1.0_224/resolve/main/config.json "HTTP/1.1 307 Temporary Redirect"
[2026-02-01 11:59:47,651][httpx][INFO] - HTTP Request: HEAD https://huggingface.co/api/resolve-cache/models/google/mobilenet_v2_1.0_224/75e607b00aeae1297cc89d026a118bce012f5c5a/config.json "HTTP/1.1 200 OK"
[2026-02-01 11:59:47,737][httpx][INFO] - HTTP Request: HEAD https://huggingface.co/google/mobilenet_v2_1.0_224/resolve/main/model.safetensors "HTTP/1.1 302 Found"

Loading weights:   0%|          | 0/312 [00:00<?, ?it/s]
Loading weights:   0%|          | 1/312 [00:00<00:00, 4826.59it/s, Materializing param=conv_1x1.convolution.weight]
Loading weights:   0%|          | 1/312 [00:00<00:00, 3862.16it/s, Materializing param=conv_1x1.convolution.weight]
Loading weights:   1%|          | 2/312 [00:00<00:00, 3663.15it/s, Materializing param=conv_1x1.normalization.bias]
Loading weights:   1%|          | 2/312 [00:00<00:00, 3483.64it/s, Materializing param=conv_1x1.normalization.bias]
Loading weights:   1%|          | 3/312 [00:00<00:00, 3816.47it/s, Materializing param=conv_1x1.normalization.num_batches_tracked]
Loading weights:   1%|          | 3/312 [00:00<00:00, 3631.43it/s, Materializing param=conv_1x1.normalization.num_batches_tracked]
Loading weights:   1%|▏         | 4/312 [00:00<00:00, 4332.96it/s, Materializing param=conv_1x1.normalization.running_mean]       
Loading weights:   1%|▏         | 4/312 [00:00<00:00, 4115.09it/s, Materializing param=conv_1x1.normalization.running_mean]
Loading weights:   2%|▏         | 5/312 [00:00<00:00, 4891.89it/s, Materializing param=conv_1x1.normalization.running_var] 
Loading weights:   2%|▏         | 5/312 [00:00<00:00, 4776.02it/s, Materializing param=conv_1x1.normalization.running_var]
Loading weights:   2%|▏         | 6/312 [00:00<00:00, 5494.72it/s, Materializing param=conv_1x1.normalization.weight]     
Loading weights:   2%|▏         | 6/312 [00:00<00:00, 5385.37it/s, Materializing param=conv_1x1.normalization.weight]
Loading weights:   2%|▏         | 7/312 [00:00<00:00, 6038.69it/s, Materializing param=conv_stem.conv_3x3.convolution.weight]
Loading weights:   2%|▏         | 7/312 [00:00<00:00, 5926.55it/s, Materializing param=conv_stem.conv_3x3.convolution.weight]
Loading weights:   3%|▎         | 8/312 [00:00<00:00, 6317.91it/s, Materializing param=conv_stem.conv_3x3.normalization.bias]
Loading weights:   3%|▎         | 8/312 [00:00<00:00, 6214.93it/s, Materializing param=conv_stem.conv_3x3.normalization.bias]
Loading weights:   3%|▎         | 9/312 [00:00<00:00, 6665.85it/s, Materializing param=conv_stem.conv_3x3.normalization.num_batches_tracked]
Loading weights:   3%|▎         | 9/312 [00:00<00:00, 6521.90it/s, Materializing param=conv_stem.conv_3x3.normalization.num_batches_tracked]
Loading weights:   3%|▎         | 10/312 [00:00<00:00, 6887.20it/s, Materializing param=conv_stem.conv_3x3.normalization.running_mean]      
Loading weights:   3%|▎         | 10/312 [00:00<00:00, 6765.01it/s, Materializing param=conv_stem.conv_3x3.normalization.running_mean]
Loading weights:   4%|▎         | 11/312 [00:00<00:00, 7203.33it/s, Materializing param=conv_stem.conv_3x3.normalization.running_var] 
Loading weights:   4%|▎         | 11/312 [00:00<00:00, 7105.71it/s, Materializing param=conv_stem.conv_3x3.normalization.running_var]
Loading weights:   4%|▍         | 12/312 [00:00<00:00, 7485.37it/s, Materializing param=conv_stem.conv_3x3.normalization.weight]     
Loading weights:   4%|▍         | 12/312 [00:00<00:00, 7398.45it/s, Materializing param=conv_stem.conv_3x3.normalization.weight]
Loading weights:   4%|▍         | 13/312 [00:00<00:00, 7845.46it/s, Materializing param=conv_stem.first_conv.convolution.weight]
Loading weights:   4%|▍         | 13/312 [00:00<00:00, 7756.18it/s, Materializing param=conv_stem.first_conv.convolution.weight]
Loading weights:   4%|▍         | 14/312 [00:00<00:00, 7812.70it/s, Materializing param=conv_stem.first_conv.normalization.bias]
Loading weights:   4%|▍         | 14/312 [00:00<00:00, 7592.48it/s, Materializing param=conv_stem.first_conv.normalization.bias]
Loading weights:   5%|▍         | 15/312 [00:00<00:00, 7755.74it/s, Materializing param=conv_stem.first_conv.normalization.num_batches_tracked]
Loading weights:   5%|▍         | 15/312 [00:00<00:00, 7302.06it/s, Materializing param=conv_stem.first_conv.normalization.num_batches_tracked]
Loading weights:   5%|▌         | 16/312 [00:00<00:00, 7619.08it/s, Materializing param=conv_stem.first_conv.normalization.running_mean]       
Loading weights:   5%|▌         | 16/312 [00:00<00:00, 7543.71it/s, Materializing param=conv_stem.first_conv.normalization.running_mean]
Loading weights:   5%|▌         | 17/312 [00:00<00:00, 7657.95it/s, Materializing param=conv_stem.first_conv.normalization.running_var] 
Loading weights:   5%|▌         | 17/312 [00:00<00:00, 7515.88it/s, Materializing param=conv_stem.first_conv.normalization.running_var]
Loading weights:   6%|▌         | 18/312 [00:00<00:00, 7738.57it/s, Materializing param=conv_stem.first_conv.normalization.weight]     
Loading weights:   6%|▌         | 18/312 [00:00<00:00, 7653.06it/s, Materializing param=conv_stem.first_conv.normalization.weight]
Loading weights:   6%|▌         | 19/312 [00:00<00:00, 7887.15it/s, Materializing param=conv_stem.reduce_1x1.convolution.weight]  
Loading weights:   6%|▌         | 19/312 [00:00<00:00, 7812.92it/s, Materializing param=conv_stem.reduce_1x1.convolution.weight]
Loading weights:   6%|▋         | 20/312 [00:00<00:00, 7955.06it/s, Materializing param=conv_stem.reduce_1x1.normalization.bias]
Loading weights:   6%|▋         | 20/312 [00:00<00:00, 7827.38it/s, Materializing param=conv_stem.reduce_1x1.normalization.bias]
Loading weights:   7%|▋         | 21/312 [00:00<00:00, 7756.97it/s, Materializing param=conv_stem.reduce_1x1.normalization.num_batches_tracked]
Loading weights:   7%|▋         | 21/312 [00:00<00:00, 7683.89it/s, Materializing param=conv_stem.reduce_1x1.normalization.num_batches_tracked]
Loading weights:   7%|▋         | 22/312 [00:00<00:00, 7913.10it/s, Materializing param=conv_stem.reduce_1x1.normalization.running_mean]       
Loading weights:   7%|▋         | 22/312 [00:00<00:00, 7851.16it/s, Materializing param=conv_stem.reduce_1x1.normalization.running_mean]
Loading weights:   7%|▋         | 23/312 [00:00<00:00, 8092.36it/s, Materializing param=conv_stem.reduce_1x1.normalization.running_var] 
Loading weights:   7%|▋         | 23/312 [00:00<00:00, 8033.06it/s, Materializing param=conv_stem.reduce_1x1.normalization.running_var]
Loading weights:   8%|▊         | 24/312 [00:00<00:00, 8252.44it/s, Materializing param=conv_stem.reduce_1x1.normalization.weight]     
Loading weights:   8%|▊         | 24/312 [00:00<00:00, 8190.67it/s, Materializing param=conv_stem.reduce_1x1.normalization.weight]
Loading weights:   8%|▊         | 25/312 [00:00<00:00, 8398.01it/s, Materializing param=layer.0.conv_3x3.convolution.weight]      
Loading weights:   8%|▊         | 25/312 [00:00<00:00, 8341.89it/s, Materializing param=layer.0.conv_3x3.convolution.weight]
Loading weights:   8%|▊         | 26/312 [00:00<00:00, 8497.11it/s, Materializing param=layer.0.conv_3x3.normalization.bias]
Loading weights:   8%|▊         | 26/312 [00:00<00:00, 8441.20it/s, Materializing param=layer.0.conv_3x3.normalization.bias]
Loading weights:   9%|▊         | 27/312 [00:00<00:00, 8625.65it/s, Materializing param=layer.0.conv_3x3.normalization.num_batches_tracked]
Loading weights:   9%|▊         | 27/312 [00:00<00:00, 8571.47it/s, Materializing param=layer.0.conv_3x3.normalization.num_batches_tracked]
Loading weights:   9%|▉         | 28/312 [00:00<00:00, 8634.06it/s, Materializing param=layer.0.conv_3x3.normalization.running_mean]       
Loading weights:   9%|▉         | 28/312 [00:00<00:00, 8570.42it/s, Materializing param=layer.0.conv_3x3.normalization.running_mean]
Loading weights:   9%|▉         | 29/312 [00:00<00:00, 8776.59it/s, Materializing param=layer.0.conv_3x3.normalization.running_var] 
Loading weights:   9%|▉         | 29/312 [00:00<00:00, 8724.34it/s, Materializing param=layer.0.conv_3x3.normalization.running_var]
Loading weights:  10%|▉         | 30/312 [00:00<00:00, 8736.31it/s, Materializing param=layer.0.conv_3x3.normalization.weight]     
Loading weights:  10%|▉         | 30/312 [00:00<00:00, 8677.87it/s, Materializing param=layer.0.conv_3x3.normalization.weight]
Loading weights:  10%|▉         | 31/312 [00:00<00:00, 8857.18it/s, Materializing param=layer.0.expand_1x1.convolution.weight]
Loading weights:  10%|▉         | 31/312 [00:00<00:00, 8806.79it/s, Materializing param=layer.0.expand_1x1.convolution.weight]
Loading weights:  10%|█         | 32/312 [00:00<00:00, 8062.58it/s, Materializing param=layer.0.expand_1x1.normalization.bias]
Loading weights:  10%|█         | 32/312 [00:00<00:00, 8004.40it/s, Materializing param=layer.0.expand_1x1.normalization.bias]
Loading weights:  11%|█         | 33/312 [00:00<00:00, 8068.32it/s, Materializing param=layer.0.expand_1x1.normalization.num_batches_tracked]
Loading weights:  11%|█         | 33/312 [00:00<00:00, 8021.10it/s, Materializing param=layer.0.expand_1x1.normalization.num_batches_tracked]
Loading weights:  11%|█         | 34/312 [00:00<00:00, 8122.01it/s, Materializing param=layer.0.expand_1x1.normalization.running_mean]       
Loading weights:  11%|█         | 34/312 [00:00<00:00, 8035.52it/s, Materializing param=layer.0.expand_1x1.normalization.running_mean]
Loading weights:  11%|█         | 35/312 [00:00<00:00, 7712.55it/s, Materializing param=layer.0.expand_1x1.normalization.running_var] 
Loading weights:  11%|█         | 35/312 [00:00<00:00, 7663.83it/s, Materializing param=layer.0.expand_1x1.normalization.running_var]
Loading weights:  12%|█▏        | 36/312 [00:00<00:00, 7805.78it/s, Materializing param=layer.0.expand_1x1.normalization.weight]     
Loading weights:  12%|█▏        | 36/312 [00:00<00:00, 7768.43it/s, Materializing param=layer.0.expand_1x1.normalization.weight]
Loading weights:  12%|█▏        | 37/312 [00:00<00:00, 7907.33it/s, Materializing param=layer.0.reduce_1x1.convolution.weight]  
Loading weights:  12%|█▏        | 37/312 [00:00<00:00, 7870.44it/s, Materializing param=layer.0.reduce_1x1.convolution.weight]
Loading weights:  12%|█▏        | 38/312 [00:00<00:00, 7954.86it/s, Materializing param=layer.0.reduce_1x1.normalization.bias]
Loading weights:  12%|█▏        | 38/312 [00:00<00:00, 7911.82it/s, Materializing param=layer.0.reduce_1x1.normalization.bias]
Loading weights:  12%|█▎        | 39/312 [00:00<00:00, 7970.47it/s, Materializing param=layer.0.reduce_1x1.normalization.num_batches_tracked]
Loading weights:  12%|█▎        | 39/312 [00:00<00:00, 7928.36it/s, Materializing param=layer.0.reduce_1x1.normalization.num_batches_tracked]
Loading weights:  13%|█▎        | 40/312 [00:00<00:00, 8033.53it/s, Materializing param=layer.0.reduce_1x1.normalization.running_mean]       
Loading weights:  13%|█▎        | 40/312 [00:00<00:00, 7999.82it/s, Materializing param=layer.0.reduce_1x1.normalization.running_mean]
Loading weights:  13%|█▎        | 41/312 [00:00<00:00, 8131.57it/s, Materializing param=layer.0.reduce_1x1.normalization.running_var] 
Loading weights:  13%|█▎        | 41/312 [00:00<00:00, 8095.97it/s, Materializing param=layer.0.reduce_1x1.normalization.running_var]
Loading weights:  13%|█▎        | 42/312 [00:00<00:00, 8231.81it/s, Materializing param=layer.0.reduce_1x1.normalization.weight]     
Loading weights:  13%|█▎        | 42/312 [00:00<00:00, 8200.01it/s, Materializing param=layer.0.reduce_1x1.normalization.weight]
Loading weights:  14%|█▍        | 43/312 [00:00<00:00, 8334.72it/s, Materializing param=layer.1.conv_3x3.convolution.weight]    
Loading weights:  14%|█▍        | 43/312 [00:00<00:00, 8302.49it/s, Materializing param=layer.1.conv_3x3.convolution.weight]
Loading weights:  14%|█▍        | 44/312 [00:00<00:00, 8309.67it/s, Materializing param=layer.1.conv_3x3.normalization.bias]
Loading weights:  14%|█▍        | 44/312 [00:00<00:00, 8231.83it/s, Materializing param=layer.1.conv_3x3.normalization.bias]
Loading weights:  14%|█▍        | 45/312 [00:00<00:00, 8186.32it/s, Materializing param=layer.1.conv_3x3.normalization.num_batches_tracked]
Loading weights:  14%|█▍        | 45/312 [00:00<00:00, 8140.42it/s, Materializing param=layer.1.conv_3x3.normalization.num_batches_tracked]
Loading weights:  15%|█▍        | 46/312 [00:00<00:00, 8252.27it/s, Materializing param=layer.1.conv_3x3.normalization.running_mean]       
Loading weights:  15%|█▍        | 46/312 [00:00<00:00, 8219.92it/s, Materializing param=layer.1.conv_3x3.normalization.running_mean]
Loading weights:  15%|█▌        | 47/312 [00:00<00:00, 8256.85it/s, Materializing param=layer.1.conv_3x3.normalization.running_var] 
Loading weights:  15%|█▌        | 47/312 [00:00<00:00, 8226.53it/s, Materializing param=layer.1.conv_3x3.normalization.running_var]
Loading weights:  15%|█▌        | 48/312 [00:00<00:00, 8343.41it/s, Materializing param=layer.1.conv_3x3.normalization.weight]     
Loading weights:  15%|█▌        | 48/312 [00:00<00:00, 8281.64it/s, Materializing param=layer.1.conv_3x3.normalization.weight]
Loading weights:  16%|█▌        | 49/312 [00:00<00:00, 8317.65it/s, Materializing param=layer.1.expand_1x1.convolution.weight]
Loading weights:  16%|█▌        | 49/312 [00:00<00:00, 8269.79it/s, Materializing param=layer.1.expand_1x1.convolution.weight]
Loading weights:  16%|█▌        | 50/312 [00:00<00:00, 8145.86it/s, Materializing param=layer.1.expand_1x1.normalization.bias]
Loading weights:  16%|█▌        | 50/312 [00:00<00:00, 8100.87it/s, Materializing param=layer.1.expand_1x1.normalization.bias]
Loading weights:  16%|█▋        | 51/312 [00:00<00:00, 8106.62it/s, Materializing param=layer.1.expand_1x1.normalization.num_batches_tracked]
Loading weights:  16%|█▋        | 51/312 [00:00<00:00, 8069.62it/s, Materializing param=layer.1.expand_1x1.normalization.num_batches_tracked]
Loading weights:  17%|█▋        | 52/312 [00:00<00:00, 8169.60it/s, Materializing param=layer.1.expand_1x1.normalization.running_mean]       
Loading weights:  17%|█▋        | 52/312 [00:00<00:00, 8141.24it/s, Materializing param=layer.1.expand_1x1.normalization.running_mean]
Loading weights:  17%|█▋        | 53/312 [00:00<00:00, 8234.79it/s, Materializing param=layer.1.expand_1x1.normalization.running_var] 
Loading weights:  17%|█▋        | 53/312 [00:00<00:00, 8210.76it/s, Materializing param=layer.1.expand_1x1.normalization.running_var]
Loading weights:  17%|█▋        | 54/312 [00:00<00:00, 8066.83it/s, Materializing param=layer.1.expand_1x1.normalization.weight]     
Loading weights:  17%|█▋        | 54/312 [00:00<00:00, 8037.06it/s, Materializing param=layer.1.expand_1x1.normalization.weight]
Loading weights:  18%|█▊        | 55/312 [00:00<00:00, 8133.65it/s, Materializing param=layer.1.reduce_1x1.convolution.weight]  
Loading weights:  18%|█▊        | 55/312 [00:00<00:00, 8107.36it/s, Materializing param=layer.1.reduce_1x1.convolution.weight]
Loading weights:  18%|█▊        | 56/312 [00:00<00:00, 8192.86it/s, Materializing param=layer.1.reduce_1x1.normalization.bias]
Loading weights:  18%|█▊        | 56/312 [00:00<00:00, 8168.92it/s, Materializing param=layer.1.reduce_1x1.normalization.bias]
Loading weights:  18%|█▊        | 57/312 [00:00<00:00, 8125.18it/s, Materializing param=layer.1.reduce_1x1.normalization.num_batches_tracked]
Loading weights:  18%|█▊        | 57/312 [00:00<00:00, 8096.56it/s, Materializing param=layer.1.reduce_1x1.normalization.num_batches_tracked]
Loading weights:  19%|█▊        | 58/312 [00:00<00:00, 8188.69it/s, Materializing param=layer.1.reduce_1x1.normalization.running_mean]       
Loading weights:  19%|█▊        | 58/312 [00:00<00:00, 8164.51it/s, Materializing param=layer.1.reduce_1x1.normalization.running_mean]
Loading weights:  19%|█▉        | 59/312 [00:00<00:00, 8259.81it/s, Materializing param=layer.1.reduce_1x1.normalization.running_var] 
Loading weights:  19%|█▉        | 59/312 [00:00<00:00, 8235.35it/s, Materializing param=layer.1.reduce_1x1.normalization.running_var]
Loading weights:  19%|█▉        | 60/312 [00:00<00:00, 8336.64it/s, Materializing param=layer.1.reduce_1x1.normalization.weight]     
Loading weights:  19%|█▉        | 60/312 [00:00<00:00, 8314.88it/s, Materializing param=layer.1.reduce_1x1.normalization.weight]
Loading weights:  20%|█▉        | 61/312 [00:00<00:00, 8411.50it/s, Materializing param=layer.2.conv_3x3.convolution.weight]    
Loading weights:  20%|█▉        | 61/312 [00:00<00:00, 8388.06it/s, Materializing param=layer.2.conv_3x3.convolution.weight]
Loading weights:  20%|█▉        | 62/312 [00:00<00:00, 8353.31it/s, Materializing param=layer.2.conv_3x3.normalization.bias]
Loading weights:  20%|█▉        | 62/312 [00:00<00:00, 8318.57it/s, Materializing param=layer.2.conv_3x3.normalization.bias]
Loading weights:  20%|██        | 63/312 [00:00<00:00, 8219.01it/s, Materializing param=layer.2.conv_3x3.normalization.num_batches_tracked]
Loading weights:  20%|██        | 63/312 [00:00<00:00, 8173.25it/s, Materializing param=layer.2.conv_3x3.normalization.num_batches_tracked]
Loading weights:  21%|██        | 64/312 [00:00<00:00, 8103.22it/s, Materializing param=layer.2.conv_3x3.normalization.running_mean]       
Loading weights:  21%|██        | 64/312 [00:00<00:00, 8011.09it/s, Materializing param=layer.2.conv_3x3.normalization.running_mean]
Loading weights:  21%|██        | 65/312 [00:00<00:00, 8073.37it/s, Materializing param=layer.2.conv_3x3.normalization.running_var] 
Loading weights:  21%|██        | 65/312 [00:00<00:00, 8052.39it/s, Materializing param=layer.2.conv_3x3.normalization.running_var]
Loading weights:  21%|██        | 66/312 [00:00<00:00, 8137.10it/s, Materializing param=layer.2.conv_3x3.normalization.weight]     
Loading weights:  21%|██        | 66/312 [00:00<00:00, 8114.91it/s, Materializing param=layer.2.conv_3x3.normalization.weight]
Loading weights:  21%|██▏       | 67/312 [00:00<00:00, 7910.22it/s, Materializing param=layer.2.expand_1x1.convolution.weight]
Loading weights:  21%|██▏       | 67/312 [00:00<00:00, 7879.61it/s, Materializing param=layer.2.expand_1x1.convolution.weight]
Loading weights:  22%|██▏       | 68/312 [00:00<00:00, 7941.99it/s, Materializing param=layer.2.expand_1x1.normalization.bias]
Loading weights:  22%|██▏       | 68/312 [00:00<00:00, 7919.93it/s, Materializing param=layer.2.expand_1x1.normalization.bias]
Loading weights:  22%|██▏       | 69/312 [00:00<00:00, 7982.32it/s, Materializing param=layer.2.expand_1x1.normalization.num_batches_tracked]
Loading weights:  22%|██▏       | 69/312 [00:00<00:00, 7960.14it/s, Materializing param=layer.2.expand_1x1.normalization.num_batches_tracked]
Loading weights:  22%|██▏       | 70/312 [00:00<00:00, 8029.35it/s, Materializing param=layer.2.expand_1x1.normalization.running_mean]       
Loading weights:  22%|██▏       | 70/312 [00:00<00:00, 8006.36it/s, Materializing param=layer.2.expand_1x1.normalization.running_mean]
Loading weights:  23%|██▎       | 71/312 [00:00<00:00, 8083.70it/s, Materializing param=layer.2.expand_1x1.normalization.running_var] 
Loading weights:  23%|██▎       | 71/312 [00:00<00:00, 8063.57it/s, Materializing param=layer.2.expand_1x1.normalization.running_var]
Loading weights:  23%|██▎       | 72/312 [00:00<00:00, 8129.15it/s, Materializing param=layer.2.expand_1x1.normalization.weight]     
Loading weights:  23%|██▎       | 72/312 [00:00<00:00, 8107.98it/s, Materializing param=layer.2.expand_1x1.normalization.weight]
Loading weights:  23%|██▎       | 73/312 [00:00<00:00, 8106.54it/s, Materializing param=layer.2.reduce_1x1.convolution.weight]  
Loading weights:  23%|██▎       | 73/312 [00:00<00:00, 8079.80it/s, Materializing param=layer.2.reduce_1x1.convolution.weight]
Loading weights:  24%|██▎       | 74/312 [00:00<00:00, 8079.41it/s, Materializing param=layer.2.reduce_1x1.normalization.bias]
Loading weights:  24%|██▎       | 74/312 [00:00<00:00, 8050.28it/s, Materializing param=layer.2.reduce_1x1.normalization.bias]
Loading weights:  24%|██▍       | 75/312 [00:00<00:00, 7960.04it/s, Materializing param=layer.2.reduce_1x1.normalization.num_batches_tracked]
Loading weights:  24%|██▍       | 75/312 [00:00<00:00, 7936.54it/s, Materializing param=layer.2.reduce_1x1.normalization.num_batches_tracked]
Loading weights:  24%|██▍       | 76/312 [00:00<00:00, 7951.49it/s, Materializing param=layer.2.reduce_1x1.normalization.running_mean]       
Loading weights:  24%|██▍       | 76/312 [00:00<00:00, 7921.65it/s, Materializing param=layer.2.reduce_1x1.normalization.running_mean]
Loading weights:  25%|██▍       | 77/312 [00:00<00:00, 7983.42it/s, Materializing param=layer.2.reduce_1x1.normalization.running_var] 
Loading weights:  25%|██▍       | 77/312 [00:00<00:00, 7963.54it/s, Materializing param=layer.2.reduce_1x1.normalization.running_var]
Loading weights:  25%|██▌       | 78/312 [00:00<00:00, 8034.67it/s, Materializing param=layer.2.reduce_1x1.normalization.weight]     
Loading weights:  25%|██▌       | 78/312 [00:00<00:00, 8018.13it/s, Materializing param=layer.2.reduce_1x1.normalization.weight]
Loading weights:  25%|██▌       | 79/312 [00:00<00:00, 8086.05it/s, Materializing param=layer.3.conv_3x3.convolution.weight]    
Loading weights:  25%|██▌       | 79/312 [00:00<00:00, 8019.31it/s, Materializing param=layer.3.conv_3x3.convolution.weight]
Loading weights:  26%|██▌       | 80/312 [00:00<00:00, 8062.09it/s, Materializing param=layer.3.conv_3x3.normalization.bias]
Loading weights:  26%|██▌       | 80/312 [00:00<00:00, 8044.12it/s, Materializing param=layer.3.conv_3x3.normalization.bias]
Loading weights:  26%|██▌       | 81/312 [00:00<00:00, 8083.82it/s, Materializing param=layer.3.conv_3x3.normalization.num_batches_tracked]
Loading weights:  26%|██▌       | 81/312 [00:00<00:00, 8062.14it/s, Materializing param=layer.3.conv_3x3.normalization.num_batches_tracked]
Loading weights:  26%|██▋       | 82/312 [00:00<00:00, 7996.02it/s, Materializing param=layer.3.conv_3x3.normalization.running_mean]       
Loading weights:  26%|██▋       | 82/312 [00:00<00:00, 7978.03it/s, Materializing param=layer.3.conv_3x3.normalization.running_mean]
Loading weights:  27%|██▋       | 83/312 [00:00<00:00, 8043.42it/s, Materializing param=layer.3.conv_3x3.normalization.running_var] 
Loading weights:  27%|██▋       | 83/312 [00:00<00:00, 8027.84it/s, Materializing param=layer.3.conv_3x3.normalization.running_var]
Loading weights:  27%|██▋       | 84/312 [00:00<00:00, 8094.88it/s, Materializing param=layer.3.conv_3x3.normalization.weight]     
Loading weights:  27%|██▋       | 84/312 [00:00<00:00, 8079.10it/s, Materializing param=layer.3.conv_3x3.normalization.weight]
Loading weights:  27%|██▋       | 85/312 [00:00<00:00, 8141.12it/s, Materializing param=layer.3.expand_1x1.convolution.weight]
Loading weights:  27%|██▋       | 85/312 [00:00<00:00, 8126.09it/s, Materializing param=layer.3.expand_1x1.convolution.weight]
Loading weights:  28%|██▊       | 86/312 [00:00<00:00, 8143.18it/s, Materializing param=layer.3.expand_1x1.normalization.bias]
Loading weights:  28%|██▊       | 86/312 [00:00<00:00, 8128.68it/s, Materializing param=layer.3.expand_1x1.normalization.bias]
Loading weights:  28%|██▊       | 87/312 [00:00<00:00, 8144.46it/s, Materializing param=layer.3.expand_1x1.normalization.num_batches_tracked]
Loading weights:  28%|██▊       | 87/312 [00:00<00:00, 8123.97it/s, Materializing param=layer.3.expand_1x1.normalization.num_batches_tracked]
Loading weights:  28%|██▊       | 88/312 [00:00<00:00, 8125.45it/s, Materializing param=layer.3.expand_1x1.normalization.running_mean]       
Loading weights:  28%|██▊       | 88/312 [00:00<00:00, 8108.32it/s, Materializing param=layer.3.expand_1x1.normalization.running_mean]
Loading weights:  29%|██▊       | 89/312 [00:00<00:00, 8174.06it/s, Materializing param=layer.3.expand_1x1.normalization.running_var] 
Loading weights:  29%|██▊       | 89/312 [00:00<00:00, 8159.77it/s, Materializing param=layer.3.expand_1x1.normalization.running_var]
Loading weights:  29%|██▉       | 90/312 [00:00<00:00, 8225.74it/s, Materializing param=layer.3.expand_1x1.normalization.weight]     
Loading weights:  29%|██▉       | 90/312 [00:00<00:00, 8210.89it/s, Materializing param=layer.3.expand_1x1.normalization.weight]
Loading weights:  29%|██▉       | 91/312 [00:00<00:00, 8275.84it/s, Materializing param=layer.3.reduce_1x1.convolution.weight]  
Loading weights:  29%|██▉       | 91/312 [00:00<00:00, 8261.33it/s, Materializing param=layer.3.reduce_1x1.convolution.weight]
Loading weights:  29%|██▉       | 92/312 [00:00<00:00, 8320.42it/s, Materializing param=layer.3.reduce_1x1.normalization.bias]
Loading weights:  29%|██▉       | 92/312 [00:00<00:00, 8306.27it/s, Materializing param=layer.3.reduce_1x1.normalization.bias]
Loading weights:  30%|██▉       | 93/312 [00:00<00:00, 8334.83it/s, Materializing param=layer.3.reduce_1x1.normalization.num_batches_tracked]
Loading weights:  30%|██▉       | 93/312 [00:00<00:00, 8319.19it/s, Materializing param=layer.3.reduce_1x1.normalization.num_batches_tracked]
Loading weights:  30%|███       | 94/312 [00:00<00:00, 8200.18it/s, Materializing param=layer.3.reduce_1x1.normalization.running_mean]       
Loading weights:  30%|███       | 94/312 [00:00<00:00, 8183.16it/s, Materializing param=layer.3.reduce_1x1.normalization.running_mean]
Loading weights:  30%|███       | 95/312 [00:00<00:00, 8241.48it/s, Materializing param=layer.3.reduce_1x1.normalization.running_var] 
Loading weights:  30%|███       | 95/312 [00:00<00:00, 8227.18it/s, Materializing param=layer.3.reduce_1x1.normalization.running_var]
Loading weights:  31%|███       | 96/312 [00:00<00:00, 8289.31it/s, Materializing param=layer.3.reduce_1x1.normalization.weight]     
Loading weights:  31%|███       | 96/312 [00:00<00:00, 8275.00it/s, Materializing param=layer.3.reduce_1x1.normalization.weight]
Loading weights:  31%|███       | 97/312 [00:00<00:00, 8326.97it/s, Materializing param=layer.4.conv_3x3.convolution.weight]    
Loading weights:  31%|███       | 97/312 [00:00<00:00, 8312.00it/s, Materializing param=layer.4.conv_3x3.convolution.weight]
Loading weights:  31%|███▏      | 98/312 [00:00<00:00, 8368.80it/s, Materializing param=layer.4.conv_3x3.normalization.bias]
Loading weights:  31%|███▏      | 98/312 [00:00<00:00, 8354.51it/s, Materializing param=layer.4.conv_3x3.normalization.bias]
Loading weights:  32%|███▏      | 99/312 [00:00<00:00, 8373.38it/s, Materializing param=layer.4.conv_3x3.normalization.num_batches_tracked]
Loading weights:  32%|███▏      | 99/312 [00:00<00:00, 8357.21it/s, Materializing param=layer.4.conv_3x3.normalization.num_batches_tracked]
Loading weights:  32%|███▏      | 100/312 [00:00<00:00, 8098.99it/s, Materializing param=layer.4.conv_3x3.normalization.running_mean]      
Loading weights:  32%|███▏      | 100/312 [00:00<00:00, 8080.11it/s, Materializing param=layer.4.conv_3x3.normalization.running_mean]
Loading weights:  32%|███▏      | 101/312 [00:00<00:00, 8132.71it/s, Materializing param=layer.4.conv_3x3.normalization.running_var] 
Loading weights:  32%|███▏      | 101/312 [00:00<00:00, 8116.97it/s, Materializing param=layer.4.conv_3x3.normalization.running_var]
Loading weights:  33%|███▎      | 102/312 [00:00<00:00, 8172.44it/s, Materializing param=layer.4.conv_3x3.normalization.weight]     
Loading weights:  33%|███▎      | 102/312 [00:00<00:00, 8158.72it/s, Materializing param=layer.4.conv_3x3.normalization.weight]
Loading weights:  33%|███▎      | 103/312 [00:00<00:00, 8212.24it/s, Materializing param=layer.4.expand_1x1.convolution.weight]
Loading weights:  33%|███▎      | 103/312 [00:00<00:00, 8198.53it/s, Materializing param=layer.4.expand_1x1.convolution.weight]
Loading weights:  33%|███▎      | 104/312 [00:00<00:00, 8230.33it/s, Materializing param=layer.4.expand_1x1.normalization.bias]
Loading weights:  33%|███▎      | 104/312 [00:00<00:00, 8215.45it/s, Materializing param=layer.4.expand_1x1.normalization.bias]
Loading weights:  34%|███▎      | 105/312 [00:00<00:00, 8125.65it/s, Materializing param=layer.4.expand_1x1.normalization.num_batches_tracked]
Loading weights:  34%|███▎      | 105/312 [00:00<00:00, 8111.88it/s, Materializing param=layer.4.expand_1x1.normalization.num_batches_tracked]
Loading weights:  34%|███▍      | 106/312 [00:00<00:00, 8162.52it/s, Materializing param=layer.4.expand_1x1.normalization.running_mean]       
Loading weights:  34%|███▍      | 106/312 [00:00<00:00, 8148.76it/s, Materializing param=layer.4.expand_1x1.normalization.running_mean]
Loading weights:  34%|███▍      | 107/312 [00:00<00:00, 8199.78it/s, Materializing param=layer.4.expand_1x1.normalization.running_var] 
Loading weights:  34%|███▍      | 107/312 [00:00<00:00, 8186.62it/s, Materializing param=layer.4.expand_1x1.normalization.running_var]
Loading weights:  35%|███▍      | 108/312 [00:00<00:00, 8241.03it/s, Materializing param=layer.4.expand_1x1.normalization.weight]     
Loading weights:  35%|███▍      | 108/312 [00:00<00:00, 8228.46it/s, Materializing param=layer.4.expand_1x1.normalization.weight]
Loading weights:  35%|███▍      | 109/312 [00:00<00:00, 8281.48it/s, Materializing param=layer.4.reduce_1x1.convolution.weight]  
Loading weights:  35%|███▍      | 109/312 [00:00<00:00, 8268.75it/s, Materializing param=layer.4.reduce_1x1.convolution.weight]
Loading weights:  35%|███▌      | 110/312 [00:00<00:00, 8301.22it/s, Materializing param=layer.4.reduce_1x1.normalization.bias]
Loading weights:  35%|███▌      | 110/312 [00:00<00:00, 8285.57it/s, Materializing param=layer.4.reduce_1x1.normalization.bias]
Loading weights:  36%|███▌      | 111/312 [00:00<00:00, 8317.13it/s, Materializing param=layer.4.reduce_1x1.normalization.num_batches_tracked]
Loading weights:  36%|███▌      | 111/312 [00:00<00:00, 8302.74it/s, Materializing param=layer.4.reduce_1x1.normalization.num_batches_tracked]
Loading weights:  36%|███▌      | 112/312 [00:00<00:00, 8284.02it/s, Materializing param=layer.4.reduce_1x1.normalization.running_mean]       
Loading weights:  36%|███▌      | 112/312 [00:00<00:00, 8261.44it/s, Materializing param=layer.4.reduce_1x1.normalization.running_mean]
Loading weights:  36%|███▌      | 113/312 [00:00<00:00, 8305.12it/s, Materializing param=layer.4.reduce_1x1.normalization.running_var] 
Loading weights:  36%|███▌      | 113/312 [00:00<00:00, 8290.01it/s, Materializing param=layer.4.reduce_1x1.normalization.running_var]
Loading weights:  37%|███▋      | 114/312 [00:00<00:00, 8338.72it/s, Materializing param=layer.4.reduce_1x1.normalization.weight]     
Loading weights:  37%|███▋      | 114/312 [00:00<00:00, 8325.94it/s, Materializing param=layer.4.reduce_1x1.normalization.weight]
Loading weights:  37%|███▋      | 115/312 [00:00<00:00, 8282.16it/s, Materializing param=layer.5.conv_3x3.convolution.weight]    
Loading weights:  37%|███▋      | 115/312 [00:00<00:00, 8268.11it/s, Materializing param=layer.5.conv_3x3.convolution.weight]
Loading weights:  37%|███▋      | 116/312 [00:00<00:00, 8312.36it/s, Materializing param=layer.5.conv_3x3.normalization.bias]
Loading weights:  37%|███▋      | 116/312 [00:00<00:00, 8299.89it/s, Materializing param=layer.5.conv_3x3.normalization.bias]
Loading weights:  38%|███▊      | 117/312 [00:00<00:00, 8346.38it/s, Materializing param=layer.5.conv_3x3.normalization.num_batches_tracked]
Loading weights:  38%|███▊      | 117/312 [00:00<00:00, 8334.47it/s, Materializing param=layer.5.conv_3x3.normalization.num_batches_tracked]
Loading weights:  38%|███▊      | 118/312 [00:00<00:00, 8382.92it/s, Materializing param=layer.5.conv_3x3.normalization.running_mean]       
Loading weights:  38%|███▊      | 118/312 [00:00<00:00, 8371.16it/s, Materializing param=layer.5.conv_3x3.normalization.running_mean]
Loading weights:  38%|███▊      | 119/312 [00:00<00:00, 8421.16it/s, Materializing param=layer.5.conv_3x3.normalization.running_var] 
Loading weights:  38%|███▊      | 119/312 [00:00<00:00, 8409.81it/s, Materializing param=layer.5.conv_3x3.normalization.running_var]
Loading weights:  38%|███▊      | 120/312 [00:00<00:00, 8460.81it/s, Materializing param=layer.5.conv_3x3.normalization.weight]     
Loading weights:  38%|███▊      | 120/312 [00:00<00:00, 8449.44it/s, Materializing param=layer.5.conv_3x3.normalization.weight]
Loading weights:  39%|███▉      | 121/312 [00:00<00:00, 8499.45it/s, Materializing param=layer.5.expand_1x1.convolution.weight]
Loading weights:  39%|███▉      | 121/312 [00:00<00:00, 8488.79it/s, Materializing param=layer.5.expand_1x1.convolution.weight]
Loading weights:  39%|███▉      | 122/312 [00:00<00:00, 8369.26it/s, Materializing param=layer.5.expand_1x1.normalization.bias]
Loading weights:  39%|███▉      | 122/312 [00:00<00:00, 8350.42it/s, Materializing param=layer.5.expand_1x1.normalization.bias]
Loading weights:  39%|███▉      | 123/312 [00:00<00:00, 8387.79it/s, Materializing param=layer.5.expand_1x1.normalization.num_batches_tracked]
Loading weights:  39%|███▉      | 123/312 [00:00<00:00, 8374.17it/s, Materializing param=layer.5.expand_1x1.normalization.num_batches_tracked]
Loading weights:  40%|███▉      | 124/312 [00:00<00:00, 8339.51it/s, Materializing param=layer.5.expand_1x1.normalization.running_mean]       
Loading weights:  40%|███▉      | 124/312 [00:00<00:00, 8319.90it/s, Materializing param=layer.5.expand_1x1.normalization.running_mean]
Loading weights:  40%|████      | 125/312 [00:00<00:00, 8361.18it/s, Materializing param=layer.5.expand_1x1.normalization.running_var] 
Loading weights:  40%|████      | 125/312 [00:00<00:00, 8347.74it/s, Materializing param=layer.5.expand_1x1.normalization.running_var]
Loading weights:  40%|████      | 126/312 [00:00<00:00, 8391.01it/s, Materializing param=layer.5.expand_1x1.normalization.weight]     
Loading weights:  40%|████      | 126/312 [00:00<00:00, 8378.23it/s, Materializing param=layer.5.expand_1x1.normalization.weight]
Loading weights:  41%|████      | 127/312 [00:00<00:00, 8420.70it/s, Materializing param=layer.5.reduce_1x1.convolution.weight]  
Loading weights:  41%|████      | 127/312 [00:00<00:00, 8408.34it/s, Materializing param=layer.5.reduce_1x1.convolution.weight]
Loading weights:  41%|████      | 128/312 [00:00<00:00, 8371.99it/s, Materializing param=layer.5.reduce_1x1.normalization.bias]
Loading weights:  41%|████      | 128/312 [00:00<00:00, 8356.23it/s, Materializing param=layer.5.reduce_1x1.normalization.bias]
Loading weights:  41%|████▏     | 129/312 [00:00<00:00, 8391.86it/s, Materializing param=layer.5.reduce_1x1.normalization.num_batches_tracked]
Loading weights:  41%|████▏     | 129/312 [00:00<00:00, 8379.38it/s, Materializing param=layer.5.reduce_1x1.normalization.num_batches_tracked]
Loading weights:  42%|████▏     | 130/312 [00:00<00:00, 8415.93it/s, Materializing param=layer.5.reduce_1x1.normalization.running_mean]       
Loading weights:  42%|████▏     | 130/312 [00:00<00:00, 8374.69it/s, Materializing param=layer.5.reduce_1x1.normalization.running_mean]
Loading weights:  42%|████▏     | 131/312 [00:00<00:00, 8406.06it/s, Materializing param=layer.5.reduce_1x1.normalization.running_var] 
Loading weights:  42%|████▏     | 131/312 [00:00<00:00, 8392.58it/s, Materializing param=layer.5.reduce_1x1.normalization.running_var]
Loading weights:  42%|████▏     | 132/312 [00:00<00:00, 8426.40it/s, Materializing param=layer.5.reduce_1x1.normalization.weight]     
Loading weights:  42%|████▏     | 132/312 [00:00<00:00, 8415.64it/s, Materializing param=layer.5.reduce_1x1.normalization.weight]
Loading weights:  43%|████▎     | 133/312 [00:00<00:00, 8457.28it/s, Materializing param=layer.6.conv_3x3.convolution.weight]    
Loading weights:  43%|████▎     | 133/312 [00:00<00:00, 8447.17it/s, Materializing param=layer.6.conv_3x3.convolution.weight]
Loading weights:  43%|████▎     | 134/312 [00:00<00:00, 8464.92it/s, Materializing param=layer.6.conv_3x3.normalization.bias]
Loading weights:  43%|████▎     | 134/312 [00:00<00:00, 8450.41it/s, Materializing param=layer.6.conv_3x3.normalization.bias]
Loading weights:  43%|████▎     | 135/312 [00:00<00:00, 8488.46it/s, Materializing param=layer.6.conv_3x3.normalization.num_batches_tracked]
Loading weights:  43%|████▎     | 135/312 [00:00<00:00, 8476.13it/s, Materializing param=layer.6.conv_3x3.normalization.num_batches_tracked]
Loading weights:  44%|████▎     | 136/312 [00:00<00:00, 8478.25it/s, Materializing param=layer.6.conv_3x3.normalization.running_mean]       
Loading weights:  44%|████▎     | 136/312 [00:00<00:00, 8467.05it/s, Materializing param=layer.6.conv_3x3.normalization.running_mean]
Loading weights:  44%|████▍     | 137/312 [00:00<00:00, 8510.36it/s, Materializing param=layer.6.conv_3x3.normalization.running_var] 
Loading weights:  44%|████▍     | 137/312 [00:00<00:00, 8500.42it/s, Materializing param=layer.6.conv_3x3.normalization.running_var]
Loading weights:  44%|████▍     | 138/312 [00:00<00:00, 8489.75it/s, Materializing param=layer.6.conv_3x3.normalization.weight]     
Loading weights:  44%|████▍     | 138/312 [00:00<00:00, 8477.19it/s, Materializing param=layer.6.conv_3x3.normalization.weight]
Loading weights:  45%|████▍     | 139/312 [00:00<00:00, 8516.17it/s, Materializing param=layer.6.expand_1x1.convolution.weight]
Loading weights:  45%|████▍     | 139/312 [00:00<00:00, 8505.11it/s, Materializing param=layer.6.expand_1x1.convolution.weight]
Loading weights:  45%|████▍     | 140/312 [00:00<00:00, 8542.25it/s, Materializing param=layer.6.expand_1x1.normalization.bias]
Loading weights:  45%|████▍     | 140/312 [00:00<00:00, 8532.44it/s, Materializing param=layer.6.expand_1x1.normalization.bias]
Loading weights:  45%|████▌     | 141/312 [00:00<00:00, 8573.08it/s, Materializing param=layer.6.expand_1x1.normalization.num_batches_tracked]
Loading weights:  45%|████▌     | 141/312 [00:00<00:00, 8562.53it/s, Materializing param=layer.6.expand_1x1.normalization.num_batches_tracked]
Loading weights:  46%|████▌     | 142/312 [00:00<00:00, 8541.27it/s, Materializing param=layer.6.expand_1x1.normalization.running_mean]       
Loading weights:  46%|████▌     | 142/312 [00:00<00:00, 8528.06it/s, Materializing param=layer.6.expand_1x1.normalization.running_mean]
Loading weights:  46%|████▌     | 143/312 [00:00<00:00, 8567.38it/s, Materializing param=layer.6.expand_1x1.normalization.running_var] 
Loading weights:  46%|████▌     | 143/312 [00:00<00:00, 8556.26it/s, Materializing param=layer.6.expand_1x1.normalization.running_var]
Loading weights:  46%|████▌     | 144/312 [00:00<00:00, 8597.58it/s, Materializing param=layer.6.expand_1x1.normalization.weight]     
Loading weights:  46%|████▌     | 144/312 [00:00<00:00, 8587.31it/s, Materializing param=layer.6.expand_1x1.normalization.weight]
Loading weights:  46%|████▋     | 145/312 [00:00<00:00, 8534.46it/s, Materializing param=layer.6.reduce_1x1.convolution.weight]  
Loading weights:  46%|████▋     | 145/312 [00:00<00:00, 8523.81it/s, Materializing param=layer.6.reduce_1x1.convolution.weight]
Loading weights:  47%|████▋     | 146/312 [00:00<00:00, 8558.97it/s, Materializing param=layer.6.reduce_1x1.normalization.bias]
Loading weights:  47%|████▋     | 146/312 [00:00<00:00, 8549.05it/s, Materializing param=layer.6.reduce_1x1.normalization.bias]
Loading weights:  47%|████▋     | 147/312 [00:00<00:00, 8587.46it/s, Materializing param=layer.6.reduce_1x1.normalization.num_batches_tracked]
Loading weights:  47%|████▋     | 147/312 [00:00<00:00, 8577.31it/s, Materializing param=layer.6.reduce_1x1.normalization.num_batches_tracked]
Loading weights:  47%|████▋     | 148/312 [00:00<00:00, 8617.20it/s, Materializing param=layer.6.reduce_1x1.normalization.running_mean]       
Loading weights:  47%|████▋     | 148/312 [00:00<00:00, 8607.16it/s, Materializing param=layer.6.reduce_1x1.normalization.running_mean]
Loading weights:  48%|████▊     | 149/312 [00:00<00:00, 8648.17it/s, Materializing param=layer.6.reduce_1x1.normalization.running_var] 
Loading weights:  48%|████▊     | 149/312 [00:00<00:00, 8638.73it/s, Materializing param=layer.6.reduce_1x1.normalization.running_var]
Loading weights:  48%|████▊     | 150/312 [00:00<00:00, 8679.55it/s, Materializing param=layer.6.reduce_1x1.normalization.weight]     
Loading weights:  48%|████▊     | 150/312 [00:00<00:00, 8669.50it/s, Materializing param=layer.6.reduce_1x1.normalization.weight]
Loading weights:  48%|████▊     | 151/312 [00:00<00:00, 8600.02it/s, Materializing param=layer.7.conv_3x3.convolution.weight]    
Loading weights:  48%|████▊     | 151/312 [00:00<00:00, 8589.29it/s, Materializing param=layer.7.conv_3x3.convolution.weight]
Loading weights:  49%|████▊     | 152/312 [00:00<00:00, 8620.22it/s, Materializing param=layer.7.conv_3x3.normalization.bias]
Loading weights:  49%|████▊     | 152/312 [00:00<00:00, 8609.97it/s, Materializing param=layer.7.conv_3x3.normalization.bias]
Loading weights:  49%|████▉     | 153/312 [00:00<00:00, 8627.93it/s, Materializing param=layer.7.conv_3x3.normalization.num_batches_tracked]
Loading weights:  49%|████▉     | 153/312 [00:00<00:00, 8614.85it/s, Materializing param=layer.7.conv_3x3.normalization.num_batches_tracked]
Loading weights:  49%|████▉     | 154/312 [00:00<00:00, 8634.18it/s, Materializing param=layer.7.conv_3x3.normalization.running_mean]       
Loading weights:  49%|████▉     | 154/312 [00:00<00:00, 8621.62it/s, Materializing param=layer.7.conv_3x3.normalization.running_mean]
Loading weights:  50%|████▉     | 155/312 [00:00<00:00, 8658.18it/s, Materializing param=layer.7.conv_3x3.normalization.running_var] 
Loading weights:  50%|████▉     | 155/312 [00:00<00:00, 8648.05it/s, Materializing param=layer.7.conv_3x3.normalization.running_var]
Loading weights:  50%|█████     | 156/312 [00:00<00:00, 8685.93it/s, Materializing param=layer.7.conv_3x3.normalization.weight]     
Loading weights:  50%|█████     | 156/312 [00:00<00:00, 8676.26it/s, Materializing param=layer.7.conv_3x3.normalization.weight]
Loading weights:  50%|█████     | 157/312 [00:00<00:00, 8714.54it/s, Materializing param=layer.7.expand_1x1.convolution.weight]
Loading weights:  50%|█████     | 157/312 [00:00<00:00, 8705.21it/s, Materializing param=layer.7.expand_1x1.convolution.weight]
Loading weights:  51%|█████     | 158/312 [00:00<00:00, 8644.67it/s, Materializing param=layer.7.expand_1x1.normalization.bias]
Loading weights:  51%|█████     | 158/312 [00:00<00:00, 8633.29it/s, Materializing param=layer.7.expand_1x1.normalization.bias]
Loading weights:  51%|█████     | 159/312 [00:00<00:00, 8630.48it/s, Materializing param=layer.7.expand_1x1.normalization.num_batches_tracked]
Loading weights:  51%|█████     | 159/312 [00:00<00:00, 8620.66it/s, Materializing param=layer.7.expand_1x1.normalization.num_batches_tracked]
Loading weights:  51%|█████▏    | 160/312 [00:00<00:00, 8639.81it/s, Materializing param=layer.7.expand_1x1.normalization.running_mean]       
Loading weights:  51%|█████▏    | 160/312 [00:00<00:00, 8630.48it/s, Materializing param=layer.7.expand_1x1.normalization.running_mean]
Loading weights:  52%|█████▏    | 161/312 [00:00<00:00, 8668.03it/s, Materializing param=layer.7.expand_1x1.normalization.running_var] 
Loading weights:  52%|█████▏    | 161/312 [00:00<00:00, 8659.69it/s, Materializing param=layer.7.expand_1x1.normalization.running_var]
Loading weights:  52%|█████▏    | 162/312 [00:00<00:00, 8697.98it/s, Materializing param=layer.7.expand_1x1.normalization.weight]     
Loading weights:  52%|█████▏    | 162/312 [00:00<00:00, 8688.63it/s, Materializing param=layer.7.expand_1x1.normalization.weight]
Loading weights:  52%|█████▏    | 163/312 [00:00<00:00, 8725.42it/s, Materializing param=layer.7.reduce_1x1.convolution.weight]  
Loading weights:  52%|█████▏    | 163/312 [00:00<00:00, 8717.08it/s, Materializing param=layer.7.reduce_1x1.convolution.weight]
Loading weights:  53%|█████▎    | 164/312 [00:00<00:00, 8737.25it/s, Materializing param=layer.7.reduce_1x1.normalization.bias]
Loading weights:  53%|█████▎    | 164/312 [00:00<00:00, 8724.28it/s, Materializing param=layer.7.reduce_1x1.normalization.bias]
Loading weights:  53%|█████▎    | 165/312 [00:00<00:00, 8732.40it/s, Materializing param=layer.7.reduce_1x1.normalization.num_batches_tracked]
Loading weights:  53%|█████▎    | 165/312 [00:00<00:00, 8723.26it/s, Materializing param=layer.7.reduce_1x1.normalization.num_batches_tracked]
Loading weights:  53%|█████▎    | 166/312 [00:00<00:00, 8720.73it/s, Materializing param=layer.7.reduce_1x1.normalization.running_mean]       
Loading weights:  53%|█████▎    | 166/312 [00:00<00:00, 8709.71it/s, Materializing param=layer.7.reduce_1x1.normalization.running_mean]
Loading weights:  54%|█████▎    | 167/312 [00:00<00:00, 8745.22it/s, Materializing param=layer.7.reduce_1x1.normalization.running_var] 
Loading weights:  54%|█████▎    | 167/312 [00:00<00:00, 8736.17it/s, Materializing param=layer.7.reduce_1x1.normalization.running_var]
Loading weights:  54%|█████▍    | 168/312 [00:00<00:00, 8772.40it/s, Materializing param=layer.7.reduce_1x1.normalization.weight]     
Loading weights:  54%|█████▍    | 168/312 [00:00<00:00, 8763.24it/s, Materializing param=layer.7.reduce_1x1.normalization.weight]
Loading weights:  54%|█████▍    | 169/312 [00:00<00:00, 8729.85it/s, Materializing param=layer.8.conv_3x3.convolution.weight]    
Loading weights:  54%|█████▍    | 169/312 [00:00<00:00, 8720.72it/s, Materializing param=layer.8.conv_3x3.convolution.weight]
Loading weights:  54%|█████▍    | 170/312 [00:00<00:00, 8746.71it/s, Materializing param=layer.8.conv_3x3.normalization.bias]
Loading weights:  54%|█████▍    | 170/312 [00:00<00:00, 8737.71it/s, Materializing param=layer.8.conv_3x3.normalization.bias]
Loading weights:  55%|█████▍    | 171/312 [00:00<00:00, 8769.65it/s, Materializing param=layer.8.conv_3x3.normalization.num_batches_tracked]
Loading weights:  55%|█████▍    | 171/312 [00:00<00:00, 8760.76it/s, Materializing param=layer.8.conv_3x3.normalization.num_batches_tracked]
Loading weights:  55%|█████▌    | 172/312 [00:00<00:00, 8794.81it/s, Materializing param=layer.8.conv_3x3.normalization.running_mean]       
Loading weights:  55%|█████▌    | 172/312 [00:00<00:00, 8785.81it/s, Materializing param=layer.8.conv_3x3.normalization.running_mean]
Loading weights:  55%|█████▌    | 173/312 [00:00<00:00, 8794.69it/s, Materializing param=layer.8.conv_3x3.normalization.running_var] 
Loading weights:  55%|█████▌    | 173/312 [00:00<00:00, 8782.13it/s, Materializing param=layer.8.conv_3x3.normalization.running_var]
Loading weights:  56%|█████▌    | 174/312 [00:00<00:00, 8816.35it/s, Materializing param=layer.8.conv_3x3.normalization.weight]     
Loading weights:  56%|█████▌    | 174/312 [00:00<00:00, 8806.57it/s, Materializing param=layer.8.conv_3x3.normalization.weight]
Loading weights:  56%|█████▌    | 175/312 [00:00<00:00, 8840.22it/s, Materializing param=layer.8.expand_1x1.convolution.weight]
Loading weights:  56%|█████▌    | 175/312 [00:00<00:00, 8831.18it/s, Materializing param=layer.8.expand_1x1.convolution.weight]
Loading weights:  56%|█████▋    | 176/312 [00:00<00:00, 8656.77it/s, Materializing param=layer.8.expand_1x1.normalization.bias]
Loading weights:  56%|█████▋    | 176/312 [00:00<00:00, 8644.81it/s, Materializing param=layer.8.expand_1x1.normalization.bias]
Loading weights:  57%|█████▋    | 177/312 [00:00<00:00, 8642.11it/s, Materializing param=layer.8.expand_1x1.normalization.num_batches_tracked]
Loading weights:  57%|█████▋    | 177/312 [00:00<00:00, 8632.46it/s, Materializing param=layer.8.expand_1x1.normalization.num_batches_tracked]
Loading weights:  57%|█████▋    | 178/312 [00:00<00:00, 8646.25it/s, Materializing param=layer.8.expand_1x1.normalization.running_mean]       
Loading weights:  57%|█████▋    | 178/312 [00:00<00:00, 8633.65it/s, Materializing param=layer.8.expand_1x1.normalization.running_mean]
Loading weights:  57%|█████▋    | 179/312 [00:00<00:00, 8659.52it/s, Materializing param=layer.8.expand_1x1.normalization.running_var] 
Loading weights:  57%|█████▋    | 179/312 [00:00<00:00, 8648.15it/s, Materializing param=layer.8.expand_1x1.normalization.running_var]
Loading weights:  58%|█████▊    | 180/312 [00:00<00:00, 8672.59it/s, Materializing param=layer.8.expand_1x1.normalization.weight]     
Loading weights:  58%|█████▊    | 180/312 [00:00<00:00, 8663.03it/s, Materializing param=layer.8.expand_1x1.normalization.weight]
Loading weights:  58%|█████▊    | 181/312 [00:00<00:00, 8693.90it/s, Materializing param=layer.8.reduce_1x1.convolution.weight]  
Loading weights:  58%|█████▊    | 181/312 [00:00<00:00, 8685.15it/s, Materializing param=layer.8.reduce_1x1.convolution.weight]
Loading weights:  58%|█████▊    | 182/312 [00:00<00:00, 8716.48it/s, Materializing param=layer.8.reduce_1x1.normalization.bias]
Loading weights:  58%|█████▊    | 182/312 [00:00<00:00, 8708.53it/s, Materializing param=layer.8.reduce_1x1.normalization.bias]
Loading weights:  59%|█████▊    | 183/312 [00:00<00:00, 8720.96it/s, Materializing param=layer.8.reduce_1x1.normalization.num_batches_tracked]
Loading weights:  59%|█████▊    | 183/312 [00:00<00:00, 8709.38it/s, Materializing param=layer.8.reduce_1x1.normalization.num_batches_tracked]
Loading weights:  59%|█████▉    | 184/312 [00:00<00:00, 8737.74it/s, Materializing param=layer.8.reduce_1x1.normalization.running_mean]       
Loading weights:  59%|█████▉    | 184/312 [00:00<00:00, 8727.76it/s, Materializing param=layer.8.reduce_1x1.normalization.running_mean]
Loading weights:  59%|█████▉    | 185/312 [00:00<00:00, 8759.93it/s, Materializing param=layer.8.reduce_1x1.normalization.running_var] 
Loading weights:  59%|█████▉    | 185/312 [00:00<00:00, 8751.24it/s, Materializing param=layer.8.reduce_1x1.normalization.running_var]
Loading weights:  60%|█████▉    | 186/312 [00:00<00:00, 8783.98it/s, Materializing param=layer.8.reduce_1x1.normalization.weight]     
Loading weights:  60%|█████▉    | 186/312 [00:00<00:00, 8776.08it/s, Materializing param=layer.8.reduce_1x1.normalization.weight]
Loading weights:  60%|█████▉    | 187/312 [00:00<00:00, 8807.80it/s, Materializing param=layer.9.conv_3x3.convolution.weight]    
Loading weights:  60%|█████▉    | 187/312 [00:00<00:00, 8800.00it/s, Materializing param=layer.9.conv_3x3.convolution.weight]
Loading weights:  60%|██████    | 188/312 [00:00<00:00, 8830.01it/s, Materializing param=layer.9.conv_3x3.normalization.bias]
Loading weights:  60%|██████    | 188/312 [00:00<00:00, 8821.32it/s, Materializing param=layer.9.conv_3x3.normalization.bias]
Loading weights:  61%|██████    | 189/312 [00:00<00:00, 8841.74it/s, Materializing param=layer.9.conv_3x3.normalization.num_batches_tracked]
Loading weights:  61%|██████    | 189/312 [00:00<00:00, 8831.79it/s, Materializing param=layer.9.conv_3x3.normalization.num_batches_tracked]
Loading weights:  61%|██████    | 190/312 [00:00<00:00, 8848.35it/s, Materializing param=layer.9.conv_3x3.normalization.running_mean]       
Loading weights:  61%|██████    | 190/312 [00:00<00:00, 8835.20it/s, Materializing param=layer.9.conv_3x3.normalization.running_mean]
Loading weights:  61%|██████    | 191/312 [00:00<00:00, 8863.92it/s, Materializing param=layer.9.conv_3x3.normalization.running_var] 
Loading weights:  61%|██████    | 191/312 [00:00<00:00, 8854.02it/s, Materializing param=layer.9.conv_3x3.normalization.running_var]
Loading weights:  62%|██████▏   | 192/312 [00:00<00:00, 8862.18it/s, Materializing param=layer.9.conv_3x3.normalization.weight]     
Loading weights:  62%|██████▏   | 192/312 [00:00<00:00, 8852.83it/s, Materializing param=layer.9.conv_3x3.normalization.weight]
Loading weights:  62%|██████▏   | 193/312 [00:00<00:00, 8882.14it/s, Materializing param=layer.9.expand_1x1.convolution.weight]
Loading weights:  62%|██████▏   | 193/312 [00:00<00:00, 8873.57it/s, Materializing param=layer.9.expand_1x1.convolution.weight]
Loading weights:  62%|██████▏   | 194/312 [00:00<00:00, 8902.38it/s, Materializing param=layer.9.expand_1x1.normalization.bias]
Loading weights:  62%|██████▏   | 194/312 [00:00<00:00, 8894.20it/s, Materializing param=layer.9.expand_1x1.normalization.bias]
Loading weights:  62%|██████▎   | 195/312 [00:00<00:00, 8877.75it/s, Materializing param=layer.9.expand_1x1.normalization.num_batches_tracked]
Loading weights:  62%|██████▎   | 195/312 [00:00<00:00, 8868.89it/s, Materializing param=layer.9.expand_1x1.normalization.num_batches_tracked]
Loading weights:  63%|██████▎   | 196/312 [00:00<00:00, 8883.16it/s, Materializing param=layer.9.expand_1x1.normalization.running_mean]       
Loading weights:  63%|██████▎   | 196/312 [00:00<00:00, 8875.20it/s, Materializing param=layer.9.expand_1x1.normalization.running_mean]
Loading weights:  63%|██████▎   | 197/312 [00:00<00:00, 8906.35it/s, Materializing param=layer.9.expand_1x1.normalization.running_var] 
Loading weights:  63%|██████▎   | 197/312 [00:00<00:00, 8898.68it/s, Materializing param=layer.9.expand_1x1.normalization.running_var]
Loading weights:  63%|██████▎   | 198/312 [00:00<00:00, 8930.10it/s, Materializing param=layer.9.expand_1x1.normalization.weight]     
Loading weights:  63%|██████▎   | 198/312 [00:00<00:00, 8922.52it/s, Materializing param=layer.9.expand_1x1.normalization.weight]
Loading weights:  64%|██████▍   | 199/312 [00:00<00:00, 8941.35it/s, Materializing param=layer.9.reduce_1x1.convolution.weight]  
Loading weights:  64%|██████▍   | 199/312 [00:00<00:00, 8932.93it/s, Materializing param=layer.9.reduce_1x1.convolution.weight]
Loading weights:  64%|██████▍   | 200/312 [00:00<00:00, 8833.09it/s, Materializing param=layer.9.reduce_1x1.normalization.bias]
Loading weights:  64%|██████▍   | 200/312 [00:00<00:00, 8824.91it/s, Materializing param=layer.9.reduce_1x1.normalization.bias]
Loading weights:  64%|██████▍   | 201/312 [00:00<00:00, 8835.48it/s, Materializing param=layer.9.reduce_1x1.normalization.num_batches_tracked]
Loading weights:  64%|██████▍   | 201/312 [00:00<00:00, 8826.97it/s, Materializing param=layer.9.reduce_1x1.normalization.num_batches_tracked]
Loading weights:  65%|██████▍   | 202/312 [00:00<00:00, 8843.75it/s, Materializing param=layer.9.reduce_1x1.normalization.running_mean]       
Loading weights:  65%|██████▍   | 202/312 [00:00<00:00, 8833.61it/s, Materializing param=layer.9.reduce_1x1.normalization.running_mean]
Loading weights:  65%|██████▌   | 203/312 [00:00<00:00, 8862.28it/s, Materializing param=layer.9.reduce_1x1.normalization.running_var] 
Loading weights:  65%|██████▌   | 203/312 [00:00<00:00, 8853.80it/s, Materializing param=layer.9.reduce_1x1.normalization.running_var]
Loading weights:  65%|██████▌   | 204/312 [00:00<00:00, 8883.75it/s, Materializing param=layer.9.reduce_1x1.normalization.weight]     
Loading weights:  65%|██████▌   | 204/312 [00:00<00:00, 8876.47it/s, Materializing param=layer.9.reduce_1x1.normalization.weight]
Loading weights:  66%|██████▌   | 205/312 [00:00<00:00, 8906.12it/s, Materializing param=layer.10.conv_3x3.convolution.weight]   
Loading weights:  66%|██████▌   | 205/312 [00:00<00:00, 8898.65it/s, Materializing param=layer.10.conv_3x3.convolution.weight]
Loading weights:  66%|██████▌   | 206/312 [00:00<00:00, 8925.43it/s, Materializing param=layer.10.conv_3x3.normalization.bias]
Loading weights:  66%|██████▌   | 206/312 [00:00<00:00, 8917.70it/s, Materializing param=layer.10.conv_3x3.normalization.bias]
Loading weights:  66%|██████▋   | 207/312 [00:00<00:00, 8943.63it/s, Materializing param=layer.10.conv_3x3.normalization.num_batches_tracked]
Loading weights:  66%|██████▋   | 207/312 [00:00<00:00, 8935.81it/s, Materializing param=layer.10.conv_3x3.normalization.num_batches_tracked]
Loading weights:  67%|██████▋   | 208/312 [00:00<00:00, 8908.74it/s, Materializing param=layer.10.conv_3x3.normalization.running_mean]       
Loading weights:  67%|██████▋   | 208/312 [00:00<00:00, 8898.38it/s, Materializing param=layer.10.conv_3x3.normalization.running_mean]
Loading weights:  67%|██████▋   | 209/312 [00:00<00:00, 8924.32it/s, Materializing param=layer.10.conv_3x3.normalization.running_var] 
Loading weights:  67%|██████▋   | 209/312 [00:00<00:00, 8916.70it/s, Materializing param=layer.10.conv_3x3.normalization.running_var]
Loading weights:  67%|██████▋   | 210/312 [00:00<00:00, 8945.62it/s, Materializing param=layer.10.conv_3x3.normalization.weight]     
Loading weights:  67%|██████▋   | 210/312 [00:00<00:00, 8938.45it/s, Materializing param=layer.10.conv_3x3.normalization.weight]
Loading weights:  68%|██████▊   | 211/312 [00:00<00:00, 8967.27it/s, Materializing param=layer.10.expand_1x1.convolution.weight]
Loading weights:  68%|██████▊   | 211/312 [00:00<00:00, 8960.01it/s, Materializing param=layer.10.expand_1x1.convolution.weight]
Loading weights:  68%|██████▊   | 212/312 [00:00<00:00, 8986.46it/s, Materializing param=layer.10.expand_1x1.normalization.bias]
Loading weights:  68%|██████▊   | 212/312 [00:00<00:00, 8978.84it/s, Materializing param=layer.10.expand_1x1.normalization.bias]
Loading weights:  68%|██████▊   | 213/312 [00:00<00:00, 9005.19it/s, Materializing param=layer.10.expand_1x1.normalization.num_batches_tracked]
Loading weights:  68%|██████▊   | 213/312 [00:00<00:00, 8997.57it/s, Materializing param=layer.10.expand_1x1.normalization.num_batches_tracked]
Loading weights:  69%|██████▊   | 214/312 [00:00<00:00, 9025.36it/s, Materializing param=layer.10.expand_1x1.normalization.running_mean]       
Loading weights:  69%|██████▊   | 214/312 [00:00<00:00, 9017.65it/s, Materializing param=layer.10.expand_1x1.normalization.running_mean]
Loading weights:  69%|██████▉   | 215/312 [00:00<00:00, 9047.34it/s, Materializing param=layer.10.expand_1x1.normalization.running_var] 
Loading weights:  69%|██████▉   | 215/312 [00:00<00:00, 9039.99it/s, Materializing param=layer.10.expand_1x1.normalization.running_var]
Loading weights:  69%|██████▉   | 216/312 [00:00<00:00, 9069.49it/s, Materializing param=layer.10.expand_1x1.normalization.weight]     
Loading weights:  69%|██████▉   | 216/312 [00:00<00:00, 9062.23it/s, Materializing param=layer.10.expand_1x1.normalization.weight]
Loading weights:  70%|██████▉   | 217/312 [00:00<00:00, 9047.63it/s, Materializing param=layer.10.reduce_1x1.convolution.weight]  
Loading weights:  70%|██████▉   | 217/312 [00:00<00:00, 9039.72it/s, Materializing param=layer.10.reduce_1x1.convolution.weight]
Loading weights:  70%|██████▉   | 218/312 [00:00<00:00, 9048.57it/s, Materializing param=layer.10.reduce_1x1.normalization.bias]
Loading weights:  70%|██████▉   | 218/312 [00:00<00:00, 9032.84it/s, Materializing param=layer.10.reduce_1x1.normalization.bias]
Loading weights:  70%|███████   | 219/312 [00:00<00:00, 9026.83it/s, Materializing param=layer.10.reduce_1x1.normalization.num_batches_tracked]
Loading weights:  70%|███████   | 219/312 [00:00<00:00, 9016.02it/s, Materializing param=layer.10.reduce_1x1.normalization.num_batches_tracked]
Loading weights:  71%|███████   | 220/312 [00:00<00:00, 9036.35it/s, Materializing param=layer.10.reduce_1x1.normalization.running_mean]       
Loading weights:  71%|███████   | 220/312 [00:00<00:00, 9027.42it/s, Materializing param=layer.10.reduce_1x1.normalization.running_mean]
Loading weights:  71%|███████   | 221/312 [00:00<00:00, 9055.52it/s, Materializing param=layer.10.reduce_1x1.normalization.running_var] 
Loading weights:  71%|███████   | 221/312 [00:00<00:00, 9048.10it/s, Materializing param=layer.10.reduce_1x1.normalization.running_var]
Loading weights:  71%|███████   | 222/312 [00:00<00:00, 9029.19it/s, Materializing param=layer.10.reduce_1x1.normalization.weight]     
Loading weights:  71%|███████   | 222/312 [00:00<00:00, 9021.06it/s, Materializing param=layer.10.reduce_1x1.normalization.weight]
Loading weights:  71%|███████▏  | 223/312 [00:00<00:00, 9048.11it/s, Materializing param=layer.11.conv_3x3.convolution.weight]    
Loading weights:  71%|███████▏  | 223/312 [00:00<00:00, 9041.11it/s, Materializing param=layer.11.conv_3x3.convolution.weight]
Loading weights:  72%|███████▏  | 224/312 [00:00<00:00, 9066.58it/s, Materializing param=layer.11.conv_3x3.normalization.bias]
Loading weights:  72%|███████▏  | 224/312 [00:00<00:00, 9059.67it/s, Materializing param=layer.11.conv_3x3.normalization.bias]
Loading weights:  72%|███████▏  | 225/312 [00:00<00:00, 9084.96it/s, Materializing param=layer.11.conv_3x3.normalization.num_batches_tracked]
Loading weights:  72%|███████▏  | 225/312 [00:00<00:00, 9077.62it/s, Materializing param=layer.11.conv_3x3.normalization.num_batches_tracked]
Loading weights:  72%|███████▏  | 226/312 [00:00<00:00, 9080.32it/s, Materializing param=layer.11.conv_3x3.normalization.running_mean]       
Loading weights:  72%|███████▏  | 226/312 [00:00<00:00, 9071.20it/s, Materializing param=layer.11.conv_3x3.normalization.running_mean]
Loading weights:  73%|███████▎  | 227/312 [00:00<00:00, 9064.32it/s, Materializing param=layer.11.conv_3x3.normalization.running_var] 
Loading weights:  73%|███████▎  | 227/312 [00:00<00:00, 9051.39it/s, Materializing param=layer.11.conv_3x3.normalization.running_var]
Loading weights:  73%|███████▎  | 228/312 [00:00<00:00, 9054.43it/s, Materializing param=layer.11.conv_3x3.normalization.weight]     
Loading weights:  73%|███████▎  | 228/312 [00:00<00:00, 9045.09it/s, Materializing param=layer.11.conv_3x3.normalization.weight]
Loading weights:  73%|███████▎  | 229/312 [00:00<00:00, 9019.67it/s, Materializing param=layer.11.expand_1x1.convolution.weight]
Loading weights:  73%|███████▎  | 229/312 [00:00<00:00, 9011.12it/s, Materializing param=layer.11.expand_1x1.convolution.weight]
Loading weights:  74%|███████▎  | 230/312 [00:00<00:00, 8981.55it/s, Materializing param=layer.11.expand_1x1.normalization.bias]
Loading weights:  74%|███████▎  | 230/312 [00:00<00:00, 8974.19it/s, Materializing param=layer.11.expand_1x1.normalization.bias]
Loading weights:  74%|███████▍  | 231/312 [00:00<00:00, 8998.40it/s, Materializing param=layer.11.expand_1x1.normalization.num_batches_tracked]
Loading weights:  74%|███████▍  | 231/312 [00:00<00:00, 8990.71it/s, Materializing param=layer.11.expand_1x1.normalization.num_batches_tracked]
Loading weights:  74%|███████▍  | 232/312 [00:00<00:00, 9016.00it/s, Materializing param=layer.11.expand_1x1.normalization.running_mean]       
Loading weights:  74%|███████▍  | 232/312 [00:00<00:00, 9008.99it/s, Materializing param=layer.11.expand_1x1.normalization.running_mean]
Loading weights:  75%|███████▍  | 233/312 [00:00<00:00, 9035.85it/s, Materializing param=layer.11.expand_1x1.normalization.running_var] 
Loading weights:  75%|███████▍  | 233/312 [00:00<00:00, 9028.93it/s, Materializing param=layer.11.expand_1x1.normalization.running_var]
Loading weights:  75%|███████▌  | 234/312 [00:00<00:00, 9055.71it/s, Materializing param=layer.11.expand_1x1.normalization.weight]     
Loading weights:  75%|███████▌  | 234/312 [00:00<00:00, 9049.03it/s, Materializing param=layer.11.expand_1x1.normalization.weight]
Loading weights:  75%|███████▌  | 235/312 [00:00<00:00, 9075.07it/s, Materializing param=layer.11.reduce_1x1.convolution.weight]  
Loading weights:  75%|███████▌  | 235/312 [00:00<00:00, 9068.39it/s, Materializing param=layer.11.reduce_1x1.convolution.weight]
Loading weights:  76%|███████▌  | 236/312 [00:00<00:00, 9066.11it/s, Materializing param=layer.11.reduce_1x1.normalization.bias]
Loading weights:  76%|███████▌  | 236/312 [00:00<00:00, 9057.07it/s, Materializing param=layer.11.reduce_1x1.normalization.bias]
Loading weights:  76%|███████▌  | 237/312 [00:00<00:00, 9063.76it/s, Materializing param=layer.11.reduce_1x1.normalization.num_batches_tracked]
Loading weights:  76%|███████▌  | 237/312 [00:00<00:00, 9054.43it/s, Materializing param=layer.11.reduce_1x1.normalization.num_batches_tracked]
Loading weights:  76%|███████▋  | 238/312 [00:00<00:00, 9077.01it/s, Materializing param=layer.11.reduce_1x1.normalization.running_mean]       
Loading weights:  76%|███████▋  | 238/312 [00:00<00:00, 9069.42it/s, Materializing param=layer.11.reduce_1x1.normalization.running_mean]
Loading weights:  77%|███████▋  | 239/312 [00:00<00:00, 9094.64it/s, Materializing param=layer.11.reduce_1x1.normalization.running_var] 
Loading weights:  77%|███████▋  | 239/312 [00:00<00:00, 9087.39it/s, Materializing param=layer.11.reduce_1x1.normalization.running_var]
Loading weights:  77%|███████▋  | 240/312 [00:00<00:00, 9050.50it/s, Materializing param=layer.11.reduce_1x1.normalization.weight]     
Loading weights:  77%|███████▋  | 240/312 [00:00<00:00, 9042.29it/s, Materializing param=layer.11.reduce_1x1.normalization.weight]
Loading weights:  77%|███████▋  | 241/312 [00:00<00:00, 9066.28it/s, Materializing param=layer.12.conv_3x3.convolution.weight]    
Loading weights:  77%|███████▋  | 241/312 [00:00<00:00, 9058.81it/s, Materializing param=layer.12.conv_3x3.convolution.weight]
Loading weights:  78%|███████▊  | 242/312 [00:00<00:00, 9082.07it/s, Materializing param=layer.12.conv_3x3.normalization.bias]
Loading weights:  78%|███████▊  | 242/312 [00:00<00:00, 9074.52it/s, Materializing param=layer.12.conv_3x3.normalization.bias]
Loading weights:  78%|███████▊  | 243/312 [00:00<00:00, 9096.32it/s, Materializing param=layer.12.conv_3x3.normalization.num_batches_tracked]
Loading weights:  78%|███████▊  | 243/312 [00:00<00:00, 9089.19it/s, Materializing param=layer.12.conv_3x3.normalization.num_batches_tracked]
Loading weights:  78%|███████▊  | 244/312 [00:00<00:00, 9081.08it/s, Materializing param=layer.12.conv_3x3.normalization.running_mean]       
Loading weights:  78%|███████▊  | 244/312 [00:00<00:00, 9072.62it/s, Materializing param=layer.12.conv_3x3.normalization.running_mean]
Loading weights:  79%|███████▊  | 245/312 [00:00<00:00, 9096.98it/s, Materializing param=layer.12.conv_3x3.normalization.running_var] 
Loading weights:  79%|███████▊  | 245/312 [00:00<00:00, 9090.14it/s, Materializing param=layer.12.conv_3x3.normalization.running_var]
Loading weights:  79%|███████▉  | 246/312 [00:00<00:00, 9115.15it/s, Materializing param=layer.12.conv_3x3.normalization.weight]     
Loading weights:  79%|███████▉  | 246/312 [00:00<00:00, 9108.07it/s, Materializing param=layer.12.conv_3x3.normalization.weight]
Loading weights:  79%|███████▉  | 247/312 [00:00<00:00, 9132.92it/s, Materializing param=layer.12.expand_1x1.convolution.weight]
Loading weights:  79%|███████▉  | 247/312 [00:00<00:00, 9126.49it/s, Materializing param=layer.12.expand_1x1.convolution.weight]
Loading weights:  79%|███████▉  | 248/312 [00:00<00:00, 9148.93it/s, Materializing param=layer.12.expand_1x1.normalization.bias]
Loading weights:  79%|███████▉  | 248/312 [00:00<00:00, 9142.50it/s, Materializing param=layer.12.expand_1x1.normalization.bias]
Loading weights:  80%|███████▉  | 249/312 [00:00<00:00, 9166.15it/s, Materializing param=layer.12.expand_1x1.normalization.num_batches_tracked]
Loading weights:  80%|███████▉  | 249/312 [00:00<00:00, 9159.07it/s, Materializing param=layer.12.expand_1x1.normalization.num_batches_tracked]
Loading weights:  80%|████████  | 250/312 [00:00<00:00, 9097.17it/s, Materializing param=layer.12.expand_1x1.normalization.running_mean]       
Loading weights:  80%|████████  | 250/312 [00:00<00:00, 9088.89it/s, Materializing param=layer.12.expand_1x1.normalization.running_mean]
Loading weights:  80%|████████  | 251/312 [00:00<00:00, 9111.98it/s, Materializing param=layer.12.expand_1x1.normalization.running_var] 
Loading weights:  80%|████████  | 251/312 [00:00<00:00, 9104.73it/s, Materializing param=layer.12.expand_1x1.normalization.running_var]
Loading weights:  81%|████████  | 252/312 [00:00<00:00, 9129.39it/s, Materializing param=layer.12.expand_1x1.normalization.weight]     
Loading weights:  81%|████████  | 252/312 [00:00<00:00, 9122.77it/s, Materializing param=layer.12.expand_1x1.normalization.weight]
Loading weights:  81%|████████  | 253/312 [00:00<00:00, 9147.13it/s, Materializing param=layer.12.reduce_1x1.convolution.weight]  
Loading weights:  81%|████████  | 253/312 [00:00<00:00, 9141.14it/s, Materializing param=layer.12.reduce_1x1.convolution.weight]
Loading weights:  81%|████████▏ | 254/312 [00:00<00:00, 9161.10it/s, Materializing param=layer.12.reduce_1x1.normalization.bias]
Loading weights:  81%|████████▏ | 254/312 [00:00<00:00, 9153.78it/s, Materializing param=layer.12.reduce_1x1.normalization.bias]
Loading weights:  82%|████████▏ | 255/312 [00:00<00:00, 9094.41it/s, Materializing param=layer.12.reduce_1x1.normalization.num_batches_tracked]
Loading weights:  82%|████████▏ | 255/312 [00:00<00:00, 9086.06it/s, Materializing param=layer.12.reduce_1x1.normalization.num_batches_tracked]
Loading weights:  82%|████████▏ | 256/312 [00:00<00:00, 9107.38it/s, Materializing param=layer.12.reduce_1x1.normalization.running_mean]       
Loading weights:  82%|████████▏ | 256/312 [00:00<00:00, 9100.59it/s, Materializing param=layer.12.reduce_1x1.normalization.running_mean]
Loading weights:  82%|████████▏ | 257/312 [00:00<00:00, 9124.46it/s, Materializing param=layer.12.reduce_1x1.normalization.running_var] 
Loading weights:  82%|████████▏ | 257/312 [00:00<00:00, 9117.98it/s, Materializing param=layer.12.reduce_1x1.normalization.running_var]
Loading weights:  83%|████████▎ | 258/312 [00:00<00:00, 9142.39it/s, Materializing param=layer.12.reduce_1x1.normalization.weight]     
Loading weights:  83%|████████▎ | 258/312 [00:00<00:00, 9135.91it/s, Materializing param=layer.12.reduce_1x1.normalization.weight]
Loading weights:  83%|████████▎ | 259/312 [00:00<00:00, 9159.10it/s, Materializing param=layer.13.conv_3x3.convolution.weight]    
Loading weights:  83%|████████▎ | 259/312 [00:00<00:00, 9152.93it/s, Materializing param=layer.13.conv_3x3.convolution.weight]
Loading weights:  83%|████████▎ | 260/312 [00:00<00:00, 9175.59it/s, Materializing param=layer.13.conv_3x3.normalization.bias]
Loading weights:  83%|████████▎ | 260/312 [00:00<00:00, 9169.80it/s, Materializing param=layer.13.conv_3x3.normalization.bias]
Loading weights:  84%|████████▎ | 261/312 [00:00<00:00, 9192.40it/s, Materializing param=layer.13.conv_3x3.normalization.num_batches_tracked]
Loading weights:  84%|████████▎ | 261/312 [00:00<00:00, 9185.53it/s, Materializing param=layer.13.conv_3x3.normalization.num_batches_tracked]
Loading weights:  84%|████████▍ | 262/312 [00:00<00:00, 9208.44it/s, Materializing param=layer.13.conv_3x3.normalization.running_mean]       
Loading weights:  84%|████████▍ | 262/312 [00:00<00:00, 9202.35it/s, Materializing param=layer.13.conv_3x3.normalization.running_mean]
Loading weights:  84%|████████▍ | 263/312 [00:00<00:00, 9225.81it/s, Materializing param=layer.13.conv_3x3.normalization.running_var] 
Loading weights:  84%|████████▍ | 263/312 [00:00<00:00, 9219.64it/s, Materializing param=layer.13.conv_3x3.normalization.running_var]
Loading weights:  85%|████████▍ | 264/312 [00:00<00:00, 9225.32it/s, Materializing param=layer.13.conv_3x3.normalization.weight]     
Loading weights:  85%|████████▍ | 264/312 [00:00<00:00, 9217.25it/s, Materializing param=layer.13.conv_3x3.normalization.weight]
Loading weights:  85%|████████▍ | 265/312 [00:00<00:00, 9198.80it/s, Materializing param=layer.13.expand_1x1.convolution.weight]
Loading weights:  85%|████████▍ | 265/312 [00:00<00:00, 9189.52it/s, Materializing param=layer.13.expand_1x1.convolution.weight]
Loading weights:  85%|████████▌ | 266/312 [00:00<00:00, 9190.16it/s, Materializing param=layer.13.expand_1x1.normalization.bias]
Loading weights:  85%|████████▌ | 266/312 [00:00<00:00, 9181.61it/s, Materializing param=layer.13.expand_1x1.normalization.bias]
Loading weights:  86%|████████▌ | 267/312 [00:00<00:00, 9202.80it/s, Materializing param=layer.13.expand_1x1.normalization.num_batches_tracked]
Loading weights:  86%|████████▌ | 267/312 [00:00<00:00, 9196.15it/s, Materializing param=layer.13.expand_1x1.normalization.num_batches_tracked]
Loading weights:  86%|████████▌ | 268/312 [00:00<00:00, 9133.02it/s, Materializing param=layer.13.expand_1x1.normalization.running_mean]       
Loading weights:  86%|████████▌ | 268/312 [00:00<00:00, 9126.49it/s, Materializing param=layer.13.expand_1x1.normalization.running_mean]
Loading weights:  86%|████████▌ | 269/312 [00:00<00:00, 9149.03it/s, Materializing param=layer.13.expand_1x1.normalization.running_var] 
Loading weights:  86%|████████▌ | 269/312 [00:00<00:00, 9142.80it/s, Materializing param=layer.13.expand_1x1.normalization.running_var]
Loading weights:  87%|████████▋ | 270/312 [00:00<00:00, 9166.17it/s, Materializing param=layer.13.expand_1x1.normalization.weight]     
Loading weights:  87%|████████▋ | 270/312 [00:00<00:00, 9160.31it/s, Materializing param=layer.13.expand_1x1.normalization.weight]
Loading weights:  87%|████████▋ | 271/312 [00:00<00:00, 9182.95it/s, Materializing param=layer.13.reduce_1x1.convolution.weight]  
Loading weights:  87%|████████▋ | 271/312 [00:00<00:00, 9176.80it/s, Materializing param=layer.13.reduce_1x1.convolution.weight]
Loading weights:  87%|████████▋ | 272/312 [00:00<00:00, 9198.85it/s, Materializing param=layer.13.reduce_1x1.normalization.bias]
Loading weights:  87%|████████▋ | 272/312 [00:00<00:00, 9192.33it/s, Materializing param=layer.13.reduce_1x1.normalization.bias]
Loading weights:  88%|████████▊ | 273/312 [00:00<00:00, 9214.24it/s, Materializing param=layer.13.reduce_1x1.normalization.num_batches_tracked]
Loading weights:  88%|████████▊ | 273/312 [00:00<00:00, 9208.02it/s, Materializing param=layer.13.reduce_1x1.normalization.num_batches_tracked]
Loading weights:  88%|████████▊ | 274/312 [00:00<00:00, 9120.87it/s, Materializing param=layer.13.reduce_1x1.normalization.running_mean]       
Loading weights:  88%|████████▊ | 274/312 [00:00<00:00, 9113.21it/s, Materializing param=layer.13.reduce_1x1.normalization.running_mean]
Loading weights:  88%|████████▊ | 275/312 [00:00<00:00, 9135.02it/s, Materializing param=layer.13.reduce_1x1.normalization.running_var] 
Loading weights:  88%|████████▊ | 275/312 [00:00<00:00, 9128.59it/s, Materializing param=layer.13.reduce_1x1.normalization.running_var]
Loading weights:  88%|████████▊ | 276/312 [00:00<00:00, 9151.14it/s, Materializing param=layer.13.reduce_1x1.normalization.weight]     
Loading weights:  88%|████████▊ | 276/312 [00:00<00:00, 9145.14it/s, Materializing param=layer.13.reduce_1x1.normalization.weight]
Loading weights:  89%|████████▉ | 277/312 [00:00<00:00, 9167.05it/s, Materializing param=layer.14.conv_3x3.convolution.weight]    
Loading weights:  89%|████████▉ | 277/312 [00:00<00:00, 9161.19it/s, Materializing param=layer.14.conv_3x3.convolution.weight]
Loading weights:  89%|████████▉ | 278/312 [00:00<00:00, 9166.72it/s, Materializing param=layer.14.conv_3x3.normalization.bias]
Loading weights:  89%|████████▉ | 278/312 [00:00<00:00, 9161.03it/s, Materializing param=layer.14.conv_3x3.normalization.bias]
Loading weights:  89%|████████▉ | 279/312 [00:00<00:00, 9165.26it/s, Materializing param=layer.14.conv_3x3.normalization.num_batches_tracked]
Loading weights:  89%|████████▉ | 279/312 [00:00<00:00, 9157.15it/s, Materializing param=layer.14.conv_3x3.normalization.num_batches_tracked]
Loading weights:  90%|████████▉ | 280/312 [00:00<00:00, 9166.73it/s, Materializing param=layer.14.conv_3x3.normalization.running_mean]       
Loading weights:  90%|████████▉ | 280/312 [00:00<00:00, 9158.08it/s, Materializing param=layer.14.conv_3x3.normalization.running_mean]
Loading weights:  90%|█████████ | 281/312 [00:00<00:00, 9177.91it/s, Materializing param=layer.14.conv_3x3.normalization.running_var] 
Loading weights:  90%|█████████ | 281/312 [00:00<00:00, 9170.98it/s, Materializing param=layer.14.conv_3x3.normalization.running_var]
Loading weights:  90%|█████████ | 282/312 [00:00<00:00, 9192.24it/s, Materializing param=layer.14.conv_3x3.normalization.weight]     
Loading weights:  90%|█████████ | 282/312 [00:00<00:00, 9186.25it/s, Materializing param=layer.14.conv_3x3.normalization.weight]
Loading weights:  91%|█████████ | 283/312 [00:00<00:00, 9207.38it/s, Materializing param=layer.14.expand_1x1.convolution.weight]
Loading weights:  91%|█████████ | 283/312 [00:00<00:00, 9201.74it/s, Materializing param=layer.14.expand_1x1.convolution.weight]
Loading weights:  91%|█████████ | 284/312 [00:00<00:00, 9221.96it/s, Materializing param=layer.14.expand_1x1.normalization.bias]
Loading weights:  91%|█████████ | 284/312 [00:00<00:00, 9215.97it/s, Materializing param=layer.14.expand_1x1.normalization.bias]
Loading weights:  91%|█████████▏| 285/312 [00:00<00:00, 9213.77it/s, Materializing param=layer.14.expand_1x1.normalization.num_batches_tracked]
Loading weights:  91%|█████████▏| 285/312 [00:00<00:00, 9206.89it/s, Materializing param=layer.14.expand_1x1.normalization.num_batches_tracked]
Loading weights:  92%|█████████▏| 286/312 [00:00<00:00, 9195.78it/s, Materializing param=layer.14.expand_1x1.normalization.running_mean]       
Loading weights:  92%|█████████▏| 286/312 [00:00<00:00, 9188.17it/s, Materializing param=layer.14.expand_1x1.normalization.running_mean]
Loading weights:  92%|█████████▏| 287/312 [00:00<00:00, 9208.73it/s, Materializing param=layer.14.expand_1x1.normalization.running_var] 
Loading weights:  92%|█████████▏| 287/312 [00:00<00:00, 9202.25it/s, Materializing param=layer.14.expand_1x1.normalization.running_var]
Loading weights:  92%|█████████▏| 288/312 [00:00<00:00, 9222.75it/s, Materializing param=layer.14.expand_1x1.normalization.weight]     
Loading weights:  92%|█████████▏| 288/312 [00:00<00:00, 9217.20it/s, Materializing param=layer.14.expand_1x1.normalization.weight]
Loading weights:  93%|█████████▎| 289/312 [00:00<00:00, 9238.48it/s, Materializing param=layer.14.reduce_1x1.convolution.weight]  
Loading weights:  93%|█████████▎| 289/312 [00:00<00:00, 9232.93it/s, Materializing param=layer.14.reduce_1x1.convolution.weight]
Loading weights:  93%|█████████▎| 290/312 [00:00<00:00, 9253.38it/s, Materializing param=layer.14.reduce_1x1.normalization.bias]
Loading weights:  93%|█████████▎| 290/312 [00:00<00:00, 9247.76it/s, Materializing param=layer.14.reduce_1x1.normalization.bias]
Loading weights:  93%|█████████▎| 291/312 [00:00<00:00, 9212.06it/s, Materializing param=layer.14.reduce_1x1.normalization.num_batches_tracked]
Loading weights:  93%|█████████▎| 291/312 [00:00<00:00, 9205.60it/s, Materializing param=layer.14.reduce_1x1.normalization.num_batches_tracked]
Loading weights:  94%|█████████▎| 292/312 [00:00<00:00, 9224.99it/s, Materializing param=layer.14.reduce_1x1.normalization.running_mean]       
Loading weights:  94%|█████████▎| 292/312 [00:00<00:00, 9219.50it/s, Materializing param=layer.14.reduce_1x1.normalization.running_mean]
Loading weights:  94%|█████████▍| 293/312 [00:00<00:00, 9241.13it/s, Materializing param=layer.14.reduce_1x1.normalization.running_var] 
Loading weights:  94%|█████████▍| 293/312 [00:00<00:00, 9235.64it/s, Materializing param=layer.14.reduce_1x1.normalization.running_var]
Loading weights:  94%|█████████▍| 294/312 [00:00<00:00, 9231.09it/s, Materializing param=layer.14.reduce_1x1.normalization.weight]     
Loading weights:  94%|█████████▍| 294/312 [00:00<00:00, 9224.11it/s, Materializing param=layer.14.reduce_1x1.normalization.weight]
Loading weights:  95%|█████████▍| 295/312 [00:00<00:00, 9239.24it/s, Materializing param=layer.15.conv_3x3.convolution.weight]    
Loading weights:  95%|█████████▍| 295/312 [00:00<00:00, 9232.83it/s, Materializing param=layer.15.conv_3x3.convolution.weight]
Loading weights:  95%|█████████▍| 296/312 [00:00<00:00, 9251.98it/s, Materializing param=layer.15.conv_3x3.normalization.bias]
Loading weights:  95%|█████████▍| 296/312 [00:00<00:00, 9246.54it/s, Materializing param=layer.15.conv_3x3.normalization.bias]
Loading weights:  95%|█████████▌| 297/312 [00:00<00:00, 9266.18it/s, Materializing param=layer.15.conv_3x3.normalization.num_batches_tracked]
Loading weights:  95%|█████████▌| 297/312 [00:00<00:00, 9260.39it/s, Materializing param=layer.15.conv_3x3.normalization.num_batches_tracked]
Loading weights:  96%|█████████▌| 298/312 [00:00<00:00, 9235.41it/s, Materializing param=layer.15.conv_3x3.normalization.running_mean]       
Loading weights:  96%|█████████▌| 298/312 [00:00<00:00, 9228.26it/s, Materializing param=layer.15.conv_3x3.normalization.running_mean]
Loading weights:  96%|█████████▌| 299/312 [00:00<00:00, 9247.82it/s, Materializing param=layer.15.conv_3x3.normalization.running_var] 
Loading weights:  96%|█████████▌| 299/312 [00:00<00:00, 9241.82it/s, Materializing param=layer.15.conv_3x3.normalization.running_var]
Loading weights:  96%|█████████▌| 300/312 [00:00<00:00, 9262.70it/s, Materializing param=layer.15.conv_3x3.normalization.weight]     
Loading weights:  96%|█████████▌| 300/312 [00:00<00:00, 9256.97it/s, Materializing param=layer.15.conv_3x3.normalization.weight]
Loading weights:  96%|█████████▋| 301/312 [00:00<00:00, 9277.46it/s, Materializing param=layer.15.expand_1x1.convolution.weight]
Loading weights:  96%|█████████▋| 301/312 [00:00<00:00, 9271.80it/s, Materializing param=layer.15.expand_1x1.convolution.weight]
Loading weights:  97%|█████████▋| 302/312 [00:00<00:00, 9291.48it/s, Materializing param=layer.15.expand_1x1.normalization.bias]
Loading weights:  97%|█████████▋| 302/312 [00:00<00:00, 9286.03it/s, Materializing param=layer.15.expand_1x1.normalization.bias]
Loading weights:  97%|█████████▋| 303/312 [00:00<00:00, 9304.78it/s, Materializing param=layer.15.expand_1x1.normalization.num_batches_tracked]
Loading weights:  97%|█████████▋| 303/312 [00:00<00:00, 9299.26it/s, Materializing param=layer.15.expand_1x1.normalization.num_batches_tracked]
Loading weights:  97%|█████████▋| 304/312 [00:00<00:00, 9319.18it/s, Materializing param=layer.15.expand_1x1.normalization.running_mean]       
Loading weights:  97%|█████████▋| 304/312 [00:00<00:00, 9313.73it/s, Materializing param=layer.15.expand_1x1.normalization.running_mean]
Loading weights:  98%|█████████▊| 305/312 [00:00<00:00, 9324.34it/s, Materializing param=layer.15.expand_1x1.normalization.running_var] 
Loading weights:  98%|█████████▊| 305/312 [00:00<00:00, 9317.55it/s, Materializing param=layer.15.expand_1x1.normalization.running_var]
Loading weights:  98%|█████████▊| 306/312 [00:00<00:00, 9323.05it/s, Materializing param=layer.15.expand_1x1.normalization.weight]     
Loading weights:  98%|█████████▊| 306/312 [00:00<00:00, 9316.48it/s, Materializing param=layer.15.expand_1x1.normalization.weight]
Loading weights:  98%|█████████▊| 307/312 [00:00<00:00, 9336.35it/s, Materializing param=layer.15.reduce_1x1.convolution.weight]  
Loading weights:  98%|█████████▊| 307/312 [00:00<00:00, 9330.74it/s, Materializing param=layer.15.reduce_1x1.convolution.weight]
Loading weights:  99%|█████████▊| 308/312 [00:00<00:00, 9325.39it/s, Materializing param=layer.15.reduce_1x1.normalization.bias]
Loading weights:  99%|█████████▊| 308/312 [00:00<00:00, 9318.59it/s, Materializing param=layer.15.reduce_1x1.normalization.bias]
Loading weights:  99%|█████████▉| 309/312 [00:00<00:00, 9336.99it/s, Materializing param=layer.15.reduce_1x1.normalization.num_batches_tracked]
Loading weights:  99%|█████████▉| 309/312 [00:00<00:00, 9330.81it/s, Materializing param=layer.15.reduce_1x1.normalization.num_batches_tracked]
Loading weights:  99%|█████████▉| 310/312 [00:00<00:00, 9350.30it/s, Materializing param=layer.15.reduce_1x1.normalization.running_mean]       
Loading weights:  99%|█████████▉| 310/312 [00:00<00:00, 9344.66it/s, Materializing param=layer.15.reduce_1x1.normalization.running_mean]
Loading weights: 100%|█████████▉| 311/312 [00:00<00:00, 9361.21it/s, Materializing param=layer.15.reduce_1x1.normalization.running_var] 
Loading weights: 100%|█████████▉| 311/312 [00:00<00:00, 9355.91it/s, Materializing param=layer.15.reduce_1x1.normalization.running_var]
Loading weights: 100%|██████████| 312/312 [00:00<00:00, 9376.98it/s, Materializing param=layer.15.reduce_1x1.normalization.weight]     
Loading weights: 100%|██████████| 312/312 [00:00<00:00, 9371.61it/s, Materializing param=layer.15.reduce_1x1.normalization.weight]
Loading weights: 100%|██████████| 312/312 [00:00<00:00, 9355.86it/s, Materializing param=layer.15.reduce_1x1.normalization.weight]
MobileNetV2Model LOAD REPORT from: google/mobilenet_v2_1.0_224
Key               | Status     |  | 
------------------+------------+--+-
classifier.weight | UNEXPECTED |  | 
classifier.bias   | UNEXPECTED |  | 

Notes:
- UNEXPECTED	:can be ignored when loading from different task/architecture; not ok if you expect identical arch.
/Users/zakkeown/.pyenv/versions/3.11.14/lib/python3.11/site-packages/torchaudio/functional/functional.py:581: UserWarning: At least one mel filterbank has all zero values. The value for `n_mels` (128) may be set too high. Or, the value for `n_freqs` (201) may be set too low.
  warnings.warn(
Error executing job with overrides: ['model=efficientat', 'strategy=adalora', 'data=tiny', 'training.max_epochs=5', 'augmentation.specaugment=false', 'augmentation.mixup=false', 'wandb.mode=offline', 'wandb.tags=[efficientat,adalora,sweep]']
Traceback (most recent call last):
  File "/Users/zakkeown/Code/SOUSAphone/.worktrees/training-pipeline-implementation/train.py", line 70, in main
    classifier = SOUSAClassifier(model, cfg)
                 ^^^^^^^^^^^^^^^^^^^^^^^^^^^
  File "/Users/zakkeown/Code/SOUSAphone/.worktrees/training-pipeline-implementation/sousa/training/module.py", line 82, in __init__
    self.model = get_peft_model(self.model, peft_config)
                 ^^^^^^^^^^^^^^^^^^^^^^^^^^^^^^^^^^^^^^^
  File "/Users/zakkeown/.pyenv/versions/3.11.14/lib/python3.11/site-packages/peft/mapping_func.py", line 122, in get_peft_model
    return MODEL_TYPE_TO_PEFT_MODEL_MAPPING[peft_config.task_type](
           ^^^^^^^^^^^^^^^^^^^^^^^^^^^^^^^^^^^^^^^^^^^^^^^^^^^^^^^^
  File "/Users/zakkeown/.pyenv/versions/3.11.14/lib/python3.11/site-packages/peft/peft_model.py", line 2966, in __init__
    super().__init__(model, peft_config, adapter_name, **kwargs)
  File "/Users/zakkeown/.pyenv/versions/3.11.14/lib/python3.11/site-packages/peft/peft_model.py", line 129, in __init__
    self.base_model = cls(model, {adapter_name: peft_config}, adapter_name)
                      ^^^^^^^^^^^^^^^^^^^^^^^^^^^^^^^^^^^^^^^^^^^^^^^^^^^^^
  File "/Users/zakkeown/.pyenv/versions/3.11.14/lib/python3.11/site-packages/peft/tuners/adalora/model.py", line 70, in __init__
    super().__init__(model, config, adapter_name, **kwargs)
  File "/Users/zakkeown/.pyenv/versions/3.11.14/lib/python3.11/site-packages/peft/tuners/tuners_utils.py", line 298, in __init__
    self.inject_adapter(self.model, adapter_name, low_cpu_mem_usage=low_cpu_mem_usage, state_dict=state_dict)
  File "/Users/zakkeown/.pyenv/versions/3.11.14/lib/python3.11/site-packages/peft/tuners/tuners_utils.py", line 880, in inject_adapter
    raise ValueError(error_msg)
ValueError: Target modules {'attention.key', 'attention.query', 'attention.value'} not found in the base model. Please check the target modules and try again.

Set the environment variable HYDRA_FULL_ERROR=1 for a complete stack trace.
