Seed set to 42
[2026-02-01 14:59:11,128][httpx][INFO] - HTTP Request: HEAD https://huggingface.co/google/mobilenet_v2_1.0_224/resolve/main/config.json "HTTP/1.1 307 Temporary Redirect"
Warning: You are sending unauthenticated requests to the HF Hub. Please set a HF_TOKEN to enable higher rate limits and faster downloads.
[2026-02-01 14:59:11,128][huggingface_hub.utils._http][WARNING] - Warning: You are sending unauthenticated requests to the HF Hub. Please set a HF_TOKEN to enable higher rate limits and faster downloads.
[2026-02-01 14:59:11,161][httpx][INFO] - HTTP Request: HEAD https://huggingface.co/api/resolve-cache/models/google/mobilenet_v2_1.0_224/75e607b00aeae1297cc89d026a118bce012f5c5a/config.json "HTTP/1.1 200 OK"
[2026-02-01 14:59:11,250][httpx][INFO] - HTTP Request: HEAD https://huggingface.co/google/mobilenet_v2_1.0_224/resolve/main/config.json "HTTP/1.1 307 Temporary Redirect"
[2026-02-01 14:59:11,282][httpx][INFO] - HTTP Request: HEAD https://huggingface.co/api/resolve-cache/models/google/mobilenet_v2_1.0_224/75e607b00aeae1297cc89d026a118bce012f5c5a/config.json "HTTP/1.1 200 OK"
[2026-02-01 14:59:11,364][httpx][INFO] - HTTP Request: HEAD https://huggingface.co/google/mobilenet_v2_1.0_224/resolve/main/model.safetensors "HTTP/1.1 302 Found"

Loading weights:   0%|          | 0/312 [00:00<?, ?it/s]
Loading weights:   0%|          | 1/312 [00:00<00:00, 5077.85it/s, Materializing param=conv_1x1.convolution.weight]
Loading weights:   0%|          | 1/312 [00:00<00:00, 4132.32it/s, Materializing param=conv_1x1.convolution.weight]
Loading weights:   1%|          | 2/312 [00:00<00:00, 4319.57it/s, Materializing param=conv_1x1.normalization.bias]
Loading weights:   1%|          | 2/312 [00:00<00:00, 4088.02it/s, Materializing param=conv_1x1.normalization.bias]
Loading weights:   1%|          | 3/312 [00:00<00:00, 5356.71it/s, Materializing param=conv_1x1.normalization.num_batches_tracked]
Loading weights:   1%|          | 3/312 [00:00<00:00, 5102.56it/s, Materializing param=conv_1x1.normalization.num_batches_tracked]
Loading weights:   1%|▏         | 4/312 [00:00<00:00, 6107.47it/s, Materializing param=conv_1x1.normalization.running_mean]       
Loading weights:   1%|▏         | 4/312 [00:00<00:00, 5666.06it/s, Materializing param=conv_1x1.normalization.running_mean]
Loading weights:   2%|▏         | 5/312 [00:00<00:00, 6596.89it/s, Materializing param=conv_1x1.normalization.running_var] 
Loading weights:   2%|▏         | 5/312 [00:00<00:00, 6385.97it/s, Materializing param=conv_1x1.normalization.running_var]
Loading weights:   2%|▏         | 6/312 [00:00<00:00, 7202.58it/s, Materializing param=conv_1x1.normalization.weight]     
Loading weights:   2%|▏         | 6/312 [00:00<00:00, 7009.98it/s, Materializing param=conv_1x1.normalization.weight]
Loading weights:   2%|▏         | 7/312 [00:00<00:00, 7718.23it/s, Materializing param=conv_stem.conv_3x3.convolution.weight]
Loading weights:   2%|▏         | 7/312 [00:00<00:00, 7526.31it/s, Materializing param=conv_stem.conv_3x3.convolution.weight]
Loading weights:   3%|▎         | 8/312 [00:00<00:00, 7715.44it/s, Materializing param=conv_stem.conv_3x3.normalization.bias]
Loading weights:   3%|▎         | 8/312 [00:00<00:00, 7400.62it/s, Materializing param=conv_stem.conv_3x3.normalization.bias]
Loading weights:   3%|▎         | 9/312 [00:00<00:00, 7725.90it/s, Materializing param=conv_stem.conv_3x3.normalization.num_batches_tracked]
Loading weights:   3%|▎         | 9/312 [00:00<00:00, 7473.52it/s, Materializing param=conv_stem.conv_3x3.normalization.num_batches_tracked]
Loading weights:   3%|▎         | 10/312 [00:00<00:00, 7873.67it/s, Materializing param=conv_stem.conv_3x3.normalization.running_mean]      
Loading weights:   3%|▎         | 10/312 [00:00<00:00, 7687.51it/s, Materializing param=conv_stem.conv_3x3.normalization.running_mean]
Loading weights:   4%|▎         | 11/312 [00:00<00:00, 8189.09it/s, Materializing param=conv_stem.conv_3x3.normalization.running_var] 
Loading weights:   4%|▎         | 11/312 [00:00<00:00, 8047.68it/s, Materializing param=conv_stem.conv_3x3.normalization.running_var]
Loading weights:   4%|▍         | 12/312 [00:00<00:00, 8516.35it/s, Materializing param=conv_stem.conv_3x3.normalization.weight]     
Loading weights:   4%|▍         | 12/312 [00:00<00:00, 8385.81it/s, Materializing param=conv_stem.conv_3x3.normalization.weight]
Loading weights:   4%|▍         | 13/312 [00:00<00:00, 8835.84it/s, Materializing param=conv_stem.first_conv.convolution.weight]
Loading weights:   4%|▍         | 13/312 [00:00<00:00, 8707.43it/s, Materializing param=conv_stem.first_conv.convolution.weight]
Loading weights:   4%|▍         | 14/312 [00:00<00:00, 8956.72it/s, Materializing param=conv_stem.first_conv.normalization.bias]
Loading weights:   4%|▍         | 14/312 [00:00<00:00, 8794.41it/s, Materializing param=conv_stem.first_conv.normalization.bias]
Loading weights:   5%|▍         | 15/312 [00:00<00:00, 9112.77it/s, Materializing param=conv_stem.first_conv.normalization.num_batches_tracked]
Loading weights:   5%|▍         | 15/312 [00:00<00:00, 8981.38it/s, Materializing param=conv_stem.first_conv.normalization.num_batches_tracked]
Loading weights:   5%|▌         | 16/312 [00:00<00:00, 9340.13it/s, Materializing param=conv_stem.first_conv.normalization.running_mean]       
Loading weights:   5%|▌         | 16/312 [00:00<00:00, 9210.66it/s, Materializing param=conv_stem.first_conv.normalization.running_mean]
Loading weights:   5%|▌         | 17/312 [00:00<00:00, 9512.16it/s, Materializing param=conv_stem.first_conv.normalization.running_var] 
Loading weights:   5%|▌         | 17/312 [00:00<00:00, 9396.83it/s, Materializing param=conv_stem.first_conv.normalization.running_var]
Loading weights:   6%|▌         | 18/312 [00:00<00:00, 9671.72it/s, Materializing param=conv_stem.first_conv.normalization.weight]     
Loading weights:   6%|▌         | 18/312 [00:00<00:00, 9559.06it/s, Materializing param=conv_stem.first_conv.normalization.weight]
Loading weights:   6%|▌         | 19/312 [00:00<00:00, 9886.09it/s, Materializing param=conv_stem.reduce_1x1.convolution.weight]  
Loading weights:   6%|▌         | 19/312 [00:00<00:00, 9779.33it/s, Materializing param=conv_stem.reduce_1x1.convolution.weight]
Loading weights:   6%|▋         | 20/312 [00:00<00:00, 8554.57it/s, Materializing param=conv_stem.reduce_1x1.normalization.bias]
Loading weights:   6%|▋         | 20/312 [00:00<00:00, 8396.16it/s, Materializing param=conv_stem.reduce_1x1.normalization.bias]
Loading weights:   7%|▋         | 21/312 [00:00<00:00, 8515.94it/s, Materializing param=conv_stem.reduce_1x1.normalization.num_batches_tracked]
Loading weights:   7%|▋         | 21/312 [00:00<00:00, 8419.88it/s, Materializing param=conv_stem.reduce_1x1.normalization.num_batches_tracked]
Loading weights:   7%|▋         | 22/312 [00:00<00:00, 8410.02it/s, Materializing param=conv_stem.reduce_1x1.normalization.running_mean]       
Loading weights:   7%|▋         | 22/312 [00:00<00:00, 8270.56it/s, Materializing param=conv_stem.reduce_1x1.normalization.running_mean]
Loading weights:   7%|▋         | 23/312 [00:00<00:00, 8461.45it/s, Materializing param=conv_stem.reduce_1x1.normalization.running_var] 
Loading weights:   7%|▋         | 23/312 [00:00<00:00, 8379.14it/s, Materializing param=conv_stem.reduce_1x1.normalization.running_var]
Loading weights:   8%|▊         | 24/312 [00:00<00:00, 8567.82it/s, Materializing param=conv_stem.reduce_1x1.normalization.weight]     
Loading weights:   8%|▊         | 24/312 [00:00<00:00, 8498.38it/s, Materializing param=conv_stem.reduce_1x1.normalization.weight]
Loading weights:   8%|▊         | 25/312 [00:00<00:00, 8680.98it/s, Materializing param=layer.0.conv_3x3.convolution.weight]      
Loading weights:   8%|▊         | 25/312 [00:00<00:00, 8611.83it/s, Materializing param=layer.0.conv_3x3.convolution.weight]
Loading weights:   8%|▊         | 26/312 [00:00<00:00, 8715.79it/s, Materializing param=layer.0.conv_3x3.normalization.bias]
Loading weights:   8%|▊         | 26/312 [00:00<00:00, 8637.77it/s, Materializing param=layer.0.conv_3x3.normalization.bias]
Loading weights:   9%|▊         | 27/312 [00:00<00:00, 8797.19it/s, Materializing param=layer.0.conv_3x3.normalization.num_batches_tracked]
Loading weights:   9%|▊         | 27/312 [00:00<00:00, 8729.38it/s, Materializing param=layer.0.conv_3x3.normalization.num_batches_tracked]
Loading weights:   9%|▉         | 28/312 [00:00<00:00, 8886.24it/s, Materializing param=layer.0.conv_3x3.normalization.running_mean]       
Loading weights:   9%|▉         | 28/312 [00:00<00:00, 8824.14it/s, Materializing param=layer.0.conv_3x3.normalization.running_mean]
Loading weights:   9%|▉         | 29/312 [00:00<00:00, 9028.71it/s, Materializing param=layer.0.conv_3x3.normalization.running_var] 
Loading weights:   9%|▉         | 29/312 [00:00<00:00, 8972.77it/s, Materializing param=layer.0.conv_3x3.normalization.running_var]
Loading weights:  10%|▉         | 30/312 [00:00<00:00, 9173.89it/s, Materializing param=layer.0.conv_3x3.normalization.weight]     
Loading weights:  10%|▉         | 30/312 [00:00<00:00, 9115.41it/s, Materializing param=layer.0.conv_3x3.normalization.weight]
Loading weights:  10%|▉         | 31/312 [00:00<00:00, 9309.33it/s, Materializing param=layer.0.expand_1x1.convolution.weight]
Loading weights:  10%|▉         | 31/312 [00:00<00:00, 9251.04it/s, Materializing param=layer.0.expand_1x1.convolution.weight]
Loading weights:  10%|█         | 32/312 [00:00<00:00, 9370.78it/s, Materializing param=layer.0.expand_1x1.normalization.bias]
Loading weights:  10%|█         | 32/312 [00:00<00:00, 9313.56it/s, Materializing param=layer.0.expand_1x1.normalization.bias]
Loading weights:  11%|█         | 33/312 [00:00<00:00, 8713.93it/s, Materializing param=layer.0.expand_1x1.normalization.num_batches_tracked]
Loading weights:  11%|█         | 33/312 [00:00<00:00, 8647.51it/s, Materializing param=layer.0.expand_1x1.normalization.num_batches_tracked]
Loading weights:  11%|█         | 34/312 [00:00<00:00, 8789.84it/s, Materializing param=layer.0.expand_1x1.normalization.running_mean]       
Loading weights:  11%|█         | 34/312 [00:00<00:00, 8737.60it/s, Materializing param=layer.0.expand_1x1.normalization.running_mean]
Loading weights:  11%|█         | 35/312 [00:00<00:00, 8878.71it/s, Materializing param=layer.0.expand_1x1.normalization.running_var] 
Loading weights:  11%|█         | 35/312 [00:00<00:00, 8829.05it/s, Materializing param=layer.0.expand_1x1.normalization.running_var]
Loading weights:  12%|█▏        | 36/312 [00:00<00:00, 8997.97it/s, Materializing param=layer.0.expand_1x1.normalization.weight]     
Loading weights:  12%|█▏        | 36/312 [00:00<00:00, 8951.03it/s, Materializing param=layer.0.expand_1x1.normalization.weight]
Loading weights:  12%|█▏        | 37/312 [00:00<00:00, 9104.68it/s, Materializing param=layer.0.reduce_1x1.convolution.weight]  
Loading weights:  12%|█▏        | 37/312 [00:00<00:00, 9057.91it/s, Materializing param=layer.0.reduce_1x1.convolution.weight]
Loading weights:  12%|█▏        | 38/312 [00:00<00:00, 9077.55it/s, Materializing param=layer.0.reduce_1x1.normalization.bias]
Loading weights:  12%|█▏        | 38/312 [00:00<00:00, 9013.38it/s, Materializing param=layer.0.reduce_1x1.normalization.bias]
Loading weights:  12%|█▎        | 39/312 [00:00<00:00, 9144.05it/s, Materializing param=layer.0.reduce_1x1.normalization.num_batches_tracked]
Loading weights:  12%|█▎        | 39/312 [00:00<00:00, 9093.22it/s, Materializing param=layer.0.reduce_1x1.normalization.num_batches_tracked]
Loading weights:  13%|█▎        | 40/312 [00:00<00:00, 9195.01it/s, Materializing param=layer.0.reduce_1x1.normalization.running_mean]       
Loading weights:  13%|█▎        | 40/312 [00:00<00:00, 9136.42it/s, Materializing param=layer.0.reduce_1x1.normalization.running_mean]
Loading weights:  13%|█▎        | 41/312 [00:00<00:00, 9269.43it/s, Materializing param=layer.0.reduce_1x1.normalization.running_var] 
Loading weights:  13%|█▎        | 41/312 [00:00<00:00, 9223.69it/s, Materializing param=layer.0.reduce_1x1.normalization.running_var]
Loading weights:  13%|█▎        | 42/312 [00:00<00:00, 9327.09it/s, Materializing param=layer.0.reduce_1x1.normalization.weight]     
Loading weights:  13%|█▎        | 42/312 [00:00<00:00, 9283.83it/s, Materializing param=layer.0.reduce_1x1.normalization.weight]
Loading weights:  14%|█▍        | 43/312 [00:00<00:00, 9423.43it/s, Materializing param=layer.1.conv_3x3.convolution.weight]    
Loading weights:  14%|█▍        | 43/312 [00:00<00:00, 9382.25it/s, Materializing param=layer.1.conv_3x3.convolution.weight]
Loading weights:  14%|█▍        | 44/312 [00:00<00:00, 9029.28it/s, Materializing param=layer.1.conv_3x3.normalization.bias]
Loading weights:  14%|█▍        | 44/312 [00:00<00:00, 8983.13it/s, Materializing param=layer.1.conv_3x3.normalization.bias]
Loading weights:  14%|█▍        | 45/312 [00:00<00:00, 9103.54it/s, Materializing param=layer.1.conv_3x3.normalization.num_batches_tracked]
Loading weights:  14%|█▍        | 45/312 [00:00<00:00, 9065.06it/s, Materializing param=layer.1.conv_3x3.normalization.num_batches_tracked]
Loading weights:  15%|█▍        | 46/312 [00:00<00:00, 8909.63it/s, Materializing param=layer.1.conv_3x3.normalization.running_mean]       
Loading weights:  15%|█▍        | 46/312 [00:00<00:00, 8869.90it/s, Materializing param=layer.1.conv_3x3.normalization.running_mean]
Loading weights:  15%|█▌        | 47/312 [00:00<00:00, 8993.26it/s, Materializing param=layer.1.conv_3x3.normalization.running_var] 
Loading weights:  15%|█▌        | 47/312 [00:00<00:00, 8956.08it/s, Materializing param=layer.1.conv_3x3.normalization.running_var]
Loading weights:  15%|█▌        | 48/312 [00:00<00:00, 9072.03it/s, Materializing param=layer.1.conv_3x3.normalization.weight]     
Loading weights:  15%|█▌        | 48/312 [00:00<00:00, 9034.58it/s, Materializing param=layer.1.conv_3x3.normalization.weight]
Loading weights:  16%|█▌        | 49/312 [00:00<00:00, 9148.49it/s, Materializing param=layer.1.expand_1x1.convolution.weight]
Loading weights:  16%|█▌        | 49/312 [00:00<00:00, 9111.18it/s, Materializing param=layer.1.expand_1x1.convolution.weight]
Loading weights:  16%|█▌        | 50/312 [00:00<00:00, 9212.99it/s, Materializing param=layer.1.expand_1x1.normalization.bias]
Loading weights:  16%|█▌        | 50/312 [00:00<00:00, 9177.51it/s, Materializing param=layer.1.expand_1x1.normalization.bias]
Loading weights:  16%|█▋        | 51/312 [00:00<00:00, 9254.14it/s, Materializing param=layer.1.expand_1x1.normalization.num_batches_tracked]
Loading weights:  16%|█▋        | 51/312 [00:00<00:00, 9217.06it/s, Materializing param=layer.1.expand_1x1.normalization.num_batches_tracked]
Loading weights:  17%|█▋        | 52/312 [00:00<00:00, 9298.82it/s, Materializing param=layer.1.expand_1x1.normalization.running_mean]       
Loading weights:  17%|█▋        | 52/312 [00:00<00:00, 9262.49it/s, Materializing param=layer.1.expand_1x1.normalization.running_mean]
Loading weights:  17%|█▋        | 53/312 [00:00<00:00, 9357.56it/s, Materializing param=layer.1.expand_1x1.normalization.running_var] 
Loading weights:  17%|█▋        | 53/312 [00:00<00:00, 9325.76it/s, Materializing param=layer.1.expand_1x1.normalization.running_var]
Loading weights:  17%|█▋        | 54/312 [00:00<00:00, 9440.72it/s, Materializing param=layer.1.expand_1x1.normalization.weight]     
Loading weights:  17%|█▋        | 54/312 [00:00<00:00, 9407.78it/s, Materializing param=layer.1.expand_1x1.normalization.weight]
Loading weights:  18%|█▊        | 55/312 [00:00<00:00, 9517.17it/s, Materializing param=layer.1.reduce_1x1.convolution.weight]  
Loading weights:  18%|█▊        | 55/312 [00:00<00:00, 9485.86it/s, Materializing param=layer.1.reduce_1x1.convolution.weight]
Loading weights:  18%|█▊        | 56/312 [00:00<00:00, 9541.80it/s, Materializing param=layer.1.reduce_1x1.normalization.bias]
Loading weights:  18%|█▊        | 56/312 [00:00<00:00, 9510.89it/s, Materializing param=layer.1.reduce_1x1.normalization.bias]
Loading weights:  18%|█▊        | 57/312 [00:00<00:00, 8773.41it/s, Materializing param=layer.1.reduce_1x1.normalization.num_batches_tracked]
Loading weights:  18%|█▊        | 57/312 [00:00<00:00, 8733.98it/s, Materializing param=layer.1.reduce_1x1.normalization.num_batches_tracked]
Loading weights:  19%|█▊        | 58/312 [00:00<00:00, 8818.59it/s, Materializing param=layer.1.reduce_1x1.normalization.running_mean]       
Loading weights:  19%|█▊        | 58/312 [00:00<00:00, 8790.55it/s, Materializing param=layer.1.reduce_1x1.normalization.running_mean]
Loading weights:  19%|█▉        | 59/312 [00:00<00:00, 8891.03it/s, Materializing param=layer.1.reduce_1x1.normalization.running_var] 
Loading weights:  19%|█▉        | 59/312 [00:00<00:00, 8863.00it/s, Materializing param=layer.1.reduce_1x1.normalization.running_var]
Loading weights:  19%|█▉        | 60/312 [00:00<00:00, 8963.15it/s, Materializing param=layer.1.reduce_1x1.normalization.weight]     
Loading weights:  19%|█▉        | 60/312 [00:00<00:00, 8933.87it/s, Materializing param=layer.1.reduce_1x1.normalization.weight]
Loading weights:  20%|█▉        | 61/312 [00:00<00:00, 9030.20it/s, Materializing param=layer.2.conv_3x3.convolution.weight]    
Loading weights:  20%|█▉        | 61/312 [00:00<00:00, 9002.24it/s, Materializing param=layer.2.conv_3x3.convolution.weight]
Loading weights:  20%|█▉        | 62/312 [00:00<00:00, 9083.97it/s, Materializing param=layer.2.conv_3x3.normalization.bias]
Loading weights:  20%|█▉        | 62/312 [00:00<00:00, 9054.87it/s, Materializing param=layer.2.conv_3x3.normalization.bias]
Loading weights:  20%|██        | 63/312 [00:00<00:00, 8934.91it/s, Materializing param=layer.2.conv_3x3.normalization.num_batches_tracked]
Loading weights:  20%|██        | 63/312 [00:00<00:00, 8903.30it/s, Materializing param=layer.2.conv_3x3.normalization.num_batches_tracked]
Loading weights:  21%|██        | 64/312 [00:00<00:00, 8987.39it/s, Materializing param=layer.2.conv_3x3.normalization.running_mean]       
Loading weights:  21%|██        | 64/312 [00:00<00:00, 8959.79it/s, Materializing param=layer.2.conv_3x3.normalization.running_mean]
Loading weights:  21%|██        | 65/312 [00:00<00:00, 9052.96it/s, Materializing param=layer.2.conv_3x3.normalization.running_var] 
Loading weights:  21%|██        | 65/312 [00:00<00:00, 9028.97it/s, Materializing param=layer.2.conv_3x3.normalization.running_var]
Loading weights:  21%|██        | 66/312 [00:00<00:00, 9122.26it/s, Materializing param=layer.2.conv_3x3.normalization.weight]     
Loading weights:  21%|██        | 66/312 [00:00<00:00, 9097.08it/s, Materializing param=layer.2.conv_3x3.normalization.weight]
Loading weights:  21%|██▏       | 67/312 [00:00<00:00, 9188.11it/s, Materializing param=layer.2.expand_1x1.convolution.weight]
Loading weights:  21%|██▏       | 67/312 [00:00<00:00, 9162.95it/s, Materializing param=layer.2.expand_1x1.convolution.weight]
Loading weights:  22%|██▏       | 68/312 [00:00<00:00, 9227.79it/s, Materializing param=layer.2.expand_1x1.normalization.bias]
Loading weights:  22%|██▏       | 68/312 [00:00<00:00, 9195.37it/s, Materializing param=layer.2.expand_1x1.normalization.bias]
Loading weights:  22%|██▏       | 69/312 [00:00<00:00, 9264.28it/s, Materializing param=layer.2.expand_1x1.normalization.num_batches_tracked]
Loading weights:  22%|██▏       | 69/312 [00:00<00:00, 9237.08it/s, Materializing param=layer.2.expand_1x1.normalization.num_batches_tracked]
Loading weights:  22%|██▏       | 70/312 [00:00<00:00, 9317.13it/s, Materializing param=layer.2.expand_1x1.normalization.running_mean]       
Loading weights:  22%|██▏       | 70/312 [00:00<00:00, 9292.36it/s, Materializing param=layer.2.expand_1x1.normalization.running_mean]
Loading weights:  23%|██▎       | 71/312 [00:00<00:00, 9379.09it/s, Materializing param=layer.2.expand_1x1.normalization.running_var] 
Loading weights:  23%|██▎       | 71/312 [00:00<00:00, 9354.35it/s, Materializing param=layer.2.expand_1x1.normalization.running_var]
Loading weights:  23%|██▎       | 72/312 [00:00<00:00, 9398.12it/s, Materializing param=layer.2.expand_1x1.normalization.weight]     
Loading weights:  23%|██▎       | 72/312 [00:00<00:00, 9372.46it/s, Materializing param=layer.2.expand_1x1.normalization.weight]
Loading weights:  23%|██▎       | 73/312 [00:00<00:00, 9453.34it/s, Materializing param=layer.2.reduce_1x1.convolution.weight]  
Loading weights:  23%|██▎       | 73/312 [00:00<00:00, 9430.05it/s, Materializing param=layer.2.reduce_1x1.convolution.weight]
Loading weights:  24%|██▎       | 74/312 [00:00<00:00, 9289.43it/s, Materializing param=layer.2.reduce_1x1.normalization.bias]
Loading weights:  24%|██▎       | 74/312 [00:00<00:00, 9259.23it/s, Materializing param=layer.2.reduce_1x1.normalization.bias]
Loading weights:  24%|██▍       | 75/312 [00:00<00:00, 9321.50it/s, Materializing param=layer.2.reduce_1x1.normalization.num_batches_tracked]
Loading weights:  24%|██▍       | 75/312 [00:00<00:00, 9292.32it/s, Materializing param=layer.2.reduce_1x1.normalization.num_batches_tracked]
Loading weights:  24%|██▍       | 76/312 [00:00<00:00, 9280.51it/s, Materializing param=layer.2.reduce_1x1.normalization.running_mean]       
Loading weights:  24%|██▍       | 76/312 [00:00<00:00, 9254.65it/s, Materializing param=layer.2.reduce_1x1.normalization.running_mean]
Loading weights:  25%|██▍       | 77/312 [00:00<00:00, 9332.26it/s, Materializing param=layer.2.reduce_1x1.normalization.running_var] 
Loading weights:  25%|██▍       | 77/312 [00:00<00:00, 9309.66it/s, Materializing param=layer.2.reduce_1x1.normalization.running_var]
Loading weights:  25%|██▌       | 78/312 [00:00<00:00, 9389.42it/s, Materializing param=layer.2.reduce_1x1.normalization.weight]     
Loading weights:  25%|██▌       | 78/312 [00:00<00:00, 9367.11it/s, Materializing param=layer.2.reduce_1x1.normalization.weight]
Loading weights:  25%|██▌       | 79/312 [00:00<00:00, 9444.21it/s, Materializing param=layer.3.conv_3x3.convolution.weight]    
Loading weights:  25%|██▌       | 79/312 [00:00<00:00, 9421.65it/s, Materializing param=layer.3.conv_3x3.convolution.weight]
Loading weights:  26%|██▌       | 80/312 [00:00<00:00, 9461.81it/s, Materializing param=layer.3.conv_3x3.normalization.bias]
Loading weights:  26%|██▌       | 80/312 [00:00<00:00, 9417.20it/s, Materializing param=layer.3.conv_3x3.normalization.bias]
Loading weights:  26%|██▌       | 81/312 [00:00<00:00, 9468.22it/s, Materializing param=layer.3.conv_3x3.normalization.num_batches_tracked]
Loading weights:  26%|██▌       | 81/312 [00:00<00:00, 9439.28it/s, Materializing param=layer.3.conv_3x3.normalization.num_batches_tracked]
Loading weights:  26%|██▋       | 82/312 [00:00<00:00, 9319.16it/s, Materializing param=layer.3.conv_3x3.normalization.running_mean]       
Loading weights:  26%|██▋       | 82/312 [00:00<00:00, 9291.72it/s, Materializing param=layer.3.conv_3x3.normalization.running_mean]
Loading weights:  27%|██▋       | 83/312 [00:00<00:00, 9360.52it/s, Materializing param=layer.3.conv_3x3.normalization.running_var] 
Loading weights:  27%|██▋       | 83/312 [00:00<00:00, 9337.43it/s, Materializing param=layer.3.conv_3x3.normalization.running_var]
Loading weights:  27%|██▋       | 84/312 [00:00<00:00, 9410.55it/s, Materializing param=layer.3.conv_3x3.normalization.weight]     
Loading weights:  27%|██▋       | 84/312 [00:00<00:00, 9389.48it/s, Materializing param=layer.3.conv_3x3.normalization.weight]
Loading weights:  27%|██▋       | 85/312 [00:00<00:00, 9442.13it/s, Materializing param=layer.3.expand_1x1.convolution.weight]
Loading weights:  27%|██▋       | 85/312 [00:00<00:00, 9421.17it/s, Materializing param=layer.3.expand_1x1.convolution.weight]
Loading weights:  28%|██▊       | 86/312 [00:00<00:00, 9486.88it/s, Materializing param=layer.3.expand_1x1.normalization.bias]
Loading weights:  28%|██▊       | 86/312 [00:00<00:00, 9467.21it/s, Materializing param=layer.3.expand_1x1.normalization.bias]
Loading weights:  28%|██▊       | 87/312 [00:00<00:00, 9531.02it/s, Materializing param=layer.3.expand_1x1.normalization.num_batches_tracked]
Loading weights:  28%|██▊       | 87/312 [00:00<00:00, 9509.16it/s, Materializing param=layer.3.expand_1x1.normalization.num_batches_tracked]
Loading weights:  28%|██▊       | 88/312 [00:00<00:00, 9570.57it/s, Materializing param=layer.3.expand_1x1.normalization.running_mean]       
Loading weights:  28%|██▊       | 88/312 [00:00<00:00, 9548.79it/s, Materializing param=layer.3.expand_1x1.normalization.running_mean]
Loading weights:  29%|██▊       | 89/312 [00:00<00:00, 9607.09it/s, Materializing param=layer.3.expand_1x1.normalization.running_var] 
Loading weights:  29%|██▊       | 89/312 [00:00<00:00, 9586.37it/s, Materializing param=layer.3.expand_1x1.normalization.running_var]
Loading weights:  29%|██▉       | 90/312 [00:00<00:00, 9655.40it/s, Materializing param=layer.3.expand_1x1.normalization.weight]     
Loading weights:  29%|██▉       | 90/312 [00:00<00:00, 9634.94it/s, Materializing param=layer.3.expand_1x1.normalization.weight]
Loading weights:  29%|██▉       | 91/312 [00:00<00:00, 9704.59it/s, Materializing param=layer.3.reduce_1x1.convolution.weight]  
Loading weights:  29%|██▉       | 91/312 [00:00<00:00, 9684.89it/s, Materializing param=layer.3.reduce_1x1.convolution.weight]
Loading weights:  29%|██▉       | 92/312 [00:00<00:00, 9728.13it/s, Materializing param=layer.3.reduce_1x1.normalization.bias]
Loading weights:  29%|██▉       | 92/312 [00:00<00:00, 9704.40it/s, Materializing param=layer.3.reduce_1x1.normalization.bias]
Loading weights:  30%|██▉       | 93/312 [00:00<00:00, 9428.14it/s, Materializing param=layer.3.reduce_1x1.normalization.num_batches_tracked]
Loading weights:  30%|██▉       | 93/312 [00:00<00:00, 9403.36it/s, Materializing param=layer.3.reduce_1x1.normalization.num_batches_tracked]
Loading weights:  30%|███       | 94/312 [00:00<00:00, 9431.04it/s, Materializing param=layer.3.reduce_1x1.normalization.running_mean]       
Loading weights:  30%|███       | 94/312 [00:00<00:00, 9408.31it/s, Materializing param=layer.3.reduce_1x1.normalization.running_mean]
Loading weights:  30%|███       | 95/312 [00:00<00:00, 9474.48it/s, Materializing param=layer.3.reduce_1x1.normalization.running_var] 
Loading weights:  30%|███       | 95/312 [00:00<00:00, 9456.27it/s, Materializing param=layer.3.reduce_1x1.normalization.running_var]
Loading weights:  31%|███       | 96/312 [00:00<00:00, 9522.81it/s, Materializing param=layer.3.reduce_1x1.normalization.weight]     
Loading weights:  31%|███       | 96/312 [00:00<00:00, 9504.16it/s, Materializing param=layer.3.reduce_1x1.normalization.weight]
Loading weights:  31%|███       | 97/312 [00:00<00:00, 9565.90it/s, Materializing param=layer.4.conv_3x3.convolution.weight]    
Loading weights:  31%|███       | 97/312 [00:00<00:00, 9548.17it/s, Materializing param=layer.4.conv_3x3.convolution.weight]
Loading weights:  31%|███▏      | 98/312 [00:00<00:00, 9577.82it/s, Materializing param=layer.4.conv_3x3.normalization.bias]
Loading weights:  31%|███▏      | 98/312 [00:00<00:00, 9553.34it/s, Materializing param=layer.4.conv_3x3.normalization.bias]
Loading weights:  32%|███▏      | 99/312 [00:00<00:00, 9550.27it/s, Materializing param=layer.4.conv_3x3.normalization.num_batches_tracked]
Loading weights:  32%|███▏      | 99/312 [00:00<00:00, 9529.45it/s, Materializing param=layer.4.conv_3x3.normalization.num_batches_tracked]
Loading weights:  32%|███▏      | 100/312 [00:00<00:00, 9584.13it/s, Materializing param=layer.4.conv_3x3.normalization.running_mean]      
Loading weights:  32%|███▏      | 100/312 [00:00<00:00, 9565.77it/s, Materializing param=layer.4.conv_3x3.normalization.running_mean]
Loading weights:  32%|███▏      | 101/312 [00:00<00:00, 9628.27it/s, Materializing param=layer.4.conv_3x3.normalization.running_var] 
Loading weights:  32%|███▏      | 101/312 [00:00<00:00, 9609.92it/s, Materializing param=layer.4.conv_3x3.normalization.running_var]
Loading weights:  33%|███▎      | 102/312 [00:00<00:00, 9672.82it/s, Materializing param=layer.4.conv_3x3.normalization.weight]     
Loading weights:  33%|███▎      | 102/312 [00:00<00:00, 9654.48it/s, Materializing param=layer.4.conv_3x3.normalization.weight]
Loading weights:  33%|███▎      | 103/312 [00:00<00:00, 9716.02it/s, Materializing param=layer.4.expand_1x1.convolution.weight]
Loading weights:  33%|███▎      | 103/312 [00:00<00:00, 9697.70it/s, Materializing param=layer.4.expand_1x1.convolution.weight]
Loading weights:  33%|███▎      | 104/312 [00:00<00:00, 9753.32it/s, Materializing param=layer.4.expand_1x1.normalization.bias]
Loading weights:  33%|███▎      | 104/312 [00:00<00:00, 9735.04it/s, Materializing param=layer.4.expand_1x1.normalization.bias]
Loading weights:  34%|███▎      | 105/312 [00:00<00:00, 9790.19it/s, Materializing param=layer.4.expand_1x1.normalization.num_batches_tracked]
Loading weights:  34%|███▎      | 105/312 [00:00<00:00, 9771.94it/s, Materializing param=layer.4.expand_1x1.normalization.num_batches_tracked]
Loading weights:  34%|███▍      | 106/312 [00:00<00:00, 9828.59it/s, Materializing param=layer.4.expand_1x1.normalization.running_mean]       
Loading weights:  34%|███▍      | 106/312 [00:00<00:00, 9810.37it/s, Materializing param=layer.4.expand_1x1.normalization.running_mean]
Loading weights:  34%|███▍      | 107/312 [00:00<00:00, 9869.82it/s, Materializing param=layer.4.expand_1x1.normalization.running_var] 
Loading weights:  34%|███▍      | 107/312 [00:00<00:00, 9851.84it/s, Materializing param=layer.4.expand_1x1.normalization.running_var]
Loading weights:  35%|███▍      | 108/312 [00:00<00:00, 9910.84it/s, Materializing param=layer.4.expand_1x1.normalization.weight]     
Loading weights:  35%|███▍      | 108/312 [00:00<00:00, 9893.74it/s, Materializing param=layer.4.expand_1x1.normalization.weight]
Loading weights:  35%|███▍      | 109/312 [00:00<00:00, 9945.16it/s, Materializing param=layer.4.reduce_1x1.convolution.weight]  
Loading weights:  35%|███▍      | 109/312 [00:00<00:00, 9927.02it/s, Materializing param=layer.4.reduce_1x1.convolution.weight]
Loading weights:  35%|███▌      | 110/312 [00:00<00:00, 9976.29it/s, Materializing param=layer.4.reduce_1x1.normalization.bias]
Loading weights:  35%|███▌      | 110/312 [00:00<00:00, 9958.20it/s, Materializing param=layer.4.reduce_1x1.normalization.bias]
Loading weights:  36%|███▌      | 111/312 [00:00<00:00, 10010.70it/s, Materializing param=layer.4.reduce_1x1.normalization.num_batches_tracked]
Loading weights:  36%|███▌      | 111/312 [00:00<00:00, 9992.87it/s, Materializing param=layer.4.reduce_1x1.normalization.num_batches_tracked] 
Loading weights:  36%|███▌      | 112/312 [00:00<00:00, 10045.81it/s, Materializing param=layer.4.reduce_1x1.normalization.running_mean]      
Loading weights:  36%|███▌      | 112/312 [00:00<00:00, 10027.79it/s, Materializing param=layer.4.reduce_1x1.normalization.running_mean]
Loading weights:  36%|███▌      | 113/312 [00:00<00:00, 10086.54it/s, Materializing param=layer.4.reduce_1x1.normalization.running_var] 
Loading weights:  36%|███▌      | 113/312 [00:00<00:00, 10068.54it/s, Materializing param=layer.4.reduce_1x1.normalization.running_var]
Loading weights:  37%|███▋      | 114/312 [00:00<00:00, 10127.95it/s, Materializing param=layer.4.reduce_1x1.normalization.weight]     
Loading weights:  37%|███▋      | 114/312 [00:00<00:00, 10109.96it/s, Materializing param=layer.4.reduce_1x1.normalization.weight]
Loading weights:  37%|███▋      | 115/312 [00:00<00:00, 10165.12it/s, Materializing param=layer.5.conv_3x3.convolution.weight]    
Loading weights:  37%|███▋      | 115/312 [00:00<00:00, 10147.37it/s, Materializing param=layer.5.conv_3x3.convolution.weight]
Loading weights:  37%|███▋      | 116/312 [00:00<00:00, 10189.73it/s, Materializing param=layer.5.conv_3x3.normalization.bias]
Loading weights:  37%|███▋      | 116/312 [00:00<00:00, 10171.84it/s, Materializing param=layer.5.conv_3x3.normalization.bias]
Loading weights:  38%|███▊      | 117/312 [00:00<00:00, 10222.98it/s, Materializing param=layer.5.conv_3x3.normalization.num_batches_tracked]
Loading weights:  38%|███▊      | 117/312 [00:00<00:00, 10204.91it/s, Materializing param=layer.5.conv_3x3.normalization.num_batches_tracked]
Loading weights:  38%|███▊      | 118/312 [00:00<00:00, 10257.15it/s, Materializing param=layer.5.conv_3x3.normalization.running_mean]       
Loading weights:  38%|███▊      | 118/312 [00:00<00:00, 10240.38it/s, Materializing param=layer.5.conv_3x3.normalization.running_mean]
Loading weights:  38%|███▊      | 119/312 [00:00<00:00, 10295.00it/s, Materializing param=layer.5.conv_3x3.normalization.running_var] 
Loading weights:  38%|███▊      | 119/312 [00:00<00:00, 10278.04it/s, Materializing param=layer.5.conv_3x3.normalization.running_var]
Loading weights:  38%|███▊      | 120/312 [00:00<00:00, 10322.53it/s, Materializing param=layer.5.conv_3x3.normalization.weight]     
Loading weights:  38%|███▊      | 120/312 [00:00<00:00, 10304.78it/s, Materializing param=layer.5.conv_3x3.normalization.weight]
Loading weights:  39%|███▉      | 121/312 [00:00<00:00, 10361.17it/s, Materializing param=layer.5.expand_1x1.convolution.weight]
Loading weights:  39%|███▉      | 121/312 [00:00<00:00, 10343.64it/s, Materializing param=layer.5.expand_1x1.convolution.weight]
Loading weights:  39%|███▉      | 122/312 [00:00<00:00, 10394.38it/s, Materializing param=layer.5.expand_1x1.normalization.bias]
Loading weights:  39%|███▉      | 122/312 [00:00<00:00, 10376.89it/s, Materializing param=layer.5.expand_1x1.normalization.bias]
Loading weights:  39%|███▉      | 123/312 [00:00<00:00, 10427.05it/s, Materializing param=layer.5.expand_1x1.normalization.num_batches_tracked]
Loading weights:  39%|███▉      | 123/312 [00:00<00:00, 10409.59it/s, Materializing param=layer.5.expand_1x1.normalization.num_batches_tracked]
Loading weights:  40%|███▉      | 124/312 [00:00<00:00, 10459.61it/s, Materializing param=layer.5.expand_1x1.normalization.running_mean]       
Loading weights:  40%|███▉      | 124/312 [00:00<00:00, 10442.18it/s, Materializing param=layer.5.expand_1x1.normalization.running_mean]
Loading weights:  40%|████      | 125/312 [00:00<00:00, 10495.42it/s, Materializing param=layer.5.expand_1x1.normalization.running_var] 
Loading weights:  40%|████      | 125/312 [00:00<00:00, 10477.80it/s, Materializing param=layer.5.expand_1x1.normalization.running_var]
Loading weights:  40%|████      | 126/312 [00:00<00:00, 10533.41it/s, Materializing param=layer.5.expand_1x1.normalization.weight]     
Loading weights:  40%|████      | 126/312 [00:00<00:00, 10515.81it/s, Materializing param=layer.5.expand_1x1.normalization.weight]
Loading weights:  41%|████      | 127/312 [00:00<00:00, 10567.30it/s, Materializing param=layer.5.reduce_1x1.convolution.weight]  
Loading weights:  41%|████      | 127/312 [00:00<00:00, 10549.93it/s, Materializing param=layer.5.reduce_1x1.convolution.weight]
Loading weights:  41%|████      | 128/312 [00:00<00:00, 10580.20it/s, Materializing param=layer.5.reduce_1x1.normalization.bias]
Loading weights:  41%|████      | 128/312 [00:00<00:00, 10556.69it/s, Materializing param=layer.5.reduce_1x1.normalization.bias]
Loading weights:  41%|████▏     | 129/312 [00:00<00:00, 10586.70it/s, Materializing param=layer.5.reduce_1x1.normalization.num_batches_tracked]
Loading weights:  41%|████▏     | 129/312 [00:00<00:00, 10564.17it/s, Materializing param=layer.5.reduce_1x1.normalization.num_batches_tracked]
Loading weights:  42%|████▏     | 130/312 [00:00<00:00, 10606.30it/s, Materializing param=layer.5.reduce_1x1.normalization.running_mean]       
Loading weights:  42%|████▏     | 130/312 [00:00<00:00, 10588.18it/s, Materializing param=layer.5.reduce_1x1.normalization.running_mean]
Loading weights:  42%|████▏     | 131/312 [00:00<00:00, 10637.40it/s, Materializing param=layer.5.reduce_1x1.normalization.running_var] 
Loading weights:  42%|████▏     | 131/312 [00:00<00:00, 10620.13it/s, Materializing param=layer.5.reduce_1x1.normalization.running_var]
Loading weights:  42%|████▏     | 132/312 [00:00<00:00, 10670.88it/s, Materializing param=layer.5.reduce_1x1.normalization.weight]     
Loading weights:  42%|████▏     | 132/312 [00:00<00:00, 10652.82it/s, Materializing param=layer.5.reduce_1x1.normalization.weight]
Loading weights:  43%|████▎     | 133/312 [00:00<00:00, 10585.04it/s, Materializing param=layer.6.conv_3x3.convolution.weight]    
Loading weights:  43%|████▎     | 133/312 [00:00<00:00, 10564.00it/s, Materializing param=layer.6.conv_3x3.convolution.weight]
Loading weights:  43%|████▎     | 134/312 [00:00<00:00, 10603.67it/s, Materializing param=layer.6.conv_3x3.normalization.bias]
Loading weights:  43%|████▎     | 134/312 [00:00<00:00, 10586.09it/s, Materializing param=layer.6.conv_3x3.normalization.bias]
Loading weights:  43%|████▎     | 135/312 [00:00<00:00, 10590.69it/s, Materializing param=layer.6.conv_3x3.normalization.num_batches_tracked]
Loading weights:  43%|████▎     | 135/312 [00:00<00:00, 10570.91it/s, Materializing param=layer.6.conv_3x3.normalization.num_batches_tracked]
Loading weights:  44%|████▎     | 136/312 [00:00<00:00, 10615.13it/s, Materializing param=layer.6.conv_3x3.normalization.running_mean]       
Loading weights:  44%|████▎     | 136/312 [00:00<00:00, 10596.79it/s, Materializing param=layer.6.conv_3x3.normalization.running_mean]
Loading weights:  44%|████▍     | 137/312 [00:00<00:00, 10643.08it/s, Materializing param=layer.6.conv_3x3.normalization.running_var] 
Loading weights:  44%|████▍     | 137/312 [00:00<00:00, 10626.74it/s, Materializing param=layer.6.conv_3x3.normalization.running_var]
Loading weights:  44%|████▍     | 138/312 [00:00<00:00, 10675.28it/s, Materializing param=layer.6.conv_3x3.normalization.weight]     
Loading weights:  44%|████▍     | 138/312 [00:00<00:00, 10658.77it/s, Materializing param=layer.6.conv_3x3.normalization.weight]
Loading weights:  45%|████▍     | 139/312 [00:00<00:00, 10708.01it/s, Materializing param=layer.6.expand_1x1.convolution.weight]
Loading weights:  45%|████▍     | 139/312 [00:00<00:00, 10690.73it/s, Materializing param=layer.6.expand_1x1.convolution.weight]
Loading weights:  45%|████▍     | 140/312 [00:00<00:00, 10734.38it/s, Materializing param=layer.6.expand_1x1.normalization.bias]
Loading weights:  45%|████▍     | 140/312 [00:00<00:00, 10718.11it/s, Materializing param=layer.6.expand_1x1.normalization.bias]
Loading weights:  45%|████▌     | 141/312 [00:00<00:00, 10760.89it/s, Materializing param=layer.6.expand_1x1.normalization.num_batches_tracked]
Loading weights:  45%|████▌     | 141/312 [00:00<00:00, 10743.68it/s, Materializing param=layer.6.expand_1x1.normalization.num_batches_tracked]
Loading weights:  46%|████▌     | 142/312 [00:00<00:00, 10786.96it/s, Materializing param=layer.6.expand_1x1.normalization.running_mean]       
Loading weights:  46%|████▌     | 142/312 [00:00<00:00, 10770.77it/s, Materializing param=layer.6.expand_1x1.normalization.running_mean]
Loading weights:  46%|████▌     | 143/312 [00:00<00:00, 10817.67it/s, Materializing param=layer.6.expand_1x1.normalization.running_var] 
Loading weights:  46%|████▌     | 143/312 [00:00<00:00, 10802.27it/s, Materializing param=layer.6.expand_1x1.normalization.running_var]
Loading weights:  46%|████▌     | 144/312 [00:00<00:00, 10848.31it/s, Materializing param=layer.6.expand_1x1.normalization.weight]     
Loading weights:  46%|████▌     | 144/312 [00:00<00:00, 10831.97it/s, Materializing param=layer.6.expand_1x1.normalization.weight]
Loading weights:  46%|████▋     | 145/312 [00:00<00:00, 10879.29it/s, Materializing param=layer.6.reduce_1x1.convolution.weight]  
Loading weights:  46%|████▋     | 145/312 [00:00<00:00, 10862.97it/s, Materializing param=layer.6.reduce_1x1.convolution.weight]
Loading weights:  47%|████▋     | 146/312 [00:00<00:00, 10905.35it/s, Materializing param=layer.6.reduce_1x1.normalization.bias]
Loading weights:  47%|████▋     | 146/312 [00:00<00:00, 10889.65it/s, Materializing param=layer.6.reduce_1x1.normalization.bias]
Loading weights:  47%|████▋     | 147/312 [00:00<00:00, 10933.32it/s, Materializing param=layer.6.reduce_1x1.normalization.num_batches_tracked]
Loading weights:  47%|████▋     | 147/312 [00:00<00:00, 10917.25it/s, Materializing param=layer.6.reduce_1x1.normalization.num_batches_tracked]
Loading weights:  47%|████▋     | 148/312 [00:00<00:00, 10961.24it/s, Materializing param=layer.6.reduce_1x1.normalization.running_mean]       
Loading weights:  47%|████▋     | 148/312 [00:00<00:00, 10945.01it/s, Materializing param=layer.6.reduce_1x1.normalization.running_mean]
Loading weights:  48%|████▊     | 149/312 [00:00<00:00, 10991.25it/s, Materializing param=layer.6.reduce_1x1.normalization.running_var] 
Loading weights:  48%|████▊     | 149/312 [00:00<00:00, 10974.26it/s, Materializing param=layer.6.reduce_1x1.normalization.running_var]
Loading weights:  48%|████▊     | 150/312 [00:00<00:00, 11021.98it/s, Materializing param=layer.6.reduce_1x1.normalization.weight]     
Loading weights:  48%|████▊     | 150/312 [00:00<00:00, 11005.78it/s, Materializing param=layer.6.reduce_1x1.normalization.weight]
Loading weights:  48%|████▊     | 151/312 [00:00<00:00, 11051.70it/s, Materializing param=layer.7.conv_3x3.convolution.weight]    
Loading weights:  48%|████▊     | 151/312 [00:00<00:00, 11035.53it/s, Materializing param=layer.7.conv_3x3.convolution.weight]
Loading weights:  49%|████▊     | 152/312 [00:00<00:00, 11077.15it/s, Materializing param=layer.7.conv_3x3.normalization.bias]
Loading weights:  49%|████▊     | 152/312 [00:00<00:00, 11061.01it/s, Materializing param=layer.7.conv_3x3.normalization.bias]
Loading weights:  49%|████▉     | 153/312 [00:00<00:00, 11093.36it/s, Materializing param=layer.7.conv_3x3.normalization.num_batches_tracked]
Loading weights:  49%|████▉     | 153/312 [00:00<00:00, 11077.27it/s, Materializing param=layer.7.conv_3x3.normalization.num_batches_tracked]
Loading weights:  49%|████▉     | 154/312 [00:00<00:00, 11119.15it/s, Materializing param=layer.7.conv_3x3.normalization.running_mean]       
Loading weights:  49%|████▉     | 154/312 [00:00<00:00, 11103.10it/s, Materializing param=layer.7.conv_3x3.normalization.running_mean]
Loading weights:  50%|████▉     | 155/312 [00:00<00:00, 11147.03it/s, Materializing param=layer.7.conv_3x3.normalization.running_var] 
Loading weights:  50%|████▉     | 155/312 [00:00<00:00, 11131.00it/s, Materializing param=layer.7.conv_3x3.normalization.running_var]
Loading weights:  50%|█████     | 156/312 [00:00<00:00, 11175.45it/s, Materializing param=layer.7.conv_3x3.normalization.weight]     
Loading weights:  50%|█████     | 156/312 [00:00<00:00, 11160.39it/s, Materializing param=layer.7.conv_3x3.normalization.weight]
Loading weights:  50%|█████     | 157/312 [00:00<00:00, 11204.60it/s, Materializing param=layer.7.expand_1x1.convolution.weight]
Loading weights:  50%|█████     | 157/312 [00:00<00:00, 11188.61it/s, Materializing param=layer.7.expand_1x1.convolution.weight]
Loading weights:  51%|█████     | 158/312 [00:00<00:00, 11161.45it/s, Materializing param=layer.7.expand_1x1.normalization.bias]
Loading weights:  51%|█████     | 158/312 [00:00<00:00, 11142.50it/s, Materializing param=layer.7.expand_1x1.normalization.bias]
Loading weights:  51%|█████     | 159/312 [00:00<00:00, 11102.51it/s, Materializing param=layer.7.expand_1x1.normalization.num_batches_tracked]
Loading weights:  51%|█████     | 159/312 [00:00<00:00, 11083.87it/s, Materializing param=layer.7.expand_1x1.normalization.num_batches_tracked]
Loading weights:  51%|█████▏    | 160/312 [00:00<00:00, 11122.71it/s, Materializing param=layer.7.expand_1x1.normalization.running_mean]       
Loading weights:  51%|█████▏    | 160/312 [00:00<00:00, 11107.25it/s, Materializing param=layer.7.expand_1x1.normalization.running_mean]
Loading weights:  52%|█████▏    | 161/312 [00:00<00:00, 11097.32it/s, Materializing param=layer.7.expand_1x1.normalization.running_var] 
Loading weights:  52%|█████▏    | 161/312 [00:00<00:00, 11079.84it/s, Materializing param=layer.7.expand_1x1.normalization.running_var]
Loading weights:  52%|█████▏    | 162/312 [00:00<00:00, 11119.47it/s, Materializing param=layer.7.expand_1x1.normalization.weight]     
Loading weights:  52%|█████▏    | 162/312 [00:00<00:00, 11103.48it/s, Materializing param=layer.7.expand_1x1.normalization.weight]
Loading weights:  52%|█████▏    | 163/312 [00:00<00:00, 11143.79it/s, Materializing param=layer.7.reduce_1x1.convolution.weight]  
Loading weights:  52%|█████▏    | 163/312 [00:00<00:00, 11127.83it/s, Materializing param=layer.7.reduce_1x1.convolution.weight]
Loading weights:  53%|█████▎    | 164/312 [00:00<00:00, 11148.92it/s, Materializing param=layer.7.reduce_1x1.normalization.bias]
Loading weights:  53%|█████▎    | 164/312 [00:00<00:00, 11133.76it/s, Materializing param=layer.7.reduce_1x1.normalization.bias]
Loading weights:  53%|█████▎    | 165/312 [00:00<00:00, 11171.27it/s, Materializing param=layer.7.reduce_1x1.normalization.num_batches_tracked]
Loading weights:  53%|█████▎    | 165/312 [00:00<00:00, 11156.14it/s, Materializing param=layer.7.reduce_1x1.normalization.num_batches_tracked]
Loading weights:  53%|█████▎    | 166/312 [00:00<00:00, 11140.25it/s, Materializing param=layer.7.reduce_1x1.normalization.running_mean]       
Loading weights:  53%|█████▎    | 166/312 [00:00<00:00, 11122.99it/s, Materializing param=layer.7.reduce_1x1.normalization.running_mean]
Loading weights:  54%|█████▎    | 167/312 [00:00<00:00, 11163.06it/s, Materializing param=layer.7.reduce_1x1.normalization.running_var] 
Loading weights:  54%|█████▎    | 167/312 [00:00<00:00, 11148.14it/s, Materializing param=layer.7.reduce_1x1.normalization.running_var]
Loading weights:  54%|█████▍    | 168/312 [00:00<00:00, 11187.30it/s, Materializing param=layer.7.reduce_1x1.normalization.weight]     
Loading weights:  54%|█████▍    | 168/312 [00:00<00:00, 11172.40it/s, Materializing param=layer.7.reduce_1x1.normalization.weight]
Loading weights:  54%|█████▍    | 169/312 [00:00<00:00, 11129.32it/s, Materializing param=layer.8.conv_3x3.convolution.weight]    
Loading weights:  54%|█████▍    | 169/312 [00:00<00:00, 11112.57it/s, Materializing param=layer.8.conv_3x3.convolution.weight]
Loading weights:  54%|█████▍    | 170/312 [00:00<00:00, 11143.91it/s, Materializing param=layer.8.conv_3x3.normalization.bias]
Loading weights:  54%|█████▍    | 170/312 [00:00<00:00, 11128.60it/s, Materializing param=layer.8.conv_3x3.normalization.bias]
Loading weights:  55%|█████▍    | 171/312 [00:00<00:00, 11164.09it/s, Materializing param=layer.8.conv_3x3.normalization.num_batches_tracked]
Loading weights:  55%|█████▍    | 171/312 [00:00<00:00, 11148.65it/s, Materializing param=layer.8.conv_3x3.normalization.num_batches_tracked]
Loading weights:  55%|█████▌    | 172/312 [00:00<00:00, 11185.50it/s, Materializing param=layer.8.conv_3x3.normalization.running_mean]       
Loading weights:  55%|█████▌    | 172/312 [00:00<00:00, 11170.26it/s, Materializing param=layer.8.conv_3x3.normalization.running_mean]
Loading weights:  55%|█████▌    | 173/312 [00:00<00:00, 11056.31it/s, Materializing param=layer.8.conv_3x3.normalization.running_var] 
Loading weights:  55%|█████▌    | 173/312 [00:00<00:00, 11041.00it/s, Materializing param=layer.8.conv_3x3.normalization.running_var]
Loading weights:  56%|█████▌    | 174/312 [00:00<00:00, 11078.52it/s, Materializing param=layer.8.conv_3x3.normalization.weight]     
Loading weights:  56%|█████▌    | 174/312 [00:00<00:00, 11064.42it/s, Materializing param=layer.8.conv_3x3.normalization.weight]
Loading weights:  56%|█████▌    | 175/312 [00:00<00:00, 11102.59it/s, Materializing param=layer.8.expand_1x1.convolution.weight]
Loading weights:  56%|█████▌    | 175/312 [00:00<00:00, 11089.17it/s, Materializing param=layer.8.expand_1x1.convolution.weight]
Loading weights:  56%|█████▋    | 176/312 [00:00<00:00, 11122.96it/s, Materializing param=layer.8.expand_1x1.normalization.bias]
Loading weights:  56%|█████▋    | 176/312 [00:00<00:00, 11109.74it/s, Materializing param=layer.8.expand_1x1.normalization.bias]
Loading weights:  57%|█████▋    | 177/312 [00:00<00:00, 11146.02it/s, Materializing param=layer.8.expand_1x1.normalization.num_batches_tracked]
Loading weights:  57%|█████▋    | 177/312 [00:00<00:00, 11131.98it/s, Materializing param=layer.8.expand_1x1.normalization.num_batches_tracked]
Loading weights:  57%|█████▋    | 178/312 [00:00<00:00, 11114.54it/s, Materializing param=layer.8.expand_1x1.normalization.running_mean]       
Loading weights:  57%|█████▋    | 178/312 [00:00<00:00, 11098.52it/s, Materializing param=layer.8.expand_1x1.normalization.running_mean]
Loading weights:  57%|█████▋    | 179/312 [00:00<00:00, 11133.23it/s, Materializing param=layer.8.expand_1x1.normalization.running_var] 
Loading weights:  57%|█████▋    | 179/312 [00:00<00:00, 11119.38it/s, Materializing param=layer.8.expand_1x1.normalization.running_var]
Loading weights:  58%|█████▊    | 180/312 [00:00<00:00, 11155.72it/s, Materializing param=layer.8.expand_1x1.normalization.weight]     
Loading weights:  58%|█████▊    | 180/312 [00:00<00:00, 11142.72it/s, Materializing param=layer.8.expand_1x1.normalization.weight]
Loading weights:  58%|█████▊    | 181/312 [00:00<00:00, 11041.82it/s, Materializing param=layer.8.reduce_1x1.convolution.weight]  
Loading weights:  58%|█████▊    | 181/312 [00:00<00:00, 11026.42it/s, Materializing param=layer.8.reduce_1x1.convolution.weight]
Loading weights:  58%|█████▊    | 182/312 [00:00<00:00, 11018.84it/s, Materializing param=layer.8.reduce_1x1.normalization.bias]
Loading weights:  58%|█████▊    | 182/312 [00:00<00:00, 11005.66it/s, Materializing param=layer.8.reduce_1x1.normalization.bias]
Loading weights:  59%|█████▊    | 183/312 [00:00<00:00, 11037.32it/s, Materializing param=layer.8.reduce_1x1.normalization.num_batches_tracked]
Loading weights:  59%|█████▊    | 183/312 [00:00<00:00, 11023.38it/s, Materializing param=layer.8.reduce_1x1.normalization.num_batches_tracked]
Loading weights:  59%|█████▉    | 184/312 [00:00<00:00, 11057.73it/s, Materializing param=layer.8.reduce_1x1.normalization.running_mean]       
Loading weights:  59%|█████▉    | 184/312 [00:00<00:00, 11045.07it/s, Materializing param=layer.8.reduce_1x1.normalization.running_mean]
Loading weights:  59%|█████▉    | 185/312 [00:00<00:00, 11082.57it/s, Materializing param=layer.8.reduce_1x1.normalization.running_var] 
Loading weights:  59%|█████▉    | 185/312 [00:00<00:00, 11068.66it/s, Materializing param=layer.8.reduce_1x1.normalization.running_var]
Loading weights:  60%|█████▉    | 186/312 [00:00<00:00, 11105.20it/s, Materializing param=layer.8.reduce_1x1.normalization.weight]     
Loading weights:  60%|█████▉    | 186/312 [00:00<00:00, 11091.94it/s, Materializing param=layer.8.reduce_1x1.normalization.weight]
Loading weights:  60%|█████▉    | 187/312 [00:00<00:00, 11128.32it/s, Materializing param=layer.9.conv_3x3.convolution.weight]    
Loading weights:  60%|█████▉    | 187/312 [00:00<00:00, 11115.70it/s, Materializing param=layer.9.conv_3x3.convolution.weight]
Loading weights:  60%|██████    | 188/312 [00:00<00:00, 11147.34it/s, Materializing param=layer.9.conv_3x3.normalization.bias]
Loading weights:  60%|██████    | 188/312 [00:00<00:00, 11134.74it/s, Materializing param=layer.9.conv_3x3.normalization.bias]
Loading weights:  61%|██████    | 189/312 [00:00<00:00, 11168.27it/s, Materializing param=layer.9.conv_3x3.normalization.num_batches_tracked]
Loading weights:  61%|██████    | 189/312 [00:00<00:00, 11155.06it/s, Materializing param=layer.9.conv_3x3.normalization.num_batches_tracked]
Loading weights:  61%|██████    | 190/312 [00:00<00:00, 11188.42it/s, Materializing param=layer.9.conv_3x3.normalization.running_mean]       
Loading weights:  61%|██████    | 190/312 [00:00<00:00, 11175.09it/s, Materializing param=layer.9.conv_3x3.normalization.running_mean]
Loading weights:  61%|██████    | 191/312 [00:00<00:00, 11109.74it/s, Materializing param=layer.9.conv_3x3.normalization.running_var] 
Loading weights:  61%|██████    | 191/312 [00:00<00:00, 11096.81it/s, Materializing param=layer.9.conv_3x3.normalization.running_var]
Loading weights:  62%|██████▏   | 192/312 [00:00<00:00, 11132.86it/s, Materializing param=layer.9.conv_3x3.normalization.weight]     
Loading weights:  62%|██████▏   | 192/312 [00:00<00:00, 11120.71it/s, Materializing param=layer.9.conv_3x3.normalization.weight]
Loading weights:  62%|██████▏   | 193/312 [00:00<00:00, 11156.60it/s, Materializing param=layer.9.expand_1x1.convolution.weight]
Loading weights:  62%|██████▏   | 193/312 [00:00<00:00, 11144.47it/s, Materializing param=layer.9.expand_1x1.convolution.weight]
Loading weights:  62%|██████▏   | 194/312 [00:00<00:00, 11177.74it/s, Materializing param=layer.9.expand_1x1.normalization.bias]
Loading weights:  62%|██████▏   | 194/312 [00:00<00:00, 11166.09it/s, Materializing param=layer.9.expand_1x1.normalization.bias]
Loading weights:  62%|██████▎   | 195/312 [00:00<00:00, 11199.82it/s, Materializing param=layer.9.expand_1x1.normalization.num_batches_tracked]
Loading weights:  62%|██████▎   | 195/312 [00:00<00:00, 11185.73it/s, Materializing param=layer.9.expand_1x1.normalization.num_batches_tracked]
Loading weights:  63%|██████▎   | 196/312 [00:00<00:00, 11219.16it/s, Materializing param=layer.9.expand_1x1.normalization.running_mean]       
Loading weights:  63%|██████▎   | 196/312 [00:00<00:00, 11206.31it/s, Materializing param=layer.9.expand_1x1.normalization.running_mean]
Loading weights:  63%|██████▎   | 197/312 [00:00<00:00, 11241.57it/s, Materializing param=layer.9.expand_1x1.normalization.running_var] 
Loading weights:  63%|██████▎   | 197/312 [00:00<00:00, 11228.89it/s, Materializing param=layer.9.expand_1x1.normalization.running_var]
Loading weights:  63%|██████▎   | 198/312 [00:00<00:00, 11195.97it/s, Materializing param=layer.9.expand_1x1.normalization.weight]     
Loading weights:  63%|██████▎   | 198/312 [00:00<00:00, 11181.35it/s, Materializing param=layer.9.expand_1x1.normalization.weight]
Loading weights:  64%|██████▍   | 199/312 [00:00<00:00, 11213.06it/s, Materializing param=layer.9.reduce_1x1.convolution.weight]  
Loading weights:  64%|██████▍   | 199/312 [00:00<00:00, 11200.42it/s, Materializing param=layer.9.reduce_1x1.convolution.weight]
Loading weights:  64%|██████▍   | 200/312 [00:00<00:00, 11231.53it/s, Materializing param=layer.9.reduce_1x1.normalization.bias]
Loading weights:  64%|██████▍   | 200/312 [00:00<00:00, 11219.52it/s, Materializing param=layer.9.reduce_1x1.normalization.bias]
Loading weights:  64%|██████▍   | 201/312 [00:00<00:00, 11111.69it/s, Materializing param=layer.9.reduce_1x1.normalization.num_batches_tracked]
Loading weights:  64%|██████▍   | 201/312 [00:00<00:00, 11097.65it/s, Materializing param=layer.9.reduce_1x1.normalization.num_batches_tracked]
Loading weights:  65%|██████▍   | 202/312 [00:00<00:00, 10978.29it/s, Materializing param=layer.9.reduce_1x1.normalization.running_mean]       
Loading weights:  65%|██████▍   | 202/312 [00:00<00:00, 10963.94it/s, Materializing param=layer.9.reduce_1x1.normalization.running_mean]
Loading weights:  65%|██████▌   | 203/312 [00:00<00:00, 10994.88it/s, Materializing param=layer.9.reduce_1x1.normalization.running_var] 
Loading weights:  65%|██████▌   | 203/312 [00:00<00:00, 10982.40it/s, Materializing param=layer.9.reduce_1x1.normalization.running_var]
Loading weights:  65%|██████▌   | 204/312 [00:00<00:00, 11014.48it/s, Materializing param=layer.9.reduce_1x1.normalization.weight]     
Loading weights:  65%|██████▌   | 204/312 [00:00<00:00, 11003.29it/s, Materializing param=layer.9.reduce_1x1.normalization.weight]
Loading weights:  66%|██████▌   | 205/312 [00:00<00:00, 11036.37it/s, Materializing param=layer.10.conv_3x3.convolution.weight]   
Loading weights:  66%|██████▌   | 205/312 [00:00<00:00, 11024.48it/s, Materializing param=layer.10.conv_3x3.convolution.weight]
Loading weights:  66%|██████▌   | 206/312 [00:00<00:00, 11053.88it/s, Materializing param=layer.10.conv_3x3.normalization.bias]
Loading weights:  66%|██████▌   | 206/312 [00:00<00:00, 11042.58it/s, Materializing param=layer.10.conv_3x3.normalization.bias]
Loading weights:  66%|██████▋   | 207/312 [00:00<00:00, 11073.68it/s, Materializing param=layer.10.conv_3x3.normalization.num_batches_tracked]
Loading weights:  66%|██████▋   | 207/312 [00:00<00:00, 11061.83it/s, Materializing param=layer.10.conv_3x3.normalization.num_batches_tracked]
Loading weights:  67%|██████▋   | 208/312 [00:00<00:00, 11091.53it/s, Materializing param=layer.10.conv_3x3.normalization.running_mean]       
Loading weights:  67%|██████▋   | 208/312 [00:00<00:00, 11079.84it/s, Materializing param=layer.10.conv_3x3.normalization.running_mean]
Loading weights:  67%|██████▋   | 209/312 [00:00<00:00, 11112.36it/s, Materializing param=layer.10.conv_3x3.normalization.running_var] 
Loading weights:  67%|██████▋   | 209/312 [00:00<00:00, 11100.54it/s, Materializing param=layer.10.conv_3x3.normalization.running_var]
Loading weights:  67%|██████▋   | 210/312 [00:00<00:00, 11133.49it/s, Materializing param=layer.10.conv_3x3.normalization.weight]     
Loading weights:  67%|██████▋   | 210/312 [00:00<00:00, 11121.68it/s, Materializing param=layer.10.conv_3x3.normalization.weight]
Loading weights:  68%|██████▊   | 211/312 [00:00<00:00, 11153.38it/s, Materializing param=layer.10.expand_1x1.convolution.weight]
Loading weights:  68%|██████▊   | 211/312 [00:00<00:00, 11141.58it/s, Materializing param=layer.10.expand_1x1.convolution.weight]
Loading weights:  68%|██████▊   | 212/312 [00:00<00:00, 11171.46it/s, Materializing param=layer.10.expand_1x1.normalization.bias]
Loading weights:  68%|██████▊   | 212/312 [00:00<00:00, 11159.68it/s, Materializing param=layer.10.expand_1x1.normalization.bias]
Loading weights:  68%|██████▊   | 213/312 [00:00<00:00, 11189.29it/s, Materializing param=layer.10.expand_1x1.normalization.num_batches_tracked]
Loading weights:  68%|██████▊   | 213/312 [00:00<00:00, 11177.53it/s, Materializing param=layer.10.expand_1x1.normalization.num_batches_tracked]
Loading weights:  69%|██████▊   | 214/312 [00:00<00:00, 11208.27it/s, Materializing param=layer.10.expand_1x1.normalization.running_mean]       
Loading weights:  69%|██████▊   | 214/312 [00:00<00:00, 11197.09it/s, Materializing param=layer.10.expand_1x1.normalization.running_mean]
Loading weights:  69%|██████▉   | 215/312 [00:00<00:00, 11229.94it/s, Materializing param=layer.10.expand_1x1.normalization.running_var] 
Loading weights:  69%|██████▉   | 215/312 [00:00<00:00, 11218.34it/s, Materializing param=layer.10.expand_1x1.normalization.running_var]
Loading weights:  69%|██████▉   | 216/312 [00:00<00:00, 11250.09it/s, Materializing param=layer.10.expand_1x1.normalization.weight]     
Loading weights:  69%|██████▉   | 216/312 [00:00<00:00, 11238.23it/s, Materializing param=layer.10.expand_1x1.normalization.weight]
Loading weights:  70%|██████▉   | 217/312 [00:00<00:00, 11269.29it/s, Materializing param=layer.10.reduce_1x1.convolution.weight]  
Loading weights:  70%|██████▉   | 217/312 [00:00<00:00, 11258.14it/s, Materializing param=layer.10.reduce_1x1.convolution.weight]
Loading weights:  70%|██████▉   | 218/312 [00:00<00:00, 11286.42it/s, Materializing param=layer.10.reduce_1x1.normalization.bias]
Loading weights:  70%|██████▉   | 218/312 [00:00<00:00, 11274.87it/s, Materializing param=layer.10.reduce_1x1.normalization.bias]
Loading weights:  70%|███████   | 219/312 [00:00<00:00, 11303.18it/s, Materializing param=layer.10.reduce_1x1.normalization.num_batches_tracked]
Loading weights:  70%|███████   | 219/312 [00:00<00:00, 11290.95it/s, Materializing param=layer.10.reduce_1x1.normalization.num_batches_tracked]
Loading weights:  71%|███████   | 220/312 [00:00<00:00, 11320.80it/s, Materializing param=layer.10.reduce_1x1.normalization.running_mean]       
Loading weights:  71%|███████   | 220/312 [00:00<00:00, 11309.84it/s, Materializing param=layer.10.reduce_1x1.normalization.running_mean]
Loading weights:  71%|███████   | 221/312 [00:00<00:00, 11266.79it/s, Materializing param=layer.10.reduce_1x1.normalization.running_var] 
Loading weights:  71%|███████   | 221/312 [00:00<00:00, 11252.56it/s, Materializing param=layer.10.reduce_1x1.normalization.running_var]
Loading weights:  71%|███████   | 222/312 [00:00<00:00, 11281.57it/s, Materializing param=layer.10.reduce_1x1.normalization.weight]     
Loading weights:  71%|███████   | 222/312 [00:00<00:00, 11269.55it/s, Materializing param=layer.10.reduce_1x1.normalization.weight]
Loading weights:  71%|███████▏  | 223/312 [00:00<00:00, 11299.80it/s, Materializing param=layer.11.conv_3x3.convolution.weight]    
Loading weights:  71%|███████▏  | 223/312 [00:00<00:00, 11288.75it/s, Materializing param=layer.11.conv_3x3.convolution.weight]
Loading weights:  72%|███████▏  | 224/312 [00:00<00:00, 11314.93it/s, Materializing param=layer.11.conv_3x3.normalization.bias]
Loading weights:  72%|███████▏  | 224/312 [00:00<00:00, 11303.91it/s, Materializing param=layer.11.conv_3x3.normalization.bias]
Loading weights:  72%|███████▏  | 225/312 [00:00<00:00, 11331.60it/s, Materializing param=layer.11.conv_3x3.normalization.num_batches_tracked]
Loading weights:  72%|███████▏  | 225/312 [00:00<00:00, 11320.18it/s, Materializing param=layer.11.conv_3x3.normalization.num_batches_tracked]
Loading weights:  72%|███████▏  | 226/312 [00:00<00:00, 11346.54it/s, Materializing param=layer.11.conv_3x3.normalization.running_mean]       
Loading weights:  72%|███████▏  | 226/312 [00:00<00:00, 11335.69it/s, Materializing param=layer.11.conv_3x3.normalization.running_mean]
Loading weights:  73%|███████▎  | 227/312 [00:00<00:00, 11032.78it/s, Materializing param=layer.11.conv_3x3.normalization.running_var] 
Loading weights:  73%|███████▎  | 227/312 [00:00<00:00, 11013.51it/s, Materializing param=layer.11.conv_3x3.normalization.running_var]
Loading weights:  73%|███████▎  | 228/312 [00:00<00:00, 11038.53it/s, Materializing param=layer.11.conv_3x3.normalization.weight]     
Loading weights:  73%|███████▎  | 228/312 [00:00<00:00, 11026.70it/s, Materializing param=layer.11.conv_3x3.normalization.weight]
Loading weights:  73%|███████▎  | 229/312 [00:00<00:00, 11053.14it/s, Materializing param=layer.11.expand_1x1.convolution.weight]
Loading weights:  73%|███████▎  | 229/312 [00:00<00:00, 11041.96it/s, Materializing param=layer.11.expand_1x1.convolution.weight]
Loading weights:  74%|███████▎  | 230/312 [00:00<00:00, 10983.23it/s, Materializing param=layer.11.expand_1x1.normalization.bias]
Loading weights:  74%|███████▎  | 230/312 [00:00<00:00, 10970.61it/s, Materializing param=layer.11.expand_1x1.normalization.bias]
Loading weights:  74%|███████▍  | 231/312 [00:00<00:00, 10838.96it/s, Materializing param=layer.11.expand_1x1.normalization.num_batches_tracked]
Loading weights:  74%|███████▍  | 231/312 [00:00<00:00, 10825.76it/s, Materializing param=layer.11.expand_1x1.normalization.num_batches_tracked]
Loading weights:  74%|███████▍  | 232/312 [00:00<00:00, 10850.20it/s, Materializing param=layer.11.expand_1x1.normalization.running_mean]       
Loading weights:  74%|███████▍  | 232/312 [00:00<00:00, 10840.05it/s, Materializing param=layer.11.expand_1x1.normalization.running_mean]
Loading weights:  75%|███████▍  | 233/312 [00:00<00:00, 10868.97it/s, Materializing param=layer.11.expand_1x1.normalization.running_var] 
Loading weights:  75%|███████▍  | 233/312 [00:00<00:00, 10859.91it/s, Materializing param=layer.11.expand_1x1.normalization.running_var]
Loading weights:  75%|███████▌  | 234/312 [00:00<00:00, 10889.22it/s, Materializing param=layer.11.expand_1x1.normalization.weight]     
Loading weights:  75%|███████▌  | 234/312 [00:00<00:00, 10879.68it/s, Materializing param=layer.11.expand_1x1.normalization.weight]
Loading weights:  75%|███████▌  | 235/312 [00:00<00:00, 10908.89it/s, Materializing param=layer.11.reduce_1x1.convolution.weight]  
Loading weights:  75%|███████▌  | 235/312 [00:00<00:00, 10899.36it/s, Materializing param=layer.11.reduce_1x1.convolution.weight]
Loading weights:  76%|███████▌  | 236/312 [00:00<00:00, 10924.35it/s, Materializing param=layer.11.reduce_1x1.normalization.bias]
Loading weights:  76%|███████▌  | 236/312 [00:00<00:00, 10914.84it/s, Materializing param=layer.11.reduce_1x1.normalization.bias]
Loading weights:  76%|███████▌  | 237/312 [00:00<00:00, 10940.70it/s, Materializing param=layer.11.reduce_1x1.normalization.num_batches_tracked]
Loading weights:  76%|███████▌  | 237/312 [00:00<00:00, 10931.19it/s, Materializing param=layer.11.reduce_1x1.normalization.num_batches_tracked]
Loading weights:  76%|███████▋  | 238/312 [00:00<00:00, 10957.08it/s, Materializing param=layer.11.reduce_1x1.normalization.running_mean]       
Loading weights:  76%|███████▋  | 238/312 [00:00<00:00, 10947.10it/s, Materializing param=layer.11.reduce_1x1.normalization.running_mean]
Loading weights:  77%|███████▋  | 239/312 [00:00<00:00, 10975.89it/s, Materializing param=layer.11.reduce_1x1.normalization.running_var] 
Loading weights:  77%|███████▋  | 239/312 [00:00<00:00, 10966.28it/s, Materializing param=layer.11.reduce_1x1.normalization.running_var]
Loading weights:  77%|███████▋  | 240/312 [00:00<00:00, 10996.05it/s, Materializing param=layer.11.reduce_1x1.normalization.weight]     
Loading weights:  77%|███████▋  | 240/312 [00:00<00:00, 10987.40it/s, Materializing param=layer.11.reduce_1x1.normalization.weight]
Loading weights:  77%|███████▋  | 241/312 [00:00<00:00, 11014.07it/s, Materializing param=layer.12.conv_3x3.convolution.weight]    
Loading weights:  77%|███████▋  | 241/312 [00:00<00:00, 11004.60it/s, Materializing param=layer.12.conv_3x3.convolution.weight]
Loading weights:  78%|███████▊  | 242/312 [00:00<00:00, 10935.38it/s, Materializing param=layer.12.conv_3x3.normalization.bias]
Loading weights:  78%|███████▊  | 242/312 [00:00<00:00, 10923.61it/s, Materializing param=layer.12.conv_3x3.normalization.bias]
Loading weights:  78%|███████▊  | 243/312 [00:00<00:00, 10925.83it/s, Materializing param=layer.12.conv_3x3.normalization.num_batches_tracked]
Loading weights:  78%|███████▊  | 243/312 [00:00<00:00, 10910.62it/s, Materializing param=layer.12.conv_3x3.normalization.num_batches_tracked]
Loading weights:  78%|███████▊  | 244/312 [00:00<00:00, 10929.90it/s, Materializing param=layer.12.conv_3x3.normalization.running_mean]       
Loading weights:  78%|███████▊  | 244/312 [00:00<00:00, 10919.64it/s, Materializing param=layer.12.conv_3x3.normalization.running_mean]
Loading weights:  79%|███████▊  | 245/312 [00:00<00:00, 10941.86it/s, Materializing param=layer.12.conv_3x3.normalization.running_var] 
Loading weights:  79%|███████▊  | 245/312 [00:00<00:00, 10931.61it/s, Materializing param=layer.12.conv_3x3.normalization.running_var]
Loading weights:  79%|███████▉  | 246/312 [00:00<00:00, 10954.79it/s, Materializing param=layer.12.conv_3x3.normalization.weight]     
Loading weights:  79%|███████▉  | 246/312 [00:00<00:00, 10945.03it/s, Materializing param=layer.12.conv_3x3.normalization.weight]
Loading weights:  79%|███████▉  | 247/312 [00:00<00:00, 10967.53it/s, Materializing param=layer.12.expand_1x1.convolution.weight]
Loading weights:  79%|███████▉  | 247/312 [00:00<00:00, 10958.37it/s, Materializing param=layer.12.expand_1x1.convolution.weight]
Loading weights:  79%|███████▉  | 248/312 [00:00<00:00, 10941.51it/s, Materializing param=layer.12.expand_1x1.normalization.bias]
Loading weights:  79%|███████▉  | 248/312 [00:00<00:00, 10929.90it/s, Materializing param=layer.12.expand_1x1.normalization.bias]
Loading weights:  80%|███████▉  | 249/312 [00:00<00:00, 10918.21it/s, Materializing param=layer.12.expand_1x1.normalization.num_batches_tracked]
Loading weights:  80%|███████▉  | 249/312 [00:00<00:00, 10905.22it/s, Materializing param=layer.12.expand_1x1.normalization.num_batches_tracked]
Loading weights:  80%|████████  | 250/312 [00:00<00:00, 10832.84it/s, Materializing param=layer.12.expand_1x1.normalization.running_mean]       
Loading weights:  80%|████████  | 250/312 [00:00<00:00, 10822.00it/s, Materializing param=layer.12.expand_1x1.normalization.running_mean]
Loading weights:  80%|████████  | 251/312 [00:00<00:00, 10844.58it/s, Materializing param=layer.12.expand_1x1.normalization.running_var] 
Loading weights:  80%|████████  | 251/312 [00:00<00:00, 10835.21it/s, Materializing param=layer.12.expand_1x1.normalization.running_var]
Loading weights:  81%|████████  | 252/312 [00:00<00:00, 10852.24it/s, Materializing param=layer.12.expand_1x1.normalization.weight]     
Loading weights:  81%|████████  | 252/312 [00:00<00:00, 10842.89it/s, Materializing param=layer.12.expand_1x1.normalization.weight]
Loading weights:  81%|████████  | 253/312 [00:00<00:00, 10865.40it/s, Materializing param=layer.12.reduce_1x1.convolution.weight]  
Loading weights:  81%|████████  | 253/312 [00:00<00:00, 10855.62it/s, Materializing param=layer.12.reduce_1x1.convolution.weight]
Loading weights:  81%|████████▏ | 254/312 [00:00<00:00, 10754.95it/s, Materializing param=layer.12.reduce_1x1.normalization.bias]
Loading weights:  81%|████████▏ | 254/312 [00:00<00:00, 10744.54it/s, Materializing param=layer.12.reduce_1x1.normalization.bias]
Loading weights:  82%|████████▏ | 255/312 [00:00<00:00, 10768.92it/s, Materializing param=layer.12.reduce_1x1.normalization.num_batches_tracked]
Loading weights:  82%|████████▏ | 255/312 [00:00<00:00, 10759.06it/s, Materializing param=layer.12.reduce_1x1.normalization.num_batches_tracked]
Loading weights:  82%|████████▏ | 256/312 [00:00<00:00, 10785.30it/s, Materializing param=layer.12.reduce_1x1.normalization.running_mean]       
Loading weights:  82%|████████▏ | 256/312 [00:00<00:00, 10775.78it/s, Materializing param=layer.12.reduce_1x1.normalization.running_mean]
Loading weights:  82%|████████▏ | 257/312 [00:00<00:00, 10802.80it/s, Materializing param=layer.12.reduce_1x1.normalization.running_var] 
Loading weights:  82%|████████▏ | 257/312 [00:00<00:00, 10794.69it/s, Materializing param=layer.12.reduce_1x1.normalization.running_var]
Loading weights:  83%|████████▎ | 258/312 [00:00<00:00, 10822.17it/s, Materializing param=layer.12.reduce_1x1.normalization.weight]     
Loading weights:  83%|████████▎ | 258/312 [00:00<00:00, 10813.95it/s, Materializing param=layer.12.reduce_1x1.normalization.weight]
Loading weights:  83%|████████▎ | 259/312 [00:00<00:00, 10840.81it/s, Materializing param=layer.13.conv_3x3.convolution.weight]    
Loading weights:  83%|████████▎ | 259/312 [00:00<00:00, 10832.70it/s, Materializing param=layer.13.conv_3x3.convolution.weight]
Loading weights:  83%|████████▎ | 260/312 [00:00<00:00, 10860.01it/s, Materializing param=layer.13.conv_3x3.normalization.bias]
Loading weights:  83%|████████▎ | 260/312 [00:00<00:00, 10851.91it/s, Materializing param=layer.13.conv_3x3.normalization.bias]
Loading weights:  84%|████████▎ | 261/312 [00:00<00:00, 10879.14it/s, Materializing param=layer.13.conv_3x3.normalization.num_batches_tracked]
Loading weights:  84%|████████▎ | 261/312 [00:00<00:00, 10870.82it/s, Materializing param=layer.13.conv_3x3.normalization.num_batches_tracked]
Loading weights:  84%|████████▍ | 262/312 [00:00<00:00, 10897.97it/s, Materializing param=layer.13.conv_3x3.normalization.running_mean]       
Loading weights:  84%|████████▍ | 262/312 [00:00<00:00, 10889.44it/s, Materializing param=layer.13.conv_3x3.normalization.running_mean]
Loading weights:  84%|████████▍ | 263/312 [00:00<00:00, 10916.94it/s, Materializing param=layer.13.conv_3x3.normalization.running_var] 
Loading weights:  84%|████████▍ | 263/312 [00:00<00:00, 10909.27it/s, Materializing param=layer.13.conv_3x3.normalization.running_var]
Loading weights:  85%|████████▍ | 264/312 [00:00<00:00, 10937.12it/s, Materializing param=layer.13.conv_3x3.normalization.weight]     
Loading weights:  85%|████████▍ | 264/312 [00:00<00:00, 10928.92it/s, Materializing param=layer.13.conv_3x3.normalization.weight]
Loading weights:  85%|████████▍ | 265/312 [00:00<00:00, 10956.69it/s, Materializing param=layer.13.expand_1x1.convolution.weight]
Loading weights:  85%|████████▍ | 265/312 [00:00<00:00, 10949.14it/s, Materializing param=layer.13.expand_1x1.convolution.weight]
Loading weights:  85%|████████▌ | 266/312 [00:00<00:00, 10976.72it/s, Materializing param=layer.13.expand_1x1.normalization.bias]
Loading weights:  85%|████████▌ | 266/312 [00:00<00:00, 10968.63it/s, Materializing param=layer.13.expand_1x1.normalization.bias]
Loading weights:  86%|████████▌ | 267/312 [00:00<00:00, 10995.27it/s, Materializing param=layer.13.expand_1x1.normalization.num_batches_tracked]
Loading weights:  86%|████████▌ | 267/312 [00:00<00:00, 10987.18it/s, Materializing param=layer.13.expand_1x1.normalization.num_batches_tracked]
Loading weights:  86%|████████▌ | 268/312 [00:00<00:00, 11013.85it/s, Materializing param=layer.13.expand_1x1.normalization.running_mean]       
Loading weights:  86%|████████▌ | 268/312 [00:00<00:00, 11005.65it/s, Materializing param=layer.13.expand_1x1.normalization.running_mean]
Loading weights:  86%|████████▌ | 269/312 [00:00<00:00, 11032.68it/s, Materializing param=layer.13.expand_1x1.normalization.running_var] 
Loading weights:  86%|████████▌ | 269/312 [00:00<00:00, 11024.59it/s, Materializing param=layer.13.expand_1x1.normalization.running_var]
Loading weights:  87%|████████▋ | 270/312 [00:00<00:00, 11052.40it/s, Materializing param=layer.13.expand_1x1.normalization.weight]     
Loading weights:  87%|████████▋ | 270/312 [00:00<00:00, 11044.21it/s, Materializing param=layer.13.expand_1x1.normalization.weight]
Loading weights:  87%|████████▋ | 271/312 [00:00<00:00, 11071.62it/s, Materializing param=layer.13.reduce_1x1.convolution.weight]  
Loading weights:  87%|████████▋ | 271/312 [00:00<00:00, 11063.43it/s, Materializing param=layer.13.reduce_1x1.convolution.weight]
Loading weights:  87%|████████▋ | 272/312 [00:00<00:00, 11090.76it/s, Materializing param=layer.13.reduce_1x1.normalization.bias]
Loading weights:  87%|████████▋ | 272/312 [00:00<00:00, 11083.00it/s, Materializing param=layer.13.reduce_1x1.normalization.bias]
Loading weights:  88%|████████▊ | 273/312 [00:00<00:00, 11109.28it/s, Materializing param=layer.13.reduce_1x1.normalization.num_batches_tracked]
Loading weights:  88%|████████▊ | 273/312 [00:00<00:00, 11101.10it/s, Materializing param=layer.13.reduce_1x1.normalization.num_batches_tracked]
Loading weights:  88%|████████▊ | 274/312 [00:00<00:00, 11127.84it/s, Materializing param=layer.13.reduce_1x1.normalization.running_mean]       
Loading weights:  88%|████████▊ | 274/312 [00:00<00:00, 11120.20it/s, Materializing param=layer.13.reduce_1x1.normalization.running_mean]
Loading weights:  88%|████████▊ | 275/312 [00:00<00:00, 11146.22it/s, Materializing param=layer.13.reduce_1x1.normalization.running_var] 
Loading weights:  88%|████████▊ | 275/312 [00:00<00:00, 11138.47it/s, Materializing param=layer.13.reduce_1x1.normalization.running_var]
Loading weights:  88%|████████▊ | 276/312 [00:00<00:00, 11165.50it/s, Materializing param=layer.13.reduce_1x1.normalization.weight]     
Loading weights:  88%|████████▊ | 276/312 [00:00<00:00, 11157.43it/s, Materializing param=layer.13.reduce_1x1.normalization.weight]
Loading weights:  89%|████████▉ | 277/312 [00:00<00:00, 11178.35it/s, Materializing param=layer.14.conv_3x3.convolution.weight]    
Loading weights:  89%|████████▉ | 277/312 [00:00<00:00, 11170.62it/s, Materializing param=layer.14.conv_3x3.convolution.weight]
Loading weights:  89%|████████▉ | 278/312 [00:00<00:00, 11195.23it/s, Materializing param=layer.14.conv_3x3.normalization.bias]
Loading weights:  89%|████████▉ | 278/312 [00:00<00:00, 11187.49it/s, Materializing param=layer.14.conv_3x3.normalization.bias]
Loading weights:  89%|████████▉ | 279/312 [00:00<00:00, 11213.75it/s, Materializing param=layer.14.conv_3x3.normalization.num_batches_tracked]
Loading weights:  89%|████████▉ | 279/312 [00:00<00:00, 11205.70it/s, Materializing param=layer.14.conv_3x3.normalization.num_batches_tracked]
Loading weights:  90%|████████▉ | 280/312 [00:00<00:00, 11231.45it/s, Materializing param=layer.14.conv_3x3.normalization.running_mean]       
Loading weights:  90%|████████▉ | 280/312 [00:00<00:00, 11223.29it/s, Materializing param=layer.14.conv_3x3.normalization.running_mean]
Loading weights:  90%|█████████ | 281/312 [00:00<00:00, 11249.40it/s, Materializing param=layer.14.conv_3x3.normalization.running_var] 
Loading weights:  90%|█████████ | 281/312 [00:00<00:00, 11241.35it/s, Materializing param=layer.14.conv_3x3.normalization.running_var]
Loading weights:  90%|█████████ | 282/312 [00:00<00:00, 11267.81it/s, Materializing param=layer.14.conv_3x3.normalization.weight]     
Loading weights:  90%|█████████ | 282/312 [00:00<00:00, 11260.09it/s, Materializing param=layer.14.conv_3x3.normalization.weight]
Loading weights:  91%|█████████ | 283/312 [00:00<00:00, 11286.05it/s, Materializing param=layer.14.expand_1x1.convolution.weight]
Loading weights:  91%|█████████ | 283/312 [00:00<00:00, 11278.01it/s, Materializing param=layer.14.expand_1x1.convolution.weight]
Loading weights:  91%|█████████ | 284/312 [00:00<00:00, 11303.90it/s, Materializing param=layer.14.expand_1x1.normalization.bias]
Loading weights:  91%|█████████ | 284/312 [00:00<00:00, 11296.29it/s, Materializing param=layer.14.expand_1x1.normalization.bias]
Loading weights:  91%|█████████▏| 285/312 [00:00<00:00, 11322.00it/s, Materializing param=layer.14.expand_1x1.normalization.num_batches_tracked]
Loading weights:  91%|█████████▏| 285/312 [00:00<00:00, 11313.53it/s, Materializing param=layer.14.expand_1x1.normalization.num_batches_tracked]
Loading weights:  92%|█████████▏| 286/312 [00:00<00:00, 11332.96it/s, Materializing param=layer.14.expand_1x1.normalization.running_mean]       
Loading weights:  92%|█████████▏| 286/312 [00:00<00:00, 11324.40it/s, Materializing param=layer.14.expand_1x1.normalization.running_mean]
Loading weights:  92%|█████████▏| 287/312 [00:00<00:00, 11350.17it/s, Materializing param=layer.14.expand_1x1.normalization.running_var] 
Loading weights:  92%|█████████▏| 287/312 [00:00<00:00, 11342.04it/s, Materializing param=layer.14.expand_1x1.normalization.running_var]
Loading weights:  92%|█████████▏| 288/312 [00:00<00:00, 11368.18it/s, Materializing param=layer.14.expand_1x1.normalization.weight]     
Loading weights:  92%|█████████▏| 288/312 [00:00<00:00, 11359.94it/s, Materializing param=layer.14.expand_1x1.normalization.weight]
Loading weights:  93%|█████████▎| 289/312 [00:00<00:00, 11386.00it/s, Materializing param=layer.14.reduce_1x1.convolution.weight]  
Loading weights:  93%|█████████▎| 289/312 [00:00<00:00, 11377.99it/s, Materializing param=layer.14.reduce_1x1.convolution.weight]
Loading weights:  93%|█████████▎| 290/312 [00:00<00:00, 11403.44it/s, Materializing param=layer.14.reduce_1x1.normalization.bias]
Loading weights:  93%|█████████▎| 290/312 [00:00<00:00, 11395.32it/s, Materializing param=layer.14.reduce_1x1.normalization.bias]
Loading weights:  93%|█████████▎| 291/312 [00:00<00:00, 11421.14it/s, Materializing param=layer.14.reduce_1x1.normalization.num_batches_tracked]
Loading weights:  93%|█████████▎| 291/312 [00:00<00:00, 11413.13it/s, Materializing param=layer.14.reduce_1x1.normalization.num_batches_tracked]
Loading weights:  94%|█████████▎| 292/312 [00:00<00:00, 11438.44it/s, Materializing param=layer.14.reduce_1x1.normalization.running_mean]       
Loading weights:  94%|█████████▎| 292/312 [00:00<00:00, 11430.75it/s, Materializing param=layer.14.reduce_1x1.normalization.running_mean]
Loading weights:  94%|█████████▍| 293/312 [00:00<00:00, 11456.96it/s, Materializing param=layer.14.reduce_1x1.normalization.running_var] 
Loading weights:  94%|█████████▍| 293/312 [00:00<00:00, 11448.85it/s, Materializing param=layer.14.reduce_1x1.normalization.running_var]
Loading weights:  94%|█████████▍| 294/312 [00:00<00:00, 11474.99it/s, Materializing param=layer.14.reduce_1x1.normalization.weight]     
Loading weights:  94%|█████████▍| 294/312 [00:00<00:00, 11467.31it/s, Materializing param=layer.14.reduce_1x1.normalization.weight]
Loading weights:  95%|█████████▍| 295/312 [00:00<00:00, 11492.84it/s, Materializing param=layer.15.conv_3x3.convolution.weight]    
Loading weights:  95%|█████████▍| 295/312 [00:00<00:00, 11485.38it/s, Materializing param=layer.15.conv_3x3.convolution.weight]
Loading weights:  95%|█████████▍| 296/312 [00:00<00:00, 11510.74it/s, Materializing param=layer.15.conv_3x3.normalization.bias]
Loading weights:  95%|█████████▍| 296/312 [00:00<00:00, 11502.74it/s, Materializing param=layer.15.conv_3x3.normalization.bias]
Loading weights:  95%|█████████▌| 297/312 [00:00<00:00, 11528.14it/s, Materializing param=layer.15.conv_3x3.normalization.num_batches_tracked]
Loading weights:  95%|█████████▌| 297/312 [00:00<00:00, 11520.15it/s, Materializing param=layer.15.conv_3x3.normalization.num_batches_tracked]
Loading weights:  96%|█████████▌| 298/312 [00:00<00:00, 11544.10it/s, Materializing param=layer.15.conv_3x3.normalization.running_mean]       
Loading weights:  96%|█████████▌| 298/312 [00:00<00:00, 11536.00it/s, Materializing param=layer.15.conv_3x3.normalization.running_mean]
Loading weights:  96%|█████████▌| 299/312 [00:00<00:00, 11561.37it/s, Materializing param=layer.15.conv_3x3.normalization.running_var] 
Loading weights:  96%|█████████▌| 299/312 [00:00<00:00, 11553.81it/s, Materializing param=layer.15.conv_3x3.normalization.running_var]
Loading weights:  96%|█████████▌| 300/312 [00:00<00:00, 11579.33it/s, Materializing param=layer.15.conv_3x3.normalization.weight]     
Loading weights:  96%|█████████▌| 300/312 [00:00<00:00, 11571.77it/s, Materializing param=layer.15.conv_3x3.normalization.weight]
Loading weights:  96%|█████████▋| 301/312 [00:00<00:00, 11596.05it/s, Materializing param=layer.15.expand_1x1.convolution.weight]
Loading weights:  96%|█████████▋| 301/312 [00:00<00:00, 11588.50it/s, Materializing param=layer.15.expand_1x1.convolution.weight]
Loading weights:  97%|█████████▋| 302/312 [00:00<00:00, 11612.29it/s, Materializing param=layer.15.expand_1x1.normalization.bias]
Loading weights:  97%|█████████▋| 302/312 [00:00<00:00, 11604.63it/s, Materializing param=layer.15.expand_1x1.normalization.bias]
Loading weights:  97%|█████████▋| 303/312 [00:00<00:00, 11629.20it/s, Materializing param=layer.15.expand_1x1.normalization.num_batches_tracked]
Loading weights:  97%|█████████▋| 303/312 [00:00<00:00, 11621.23it/s, Materializing param=layer.15.expand_1x1.normalization.num_batches_tracked]
Loading weights:  97%|█████████▋| 304/312 [00:00<00:00, 11646.16it/s, Materializing param=layer.15.expand_1x1.normalization.running_mean]       
Loading weights:  97%|█████████▋| 304/312 [00:00<00:00, 11638.51it/s, Materializing param=layer.15.expand_1x1.normalization.running_mean]
Loading weights:  98%|█████████▊| 305/312 [00:00<00:00, 11663.49it/s, Materializing param=layer.15.expand_1x1.normalization.running_var] 
Loading weights:  98%|█████████▊| 305/312 [00:00<00:00, 11655.41it/s, Materializing param=layer.15.expand_1x1.normalization.running_var]
Loading weights:  98%|█████████▊| 306/312 [00:00<00:00, 11674.05it/s, Materializing param=layer.15.expand_1x1.normalization.weight]     
Loading weights:  98%|█████████▊| 306/312 [00:00<00:00, 11666.09it/s, Materializing param=layer.15.expand_1x1.normalization.weight]
Loading weights:  98%|█████████▊| 307/312 [00:00<00:00, 11690.40it/s, Materializing param=layer.15.reduce_1x1.convolution.weight]  
Loading weights:  98%|█████████▊| 307/312 [00:00<00:00, 11682.24it/s, Materializing param=layer.15.reduce_1x1.convolution.weight]
Loading weights:  99%|█████████▊| 308/312 [00:00<00:00, 11706.59it/s, Materializing param=layer.15.reduce_1x1.normalization.bias]
Loading weights:  99%|█████████▊| 308/312 [00:00<00:00, 11699.06it/s, Materializing param=layer.15.reduce_1x1.normalization.bias]
Loading weights:  99%|█████████▉| 309/312 [00:00<00:00, 11723.67it/s, Materializing param=layer.15.reduce_1x1.normalization.num_batches_tracked]
Loading weights:  99%|█████████▉| 309/312 [00:00<00:00, 11715.19it/s, Materializing param=layer.15.reduce_1x1.normalization.num_batches_tracked]
Loading weights:  99%|█████████▉| 310/312 [00:00<00:00, 11739.31it/s, Materializing param=layer.15.reduce_1x1.normalization.running_mean]       
Loading weights:  99%|█████████▉| 310/312 [00:00<00:00, 11731.26it/s, Materializing param=layer.15.reduce_1x1.normalization.running_mean]
Loading weights: 100%|█████████▉| 311/312 [00:00<00:00, 11755.84it/s, Materializing param=layer.15.reduce_1x1.normalization.running_var] 
Loading weights: 100%|█████████▉| 311/312 [00:00<00:00, 11747.80it/s, Materializing param=layer.15.reduce_1x1.normalization.running_var]
Loading weights: 100%|██████████| 312/312 [00:00<00:00, 11772.21it/s, Materializing param=layer.15.reduce_1x1.normalization.weight]     
Loading weights: 100%|██████████| 312/312 [00:00<00:00, 11764.28it/s, Materializing param=layer.15.reduce_1x1.normalization.weight]
Loading weights: 100%|██████████| 312/312 [00:00<00:00, 11742.64it/s, Materializing param=layer.15.reduce_1x1.normalization.weight]
MobileNetV2Model LOAD REPORT from: google/mobilenet_v2_1.0_224
Key               | Status     |  | 
------------------+------------+--+-
classifier.bias   | UNEXPECTED |  | 
classifier.weight | UNEXPECTED |  | 

Notes:
- UNEXPECTED	:can be ignored when loading from different task/architecture; not ok if you expect identical arch.
/Users/zakkeown/.pyenv/versions/3.11.14/lib/python3.11/site-packages/torchaudio/functional/functional.py:581: UserWarning: At least one mel filterbank has all zero values. The value for `n_mels` (128) may be set too high. Or, the value for `n_freqs` (201) may be set too low.
  warnings.warn(
Using 16bit Automatic Mixed Precision (AMP)
GPU available: True (mps), used: True
TPU available: False, using: 0 TPU cores
💡 Tip: For seamless cloud logging and experiment tracking, try installing [litlogger](https://pypi.org/project/litlogger/) to enable LitLogger, which logs metrics and artifacts automatically to the Lightning Experiments platform.
wandb: WARNING The anonymous setting has no effect and will be removed in a future version.
wandb: WARNING `resume` will be ignored since W&B syncing is set to `offline`. Starting a new run with run id gelu5mwt.
wandb: Tracking run with wandb version 0.24.1
wandb: W&B syncing is set to `offline` in this directory. Run `wandb online` or set WANDB_MODE=online to enable cloud syncing.
wandb: Run data is saved locally in wandb/offline-run-20260201_145911-gelu5mwt
/Users/zakkeown/.pyenv/versions/3.11.14/lib/python3.11/site-packages/pytorch_lightning/utilities/model_summary/model_summary.py:242: Precision 16-mixed is not supported by the model summary.  Estimated model size in MB will not be accurate. Using 32 bits instead.

  | Name              | Type                          | Params | Mode  | FLOPs
------------------------------------------------------------------------------------
0 | model             | PeftModelForFeatureExtraction | 2.5 M  | train | 0    
1 | train_acc         | MulticlassAccuracy            | 0      | train | 0    
2 | val_acc           | MulticlassAccuracy            | 0      | train | 0    
3 | test_acc          | MulticlassAccuracy            | 0      | train | 0    
4 | val_f1            | MulticlassF1Score             | 0      | train | 0    
5 | val_f1_per_class  | MulticlassF1Score             | 0      | train | 0    
6 | val_confusion     | MulticlassConfusionMatrix     | 0      | train | 0    
7 | test_f1           | MulticlassF1Score             | 0      | train | 0    
8 | test_f1_per_class | MulticlassF1Score             | 0      | train | 0    
9 | test_confusion    | MulticlassConfusionMatrix     | 0      | train | 0    
------------------------------------------------------------------------------------
23.4 K    Trainable params
2.5 M     Non-trainable params
2.5 M     Total params
10.014    Total estimated model params size (MB)
50        Modules in train mode
211       Modules in eval mode
0         Total Flops
LORA applied: 2,480,233 -> 23,368 trainable params
Trainable params reduced to 0.94%

Sanity Checking: |          | 0/? [00:00<?, ?it/s]/Users/zakkeown/.pyenv/versions/3.11.14/lib/python3.11/site-packages/pytorch_lightning/utilities/_pytree.py:21: `isinstance(treespec, LeafSpec)` is deprecated, use `isinstance(treespec, TreeSpec) and treespec.is_leaf()` instead.
/Users/zakkeown/.pyenv/versions/3.11.14/lib/python3.11/site-packages/pytorch_lightning/trainer/connectors/data_connector.py:429: Consider setting `persistent_workers=True` in 'val_dataloader' to speed up the dataloader worker initialization.

Sanity Checking: |          | 0/? [00:00<?, ?it/s]
Sanity Checking DataLoader 0:   0%|          | 0/1 [00:00<?, ?it/s]
Sanity Checking DataLoader 0: 100%|██████████| 1/1 [00:00<00:00,  4.00it/s]
                                                                           /Users/zakkeown/.pyenv/versions/3.11.14/lib/python3.11/site-packages/pytorch_lightning/utilities/_pytree.py:21: `isinstance(treespec, LeafSpec)` is deprecated, use `isinstance(treespec, TreeSpec) and treespec.is_leaf()` instead.
/Users/zakkeown/.pyenv/versions/3.11.14/lib/python3.11/site-packages/pytorch_lightning/trainer/connectors/data_connector.py:429: Consider setting `persistent_workers=True` in 'train_dataloader' to speed up the dataloader worker initialization.

/Users/zakkeown/.pyenv/versions/3.11.14/lib/python3.11/site-packages/pytorch_lightning/loops/fit_loop.py:317: The number of training batches (3) is smaller than the logging interval Trainer(log_every_n_steps=50). Set a lower value for log_every_n_steps if you want to see logs for the training epoch.
/Users/zakkeown/.pyenv/versions/3.11.14/lib/python3.11/site-packages/pytorch_lightning/loops/fit_loop.py:534: Found 211 module(s) in eval mode at the start of training. This may lead to unexpected behavior during training. If this is intentional, you can ignore this warning.

Training: |          | 0/? [00:00<?, ?it/s]
Training: |          | 0/? [00:00<?, ?it/s]
Epoch 0:   0%|          | 0/3 [00:00<?, ?it/s]
Epoch 0:  33%|███▎      | 1/3 [00:03<00:06,  0.33it/s]
Epoch 0:  33%|███▎      | 1/3 [00:03<00:06,  0.33it/s, v_num=5mwt, train/loss=4.080]
Epoch 0:  67%|██████▋   | 2/3 [00:03<00:01,  0.65it/s, v_num=5mwt, train/loss=4.080]
Epoch 0:  67%|██████▋   | 2/3 [00:03<00:01,  0.65it/s, v_num=5mwt, train/loss=4.020]
Epoch 0: 100%|██████████| 3/3 [00:03<00:00,  0.92it/s, v_num=5mwt, train/loss=4.020]
Epoch 0: 100%|██████████| 3/3 [00:03<00:00,  0.92it/s, v_num=5mwt, train/loss=4.070]

Validation: |          | 0/? [00:00<?, ?it/s][A

Validation: |          | 0/? [00:00<?, ?it/s][A

Validation DataLoader 0:   0%|          | 0/1 [00:00<?, ?it/s][A

Validation DataLoader 0: 100%|██████████| 1/1 [00:00<00:00, 15.37it/s][A

                                                                      [A
Epoch 0: 100%|██████████| 3/3 [00:06<00:00,  0.47it/s, v_num=5mwt, train/loss=4.070, val/loss=4.020]
Epoch 0: 100%|██████████| 3/3 [00:06<00:00,  0.47it/s, v_num=5mwt, train/loss=4.070, val/loss=4.020]
Epoch 0:   0%|          | 0/3 [00:00<?, ?it/s, v_num=5mwt, train/loss=4.070, val/loss=4.020]        
Epoch 1:   0%|          | 0/3 [00:00<?, ?it/s, v_num=5mwt, train/loss=4.070, val/loss=4.020]
Epoch 1:  33%|███▎      | 1/3 [00:02<00:05,  0.34it/s, v_num=5mwt, train/loss=4.070, val/loss=4.020]
Epoch 1:  33%|███▎      | 1/3 [00:02<00:05,  0.34it/s, v_num=5mwt, train/loss=3.920, val/loss=4.020]
Epoch 1:  67%|██████▋   | 2/3 [00:03<00:01,  0.66it/s, v_num=5mwt, train/loss=3.920, val/loss=4.020]
Epoch 1:  67%|██████▋   | 2/3 [00:03<00:01,  0.66it/s, v_num=5mwt, train/loss=4.100, val/loss=4.020]
Epoch 1: 100%|██████████| 3/3 [00:03<00:00,  0.97it/s, v_num=5mwt, train/loss=4.100, val/loss=4.020]
Epoch 1: 100%|██████████| 3/3 [00:03<00:00,  0.97it/s, v_num=5mwt, train/loss=3.900, val/loss=4.020]

Validation: |          | 0/? [00:00<?, ?it/s][A

Validation: |          | 0/? [00:00<?, ?it/s][A

Validation DataLoader 0:   0%|          | 0/1 [00:00<?, ?it/s][A

Validation DataLoader 0: 100%|██████████| 1/1 [00:00<00:00, 14.39it/s][A

                                                                      [A
Epoch 1: 100%|██████████| 3/3 [00:06<00:00,  0.48it/s, v_num=5mwt, train/loss=3.900, val/loss=4.020]
Epoch 1: 100%|██████████| 3/3 [00:06<00:00,  0.48it/s, v_num=5mwt, train/loss=3.900, val/loss=4.020]
Epoch 1:   0%|          | 0/3 [00:00<?, ?it/s, v_num=5mwt, train/loss=3.900, val/loss=4.020]        
Epoch 2:   0%|          | 0/3 [00:00<?, ?it/s, v_num=5mwt, train/loss=3.900, val/loss=4.020]
Epoch 2:  33%|███▎      | 1/3 [00:02<00:05,  0.34it/s, v_num=5mwt, train/loss=3.900, val/loss=4.020]
Epoch 2:  33%|███▎      | 1/3 [00:02<00:05,  0.34it/s, v_num=5mwt, train/loss=3.970, val/loss=4.020]
Epoch 2:  67%|██████▋   | 2/3 [00:02<00:01,  0.67it/s, v_num=5mwt, train/loss=3.970, val/loss=4.020]
Epoch 2:  67%|██████▋   | 2/3 [00:02<00:01,  0.67it/s, v_num=5mwt, train/loss=4.060, val/loss=4.020]
Epoch 2: 100%|██████████| 3/3 [00:03<00:00,  0.98it/s, v_num=5mwt, train/loss=4.060, val/loss=4.020]
Epoch 2: 100%|██████████| 3/3 [00:03<00:00,  0.98it/s, v_num=5mwt, train/loss=4.030, val/loss=4.020]

Validation: |          | 0/? [00:00<?, ?it/s][A

Validation: |          | 0/? [00:00<?, ?it/s][A

Validation DataLoader 0:   0%|          | 0/1 [00:00<?, ?it/s][A

Validation DataLoader 0: 100%|██████████| 1/1 [00:00<00:00, 14.45it/s][A

                                                                      [A
Epoch 2: 100%|██████████| 3/3 [00:06<00:00,  0.48it/s, v_num=5mwt, train/loss=4.030, val/loss=4.020]
Epoch 2: 100%|██████████| 3/3 [00:06<00:00,  0.48it/s, v_num=5mwt, train/loss=4.030, val/loss=4.020]
Epoch 2:   0%|          | 0/3 [00:00<?, ?it/s, v_num=5mwt, train/loss=4.030, val/loss=4.020]        
Epoch 3:   0%|          | 0/3 [00:00<?, ?it/s, v_num=5mwt, train/loss=4.030, val/loss=4.020]
Epoch 3:  33%|███▎      | 1/3 [00:02<00:05,  0.33it/s, v_num=5mwt, train/loss=4.030, val/loss=4.020]
Epoch 3:  33%|███▎      | 1/3 [00:02<00:05,  0.33it/s, v_num=5mwt, train/loss=4.010, val/loss=4.020]
Epoch 3:  67%|██████▋   | 2/3 [00:03<00:01,  0.65it/s, v_num=5mwt, train/loss=4.010, val/loss=4.020]
Epoch 3:  67%|██████▋   | 2/3 [00:03<00:01,  0.65it/s, v_num=5mwt, train/loss=4.050, val/loss=4.020]
Epoch 3: 100%|██████████| 3/3 [00:03<00:00,  0.96it/s, v_num=5mwt, train/loss=4.050, val/loss=4.020]
Epoch 3: 100%|██████████| 3/3 [00:03<00:00,  0.96it/s, v_num=5mwt, train/loss=4.270, val/loss=4.020]

Validation: |          | 0/? [00:00<?, ?it/s][A

Validation: |          | 0/? [00:00<?, ?it/s][A

Validation DataLoader 0:   0%|          | 0/1 [00:00<?, ?it/s][A

Validation DataLoader 0: 100%|██████████| 1/1 [00:00<00:00, 15.08it/s][A

                                                                      [A
Epoch 3: 100%|██████████| 3/3 [00:06<00:00,  0.47it/s, v_num=5mwt, train/loss=4.270, val/loss=4.020]
Epoch 3: 100%|██████████| 3/3 [00:06<00:00,  0.47it/s, v_num=5mwt, train/loss=4.270, val/loss=4.020]
Epoch 3:   0%|          | 0/3 [00:00<?, ?it/s, v_num=5mwt, train/loss=4.270, val/loss=4.020]        
Epoch 4:   0%|          | 0/3 [00:00<?, ?it/s, v_num=5mwt, train/loss=4.270, val/loss=4.020]
Epoch 4:  33%|███▎      | 1/3 [00:02<00:05,  0.33it/s, v_num=5mwt, train/loss=4.270, val/loss=4.020]
Epoch 4:  33%|███▎      | 1/3 [00:02<00:05,  0.33it/s, v_num=5mwt, train/loss=4.070, val/loss=4.020]
Epoch 4:  67%|██████▋   | 2/3 [00:03<00:01,  0.65it/s, v_num=5mwt, train/loss=4.070, val/loss=4.020]
Epoch 4:  67%|██████▋   | 2/3 [00:03<00:01,  0.65it/s, v_num=5mwt, train/loss=4.050, val/loss=4.020]
Epoch 4: 100%|██████████| 3/3 [00:03<00:00,  0.96it/s, v_num=5mwt, train/loss=4.050, val/loss=4.020]
Epoch 4: 100%|██████████| 3/3 [00:03<00:00,  0.96it/s, v_num=5mwt, train/loss=3.920, val/loss=4.020]

Validation: |          | 0/? [00:00<?, ?it/s][A

Validation: |          | 0/? [00:00<?, ?it/s][A

Validation DataLoader 0:   0%|          | 0/1 [00:00<?, ?it/s][A

Validation DataLoader 0: 100%|██████████| 1/1 [00:00<00:00, 14.91it/s][A

                                                                      [A
Epoch 4: 100%|██████████| 3/3 [00:06<00:00,  0.47it/s, v_num=5mwt, train/loss=3.920, val/loss=4.010]
Epoch 4: 100%|██████████| 3/3 [00:06<00:00,  0.47it/s, v_num=5mwt, train/loss=3.920, val/loss=4.010]`Trainer.fit` stopped: `max_epochs=5` reached.

Epoch 4: 100%|██████████| 3/3 [00:06<00:00,  0.47it/s, v_num=5mwt, train/loss=3.920, val/loss=4.010]/Users/zakkeown/.pyenv/versions/3.11.14/lib/python3.11/site-packages/pytorch_lightning/utilities/_pytree.py:21: `isinstance(treespec, LeafSpec)` is deprecated, use `isinstance(treespec, TreeSpec) and treespec.is_leaf()` instead.
/Users/zakkeown/.pyenv/versions/3.11.14/lib/python3.11/site-packages/pytorch_lightning/trainer/connectors/data_connector.py:429: Consider setting `persistent_workers=True` in 'test_dataloader' to speed up the dataloader worker initialization.


Testing: |          | 0/? [00:00<?, ?it/s]
Testing: |          | 0/? [00:00<?, ?it/s]
Testing DataLoader 0:   0%|          | 0/1 [00:00<?, ?it/s]
Testing DataLoader 0: 100%|██████████| 1/1 [00:00<00:00, 14.18it/s]
Testing DataLoader 0: 100%|██████████| 1/1 [00:00<00:00,  3.08it/s]
────────────────────────────────────────────────────────────────────────────────────────────────────────────────────────
             Test metric                         DataLoader 0
────────────────────────────────────────────────────────────────────────────────────────────────────────────────────────
              test/acc                                0.0
    test/f1_best/ten-stroke-roll                      0.0
  test/f1_best/thirteen-stroke-roll                   0.0
   test/f1_best/triple-paradiddle                     0.0
    test/f1_best/triple-ratamacue                     0.0
   test/f1_best/triple-stroke-roll                    0.0
            test/f1_macro                             0.0
    test/f1_worst/double-drag-tap                     0.0
   test/f1_worst/double-paradiddle                    0.0
   test/f1_worst/double-ratamacue                     0.0
test/f1_worst/double-stroke-open-roll                 0.0
         test/f1_worst/drag                           0.0
              test/loss                       3.9837889671325684
────────────────────────────────────────────────────────────────────────────────────────────────────────────────────────
[1;34mwandb[0m: 
[1;34mwandb[0m: You can sync this run to the cloud by running:
[1;34mwandb[0m: [1mwandb sync wandb/offline-run-20260201_145911-gelu5mwt[0m
