Seed set to 42
[2026-02-01 14:58:24,584][httpx][INFO] - HTTP Request: HEAD https://huggingface.co/google/mobilenet_v2_1.0_224/resolve/main/config.json "HTTP/1.1 307 Temporary Redirect"
[2026-02-01 14:58:24,618][httpx][INFO] - HTTP Request: HEAD https://huggingface.co/api/resolve-cache/models/google/mobilenet_v2_1.0_224/75e607b00aeae1297cc89d026a118bce012f5c5a/config.json "HTTP/1.1 200 OK"
[2026-02-01 14:58:24,708][httpx][INFO] - HTTP Request: HEAD https://huggingface.co/google/mobilenet_v2_1.0_224/resolve/main/config.json "HTTP/1.1 307 Temporary Redirect"
[2026-02-01 14:58:24,749][httpx][INFO] - HTTP Request: HEAD https://huggingface.co/api/resolve-cache/models/google/mobilenet_v2_1.0_224/75e607b00aeae1297cc89d026a118bce012f5c5a/config.json "HTTP/1.1 200 OK"
[2026-02-01 14:58:24,851][httpx][INFO] - HTTP Request: HEAD https://huggingface.co/google/mobilenet_v2_1.0_224/resolve/main/model.safetensors "HTTP/1.1 302 Found"

Loading weights:   0%|          | 0/312 [00:00<?, ?it/s]
Loading weights:   0%|          | 1/312 [00:00<00:00, 5592.41it/s, Materializing param=conv_1x1.convolution.weight]
Loading weights:   0%|          | 1/312 [00:00<00:00, 4485.89it/s, Materializing param=conv_1x1.convolution.weight]
Loading weights:   1%|          | 2/312 [00:00<00:00, 4228.13it/s, Materializing param=conv_1x1.normalization.bias]
Loading weights:   1%|          | 2/312 [00:00<00:00, 3975.64it/s, Materializing param=conv_1x1.normalization.bias]
Loading weights:   1%|          | 3/312 [00:00<00:00, 5057.44it/s, Materializing param=conv_1x1.normalization.num_batches_tracked]
Loading weights:   1%|          | 3/312 [00:00<00:00, 4777.11it/s, Materializing param=conv_1x1.normalization.num_batches_tracked]
Loading weights:   1%|▏         | 4/312 [00:00<00:00, 5277.51it/s, Materializing param=conv_1x1.normalization.running_mean]       
Loading weights:   1%|▏         | 4/312 [00:00<00:00, 4847.51it/s, Materializing param=conv_1x1.normalization.running_mean]
Loading weights:   2%|▏         | 5/312 [00:00<00:00, 5549.49it/s, Materializing param=conv_1x1.normalization.running_var] 
Loading weights:   2%|▏         | 5/312 [00:00<00:00, 5364.93it/s, Materializing param=conv_1x1.normalization.running_var]
Loading weights:   2%|▏         | 6/312 [00:00<00:00, 6066.98it/s, Materializing param=conv_1x1.normalization.weight]     
Loading weights:   2%|▏         | 6/312 [00:00<00:00, 5899.16it/s, Materializing param=conv_1x1.normalization.weight]
Loading weights:   2%|▏         | 7/312 [00:00<00:00, 6528.83it/s, Materializing param=conv_stem.conv_3x3.convolution.weight]
Loading weights:   2%|▏         | 7/312 [00:00<00:00, 6363.27it/s, Materializing param=conv_stem.conv_3x3.convolution.weight]
Loading weights:   3%|▎         | 8/312 [00:00<00:00, 6579.30it/s, Materializing param=conv_stem.conv_3x3.normalization.bias]
Loading weights:   3%|▎         | 8/312 [00:00<00:00, 6415.76it/s, Materializing param=conv_stem.conv_3x3.normalization.bias]
Loading weights:   3%|▎         | 9/312 [00:00<00:00, 6838.54it/s, Materializing param=conv_stem.conv_3x3.normalization.num_batches_tracked]
Loading weights:   3%|▎         | 9/312 [00:00<00:00, 6681.19it/s, Materializing param=conv_stem.conv_3x3.normalization.num_batches_tracked]
Loading weights:   3%|▎         | 10/312 [00:00<00:00, 6939.62it/s, Materializing param=conv_stem.conv_3x3.normalization.running_mean]      
Loading weights:   3%|▎         | 10/312 [00:00<00:00, 6793.50it/s, Materializing param=conv_stem.conv_3x3.normalization.running_mean]
Loading weights:   4%|▎         | 11/312 [00:00<00:00, 7222.50it/s, Materializing param=conv_stem.conv_3x3.normalization.running_var] 
Loading weights:   4%|▎         | 11/312 [00:00<00:00, 7096.96it/s, Materializing param=conv_stem.conv_3x3.normalization.running_var]
Loading weights:   4%|▍         | 12/312 [00:00<00:00, 7532.42it/s, Materializing param=conv_stem.conv_3x3.normalization.weight]     
Loading weights:   4%|▍         | 12/312 [00:00<00:00, 7430.12it/s, Materializing param=conv_stem.conv_3x3.normalization.weight]
Loading weights:   4%|▍         | 13/312 [00:00<00:00, 7827.44it/s, Materializing param=conv_stem.first_conv.convolution.weight]
Loading weights:   4%|▍         | 13/312 [00:00<00:00, 7724.32it/s, Materializing param=conv_stem.first_conv.convolution.weight]
Loading weights:   4%|▍         | 14/312 [00:00<00:00, 7494.61it/s, Materializing param=conv_stem.first_conv.normalization.bias]
Loading weights:   4%|▍         | 14/312 [00:00<00:00, 7363.96it/s, Materializing param=conv_stem.first_conv.normalization.bias]
Loading weights:   5%|▍         | 15/312 [00:00<00:00, 7610.33it/s, Materializing param=conv_stem.first_conv.normalization.num_batches_tracked]
Loading weights:   5%|▍         | 15/312 [00:00<00:00, 7511.29it/s, Materializing param=conv_stem.first_conv.normalization.num_batches_tracked]
Loading weights:   5%|▌         | 16/312 [00:00<00:00, 7483.15it/s, Materializing param=conv_stem.first_conv.normalization.running_mean]       
Loading weights:   5%|▌         | 16/312 [00:00<00:00, 7315.91it/s, Materializing param=conv_stem.first_conv.normalization.running_mean]
Loading weights:   5%|▌         | 17/312 [00:00<00:00, 7555.70it/s, Materializing param=conv_stem.first_conv.normalization.running_var] 
Loading weights:   5%|▌         | 17/312 [00:00<00:00, 7460.05it/s, Materializing param=conv_stem.first_conv.normalization.running_var]
Loading weights:   6%|▌         | 18/312 [00:00<00:00, 7735.40it/s, Materializing param=conv_stem.first_conv.normalization.weight]     
Loading weights:   6%|▌         | 18/312 [00:00<00:00, 7656.17it/s, Materializing param=conv_stem.first_conv.normalization.weight]
Loading weights:   6%|▌         | 19/312 [00:00<00:00, 7866.91it/s, Materializing param=conv_stem.reduce_1x1.convolution.weight]  
Loading weights:   6%|▌         | 19/312 [00:00<00:00, 7786.96it/s, Materializing param=conv_stem.reduce_1x1.convolution.weight]
Loading weights:   6%|▋         | 20/312 [00:00<00:00, 7440.67it/s, Materializing param=conv_stem.reduce_1x1.normalization.bias]
Loading weights:   6%|▋         | 20/312 [00:00<00:00, 7328.86it/s, Materializing param=conv_stem.reduce_1x1.normalization.bias]
Loading weights:   7%|▋         | 21/312 [00:00<00:00, 7494.93it/s, Materializing param=conv_stem.reduce_1x1.normalization.num_batches_tracked]
Loading weights:   7%|▋         | 21/312 [00:00<00:00, 7425.42it/s, Materializing param=conv_stem.reduce_1x1.normalization.num_batches_tracked]
Loading weights:   7%|▋         | 22/312 [00:00<00:00, 7633.58it/s, Materializing param=conv_stem.reduce_1x1.normalization.running_mean]       
Loading weights:   7%|▋         | 22/312 [00:00<00:00, 7575.92it/s, Materializing param=conv_stem.reduce_1x1.normalization.running_mean]
Loading weights:   7%|▋         | 23/312 [00:00<00:00, 7781.01it/s, Materializing param=conv_stem.reduce_1x1.normalization.running_var] 
Loading weights:   7%|▋         | 23/312 [00:00<00:00, 7710.73it/s, Materializing param=conv_stem.reduce_1x1.normalization.running_var]
Loading weights:   8%|▊         | 24/312 [00:00<00:00, 7931.24it/s, Materializing param=conv_stem.reduce_1x1.normalization.weight]     
Loading weights:   8%|▊         | 24/312 [00:00<00:00, 7879.09it/s, Materializing param=conv_stem.reduce_1x1.normalization.weight]
Loading weights:   8%|▊         | 25/312 [00:00<00:00, 8095.86it/s, Materializing param=layer.0.conv_3x3.convolution.weight]      
Loading weights:   8%|▊         | 25/312 [00:00<00:00, 8038.14it/s, Materializing param=layer.0.conv_3x3.convolution.weight]
Loading weights:   8%|▊         | 26/312 [00:00<00:00, 8155.85it/s, Materializing param=layer.0.conv_3x3.normalization.bias]
Loading weights:   8%|▊         | 26/312 [00:00<00:00, 8089.30it/s, Materializing param=layer.0.conv_3x3.normalization.bias]
Loading weights:   9%|▊         | 27/312 [00:00<00:00, 7394.95it/s, Materializing param=layer.0.conv_3x3.normalization.num_batches_tracked]
Loading weights:   9%|▊         | 27/312 [00:00<00:00, 7310.92it/s, Materializing param=layer.0.conv_3x3.normalization.num_batches_tracked]
Loading weights:   9%|▉         | 28/312 [00:00<00:00, 7211.13it/s, Materializing param=layer.0.conv_3x3.normalization.running_mean]       
Loading weights:   9%|▉         | 28/312 [00:00<00:00, 7150.11it/s, Materializing param=layer.0.conv_3x3.normalization.running_mean]
Loading weights:   9%|▉         | 29/312 [00:00<00:00, 7312.42it/s, Materializing param=layer.0.conv_3x3.normalization.running_var] 
Loading weights:   9%|▉         | 29/312 [00:00<00:00, 7266.12it/s, Materializing param=layer.0.conv_3x3.normalization.running_var]
Loading weights:  10%|▉         | 30/312 [00:00<00:00, 7432.76it/s, Materializing param=layer.0.conv_3x3.normalization.weight]     
Loading weights:  10%|▉         | 30/312 [00:00<00:00, 7385.64it/s, Materializing param=layer.0.conv_3x3.normalization.weight]
Loading weights:  10%|▉         | 31/312 [00:00<00:00, 7520.59it/s, Materializing param=layer.0.expand_1x1.convolution.weight]
Loading weights:  10%|▉         | 31/312 [00:00<00:00, 7482.50it/s, Materializing param=layer.0.expand_1x1.convolution.weight]
Loading weights:  10%|█         | 32/312 [00:00<00:00, 7466.08it/s, Materializing param=layer.0.expand_1x1.normalization.bias]
Loading weights:  10%|█         | 32/312 [00:00<00:00, 7415.75it/s, Materializing param=layer.0.expand_1x1.normalization.bias]
Loading weights:  11%|█         | 33/312 [00:00<00:00, 7425.54it/s, Materializing param=layer.0.expand_1x1.normalization.num_batches_tracked]
Loading weights:  11%|█         | 33/312 [00:00<00:00, 7380.79it/s, Materializing param=layer.0.expand_1x1.normalization.num_batches_tracked]
Loading weights:  11%|█         | 34/312 [00:00<00:00, 7506.78it/s, Materializing param=layer.0.expand_1x1.normalization.running_mean]       
Loading weights:  11%|█         | 34/312 [00:00<00:00, 7467.86it/s, Materializing param=layer.0.expand_1x1.normalization.running_mean]
Loading weights:  11%|█         | 35/312 [00:00<00:00, 7618.88it/s, Materializing param=layer.0.expand_1x1.normalization.running_var] 
Loading weights:  11%|█         | 35/312 [00:00<00:00, 7582.29it/s, Materializing param=layer.0.expand_1x1.normalization.running_var]
Loading weights:  12%|█▏        | 36/312 [00:00<00:00, 7735.00it/s, Materializing param=layer.0.expand_1x1.normalization.weight]     
Loading weights:  12%|█▏        | 36/312 [00:00<00:00, 7700.29it/s, Materializing param=layer.0.expand_1x1.normalization.weight]
Loading weights:  12%|█▏        | 37/312 [00:00<00:00, 7848.94it/s, Materializing param=layer.0.reduce_1x1.convolution.weight]  
Loading weights:  12%|█▏        | 37/312 [00:00<00:00, 7814.16it/s, Materializing param=layer.0.reduce_1x1.convolution.weight]
Loading weights:  12%|█▏        | 38/312 [00:00<00:00, 7948.12it/s, Materializing param=layer.0.reduce_1x1.normalization.bias]
Loading weights:  12%|█▏        | 38/312 [00:00<00:00, 7914.96it/s, Materializing param=layer.0.reduce_1x1.normalization.bias]
Loading weights:  12%|█▎        | 39/312 [00:00<00:00, 8034.67it/s, Materializing param=layer.0.reduce_1x1.normalization.num_batches_tracked]
Loading weights:  12%|█▎        | 39/312 [00:00<00:00, 7991.49it/s, Materializing param=layer.0.reduce_1x1.normalization.num_batches_tracked]
Loading weights:  13%|█▎        | 40/312 [00:00<00:00, 8117.09it/s, Materializing param=layer.0.reduce_1x1.normalization.running_mean]       
Loading weights:  13%|█▎        | 40/312 [00:00<00:00, 8080.73it/s, Materializing param=layer.0.reduce_1x1.normalization.running_mean]
Loading weights:  13%|█▎        | 41/312 [00:00<00:00, 8214.70it/s, Materializing param=layer.0.reduce_1x1.normalization.running_var] 
Loading weights:  13%|█▎        | 41/312 [00:00<00:00, 8178.75it/s, Materializing param=layer.0.reduce_1x1.normalization.running_var]
Loading weights:  13%|█▎        | 42/312 [00:00<00:00, 8316.53it/s, Materializing param=layer.0.reduce_1x1.normalization.weight]     
Loading weights:  13%|█▎        | 42/312 [00:00<00:00, 8284.07it/s, Materializing param=layer.0.reduce_1x1.normalization.weight]
Loading weights:  14%|█▍        | 43/312 [00:00<00:00, 8418.37it/s, Materializing param=layer.1.conv_3x3.convolution.weight]    
Loading weights:  14%|█▍        | 43/312 [00:00<00:00, 8383.93it/s, Materializing param=layer.1.conv_3x3.convolution.weight]
Loading weights:  14%|█▍        | 44/312 [00:00<00:00, 8504.19it/s, Materializing param=layer.1.conv_3x3.normalization.bias]
Loading weights:  14%|█▍        | 44/312 [00:00<00:00, 8471.40it/s, Materializing param=layer.1.conv_3x3.normalization.bias]
Loading weights:  14%|█▍        | 45/312 [00:00<00:00, 8592.93it/s, Materializing param=layer.1.conv_3x3.normalization.num_batches_tracked]
Loading weights:  14%|█▍        | 45/312 [00:00<00:00, 8558.25it/s, Materializing param=layer.1.conv_3x3.normalization.num_batches_tracked]
Loading weights:  15%|█▍        | 46/312 [00:00<00:00, 8681.12it/s, Materializing param=layer.1.conv_3x3.normalization.running_mean]       
Loading weights:  15%|█▍        | 46/312 [00:00<00:00, 8646.89it/s, Materializing param=layer.1.conv_3x3.normalization.running_mean]
Loading weights:  15%|█▌        | 47/312 [00:00<00:00, 8775.09it/s, Materializing param=layer.1.conv_3x3.normalization.running_var] 
Loading weights:  15%|█▌        | 47/312 [00:00<00:00, 8742.40it/s, Materializing param=layer.1.conv_3x3.normalization.running_var]
Loading weights:  15%|█▌        | 48/312 [00:00<00:00, 8864.33it/s, Materializing param=layer.1.conv_3x3.normalization.weight]     
Loading weights:  15%|█▌        | 48/312 [00:00<00:00, 8831.28it/s, Materializing param=layer.1.conv_3x3.normalization.weight]
Loading weights:  16%|█▌        | 49/312 [00:00<00:00, 8954.77it/s, Materializing param=layer.1.expand_1x1.convolution.weight]
Loading weights:  16%|█▌        | 49/312 [00:00<00:00, 8922.11it/s, Materializing param=layer.1.expand_1x1.convolution.weight]
Loading weights:  16%|█▌        | 50/312 [00:00<00:00, 9031.66it/s, Materializing param=layer.1.expand_1x1.normalization.bias]
Loading weights:  16%|█▌        | 50/312 [00:00<00:00, 8999.49it/s, Materializing param=layer.1.expand_1x1.normalization.bias]
Loading weights:  16%|█▋        | 51/312 [00:00<00:00, 9110.67it/s, Materializing param=layer.1.expand_1x1.normalization.num_batches_tracked]
Loading weights:  16%|█▋        | 51/312 [00:00<00:00, 9074.73it/s, Materializing param=layer.1.expand_1x1.normalization.num_batches_tracked]
Loading weights:  17%|█▋        | 52/312 [00:00<00:00, 9162.87it/s, Materializing param=layer.1.expand_1x1.normalization.running_mean]       
Loading weights:  17%|█▋        | 52/312 [00:00<00:00, 9131.03it/s, Materializing param=layer.1.expand_1x1.normalization.running_mean]
Loading weights:  17%|█▋        | 53/312 [00:00<00:00, 9246.24it/s, Materializing param=layer.1.expand_1x1.normalization.running_var] 
Loading weights:  17%|█▋        | 53/312 [00:00<00:00, 9214.05it/s, Materializing param=layer.1.expand_1x1.normalization.running_var]
Loading weights:  17%|█▋        | 54/312 [00:00<00:00, 9324.90it/s, Materializing param=layer.1.expand_1x1.normalization.weight]     
Loading weights:  17%|█▋        | 54/312 [00:00<00:00, 9291.23it/s, Materializing param=layer.1.expand_1x1.normalization.weight]
Loading weights:  18%|█▊        | 55/312 [00:00<00:00, 9385.52it/s, Materializing param=layer.1.reduce_1x1.convolution.weight]  
Loading weights:  18%|█▊        | 55/312 [00:00<00:00, 9352.04it/s, Materializing param=layer.1.reduce_1x1.convolution.weight]
Loading weights:  18%|█▊        | 56/312 [00:00<00:00, 9433.73it/s, Materializing param=layer.1.reduce_1x1.normalization.bias]
Loading weights:  18%|█▊        | 56/312 [00:00<00:00, 9400.51it/s, Materializing param=layer.1.reduce_1x1.normalization.bias]
Loading weights:  18%|█▊        | 57/312 [00:00<00:00, 9502.95it/s, Materializing param=layer.1.reduce_1x1.normalization.num_batches_tracked]
Loading weights:  18%|█▊        | 57/312 [00:00<00:00, 9471.71it/s, Materializing param=layer.1.reduce_1x1.normalization.num_batches_tracked]
Loading weights:  19%|█▊        | 58/312 [00:00<00:00, 9572.65it/s, Materializing param=layer.1.reduce_1x1.normalization.running_mean]       
Loading weights:  19%|█▊        | 58/312 [00:00<00:00, 9539.61it/s, Materializing param=layer.1.reduce_1x1.normalization.running_mean]
Loading weights:  19%|█▉        | 59/312 [00:00<00:00, 9643.58it/s, Materializing param=layer.1.reduce_1x1.normalization.running_var] 
Loading weights:  19%|█▉        | 59/312 [00:00<00:00, 9612.12it/s, Materializing param=layer.1.reduce_1x1.normalization.running_var]
Loading weights:  19%|█▉        | 60/312 [00:00<00:00, 9721.04it/s, Materializing param=layer.1.reduce_1x1.normalization.weight]     
Loading weights:  19%|█▉        | 60/312 [00:00<00:00, 9691.46it/s, Materializing param=layer.1.reduce_1x1.normalization.weight]
Loading weights:  20%|█▉        | 61/312 [00:00<00:00, 9793.02it/s, Materializing param=layer.2.conv_3x3.convolution.weight]    
Loading weights:  20%|█▉        | 61/312 [00:00<00:00, 9763.13it/s, Materializing param=layer.2.conv_3x3.convolution.weight]
Loading weights:  20%|█▉        | 62/312 [00:00<00:00, 9855.49it/s, Materializing param=layer.2.conv_3x3.normalization.bias]
Loading weights:  20%|█▉        | 62/312 [00:00<00:00, 9824.21it/s, Materializing param=layer.2.conv_3x3.normalization.bias]
Loading weights:  20%|██        | 63/312 [00:00<00:00, 9916.36it/s, Materializing param=layer.2.conv_3x3.normalization.num_batches_tracked]
Loading weights:  20%|██        | 63/312 [00:00<00:00, 9883.72it/s, Materializing param=layer.2.conv_3x3.normalization.num_batches_tracked]
Loading weights:  21%|██        | 64/312 [00:00<00:00, 9977.90it/s, Materializing param=layer.2.conv_3x3.normalization.running_mean]       
Loading weights:  21%|██        | 64/312 [00:00<00:00, 9942.42it/s, Materializing param=layer.2.conv_3x3.normalization.running_mean]
Loading weights:  21%|██        | 65/312 [00:00<00:00, 10029.05it/s, Materializing param=layer.2.conv_3x3.normalization.running_var]
Loading weights:  21%|██        | 65/312 [00:00<00:00, 9996.69it/s, Materializing param=layer.2.conv_3x3.normalization.running_var] 
Loading weights:  21%|██        | 66/312 [00:00<00:00, 10097.91it/s, Materializing param=layer.2.conv_3x3.normalization.weight]    
Loading weights:  21%|██        | 66/312 [00:00<00:00, 10067.06it/s, Materializing param=layer.2.conv_3x3.normalization.weight]
Loading weights:  21%|██▏       | 67/312 [00:00<00:00, 10165.62it/s, Materializing param=layer.2.expand_1x1.convolution.weight]
Loading weights:  21%|██▏       | 67/312 [00:00<00:00, 10134.82it/s, Materializing param=layer.2.expand_1x1.convolution.weight]
Loading weights:  22%|██▏       | 68/312 [00:00<00:00, 10206.95it/s, Materializing param=layer.2.expand_1x1.normalization.bias]
Loading weights:  22%|██▏       | 68/312 [00:00<00:00, 10174.90it/s, Materializing param=layer.2.expand_1x1.normalization.bias]
Loading weights:  22%|██▏       | 69/312 [00:00<00:00, 10261.57it/s, Materializing param=layer.2.expand_1x1.normalization.num_batches_tracked]
Loading weights:  22%|██▏       | 69/312 [00:00<00:00, 10229.65it/s, Materializing param=layer.2.expand_1x1.normalization.num_batches_tracked]
Loading weights:  22%|██▏       | 70/312 [00:00<00:00, 10319.90it/s, Materializing param=layer.2.expand_1x1.normalization.running_mean]       
Loading weights:  22%|██▏       | 70/312 [00:00<00:00, 10288.08it/s, Materializing param=layer.2.expand_1x1.normalization.running_mean]
Loading weights:  23%|██▎       | 71/312 [00:00<00:00, 10383.03it/s, Materializing param=layer.2.expand_1x1.normalization.running_var] 
Loading weights:  23%|██▎       | 71/312 [00:00<00:00, 10353.07it/s, Materializing param=layer.2.expand_1x1.normalization.running_var]
Loading weights:  23%|██▎       | 72/312 [00:00<00:00, 10446.95it/s, Materializing param=layer.2.expand_1x1.normalization.weight]     
Loading weights:  23%|██▎       | 72/312 [00:00<00:00, 10416.68it/s, Materializing param=layer.2.expand_1x1.normalization.weight]
Loading weights:  23%|██▎       | 73/312 [00:00<00:00, 10483.96it/s, Materializing param=layer.2.reduce_1x1.convolution.weight]  
Loading weights:  23%|██▎       | 73/312 [00:00<00:00, 10452.47it/s, Materializing param=layer.2.reduce_1x1.convolution.weight]
Loading weights:  24%|██▎       | 74/312 [00:00<00:00, 10533.45it/s, Materializing param=layer.2.reduce_1x1.normalization.bias]
Loading weights:  24%|██▎       | 74/312 [00:00<00:00, 10503.86it/s, Materializing param=layer.2.reduce_1x1.normalization.bias]
Loading weights:  24%|██▍       | 75/312 [00:00<00:00, 10585.62it/s, Materializing param=layer.2.reduce_1x1.normalization.num_batches_tracked]
Loading weights:  24%|██▍       | 75/312 [00:00<00:00, 10555.78it/s, Materializing param=layer.2.reduce_1x1.normalization.num_batches_tracked]
Loading weights:  24%|██▍       | 76/312 [00:00<00:00, 10638.34it/s, Materializing param=layer.2.reduce_1x1.normalization.running_mean]       
Loading weights:  24%|██▍       | 76/312 [00:00<00:00, 10607.18it/s, Materializing param=layer.2.reduce_1x1.normalization.running_mean]
Loading weights:  25%|██▍       | 77/312 [00:00<00:00, 10691.25it/s, Materializing param=layer.2.reduce_1x1.normalization.running_var] 
Loading weights:  25%|██▍       | 77/312 [00:00<00:00, 10661.96it/s, Materializing param=layer.2.reduce_1x1.normalization.running_var]
Loading weights:  25%|██▌       | 78/312 [00:00<00:00, 10748.27it/s, Materializing param=layer.2.reduce_1x1.normalization.weight]     
Loading weights:  25%|██▌       | 78/312 [00:00<00:00, 10718.69it/s, Materializing param=layer.2.reduce_1x1.normalization.weight]
Loading weights:  25%|██▌       | 79/312 [00:00<00:00, 10804.07it/s, Materializing param=layer.3.conv_3x3.convolution.weight]    
Loading weights:  25%|██▌       | 79/312 [00:00<00:00, 10775.96it/s, Materializing param=layer.3.conv_3x3.convolution.weight]
Loading weights:  26%|██▌       | 80/312 [00:00<00:00, 10848.86it/s, Materializing param=layer.3.conv_3x3.normalization.bias]
Loading weights:  26%|██▌       | 80/312 [00:00<00:00, 10819.47it/s, Materializing param=layer.3.conv_3x3.normalization.bias]
Loading weights:  26%|██▌       | 81/312 [00:00<00:00, 10897.44it/s, Materializing param=layer.3.conv_3x3.normalization.num_batches_tracked]
Loading weights:  26%|██▌       | 81/312 [00:00<00:00, 10866.77it/s, Materializing param=layer.3.conv_3x3.normalization.num_batches_tracked]
Loading weights:  26%|██▋       | 82/312 [00:00<00:00, 10927.18it/s, Materializing param=layer.3.conv_3x3.normalization.running_mean]       
Loading weights:  26%|██▋       | 82/312 [00:00<00:00, 10898.44it/s, Materializing param=layer.3.conv_3x3.normalization.running_mean]
Loading weights:  27%|██▋       | 83/312 [00:00<00:00, 10981.59it/s, Materializing param=layer.3.conv_3x3.normalization.running_var] 
Loading weights:  27%|██▋       | 83/312 [00:00<00:00, 10952.56it/s, Materializing param=layer.3.conv_3x3.normalization.running_var]
Loading weights:  27%|██▋       | 84/312 [00:00<00:00, 11034.88it/s, Materializing param=layer.3.conv_3x3.normalization.weight]     
Loading weights:  27%|██▋       | 84/312 [00:00<00:00, 11006.26it/s, Materializing param=layer.3.conv_3x3.normalization.weight]
Loading weights:  27%|██▋       | 85/312 [00:00<00:00, 11085.00it/s, Materializing param=layer.3.expand_1x1.convolution.weight]
Loading weights:  27%|██▋       | 85/312 [00:00<00:00, 11056.47it/s, Materializing param=layer.3.expand_1x1.convolution.weight]
Loading weights:  28%|██▊       | 86/312 [00:00<00:00, 11126.85it/s, Materializing param=layer.3.expand_1x1.normalization.bias]
Loading weights:  28%|██▊       | 86/312 [00:00<00:00, 11099.46it/s, Materializing param=layer.3.expand_1x1.normalization.bias]
Loading weights:  28%|██▊       | 87/312 [00:00<00:00, 11112.60it/s, Materializing param=layer.3.expand_1x1.normalization.num_batches_tracked]
Loading weights:  28%|██▊       | 87/312 [00:00<00:00, 11074.15it/s, Materializing param=layer.3.expand_1x1.normalization.num_batches_tracked]
Loading weights:  28%|██▊       | 88/312 [00:00<00:00, 11133.53it/s, Materializing param=layer.3.expand_1x1.normalization.running_mean]       
Loading weights:  28%|██▊       | 88/312 [00:00<00:00, 11104.05it/s, Materializing param=layer.3.expand_1x1.normalization.running_mean]
Loading weights:  29%|██▊       | 89/312 [00:00<00:00, 11178.11it/s, Materializing param=layer.3.expand_1x1.normalization.running_var] 
Loading weights:  29%|██▊       | 89/312 [00:00<00:00, 11148.73it/s, Materializing param=layer.3.expand_1x1.normalization.running_var]
Loading weights:  29%|██▉       | 90/312 [00:00<00:00, 11222.05it/s, Materializing param=layer.3.expand_1x1.normalization.weight]     
Loading weights:  29%|██▉       | 90/312 [00:00<00:00, 11194.10it/s, Materializing param=layer.3.expand_1x1.normalization.weight]
Loading weights:  29%|██▉       | 91/312 [00:00<00:00, 11248.43it/s, Materializing param=layer.3.reduce_1x1.convolution.weight]  
Loading weights:  29%|██▉       | 91/312 [00:00<00:00, 11219.33it/s, Materializing param=layer.3.reduce_1x1.convolution.weight]
Loading weights:  29%|██▉       | 92/312 [00:00<00:00, 11060.42it/s, Materializing param=layer.3.reduce_1x1.normalization.bias]
Loading weights:  29%|██▉       | 92/312 [00:00<00:00, 11014.01it/s, Materializing param=layer.3.reduce_1x1.normalization.bias]
Loading weights:  30%|██▉       | 93/312 [00:00<00:00, 11059.55it/s, Materializing param=layer.3.reduce_1x1.normalization.num_batches_tracked]
Loading weights:  30%|██▉       | 93/312 [00:00<00:00, 11027.03it/s, Materializing param=layer.3.reduce_1x1.normalization.num_batches_tracked]
Loading weights:  30%|███       | 94/312 [00:00<00:00, 11080.76it/s, Materializing param=layer.3.reduce_1x1.normalization.running_mean]       
Loading weights:  30%|███       | 94/312 [00:00<00:00, 11050.95it/s, Materializing param=layer.3.reduce_1x1.normalization.running_mean]
Loading weights:  30%|███       | 95/312 [00:00<00:00, 11116.16it/s, Materializing param=layer.3.reduce_1x1.normalization.running_var] 
Loading weights:  30%|███       | 95/312 [00:00<00:00, 11087.71it/s, Materializing param=layer.3.reduce_1x1.normalization.running_var]
Loading weights:  31%|███       | 96/312 [00:00<00:00, 11086.88it/s, Materializing param=layer.3.reduce_1x1.normalization.weight]     
Loading weights:  31%|███       | 96/312 [00:00<00:00, 11058.56it/s, Materializing param=layer.3.reduce_1x1.normalization.weight]
Loading weights:  31%|███       | 97/312 [00:00<00:00, 11126.39it/s, Materializing param=layer.4.conv_3x3.convolution.weight]    
Loading weights:  31%|███       | 97/312 [00:00<00:00, 11099.68it/s, Materializing param=layer.4.conv_3x3.convolution.weight]
Loading weights:  31%|███▏      | 98/312 [00:00<00:00, 10921.51it/s, Materializing param=layer.4.conv_3x3.normalization.bias]
Loading weights:  31%|███▏      | 98/312 [00:00<00:00, 10896.03it/s, Materializing param=layer.4.conv_3x3.normalization.bias]
Loading weights:  32%|███▏      | 99/312 [00:00<00:00, 10951.19it/s, Materializing param=layer.4.conv_3x3.normalization.num_batches_tracked]
Loading weights:  32%|███▏      | 99/312 [00:00<00:00, 10925.83it/s, Materializing param=layer.4.conv_3x3.normalization.num_batches_tracked]
Loading weights:  32%|███▏      | 100/312 [00:00<00:00, 10985.32it/s, Materializing param=layer.4.conv_3x3.normalization.running_mean]      
Loading weights:  32%|███▏      | 100/312 [00:00<00:00, 10960.06it/s, Materializing param=layer.4.conv_3x3.normalization.running_mean]
Loading weights:  32%|███▏      | 101/312 [00:00<00:00, 11025.00it/s, Materializing param=layer.4.conv_3x3.normalization.running_var] 
Loading weights:  32%|███▏      | 101/312 [00:00<00:00, 10998.67it/s, Materializing param=layer.4.conv_3x3.normalization.running_var]
Loading weights:  33%|███▎      | 102/312 [00:00<00:00, 11060.47it/s, Materializing param=layer.4.conv_3x3.normalization.weight]     
Loading weights:  33%|███▎      | 102/312 [00:00<00:00, 11036.50it/s, Materializing param=layer.4.conv_3x3.normalization.weight]
Loading weights:  33%|███▎      | 103/312 [00:00<00:00, 11099.18it/s, Materializing param=layer.4.expand_1x1.convolution.weight]
Loading weights:  33%|███▎      | 103/312 [00:00<00:00, 11075.28it/s, Materializing param=layer.4.expand_1x1.convolution.weight]
Loading weights:  33%|███▎      | 104/312 [00:00<00:00, 10966.88it/s, Materializing param=layer.4.expand_1x1.normalization.bias]
Loading weights:  33%|███▎      | 104/312 [00:00<00:00, 10934.71it/s, Materializing param=layer.4.expand_1x1.normalization.bias]
Loading weights:  34%|███▎      | 105/312 [00:00<00:00, 10983.14it/s, Materializing param=layer.4.expand_1x1.normalization.num_batches_tracked]
Loading weights:  34%|███▎      | 105/312 [00:00<00:00, 10954.45it/s, Materializing param=layer.4.expand_1x1.normalization.num_batches_tracked]
Loading weights:  34%|███▍      | 106/312 [00:00<00:00, 10685.61it/s, Materializing param=layer.4.expand_1x1.normalization.running_mean]       
Loading weights:  34%|███▍      | 106/312 [00:00<00:00, 10656.41it/s, Materializing param=layer.4.expand_1x1.normalization.running_mean]
Loading weights:  34%|███▍      | 107/312 [00:00<00:00, 10698.73it/s, Materializing param=layer.4.expand_1x1.normalization.running_var] 
Loading weights:  34%|███▍      | 107/312 [00:00<00:00, 10673.29it/s, Materializing param=layer.4.expand_1x1.normalization.running_var]
Loading weights:  35%|███▍      | 108/312 [00:00<00:00, 10731.19it/s, Materializing param=layer.4.expand_1x1.normalization.weight]     
Loading weights:  35%|███▍      | 108/312 [00:00<00:00, 10708.86it/s, Materializing param=layer.4.expand_1x1.normalization.weight]
Loading weights:  35%|███▍      | 109/312 [00:00<00:00, 10766.53it/s, Materializing param=layer.4.reduce_1x1.convolution.weight]  
Loading weights:  35%|███▍      | 109/312 [00:00<00:00, 10745.27it/s, Materializing param=layer.4.reduce_1x1.convolution.weight]
Loading weights:  35%|███▌      | 110/312 [00:00<00:00, 10799.18it/s, Materializing param=layer.4.reduce_1x1.normalization.bias]
Loading weights:  35%|███▌      | 110/312 [00:00<00:00, 10777.99it/s, Materializing param=layer.4.reduce_1x1.normalization.bias]
Loading weights:  36%|███▌      | 111/312 [00:00<00:00, 10832.20it/s, Materializing param=layer.4.reduce_1x1.normalization.num_batches_tracked]
Loading weights:  36%|███▌      | 111/312 [00:00<00:00, 10809.31it/s, Materializing param=layer.4.reduce_1x1.normalization.num_batches_tracked]
Loading weights:  36%|███▌      | 112/312 [00:00<00:00, 10864.06it/s, Materializing param=layer.4.reduce_1x1.normalization.running_mean]       
Loading weights:  36%|███▌      | 112/312 [00:00<00:00, 10841.00it/s, Materializing param=layer.4.reduce_1x1.normalization.running_mean]
Loading weights:  36%|███▌      | 113/312 [00:00<00:00, 10900.06it/s, Materializing param=layer.4.reduce_1x1.normalization.running_var] 
Loading weights:  36%|███▌      | 113/312 [00:00<00:00, 10878.04it/s, Materializing param=layer.4.reduce_1x1.normalization.running_var]
Loading weights:  37%|███▋      | 114/312 [00:00<00:00, 10935.16it/s, Materializing param=layer.4.reduce_1x1.normalization.weight]     
Loading weights:  37%|███▋      | 114/312 [00:00<00:00, 10914.19it/s, Materializing param=layer.4.reduce_1x1.normalization.weight]
Loading weights:  37%|███▋      | 115/312 [00:00<00:00, 10970.11it/s, Materializing param=layer.5.conv_3x3.convolution.weight]    
Loading weights:  37%|███▋      | 115/312 [00:00<00:00, 10948.20it/s, Materializing param=layer.5.conv_3x3.convolution.weight]
Loading weights:  37%|███▋      | 116/312 [00:00<00:00, 10900.40it/s, Materializing param=layer.5.conv_3x3.normalization.bias]
Loading weights:  37%|███▋      | 116/312 [00:00<00:00, 10877.73it/s, Materializing param=layer.5.conv_3x3.normalization.bias]
Loading weights:  38%|███▊      | 117/312 [00:00<00:00, 10925.34it/s, Materializing param=layer.5.conv_3x3.normalization.num_batches_tracked]
Loading weights:  38%|███▊      | 117/312 [00:00<00:00, 10902.04it/s, Materializing param=layer.5.conv_3x3.normalization.num_batches_tracked]
Loading weights:  38%|███▊      | 118/312 [00:00<00:00, 10664.25it/s, Materializing param=layer.5.conv_3x3.normalization.running_mean]       
Loading weights:  38%|███▊      | 118/312 [00:00<00:00, 10640.41it/s, Materializing param=layer.5.conv_3x3.normalization.running_mean]
Loading weights:  38%|███▊      | 119/312 [00:00<00:00, 10693.79it/s, Materializing param=layer.5.conv_3x3.normalization.running_var] 
Loading weights:  38%|███▊      | 119/312 [00:00<00:00, 10673.67it/s, Materializing param=layer.5.conv_3x3.normalization.running_var]
Loading weights:  38%|███▊      | 120/312 [00:00<00:00, 10727.81it/s, Materializing param=layer.5.conv_3x3.normalization.weight]     
Loading weights:  38%|███▊      | 120/312 [00:00<00:00, 10708.41it/s, Materializing param=layer.5.conv_3x3.normalization.weight]
Loading weights:  39%|███▉      | 121/312 [00:00<00:00, 10763.29it/s, Materializing param=layer.5.expand_1x1.convolution.weight]
Loading weights:  39%|███▉      | 121/312 [00:00<00:00, 10745.06it/s, Materializing param=layer.5.expand_1x1.convolution.weight]
Loading weights:  39%|███▉      | 122/312 [00:00<00:00, 10794.33it/s, Materializing param=layer.5.expand_1x1.normalization.bias]
Loading weights:  39%|███▉      | 122/312 [00:00<00:00, 10775.46it/s, Materializing param=layer.5.expand_1x1.normalization.bias]
Loading weights:  39%|███▉      | 123/312 [00:00<00:00, 10818.00it/s, Materializing param=layer.5.expand_1x1.normalization.num_batches_tracked]
Loading weights:  39%|███▉      | 123/312 [00:00<00:00, 10798.97it/s, Materializing param=layer.5.expand_1x1.normalization.num_batches_tracked]
Loading weights:  40%|███▉      | 124/312 [00:00<00:00, 10850.43it/s, Materializing param=layer.5.expand_1x1.normalization.running_mean]       
Loading weights:  40%|███▉      | 124/312 [00:00<00:00, 10831.45it/s, Materializing param=layer.5.expand_1x1.normalization.running_mean]
Loading weights:  40%|████      | 125/312 [00:00<00:00, 10886.60it/s, Materializing param=layer.5.expand_1x1.normalization.running_var] 
Loading weights:  40%|████      | 125/312 [00:00<00:00, 10868.55it/s, Materializing param=layer.5.expand_1x1.normalization.running_var]
Loading weights:  40%|████      | 126/312 [00:00<00:00, 10922.22it/s, Materializing param=layer.5.expand_1x1.normalization.weight]     
Loading weights:  40%|████      | 126/312 [00:00<00:00, 10904.41it/s, Materializing param=layer.5.expand_1x1.normalization.weight]
Loading weights:  41%|████      | 127/312 [00:00<00:00, 10956.59it/s, Materializing param=layer.5.reduce_1x1.convolution.weight]  
Loading weights:  41%|████      | 127/312 [00:00<00:00, 10938.82it/s, Materializing param=layer.5.reduce_1x1.convolution.weight]
Loading weights:  41%|████      | 128/312 [00:00<00:00, 10984.12it/s, Materializing param=layer.5.reduce_1x1.normalization.bias]
Loading weights:  41%|████      | 128/312 [00:00<00:00, 10965.50it/s, Materializing param=layer.5.reduce_1x1.normalization.bias]
Loading weights:  41%|████▏     | 129/312 [00:00<00:00, 10893.42it/s, Materializing param=layer.5.reduce_1x1.normalization.num_batches_tracked]
Loading weights:  41%|████▏     | 129/312 [00:00<00:00, 10870.44it/s, Materializing param=layer.5.reduce_1x1.normalization.num_batches_tracked]
Loading weights:  42%|████▏     | 130/312 [00:00<00:00, 10894.30it/s, Materializing param=layer.5.reduce_1x1.normalization.running_mean]       
Loading weights:  42%|████▏     | 130/312 [00:00<00:00, 10872.36it/s, Materializing param=layer.5.reduce_1x1.normalization.running_mean]
Loading weights:  42%|████▏     | 131/312 [00:00<00:00, 10921.15it/s, Materializing param=layer.5.reduce_1x1.normalization.running_var] 
Loading weights:  42%|████▏     | 131/312 [00:00<00:00, 10902.94it/s, Materializing param=layer.5.reduce_1x1.normalization.running_var]
Loading weights:  42%|████▏     | 132/312 [00:00<00:00, 10886.58it/s, Materializing param=layer.5.reduce_1x1.normalization.weight]     
Loading weights:  42%|████▏     | 132/312 [00:00<00:00, 10866.93it/s, Materializing param=layer.5.reduce_1x1.normalization.weight]
Loading weights:  43%|████▎     | 133/312 [00:00<00:00, 10886.43it/s, Materializing param=layer.6.conv_3x3.convolution.weight]    
Loading weights:  43%|████▎     | 133/312 [00:00<00:00, 10865.86it/s, Materializing param=layer.6.conv_3x3.convolution.weight]
Loading weights:  43%|████▎     | 134/312 [00:00<00:00, 10907.62it/s, Materializing param=layer.6.conv_3x3.normalization.bias]
Loading weights:  43%|████▎     | 134/312 [00:00<00:00, 10889.02it/s, Materializing param=layer.6.conv_3x3.normalization.bias]
Loading weights:  43%|████▎     | 135/312 [00:00<00:00, 10932.16it/s, Materializing param=layer.6.conv_3x3.normalization.num_batches_tracked]
Loading weights:  43%|████▎     | 135/312 [00:00<00:00, 10913.61it/s, Materializing param=layer.6.conv_3x3.normalization.num_batches_tracked]
Loading weights:  44%|████▎     | 136/312 [00:00<00:00, 10870.42it/s, Materializing param=layer.6.conv_3x3.normalization.running_mean]       
Loading weights:  44%|████▎     | 136/312 [00:00<00:00, 10849.54it/s, Materializing param=layer.6.conv_3x3.normalization.running_mean]
Loading weights:  44%|████▍     | 137/312 [00:00<00:00, 10897.19it/s, Materializing param=layer.6.conv_3x3.normalization.running_var] 
Loading weights:  44%|████▍     | 137/312 [00:00<00:00, 10879.86it/s, Materializing param=layer.6.conv_3x3.normalization.running_var]
Loading weights:  44%|████▍     | 138/312 [00:00<00:00, 10929.06it/s, Materializing param=layer.6.conv_3x3.normalization.weight]     
Loading weights:  44%|████▍     | 138/312 [00:00<00:00, 10910.93it/s, Materializing param=layer.6.conv_3x3.normalization.weight]
Loading weights:  45%|████▍     | 139/312 [00:00<00:00, 10847.47it/s, Materializing param=layer.6.expand_1x1.convolution.weight]
Loading weights:  45%|████▍     | 139/312 [00:00<00:00, 10828.94it/s, Materializing param=layer.6.expand_1x1.convolution.weight]
Loading weights:  45%|████▍     | 140/312 [00:00<00:00, 10871.10it/s, Materializing param=layer.6.expand_1x1.normalization.bias]
Loading weights:  45%|████▍     | 140/312 [00:00<00:00, 10852.62it/s, Materializing param=layer.6.expand_1x1.normalization.bias]
Loading weights:  45%|████▌     | 141/312 [00:00<00:00, 10887.08it/s, Materializing param=layer.6.expand_1x1.normalization.num_batches_tracked]
Loading weights:  45%|████▌     | 141/312 [00:00<00:00, 10868.67it/s, Materializing param=layer.6.expand_1x1.normalization.num_batches_tracked]
Loading weights:  46%|████▌     | 142/312 [00:00<00:00, 10574.94it/s, Materializing param=layer.6.expand_1x1.normalization.running_mean]       
Loading weights:  46%|████▌     | 142/312 [00:00<00:00, 10554.51it/s, Materializing param=layer.6.expand_1x1.normalization.running_mean]
Loading weights:  46%|████▌     | 143/312 [00:00<00:00, 10595.61it/s, Materializing param=layer.6.expand_1x1.normalization.running_var] 
Loading weights:  46%|████▌     | 143/312 [00:00<00:00, 10577.67it/s, Materializing param=layer.6.expand_1x1.normalization.running_var]
Loading weights:  46%|████▌     | 144/312 [00:00<00:00, 10622.60it/s, Materializing param=layer.6.expand_1x1.normalization.weight]     
Loading weights:  46%|████▌     | 144/312 [00:00<00:00, 10606.93it/s, Materializing param=layer.6.expand_1x1.normalization.weight]
Loading weights:  46%|████▋     | 145/312 [00:00<00:00, 10651.59it/s, Materializing param=layer.6.reduce_1x1.convolution.weight]  
Loading weights:  46%|████▋     | 145/312 [00:00<00:00, 10635.95it/s, Materializing param=layer.6.reduce_1x1.convolution.weight]
Loading weights:  47%|████▋     | 146/312 [00:00<00:00, 10555.89it/s, Materializing param=layer.6.reduce_1x1.normalization.bias]
Loading weights:  47%|████▋     | 146/312 [00:00<00:00, 10539.36it/s, Materializing param=layer.6.reduce_1x1.normalization.bias]
Loading weights:  47%|████▋     | 147/312 [00:00<00:00, 10572.43it/s, Materializing param=layer.6.reduce_1x1.normalization.num_batches_tracked]
Loading weights:  47%|████▋     | 147/312 [00:00<00:00, 10555.77it/s, Materializing param=layer.6.reduce_1x1.normalization.num_batches_tracked]
Loading weights:  47%|████▋     | 148/312 [00:00<00:00, 10591.86it/s, Materializing param=layer.6.reduce_1x1.normalization.running_mean]       
Loading weights:  47%|████▋     | 148/312 [00:00<00:00, 10576.70it/s, Materializing param=layer.6.reduce_1x1.normalization.running_mean]
Loading weights:  48%|████▊     | 149/312 [00:00<00:00, 10622.46it/s, Materializing param=layer.6.reduce_1x1.normalization.running_var] 
Loading weights:  48%|████▊     | 149/312 [00:00<00:00, 10607.32it/s, Materializing param=layer.6.reduce_1x1.normalization.running_var]
Loading weights:  48%|████▊     | 150/312 [00:00<00:00, 10652.65it/s, Materializing param=layer.6.reduce_1x1.normalization.weight]     
Loading weights:  48%|████▊     | 150/312 [00:00<00:00, 10638.42it/s, Materializing param=layer.6.reduce_1x1.normalization.weight]
Loading weights:  48%|████▊     | 151/312 [00:00<00:00, 10673.61it/s, Materializing param=layer.7.conv_3x3.convolution.weight]    
Loading weights:  48%|████▊     | 151/312 [00:00<00:00, 10658.52it/s, Materializing param=layer.7.conv_3x3.convolution.weight]
Loading weights:  49%|████▊     | 152/312 [00:00<00:00, 10608.60it/s, Materializing param=layer.7.conv_3x3.normalization.bias]
Loading weights:  49%|████▊     | 152/312 [00:00<00:00, 10591.50it/s, Materializing param=layer.7.conv_3x3.normalization.bias]
Loading weights:  49%|████▉     | 153/312 [00:00<00:00, 10574.92it/s, Materializing param=layer.7.conv_3x3.normalization.num_batches_tracked]
Loading weights:  49%|████▉     | 153/312 [00:00<00:00, 10557.52it/s, Materializing param=layer.7.conv_3x3.normalization.num_batches_tracked]
Loading weights:  49%|████▉     | 154/312 [00:00<00:00, 10074.60it/s, Materializing param=layer.7.conv_3x3.normalization.running_mean]       
Loading weights:  49%|████▉     | 154/312 [00:00<00:00, 10057.34it/s, Materializing param=layer.7.conv_3x3.normalization.running_mean]
Loading weights:  50%|████▉     | 155/312 [00:00<00:00, 10095.77it/s, Materializing param=layer.7.conv_3x3.normalization.running_var] 
Loading weights:  50%|████▉     | 155/312 [00:00<00:00, 10082.62it/s, Materializing param=layer.7.conv_3x3.normalization.running_var]
Loading weights:  50%|█████     | 156/312 [00:00<00:00, 10109.41it/s, Materializing param=layer.7.conv_3x3.normalization.weight]     
Loading weights:  50%|█████     | 156/312 [00:00<00:00, 10093.19it/s, Materializing param=layer.7.conv_3x3.normalization.weight]
Loading weights:  50%|█████     | 157/312 [00:00<00:00, 10128.36it/s, Materializing param=layer.7.expand_1x1.convolution.weight]
Loading weights:  50%|█████     | 157/312 [00:00<00:00, 10114.05it/s, Materializing param=layer.7.expand_1x1.convolution.weight]
Loading weights:  51%|█████     | 158/312 [00:00<00:00, 10145.75it/s, Materializing param=layer.7.expand_1x1.normalization.bias]
Loading weights:  51%|█████     | 158/312 [00:00<00:00, 10132.10it/s, Materializing param=layer.7.expand_1x1.normalization.bias]
Loading weights:  51%|█████     | 159/312 [00:00<00:00, 10159.72it/s, Materializing param=layer.7.expand_1x1.normalization.num_batches_tracked]
Loading weights:  51%|█████     | 159/312 [00:00<00:00, 10039.20it/s, Materializing param=layer.7.expand_1x1.normalization.num_batches_tracked]
Loading weights:  51%|█████▏    | 160/312 [00:00<00:00, 10026.27it/s, Materializing param=layer.7.expand_1x1.normalization.running_mean]       
Loading weights:  51%|█████▏    | 160/312 [00:00<00:00, 10009.97it/s, Materializing param=layer.7.expand_1x1.normalization.running_mean]
Loading weights:  52%|█████▏    | 161/312 [00:00<00:00, 10048.11it/s, Materializing param=layer.7.expand_1x1.normalization.running_var] 
Loading weights:  52%|█████▏    | 161/312 [00:00<00:00, 10034.22it/s, Materializing param=layer.7.expand_1x1.normalization.running_var]
Loading weights:  52%|█████▏    | 162/312 [00:00<00:00, 10073.94it/s, Materializing param=layer.7.expand_1x1.normalization.weight]     
Loading weights:  52%|█████▏    | 162/312 [00:00<00:00, 10060.81it/s, Materializing param=layer.7.expand_1x1.normalization.weight]
Loading weights:  52%|█████▏    | 163/312 [00:00<00:00, 10101.08it/s, Materializing param=layer.7.reduce_1x1.convolution.weight]  
Loading weights:  52%|█████▏    | 163/312 [00:00<00:00, 10088.56it/s, Materializing param=layer.7.reduce_1x1.convolution.weight]
Loading weights:  53%|█████▎    | 164/312 [00:00<00:00, 10110.92it/s, Materializing param=layer.7.reduce_1x1.normalization.bias]
Loading weights:  53%|█████▎    | 164/312 [00:00<00:00, 10097.85it/s, Materializing param=layer.7.reduce_1x1.normalization.bias]
Loading weights:  53%|█████▎    | 165/312 [00:00<00:00, 10121.39it/s, Materializing param=layer.7.reduce_1x1.normalization.num_batches_tracked]
Loading weights:  53%|█████▎    | 165/312 [00:00<00:00, 10048.64it/s, Materializing param=layer.7.reduce_1x1.normalization.num_batches_tracked]
Loading weights:  53%|█████▎    | 166/312 [00:00<00:00, 10075.17it/s, Materializing param=layer.7.reduce_1x1.normalization.running_mean]       
Loading weights:  53%|█████▎    | 166/312 [00:00<00:00, 10059.45it/s, Materializing param=layer.7.reduce_1x1.normalization.running_mean]
Loading weights:  54%|█████▎    | 167/312 [00:00<00:00, 10097.29it/s, Materializing param=layer.7.reduce_1x1.normalization.running_var] 
Loading weights:  54%|█████▎    | 167/312 [00:00<00:00, 10084.49it/s, Materializing param=layer.7.reduce_1x1.normalization.running_var]
Loading weights:  54%|█████▍    | 168/312 [00:00<00:00, 10124.18it/s, Materializing param=layer.7.reduce_1x1.normalization.weight]     
Loading weights:  54%|█████▍    | 168/312 [00:00<00:00, 10112.56it/s, Materializing param=layer.7.reduce_1x1.normalization.weight]
Loading weights:  54%|█████▍    | 169/312 [00:00<00:00, 10147.12it/s, Materializing param=layer.8.conv_3x3.convolution.weight]    
Loading weights:  54%|█████▍    | 169/312 [00:00<00:00, 10134.21it/s, Materializing param=layer.8.conv_3x3.convolution.weight]
Loading weights:  54%|█████▍    | 170/312 [00:00<00:00, 10165.11it/s, Materializing param=layer.8.conv_3x3.normalization.bias]
Loading weights:  54%|█████▍    | 170/312 [00:00<00:00, 10153.53it/s, Materializing param=layer.8.conv_3x3.normalization.bias]
Loading weights:  55%|█████▍    | 171/312 [00:00<00:00, 10180.93it/s, Materializing param=layer.8.conv_3x3.normalization.num_batches_tracked]
Loading weights:  55%|█████▍    | 171/312 [00:00<00:00, 10168.80it/s, Materializing param=layer.8.conv_3x3.normalization.num_batches_tracked]
Loading weights:  55%|█████▌    | 172/312 [00:00<00:00, 10169.59it/s, Materializing param=layer.8.conv_3x3.normalization.running_mean]       
Loading weights:  55%|█████▌    | 172/312 [00:00<00:00, 10157.56it/s, Materializing param=layer.8.conv_3x3.normalization.running_mean]
Loading weights:  55%|█████▌    | 173/312 [00:00<00:00, 10196.23it/s, Materializing param=layer.8.conv_3x3.normalization.running_var] 
Loading weights:  55%|█████▌    | 173/312 [00:00<00:00, 10184.21it/s, Materializing param=layer.8.conv_3x3.normalization.running_var]
Loading weights:  56%|█████▌    | 174/312 [00:00<00:00, 10223.13it/s, Materializing param=layer.8.conv_3x3.normalization.weight]     
Loading weights:  56%|█████▌    | 174/312 [00:00<00:00, 10211.83it/s, Materializing param=layer.8.conv_3x3.normalization.weight]
Loading weights:  56%|█████▌    | 175/312 [00:00<00:00, 10249.58it/s, Materializing param=layer.8.expand_1x1.convolution.weight]
Loading weights:  56%|█████▌    | 175/312 [00:00<00:00, 10237.43it/s, Materializing param=layer.8.expand_1x1.convolution.weight]
Loading weights:  56%|█████▋    | 176/312 [00:00<00:00, 10267.15it/s, Materializing param=layer.8.expand_1x1.normalization.bias]
Loading weights:  56%|█████▋    | 176/312 [00:00<00:00, 10255.88it/s, Materializing param=layer.8.expand_1x1.normalization.bias]
Loading weights:  57%|█████▋    | 177/312 [00:00<00:00, 10291.27it/s, Materializing param=layer.8.expand_1x1.normalization.num_batches_tracked]
Loading weights:  57%|█████▋    | 177/312 [00:00<00:00, 10278.73it/s, Materializing param=layer.8.expand_1x1.normalization.num_batches_tracked]
Loading weights:  57%|█████▋    | 178/312 [00:00<00:00, 10312.82it/s, Materializing param=layer.8.expand_1x1.normalization.running_mean]       
Loading weights:  57%|█████▋    | 178/312 [00:00<00:00, 10301.01it/s, Materializing param=layer.8.expand_1x1.normalization.running_mean]
Loading weights:  57%|█████▋    | 179/312 [00:00<00:00, 10338.48it/s, Materializing param=layer.8.expand_1x1.normalization.running_var] 
Loading weights:  57%|█████▋    | 179/312 [00:00<00:00, 10326.54it/s, Materializing param=layer.8.expand_1x1.normalization.running_var]
Loading weights:  58%|█████▊    | 180/312 [00:00<00:00, 10364.41it/s, Materializing param=layer.8.expand_1x1.normalization.weight]     
Loading weights:  58%|█████▊    | 180/312 [00:00<00:00, 10353.75it/s, Materializing param=layer.8.expand_1x1.normalization.weight]
Loading weights:  58%|█████▊    | 181/312 [00:00<00:00, 10390.89it/s, Materializing param=layer.8.reduce_1x1.convolution.weight]  
Loading weights:  58%|█████▊    | 181/312 [00:00<00:00, 10379.10it/s, Materializing param=layer.8.reduce_1x1.convolution.weight]
Loading weights:  58%|█████▊    | 182/312 [00:00<00:00, 10356.17it/s, Materializing param=layer.8.reduce_1x1.normalization.bias]
Loading weights:  58%|█████▊    | 182/312 [00:00<00:00, 10339.75it/s, Materializing param=layer.8.reduce_1x1.normalization.bias]
Loading weights:  59%|█████▊    | 183/312 [00:00<00:00, 10352.40it/s, Materializing param=layer.8.reduce_1x1.normalization.num_batches_tracked]
Loading weights:  59%|█████▊    | 183/312 [00:00<00:00, 10337.75it/s, Materializing param=layer.8.reduce_1x1.normalization.num_batches_tracked]
Loading weights:  59%|█████▉    | 184/312 [00:00<00:00, 10370.78it/s, Materializing param=layer.8.reduce_1x1.normalization.running_mean]       
Loading weights:  59%|█████▉    | 184/312 [00:00<00:00, 10359.23it/s, Materializing param=layer.8.reduce_1x1.normalization.running_mean]
Loading weights:  59%|█████▉    | 185/312 [00:00<00:00, 10395.01it/s, Materializing param=layer.8.reduce_1x1.normalization.running_var] 
Loading weights:  59%|█████▉    | 185/312 [00:00<00:00, 10383.89it/s, Materializing param=layer.8.reduce_1x1.normalization.running_var]
Loading weights:  60%|█████▉    | 186/312 [00:00<00:00, 10420.07it/s, Materializing param=layer.8.reduce_1x1.normalization.weight]     
Loading weights:  60%|█████▉    | 186/312 [00:00<00:00, 10408.54it/s, Materializing param=layer.8.reduce_1x1.normalization.weight]
Loading weights:  60%|█████▉    | 187/312 [00:00<00:00, 10410.33it/s, Materializing param=layer.9.conv_3x3.convolution.weight]    
Loading weights:  60%|█████▉    | 187/312 [00:00<00:00, 10398.18it/s, Materializing param=layer.9.conv_3x3.convolution.weight]
Loading weights:  60%|██████    | 188/312 [00:00<00:00, 10424.21it/s, Materializing param=layer.9.conv_3x3.normalization.bias]
Loading weights:  60%|██████    | 188/312 [00:00<00:00, 10413.20it/s, Materializing param=layer.9.conv_3x3.normalization.bias]
Loading weights:  61%|██████    | 189/312 [00:00<00:00, 10410.30it/s, Materializing param=layer.9.conv_3x3.normalization.num_batches_tracked]
Loading weights:  61%|██████    | 189/312 [00:00<00:00, 10395.42it/s, Materializing param=layer.9.conv_3x3.normalization.num_batches_tracked]
Loading weights:  61%|██████    | 190/312 [00:00<00:00, 10189.33it/s, Materializing param=layer.9.conv_3x3.normalization.running_mean]       
Loading weights:  61%|██████    | 190/312 [00:00<00:00, 10171.25it/s, Materializing param=layer.9.conv_3x3.normalization.running_mean]
Loading weights:  61%|██████    | 191/312 [00:00<00:00, 10200.18it/s, Materializing param=layer.9.conv_3x3.normalization.running_var] 
Loading weights:  61%|██████    | 191/312 [00:00<00:00, 10188.77it/s, Materializing param=layer.9.conv_3x3.normalization.running_var]
Loading weights:  62%|██████▏   | 192/312 [00:00<00:00, 10221.44it/s, Materializing param=layer.9.conv_3x3.normalization.weight]     
Loading weights:  62%|██████▏   | 192/312 [00:00<00:00, 10209.52it/s, Materializing param=layer.9.conv_3x3.normalization.weight]
Loading weights:  62%|██████▏   | 193/312 [00:00<00:00, 10222.52it/s, Materializing param=layer.9.expand_1x1.convolution.weight]
Loading weights:  62%|██████▏   | 193/312 [00:00<00:00, 10204.60it/s, Materializing param=layer.9.expand_1x1.convolution.weight]
Loading weights:  62%|██████▏   | 194/312 [00:00<00:00, 10205.63it/s, Materializing param=layer.9.expand_1x1.normalization.bias]
Loading weights:  62%|██████▏   | 194/312 [00:00<00:00, 10193.36it/s, Materializing param=layer.9.expand_1x1.normalization.bias]
Loading weights:  62%|██████▎   | 195/312 [00:00<00:00, 10223.87it/s, Materializing param=layer.9.expand_1x1.normalization.num_batches_tracked]
Loading weights:  62%|██████▎   | 195/312 [00:00<00:00, 10212.64it/s, Materializing param=layer.9.expand_1x1.normalization.num_batches_tracked]
Loading weights:  63%|██████▎   | 196/312 [00:00<00:00, 10243.01it/s, Materializing param=layer.9.expand_1x1.normalization.running_mean]       
Loading weights:  63%|██████▎   | 196/312 [00:00<00:00, 10232.30it/s, Materializing param=layer.9.expand_1x1.normalization.running_mean]
Loading weights:  63%|██████▎   | 197/312 [00:00<00:00, 10198.32it/s, Materializing param=layer.9.expand_1x1.normalization.running_var] 
Loading weights:  63%|██████▎   | 197/312 [00:00<00:00, 10186.12it/s, Materializing param=layer.9.expand_1x1.normalization.running_var]
Loading weights:  63%|██████▎   | 198/312 [00:00<00:00, 10218.18it/s, Materializing param=layer.9.expand_1x1.normalization.weight]     
Loading weights:  63%|██████▎   | 198/312 [00:00<00:00, 10207.75it/s, Materializing param=layer.9.expand_1x1.normalization.weight]
Loading weights:  64%|██████▍   | 199/312 [00:00<00:00, 10238.67it/s, Materializing param=layer.9.reduce_1x1.convolution.weight]  
Loading weights:  64%|██████▍   | 199/312 [00:00<00:00, 10227.63it/s, Materializing param=layer.9.reduce_1x1.convolution.weight]
Loading weights:  64%|██████▍   | 200/312 [00:00<00:00, 10128.60it/s, Materializing param=layer.9.reduce_1x1.normalization.bias]
Loading weights:  64%|██████▍   | 200/312 [00:00<00:00, 10117.36it/s, Materializing param=layer.9.reduce_1x1.normalization.bias]
Loading weights:  64%|██████▍   | 201/312 [00:00<00:00, 10146.90it/s, Materializing param=layer.9.reduce_1x1.normalization.num_batches_tracked]
Loading weights:  64%|██████▍   | 201/312 [00:00<00:00, 10136.65it/s, Materializing param=layer.9.reduce_1x1.normalization.num_batches_tracked]
Loading weights:  65%|██████▍   | 202/312 [00:00<00:00, 10167.03it/s, Materializing param=layer.9.reduce_1x1.normalization.running_mean]       
Loading weights:  65%|██████▍   | 202/312 [00:00<00:00, 10156.80it/s, Materializing param=layer.9.reduce_1x1.normalization.running_mean]
Loading weights:  65%|██████▌   | 203/312 [00:00<00:00, 10190.22it/s, Materializing param=layer.9.reduce_1x1.normalization.running_var] 
Loading weights:  65%|██████▌   | 203/312 [00:00<00:00, 10180.47it/s, Materializing param=layer.9.reduce_1x1.normalization.running_var]
Loading weights:  65%|██████▌   | 204/312 [00:00<00:00, 10213.77it/s, Materializing param=layer.9.reduce_1x1.normalization.weight]     
Loading weights:  65%|██████▌   | 204/312 [00:00<00:00, 10203.54it/s, Materializing param=layer.9.reduce_1x1.normalization.weight]
Loading weights:  66%|██████▌   | 205/312 [00:00<00:00, 10235.25it/s, Materializing param=layer.10.conv_3x3.convolution.weight]   
Loading weights:  66%|██████▌   | 205/312 [00:00<00:00, 10225.39it/s, Materializing param=layer.10.conv_3x3.convolution.weight]
Loading weights:  66%|██████▌   | 206/312 [00:00<00:00, 10253.80it/s, Materializing param=layer.10.conv_3x3.normalization.bias]
Loading weights:  66%|██████▌   | 206/312 [00:00<00:00, 10243.59it/s, Materializing param=layer.10.conv_3x3.normalization.bias]
Loading weights:  66%|██████▋   | 207/312 [00:00<00:00, 9987.47it/s, Materializing param=layer.10.conv_3x3.normalization.num_batches_tracked]
Loading weights:  66%|██████▋   | 207/312 [00:00<00:00, 9971.07it/s, Materializing param=layer.10.conv_3x3.normalization.num_batches_tracked]
Loading weights:  67%|██████▋   | 208/312 [00:00<00:00, 9996.51it/s, Materializing param=layer.10.conv_3x3.normalization.running_mean]       
Loading weights:  67%|██████▋   | 208/312 [00:00<00:00, 9986.10it/s, Materializing param=layer.10.conv_3x3.normalization.running_mean]
Loading weights:  67%|██████▋   | 209/312 [00:00<00:00, 10016.33it/s, Materializing param=layer.10.conv_3x3.normalization.running_var]
Loading weights:  67%|██████▋   | 209/312 [00:00<00:00, 10006.16it/s, Materializing param=layer.10.conv_3x3.normalization.running_var]
Loading weights:  67%|██████▋   | 210/312 [00:00<00:00, 10035.94it/s, Materializing param=layer.10.conv_3x3.normalization.weight]     
Loading weights:  67%|██████▋   | 210/312 [00:00<00:00, 10026.22it/s, Materializing param=layer.10.conv_3x3.normalization.weight]
Loading weights:  68%|██████▊   | 211/312 [00:00<00:00, 10054.74it/s, Materializing param=layer.10.expand_1x1.convolution.weight]
Loading weights:  68%|██████▊   | 211/312 [00:00<00:00, 10045.72it/s, Materializing param=layer.10.expand_1x1.convolution.weight]
Loading weights:  68%|██████▊   | 212/312 [00:00<00:00, 10074.69it/s, Materializing param=layer.10.expand_1x1.normalization.bias]
Loading weights:  68%|██████▊   | 212/312 [00:00<00:00, 10065.46it/s, Materializing param=layer.10.expand_1x1.normalization.bias]
Loading weights:  68%|██████▊   | 213/312 [00:00<00:00, 9931.82it/s, Materializing param=layer.10.expand_1x1.normalization.num_batches_tracked]
Loading weights:  68%|██████▊   | 213/312 [00:00<00:00, 9922.66it/s, Materializing param=layer.10.expand_1x1.normalization.num_batches_tracked]
Loading weights:  69%|██████▊   | 214/312 [00:00<00:00, 9950.68it/s, Materializing param=layer.10.expand_1x1.normalization.running_mean]       
Loading weights:  69%|██████▊   | 214/312 [00:00<00:00, 9941.97it/s, Materializing param=layer.10.expand_1x1.normalization.running_mean]
Loading weights:  69%|██████▉   | 215/312 [00:00<00:00, 9970.21it/s, Materializing param=layer.10.expand_1x1.normalization.running_var] 
Loading weights:  69%|██████▉   | 215/312 [00:00<00:00, 9960.19it/s, Materializing param=layer.10.expand_1x1.normalization.running_var]
Loading weights:  69%|██████▉   | 216/312 [00:00<00:00, 9937.04it/s, Materializing param=layer.10.expand_1x1.normalization.weight]     
Loading weights:  69%|██████▉   | 216/312 [00:00<00:00, 9926.04it/s, Materializing param=layer.10.expand_1x1.normalization.weight]
Loading weights:  70%|██████▉   | 217/312 [00:00<00:00, 9954.22it/s, Materializing param=layer.10.reduce_1x1.convolution.weight]  
Loading weights:  70%|██████▉   | 217/312 [00:00<00:00, 9944.54it/s, Materializing param=layer.10.reduce_1x1.convolution.weight]
Loading weights:  70%|██████▉   | 218/312 [00:00<00:00, 9968.91it/s, Materializing param=layer.10.reduce_1x1.normalization.bias]
Loading weights:  70%|██████▉   | 218/312 [00:00<00:00, 9959.35it/s, Materializing param=layer.10.reduce_1x1.normalization.bias]
Loading weights:  70%|███████   | 219/312 [00:00<00:00, 9876.48it/s, Materializing param=layer.10.reduce_1x1.normalization.num_batches_tracked]
Loading weights:  70%|███████   | 219/312 [00:00<00:00, 9866.19it/s, Materializing param=layer.10.reduce_1x1.normalization.num_batches_tracked]
Loading weights:  71%|███████   | 220/312 [00:00<00:00, 9893.50it/s, Materializing param=layer.10.reduce_1x1.normalization.running_mean]       
Loading weights:  71%|███████   | 220/312 [00:00<00:00, 9884.17it/s, Materializing param=layer.10.reduce_1x1.normalization.running_mean]
Loading weights:  71%|███████   | 221/312 [00:00<00:00, 9913.39it/s, Materializing param=layer.10.reduce_1x1.normalization.running_var] 
Loading weights:  71%|███████   | 221/312 [00:00<00:00, 9904.06it/s, Materializing param=layer.10.reduce_1x1.normalization.running_var]
Loading weights:  71%|███████   | 222/312 [00:00<00:00, 9934.23it/s, Materializing param=layer.10.reduce_1x1.normalization.weight]     
Loading weights:  71%|███████   | 222/312 [00:00<00:00, 9925.34it/s, Materializing param=layer.10.reduce_1x1.normalization.weight]
Loading weights:  71%|███████▏  | 223/312 [00:00<00:00, 9953.49it/s, Materializing param=layer.11.conv_3x3.convolution.weight]    
Loading weights:  71%|███████▏  | 223/312 [00:00<00:00, 9944.71it/s, Materializing param=layer.11.conv_3x3.convolution.weight]
Loading weights:  72%|███████▏  | 224/312 [00:00<00:00, 9970.12it/s, Materializing param=layer.11.conv_3x3.normalization.bias]
Loading weights:  72%|███████▏  | 224/312 [00:00<00:00, 9961.34it/s, Materializing param=layer.11.conv_3x3.normalization.bias]
Loading weights:  72%|███████▏  | 225/312 [00:00<00:00, 9987.18it/s, Materializing param=layer.11.conv_3x3.normalization.num_batches_tracked]
Loading weights:  72%|███████▏  | 225/312 [00:00<00:00, 9977.78it/s, Materializing param=layer.11.conv_3x3.normalization.num_batches_tracked]
Loading weights:  72%|███████▏  | 226/312 [00:00<00:00, 9817.13it/s, Materializing param=layer.11.conv_3x3.normalization.running_mean]       
Loading weights:  72%|███████▏  | 226/312 [00:00<00:00, 9806.47it/s, Materializing param=layer.11.conv_3x3.normalization.running_mean]
Loading weights:  73%|███████▎  | 227/312 [00:00<00:00, 9832.36it/s, Materializing param=layer.11.conv_3x3.normalization.running_var] 
Loading weights:  73%|███████▎  | 227/312 [00:00<00:00, 9822.93it/s, Materializing param=layer.11.conv_3x3.normalization.running_var]
Loading weights:  73%|███████▎  | 228/312 [00:00<00:00, 9851.36it/s, Materializing param=layer.11.conv_3x3.normalization.weight]     
Loading weights:  73%|███████▎  | 228/312 [00:00<00:00, 9842.85it/s, Materializing param=layer.11.conv_3x3.normalization.weight]
Loading weights:  73%|███████▎  | 229/312 [00:00<00:00, 9871.18it/s, Materializing param=layer.11.expand_1x1.convolution.weight]
Loading weights:  73%|███████▎  | 229/312 [00:00<00:00, 9863.07it/s, Materializing param=layer.11.expand_1x1.convolution.weight]
Loading weights:  74%|███████▎  | 230/312 [00:00<00:00, 9881.89it/s, Materializing param=layer.11.expand_1x1.normalization.bias]
Loading weights:  74%|███████▎  | 230/312 [00:00<00:00, 9873.80it/s, Materializing param=layer.11.expand_1x1.normalization.bias]
Loading weights:  74%|███████▍  | 231/312 [00:00<00:00, 9899.30it/s, Materializing param=layer.11.expand_1x1.normalization.num_batches_tracked]
Loading weights:  74%|███████▍  | 231/312 [00:00<00:00, 9890.00it/s, Materializing param=layer.11.expand_1x1.normalization.num_batches_tracked]
Loading weights:  74%|███████▍  | 232/312 [00:00<00:00, 9916.22it/s, Materializing param=layer.11.expand_1x1.normalization.running_mean]       
Loading weights:  74%|███████▍  | 232/312 [00:00<00:00, 9908.14it/s, Materializing param=layer.11.expand_1x1.normalization.running_mean]
Loading weights:  75%|███████▍  | 233/312 [00:00<00:00, 9936.89it/s, Materializing param=layer.11.expand_1x1.normalization.running_var] 
Loading weights:  75%|███████▍  | 233/312 [00:00<00:00, 9928.81it/s, Materializing param=layer.11.expand_1x1.normalization.running_var]
Loading weights:  75%|███████▌  | 234/312 [00:00<00:00, 9911.41it/s, Materializing param=layer.11.expand_1x1.normalization.weight]     
Loading weights:  75%|███████▌  | 234/312 [00:00<00:00, 9903.51it/s, Materializing param=layer.11.expand_1x1.normalization.weight]
Loading weights:  75%|███████▌  | 235/312 [00:00<00:00, 9930.20it/s, Materializing param=layer.11.reduce_1x1.convolution.weight]  
Loading weights:  75%|███████▌  | 235/312 [00:00<00:00, 9922.30it/s, Materializing param=layer.11.reduce_1x1.convolution.weight]
Loading weights:  76%|███████▌  | 236/312 [00:00<00:00, 9946.90it/s, Materializing param=layer.11.reduce_1x1.normalization.bias]
Loading weights:  76%|███████▌  | 236/312 [00:00<00:00, 9938.91it/s, Materializing param=layer.11.reduce_1x1.normalization.bias]
Loading weights:  76%|███████▌  | 237/312 [00:00<00:00, 9965.91it/s, Materializing param=layer.11.reduce_1x1.normalization.num_batches_tracked]
Loading weights:  76%|███████▌  | 237/312 [00:00<00:00, 9957.53it/s, Materializing param=layer.11.reduce_1x1.normalization.num_batches_tracked]
Loading weights:  76%|███████▋  | 238/312 [00:00<00:00, 9919.95it/s, Materializing param=layer.11.reduce_1x1.normalization.running_mean]       
Loading weights:  76%|███████▋  | 238/312 [00:00<00:00, 9906.36it/s, Materializing param=layer.11.reduce_1x1.normalization.running_mean]
Loading weights:  77%|███████▋  | 239/312 [00:00<00:00, 9932.71it/s, Materializing param=layer.11.reduce_1x1.normalization.running_var] 
Loading weights:  77%|███████▋  | 239/312 [00:00<00:00, 9924.74it/s, Materializing param=layer.11.reduce_1x1.normalization.running_var]
Loading weights:  77%|███████▋  | 240/312 [00:00<00:00, 9952.37it/s, Materializing param=layer.11.reduce_1x1.normalization.weight]     
Loading weights:  77%|███████▋  | 240/312 [00:00<00:00, 9944.41it/s, Materializing param=layer.11.reduce_1x1.normalization.weight]
Loading weights:  77%|███████▋  | 241/312 [00:00<00:00, 9971.86it/s, Materializing param=layer.12.conv_3x3.convolution.weight]    
Loading weights:  77%|███████▋  | 241/312 [00:00<00:00, 9963.99it/s, Materializing param=layer.12.conv_3x3.convolution.weight]
Loading weights:  78%|███████▊  | 242/312 [00:00<00:00, 9988.01it/s, Materializing param=layer.12.conv_3x3.normalization.bias]
Loading weights:  78%|███████▊  | 242/312 [00:00<00:00, 9980.15it/s, Materializing param=layer.12.conv_3x3.normalization.bias]
Loading weights:  78%|███████▊  | 243/312 [00:00<00:00, 9958.24it/s, Materializing param=layer.12.conv_3x3.normalization.num_batches_tracked]
Loading weights:  78%|███████▊  | 243/312 [00:00<00:00, 9950.36it/s, Materializing param=layer.12.conv_3x3.normalization.num_batches_tracked]
Loading weights:  78%|███████▊  | 244/312 [00:00<00:00, 9975.05it/s, Materializing param=layer.12.conv_3x3.normalization.running_mean]       
Loading weights:  78%|███████▊  | 244/312 [00:00<00:00, 9966.89it/s, Materializing param=layer.12.conv_3x3.normalization.running_mean]
Loading weights:  79%|███████▊  | 245/312 [00:00<00:00, 9993.43it/s, Materializing param=layer.12.conv_3x3.normalization.running_var] 
Loading weights:  79%|███████▊  | 245/312 [00:00<00:00, 9985.76it/s, Materializing param=layer.12.conv_3x3.normalization.running_var]
Loading weights:  79%|███████▉  | 246/312 [00:00<00:00, 10012.99it/s, Materializing param=layer.12.conv_3x3.normalization.weight]    
Loading weights:  79%|███████▉  | 246/312 [00:00<00:00, 10005.32it/s, Materializing param=layer.12.conv_3x3.normalization.weight]
Loading weights:  79%|███████▉  | 247/312 [00:00<00:00, 10002.44it/s, Materializing param=layer.12.expand_1x1.convolution.weight]
Loading weights:  79%|███████▉  | 247/312 [00:00<00:00, 9993.08it/s, Materializing param=layer.12.expand_1x1.convolution.weight] 
Loading weights:  79%|███████▉  | 248/312 [00:00<00:00, 10015.77it/s, Materializing param=layer.12.expand_1x1.normalization.bias]
Loading weights:  79%|███████▉  | 248/312 [00:00<00:00, 10007.19it/s, Materializing param=layer.12.expand_1x1.normalization.bias]
Loading weights:  80%|███████▉  | 249/312 [00:00<00:00, 10030.17it/s, Materializing param=layer.12.expand_1x1.normalization.num_batches_tracked]
Loading weights:  80%|███████▉  | 249/312 [00:00<00:00, 10022.09it/s, Materializing param=layer.12.expand_1x1.normalization.num_batches_tracked]
Loading weights:  80%|████████  | 250/312 [00:00<00:00, 9810.87it/s, Materializing param=layer.12.expand_1x1.normalization.running_mean]        
Loading weights:  80%|████████  | 250/312 [00:00<00:00, 9801.97it/s, Materializing param=layer.12.expand_1x1.normalization.running_mean]
Loading weights:  80%|████████  | 251/312 [00:00<00:00, 9826.21it/s, Materializing param=layer.12.expand_1x1.normalization.running_var] 
Loading weights:  80%|████████  | 251/312 [00:00<00:00, 9818.15it/s, Materializing param=layer.12.expand_1x1.normalization.running_var]
Loading weights:  81%|████████  | 252/312 [00:00<00:00, 9843.40it/s, Materializing param=layer.12.expand_1x1.normalization.weight]     
Loading weights:  81%|████████  | 252/312 [00:00<00:00, 9835.71it/s, Materializing param=layer.12.expand_1x1.normalization.weight]
Loading weights:  81%|████████  | 253/312 [00:00<00:00, 9859.32it/s, Materializing param=layer.12.reduce_1x1.convolution.weight]  
Loading weights:  81%|████████  | 253/312 [00:00<00:00, 9852.00it/s, Materializing param=layer.12.reduce_1x1.convolution.weight]
Loading weights:  81%|████████▏ | 254/312 [00:00<00:00, 9876.00it/s, Materializing param=layer.12.reduce_1x1.normalization.bias]
Loading weights:  81%|████████▏ | 254/312 [00:00<00:00, 9868.68it/s, Materializing param=layer.12.reduce_1x1.normalization.bias]
Loading weights:  82%|████████▏ | 255/312 [00:00<00:00, 9892.87it/s, Materializing param=layer.12.reduce_1x1.normalization.num_batches_tracked]
Loading weights:  82%|████████▏ | 255/312 [00:00<00:00, 9884.46it/s, Materializing param=layer.12.reduce_1x1.normalization.num_batches_tracked]
Loading weights:  82%|████████▏ | 256/312 [00:00<00:00, 9908.66it/s, Materializing param=layer.12.reduce_1x1.normalization.running_mean]       
Loading weights:  82%|████████▏ | 256/312 [00:00<00:00, 9900.98it/s, Materializing param=layer.12.reduce_1x1.normalization.running_mean]
Loading weights:  82%|████████▏ | 257/312 [00:00<00:00, 9926.57it/s, Materializing param=layer.12.reduce_1x1.normalization.running_var] 
Loading weights:  82%|████████▏ | 257/312 [00:00<00:00, 9919.35it/s, Materializing param=layer.12.reduce_1x1.normalization.running_var]
Loading weights:  83%|████████▎ | 258/312 [00:00<00:00, 9945.23it/s, Materializing param=layer.12.reduce_1x1.normalization.weight]     
Loading weights:  83%|████████▎ | 258/312 [00:00<00:00, 9938.01it/s, Materializing param=layer.12.reduce_1x1.normalization.weight]
Loading weights:  83%|████████▎ | 259/312 [00:00<00:00, 9963.08it/s, Materializing param=layer.13.conv_3x3.convolution.weight]    
Loading weights:  83%|████████▎ | 259/312 [00:00<00:00, 9955.78it/s, Materializing param=layer.13.conv_3x3.convolution.weight]
Loading weights:  83%|████████▎ | 260/312 [00:00<00:00, 9945.73it/s, Materializing param=layer.13.conv_3x3.normalization.bias]
Loading weights:  83%|████████▎ | 260/312 [00:00<00:00, 9937.75it/s, Materializing param=layer.13.conv_3x3.normalization.bias]
Loading weights:  84%|████████▎ | 261/312 [00:00<00:00, 9762.11it/s, Materializing param=layer.13.conv_3x3.normalization.num_batches_tracked]
Loading weights:  84%|████████▎ | 261/312 [00:00<00:00, 9752.98it/s, Materializing param=layer.13.conv_3x3.normalization.num_batches_tracked]
Loading weights:  84%|████████▍ | 262/312 [00:00<00:00, 9675.70it/s, Materializing param=layer.13.conv_3x3.normalization.running_mean]       
Loading weights:  84%|████████▍ | 262/312 [00:00<00:00, 9667.61it/s, Materializing param=layer.13.conv_3x3.normalization.running_mean]
Loading weights:  84%|████████▍ | 263/312 [00:00<00:00, 9691.89it/s, Materializing param=layer.13.conv_3x3.normalization.running_var] 
Loading weights:  84%|████████▍ | 263/312 [00:00<00:00, 9684.83it/s, Materializing param=layer.13.conv_3x3.normalization.running_var]
Loading weights:  85%|████████▍ | 264/312 [00:00<00:00, 9709.12it/s, Materializing param=layer.13.conv_3x3.normalization.weight]     
Loading weights:  85%|████████▍ | 264/312 [00:00<00:00, 9702.32it/s, Materializing param=layer.13.conv_3x3.normalization.weight]
Loading weights:  85%|████████▍ | 265/312 [00:00<00:00, 9726.20it/s, Materializing param=layer.13.expand_1x1.convolution.weight]
Loading weights:  85%|████████▍ | 265/312 [00:00<00:00, 9719.39it/s, Materializing param=layer.13.expand_1x1.convolution.weight]
Loading weights:  85%|████████▌ | 266/312 [00:00<00:00, 9734.96it/s, Materializing param=layer.13.expand_1x1.normalization.bias]
Loading weights:  85%|████████▌ | 266/312 [00:00<00:00, 9725.80it/s, Materializing param=layer.13.expand_1x1.normalization.bias]
Loading weights:  86%|████████▌ | 267/312 [00:00<00:00, 9746.30it/s, Materializing param=layer.13.expand_1x1.normalization.num_batches_tracked]
Loading weights:  86%|████████▌ | 267/312 [00:00<00:00, 9737.74it/s, Materializing param=layer.13.expand_1x1.normalization.num_batches_tracked]
Loading weights:  86%|████████▌ | 268/312 [00:00<00:00, 9717.18it/s, Materializing param=layer.13.expand_1x1.normalization.running_mean]       
Loading weights:  86%|████████▌ | 268/312 [00:00<00:00, 9708.79it/s, Materializing param=layer.13.expand_1x1.normalization.running_mean]
Loading weights:  86%|████████▌ | 269/312 [00:00<00:00, 9729.47it/s, Materializing param=layer.13.expand_1x1.normalization.running_var] 
Loading weights:  86%|████████▌ | 269/312 [00:00<00:00, 9721.75it/s, Materializing param=layer.13.expand_1x1.normalization.running_var]
Loading weights:  87%|████████▋ | 270/312 [00:00<00:00, 9744.46it/s, Materializing param=layer.13.expand_1x1.normalization.weight]     
Loading weights:  87%|████████▋ | 270/312 [00:00<00:00, 9737.76it/s, Materializing param=layer.13.expand_1x1.normalization.weight]
Loading weights:  87%|████████▋ | 271/312 [00:00<00:00, 9761.23it/s, Materializing param=layer.13.reduce_1x1.convolution.weight]  
Loading weights:  87%|████████▋ | 271/312 [00:00<00:00, 9754.11it/s, Materializing param=layer.13.reduce_1x1.convolution.weight]
Loading weights:  87%|████████▋ | 272/312 [00:00<00:00, 9775.09it/s, Materializing param=layer.13.reduce_1x1.normalization.bias]
Loading weights:  87%|████████▋ | 272/312 [00:00<00:00, 9768.31it/s, Materializing param=layer.13.reduce_1x1.normalization.bias]
Loading weights:  88%|████████▊ | 273/312 [00:00<00:00, 9763.18it/s, Materializing param=layer.13.reduce_1x1.normalization.num_batches_tracked]
Loading weights:  88%|████████▊ | 273/312 [00:00<00:00, 9755.19it/s, Materializing param=layer.13.reduce_1x1.normalization.num_batches_tracked]
Loading weights:  88%|████████▊ | 274/312 [00:00<00:00, 9776.93it/s, Materializing param=layer.13.reduce_1x1.normalization.running_mean]       
Loading weights:  88%|████████▊ | 274/312 [00:00<00:00, 9770.03it/s, Materializing param=layer.13.reduce_1x1.normalization.running_mean]
Loading weights:  88%|████████▊ | 275/312 [00:00<00:00, 9793.04it/s, Materializing param=layer.13.reduce_1x1.normalization.running_var] 
Loading weights:  88%|████████▊ | 275/312 [00:00<00:00, 9786.47it/s, Materializing param=layer.13.reduce_1x1.normalization.running_var]
Loading weights:  88%|████████▊ | 276/312 [00:00<00:00, 9770.25it/s, Materializing param=layer.13.reduce_1x1.normalization.weight]     
Loading weights:  88%|████████▊ | 276/312 [00:00<00:00, 9762.26it/s, Materializing param=layer.13.reduce_1x1.normalization.weight]
Loading weights:  89%|████████▉ | 277/312 [00:00<00:00, 9659.63it/s, Materializing param=layer.14.conv_3x3.convolution.weight]    
Loading weights:  89%|████████▉ | 277/312 [00:00<00:00, 9652.89it/s, Materializing param=layer.14.conv_3x3.convolution.weight]
Loading weights:  89%|████████▉ | 278/312 [00:00<00:00, 9672.55it/s, Materializing param=layer.14.conv_3x3.normalization.bias]
Loading weights:  89%|████████▉ | 278/312 [00:00<00:00, 9665.50it/s, Materializing param=layer.14.conv_3x3.normalization.bias]
Loading weights:  89%|████████▉ | 279/312 [00:00<00:00, 9687.18it/s, Materializing param=layer.14.conv_3x3.normalization.num_batches_tracked]
Loading weights:  89%|████████▉ | 279/312 [00:00<00:00, 9680.12it/s, Materializing param=layer.14.conv_3x3.normalization.num_batches_tracked]
Loading weights:  90%|████████▉ | 280/312 [00:00<00:00, 9693.25it/s, Materializing param=layer.14.conv_3x3.normalization.running_mean]       
Loading weights:  90%|████████▉ | 280/312 [00:00<00:00, 9682.22it/s, Materializing param=layer.14.conv_3x3.normalization.running_mean]
Loading weights:  90%|█████████ | 281/312 [00:00<00:00, 9693.39it/s, Materializing param=layer.14.conv_3x3.normalization.running_var] 
Loading weights:  90%|█████████ | 281/312 [00:00<00:00, 9685.98it/s, Materializing param=layer.14.conv_3x3.normalization.running_var]
Loading weights:  90%|█████████ | 282/312 [00:00<00:00, 9708.40it/s, Materializing param=layer.14.conv_3x3.normalization.weight]     
Loading weights:  90%|█████████ | 282/312 [00:00<00:00, 9702.11it/s, Materializing param=layer.14.conv_3x3.normalization.weight]
Loading weights:  91%|█████████ | 283/312 [00:00<00:00, 9724.71it/s, Materializing param=layer.14.expand_1x1.convolution.weight]
Loading weights:  91%|█████████ | 283/312 [00:00<00:00, 9718.42it/s, Materializing param=layer.14.expand_1x1.convolution.weight]
Loading weights:  91%|█████████ | 284/312 [00:00<00:00, 9727.03it/s, Materializing param=layer.14.expand_1x1.normalization.bias]
Loading weights:  91%|█████████ | 284/312 [00:00<00:00, 9719.34it/s, Materializing param=layer.14.expand_1x1.normalization.bias]
Loading weights:  91%|█████████▏| 285/312 [00:00<00:00, 9643.09it/s, Materializing param=layer.14.expand_1x1.normalization.num_batches_tracked]
Loading weights:  91%|█████████▏| 285/312 [00:00<00:00, 9635.86it/s, Materializing param=layer.14.expand_1x1.normalization.num_batches_tracked]
Loading weights:  92%|█████████▏| 286/312 [00:00<00:00, 9651.08it/s, Materializing param=layer.14.expand_1x1.normalization.running_mean]       
Loading weights:  92%|█████████▏| 286/312 [00:00<00:00, 9643.24it/s, Materializing param=layer.14.expand_1x1.normalization.running_mean]
Loading weights:  92%|█████████▏| 287/312 [00:00<00:00, 9650.66it/s, Materializing param=layer.14.expand_1x1.normalization.running_var] 
Loading weights:  92%|█████████▏| 287/312 [00:00<00:00, 9643.47it/s, Materializing param=layer.14.expand_1x1.normalization.running_var]
Loading weights:  92%|█████████▏| 288/312 [00:00<00:00, 9665.38it/s, Materializing param=layer.14.expand_1x1.normalization.weight]     
Loading weights:  92%|█████████▏| 288/312 [00:00<00:00, 9658.58it/s, Materializing param=layer.14.expand_1x1.normalization.weight]
Loading weights:  93%|█████████▎| 289/312 [00:00<00:00, 9672.31it/s, Materializing param=layer.14.reduce_1x1.convolution.weight]  
Loading weights:  93%|█████████▎| 289/312 [00:00<00:00, 9664.91it/s, Materializing param=layer.14.reduce_1x1.convolution.weight]
Loading weights:  93%|█████████▎| 290/312 [00:00<00:00, 9651.57it/s, Materializing param=layer.14.reduce_1x1.normalization.bias]
Loading weights:  93%|█████████▎| 290/312 [00:00<00:00, 9645.14it/s, Materializing param=layer.14.reduce_1x1.normalization.bias]
Loading weights:  93%|█████████▎| 291/312 [00:00<00:00, 9633.86it/s, Materializing param=layer.14.reduce_1x1.normalization.num_batches_tracked]
Loading weights:  93%|█████████▎| 291/312 [00:00<00:00, 9626.87it/s, Materializing param=layer.14.reduce_1x1.normalization.num_batches_tracked]
Loading weights:  94%|█████████▎| 292/312 [00:00<00:00, 9646.18it/s, Materializing param=layer.14.reduce_1x1.normalization.running_mean]       
Loading weights:  94%|█████████▎| 292/312 [00:00<00:00, 9639.88it/s, Materializing param=layer.14.reduce_1x1.normalization.running_mean]
Loading weights:  94%|█████████▍| 293/312 [00:00<00:00, 9661.33it/s, Materializing param=layer.14.reduce_1x1.normalization.running_var] 
Loading weights:  94%|█████████▍| 293/312 [00:00<00:00, 9655.03it/s, Materializing param=layer.14.reduce_1x1.normalization.running_var]
Loading weights:  94%|█████████▍| 294/312 [00:00<00:00, 9677.11it/s, Materializing param=layer.14.reduce_1x1.normalization.weight]     
Loading weights:  94%|█████████▍| 294/312 [00:00<00:00, 9670.74it/s, Materializing param=layer.14.reduce_1x1.normalization.weight]
Loading weights:  95%|█████████▍| 295/312 [00:00<00:00, 9690.86it/s, Materializing param=layer.15.conv_3x3.convolution.weight]    
Loading weights:  95%|█████████▍| 295/312 [00:00<00:00, 9684.79it/s, Materializing param=layer.15.conv_3x3.convolution.weight]
Loading weights:  95%|█████████▍| 296/312 [00:00<00:00, 9704.86it/s, Materializing param=layer.15.conv_3x3.normalization.bias]
Loading weights:  95%|█████████▍| 296/312 [00:00<00:00, 9698.87it/s, Materializing param=layer.15.conv_3x3.normalization.bias]
Loading weights:  95%|█████████▌| 297/312 [00:00<00:00, 9693.47it/s, Materializing param=layer.15.conv_3x3.normalization.num_batches_tracked]
Loading weights:  95%|█████████▌| 297/312 [00:00<00:00, 9685.86it/s, Materializing param=layer.15.conv_3x3.normalization.num_batches_tracked]
Loading weights:  96%|█████████▌| 298/312 [00:00<00:00, 9611.38it/s, Materializing param=layer.15.conv_3x3.normalization.running_mean]       
Loading weights:  96%|█████████▌| 298/312 [00:00<00:00, 9603.26it/s, Materializing param=layer.15.conv_3x3.normalization.running_mean]
Loading weights:  96%|█████████▌| 299/312 [00:00<00:00, 9615.69it/s, Materializing param=layer.15.conv_3x3.normalization.running_var] 
Loading weights:  96%|█████████▌| 299/312 [00:00<00:00, 9609.20it/s, Materializing param=layer.15.conv_3x3.normalization.running_var]
Loading weights:  96%|█████████▌| 300/312 [00:00<00:00, 9629.83it/s, Materializing param=layer.15.conv_3x3.normalization.weight]     
Loading weights:  96%|█████████▌| 300/312 [00:00<00:00, 9624.01it/s, Materializing param=layer.15.conv_3x3.normalization.weight]
Loading weights:  96%|█████████▋| 301/312 [00:00<00:00, 9644.66it/s, Materializing param=layer.15.expand_1x1.convolution.weight]
Loading weights:  96%|█████████▋| 301/312 [00:00<00:00, 9638.77it/s, Materializing param=layer.15.expand_1x1.convolution.weight]
Loading weights:  97%|█████████▋| 302/312 [00:00<00:00, 9659.36it/s, Materializing param=layer.15.expand_1x1.normalization.bias]
Loading weights:  97%|█████████▋| 302/312 [00:00<00:00, 9653.17it/s, Materializing param=layer.15.expand_1x1.normalization.bias]
Loading weights:  97%|█████████▋| 303/312 [00:00<00:00, 9650.28it/s, Materializing param=layer.15.expand_1x1.normalization.num_batches_tracked]
Loading weights:  97%|█████████▋| 303/312 [00:00<00:00, 9643.83it/s, Materializing param=layer.15.expand_1x1.normalization.num_batches_tracked]
Loading weights:  97%|█████████▋| 304/312 [00:00<00:00, 9663.05it/s, Materializing param=layer.15.expand_1x1.normalization.running_mean]       
Loading weights:  97%|█████████▋| 304/312 [00:00<00:00, 9656.90it/s, Materializing param=layer.15.expand_1x1.normalization.running_mean]
Loading weights:  98%|█████████▊| 305/312 [00:00<00:00, 9658.31it/s, Materializing param=layer.15.expand_1x1.normalization.running_var] 
Loading weights:  98%|█████████▊| 305/312 [00:00<00:00, 9652.19it/s, Materializing param=layer.15.expand_1x1.normalization.running_var]
Loading weights:  98%|█████████▊| 306/312 [00:00<00:00, 9672.23it/s, Materializing param=layer.15.expand_1x1.normalization.weight]     
Loading weights:  98%|█████████▊| 306/312 [00:00<00:00, 9666.11it/s, Materializing param=layer.15.expand_1x1.normalization.weight]
Loading weights:  98%|█████████▊| 307/312 [00:00<00:00, 9686.98it/s, Materializing param=layer.15.reduce_1x1.convolution.weight]  
Loading weights:  98%|█████████▊| 307/312 [00:00<00:00, 9681.22it/s, Materializing param=layer.15.reduce_1x1.convolution.weight]
Loading weights:  99%|█████████▊| 308/312 [00:00<00:00, 9676.09it/s, Materializing param=layer.15.reduce_1x1.normalization.bias]
Loading weights:  99%|█████████▊| 308/312 [00:00<00:00, 9670.66it/s, Materializing param=layer.15.reduce_1x1.normalization.bias]
Loading weights:  99%|█████████▉| 309/312 [00:00<00:00, 9691.97it/s, Materializing param=layer.15.reduce_1x1.normalization.num_batches_tracked]
Loading weights:  99%|█████████▉| 309/312 [00:00<00:00, 9686.25it/s, Materializing param=layer.15.reduce_1x1.normalization.num_batches_tracked]
Loading weights:  99%|█████████▉| 310/312 [00:00<00:00, 9707.22it/s, Materializing param=layer.15.reduce_1x1.normalization.running_mean]       
Loading weights:  99%|█████████▉| 310/312 [00:00<00:00, 9701.50it/s, Materializing param=layer.15.reduce_1x1.normalization.running_mean]
Loading weights: 100%|█████████▉| 311/312 [00:00<00:00, 9723.29it/s, Materializing param=layer.15.reduce_1x1.normalization.running_var] 
Loading weights: 100%|█████████▉| 311/312 [00:00<00:00, 9717.79it/s, Materializing param=layer.15.reduce_1x1.normalization.running_var]
Loading weights: 100%|██████████| 312/312 [00:00<00:00, 9739.68it/s, Materializing param=layer.15.reduce_1x1.normalization.weight]     
Loading weights: 100%|██████████| 312/312 [00:00<00:00, 9734.17it/s, Materializing param=layer.15.reduce_1x1.normalization.weight]
Loading weights: 100%|██████████| 312/312 [00:00<00:00, 9718.77it/s, Materializing param=layer.15.reduce_1x1.normalization.weight]
MobileNetV2Model LOAD REPORT from: google/mobilenet_v2_1.0_224
Key               | Status     |  | 
------------------+------------+--+-
classifier.weight | UNEXPECTED |  | 
classifier.bias   | UNEXPECTED |  | 

Notes:
- UNEXPECTED	:can be ignored when loading from different task/architecture; not ok if you expect identical arch.
/Users/zakkeown/.pyenv/versions/3.11.14/lib/python3.11/site-packages/torchaudio/functional/functional.py:581: UserWarning: At least one mel filterbank has all zero values. The value for `n_mels` (128) may be set too high. Or, the value for `n_freqs` (201) may be set too low.
  warnings.warn(
Using 16bit Automatic Mixed Precision (AMP)
GPU available: True (mps), used: True
TPU available: False, using: 0 TPU cores
💡 Tip: For seamless cloud logging and experiment tracking, try installing [litlogger](https://pypi.org/project/litlogger/) to enable LitLogger, which logs metrics and artifacts automatically to the Lightning Experiments platform.
wandb: WARNING The anonymous setting has no effect and will be removed in a future version.
wandb: WARNING `resume` will be ignored since W&B syncing is set to `offline`. Starting a new run with run id m72bxeeu.
wandb: Tracking run with wandb version 0.24.1
wandb: W&B syncing is set to `offline` in this directory. Run `wandb online` or set WANDB_MODE=online to enable cloud syncing.
wandb: Run data is saved locally in wandb/offline-run-20260201_145825-m72bxeeu
/Users/zakkeown/.pyenv/versions/3.11.14/lib/python3.11/site-packages/pytorch_lightning/utilities/model_summary/model_summary.py:242: Precision 16-mixed is not supported by the model summary.  Estimated model size in MB will not be accurate. Using 32 bits instead.

  | Name              | Type                          | Params | Mode  | FLOPs
------------------------------------------------------------------------------------
0 | model             | PeftModelForFeatureExtraction | 2.5 M  | train | 0    
1 | train_acc         | MulticlassAccuracy            | 0      | train | 0    
2 | val_acc           | MulticlassAccuracy            | 0      | train | 0    
3 | test_acc          | MulticlassAccuracy            | 0      | train | 0    
4 | val_f1            | MulticlassF1Score             | 0      | train | 0    
5 | val_f1_per_class  | MulticlassF1Score             | 0      | train | 0    
6 | val_confusion     | MulticlassConfusionMatrix     | 0      | train | 0    
7 | test_f1           | MulticlassF1Score             | 0      | train | 0    
8 | test_f1_per_class | MulticlassF1Score             | 0      | train | 0    
9 | test_confusion    | MulticlassConfusionMatrix     | 0      | train | 0    
------------------------------------------------------------------------------------
23.4 K    Trainable params
2.5 M     Non-trainable params
2.5 M     Total params
10.014    Total estimated model params size (MB)
50        Modules in train mode
211       Modules in eval mode
0         Total Flops
LORA applied: 2,480,233 -> 23,368 trainable params
Trainable params reduced to 0.94%

Sanity Checking: |          | 0/? [00:00<?, ?it/s]/Users/zakkeown/.pyenv/versions/3.11.14/lib/python3.11/site-packages/pytorch_lightning/utilities/_pytree.py:21: `isinstance(treespec, LeafSpec)` is deprecated, use `isinstance(treespec, TreeSpec) and treespec.is_leaf()` instead.
/Users/zakkeown/.pyenv/versions/3.11.14/lib/python3.11/site-packages/pytorch_lightning/trainer/connectors/data_connector.py:429: Consider setting `persistent_workers=True` in 'val_dataloader' to speed up the dataloader worker initialization.

Sanity Checking: |          | 0/? [00:00<?, ?it/s]
Sanity Checking DataLoader 0:   0%|          | 0/1 [00:00<?, ?it/s]
Sanity Checking DataLoader 0: 100%|██████████| 1/1 [00:00<00:00,  4.08it/s]
                                                                           /Users/zakkeown/.pyenv/versions/3.11.14/lib/python3.11/site-packages/pytorch_lightning/utilities/_pytree.py:21: `isinstance(treespec, LeafSpec)` is deprecated, use `isinstance(treespec, TreeSpec) and treespec.is_leaf()` instead.
/Users/zakkeown/.pyenv/versions/3.11.14/lib/python3.11/site-packages/pytorch_lightning/trainer/connectors/data_connector.py:429: Consider setting `persistent_workers=True` in 'train_dataloader' to speed up the dataloader worker initialization.

/Users/zakkeown/.pyenv/versions/3.11.14/lib/python3.11/site-packages/pytorch_lightning/loops/fit_loop.py:317: The number of training batches (3) is smaller than the logging interval Trainer(log_every_n_steps=50). Set a lower value for log_every_n_steps if you want to see logs for the training epoch.
/Users/zakkeown/.pyenv/versions/3.11.14/lib/python3.11/site-packages/pytorch_lightning/loops/fit_loop.py:534: Found 211 module(s) in eval mode at the start of training. This may lead to unexpected behavior during training. If this is intentional, you can ignore this warning.

Training: |          | 0/? [00:00<?, ?it/s]
Training: |          | 0/? [00:00<?, ?it/s]
Epoch 0:   0%|          | 0/3 [00:00<?, ?it/s]
Epoch 0:  33%|███▎      | 1/3 [00:03<00:06,  0.33it/s]
Epoch 0:  33%|███▎      | 1/3 [00:03<00:06,  0.33it/s, v_num=xeeu, train/loss=153.0]
Epoch 0:  67%|██████▋   | 2/3 [00:03<00:01,  0.64it/s, v_num=xeeu, train/loss=153.0]
Epoch 0:  67%|██████▋   | 2/3 [00:03<00:01,  0.64it/s, v_num=xeeu, train/loss=152.0]
Epoch 0: 100%|██████████| 3/3 [00:03<00:00,  0.91it/s, v_num=xeeu, train/loss=152.0]
Epoch 0: 100%|██████████| 3/3 [00:03<00:00,  0.91it/s, v_num=xeeu, train/loss=152.0]

Validation: |          | 0/? [00:00<?, ?it/s][A

Validation: |          | 0/? [00:00<?, ?it/s][A

Validation DataLoader 0:   0%|          | 0/1 [00:00<?, ?it/s][A

Validation DataLoader 0: 100%|██████████| 1/1 [00:00<00:00, 14.67it/s][A

                                                                      [A
Epoch 0: 100%|██████████| 3/3 [00:06<00:00,  0.46it/s, v_num=xeeu, train/loss=152.0, val/loss=4.020]
Epoch 0: 100%|██████████| 3/3 [00:06<00:00,  0.46it/s, v_num=xeeu, train/loss=152.0, val/loss=4.020]
Epoch 0:   0%|          | 0/3 [00:00<?, ?it/s, v_num=xeeu, train/loss=152.0, val/loss=4.020]        
Epoch 1:   0%|          | 0/3 [00:00<?, ?it/s, v_num=xeeu, train/loss=152.0, val/loss=4.020]
Epoch 1:  33%|███▎      | 1/3 [00:02<00:05,  0.34it/s, v_num=xeeu, train/loss=152.0, val/loss=4.020]
Epoch 1:  33%|███▎      | 1/3 [00:02<00:05,  0.34it/s, v_num=xeeu, train/loss=152.0, val/loss=4.020]
Epoch 1:  67%|██████▋   | 2/3 [00:03<00:01,  0.66it/s, v_num=xeeu, train/loss=152.0, val/loss=4.020]
Epoch 1:  67%|██████▋   | 2/3 [00:03<00:01,  0.66it/s, v_num=xeeu, train/loss=152.0, val/loss=4.020]
Epoch 1: 100%|██████████| 3/3 [00:03<00:00,  0.97it/s, v_num=xeeu, train/loss=152.0, val/loss=4.020]
Epoch 1: 100%|██████████| 3/3 [00:03<00:00,  0.97it/s, v_num=xeeu, train/loss=153.0, val/loss=4.020]

Validation: |          | 0/? [00:00<?, ?it/s][A

Validation: |          | 0/? [00:00<?, ?it/s][A

Validation DataLoader 0:   0%|          | 0/1 [00:00<?, ?it/s][A

Validation DataLoader 0: 100%|██████████| 1/1 [00:00<00:00, 15.24it/s][A

                                                                      [A
Epoch 1: 100%|██████████| 3/3 [00:06<00:00,  0.48it/s, v_num=xeeu, train/loss=153.0, val/loss=4.020]
Epoch 1: 100%|██████████| 3/3 [00:06<00:00,  0.48it/s, v_num=xeeu, train/loss=153.0, val/loss=4.020]
Epoch 1:   0%|          | 0/3 [00:00<?, ?it/s, v_num=xeeu, train/loss=153.0, val/loss=4.020]        
Epoch 2:   0%|          | 0/3 [00:00<?, ?it/s, v_num=xeeu, train/loss=153.0, val/loss=4.020]
Epoch 2:  33%|███▎      | 1/3 [00:02<00:05,  0.34it/s, v_num=xeeu, train/loss=153.0, val/loss=4.020]
Epoch 2:  33%|███▎      | 1/3 [00:02<00:05,  0.34it/s, v_num=xeeu, train/loss=153.0, val/loss=4.020]
Epoch 2:  67%|██████▋   | 2/3 [00:03<00:01,  0.66it/s, v_num=xeeu, train/loss=153.0, val/loss=4.020]
Epoch 2:  67%|██████▋   | 2/3 [00:03<00:01,  0.66it/s, v_num=xeeu, train/loss=153.0, val/loss=4.020]
Epoch 2: 100%|██████████| 3/3 [00:03<00:00,  0.97it/s, v_num=xeeu, train/loss=153.0, val/loss=4.020]
Epoch 2: 100%|██████████| 3/3 [00:03<00:00,  0.97it/s, v_num=xeeu, train/loss=152.0, val/loss=4.020]

Validation: |          | 0/? [00:00<?, ?it/s][A

Validation: |          | 0/? [00:00<?, ?it/s][A

Validation DataLoader 0:   0%|          | 0/1 [00:00<?, ?it/s][A

Validation DataLoader 0: 100%|██████████| 1/1 [00:00<00:00, 15.53it/s][A

                                                                      [A
Epoch 2: 100%|██████████| 3/3 [00:06<00:00,  0.48it/s, v_num=xeeu, train/loss=152.0, val/loss=4.020]
Epoch 2: 100%|██████████| 3/3 [00:06<00:00,  0.48it/s, v_num=xeeu, train/loss=152.0, val/loss=4.020]
Epoch 2:   0%|          | 0/3 [00:00<?, ?it/s, v_num=xeeu, train/loss=152.0, val/loss=4.020]        
Epoch 3:   0%|          | 0/3 [00:00<?, ?it/s, v_num=xeeu, train/loss=152.0, val/loss=4.020]
Epoch 3:  33%|███▎      | 1/3 [00:02<00:05,  0.34it/s, v_num=xeeu, train/loss=152.0, val/loss=4.020]
Epoch 3:  33%|███▎      | 1/3 [00:02<00:05,  0.34it/s, v_num=xeeu, train/loss=152.0, val/loss=4.020]
Epoch 3:  67%|██████▋   | 2/3 [00:02<00:01,  0.67it/s, v_num=xeeu, train/loss=152.0, val/loss=4.020]
Epoch 3:  67%|██████▋   | 2/3 [00:02<00:01,  0.67it/s, v_num=xeeu, train/loss=153.0, val/loss=4.020]
Epoch 3: 100%|██████████| 3/3 [00:03<00:00,  0.98it/s, v_num=xeeu, train/loss=153.0, val/loss=4.020]
Epoch 3: 100%|██████████| 3/3 [00:03<00:00,  0.98it/s, v_num=xeeu, train/loss=152.0, val/loss=4.020]

Validation: |          | 0/? [00:00<?, ?it/s][A

Validation: |          | 0/? [00:00<?, ?it/s][A

Validation DataLoader 0:   0%|          | 0/1 [00:00<?, ?it/s][A

Validation DataLoader 0: 100%|██████████| 1/1 [00:00<00:00, 16.04it/s][A

                                                                      [A
Epoch 3: 100%|██████████| 3/3 [00:06<00:00,  0.48it/s, v_num=xeeu, train/loss=152.0, val/loss=4.020]
Epoch 3: 100%|██████████| 3/3 [00:06<00:00,  0.48it/s, v_num=xeeu, train/loss=152.0, val/loss=4.020]
Epoch 3:   0%|          | 0/3 [00:00<?, ?it/s, v_num=xeeu, train/loss=152.0, val/loss=4.020]        
Epoch 4:   0%|          | 0/3 [00:00<?, ?it/s, v_num=xeeu, train/loss=152.0, val/loss=4.020]
Epoch 4:  33%|███▎      | 1/3 [00:02<00:05,  0.34it/s, v_num=xeeu, train/loss=152.0, val/loss=4.020]
Epoch 4:  33%|███▎      | 1/3 [00:02<00:05,  0.34it/s, v_num=xeeu, train/loss=152.0, val/loss=4.020]
Epoch 4:  67%|██████▋   | 2/3 [00:03<00:01,  0.66it/s, v_num=xeeu, train/loss=152.0, val/loss=4.020]
Epoch 4:  67%|██████▋   | 2/3 [00:03<00:01,  0.66it/s, v_num=xeeu, train/loss=152.0, val/loss=4.020]
Epoch 4: 100%|██████████| 3/3 [00:03<00:00,  0.97it/s, v_num=xeeu, train/loss=152.0, val/loss=4.020]
Epoch 4: 100%|██████████| 3/3 [00:03<00:00,  0.97it/s, v_num=xeeu, train/loss=152.0, val/loss=4.020]

Validation: |          | 0/? [00:00<?, ?it/s][A

Validation: |          | 0/? [00:00<?, ?it/s][A

Validation DataLoader 0:   0%|          | 0/1 [00:00<?, ?it/s][A

Validation DataLoader 0: 100%|██████████| 1/1 [00:00<00:00, 14.83it/s][A

                                                                      [A
Epoch 4: 100%|██████████| 3/3 [00:06<00:00,  0.47it/s, v_num=xeeu, train/loss=152.0, val/loss=4.020]
Epoch 4: 100%|██████████| 3/3 [00:06<00:00,  0.47it/s, v_num=xeeu, train/loss=152.0, val/loss=4.020]`Trainer.fit` stopped: `max_epochs=5` reached.

Epoch 4: 100%|██████████| 3/3 [00:06<00:00,  0.47it/s, v_num=xeeu, train/loss=152.0, val/loss=4.020]/Users/zakkeown/.pyenv/versions/3.11.14/lib/python3.11/site-packages/pytorch_lightning/utilities/_pytree.py:21: `isinstance(treespec, LeafSpec)` is deprecated, use `isinstance(treespec, TreeSpec) and treespec.is_leaf()` instead.
/Users/zakkeown/.pyenv/versions/3.11.14/lib/python3.11/site-packages/pytorch_lightning/trainer/connectors/data_connector.py:429: Consider setting `persistent_workers=True` in 'test_dataloader' to speed up the dataloader worker initialization.


Testing: |          | 0/? [00:00<?, ?it/s]
Testing: |          | 0/? [00:00<?, ?it/s]
Testing DataLoader 0:   0%|          | 0/1 [00:00<?, ?it/s]
Testing DataLoader 0: 100%|██████████| 1/1 [00:00<00:00, 13.96it/s]
Testing DataLoader 0: 100%|██████████| 1/1 [00:00<00:00,  3.03it/s]
────────────────────────────────────────────────────────────────────────────────────────────────────────────────────────
             Test metric                         DataLoader 0
────────────────────────────────────────────────────────────────────────────────────────────────────────────────────────
              test/acc                                0.0
    test/f1_best/ten-stroke-roll                      0.0
  test/f1_best/thirteen-stroke-roll                   0.0
   test/f1_best/triple-paradiddle                     0.0
    test/f1_best/triple-ratamacue                     0.0
   test/f1_best/triple-stroke-roll                    0.0
            test/f1_macro                             0.0
    test/f1_worst/double-drag-tap                     0.0
   test/f1_worst/double-paradiddle                    0.0
   test/f1_worst/double-ratamacue                     0.0
test/f1_worst/double-stroke-open-roll                 0.0
         test/f1_worst/drag                           0.0
              test/loss                           3.990234375
────────────────────────────────────────────────────────────────────────────────────────────────────────────────────────
[1;34mwandb[0m: 
[1;34mwandb[0m: You can sync this run to the cloud by running:
[1;34mwandb[0m: [1mwandb sync wandb/offline-run-20260201_145825-m72bxeeu[0m
