Seed set to 42
[2026-02-01 11:59:40,266][httpx][INFO] - HTTP Request: HEAD https://huggingface.co/google/mobilenet_v2_1.0_224/resolve/main/config.json "HTTP/1.1 307 Temporary Redirect"
[2026-02-01 11:59:40,299][httpx][INFO] - HTTP Request: HEAD https://huggingface.co/api/resolve-cache/models/google/mobilenet_v2_1.0_224/75e607b00aeae1297cc89d026a118bce012f5c5a/config.json "HTTP/1.1 200 OK"
[2026-02-01 11:59:40,379][httpx][INFO] - HTTP Request: HEAD https://huggingface.co/google/mobilenet_v2_1.0_224/resolve/main/config.json "HTTP/1.1 307 Temporary Redirect"
[2026-02-01 11:59:40,413][httpx][INFO] - HTTP Request: HEAD https://huggingface.co/api/resolve-cache/models/google/mobilenet_v2_1.0_224/75e607b00aeae1297cc89d026a118bce012f5c5a/config.json "HTTP/1.1 200 OK"
[2026-02-01 11:59:40,496][httpx][INFO] - HTTP Request: HEAD https://huggingface.co/google/mobilenet_v2_1.0_224/resolve/main/model.safetensors "HTTP/1.1 302 Found"

Loading weights:   0%|          | 0/312 [00:00<?, ?it/s]
Loading weights:   0%|          | 1/312 [00:00<00:00, 5809.29it/s, Materializing param=conv_1x1.convolution.weight]
Loading weights:   0%|          | 1/312 [00:00<00:00, 4588.95it/s, Materializing param=conv_1x1.convolution.weight]
Loading weights:   1%|          | 2/312 [00:00<00:00, 4040.76it/s, Materializing param=conv_1x1.normalization.bias]
Loading weights:   1%|          | 2/312 [00:00<00:00, 3807.81it/s, Materializing param=conv_1x1.normalization.bias]
Loading weights:   1%|          | 3/312 [00:00<00:00, 4993.22it/s, Materializing param=conv_1x1.normalization.num_batches_tracked]
Loading weights:   1%|          | 3/312 [00:00<00:00, 4777.11it/s, Materializing param=conv_1x1.normalization.num_batches_tracked]
Loading weights:   1%|▏         | 4/312 [00:00<00:00, 5673.73it/s, Materializing param=conv_1x1.normalization.running_mean]       
Loading weights:   1%|▏         | 4/312 [00:00<00:00, 5319.35it/s, Materializing param=conv_1x1.normalization.running_mean]
Loading weights:   2%|▏         | 5/312 [00:00<00:00, 6202.76it/s, Materializing param=conv_1x1.normalization.running_var] 
Loading weights:   2%|▏         | 5/312 [00:00<00:00, 6024.57it/s, Materializing param=conv_1x1.normalization.running_var]
Loading weights:   2%|▏         | 6/312 [00:00<00:00, 6842.26it/s, Materializing param=conv_1x1.normalization.weight]     
Loading weights:   2%|▏         | 6/312 [00:00<00:00, 6675.28it/s, Materializing param=conv_1x1.normalization.weight]
Loading weights:   2%|▏         | 7/312 [00:00<00:00, 7423.55it/s, Materializing param=conv_stem.conv_3x3.convolution.weight]
Loading weights:   2%|▏         | 7/312 [00:00<00:00, 7261.97it/s, Materializing param=conv_stem.conv_3x3.convolution.weight]
Loading weights:   3%|▎         | 8/312 [00:00<00:00, 6780.04it/s, Materializing param=conv_stem.conv_3x3.normalization.bias]
Loading weights:   3%|▎         | 8/312 [00:00<00:00, 6499.02it/s, Materializing param=conv_stem.conv_3x3.normalization.bias]
Loading weights:   3%|▎         | 9/312 [00:00<00:00, 6875.91it/s, Materializing param=conv_stem.conv_3x3.normalization.num_batches_tracked]
Loading weights:   3%|▎         | 9/312 [00:00<00:00, 6706.12it/s, Materializing param=conv_stem.conv_3x3.normalization.num_batches_tracked]
Loading weights:   3%|▎         | 10/312 [00:00<00:00, 7056.37it/s, Materializing param=conv_stem.conv_3x3.normalization.running_mean]      
Loading weights:   3%|▎         | 10/312 [00:00<00:00, 6920.15it/s, Materializing param=conv_stem.conv_3x3.normalization.running_mean]
Loading weights:   4%|▎         | 11/312 [00:00<00:00, 7397.36it/s, Materializing param=conv_stem.conv_3x3.normalization.running_var] 
Loading weights:   4%|▎         | 11/312 [00:00<00:00, 7289.83it/s, Materializing param=conv_stem.conv_3x3.normalization.running_var]
Loading weights:   4%|▍         | 12/312 [00:00<00:00, 7726.69it/s, Materializing param=conv_stem.conv_3x3.normalization.weight]     
Loading weights:   4%|▍         | 12/312 [00:00<00:00, 7623.70it/s, Materializing param=conv_stem.conv_3x3.normalization.weight]
Loading weights:   4%|▍         | 13/312 [00:00<00:00, 8035.07it/s, Materializing param=conv_stem.first_conv.convolution.weight]
Loading weights:   4%|▍         | 13/312 [00:00<00:00, 7932.20it/s, Materializing param=conv_stem.first_conv.convolution.weight]
Loading weights:   4%|▍         | 14/312 [00:00<00:00, 7855.55it/s, Materializing param=conv_stem.first_conv.normalization.bias]
Loading weights:   4%|▍         | 14/312 [00:00<00:00, 7687.91it/s, Materializing param=conv_stem.first_conv.normalization.bias]
Loading weights:   5%|▍         | 15/312 [00:00<00:00, 7910.80it/s, Materializing param=conv_stem.first_conv.normalization.num_batches_tracked]
Loading weights:   5%|▍         | 15/312 [00:00<00:00, 7812.56it/s, Materializing param=conv_stem.first_conv.normalization.num_batches_tracked]
Loading weights:   5%|▌         | 16/312 [00:00<00:00, 8052.42it/s, Materializing param=conv_stem.first_conv.normalization.running_mean]       
Loading weights:   5%|▌         | 16/312 [00:00<00:00, 7948.46it/s, Materializing param=conv_stem.first_conv.normalization.running_mean]
Loading weights:   5%|▌         | 17/312 [00:00<00:00, 8264.16it/s, Materializing param=conv_stem.first_conv.normalization.running_var] 
Loading weights:   5%|▌         | 17/312 [00:00<00:00, 8172.28it/s, Materializing param=conv_stem.first_conv.normalization.running_var]
Loading weights:   6%|▌         | 18/312 [00:00<00:00, 8490.49it/s, Materializing param=conv_stem.first_conv.normalization.weight]     
Loading weights:   6%|▌         | 18/312 [00:00<00:00, 8411.04it/s, Materializing param=conv_stem.first_conv.normalization.weight]
Loading weights:   6%|▌         | 19/312 [00:00<00:00, 8682.91it/s, Materializing param=conv_stem.reduce_1x1.convolution.weight]  
Loading weights:   6%|▌         | 19/312 [00:00<00:00, 8581.93it/s, Materializing param=conv_stem.reduce_1x1.convolution.weight]
Loading weights:   6%|▋         | 20/312 [00:00<00:00, 8646.27it/s, Materializing param=conv_stem.reduce_1x1.normalization.bias]
Loading weights:   6%|▋         | 20/312 [00:00<00:00, 8557.18it/s, Materializing param=conv_stem.reduce_1x1.normalization.bias]
Loading weights:   7%|▋         | 21/312 [00:00<00:00, 8732.07it/s, Materializing param=conv_stem.reduce_1x1.normalization.num_batches_tracked]
Loading weights:   7%|▋         | 21/312 [00:00<00:00, 8656.55it/s, Materializing param=conv_stem.reduce_1x1.normalization.num_batches_tracked]
Loading weights:   7%|▋         | 22/312 [00:00<00:00, 8864.04it/s, Materializing param=conv_stem.reduce_1x1.normalization.running_mean]       
Loading weights:   7%|▋         | 22/312 [00:00<00:00, 8778.87it/s, Materializing param=conv_stem.reduce_1x1.normalization.running_mean]
Loading weights:   7%|▋         | 23/312 [00:00<00:00, 8994.78it/s, Materializing param=conv_stem.reduce_1x1.normalization.running_var] 
Loading weights:   7%|▋         | 23/312 [00:00<00:00, 8921.58it/s, Materializing param=conv_stem.reduce_1x1.normalization.running_var]
Loading weights:   8%|▊         | 24/312 [00:00<00:00, 9184.61it/s, Materializing param=conv_stem.reduce_1x1.normalization.weight]     
Loading weights:   8%|▊         | 24/312 [00:00<00:00, 9108.15it/s, Materializing param=conv_stem.reduce_1x1.normalization.weight]
Loading weights:   8%|▊         | 25/312 [00:00<00:00, 9342.27it/s, Materializing param=layer.0.conv_3x3.convolution.weight]      
Loading weights:   8%|▊         | 25/312 [00:00<00:00, 9262.22it/s, Materializing param=layer.0.conv_3x3.convolution.weight]
Loading weights:   8%|▊         | 26/312 [00:00<00:00, 9164.03it/s, Materializing param=layer.0.conv_3x3.normalization.bias]
Loading weights:   8%|▊         | 26/312 [00:00<00:00, 9040.20it/s, Materializing param=layer.0.conv_3x3.normalization.bias]
Loading weights:   9%|▊         | 27/312 [00:00<00:00, 8873.01it/s, Materializing param=layer.0.conv_3x3.normalization.num_batches_tracked]
Loading weights:   9%|▊         | 27/312 [00:00<00:00, 8751.64it/s, Materializing param=layer.0.conv_3x3.normalization.num_batches_tracked]
Loading weights:   9%|▉         | 28/312 [00:00<00:00, 8618.22it/s, Materializing param=layer.0.conv_3x3.normalization.running_mean]       
Loading weights:   9%|▉         | 28/312 [00:00<00:00, 8546.72it/s, Materializing param=layer.0.conv_3x3.normalization.running_mean]
Loading weights:   9%|▉         | 29/312 [00:00<00:00, 8719.34it/s, Materializing param=layer.0.conv_3x3.normalization.running_var] 
Loading weights:   9%|▉         | 29/312 [00:00<00:00, 8656.67it/s, Materializing param=layer.0.conv_3x3.normalization.running_var]
Loading weights:  10%|▉         | 30/312 [00:00<00:00, 8838.80it/s, Materializing param=layer.0.conv_3x3.normalization.weight]     
Loading weights:  10%|▉         | 30/312 [00:00<00:00, 8789.40it/s, Materializing param=layer.0.conv_3x3.normalization.weight]
Loading weights:  10%|▉         | 31/312 [00:00<00:00, 8962.19it/s, Materializing param=layer.0.expand_1x1.convolution.weight]
Loading weights:  10%|▉         | 31/312 [00:00<00:00, 8913.04it/s, Materializing param=layer.0.expand_1x1.convolution.weight]
Loading weights:  10%|█         | 32/312 [00:00<00:00, 8878.60it/s, Materializing param=layer.0.expand_1x1.normalization.bias]
Loading weights:  10%|█         | 32/312 [00:00<00:00, 8824.89it/s, Materializing param=layer.0.expand_1x1.normalization.bias]
Loading weights:  11%|█         | 33/312 [00:00<00:00, 8926.35it/s, Materializing param=layer.0.expand_1x1.normalization.num_batches_tracked]
Loading weights:  11%|█         | 33/312 [00:00<00:00, 8878.26it/s, Materializing param=layer.0.expand_1x1.normalization.num_batches_tracked]
Loading weights:  11%|█         | 34/312 [00:00<00:00, 8997.25it/s, Materializing param=layer.0.expand_1x1.normalization.running_mean]       
Loading weights:  11%|█         | 34/312 [00:00<00:00, 8949.25it/s, Materializing param=layer.0.expand_1x1.normalization.running_mean]
Loading weights:  11%|█         | 35/312 [00:00<00:00, 9109.57it/s, Materializing param=layer.0.expand_1x1.normalization.running_var] 
Loading weights:  11%|█         | 35/312 [00:00<00:00, 9062.33it/s, Materializing param=layer.0.expand_1x1.normalization.running_var]
Loading weights:  12%|█▏        | 36/312 [00:00<00:00, 9197.47it/s, Materializing param=layer.0.expand_1x1.normalization.weight]     
Loading weights:  12%|█▏        | 36/312 [00:00<00:00, 9153.43it/s, Materializing param=layer.0.expand_1x1.normalization.weight]
Loading weights:  12%|█▏        | 37/312 [00:00<00:00, 8171.30it/s, Materializing param=layer.0.reduce_1x1.convolution.weight]  
Loading weights:  12%|█▏        | 37/312 [00:00<00:00, 8122.97it/s, Materializing param=layer.0.reduce_1x1.convolution.weight]
Loading weights:  12%|█▏        | 38/312 [00:00<00:00, 8248.39it/s, Materializing param=layer.0.reduce_1x1.normalization.bias]
Loading weights:  12%|█▏        | 38/312 [00:00<00:00, 8210.57it/s, Materializing param=layer.0.reduce_1x1.normalization.bias]
Loading weights:  12%|█▎        | 39/312 [00:00<00:00, 8308.08it/s, Materializing param=layer.0.reduce_1x1.normalization.num_batches_tracked]
Loading weights:  12%|█▎        | 39/312 [00:00<00:00, 8269.44it/s, Materializing param=layer.0.reduce_1x1.normalization.num_batches_tracked]
Loading weights:  13%|█▎        | 40/312 [00:00<00:00, 8384.00it/s, Materializing param=layer.0.reduce_1x1.normalization.running_mean]       
Loading weights:  13%|█▎        | 40/312 [00:00<00:00, 8345.63it/s, Materializing param=layer.0.reduce_1x1.normalization.running_mean]
Loading weights:  13%|█▎        | 41/312 [00:00<00:00, 8486.72it/s, Materializing param=layer.0.reduce_1x1.normalization.running_var] 
Loading weights:  13%|█▎        | 41/312 [00:00<00:00, 8451.69it/s, Materializing param=layer.0.reduce_1x1.normalization.running_var]
Loading weights:  13%|█▎        | 42/312 [00:00<00:00, 8585.25it/s, Materializing param=layer.0.reduce_1x1.normalization.weight]     
Loading weights:  13%|█▎        | 42/312 [00:00<00:00, 8550.66it/s, Materializing param=layer.0.reduce_1x1.normalization.weight]
Loading weights:  14%|█▍        | 43/312 [00:00<00:00, 8681.77it/s, Materializing param=layer.1.conv_3x3.convolution.weight]    
Loading weights:  14%|█▍        | 43/312 [00:00<00:00, 8648.05it/s, Materializing param=layer.1.conv_3x3.convolution.weight]
Loading weights:  14%|█▍        | 44/312 [00:00<00:00, 8757.62it/s, Materializing param=layer.1.conv_3x3.normalization.bias]
Loading weights:  14%|█▍        | 44/312 [00:00<00:00, 8726.56it/s, Materializing param=layer.1.conv_3x3.normalization.bias]
Loading weights:  14%|█▍        | 45/312 [00:00<00:00, 8789.00it/s, Materializing param=layer.1.conv_3x3.normalization.num_batches_tracked]
Loading weights:  14%|█▍        | 45/312 [00:00<00:00, 8739.35it/s, Materializing param=layer.1.conv_3x3.normalization.num_batches_tracked]
Loading weights:  15%|█▍        | 46/312 [00:00<00:00, 8744.87it/s, Materializing param=layer.1.conv_3x3.normalization.running_mean]       
Loading weights:  15%|█▍        | 46/312 [00:00<00:00, 8702.27it/s, Materializing param=layer.1.conv_3x3.normalization.running_mean]
Loading weights:  15%|█▌        | 47/312 [00:00<00:00, 8811.17it/s, Materializing param=layer.1.conv_3x3.normalization.running_var] 
Loading weights:  15%|█▌        | 47/312 [00:00<00:00, 8778.21it/s, Materializing param=layer.1.conv_3x3.normalization.running_var]
Loading weights:  15%|█▌        | 48/312 [00:00<00:00, 8893.70it/s, Materializing param=layer.1.conv_3x3.normalization.weight]     
Loading weights:  15%|█▌        | 48/312 [00:00<00:00, 8860.82it/s, Materializing param=layer.1.conv_3x3.normalization.weight]
Loading weights:  16%|█▌        | 49/312 [00:00<00:00, 8827.46it/s, Materializing param=layer.1.expand_1x1.convolution.weight]
Loading weights:  16%|█▌        | 49/312 [00:00<00:00, 8789.33it/s, Materializing param=layer.1.expand_1x1.convolution.weight]
Loading weights:  16%|█▌        | 50/312 [00:00<00:00, 8865.20it/s, Materializing param=layer.1.expand_1x1.normalization.bias]
Loading weights:  16%|█▌        | 50/312 [00:00<00:00, 8830.86it/s, Materializing param=layer.1.expand_1x1.normalization.bias]
Loading weights:  16%|█▋        | 51/312 [00:00<00:00, 8900.29it/s, Materializing param=layer.1.expand_1x1.normalization.num_batches_tracked]
Loading weights:  16%|█▋        | 51/312 [00:00<00:00, 8863.41it/s, Materializing param=layer.1.expand_1x1.normalization.num_batches_tracked]
Loading weights:  17%|█▋        | 52/312 [00:00<00:00, 8748.30it/s, Materializing param=layer.1.expand_1x1.normalization.running_mean]       
Loading weights:  17%|█▋        | 52/312 [00:00<00:00, 8714.74it/s, Materializing param=layer.1.expand_1x1.normalization.running_mean]
Loading weights:  17%|█▋        | 53/312 [00:00<00:00, 8818.55it/s, Materializing param=layer.1.expand_1x1.normalization.running_var] 
Loading weights:  17%|█▋        | 53/312 [00:00<00:00, 8789.61it/s, Materializing param=layer.1.expand_1x1.normalization.running_var]
Loading weights:  17%|█▋        | 54/312 [00:00<00:00, 8893.56it/s, Materializing param=layer.1.expand_1x1.normalization.weight]     
Loading weights:  17%|█▋        | 54/312 [00:00<00:00, 8863.98it/s, Materializing param=layer.1.expand_1x1.normalization.weight]
Loading weights:  18%|█▊        | 55/312 [00:00<00:00, 8964.63it/s, Materializing param=layer.1.reduce_1x1.convolution.weight]  
Loading weights:  18%|█▊        | 55/312 [00:00<00:00, 8938.57it/s, Materializing param=layer.1.reduce_1x1.convolution.weight]
Loading weights:  18%|█▊        | 56/312 [00:00<00:00, 8995.83it/s, Materializing param=layer.1.reduce_1x1.normalization.bias]
Loading weights:  18%|█▊        | 56/312 [00:00<00:00, 8957.06it/s, Materializing param=layer.1.reduce_1x1.normalization.bias]
Loading weights:  18%|█▊        | 57/312 [00:00<00:00, 8827.83it/s, Materializing param=layer.1.reduce_1x1.normalization.num_batches_tracked]
Loading weights:  18%|█▊        | 57/312 [00:00<00:00, 8790.83it/s, Materializing param=layer.1.reduce_1x1.normalization.num_batches_tracked]
Loading weights:  19%|█▊        | 58/312 [00:00<00:00, 8884.61it/s, Materializing param=layer.1.reduce_1x1.normalization.running_mean]       
Loading weights:  19%|█▊        | 58/312 [00:00<00:00, 8857.44it/s, Materializing param=layer.1.reduce_1x1.normalization.running_mean]
Loading weights:  19%|█▉        | 59/312 [00:00<00:00, 8958.62it/s, Materializing param=layer.1.reduce_1x1.normalization.running_var] 
Loading weights:  19%|█▉        | 59/312 [00:00<00:00, 8925.98it/s, Materializing param=layer.1.reduce_1x1.normalization.running_var]
Loading weights:  19%|█▉        | 60/312 [00:00<00:00, 9026.48it/s, Materializing param=layer.1.reduce_1x1.normalization.weight]     
Loading weights:  19%|█▉        | 60/312 [00:00<00:00, 8999.36it/s, Materializing param=layer.1.reduce_1x1.normalization.weight]
Loading weights:  20%|█▉        | 61/312 [00:00<00:00, 9097.63it/s, Materializing param=layer.2.conv_3x3.convolution.weight]    
Loading weights:  20%|█▉        | 61/312 [00:00<00:00, 9067.96it/s, Materializing param=layer.2.conv_3x3.convolution.weight]
Loading weights:  20%|█▉        | 62/312 [00:00<00:00, 9138.88it/s, Materializing param=layer.2.conv_3x3.normalization.bias]
Loading weights:  20%|█▉        | 62/312 [00:00<00:00, 9113.58it/s, Materializing param=layer.2.conv_3x3.normalization.bias]
Loading weights:  20%|██        | 63/312 [00:00<00:00, 9195.79it/s, Materializing param=layer.2.conv_3x3.normalization.num_batches_tracked]
Loading weights:  20%|██        | 63/312 [00:00<00:00, 9163.59it/s, Materializing param=layer.2.conv_3x3.normalization.num_batches_tracked]
Loading weights:  21%|██        | 64/312 [00:00<00:00, 9224.59it/s, Materializing param=layer.2.conv_3x3.normalization.running_mean]       
Loading weights:  21%|██        | 64/312 [00:00<00:00, 9183.56it/s, Materializing param=layer.2.conv_3x3.normalization.running_mean]
Loading weights:  21%|██        | 65/312 [00:00<00:00, 9256.75it/s, Materializing param=layer.2.conv_3x3.normalization.running_var] 
Loading weights:  21%|██        | 65/312 [00:00<00:00, 9229.17it/s, Materializing param=layer.2.conv_3x3.normalization.running_var]
Loading weights:  21%|██        | 66/312 [00:00<00:00, 9311.58it/s, Materializing param=layer.2.conv_3x3.normalization.weight]     
Loading weights:  21%|██        | 66/312 [00:00<00:00, 9285.35it/s, Materializing param=layer.2.conv_3x3.normalization.weight]
Loading weights:  21%|██▏       | 67/312 [00:00<00:00, 9365.41it/s, Materializing param=layer.2.expand_1x1.convolution.weight]
Loading weights:  21%|██▏       | 67/312 [00:00<00:00, 9339.26it/s, Materializing param=layer.2.expand_1x1.convolution.weight]
Loading weights:  22%|██▏       | 68/312 [00:00<00:00, 8774.15it/s, Materializing param=layer.2.expand_1x1.normalization.bias]
Loading weights:  22%|██▏       | 68/312 [00:00<00:00, 8745.90it/s, Materializing param=layer.2.expand_1x1.normalization.bias]
Loading weights:  22%|██▏       | 69/312 [00:00<00:00, 8795.50it/s, Materializing param=layer.2.expand_1x1.normalization.num_batches_tracked]
Loading weights:  22%|██▏       | 69/312 [00:00<00:00, 8761.94it/s, Materializing param=layer.2.expand_1x1.normalization.num_batches_tracked]
Loading weights:  22%|██▏       | 70/312 [00:00<00:00, 8822.68it/s, Materializing param=layer.2.expand_1x1.normalization.running_mean]       
Loading weights:  22%|██▏       | 70/312 [00:00<00:00, 8794.93it/s, Materializing param=layer.2.expand_1x1.normalization.running_mean]
Loading weights:  23%|██▎       | 71/312 [00:00<00:00, 8873.79it/s, Materializing param=layer.2.expand_1x1.normalization.running_var] 
Loading weights:  23%|██▎       | 71/312 [00:00<00:00, 8852.69it/s, Materializing param=layer.2.expand_1x1.normalization.running_var]
Loading weights:  23%|██▎       | 72/312 [00:00<00:00, 8930.65it/s, Materializing param=layer.2.expand_1x1.normalization.weight]     
Loading weights:  23%|██▎       | 72/312 [00:00<00:00, 8908.78it/s, Materializing param=layer.2.expand_1x1.normalization.weight]
Loading weights:  23%|██▎       | 73/312 [00:00<00:00, 8984.54it/s, Materializing param=layer.2.reduce_1x1.convolution.weight]  
Loading weights:  23%|██▎       | 73/312 [00:00<00:00, 8963.76it/s, Materializing param=layer.2.reduce_1x1.convolution.weight]
Loading weights:  24%|██▎       | 74/312 [00:00<00:00, 9037.61it/s, Materializing param=layer.2.reduce_1x1.normalization.bias]
Loading weights:  24%|██▎       | 74/312 [00:00<00:00, 9013.46it/s, Materializing param=layer.2.reduce_1x1.normalization.bias]
Loading weights:  24%|██▍       | 75/312 [00:00<00:00, 8661.38it/s, Materializing param=layer.2.reduce_1x1.normalization.num_batches_tracked]
Loading weights:  24%|██▍       | 75/312 [00:00<00:00, 8624.81it/s, Materializing param=layer.2.reduce_1x1.normalization.num_batches_tracked]
Loading weights:  24%|██▍       | 76/312 [00:00<00:00, 8666.86it/s, Materializing param=layer.2.reduce_1x1.normalization.running_mean]       
Loading weights:  24%|██▍       | 76/312 [00:00<00:00, 8641.25it/s, Materializing param=layer.2.reduce_1x1.normalization.running_mean]
Loading weights:  25%|██▍       | 77/312 [00:00<00:00, 8703.52it/s, Materializing param=layer.2.reduce_1x1.normalization.running_var] 
Loading weights:  25%|██▍       | 77/312 [00:00<00:00, 8682.93it/s, Materializing param=layer.2.reduce_1x1.normalization.running_var]
Loading weights:  25%|██▌       | 78/312 [00:00<00:00, 8750.29it/s, Materializing param=layer.2.reduce_1x1.normalization.weight]     
Loading weights:  25%|██▌       | 78/312 [00:00<00:00, 8729.74it/s, Materializing param=layer.2.reduce_1x1.normalization.weight]
Loading weights:  25%|██▌       | 79/312 [00:00<00:00, 8795.19it/s, Materializing param=layer.3.conv_3x3.convolution.weight]    
Loading weights:  25%|██▌       | 79/312 [00:00<00:00, 8775.86it/s, Materializing param=layer.3.conv_3x3.convolution.weight]
Loading weights:  26%|██▌       | 80/312 [00:00<00:00, 8750.67it/s, Materializing param=layer.3.conv_3x3.normalization.bias]
Loading weights:  26%|██▌       | 80/312 [00:00<00:00, 8728.81it/s, Materializing param=layer.3.conv_3x3.normalization.bias]
Loading weights:  26%|██▌       | 81/312 [00:00<00:00, 8790.81it/s, Materializing param=layer.3.conv_3x3.normalization.num_batches_tracked]
Loading weights:  26%|██▌       | 81/312 [00:00<00:00, 8770.84it/s, Materializing param=layer.3.conv_3x3.normalization.num_batches_tracked]
Loading weights:  26%|██▋       | 82/312 [00:00<00:00, 8826.71it/s, Materializing param=layer.3.conv_3x3.normalization.running_mean]       
Loading weights:  26%|██▋       | 82/312 [00:00<00:00, 8806.82it/s, Materializing param=layer.3.conv_3x3.normalization.running_mean]
Loading weights:  27%|██▋       | 83/312 [00:00<00:00, 8874.01it/s, Materializing param=layer.3.conv_3x3.normalization.running_var] 
Loading weights:  27%|██▋       | 83/312 [00:00<00:00, 8856.17it/s, Materializing param=layer.3.conv_3x3.normalization.running_var]
Loading weights:  27%|██▋       | 84/312 [00:00<00:00, 8923.83it/s, Materializing param=layer.3.conv_3x3.normalization.weight]     
Loading weights:  27%|██▋       | 84/312 [00:00<00:00, 8904.88it/s, Materializing param=layer.3.conv_3x3.normalization.weight]
Loading weights:  27%|██▋       | 85/312 [00:00<00:00, 8968.05it/s, Materializing param=layer.3.expand_1x1.convolution.weight]
Loading weights:  27%|██▋       | 85/312 [00:00<00:00, 8946.45it/s, Materializing param=layer.3.expand_1x1.convolution.weight]
Loading weights:  28%|██▊       | 86/312 [00:00<00:00, 8995.04it/s, Materializing param=layer.3.expand_1x1.normalization.bias]
Loading weights:  28%|██▊       | 86/312 [00:00<00:00, 8974.23it/s, Materializing param=layer.3.expand_1x1.normalization.bias]
Loading weights:  28%|██▊       | 87/312 [00:00<00:00, 9037.21it/s, Materializing param=layer.3.expand_1x1.normalization.num_batches_tracked]
Loading weights:  28%|██▊       | 87/312 [00:00<00:00, 9018.45it/s, Materializing param=layer.3.expand_1x1.normalization.num_batches_tracked]
Loading weights:  28%|██▊       | 88/312 [00:00<00:00, 9079.70it/s, Materializing param=layer.3.expand_1x1.normalization.running_mean]       
Loading weights:  28%|██▊       | 88/312 [00:00<00:00, 9060.97it/s, Materializing param=layer.3.expand_1x1.normalization.running_mean]
Loading weights:  29%|██▊       | 89/312 [00:00<00:00, 9127.19it/s, Materializing param=layer.3.expand_1x1.normalization.running_var] 
Loading weights:  29%|██▊       | 89/312 [00:00<00:00, 9110.49it/s, Materializing param=layer.3.expand_1x1.normalization.running_var]
Loading weights:  29%|██▉       | 90/312 [00:00<00:00, 9176.12it/s, Materializing param=layer.3.expand_1x1.normalization.weight]     
Loading weights:  29%|██▉       | 90/312 [00:00<00:00, 9158.54it/s, Materializing param=layer.3.expand_1x1.normalization.weight]
Loading weights:  29%|██▉       | 91/312 [00:00<00:00, 9221.59it/s, Materializing param=layer.3.reduce_1x1.convolution.weight]  
Loading weights:  29%|██▉       | 91/312 [00:00<00:00, 9204.91it/s, Materializing param=layer.3.reduce_1x1.convolution.weight]
Loading weights:  29%|██▉       | 92/312 [00:00<00:00, 9264.73it/s, Materializing param=layer.3.reduce_1x1.normalization.bias]
Loading weights:  29%|██▉       | 92/312 [00:00<00:00, 9248.08it/s, Materializing param=layer.3.reduce_1x1.normalization.bias]
Loading weights:  30%|██▉       | 93/312 [00:00<00:00, 9293.36it/s, Materializing param=layer.3.reduce_1x1.normalization.num_batches_tracked]
Loading weights:  30%|██▉       | 93/312 [00:00<00:00, 9275.90it/s, Materializing param=layer.3.reduce_1x1.normalization.num_batches_tracked]
Loading weights:  30%|███       | 94/312 [00:00<00:00, 9279.43it/s, Materializing param=layer.3.reduce_1x1.normalization.running_mean]       
Loading weights:  30%|███       | 94/312 [00:00<00:00, 9256.34it/s, Materializing param=layer.3.reduce_1x1.normalization.running_mean]
Loading weights:  30%|███       | 95/312 [00:00<00:00, 9311.96it/s, Materializing param=layer.3.reduce_1x1.normalization.running_var] 
Loading weights:  30%|███       | 95/312 [00:00<00:00, 9293.72it/s, Materializing param=layer.3.reduce_1x1.normalization.running_var]
Loading weights:  31%|███       | 96/312 [00:00<00:00, 9352.28it/s, Materializing param=layer.3.reduce_1x1.normalization.weight]     
Loading weights:  31%|███       | 96/312 [00:00<00:00, 9333.21it/s, Materializing param=layer.3.reduce_1x1.normalization.weight]
Loading weights:  31%|███       | 97/312 [00:00<00:00, 9388.21it/s, Materializing param=layer.4.conv_3x3.convolution.weight]    
Loading weights:  31%|███       | 97/312 [00:00<00:00, 9367.46it/s, Materializing param=layer.4.conv_3x3.convolution.weight]
Loading weights:  31%|███▏      | 98/312 [00:00<00:00, 8805.15it/s, Materializing param=layer.4.conv_3x3.normalization.bias]
Loading weights:  31%|███▏      | 98/312 [00:00<00:00, 8784.45it/s, Materializing param=layer.4.conv_3x3.normalization.bias]
Loading weights:  32%|███▏      | 99/312 [00:00<00:00, 8821.86it/s, Materializing param=layer.4.conv_3x3.normalization.num_batches_tracked]
Loading weights:  32%|███▏      | 99/312 [00:00<00:00, 8804.65it/s, Materializing param=layer.4.conv_3x3.normalization.num_batches_tracked]
Loading weights:  32%|███▏      | 100/312 [00:00<00:00, 8849.68it/s, Materializing param=layer.4.conv_3x3.normalization.running_mean]      
Loading weights:  32%|███▏      | 100/312 [00:00<00:00, 8829.93it/s, Materializing param=layer.4.conv_3x3.normalization.running_mean]
Loading weights:  32%|███▏      | 101/312 [00:00<00:00, 8880.83it/s, Materializing param=layer.4.conv_3x3.normalization.running_var] 
Loading weights:  32%|███▏      | 101/312 [00:00<00:00, 8865.04it/s, Materializing param=layer.4.conv_3x3.normalization.running_var]
Loading weights:  33%|███▎      | 102/312 [00:00<00:00, 8919.03it/s, Materializing param=layer.4.conv_3x3.normalization.weight]     
Loading weights:  33%|███▎      | 102/312 [00:00<00:00, 8902.69it/s, Materializing param=layer.4.conv_3x3.normalization.weight]
Loading weights:  33%|███▎      | 103/312 [00:00<00:00, 8953.46it/s, Materializing param=layer.4.expand_1x1.convolution.weight]
Loading weights:  33%|███▎      | 103/312 [00:00<00:00, 8935.49it/s, Materializing param=layer.4.expand_1x1.convolution.weight]
Loading weights:  33%|███▎      | 104/312 [00:00<00:00, 8742.51it/s, Materializing param=layer.4.expand_1x1.normalization.bias]
Loading weights:  33%|███▎      | 104/312 [00:00<00:00, 8721.88it/s, Materializing param=layer.4.expand_1x1.normalization.bias]
Loading weights:  34%|███▎      | 105/312 [00:00<00:00, 8645.50it/s, Materializing param=layer.4.expand_1x1.normalization.num_batches_tracked]
Loading weights:  34%|███▎      | 105/312 [00:00<00:00, 8622.14it/s, Materializing param=layer.4.expand_1x1.normalization.num_batches_tracked]
Loading weights:  34%|███▍      | 106/312 [00:00<00:00, 8664.40it/s, Materializing param=layer.4.expand_1x1.normalization.running_mean]       
Loading weights:  34%|███▍      | 106/312 [00:00<00:00, 8646.03it/s, Materializing param=layer.4.expand_1x1.normalization.running_mean]
Loading weights:  34%|███▍      | 107/312 [00:00<00:00, 8696.31it/s, Materializing param=layer.4.expand_1x1.normalization.running_var] 
Loading weights:  34%|███▍      | 107/312 [00:00<00:00, 8680.84it/s, Materializing param=layer.4.expand_1x1.normalization.running_var]
Loading weights:  35%|███▍      | 108/312 [00:00<00:00, 8734.26it/s, Materializing param=layer.4.expand_1x1.normalization.weight]     
Loading weights:  35%|███▍      | 108/312 [00:00<00:00, 8718.12it/s, Materializing param=layer.4.expand_1x1.normalization.weight]
Loading weights:  35%|███▍      | 109/312 [00:00<00:00, 8770.49it/s, Materializing param=layer.4.reduce_1x1.convolution.weight]  
Loading weights:  35%|███▍      | 109/312 [00:00<00:00, 8755.70it/s, Materializing param=layer.4.reduce_1x1.convolution.weight]
Loading weights:  35%|███▌      | 110/312 [00:00<00:00, 8802.82it/s, Materializing param=layer.4.reduce_1x1.normalization.bias]
Loading weights:  35%|███▌      | 110/312 [00:00<00:00, 8789.57it/s, Materializing param=layer.4.reduce_1x1.normalization.bias]
Loading weights:  36%|███▌      | 111/312 [00:00<00:00, 8831.96it/s, Materializing param=layer.4.reduce_1x1.normalization.num_batches_tracked]
Loading weights:  36%|███▌      | 111/312 [00:00<00:00, 8818.57it/s, Materializing param=layer.4.reduce_1x1.normalization.num_batches_tracked]
Loading weights:  36%|███▌      | 112/312 [00:00<00:00, 8866.95it/s, Materializing param=layer.4.reduce_1x1.normalization.running_mean]       
Loading weights:  36%|███▌      | 112/312 [00:00<00:00, 8852.24it/s, Materializing param=layer.4.reduce_1x1.normalization.running_mean]
Loading weights:  36%|███▌      | 113/312 [00:00<00:00, 8903.93it/s, Materializing param=layer.4.reduce_1x1.normalization.running_var] 
Loading weights:  36%|███▌      | 113/312 [00:00<00:00, 8887.74it/s, Materializing param=layer.4.reduce_1x1.normalization.running_var]
Loading weights:  37%|███▋      | 114/312 [00:00<00:00, 8941.24it/s, Materializing param=layer.4.reduce_1x1.normalization.weight]     
Loading weights:  37%|███▋      | 114/312 [00:00<00:00, 8925.88it/s, Materializing param=layer.4.reduce_1x1.normalization.weight]
Loading weights:  37%|███▋      | 115/312 [00:00<00:00, 8978.04it/s, Materializing param=layer.5.conv_3x3.convolution.weight]    
Loading weights:  37%|███▋      | 115/312 [00:00<00:00, 8961.86it/s, Materializing param=layer.5.conv_3x3.convolution.weight]
Loading weights:  37%|███▋      | 116/312 [00:00<00:00, 8994.33it/s, Materializing param=layer.5.conv_3x3.normalization.bias]
Loading weights:  37%|███▋      | 116/312 [00:00<00:00, 8974.09it/s, Materializing param=layer.5.conv_3x3.normalization.bias]
Loading weights:  38%|███▊      | 117/312 [00:00<00:00, 8628.43it/s, Materializing param=layer.5.conv_3x3.normalization.num_batches_tracked]
Loading weights:  38%|███▊      | 117/312 [00:00<00:00, 8607.40it/s, Materializing param=layer.5.conv_3x3.normalization.num_batches_tracked]
Loading weights:  38%|███▊      | 118/312 [00:00<00:00, 8547.68it/s, Materializing param=layer.5.conv_3x3.normalization.running_mean]       
Loading weights:  38%|███▊      | 118/312 [00:00<00:00, 8531.62it/s, Materializing param=layer.5.conv_3x3.normalization.running_mean]
Loading weights:  38%|███▊      | 119/312 [00:00<00:00, 8574.66it/s, Materializing param=layer.5.conv_3x3.normalization.running_var] 
Loading weights:  38%|███▊      | 119/312 [00:00<00:00, 8561.71it/s, Materializing param=layer.5.conv_3x3.normalization.running_var]
Loading weights:  38%|███▊      | 120/312 [00:00<00:00, 8607.67it/s, Materializing param=layer.5.conv_3x3.normalization.weight]     
Loading weights:  38%|███▊      | 120/312 [00:00<00:00, 8595.91it/s, Materializing param=layer.5.conv_3x3.normalization.weight]
Loading weights:  39%|███▉      | 121/312 [00:00<00:00, 8640.39it/s, Materializing param=layer.5.expand_1x1.convolution.weight]
Loading weights:  39%|███▉      | 121/312 [00:00<00:00, 8628.05it/s, Materializing param=layer.5.expand_1x1.convolution.weight]
Loading weights:  39%|███▉      | 122/312 [00:00<00:00, 8667.24it/s, Materializing param=layer.5.expand_1x1.normalization.bias]
Loading weights:  39%|███▉      | 122/312 [00:00<00:00, 8655.66it/s, Materializing param=layer.5.expand_1x1.normalization.bias]
Loading weights:  39%|███▉      | 123/312 [00:00<00:00, 8508.70it/s, Materializing param=layer.5.expand_1x1.normalization.num_batches_tracked]
Loading weights:  39%|███▉      | 123/312 [00:00<00:00, 8490.91it/s, Materializing param=layer.5.expand_1x1.normalization.num_batches_tracked]
Loading weights:  40%|███▉      | 124/312 [00:00<00:00, 8524.73it/s, Materializing param=layer.5.expand_1x1.normalization.running_mean]       
Loading weights:  40%|███▉      | 124/312 [00:00<00:00, 8509.39it/s, Materializing param=layer.5.expand_1x1.normalization.running_mean]
Loading weights:  40%|████      | 125/312 [00:00<00:00, 8544.74it/s, Materializing param=layer.5.expand_1x1.normalization.running_var] 
Loading weights:  40%|████      | 125/312 [00:00<00:00, 8529.45it/s, Materializing param=layer.5.expand_1x1.normalization.running_var]
Loading weights:  40%|████      | 126/312 [00:00<00:00, 8573.13it/s, Materializing param=layer.5.expand_1x1.normalization.weight]     
Loading weights:  40%|████      | 126/312 [00:00<00:00, 8559.11it/s, Materializing param=layer.5.expand_1x1.normalization.weight]
Loading weights:  41%|████      | 127/312 [00:00<00:00, 8600.30it/s, Materializing param=layer.5.reduce_1x1.convolution.weight]  
Loading weights:  41%|████      | 127/312 [00:00<00:00, 8586.85it/s, Materializing param=layer.5.reduce_1x1.convolution.weight]
Loading weights:  41%|████      | 128/312 [00:00<00:00, 8630.67it/s, Materializing param=layer.5.reduce_1x1.normalization.bias]
Loading weights:  41%|████      | 128/312 [00:00<00:00, 8620.00it/s, Materializing param=layer.5.reduce_1x1.normalization.bias]
Loading weights:  41%|████▏     | 129/312 [00:00<00:00, 8662.31it/s, Materializing param=layer.5.reduce_1x1.normalization.num_batches_tracked]
Loading weights:  41%|████▏     | 129/312 [00:00<00:00, 8649.02it/s, Materializing param=layer.5.reduce_1x1.normalization.num_batches_tracked]
Loading weights:  42%|████▏     | 130/312 [00:00<00:00, 8690.50it/s, Materializing param=layer.5.reduce_1x1.normalization.running_mean]       
Loading weights:  42%|████▏     | 130/312 [00:00<00:00, 8678.33it/s, Materializing param=layer.5.reduce_1x1.normalization.running_mean]
Loading weights:  42%|████▏     | 131/312 [00:00<00:00, 8719.97it/s, Materializing param=layer.5.reduce_1x1.normalization.running_var] 
Loading weights:  42%|████▏     | 131/312 [00:00<00:00, 8707.25it/s, Materializing param=layer.5.reduce_1x1.normalization.running_var]
Loading weights:  42%|████▏     | 132/312 [00:00<00:00, 8753.88it/s, Materializing param=layer.5.reduce_1x1.normalization.weight]     
Loading weights:  42%|████▏     | 132/312 [00:00<00:00, 8742.27it/s, Materializing param=layer.5.reduce_1x1.normalization.weight]
Loading weights:  43%|████▎     | 133/312 [00:00<00:00, 8786.30it/s, Materializing param=layer.6.conv_3x3.convolution.weight]    
Loading weights:  43%|████▎     | 133/312 [00:00<00:00, 8775.38it/s, Materializing param=layer.6.conv_3x3.convolution.weight]
Loading weights:  43%|████▎     | 134/312 [00:00<00:00, 8812.94it/s, Materializing param=layer.6.conv_3x3.normalization.bias]
Loading weights:  43%|████▎     | 134/312 [00:00<00:00, 8800.80it/s, Materializing param=layer.6.conv_3x3.normalization.bias]
Loading weights:  43%|████▎     | 135/312 [00:00<00:00, 8839.63it/s, Materializing param=layer.6.conv_3x3.normalization.num_batches_tracked]
Loading weights:  43%|████▎     | 135/312 [00:00<00:00, 8827.50it/s, Materializing param=layer.6.conv_3x3.normalization.num_batches_tracked]
Loading weights:  44%|████▎     | 136/312 [00:00<00:00, 8866.76it/s, Materializing param=layer.6.conv_3x3.normalization.running_mean]       
Loading weights:  44%|████▎     | 136/312 [00:00<00:00, 8855.34it/s, Materializing param=layer.6.conv_3x3.normalization.running_mean]
Loading weights:  44%|████▍     | 137/312 [00:00<00:00, 8895.45it/s, Materializing param=layer.6.conv_3x3.normalization.running_var] 
Loading weights:  44%|████▍     | 137/312 [00:00<00:00, 8884.59it/s, Materializing param=layer.6.conv_3x3.normalization.running_var]
Loading weights:  44%|████▍     | 138/312 [00:00<00:00, 8919.38it/s, Materializing param=layer.6.conv_3x3.normalization.weight]     
Loading weights:  44%|████▍     | 138/312 [00:00<00:00, 8908.39it/s, Materializing param=layer.6.conv_3x3.normalization.weight]
Loading weights:  45%|████▍     | 139/312 [00:00<00:00, 8946.37it/s, Materializing param=layer.6.expand_1x1.convolution.weight]
Loading weights:  45%|████▍     | 139/312 [00:00<00:00, 8933.08it/s, Materializing param=layer.6.expand_1x1.convolution.weight]
Loading weights:  45%|████▍     | 140/312 [00:00<00:00, 8757.03it/s, Materializing param=layer.6.expand_1x1.normalization.bias]
Loading weights:  45%|████▍     | 140/312 [00:00<00:00, 8742.82it/s, Materializing param=layer.6.expand_1x1.normalization.bias]
Loading weights:  45%|████▌     | 141/312 [00:00<00:00, 8778.99it/s, Materializing param=layer.6.expand_1x1.normalization.num_batches_tracked]
Loading weights:  45%|████▌     | 141/312 [00:00<00:00, 8766.50it/s, Materializing param=layer.6.expand_1x1.normalization.num_batches_tracked]
Loading weights:  46%|████▌     | 142/312 [00:00<00:00, 8797.38it/s, Materializing param=layer.6.expand_1x1.normalization.running_mean]       
Loading weights:  46%|████▌     | 142/312 [00:00<00:00, 8781.03it/s, Materializing param=layer.6.expand_1x1.normalization.running_mean]
Loading weights:  46%|████▌     | 143/312 [00:00<00:00, 8818.95it/s, Materializing param=layer.6.expand_1x1.normalization.running_var] 
Loading weights:  46%|████▌     | 143/312 [00:00<00:00, 8807.55it/s, Materializing param=layer.6.expand_1x1.normalization.running_var]
Loading weights:  46%|████▌     | 144/312 [00:00<00:00, 8839.68it/s, Materializing param=layer.6.expand_1x1.normalization.weight]     
Loading weights:  46%|████▌     | 144/312 [00:00<00:00, 8827.40it/s, Materializing param=layer.6.expand_1x1.normalization.weight]
Loading weights:  46%|████▋     | 145/312 [00:00<00:00, 8855.96it/s, Materializing param=layer.6.reduce_1x1.convolution.weight]  
Loading weights:  46%|████▋     | 145/312 [00:00<00:00, 8842.57it/s, Materializing param=layer.6.reduce_1x1.convolution.weight]
Loading weights:  47%|████▋     | 146/312 [00:00<00:00, 8714.88it/s, Materializing param=layer.6.reduce_1x1.normalization.bias]
Loading weights:  47%|████▋     | 146/312 [00:00<00:00, 8701.88it/s, Materializing param=layer.6.reduce_1x1.normalization.bias]
Loading weights:  47%|████▋     | 147/312 [00:00<00:00, 8733.80it/s, Materializing param=layer.6.reduce_1x1.normalization.num_batches_tracked]
Loading weights:  47%|████▋     | 147/312 [00:00<00:00, 8720.95it/s, Materializing param=layer.6.reduce_1x1.normalization.num_batches_tracked]
Loading weights:  47%|████▋     | 148/312 [00:00<00:00, 8750.08it/s, Materializing param=layer.6.reduce_1x1.normalization.running_mean]       
Loading weights:  47%|████▋     | 148/312 [00:00<00:00, 8736.66it/s, Materializing param=layer.6.reduce_1x1.normalization.running_mean]
Loading weights:  48%|████▊     | 149/312 [00:00<00:00, 8773.96it/s, Materializing param=layer.6.reduce_1x1.normalization.running_var] 
Loading weights:  48%|████▊     | 149/312 [00:00<00:00, 8763.62it/s, Materializing param=layer.6.reduce_1x1.normalization.running_var]
Loading weights:  48%|████▊     | 150/312 [00:00<00:00, 8801.82it/s, Materializing param=layer.6.reduce_1x1.normalization.weight]     
Loading weights:  48%|████▊     | 150/312 [00:00<00:00, 8790.39it/s, Materializing param=layer.6.reduce_1x1.normalization.weight]
Loading weights:  48%|████▊     | 151/312 [00:00<00:00, 8827.28it/s, Materializing param=layer.7.conv_3x3.convolution.weight]    
Loading weights:  48%|████▊     | 151/312 [00:00<00:00, 8816.47it/s, Materializing param=layer.7.conv_3x3.convolution.weight]
Loading weights:  49%|████▊     | 152/312 [00:00<00:00, 8787.64it/s, Materializing param=layer.7.conv_3x3.normalization.bias]
Loading weights:  49%|████▊     | 152/312 [00:00<00:00, 8774.94it/s, Materializing param=layer.7.conv_3x3.normalization.bias]
Loading weights:  49%|████▉     | 153/312 [00:00<00:00, 8805.16it/s, Materializing param=layer.7.conv_3x3.normalization.num_batches_tracked]
Loading weights:  49%|████▉     | 153/312 [00:00<00:00, 8792.61it/s, Materializing param=layer.7.conv_3x3.normalization.num_batches_tracked]
Loading weights:  49%|████▉     | 154/312 [00:00<00:00, 8826.74it/s, Materializing param=layer.7.conv_3x3.normalization.running_mean]       
Loading weights:  49%|████▉     | 154/312 [00:00<00:00, 8814.57it/s, Materializing param=layer.7.conv_3x3.normalization.running_mean]
Loading weights:  50%|████▉     | 155/312 [00:00<00:00, 8851.03it/s, Materializing param=layer.7.conv_3x3.normalization.running_var] 
Loading weights:  50%|████▉     | 155/312 [00:00<00:00, 8840.92it/s, Materializing param=layer.7.conv_3x3.normalization.running_var]
Loading weights:  50%|█████     | 156/312 [00:00<00:00, 8878.64it/s, Materializing param=layer.7.conv_3x3.normalization.weight]     
Loading weights:  50%|█████     | 156/312 [00:00<00:00, 8869.13it/s, Materializing param=layer.7.conv_3x3.normalization.weight]
Loading weights:  50%|█████     | 157/312 [00:00<00:00, 8899.69it/s, Materializing param=layer.7.expand_1x1.convolution.weight]
Loading weights:  50%|█████     | 157/312 [00:00<00:00, 8888.04it/s, Materializing param=layer.7.expand_1x1.convolution.weight]
Loading weights:  51%|█████     | 158/312 [00:00<00:00, 8911.33it/s, Materializing param=layer.7.expand_1x1.normalization.bias]
Loading weights:  51%|█████     | 158/312 [00:00<00:00, 8900.44it/s, Materializing param=layer.7.expand_1x1.normalization.bias]
Loading weights:  51%|█████     | 159/312 [00:00<00:00, 8933.14it/s, Materializing param=layer.7.expand_1x1.normalization.num_batches_tracked]
Loading weights:  51%|█████     | 159/312 [00:00<00:00, 8923.10it/s, Materializing param=layer.7.expand_1x1.normalization.num_batches_tracked]
Loading weights:  51%|█████▏    | 160/312 [00:00<00:00, 8945.46it/s, Materializing param=layer.7.expand_1x1.normalization.running_mean]       
Loading weights:  51%|█████▏    | 160/312 [00:00<00:00, 8931.53it/s, Materializing param=layer.7.expand_1x1.normalization.running_mean]
Loading weights:  52%|█████▏    | 161/312 [00:00<00:00, 8965.88it/s, Materializing param=layer.7.expand_1x1.normalization.running_var] 
Loading weights:  52%|█████▏    | 161/312 [00:00<00:00, 8956.48it/s, Materializing param=layer.7.expand_1x1.normalization.running_var]
Loading weights:  52%|█████▏    | 162/312 [00:00<00:00, 8992.43it/s, Materializing param=layer.7.expand_1x1.normalization.weight]     
Loading weights:  52%|█████▏    | 162/312 [00:00<00:00, 8983.04it/s, Materializing param=layer.7.expand_1x1.normalization.weight]
Loading weights:  52%|█████▏    | 163/312 [00:00<00:00, 9017.99it/s, Materializing param=layer.7.reduce_1x1.convolution.weight]  
Loading weights:  52%|█████▏    | 163/312 [00:00<00:00, 9007.53it/s, Materializing param=layer.7.reduce_1x1.convolution.weight]
Loading weights:  53%|█████▎    | 164/312 [00:00<00:00, 8821.96it/s, Materializing param=layer.7.reduce_1x1.normalization.bias]
Loading weights:  53%|█████▎    | 164/312 [00:00<00:00, 8809.64it/s, Materializing param=layer.7.reduce_1x1.normalization.bias]
Loading weights:  53%|█████▎    | 165/312 [00:00<00:00, 8833.38it/s, Materializing param=layer.7.reduce_1x1.normalization.num_batches_tracked]
Loading weights:  53%|█████▎    | 165/312 [00:00<00:00, 8823.47it/s, Materializing param=layer.7.reduce_1x1.normalization.num_batches_tracked]
Loading weights:  53%|█████▎    | 166/312 [00:00<00:00, 8845.37it/s, Materializing param=layer.7.reduce_1x1.normalization.running_mean]       
Loading weights:  53%|█████▎    | 166/312 [00:00<00:00, 8827.43it/s, Materializing param=layer.7.reduce_1x1.normalization.running_mean]
Loading weights:  54%|█████▎    | 167/312 [00:00<00:00, 8854.67it/s, Materializing param=layer.7.reduce_1x1.normalization.running_var] 
Loading weights:  54%|█████▎    | 167/312 [00:00<00:00, 8841.59it/s, Materializing param=layer.7.reduce_1x1.normalization.running_var]
Loading weights:  54%|█████▍    | 168/312 [00:00<00:00, 8874.26it/s, Materializing param=layer.7.reduce_1x1.normalization.weight]     
Loading weights:  54%|█████▍    | 168/312 [00:00<00:00, 8863.55it/s, Materializing param=layer.7.reduce_1x1.normalization.weight]
Loading weights:  54%|█████▍    | 169/312 [00:00<00:00, 8894.27it/s, Materializing param=layer.8.conv_3x3.convolution.weight]    
Loading weights:  54%|█████▍    | 169/312 [00:00<00:00, 8878.89it/s, Materializing param=layer.8.conv_3x3.convolution.weight]
Loading weights:  54%|█████▍    | 170/312 [00:00<00:00, 8896.88it/s, Materializing param=layer.8.conv_3x3.normalization.bias]
Loading weights:  54%|█████▍    | 170/312 [00:00<00:00, 8886.57it/s, Materializing param=layer.8.conv_3x3.normalization.bias]
Loading weights:  55%|█████▍    | 171/312 [00:00<00:00, 8914.62it/s, Materializing param=layer.8.conv_3x3.normalization.num_batches_tracked]
Loading weights:  55%|█████▍    | 171/312 [00:00<00:00, 8905.21it/s, Materializing param=layer.8.conv_3x3.normalization.num_batches_tracked]
Loading weights:  55%|█████▌    | 172/312 [00:00<00:00, 8859.50it/s, Materializing param=layer.8.conv_3x3.normalization.running_mean]       
Loading weights:  55%|█████▌    | 172/312 [00:00<00:00, 8844.95it/s, Materializing param=layer.8.conv_3x3.normalization.running_mean]
Loading weights:  55%|█████▌    | 173/312 [00:00<00:00, 8875.04it/s, Materializing param=layer.8.conv_3x3.normalization.running_var] 
Loading weights:  55%|█████▌    | 173/312 [00:00<00:00, 8863.55it/s, Materializing param=layer.8.conv_3x3.normalization.running_var]
Loading weights:  56%|█████▌    | 174/312 [00:00<00:00, 8895.23it/s, Materializing param=layer.8.conv_3x3.normalization.weight]     
Loading weights:  56%|█████▌    | 174/312 [00:00<00:00, 8882.56it/s, Materializing param=layer.8.conv_3x3.normalization.weight]
Loading weights:  56%|█████▌    | 175/312 [00:00<00:00, 8910.40it/s, Materializing param=layer.8.expand_1x1.convolution.weight]
Loading weights:  56%|█████▌    | 175/312 [00:00<00:00, 8900.46it/s, Materializing param=layer.8.expand_1x1.convolution.weight]
Loading weights:  56%|█████▋    | 176/312 [00:00<00:00, 8770.21it/s, Materializing param=layer.8.expand_1x1.normalization.bias]
Loading weights:  56%|█████▋    | 176/312 [00:00<00:00, 8759.70it/s, Materializing param=layer.8.expand_1x1.normalization.bias]
Loading weights:  57%|█████▋    | 177/312 [00:00<00:00, 8695.25it/s, Materializing param=layer.8.expand_1x1.normalization.num_batches_tracked]
Loading weights:  57%|█████▋    | 177/312 [00:00<00:00, 8683.25it/s, Materializing param=layer.8.expand_1x1.normalization.num_batches_tracked]
Loading weights:  57%|█████▋    | 178/312 [00:00<00:00, 8699.85it/s, Materializing param=layer.8.expand_1x1.normalization.running_mean]       
Loading weights:  57%|█████▋    | 178/312 [00:00<00:00, 8689.72it/s, Materializing param=layer.8.expand_1x1.normalization.running_mean]
Loading weights:  57%|█████▋    | 179/312 [00:00<00:00, 8720.27it/s, Materializing param=layer.8.expand_1x1.normalization.running_var] 
Loading weights:  57%|█████▋    | 179/312 [00:00<00:00, 8711.77it/s, Materializing param=layer.8.expand_1x1.normalization.running_var]
Loading weights:  58%|█████▊    | 180/312 [00:00<00:00, 8742.89it/s, Materializing param=layer.8.expand_1x1.normalization.weight]     
Loading weights:  58%|█████▊    | 180/312 [00:00<00:00, 8733.99it/s, Materializing param=layer.8.expand_1x1.normalization.weight]
Loading weights:  58%|█████▊    | 181/312 [00:00<00:00, 8765.07it/s, Materializing param=layer.8.reduce_1x1.convolution.weight]  
Loading weights:  58%|█████▊    | 181/312 [00:00<00:00, 8755.77it/s, Materializing param=layer.8.reduce_1x1.convolution.weight]
Loading weights:  58%|█████▊    | 182/312 [00:00<00:00, 8786.71it/s, Materializing param=layer.8.reduce_1x1.normalization.bias]
Loading weights:  58%|█████▊    | 182/312 [00:00<00:00, 8777.82it/s, Materializing param=layer.8.reduce_1x1.normalization.bias]
Loading weights:  59%|█████▊    | 183/312 [00:00<00:00, 8809.54it/s, Materializing param=layer.8.reduce_1x1.normalization.num_batches_tracked]
Loading weights:  59%|█████▊    | 183/312 [00:00<00:00, 8801.06it/s, Materializing param=layer.8.reduce_1x1.normalization.num_batches_tracked]
Loading weights:  59%|█████▉    | 184/312 [00:00<00:00, 8832.13it/s, Materializing param=layer.8.reduce_1x1.normalization.running_mean]       
Loading weights:  59%|█████▉    | 184/312 [00:00<00:00, 8823.65it/s, Materializing param=layer.8.reduce_1x1.normalization.running_mean]
Loading weights:  59%|█████▉    | 185/312 [00:00<00:00, 8855.51it/s, Materializing param=layer.8.reduce_1x1.normalization.running_var] 
Loading weights:  59%|█████▉    | 185/312 [00:00<00:00, 8847.03it/s, Materializing param=layer.8.reduce_1x1.normalization.running_var]
Loading weights:  60%|█████▉    | 186/312 [00:00<00:00, 8878.25it/s, Materializing param=layer.8.reduce_1x1.normalization.weight]     
Loading weights:  60%|█████▉    | 186/312 [00:00<00:00, 8869.77it/s, Materializing param=layer.8.reduce_1x1.normalization.weight]
Loading weights:  60%|█████▉    | 187/312 [00:00<00:00, 8902.27it/s, Materializing param=layer.9.conv_3x3.convolution.weight]    
Loading weights:  60%|█████▉    | 187/312 [00:00<00:00, 8893.69it/s, Materializing param=layer.9.conv_3x3.convolution.weight]
Loading weights:  60%|██████    | 188/312 [00:00<00:00, 8924.76it/s, Materializing param=layer.9.conv_3x3.normalization.bias]
Loading weights:  60%|██████    | 188/312 [00:00<00:00, 8916.28it/s, Materializing param=layer.9.conv_3x3.normalization.bias]
Loading weights:  61%|██████    | 189/312 [00:00<00:00, 8946.31it/s, Materializing param=layer.9.conv_3x3.normalization.num_batches_tracked]
Loading weights:  61%|██████    | 189/312 [00:00<00:00, 8937.43it/s, Materializing param=layer.9.conv_3x3.normalization.num_batches_tracked]
Loading weights:  61%|██████    | 190/312 [00:00<00:00, 8968.95it/s, Materializing param=layer.9.conv_3x3.normalization.running_mean]       
Loading weights:  61%|██████    | 190/312 [00:00<00:00, 8960.58it/s, Materializing param=layer.9.conv_3x3.normalization.running_mean]
Loading weights:  61%|██████    | 191/312 [00:00<00:00, 8992.07it/s, Materializing param=layer.9.conv_3x3.normalization.running_var] 
Loading weights:  61%|██████    | 191/312 [00:00<00:00, 8983.49it/s, Materializing param=layer.9.conv_3x3.normalization.running_var]
Loading weights:  62%|██████▏   | 192/312 [00:00<00:00, 9015.36it/s, Materializing param=layer.9.conv_3x3.normalization.weight]     
Loading weights:  62%|██████▏   | 192/312 [00:00<00:00, 9006.49it/s, Materializing param=layer.9.conv_3x3.normalization.weight]
Loading weights:  62%|██████▏   | 193/312 [00:00<00:00, 9037.23it/s, Materializing param=layer.9.expand_1x1.convolution.weight]
Loading weights:  62%|██████▏   | 193/312 [00:00<00:00, 9028.76it/s, Materializing param=layer.9.expand_1x1.convolution.weight]
Loading weights:  62%|██████▏   | 194/312 [00:00<00:00, 9059.98it/s, Materializing param=layer.9.expand_1x1.normalization.bias]
Loading weights:  62%|██████▏   | 194/312 [00:00<00:00, 9051.01it/s, Materializing param=layer.9.expand_1x1.normalization.bias]
Loading weights:  62%|██████▎   | 195/312 [00:00<00:00, 9081.60it/s, Materializing param=layer.9.expand_1x1.normalization.num_batches_tracked]
Loading weights:  62%|██████▎   | 195/312 [00:00<00:00, 9073.14it/s, Materializing param=layer.9.expand_1x1.normalization.num_batches_tracked]
Loading weights:  63%|██████▎   | 196/312 [00:00<00:00, 9103.61it/s, Materializing param=layer.9.expand_1x1.normalization.running_mean]       
Loading weights:  63%|██████▎   | 196/312 [00:00<00:00, 9094.25it/s, Materializing param=layer.9.expand_1x1.normalization.running_mean]
Loading weights:  63%|██████▎   | 197/312 [00:00<00:00, 9125.40it/s, Materializing param=layer.9.expand_1x1.normalization.running_var] 
Loading weights:  63%|██████▎   | 197/312 [00:00<00:00, 9116.54it/s, Materializing param=layer.9.expand_1x1.normalization.running_var]
Loading weights:  63%|██████▎   | 198/312 [00:00<00:00, 9146.77it/s, Materializing param=layer.9.expand_1x1.normalization.weight]     
Loading weights:  63%|██████▎   | 198/312 [00:00<00:00, 9138.32it/s, Materializing param=layer.9.expand_1x1.normalization.weight]
Loading weights:  64%|██████▍   | 199/312 [00:00<00:00, 9168.83it/s, Materializing param=layer.9.reduce_1x1.convolution.weight]  
Loading weights:  64%|██████▍   | 199/312 [00:00<00:00, 9159.98it/s, Materializing param=layer.9.reduce_1x1.convolution.weight]
Loading weights:  64%|██████▍   | 200/312 [00:00<00:00, 9190.28it/s, Materializing param=layer.9.reduce_1x1.normalization.bias]
Loading weights:  64%|██████▍   | 200/312 [00:00<00:00, 9182.23it/s, Materializing param=layer.9.reduce_1x1.normalization.bias]
Loading weights:  64%|██████▍   | 201/312 [00:00<00:00, 9213.01it/s, Materializing param=layer.9.reduce_1x1.normalization.num_batches_tracked]
Loading weights:  64%|██████▍   | 201/312 [00:00<00:00, 9204.16it/s, Materializing param=layer.9.reduce_1x1.normalization.num_batches_tracked]
Loading weights:  65%|██████▍   | 202/312 [00:00<00:00, 9233.82it/s, Materializing param=layer.9.reduce_1x1.normalization.running_mean]       
Loading weights:  65%|██████▍   | 202/312 [00:00<00:00, 9225.38it/s, Materializing param=layer.9.reduce_1x1.normalization.running_mean]
Loading weights:  65%|██████▌   | 203/312 [00:00<00:00, 9255.83it/s, Materializing param=layer.9.reduce_1x1.normalization.running_var] 
Loading weights:  65%|██████▌   | 203/312 [00:00<00:00, 9246.98it/s, Materializing param=layer.9.reduce_1x1.normalization.running_var]
Loading weights:  65%|██████▌   | 204/312 [00:00<00:00, 9277.42it/s, Materializing param=layer.9.reduce_1x1.normalization.weight]     
Loading weights:  65%|██████▌   | 204/312 [00:00<00:00, 9268.58it/s, Materializing param=layer.9.reduce_1x1.normalization.weight]
Loading weights:  66%|██████▌   | 205/312 [00:00<00:00, 9298.30it/s, Materializing param=layer.10.conv_3x3.convolution.weight]   
Loading weights:  66%|██████▌   | 205/312 [00:00<00:00, 9289.86it/s, Materializing param=layer.10.conv_3x3.convolution.weight]
Loading weights:  66%|██████▌   | 206/312 [00:00<00:00, 9318.36it/s, Materializing param=layer.10.conv_3x3.normalization.bias]
Loading weights:  66%|██████▌   | 206/312 [00:00<00:00, 9310.33it/s, Materializing param=layer.10.conv_3x3.normalization.bias]
Loading weights:  66%|██████▋   | 207/312 [00:00<00:00, 9339.42it/s, Materializing param=layer.10.conv_3x3.normalization.num_batches_tracked]
Loading weights:  66%|██████▋   | 207/312 [00:00<00:00, 9330.99it/s, Materializing param=layer.10.conv_3x3.normalization.num_batches_tracked]
Loading weights:  67%|██████▋   | 208/312 [00:00<00:00, 9360.18it/s, Materializing param=layer.10.conv_3x3.normalization.running_mean]       
Loading weights:  67%|██████▋   | 208/312 [00:00<00:00, 9351.65it/s, Materializing param=layer.10.conv_3x3.normalization.running_mean]
Loading weights:  67%|██████▋   | 209/312 [00:00<00:00, 9381.42it/s, Materializing param=layer.10.conv_3x3.normalization.running_var] 
Loading weights:  67%|██████▋   | 209/312 [00:00<00:00, 9373.10it/s, Materializing param=layer.10.conv_3x3.normalization.running_var]
Loading weights:  67%|██████▋   | 210/312 [00:00<00:00, 9402.26it/s, Materializing param=layer.10.conv_3x3.normalization.weight]     
Loading weights:  67%|██████▋   | 210/312 [00:00<00:00, 9393.84it/s, Materializing param=layer.10.conv_3x3.normalization.weight]
Loading weights:  68%|██████▊   | 211/312 [00:00<00:00, 9423.40it/s, Materializing param=layer.10.expand_1x1.convolution.weight]
Loading weights:  68%|██████▊   | 211/312 [00:00<00:00, 9414.97it/s, Materializing param=layer.10.expand_1x1.convolution.weight]
Loading weights:  68%|██████▊   | 212/312 [00:00<00:00, 9444.52it/s, Materializing param=layer.10.expand_1x1.normalization.bias]
Loading weights:  68%|██████▊   | 212/312 [00:00<00:00, 9436.10it/s, Materializing param=layer.10.expand_1x1.normalization.bias]
Loading weights:  68%|██████▊   | 213/312 [00:00<00:00, 9467.15it/s, Materializing param=layer.10.expand_1x1.normalization.num_batches_tracked]
Loading weights:  68%|██████▊   | 213/312 [00:00<00:00, 9459.43it/s, Materializing param=layer.10.expand_1x1.normalization.num_batches_tracked]
Loading weights:  69%|██████▊   | 214/312 [00:00<00:00, 9489.58it/s, Materializing param=layer.10.expand_1x1.normalization.running_mean]       
Loading weights:  69%|██████▊   | 214/312 [00:00<00:00, 9480.76it/s, Materializing param=layer.10.expand_1x1.normalization.running_mean]
Loading weights:  69%|██████▉   | 215/312 [00:00<00:00, 9509.89it/s, Materializing param=layer.10.expand_1x1.normalization.running_var] 
Loading weights:  69%|██████▉   | 215/312 [00:00<00:00, 9501.57it/s, Materializing param=layer.10.expand_1x1.normalization.running_var]
Loading weights:  69%|██████▉   | 216/312 [00:00<00:00, 9530.90it/s, Materializing param=layer.10.expand_1x1.normalization.weight]     
Loading weights:  69%|██████▉   | 216/312 [00:00<00:00, 9523.39it/s, Materializing param=layer.10.expand_1x1.normalization.weight]
Loading weights:  70%|██████▉   | 217/312 [00:00<00:00, 9552.72it/s, Materializing param=layer.10.reduce_1x1.convolution.weight]  
Loading weights:  70%|██████▉   | 217/312 [00:00<00:00, 9544.30it/s, Materializing param=layer.10.reduce_1x1.convolution.weight]
Loading weights:  70%|██████▉   | 218/312 [00:00<00:00, 9573.13it/s, Materializing param=layer.10.reduce_1x1.normalization.bias]
Loading weights:  70%|██████▉   | 218/312 [00:00<00:00, 9564.32it/s, Materializing param=layer.10.reduce_1x1.normalization.bias]
Loading weights:  70%|███████   | 219/312 [00:00<00:00, 9593.14it/s, Materializing param=layer.10.reduce_1x1.normalization.num_batches_tracked]
Loading weights:  70%|███████   | 219/312 [00:00<00:00, 9584.63it/s, Materializing param=layer.10.reduce_1x1.normalization.num_batches_tracked]
Loading weights:  71%|███████   | 220/312 [00:00<00:00, 9612.85it/s, Materializing param=layer.10.reduce_1x1.normalization.running_mean]       
Loading weights:  71%|███████   | 220/312 [00:00<00:00, 9604.44it/s, Materializing param=layer.10.reduce_1x1.normalization.running_mean]
Loading weights:  71%|███████   | 221/312 [00:00<00:00, 9632.96it/s, Materializing param=layer.10.reduce_1x1.normalization.running_var] 
Loading weights:  71%|███████   | 221/312 [00:00<00:00, 9624.56it/s, Materializing param=layer.10.reduce_1x1.normalization.running_var]
Loading weights:  71%|███████   | 222/312 [00:00<00:00, 9654.27it/s, Materializing param=layer.10.reduce_1x1.normalization.weight]     
Loading weights:  71%|███████   | 222/312 [00:00<00:00, 9646.77it/s, Materializing param=layer.10.reduce_1x1.normalization.weight]
Loading weights:  71%|███████▏  | 223/312 [00:00<00:00, 9676.29it/s, Materializing param=layer.11.conv_3x3.convolution.weight]    
Loading weights:  71%|███████▏  | 223/312 [00:00<00:00, 9668.79it/s, Materializing param=layer.11.conv_3x3.convolution.weight]
Loading weights:  72%|███████▏  | 224/312 [00:00<00:00, 9698.21it/s, Materializing param=layer.11.conv_3x3.normalization.bias]
Loading weights:  72%|███████▏  | 224/312 [00:00<00:00, 9691.11it/s, Materializing param=layer.11.conv_3x3.normalization.bias]
Loading weights:  72%|███████▏  | 225/312 [00:00<00:00, 9720.04it/s, Materializing param=layer.11.conv_3x3.normalization.num_batches_tracked]
Loading weights:  72%|███████▏  | 225/312 [00:00<00:00, 9712.53it/s, Materializing param=layer.11.conv_3x3.normalization.num_batches_tracked]
Loading weights:  72%|███████▏  | 226/312 [00:00<00:00, 9741.77it/s, Materializing param=layer.11.conv_3x3.normalization.running_mean]       
Loading weights:  72%|███████▏  | 226/312 [00:00<00:00, 9733.86it/s, Materializing param=layer.11.conv_3x3.normalization.running_mean]
Loading weights:  73%|███████▎  | 227/312 [00:00<00:00, 9763.40it/s, Materializing param=layer.11.conv_3x3.normalization.running_var] 
Loading weights:  73%|███████▎  | 227/312 [00:00<00:00, 9755.89it/s, Materializing param=layer.11.conv_3x3.normalization.running_var]
Loading weights:  73%|███████▎  | 228/312 [00:00<00:00, 9785.84it/s, Materializing param=layer.11.conv_3x3.normalization.weight]     
Loading weights:  73%|███████▎  | 228/312 [00:00<00:00, 9778.23it/s, Materializing param=layer.11.conv_3x3.normalization.weight]
Loading weights:  73%|███████▎  | 229/312 [00:00<00:00, 9806.08it/s, Materializing param=layer.11.expand_1x1.convolution.weight]
Loading weights:  73%|███████▎  | 229/312 [00:00<00:00, 9797.58it/s, Materializing param=layer.11.expand_1x1.convolution.weight]
Loading weights:  74%|███████▎  | 230/312 [00:00<00:00, 9824.83it/s, Materializing param=layer.11.expand_1x1.normalization.bias]
Loading weights:  74%|███████▎  | 230/312 [00:00<00:00, 9816.53it/s, Materializing param=layer.11.expand_1x1.normalization.bias]
Loading weights:  74%|███████▍  | 231/312 [00:00<00:00, 9843.58it/s, Materializing param=layer.11.expand_1x1.normalization.num_batches_tracked]
Loading weights:  74%|███████▍  | 231/312 [00:00<00:00, 9836.49it/s, Materializing param=layer.11.expand_1x1.normalization.num_batches_tracked]
Loading weights:  74%|███████▍  | 232/312 [00:00<00:00, 9864.75it/s, Materializing param=layer.11.expand_1x1.normalization.running_mean]       
Loading weights:  74%|███████▍  | 232/312 [00:00<00:00, 9855.56it/s, Materializing param=layer.11.expand_1x1.normalization.running_mean]
Loading weights:  75%|███████▍  | 233/312 [00:00<00:00, 9882.52it/s, Materializing param=layer.11.expand_1x1.normalization.running_var] 
Loading weights:  75%|███████▍  | 233/312 [00:00<00:00, 9873.74it/s, Materializing param=layer.11.expand_1x1.normalization.running_var]
Loading weights:  75%|███████▌  | 234/312 [00:00<00:00, 9900.51it/s, Materializing param=layer.11.expand_1x1.normalization.weight]     
Loading weights:  75%|███████▌  | 234/312 [00:00<00:00, 9891.73it/s, Materializing param=layer.11.expand_1x1.normalization.weight]
Loading weights:  75%|███████▌  | 235/312 [00:00<00:00, 9918.91it/s, Materializing param=layer.11.reduce_1x1.convolution.weight]  
Loading weights:  75%|███████▌  | 235/312 [00:00<00:00, 9910.13it/s, Materializing param=layer.11.reduce_1x1.convolution.weight]
Loading weights:  76%|███████▌  | 236/312 [00:00<00:00, 9936.02it/s, Materializing param=layer.11.reduce_1x1.normalization.bias]
Loading weights:  76%|███████▌  | 236/312 [00:00<00:00, 9927.65it/s, Materializing param=layer.11.reduce_1x1.normalization.bias]
Loading weights:  76%|███████▌  | 237/312 [00:00<00:00, 9954.14it/s, Materializing param=layer.11.reduce_1x1.normalization.num_batches_tracked]
Loading weights:  76%|███████▌  | 237/312 [00:00<00:00, 9945.87it/s, Materializing param=layer.11.reduce_1x1.normalization.num_batches_tracked]
Loading weights:  76%|███████▋  | 238/312 [00:00<00:00, 9971.08it/s, Materializing param=layer.11.reduce_1x1.normalization.running_mean]       
Loading weights:  76%|███████▋  | 238/312 [00:00<00:00, 9962.72it/s, Materializing param=layer.11.reduce_1x1.normalization.running_mean]
Loading weights:  77%|███████▋  | 239/312 [00:00<00:00, 9989.12it/s, Materializing param=layer.11.reduce_1x1.normalization.running_var] 
Loading weights:  77%|███████▋  | 239/312 [00:00<00:00, 9980.77it/s, Materializing param=layer.11.reduce_1x1.normalization.running_var]
Loading weights:  77%|███████▋  | 240/312 [00:00<00:00, 10007.09it/s, Materializing param=layer.11.reduce_1x1.normalization.weight]    
Loading weights:  77%|███████▋  | 240/312 [00:00<00:00, 9998.34it/s, Materializing param=layer.11.reduce_1x1.normalization.weight] 
Loading weights:  77%|███████▋  | 241/312 [00:00<00:00, 10024.57it/s, Materializing param=layer.12.conv_3x3.convolution.weight]   
Loading weights:  77%|███████▋  | 241/312 [00:00<00:00, 10015.73it/s, Materializing param=layer.12.conv_3x3.convolution.weight]
Loading weights:  78%|███████▊  | 242/312 [00:00<00:00, 10041.57it/s, Materializing param=layer.12.conv_3x3.normalization.bias]
Loading weights:  78%|███████▊  | 242/312 [00:00<00:00, 10033.23it/s, Materializing param=layer.12.conv_3x3.normalization.bias]
Loading weights:  78%|███████▊  | 243/312 [00:00<00:00, 10058.78it/s, Materializing param=layer.12.conv_3x3.normalization.num_batches_tracked]
Loading weights:  78%|███████▊  | 243/312 [00:00<00:00, 10050.45it/s, Materializing param=layer.12.conv_3x3.normalization.num_batches_tracked]
Loading weights:  78%|███████▊  | 244/312 [00:00<00:00, 10075.22it/s, Materializing param=layer.12.conv_3x3.normalization.running_mean]       
Loading weights:  78%|███████▊  | 244/312 [00:00<00:00, 10066.40it/s, Materializing param=layer.12.conv_3x3.normalization.running_mean]
Loading weights:  79%|███████▊  | 245/312 [00:00<00:00, 10092.66it/s, Materializing param=layer.12.conv_3x3.normalization.running_var] 
Loading weights:  79%|███████▊  | 245/312 [00:00<00:00, 10084.34it/s, Materializing param=layer.12.conv_3x3.normalization.running_var]
Loading weights:  79%|███████▉  | 246/312 [00:00<00:00, 10113.49it/s, Materializing param=layer.12.conv_3x3.normalization.weight]     
Loading weights:  79%|███████▉  | 246/312 [00:00<00:00, 10106.36it/s, Materializing param=layer.12.conv_3x3.normalization.weight]
Loading weights:  79%|███████▉  | 247/312 [00:00<00:00, 10135.43it/s, Materializing param=layer.12.expand_1x1.convolution.weight]
Loading weights:  79%|███████▉  | 247/312 [00:00<00:00, 10128.40it/s, Materializing param=layer.12.expand_1x1.convolution.weight]
Loading weights:  79%|███████▉  | 248/312 [00:00<00:00, 10154.31it/s, Materializing param=layer.12.expand_1x1.normalization.bias]
Loading weights:  79%|███████▉  | 248/312 [00:00<00:00, 10146.09it/s, Materializing param=layer.12.expand_1x1.normalization.bias]
Loading weights:  80%|███████▉  | 249/312 [00:00<00:00, 10174.50it/s, Materializing param=layer.12.expand_1x1.normalization.num_batches_tracked]
Loading weights:  80%|███████▉  | 249/312 [00:00<00:00, 10166.97it/s, Materializing param=layer.12.expand_1x1.normalization.num_batches_tracked]
Loading weights:  80%|████████  | 250/312 [00:00<00:00, 10194.01it/s, Materializing param=layer.12.expand_1x1.normalization.running_mean]       
Loading weights:  80%|████████  | 250/312 [00:00<00:00, 10186.18it/s, Materializing param=layer.12.expand_1x1.normalization.running_mean]
Loading weights:  80%|████████  | 251/312 [00:00<00:00, 10213.63it/s, Materializing param=layer.12.expand_1x1.normalization.running_var] 
Loading weights:  80%|████████  | 251/312 [00:00<00:00, 10206.21it/s, Materializing param=layer.12.expand_1x1.normalization.running_var]
Loading weights:  81%|████████  | 252/312 [00:00<00:00, 10233.48it/s, Materializing param=layer.12.expand_1x1.normalization.weight]     
Loading weights:  81%|████████  | 252/312 [00:00<00:00, 10226.05it/s, Materializing param=layer.12.expand_1x1.normalization.weight]
Loading weights:  81%|████████  | 253/312 [00:00<00:00, 10253.63it/s, Materializing param=layer.12.reduce_1x1.convolution.weight]  
Loading weights:  81%|████████  | 253/312 [00:00<00:00, 10246.21it/s, Materializing param=layer.12.reduce_1x1.convolution.weight]
Loading weights:  81%|████████▏ | 254/312 [00:00<00:00, 10273.81it/s, Materializing param=layer.12.reduce_1x1.normalization.bias]
Loading weights:  81%|████████▏ | 254/312 [00:00<00:00, 10266.78it/s, Materializing param=layer.12.reduce_1x1.normalization.bias]
Loading weights:  82%|████████▏ | 255/312 [00:00<00:00, 10294.31it/s, Materializing param=layer.12.reduce_1x1.normalization.num_batches_tracked]
Loading weights:  82%|████████▏ | 255/312 [00:00<00:00, 10285.59it/s, Materializing param=layer.12.reduce_1x1.normalization.num_batches_tracked]
Loading weights:  82%|████████▏ | 256/312 [00:00<00:00, 10312.64it/s, Materializing param=layer.12.reduce_1x1.normalization.running_mean]       
Loading weights:  82%|████████▏ | 256/312 [00:00<00:00, 10305.12it/s, Materializing param=layer.12.reduce_1x1.normalization.running_mean]
Loading weights:  82%|████████▏ | 257/312 [00:00<00:00, 10332.88it/s, Materializing param=layer.12.reduce_1x1.normalization.running_var] 
Loading weights:  82%|████████▏ | 257/312 [00:00<00:00, 10325.45it/s, Materializing param=layer.12.reduce_1x1.normalization.running_var]
Loading weights:  83%|████████▎ | 258/312 [00:00<00:00, 10353.14it/s, Materializing param=layer.12.reduce_1x1.normalization.weight]     
Loading weights:  83%|████████▎ | 258/312 [00:00<00:00, 10345.61it/s, Materializing param=layer.12.reduce_1x1.normalization.weight]
Loading weights:  83%|████████▎ | 259/312 [00:00<00:00, 10372.82it/s, Materializing param=layer.13.conv_3x3.convolution.weight]    
Loading weights:  83%|████████▎ | 259/312 [00:00<00:00, 10365.40it/s, Materializing param=layer.13.conv_3x3.convolution.weight]
Loading weights:  83%|████████▎ | 260/312 [00:00<00:00, 10391.24it/s, Materializing param=layer.13.conv_3x3.normalization.bias]
Loading weights:  83%|████████▎ | 260/312 [00:00<00:00, 10382.93it/s, Materializing param=layer.13.conv_3x3.normalization.bias]
Loading weights:  84%|████████▎ | 261/312 [00:00<00:00, 10407.50it/s, Materializing param=layer.13.conv_3x3.normalization.num_batches_tracked]
Loading weights:  84%|████████▎ | 261/312 [00:00<00:00, 10398.80it/s, Materializing param=layer.13.conv_3x3.normalization.num_batches_tracked]
Loading weights:  84%|████████▍ | 262/312 [00:00<00:00, 10422.90it/s, Materializing param=layer.13.conv_3x3.normalization.running_mean]       
Loading weights:  84%|████████▍ | 262/312 [00:00<00:00, 10415.00it/s, Materializing param=layer.13.conv_3x3.normalization.running_mean]
Loading weights:  84%|████████▍ | 263/312 [00:00<00:00, 10438.13it/s, Materializing param=layer.13.conv_3x3.normalization.running_var] 
Loading weights:  84%|████████▍ | 263/312 [00:00<00:00, 10429.45it/s, Materializing param=layer.13.conv_3x3.normalization.running_var]
Loading weights:  85%|████████▍ | 264/312 [00:00<00:00, 10454.18it/s, Materializing param=layer.13.conv_3x3.normalization.weight]     
Loading weights:  85%|████████▍ | 264/312 [00:00<00:00, 10447.08it/s, Materializing param=layer.13.conv_3x3.normalization.weight]
Loading weights:  85%|████████▍ | 265/312 [00:00<00:00, 10473.90it/s, Materializing param=layer.13.expand_1x1.convolution.weight]
Loading weights:  85%|████████▍ | 265/312 [00:00<00:00, 10467.29it/s, Materializing param=layer.13.expand_1x1.convolution.weight]
Loading weights:  85%|████████▌ | 266/312 [00:00<00:00, 10492.27it/s, Materializing param=layer.13.expand_1x1.normalization.bias]
Loading weights:  85%|████████▌ | 266/312 [00:00<00:00, 10483.59it/s, Materializing param=layer.13.expand_1x1.normalization.bias]
Loading weights:  86%|████████▌ | 267/312 [00:00<00:00, 10508.00it/s, Materializing param=layer.13.expand_1x1.normalization.num_batches_tracked]
Loading weights:  86%|████████▌ | 267/312 [00:00<00:00, 10499.33it/s, Materializing param=layer.13.expand_1x1.normalization.num_batches_tracked]
Loading weights:  86%|████████▌ | 268/312 [00:00<00:00, 10522.18it/s, Materializing param=layer.13.expand_1x1.normalization.running_mean]       
Loading weights:  86%|████████▌ | 268/312 [00:00<00:00, 10513.91it/s, Materializing param=layer.13.expand_1x1.normalization.running_mean]
Loading weights:  86%|████████▌ | 269/312 [00:00<00:00, 10538.65it/s, Materializing param=layer.13.expand_1x1.normalization.running_var] 
Loading weights:  86%|████████▌ | 269/312 [00:00<00:00, 10529.99it/s, Materializing param=layer.13.expand_1x1.normalization.running_var]
Loading weights:  87%|████████▋ | 270/312 [00:00<00:00, 10554.76it/s, Materializing param=layer.13.expand_1x1.normalization.weight]     
Loading weights:  87%|████████▋ | 270/312 [00:00<00:00, 10546.01it/s, Materializing param=layer.13.expand_1x1.normalization.weight]
Loading weights:  87%|████████▋ | 271/312 [00:00<00:00, 10569.81it/s, Materializing param=layer.13.reduce_1x1.convolution.weight]  
Loading weights:  87%|████████▋ | 271/312 [00:00<00:00, 10561.56it/s, Materializing param=layer.13.reduce_1x1.convolution.weight]
Loading weights:  87%|████████▋ | 272/312 [00:00<00:00, 10584.41it/s, Materializing param=layer.13.reduce_1x1.normalization.bias]
Loading weights:  87%|████████▋ | 272/312 [00:00<00:00, 10576.16it/s, Materializing param=layer.13.reduce_1x1.normalization.bias]
Loading weights:  88%|████████▊ | 273/312 [00:00<00:00, 10598.64it/s, Materializing param=layer.13.reduce_1x1.normalization.num_batches_tracked]
Loading weights:  88%|████████▊ | 273/312 [00:00<00:00, 10590.40it/s, Materializing param=layer.13.reduce_1x1.normalization.num_batches_tracked]
Loading weights:  88%|████████▊ | 274/312 [00:00<00:00, 10613.20it/s, Materializing param=layer.13.reduce_1x1.normalization.running_mean]       
Loading weights:  88%|████████▊ | 274/312 [00:00<00:00, 10604.97it/s, Materializing param=layer.13.reduce_1x1.normalization.running_mean]
Loading weights:  88%|████████▊ | 275/312 [00:00<00:00, 10626.71it/s, Materializing param=layer.13.reduce_1x1.normalization.running_var] 
Loading weights:  88%|████████▊ | 275/312 [00:00<00:00, 10618.98it/s, Materializing param=layer.13.reduce_1x1.normalization.running_var]
Loading weights:  88%|████████▊ | 276/312 [00:00<00:00, 10642.02it/s, Materializing param=layer.13.reduce_1x1.normalization.weight]     
Loading weights:  88%|████████▊ | 276/312 [00:00<00:00, 10633.80it/s, Materializing param=layer.13.reduce_1x1.normalization.weight]
Loading weights:  89%|████████▉ | 277/312 [00:00<00:00, 10657.55it/s, Materializing param=layer.14.conv_3x3.convolution.weight]    
Loading weights:  89%|████████▉ | 277/312 [00:00<00:00, 10648.95it/s, Materializing param=layer.14.conv_3x3.convolution.weight]
Loading weights:  89%|████████▉ | 278/312 [00:00<00:00, 10671.45it/s, Materializing param=layer.14.conv_3x3.normalization.bias]
Loading weights:  89%|████████▉ | 278/312 [00:00<00:00, 10663.55it/s, Materializing param=layer.14.conv_3x3.normalization.bias]
Loading weights:  89%|████████▉ | 279/312 [00:00<00:00, 10686.37it/s, Materializing param=layer.14.conv_3x3.normalization.num_batches_tracked]
Loading weights:  89%|████████▉ | 279/312 [00:00<00:00, 10678.18it/s, Materializing param=layer.14.conv_3x3.normalization.num_batches_tracked]
Loading weights:  90%|████████▉ | 280/312 [00:00<00:00, 10701.71it/s, Materializing param=layer.14.conv_3x3.normalization.running_mean]       
Loading weights:  90%|████████▉ | 280/312 [00:00<00:00, 10693.52it/s, Materializing param=layer.14.conv_3x3.normalization.running_mean]
Loading weights:  90%|█████████ | 281/312 [00:00<00:00, 10716.98it/s, Materializing param=layer.14.conv_3x3.normalization.running_var] 
Loading weights:  90%|█████████ | 281/312 [00:00<00:00, 10708.80it/s, Materializing param=layer.14.conv_3x3.normalization.running_var]
Loading weights:  90%|█████████ | 282/312 [00:00<00:00, 10731.40it/s, Materializing param=layer.14.conv_3x3.normalization.weight]     
Loading weights:  90%|█████████ | 282/312 [00:00<00:00, 10723.72it/s, Materializing param=layer.14.conv_3x3.normalization.weight]
Loading weights:  91%|█████████ | 283/312 [00:00<00:00, 10747.42it/s, Materializing param=layer.14.expand_1x1.convolution.weight]
Loading weights:  91%|█████████ | 283/312 [00:00<00:00, 10739.25it/s, Materializing param=layer.14.expand_1x1.convolution.weight]
Loading weights:  91%|█████████ | 284/312 [00:00<00:00, 10762.40it/s, Materializing param=layer.14.expand_1x1.normalization.bias]
Loading weights:  91%|█████████ | 284/312 [00:00<00:00, 10753.85it/s, Materializing param=layer.14.expand_1x1.normalization.bias]
Loading weights:  91%|█████████▏| 285/312 [00:00<00:00, 10777.41it/s, Materializing param=layer.14.expand_1x1.normalization.num_batches_tracked]
Loading weights:  91%|█████████▏| 285/312 [00:00<00:00, 10768.87it/s, Materializing param=layer.14.expand_1x1.normalization.num_batches_tracked]
Loading weights:  92%|█████████▏| 286/312 [00:00<00:00, 10792.07it/s, Materializing param=layer.14.expand_1x1.normalization.running_mean]       
Loading weights:  92%|█████████▏| 286/312 [00:00<00:00, 10783.92it/s, Materializing param=layer.14.expand_1x1.normalization.running_mean]
Loading weights:  92%|█████████▏| 287/312 [00:00<00:00, 10806.96it/s, Materializing param=layer.14.expand_1x1.normalization.running_var] 
Loading weights:  92%|█████████▏| 287/312 [00:00<00:00, 10798.43it/s, Materializing param=layer.14.expand_1x1.normalization.running_var]
Loading weights:  92%|█████████▏| 288/312 [00:00<00:00, 10822.17it/s, Materializing param=layer.14.expand_1x1.normalization.weight]     
Loading weights:  92%|█████████▏| 288/312 [00:00<00:00, 10815.29it/s, Materializing param=layer.14.expand_1x1.normalization.weight]
Loading weights:  93%|█████████▎| 289/312 [00:00<00:00, 10838.96it/s, Materializing param=layer.14.reduce_1x1.convolution.weight]  
Loading weights:  93%|█████████▎| 289/312 [00:00<00:00, 10831.70it/s, Materializing param=layer.14.reduce_1x1.convolution.weight]
Loading weights:  93%|█████████▎| 290/312 [00:00<00:00, 10856.18it/s, Materializing param=layer.14.reduce_1x1.normalization.bias]
Loading weights:  93%|█████████▎| 290/312 [00:00<00:00, 10849.21it/s, Materializing param=layer.14.reduce_1x1.normalization.bias]
Loading weights:  93%|█████████▎| 291/312 [00:00<00:00, 10866.75it/s, Materializing param=layer.14.reduce_1x1.normalization.num_batches_tracked]
Loading weights:  93%|█████████▎| 291/312 [00:00<00:00, 10859.50it/s, Materializing param=layer.14.reduce_1x1.normalization.num_batches_tracked]
Loading weights:  94%|█████████▎| 292/312 [00:00<00:00, 10881.33it/s, Materializing param=layer.14.reduce_1x1.normalization.running_mean]       
Loading weights:  94%|█████████▎| 292/312 [00:00<00:00, 10873.21it/s, Materializing param=layer.14.reduce_1x1.normalization.running_mean]
Loading weights:  94%|█████████▍| 293/312 [00:00<00:00, 10896.23it/s, Materializing param=layer.14.reduce_1x1.normalization.running_var] 
Loading weights:  94%|█████████▍| 293/312 [00:00<00:00, 10888.12it/s, Materializing param=layer.14.reduce_1x1.normalization.running_var]
Loading weights:  94%|█████████▍| 294/312 [00:00<00:00, 10911.46it/s, Materializing param=layer.14.reduce_1x1.normalization.weight]     
Loading weights:  94%|█████████▍| 294/312 [00:00<00:00, 10903.45it/s, Materializing param=layer.14.reduce_1x1.normalization.weight]
Loading weights:  95%|█████████▍| 295/312 [00:00<00:00, 10926.24it/s, Materializing param=layer.15.conv_3x3.convolution.weight]    
Loading weights:  95%|█████████▍| 295/312 [00:00<00:00, 10918.23it/s, Materializing param=layer.15.conv_3x3.convolution.weight]
Loading weights:  95%|█████████▍| 296/312 [00:00<00:00, 10940.67it/s, Materializing param=layer.15.conv_3x3.normalization.bias]
Loading weights:  95%|█████████▍| 296/312 [00:00<00:00, 10932.67it/s, Materializing param=layer.15.conv_3x3.normalization.bias]
Loading weights:  95%|█████████▌| 297/312 [00:00<00:00, 10955.81it/s, Materializing param=layer.15.conv_3x3.normalization.num_batches_tracked]
Loading weights:  95%|█████████▌| 297/312 [00:00<00:00, 10947.34it/s, Materializing param=layer.15.conv_3x3.normalization.num_batches_tracked]
Loading weights:  96%|█████████▌| 298/312 [00:00<00:00, 10969.54it/s, Materializing param=layer.15.conv_3x3.normalization.running_mean]       
Loading weights:  96%|█████████▌| 298/312 [00:00<00:00, 10961.56it/s, Materializing param=layer.15.conv_3x3.normalization.running_mean]
Loading weights:  96%|█████████▌| 299/312 [00:00<00:00, 10984.08it/s, Materializing param=layer.15.conv_3x3.normalization.running_var] 
Loading weights:  96%|█████████▌| 299/312 [00:00<00:00, 10976.11it/s, Materializing param=layer.15.conv_3x3.normalization.running_var]
Loading weights:  96%|█████████▌| 300/312 [00:00<00:00, 10998.66it/s, Materializing param=layer.15.conv_3x3.normalization.weight]     
Loading weights:  96%|█████████▌| 300/312 [00:00<00:00, 10991.36it/s, Materializing param=layer.15.conv_3x3.normalization.weight]
Loading weights:  96%|█████████▋| 301/312 [00:00<00:00, 11014.34it/s, Materializing param=layer.15.expand_1x1.convolution.weight]
Loading weights:  96%|█████████▋| 301/312 [00:00<00:00, 11006.27it/s, Materializing param=layer.15.expand_1x1.convolution.weight]
Loading weights:  97%|█████████▋| 302/312 [00:00<00:00, 11028.70it/s, Materializing param=layer.15.expand_1x1.normalization.bias]
Loading weights:  97%|█████████▋| 302/312 [00:00<00:00, 11020.64it/s, Materializing param=layer.15.expand_1x1.normalization.bias]
Loading weights:  97%|█████████▋| 303/312 [00:00<00:00, 11043.11it/s, Materializing param=layer.15.expand_1x1.normalization.num_batches_tracked]
Loading weights:  97%|█████████▋| 303/312 [00:00<00:00, 11034.96it/s, Materializing param=layer.15.expand_1x1.normalization.num_batches_tracked]
Loading weights:  97%|█████████▋| 304/312 [00:00<00:00, 11056.98it/s, Materializing param=layer.15.expand_1x1.normalization.running_mean]       
Loading weights:  97%|█████████▋| 304/312 [00:00<00:00, 11049.31it/s, Materializing param=layer.15.expand_1x1.normalization.running_mean]
Loading weights:  98%|█████████▊| 305/312 [00:00<00:00, 11071.55it/s, Materializing param=layer.15.expand_1x1.normalization.running_var] 
Loading weights:  98%|█████████▊| 305/312 [00:00<00:00, 11062.75it/s, Materializing param=layer.15.expand_1x1.normalization.running_var]
Loading weights:  98%|█████████▊| 306/312 [00:00<00:00, 11087.42it/s, Materializing param=layer.15.expand_1x1.normalization.weight]     
Loading weights:  98%|█████████▊| 306/312 [00:00<00:00, 11073.74it/s, Materializing param=layer.15.expand_1x1.normalization.weight]
Loading weights:  98%|█████████▊| 307/312 [00:00<00:00, 11077.33it/s, Materializing param=layer.15.reduce_1x1.convolution.weight]  
Loading weights:  98%|█████████▊| 307/312 [00:00<00:00, 11064.29it/s, Materializing param=layer.15.reduce_1x1.convolution.weight]
Loading weights:  99%|█████████▊| 308/312 [00:00<00:00, 11080.34it/s, Materializing param=layer.15.reduce_1x1.normalization.bias]
Loading weights:  99%|█████████▊| 308/312 [00:00<00:00, 11071.51it/s, Materializing param=layer.15.reduce_1x1.normalization.bias]
Loading weights:  99%|█████████▉| 309/312 [00:00<00:00, 11090.35it/s, Materializing param=layer.15.reduce_1x1.normalization.num_batches_tracked]
Loading weights:  99%|█████████▉| 309/312 [00:00<00:00, 11082.00it/s, Materializing param=layer.15.reduce_1x1.normalization.num_batches_tracked]
Loading weights:  99%|█████████▉| 310/312 [00:00<00:00, 11097.94it/s, Materializing param=layer.15.reduce_1x1.normalization.running_mean]       
Loading weights:  99%|█████████▉| 310/312 [00:00<00:00, 11089.61it/s, Materializing param=layer.15.reduce_1x1.normalization.running_mean]
Loading weights: 100%|█████████▉| 311/312 [00:00<00:00, 11110.31it/s, Materializing param=layer.15.reduce_1x1.normalization.running_var] 
Loading weights: 100%|█████████▉| 311/312 [00:00<00:00, 11102.75it/s, Materializing param=layer.15.reduce_1x1.normalization.running_var]
Loading weights: 100%|██████████| 312/312 [00:00<00:00, 11116.59it/s, Materializing param=layer.15.reduce_1x1.normalization.weight]     
Loading weights: 100%|██████████| 312/312 [00:00<00:00, 11103.67it/s, Materializing param=layer.15.reduce_1x1.normalization.weight]
Loading weights: 100%|██████████| 312/312 [00:00<00:00, 11073.23it/s, Materializing param=layer.15.reduce_1x1.normalization.weight]
MobileNetV2Model LOAD REPORT from: google/mobilenet_v2_1.0_224
Key               | Status     |  | 
------------------+------------+--+-
classifier.bias   | UNEXPECTED |  | 
classifier.weight | UNEXPECTED |  | 

Notes:
- UNEXPECTED	:can be ignored when loading from different task/architecture; not ok if you expect identical arch.
/Users/zakkeown/.pyenv/versions/3.11.14/lib/python3.11/site-packages/torchaudio/functional/functional.py:581: UserWarning: At least one mel filterbank has all zero values. The value for `n_mels` (128) may be set too high. Or, the value for `n_freqs` (201) may be set too low.
  warnings.warn(
Error executing job with overrides: ['model=efficientat', 'strategy=lora', 'data=tiny', 'training.max_epochs=5', 'augmentation.specaugment=false', 'augmentation.mixup=false', 'wandb.mode=offline', 'wandb.tags=[efficientat,lora,sweep]']
Traceback (most recent call last):
  File "/Users/zakkeown/Code/SOUSAphone/.worktrees/training-pipeline-implementation/train.py", line 70, in main
    classifier = SOUSAClassifier(model, cfg)
                 ^^^^^^^^^^^^^^^^^^^^^^^^^^^
  File "/Users/zakkeown/Code/SOUSAphone/.worktrees/training-pipeline-implementation/sousa/training/module.py", line 82, in __init__
    self.model = get_peft_model(self.model, peft_config)
                 ^^^^^^^^^^^^^^^^^^^^^^^^^^^^^^^^^^^^^^^
  File "/Users/zakkeown/.pyenv/versions/3.11.14/lib/python3.11/site-packages/peft/mapping_func.py", line 122, in get_peft_model
    return MODEL_TYPE_TO_PEFT_MODEL_MAPPING[peft_config.task_type](
           ^^^^^^^^^^^^^^^^^^^^^^^^^^^^^^^^^^^^^^^^^^^^^^^^^^^^^^^^
  File "/Users/zakkeown/.pyenv/versions/3.11.14/lib/python3.11/site-packages/peft/peft_model.py", line 2966, in __init__
    super().__init__(model, peft_config, adapter_name, **kwargs)
  File "/Users/zakkeown/.pyenv/versions/3.11.14/lib/python3.11/site-packages/peft/peft_model.py", line 129, in __init__
    self.base_model = cls(model, {adapter_name: peft_config}, adapter_name)
                      ^^^^^^^^^^^^^^^^^^^^^^^^^^^^^^^^^^^^^^^^^^^^^^^^^^^^^
  File "/Users/zakkeown/.pyenv/versions/3.11.14/lib/python3.11/site-packages/peft/tuners/tuners_utils.py", line 298, in __init__
    self.inject_adapter(self.model, adapter_name, low_cpu_mem_usage=low_cpu_mem_usage, state_dict=state_dict)
  File "/Users/zakkeown/.pyenv/versions/3.11.14/lib/python3.11/site-packages/peft/tuners/tuners_utils.py", line 880, in inject_adapter
    raise ValueError(error_msg)
ValueError: Target modules {'attention.query', 'attention.key', 'attention.value'} not found in the base model. Please check the target modules and try again.

Set the environment variable HYDRA_FULL_ERROR=1 for a complete stack trace.
