Seed set to 42
[2026-02-01 11:59:54,742][httpx][INFO] - HTTP Request: HEAD https://huggingface.co/google/mobilenet_v2_1.0_224/resolve/main/config.json "HTTP/1.1 307 Temporary Redirect"
[2026-02-01 11:59:54,780][httpx][INFO] - HTTP Request: HEAD https://huggingface.co/api/resolve-cache/models/google/mobilenet_v2_1.0_224/75e607b00aeae1297cc89d026a118bce012f5c5a/config.json "HTTP/1.1 200 OK"
[2026-02-01 11:59:54,860][httpx][INFO] - HTTP Request: HEAD https://huggingface.co/google/mobilenet_v2_1.0_224/resolve/main/config.json "HTTP/1.1 307 Temporary Redirect"
Warning: You are sending unauthenticated requests to the HF Hub. Please set a HF_TOKEN to enable higher rate limits and faster downloads.
[2026-02-01 11:59:54,860][huggingface_hub.utils._http][WARNING] - Warning: You are sending unauthenticated requests to the HF Hub. Please set a HF_TOKEN to enable higher rate limits and faster downloads.
[2026-02-01 11:59:54,894][httpx][INFO] - HTTP Request: HEAD https://huggingface.co/api/resolve-cache/models/google/mobilenet_v2_1.0_224/75e607b00aeae1297cc89d026a118bce012f5c5a/config.json "HTTP/1.1 200 OK"
[2026-02-01 11:59:54,974][httpx][INFO] - HTTP Request: HEAD https://huggingface.co/google/mobilenet_v2_1.0_224/resolve/main/model.safetensors "HTTP/1.1 302 Found"

Loading weights:   0%|          | 0/312 [00:00<?, ?it/s]
Loading weights:   0%|          | 1/312 [00:00<00:00, 5957.82it/s, Materializing param=conv_1x1.convolution.weight]
Loading weights:   0%|          | 1/312 [00:00<00:00, 4739.33it/s, Materializing param=conv_1x1.convolution.weight]
Loading weights:   1%|          | 2/312 [00:00<00:00, 4339.68it/s, Materializing param=conv_1x1.normalization.bias]
Loading weights:   1%|          | 2/312 [00:00<00:00, 4072.14it/s, Materializing param=conv_1x1.normalization.bias]
Loading weights:   1%|          | 3/312 [00:00<00:00, 5208.16it/s, Materializing param=conv_1x1.normalization.num_batches_tracked]
Loading weights:   1%|          | 3/312 [00:00<00:00, 4975.45it/s, Materializing param=conv_1x1.normalization.num_batches_tracked]
Loading weights:   1%|▏         | 4/312 [00:00<00:00, 5909.55it/s, Materializing param=conv_1x1.normalization.running_mean]       
Loading weights:   1%|▏         | 4/312 [00:00<00:00, 5517.01it/s, Materializing param=conv_1x1.normalization.running_mean]
Loading weights:   2%|▏         | 5/312 [00:00<00:00, 6460.73it/s, Materializing param=conv_1x1.normalization.running_var] 
Loading weights:   2%|▏         | 5/312 [00:00<00:00, 6273.26it/s, Materializing param=conv_1x1.normalization.running_var]
Loading weights:   2%|▏         | 6/312 [00:00<00:00, 7077.00it/s, Materializing param=conv_1x1.normalization.weight]     
Loading weights:   2%|▏         | 6/312 [00:00<00:00, 6864.65it/s, Materializing param=conv_1x1.normalization.weight]
Loading weights:   2%|▏         | 7/312 [00:00<00:00, 7567.04it/s, Materializing param=conv_stem.conv_3x3.convolution.weight]
Loading weights:   2%|▏         | 7/312 [00:00<00:00, 7391.77it/s, Materializing param=conv_stem.conv_3x3.convolution.weight]
Loading weights:   3%|▎         | 8/312 [00:00<00:00, 7212.90it/s, Materializing param=conv_stem.conv_3x3.normalization.bias]
Loading weights:   3%|▎         | 8/312 [00:00<00:00, 6962.95it/s, Materializing param=conv_stem.conv_3x3.normalization.bias]
Loading weights:   3%|▎         | 9/312 [00:00<00:00, 7324.16it/s, Materializing param=conv_stem.conv_3x3.normalization.num_batches_tracked]
Loading weights:   3%|▎         | 9/312 [00:00<00:00, 7142.62it/s, Materializing param=conv_stem.conv_3x3.normalization.num_batches_tracked]
Loading weights:   3%|▎         | 10/312 [00:00<00:00, 7390.84it/s, Materializing param=conv_stem.conv_3x3.normalization.running_mean]      
Loading weights:   3%|▎         | 10/312 [00:00<00:00, 7225.33it/s, Materializing param=conv_stem.conv_3x3.normalization.running_mean]
Loading weights:   4%|▎         | 11/312 [00:00<00:00, 7666.56it/s, Materializing param=conv_stem.conv_3x3.normalization.running_var] 
Loading weights:   4%|▎         | 11/312 [00:00<00:00, 7533.86it/s, Materializing param=conv_stem.conv_3x3.normalization.running_var]
Loading weights:   4%|▍         | 12/312 [00:00<00:00, 8005.67it/s, Materializing param=conv_stem.conv_3x3.normalization.weight]     
Loading weights:   4%|▍         | 12/312 [00:00<00:00, 7906.32it/s, Materializing param=conv_stem.conv_3x3.normalization.weight]
Loading weights:   4%|▍         | 13/312 [00:00<00:00, 8339.85it/s, Materializing param=conv_stem.first_conv.convolution.weight]
Loading weights:   4%|▍         | 13/312 [00:00<00:00, 8212.98it/s, Materializing param=conv_stem.first_conv.convolution.weight]
Loading weights:   4%|▍         | 14/312 [00:00<00:00, 5586.55it/s, Materializing param=conv_stem.first_conv.normalization.bias]
Loading weights:   4%|▍         | 14/312 [00:00<00:00, 5492.49it/s, Materializing param=conv_stem.first_conv.normalization.bias]
Loading weights:   5%|▍         | 15/312 [00:00<00:00, 5480.84it/s, Materializing param=conv_stem.first_conv.normalization.num_batches_tracked]
Loading weights:   5%|▍         | 15/312 [00:00<00:00, 5399.93it/s, Materializing param=conv_stem.first_conv.normalization.num_batches_tracked]
Loading weights:   5%|▌         | 16/312 [00:00<00:00, 5614.40it/s, Materializing param=conv_stem.first_conv.normalization.running_mean]       
Loading weights:   5%|▌         | 16/312 [00:00<00:00, 5565.51it/s, Materializing param=conv_stem.first_conv.normalization.running_mean]
Loading weights:   5%|▌         | 17/312 [00:00<00:00, 5814.02it/s, Materializing param=conv_stem.first_conv.normalization.running_var] 
Loading weights:   5%|▌         | 17/312 [00:00<00:00, 5768.86it/s, Materializing param=conv_stem.first_conv.normalization.running_var]
Loading weights:   6%|▌         | 18/312 [00:00<00:00, 6018.13it/s, Materializing param=conv_stem.first_conv.normalization.weight]     
Loading weights:   6%|▌         | 18/312 [00:00<00:00, 5978.58it/s, Materializing param=conv_stem.first_conv.normalization.weight]
Loading weights:   6%|▌         | 19/312 [00:00<00:00, 6217.66it/s, Materializing param=conv_stem.reduce_1x1.convolution.weight]  
Loading weights:   6%|▌         | 19/312 [00:00<00:00, 6179.09it/s, Materializing param=conv_stem.reduce_1x1.convolution.weight]
Loading weights:   6%|▋         | 20/312 [00:00<00:00, 6112.36it/s, Materializing param=conv_stem.reduce_1x1.normalization.bias]
Loading weights:   6%|▋         | 20/312 [00:00<00:00, 6037.14it/s, Materializing param=conv_stem.reduce_1x1.normalization.bias]
Loading weights:   7%|▋         | 21/312 [00:00<00:00, 6212.91it/s, Materializing param=conv_stem.reduce_1x1.normalization.num_batches_tracked]
Loading weights:   7%|▋         | 21/312 [00:00<00:00, 6165.94it/s, Materializing param=conv_stem.reduce_1x1.normalization.num_batches_tracked]
Loading weights:   7%|▋         | 22/312 [00:00<00:00, 6360.70it/s, Materializing param=conv_stem.reduce_1x1.normalization.running_mean]       
Loading weights:   7%|▋         | 22/312 [00:00<00:00, 6322.35it/s, Materializing param=conv_stem.reduce_1x1.normalization.running_mean]
Loading weights:   7%|▋         | 23/312 [00:00<00:00, 6523.02it/s, Materializing param=conv_stem.reduce_1x1.normalization.running_var] 
Loading weights:   7%|▋         | 23/312 [00:00<00:00, 6484.44it/s, Materializing param=conv_stem.reduce_1x1.normalization.running_var]
Loading weights:   8%|▊         | 24/312 [00:00<00:00, 6685.48it/s, Materializing param=conv_stem.reduce_1x1.normalization.weight]     
Loading weights:   8%|▊         | 24/312 [00:00<00:00, 6648.39it/s, Materializing param=conv_stem.reduce_1x1.normalization.weight]
Loading weights:   8%|▊         | 25/312 [00:00<00:00, 6821.34it/s, Materializing param=layer.0.conv_3x3.convolution.weight]      
Loading weights:   8%|▊         | 25/312 [00:00<00:00, 6776.81it/s, Materializing param=layer.0.conv_3x3.convolution.weight]
Loading weights:   8%|▊         | 26/312 [00:00<00:00, 6824.27it/s, Materializing param=layer.0.conv_3x3.normalization.bias]
Loading weights:   8%|▊         | 26/312 [00:00<00:00, 6781.83it/s, Materializing param=layer.0.conv_3x3.normalization.bias]
Loading weights:   9%|▊         | 27/312 [00:00<00:00, 6926.80it/s, Materializing param=layer.0.conv_3x3.normalization.num_batches_tracked]
Loading weights:   9%|▊         | 27/312 [00:00<00:00, 6880.92it/s, Materializing param=layer.0.conv_3x3.normalization.num_batches_tracked]
Loading weights:   9%|▉         | 28/312 [00:00<00:00, 6782.98it/s, Materializing param=layer.0.conv_3x3.normalization.running_mean]       
Loading weights:   9%|▉         | 28/312 [00:00<00:00, 6740.54it/s, Materializing param=layer.0.conv_3x3.normalization.running_mean]
Loading weights:   9%|▉         | 29/312 [00:00<00:00, 6904.79it/s, Materializing param=layer.0.conv_3x3.normalization.running_var] 
Loading weights:   9%|▉         | 29/312 [00:00<00:00, 6870.47it/s, Materializing param=layer.0.conv_3x3.normalization.running_var]
Loading weights:  10%|▉         | 30/312 [00:00<00:00, 7035.85it/s, Materializing param=layer.0.conv_3x3.normalization.weight]     
Loading weights:  10%|▉         | 30/312 [00:00<00:00, 7002.96it/s, Materializing param=layer.0.conv_3x3.normalization.weight]
Loading weights:  10%|▉         | 31/312 [00:00<00:00, 7154.76it/s, Materializing param=layer.0.expand_1x1.convolution.weight]
Loading weights:  10%|▉         | 31/312 [00:00<00:00, 7123.01it/s, Materializing param=layer.0.expand_1x1.convolution.weight]
Loading weights:  10%|█         | 32/312 [00:00<00:00, 7225.33it/s, Materializing param=layer.0.expand_1x1.normalization.bias]
Loading weights:  10%|█         | 32/312 [00:00<00:00, 7184.72it/s, Materializing param=layer.0.expand_1x1.normalization.bias]
Loading weights:  11%|█         | 33/312 [00:00<00:00, 7302.52it/s, Materializing param=layer.0.expand_1x1.normalization.num_batches_tracked]
Loading weights:  11%|█         | 33/312 [00:00<00:00, 7262.29it/s, Materializing param=layer.0.expand_1x1.normalization.num_batches_tracked]
Loading weights:  11%|█         | 34/312 [00:00<00:00, 7299.30it/s, Materializing param=layer.0.expand_1x1.normalization.running_mean]       
Loading weights:  11%|█         | 34/312 [00:00<00:00, 7265.08it/s, Materializing param=layer.0.expand_1x1.normalization.running_mean]
Loading weights:  11%|█         | 35/312 [00:00<00:00, 7410.43it/s, Materializing param=layer.0.expand_1x1.normalization.running_var] 
Loading weights:  11%|█         | 35/312 [00:00<00:00, 7381.00it/s, Materializing param=layer.0.expand_1x1.normalization.running_var]
Loading weights:  12%|█▏        | 36/312 [00:00<00:00, 7523.79it/s, Materializing param=layer.0.expand_1x1.normalization.weight]     
Loading weights:  12%|█▏        | 36/312 [00:00<00:00, 7492.43it/s, Materializing param=layer.0.expand_1x1.normalization.weight]
Loading weights:  12%|█▏        | 37/312 [00:00<00:00, 7632.01it/s, Materializing param=layer.0.reduce_1x1.convolution.weight]  
Loading weights:  12%|█▏        | 37/312 [00:00<00:00, 7603.96it/s, Materializing param=layer.0.reduce_1x1.convolution.weight]
Loading weights:  12%|█▏        | 38/312 [00:00<00:00, 7726.56it/s, Materializing param=layer.0.reduce_1x1.normalization.bias]
Loading weights:  12%|█▏        | 38/312 [00:00<00:00, 7697.09it/s, Materializing param=layer.0.reduce_1x1.normalization.bias]
Loading weights:  12%|█▎        | 39/312 [00:00<00:00, 7753.61it/s, Materializing param=layer.0.reduce_1x1.normalization.num_batches_tracked]
Loading weights:  12%|█▎        | 39/312 [00:00<00:00, 7702.86it/s, Materializing param=layer.0.reduce_1x1.normalization.num_batches_tracked]
Loading weights:  13%|█▎        | 40/312 [00:00<00:00, 7765.43it/s, Materializing param=layer.0.reduce_1x1.normalization.running_mean]       
Loading weights:  13%|█▎        | 40/312 [00:00<00:00, 7735.36it/s, Materializing param=layer.0.reduce_1x1.normalization.running_mean]
Loading weights:  13%|█▎        | 41/312 [00:00<00:00, 7868.16it/s, Materializing param=layer.0.reduce_1x1.normalization.running_var] 
Loading weights:  13%|█▎        | 41/312 [00:00<00:00, 7838.03it/s, Materializing param=layer.0.reduce_1x1.normalization.running_var]
Loading weights:  13%|█▎        | 42/312 [00:00<00:00, 7968.55it/s, Materializing param=layer.0.reduce_1x1.normalization.weight]     
Loading weights:  13%|█▎        | 42/312 [00:00<00:00, 7936.24it/s, Materializing param=layer.0.reduce_1x1.normalization.weight]
Loading weights:  14%|█▍        | 43/312 [00:00<00:00, 8063.08it/s, Materializing param=layer.1.conv_3x3.convolution.weight]    
Loading weights:  14%|█▍        | 43/312 [00:00<00:00, 8032.92it/s, Materializing param=layer.1.conv_3x3.convolution.weight]
Loading weights:  14%|█▍        | 44/312 [00:00<00:00, 7378.73it/s, Materializing param=layer.1.conv_3x3.normalization.bias]
Loading weights:  14%|█▍        | 44/312 [00:00<00:00, 7342.03it/s, Materializing param=layer.1.conv_3x3.normalization.bias]
Loading weights:  14%|█▍        | 45/312 [00:00<00:00, 7446.69it/s, Materializing param=layer.1.conv_3x3.normalization.num_batches_tracked]
Loading weights:  14%|█▍        | 45/312 [00:00<00:00, 7419.75it/s, Materializing param=layer.1.conv_3x3.normalization.num_batches_tracked]
Loading weights:  15%|█▍        | 46/312 [00:00<00:00, 7510.53it/s, Materializing param=layer.1.conv_3x3.normalization.running_mean]       
Loading weights:  15%|█▍        | 46/312 [00:00<00:00, 7479.67it/s, Materializing param=layer.1.conv_3x3.normalization.running_mean]
Loading weights:  15%|█▌        | 47/312 [00:00<00:00, 7572.11it/s, Materializing param=layer.1.conv_3x3.normalization.running_var] 
Loading weights:  15%|█▌        | 47/312 [00:00<00:00, 7544.00it/s, Materializing param=layer.1.conv_3x3.normalization.running_var]
Loading weights:  15%|█▌        | 48/312 [00:00<00:00, 7651.80it/s, Materializing param=layer.1.conv_3x3.normalization.weight]     
Loading weights:  15%|█▌        | 48/312 [00:00<00:00, 7627.45it/s, Materializing param=layer.1.conv_3x3.normalization.weight]
Loading weights:  16%|█▌        | 49/312 [00:00<00:00, 7671.84it/s, Materializing param=layer.1.expand_1x1.convolution.weight]
Loading weights:  16%|█▌        | 49/312 [00:00<00:00, 7629.12it/s, Materializing param=layer.1.expand_1x1.convolution.weight]
Loading weights:  16%|█▌        | 50/312 [00:00<00:00, 7708.98it/s, Materializing param=layer.1.expand_1x1.normalization.bias]
Loading weights:  16%|█▌        | 50/312 [00:00<00:00, 7684.13it/s, Materializing param=layer.1.expand_1x1.normalization.bias]
Loading weights:  16%|█▋        | 51/312 [00:00<00:00, 7407.61it/s, Materializing param=layer.1.expand_1x1.normalization.num_batches_tracked]
Loading weights:  16%|█▋        | 51/312 [00:00<00:00, 7376.44it/s, Materializing param=layer.1.expand_1x1.normalization.num_batches_tracked]
Loading weights:  17%|█▋        | 52/312 [00:00<00:00, 7467.01it/s, Materializing param=layer.1.expand_1x1.normalization.running_mean]       
Loading weights:  17%|█▋        | 52/312 [00:00<00:00, 7444.58it/s, Materializing param=layer.1.expand_1x1.normalization.running_mean]
Loading weights:  17%|█▋        | 53/312 [00:00<00:00, 7541.15it/s, Materializing param=layer.1.expand_1x1.normalization.running_var] 
Loading weights:  17%|█▋        | 53/312 [00:00<00:00, 7515.66it/s, Materializing param=layer.1.expand_1x1.normalization.running_var]
Loading weights:  17%|█▋        | 54/312 [00:00<00:00, 7610.89it/s, Materializing param=layer.1.expand_1x1.normalization.weight]     
Loading weights:  17%|█▋        | 54/312 [00:00<00:00, 7589.47it/s, Materializing param=layer.1.expand_1x1.normalization.weight]
Loading weights:  18%|█▊        | 55/312 [00:00<00:00, 7685.97it/s, Materializing param=layer.1.reduce_1x1.convolution.weight]  
Loading weights:  18%|█▊        | 55/312 [00:00<00:00, 7665.54it/s, Materializing param=layer.1.reduce_1x1.convolution.weight]
Loading weights:  18%|█▊        | 56/312 [00:00<00:00, 7748.78it/s, Materializing param=layer.1.reduce_1x1.normalization.bias]
Loading weights:  18%|█▊        | 56/312 [00:00<00:00, 7725.33it/s, Materializing param=layer.1.reduce_1x1.normalization.bias]
Loading weights:  18%|█▊        | 57/312 [00:00<00:00, 7800.68it/s, Materializing param=layer.1.reduce_1x1.normalization.num_batches_tracked]
Loading weights:  18%|█▊        | 57/312 [00:00<00:00, 7776.58it/s, Materializing param=layer.1.reduce_1x1.normalization.num_batches_tracked]
Loading weights:  19%|█▊        | 58/312 [00:00<00:00, 7866.69it/s, Materializing param=layer.1.reduce_1x1.normalization.running_mean]       
Loading weights:  19%|█▊        | 58/312 [00:00<00:00, 7845.13it/s, Materializing param=layer.1.reduce_1x1.normalization.running_mean]
Loading weights:  19%|█▉        | 59/312 [00:00<00:00, 7938.66it/s, Materializing param=layer.1.reduce_1x1.normalization.running_var] 
Loading weights:  19%|█▉        | 59/312 [00:00<00:00, 7918.59it/s, Materializing param=layer.1.reduce_1x1.normalization.running_var]
Loading weights:  19%|█▉        | 60/312 [00:00<00:00, 8010.77it/s, Materializing param=layer.1.reduce_1x1.normalization.weight]     
Loading weights:  19%|█▉        | 60/312 [00:00<00:00, 7989.40it/s, Materializing param=layer.1.reduce_1x1.normalization.weight]
Loading weights:  20%|█▉        | 61/312 [00:00<00:00, 8077.17it/s, Materializing param=layer.2.conv_3x3.convolution.weight]    
Loading weights:  20%|█▉        | 61/312 [00:00<00:00, 8057.08it/s, Materializing param=layer.2.conv_3x3.convolution.weight]
Loading weights:  20%|█▉        | 62/312 [00:00<00:00, 8132.31it/s, Materializing param=layer.2.conv_3x3.normalization.bias]
Loading weights:  20%|█▉        | 62/312 [00:00<00:00, 8107.71it/s, Materializing param=layer.2.conv_3x3.normalization.bias]
Loading weights:  20%|██        | 63/312 [00:00<00:00, 8176.54it/s, Materializing param=layer.2.conv_3x3.normalization.num_batches_tracked]
Loading weights:  20%|██        | 63/312 [00:00<00:00, 8148.05it/s, Materializing param=layer.2.conv_3x3.normalization.num_batches_tracked]
Loading weights:  21%|██        | 64/312 [00:00<00:00, 8226.39it/s, Materializing param=layer.2.conv_3x3.normalization.running_mean]       
Loading weights:  21%|██        | 64/312 [00:00<00:00, 8193.75it/s, Materializing param=layer.2.conv_3x3.normalization.running_mean]
Loading weights:  21%|██        | 65/312 [00:00<00:00, 8266.52it/s, Materializing param=layer.2.conv_3x3.normalization.running_var] 
Loading weights:  21%|██        | 65/312 [00:00<00:00, 8243.77it/s, Materializing param=layer.2.conv_3x3.normalization.running_var]
Loading weights:  21%|██        | 66/312 [00:00<00:00, 8320.78it/s, Materializing param=layer.2.conv_3x3.normalization.weight]     
Loading weights:  21%|██        | 66/312 [00:00<00:00, 8299.83it/s, Materializing param=layer.2.conv_3x3.normalization.weight]
Loading weights:  21%|██▏       | 67/312 [00:00<00:00, 8376.11it/s, Materializing param=layer.2.expand_1x1.convolution.weight]
Loading weights:  21%|██▏       | 67/312 [00:00<00:00, 8351.21it/s, Materializing param=layer.2.expand_1x1.convolution.weight]
Loading weights:  22%|██▏       | 68/312 [00:00<00:00, 8326.16it/s, Materializing param=layer.2.expand_1x1.normalization.bias]
Loading weights:  22%|██▏       | 68/312 [00:00<00:00, 8301.68it/s, Materializing param=layer.2.expand_1x1.normalization.bias]
Loading weights:  22%|██▏       | 69/312 [00:00<00:00, 8367.75it/s, Materializing param=layer.2.expand_1x1.normalization.num_batches_tracked]
Loading weights:  22%|██▏       | 69/312 [00:00<00:00, 8292.23it/s, Materializing param=layer.2.expand_1x1.normalization.num_batches_tracked]
Loading weights:  22%|██▏       | 70/312 [00:00<00:00, 8341.42it/s, Materializing param=layer.2.expand_1x1.normalization.running_mean]       
Loading weights:  22%|██▏       | 70/312 [00:00<00:00, 8314.73it/s, Materializing param=layer.2.expand_1x1.normalization.running_mean]
Loading weights:  23%|██▎       | 71/312 [00:00<00:00, 8157.22it/s, Materializing param=layer.2.expand_1x1.normalization.running_var] 
Loading weights:  23%|██▎       | 71/312 [00:00<00:00, 8127.17it/s, Materializing param=layer.2.expand_1x1.normalization.running_var]
Loading weights:  23%|██▎       | 72/312 [00:00<00:00, 8183.79it/s, Materializing param=layer.2.expand_1x1.normalization.weight]     
Loading weights:  23%|██▎       | 72/312 [00:00<00:00, 8163.21it/s, Materializing param=layer.2.expand_1x1.normalization.weight]
Loading weights:  23%|██▎       | 73/312 [00:00<00:00, 8230.09it/s, Materializing param=layer.2.reduce_1x1.convolution.weight]  
Loading weights:  23%|██▎       | 73/312 [00:00<00:00, 8208.69it/s, Materializing param=layer.2.reduce_1x1.convolution.weight]
Loading weights:  24%|██▎       | 74/312 [00:00<00:00, 8105.99it/s, Materializing param=layer.2.reduce_1x1.normalization.bias]
Loading weights:  24%|██▎       | 74/312 [00:00<00:00, 8084.67it/s, Materializing param=layer.2.reduce_1x1.normalization.bias]
Loading weights:  24%|██▍       | 75/312 [00:00<00:00, 8129.13it/s, Materializing param=layer.2.reduce_1x1.normalization.num_batches_tracked]
Loading weights:  24%|██▍       | 75/312 [00:00<00:00, 8101.07it/s, Materializing param=layer.2.reduce_1x1.normalization.num_batches_tracked]
Loading weights:  24%|██▍       | 76/312 [00:00<00:00, 8144.90it/s, Materializing param=layer.2.reduce_1x1.normalization.running_mean]       
Loading weights:  24%|██▍       | 76/312 [00:00<00:00, 8123.94it/s, Materializing param=layer.2.reduce_1x1.normalization.running_mean]
Loading weights:  25%|██▍       | 77/312 [00:00<00:00, 8192.21it/s, Materializing param=layer.2.reduce_1x1.normalization.running_var] 
Loading weights:  25%|██▍       | 77/312 [00:00<00:00, 8175.00it/s, Materializing param=layer.2.reduce_1x1.normalization.running_var]
Loading weights:  25%|██▌       | 78/312 [00:00<00:00, 8248.80it/s, Materializing param=layer.2.reduce_1x1.normalization.weight]     
Loading weights:  25%|██▌       | 78/312 [00:00<00:00, 8231.37it/s, Materializing param=layer.2.reduce_1x1.normalization.weight]
Loading weights:  25%|██▌       | 79/312 [00:00<00:00, 8256.71it/s, Materializing param=layer.3.conv_3x3.convolution.weight]    
Loading weights:  25%|██▌       | 79/312 [00:00<00:00, 8213.73it/s, Materializing param=layer.3.conv_3x3.convolution.weight]
Loading weights:  26%|██▌       | 80/312 [00:00<00:00, 8236.44it/s, Materializing param=layer.3.conv_3x3.normalization.bias]
Loading weights:  26%|██▌       | 80/312 [00:00<00:00, 8213.46it/s, Materializing param=layer.3.conv_3x3.normalization.bias]
Loading weights:  26%|██▌       | 81/312 [00:00<00:00, 8271.98it/s, Materializing param=layer.3.conv_3x3.normalization.num_batches_tracked]
Loading weights:  26%|██▌       | 81/312 [00:00<00:00, 8253.50it/s, Materializing param=layer.3.conv_3x3.normalization.num_batches_tracked]
Loading weights:  26%|██▋       | 82/312 [00:00<00:00, 8313.18it/s, Materializing param=layer.3.conv_3x3.normalization.running_mean]       
Loading weights:  26%|██▋       | 82/312 [00:00<00:00, 8291.34it/s, Materializing param=layer.3.conv_3x3.normalization.running_mean]
Loading weights:  27%|██▋       | 83/312 [00:00<00:00, 8356.19it/s, Materializing param=layer.3.conv_3x3.normalization.running_var] 
Loading weights:  27%|██▋       | 83/312 [00:00<00:00, 8339.97it/s, Materializing param=layer.3.conv_3x3.normalization.running_var]
Loading weights:  27%|██▋       | 84/312 [00:00<00:00, 8405.82it/s, Materializing param=layer.3.conv_3x3.normalization.weight]     
Loading weights:  27%|██▋       | 84/312 [00:00<00:00, 8389.21it/s, Materializing param=layer.3.conv_3x3.normalization.weight]
Loading weights:  27%|██▋       | 85/312 [00:00<00:00, 8447.84it/s, Materializing param=layer.3.expand_1x1.convolution.weight]
Loading weights:  27%|██▋       | 85/312 [00:00<00:00, 8428.47it/s, Materializing param=layer.3.expand_1x1.convolution.weight]
Loading weights:  28%|██▊       | 86/312 [00:00<00:00, 8483.11it/s, Materializing param=layer.3.expand_1x1.normalization.bias]
Loading weights:  28%|██▊       | 86/312 [00:00<00:00, 8466.38it/s, Materializing param=layer.3.expand_1x1.normalization.bias]
Loading weights:  28%|██▊       | 87/312 [00:00<00:00, 8428.72it/s, Materializing param=layer.3.expand_1x1.normalization.num_batches_tracked]
Loading weights:  28%|██▊       | 87/312 [00:00<00:00, 8406.00it/s, Materializing param=layer.3.expand_1x1.normalization.num_batches_tracked]
Loading weights:  28%|██▊       | 88/312 [00:00<00:00, 8457.61it/s, Materializing param=layer.3.expand_1x1.normalization.running_mean]       
Loading weights:  28%|██▊       | 88/312 [00:00<00:00, 8436.35it/s, Materializing param=layer.3.expand_1x1.normalization.running_mean]
Loading weights:  29%|██▊       | 89/312 [00:00<00:00, 8494.94it/s, Materializing param=layer.3.expand_1x1.normalization.running_var] 
Loading weights:  29%|██▊       | 89/312 [00:00<00:00, 8476.23it/s, Materializing param=layer.3.expand_1x1.normalization.running_var]
Loading weights:  29%|██▉       | 90/312 [00:00<00:00, 8538.89it/s, Materializing param=layer.3.expand_1x1.normalization.weight]     
Loading weights:  29%|██▉       | 90/312 [00:00<00:00, 8520.39it/s, Materializing param=layer.3.expand_1x1.normalization.weight]
Loading weights:  29%|██▉       | 91/312 [00:00<00:00, 8578.47it/s, Materializing param=layer.3.reduce_1x1.convolution.weight]  
Loading weights:  29%|██▉       | 91/312 [00:00<00:00, 8559.04it/s, Materializing param=layer.3.reduce_1x1.convolution.weight]
Loading weights:  29%|██▉       | 92/312 [00:00<00:00, 8457.37it/s, Materializing param=layer.3.reduce_1x1.normalization.bias]
Loading weights:  29%|██▉       | 92/312 [00:00<00:00, 8438.14it/s, Materializing param=layer.3.reduce_1x1.normalization.bias]
Loading weights:  30%|██▉       | 93/312 [00:00<00:00, 8486.98it/s, Materializing param=layer.3.reduce_1x1.normalization.num_batches_tracked]
Loading weights:  30%|██▉       | 93/312 [00:00<00:00, 8470.77it/s, Materializing param=layer.3.reduce_1x1.normalization.num_batches_tracked]
Loading weights:  30%|███       | 94/312 [00:00<00:00, 8420.68it/s, Materializing param=layer.3.reduce_1x1.normalization.running_mean]       
Loading weights:  30%|███       | 94/312 [00:00<00:00, 8397.36it/s, Materializing param=layer.3.reduce_1x1.normalization.running_mean]
Loading weights:  30%|███       | 95/312 [00:00<00:00, 8448.37it/s, Materializing param=layer.3.reduce_1x1.normalization.running_var] 
Loading weights:  30%|███       | 95/312 [00:00<00:00, 8429.60it/s, Materializing param=layer.3.reduce_1x1.normalization.running_var]
Loading weights:  31%|███       | 96/312 [00:00<00:00, 8485.84it/s, Materializing param=layer.3.reduce_1x1.normalization.weight]     
Loading weights:  31%|███       | 96/312 [00:00<00:00, 8469.42it/s, Materializing param=layer.3.reduce_1x1.normalization.weight]
Loading weights:  31%|███       | 97/312 [00:00<00:00, 8512.70it/s, Materializing param=layer.4.conv_3x3.convolution.weight]    
Loading weights:  31%|███       | 97/312 [00:00<00:00, 8497.76it/s, Materializing param=layer.4.conv_3x3.convolution.weight]
Loading weights:  31%|███▏      | 98/312 [00:00<00:00, 8276.29it/s, Materializing param=layer.4.conv_3x3.normalization.bias]
Loading weights:  31%|███▏      | 98/312 [00:00<00:00, 8257.50it/s, Materializing param=layer.4.conv_3x3.normalization.bias]
Loading weights:  32%|███▏      | 99/312 [00:00<00:00, 8237.01it/s, Materializing param=layer.4.conv_3x3.normalization.num_batches_tracked]
Loading weights:  32%|███▏      | 99/312 [00:00<00:00, 8211.76it/s, Materializing param=layer.4.conv_3x3.normalization.num_batches_tracked]
Loading weights:  32%|███▏      | 100/312 [00:00<00:00, 8244.66it/s, Materializing param=layer.4.conv_3x3.normalization.running_mean]      
Loading weights:  32%|███▏      | 100/312 [00:00<00:00, 8225.74it/s, Materializing param=layer.4.conv_3x3.normalization.running_mean]
Loading weights:  32%|███▏      | 101/312 [00:00<00:00, 8276.67it/s, Materializing param=layer.4.conv_3x3.normalization.running_var] 
Loading weights:  32%|███▏      | 101/312 [00:00<00:00, 8262.46it/s, Materializing param=layer.4.conv_3x3.normalization.running_var]
Loading weights:  33%|███▎      | 102/312 [00:00<00:00, 8314.27it/s, Materializing param=layer.4.conv_3x3.normalization.weight]     
Loading weights:  33%|███▎      | 102/312 [00:00<00:00, 8298.14it/s, Materializing param=layer.4.conv_3x3.normalization.weight]
Loading weights:  33%|███▎      | 103/312 [00:00<00:00, 8352.28it/s, Materializing param=layer.4.expand_1x1.convolution.weight]
Loading weights:  33%|███▎      | 103/312 [00:00<00:00, 8338.74it/s, Materializing param=layer.4.expand_1x1.convolution.weight]
Loading weights:  33%|███▎      | 104/312 [00:00<00:00, 8372.99it/s, Materializing param=layer.4.expand_1x1.normalization.bias]
Loading weights:  33%|███▎      | 104/312 [00:00<00:00, 8360.31it/s, Materializing param=layer.4.expand_1x1.normalization.bias]
Loading weights:  34%|███▎      | 105/312 [00:00<00:00, 8410.23it/s, Materializing param=layer.4.expand_1x1.normalization.num_batches_tracked]
Loading weights:  34%|███▎      | 105/312 [00:00<00:00, 8396.76it/s, Materializing param=layer.4.expand_1x1.normalization.num_batches_tracked]
Loading weights:  34%|███▍      | 106/312 [00:00<00:00, 8438.92it/s, Materializing param=layer.4.expand_1x1.normalization.running_mean]       
Loading weights:  34%|███▍      | 106/312 [00:00<00:00, 8421.98it/s, Materializing param=layer.4.expand_1x1.normalization.running_mean]
Loading weights:  34%|███▍      | 107/312 [00:00<00:00, 8471.90it/s, Materializing param=layer.4.expand_1x1.normalization.running_var] 
Loading weights:  34%|███▍      | 107/312 [00:00<00:00, 8459.13it/s, Materializing param=layer.4.expand_1x1.normalization.running_var]
Loading weights:  35%|███▍      | 108/312 [00:00<00:00, 8507.88it/s, Materializing param=layer.4.expand_1x1.normalization.weight]     
Loading weights:  35%|███▍      | 108/312 [00:00<00:00, 8494.63it/s, Materializing param=layer.4.expand_1x1.normalization.weight]
Loading weights:  35%|███▍      | 109/312 [00:00<00:00, 8544.29it/s, Materializing param=layer.4.reduce_1x1.convolution.weight]  
Loading weights:  35%|███▍      | 109/312 [00:00<00:00, 8532.33it/s, Materializing param=layer.4.reduce_1x1.convolution.weight]
Loading weights:  35%|███▌      | 110/312 [00:00<00:00, 8219.44it/s, Materializing param=layer.4.reduce_1x1.normalization.bias]
Loading weights:  35%|███▌      | 110/312 [00:00<00:00, 8203.36it/s, Materializing param=layer.4.reduce_1x1.normalization.bias]
Loading weights:  36%|███▌      | 111/312 [00:00<00:00, 8243.05it/s, Materializing param=layer.4.reduce_1x1.normalization.num_batches_tracked]
Loading weights:  36%|███▌      | 111/312 [00:00<00:00, 8227.76it/s, Materializing param=layer.4.reduce_1x1.normalization.num_batches_tracked]
Loading weights:  36%|███▌      | 112/312 [00:00<00:00, 8270.60it/s, Materializing param=layer.4.reduce_1x1.normalization.running_mean]       
Loading weights:  36%|███▌      | 112/312 [00:00<00:00, 8257.23it/s, Materializing param=layer.4.reduce_1x1.normalization.running_mean]
Loading weights:  36%|███▌      | 113/312 [00:00<00:00, 8307.15it/s, Materializing param=layer.4.reduce_1x1.normalization.running_var] 
Loading weights:  36%|███▌      | 113/312 [00:00<00:00, 8295.38it/s, Materializing param=layer.4.reduce_1x1.normalization.running_var]
Loading weights:  37%|███▋      | 114/312 [00:00<00:00, 8345.56it/s, Materializing param=layer.4.reduce_1x1.normalization.weight]     
Loading weights:  37%|███▋      | 114/312 [00:00<00:00, 8334.07it/s, Materializing param=layer.4.reduce_1x1.normalization.weight]
Loading weights:  37%|███▋      | 115/312 [00:00<00:00, 8380.15it/s, Materializing param=layer.5.conv_3x3.convolution.weight]    
Loading weights:  37%|███▋      | 115/312 [00:00<00:00, 8366.06it/s, Materializing param=layer.5.conv_3x3.convolution.weight]
Loading weights:  37%|███▋      | 116/312 [00:00<00:00, 8408.91it/s, Materializing param=layer.5.conv_3x3.normalization.bias]
Loading weights:  37%|███▋      | 116/312 [00:00<00:00, 8397.29it/s, Materializing param=layer.5.conv_3x3.normalization.bias]
Loading weights:  38%|███▊      | 117/312 [00:00<00:00, 8444.04it/s, Materializing param=layer.5.conv_3x3.normalization.num_batches_tracked]
Loading weights:  38%|███▊      | 117/312 [00:00<00:00, 8431.85it/s, Materializing param=layer.5.conv_3x3.normalization.num_batches_tracked]
Loading weights:  38%|███▊      | 118/312 [00:00<00:00, 8476.97it/s, Materializing param=layer.5.conv_3x3.normalization.running_mean]       
Loading weights:  38%|███▊      | 118/312 [00:00<00:00, 8463.05it/s, Materializing param=layer.5.conv_3x3.normalization.running_mean]
Loading weights:  38%|███▊      | 119/312 [00:00<00:00, 8510.33it/s, Materializing param=layer.5.conv_3x3.normalization.running_var] 
Loading weights:  38%|███▊      | 119/312 [00:00<00:00, 8498.16it/s, Materializing param=layer.5.conv_3x3.normalization.running_var]
Loading weights:  38%|███▊      | 120/312 [00:00<00:00, 8547.74it/s, Materializing param=layer.5.conv_3x3.normalization.weight]     
Loading weights:  38%|███▊      | 120/312 [00:00<00:00, 8536.00it/s, Materializing param=layer.5.conv_3x3.normalization.weight]
Loading weights:  39%|███▉      | 121/312 [00:00<00:00, 8584.13it/s, Materializing param=layer.5.expand_1x1.convolution.weight]
Loading weights:  39%|███▉      | 121/312 [00:00<00:00, 8570.65it/s, Materializing param=layer.5.expand_1x1.convolution.weight]
Loading weights:  39%|███▉      | 122/312 [00:00<00:00, 8614.56it/s, Materializing param=layer.5.expand_1x1.normalization.bias]
Loading weights:  39%|███▉      | 122/312 [00:00<00:00, 8600.66it/s, Materializing param=layer.5.expand_1x1.normalization.bias]
Loading weights:  39%|███▉      | 123/312 [00:00<00:00, 8641.97it/s, Materializing param=layer.5.expand_1x1.normalization.num_batches_tracked]
Loading weights:  39%|███▉      | 123/312 [00:00<00:00, 8630.40it/s, Materializing param=layer.5.expand_1x1.normalization.num_batches_tracked]
Loading weights:  40%|███▉      | 124/312 [00:00<00:00, 8674.44it/s, Materializing param=layer.5.expand_1x1.normalization.running_mean]       
Loading weights:  40%|███▉      | 124/312 [00:00<00:00, 8661.59it/s, Materializing param=layer.5.expand_1x1.normalization.running_mean]
Loading weights:  40%|████      | 125/312 [00:00<00:00, 8706.50it/s, Materializing param=layer.5.expand_1x1.normalization.running_var] 
Loading weights:  40%|████      | 125/312 [00:00<00:00, 8694.52it/s, Materializing param=layer.5.expand_1x1.normalization.running_var]
Loading weights:  40%|████      | 126/312 [00:00<00:00, 8741.60it/s, Materializing param=layer.5.expand_1x1.normalization.weight]     
Loading weights:  40%|████      | 126/312 [00:00<00:00, 8729.91it/s, Materializing param=layer.5.expand_1x1.normalization.weight]
Loading weights:  41%|████      | 127/312 [00:00<00:00, 8773.10it/s, Materializing param=layer.5.reduce_1x1.convolution.weight]  
Loading weights:  41%|████      | 127/312 [00:00<00:00, 8760.98it/s, Materializing param=layer.5.reduce_1x1.convolution.weight]
Loading weights:  41%|████      | 128/312 [00:00<00:00, 8799.72it/s, Materializing param=layer.5.reduce_1x1.normalization.bias]
Loading weights:  41%|████      | 128/312 [00:00<00:00, 8788.20it/s, Materializing param=layer.5.reduce_1x1.normalization.bias]
Loading weights:  41%|████▏     | 129/312 [00:00<00:00, 8832.13it/s, Materializing param=layer.5.reduce_1x1.normalization.num_batches_tracked]
Loading weights:  41%|████▏     | 129/312 [00:00<00:00, 8821.04it/s, Materializing param=layer.5.reduce_1x1.normalization.num_batches_tracked]
Loading weights:  42%|████▏     | 130/312 [00:00<00:00, 8869.47it/s, Materializing param=layer.5.reduce_1x1.normalization.running_mean]       
Loading weights:  42%|████▏     | 130/312 [00:00<00:00, 8858.66it/s, Materializing param=layer.5.reduce_1x1.normalization.running_mean]
Loading weights:  42%|████▏     | 131/312 [00:00<00:00, 8907.27it/s, Materializing param=layer.5.reduce_1x1.normalization.running_var] 
Loading weights:  42%|████▏     | 131/312 [00:00<00:00, 8894.00it/s, Materializing param=layer.5.reduce_1x1.normalization.running_var]
Loading weights:  42%|████▏     | 132/312 [00:00<00:00, 8940.62it/s, Materializing param=layer.5.reduce_1x1.normalization.weight]     
Loading weights:  42%|████▏     | 132/312 [00:00<00:00, 8926.78it/s, Materializing param=layer.5.reduce_1x1.normalization.weight]
Loading weights:  43%|████▎     | 133/312 [00:00<00:00, 8972.57it/s, Materializing param=layer.6.conv_3x3.convolution.weight]    
Loading weights:  43%|████▎     | 133/312 [00:00<00:00, 8961.18it/s, Materializing param=layer.6.conv_3x3.convolution.weight]
Loading weights:  43%|████▎     | 134/312 [00:00<00:00, 8780.04it/s, Materializing param=layer.6.conv_3x3.normalization.bias]
Loading weights:  43%|████▎     | 134/312 [00:00<00:00, 8760.47it/s, Materializing param=layer.6.conv_3x3.normalization.bias]
Loading weights:  43%|████▎     | 135/312 [00:00<00:00, 8776.46it/s, Materializing param=layer.6.conv_3x3.normalization.num_batches_tracked]
Loading weights:  43%|████▎     | 135/312 [00:00<00:00, 8762.34it/s, Materializing param=layer.6.conv_3x3.normalization.num_batches_tracked]
Loading weights:  44%|████▎     | 136/312 [00:00<00:00, 8764.04it/s, Materializing param=layer.6.conv_3x3.normalization.running_mean]       
Loading weights:  44%|████▎     | 136/312 [00:00<00:00, 8748.32it/s, Materializing param=layer.6.conv_3x3.normalization.running_mean]
Loading weights:  44%|████▍     | 137/312 [00:00<00:00, 8784.22it/s, Materializing param=layer.6.conv_3x3.normalization.running_var] 
Loading weights:  44%|████▍     | 137/312 [00:00<00:00, 8772.02it/s, Materializing param=layer.6.conv_3x3.normalization.running_var]
Loading weights:  44%|████▍     | 138/312 [00:00<00:00, 8810.09it/s, Materializing param=layer.6.conv_3x3.normalization.weight]     
Loading weights:  44%|████▍     | 138/312 [00:00<00:00, 8799.37it/s, Materializing param=layer.6.conv_3x3.normalization.weight]
Loading weights:  45%|████▍     | 139/312 [00:00<00:00, 8837.74it/s, Materializing param=layer.6.expand_1x1.convolution.weight]
Loading weights:  45%|████▍     | 139/312 [00:00<00:00, 8827.17it/s, Materializing param=layer.6.expand_1x1.convolution.weight]
Loading weights:  45%|████▍     | 140/312 [00:00<00:00, 8861.83it/s, Materializing param=layer.6.expand_1x1.normalization.bias]
Loading weights:  45%|████▍     | 140/312 [00:00<00:00, 8848.48it/s, Materializing param=layer.6.expand_1x1.normalization.bias]
Loading weights:  45%|████▌     | 141/312 [00:00<00:00, 8884.10it/s, Materializing param=layer.6.expand_1x1.normalization.num_batches_tracked]
Loading weights:  45%|████▌     | 141/312 [00:00<00:00, 8870.78it/s, Materializing param=layer.6.expand_1x1.normalization.num_batches_tracked]
Loading weights:  46%|████▌     | 142/312 [00:00<00:00, 8907.90it/s, Materializing param=layer.6.expand_1x1.normalization.running_mean]       
Loading weights:  46%|████▌     | 142/312 [00:00<00:00, 8894.47it/s, Materializing param=layer.6.expand_1x1.normalization.running_mean]
Loading weights:  46%|████▌     | 143/312 [00:00<00:00, 8914.63it/s, Materializing param=layer.6.expand_1x1.normalization.running_var] 
Loading weights:  46%|████▌     | 143/312 [00:00<00:00, 8900.35it/s, Materializing param=layer.6.expand_1x1.normalization.running_var]
Loading weights:  46%|████▌     | 144/312 [00:00<00:00, 8940.17it/s, Materializing param=layer.6.expand_1x1.normalization.weight]     
Loading weights:  46%|████▌     | 144/312 [00:00<00:00, 8928.54it/s, Materializing param=layer.6.expand_1x1.normalization.weight]
Loading weights:  46%|████▋     | 145/312 [00:00<00:00, 8965.62it/s, Materializing param=layer.6.reduce_1x1.convolution.weight]  
Loading weights:  46%|████▋     | 145/312 [00:00<00:00, 8954.01it/s, Materializing param=layer.6.reduce_1x1.convolution.weight]
Loading weights:  47%|████▋     | 146/312 [00:00<00:00, 8991.40it/s, Materializing param=layer.6.reduce_1x1.normalization.bias]
Loading weights:  47%|████▋     | 146/312 [00:00<00:00, 8979.67it/s, Materializing param=layer.6.reduce_1x1.normalization.bias]
Loading weights:  47%|████▋     | 147/312 [00:00<00:00, 8958.02it/s, Materializing param=layer.6.reduce_1x1.normalization.num_batches_tracked]
Loading weights:  47%|████▋     | 147/312 [00:00<00:00, 8942.17it/s, Materializing param=layer.6.reduce_1x1.normalization.num_batches_tracked]
Loading weights:  47%|████▋     | 148/312 [00:00<00:00, 8975.15it/s, Materializing param=layer.6.reduce_1x1.normalization.running_mean]       
Loading weights:  47%|████▋     | 148/312 [00:00<00:00, 8961.67it/s, Materializing param=layer.6.reduce_1x1.normalization.running_mean]
Loading weights:  48%|████▊     | 149/312 [00:00<00:00, 8990.04it/s, Materializing param=layer.6.reduce_1x1.normalization.running_var] 
Loading weights:  48%|████▊     | 149/312 [00:00<00:00, 8972.10it/s, Materializing param=layer.6.reduce_1x1.normalization.running_var]
Loading weights:  48%|████▊     | 150/312 [00:00<00:00, 9004.77it/s, Materializing param=layer.6.reduce_1x1.normalization.weight]     
Loading weights:  48%|████▊     | 150/312 [00:00<00:00, 8991.13it/s, Materializing param=layer.6.reduce_1x1.normalization.weight]
Loading weights:  48%|████▊     | 151/312 [00:00<00:00, 9021.94it/s, Materializing param=layer.7.conv_3x3.convolution.weight]    
Loading weights:  48%|████▊     | 151/312 [00:00<00:00, 9009.10it/s, Materializing param=layer.7.conv_3x3.convolution.weight]
Loading weights:  49%|████▊     | 152/312 [00:00<00:00, 8859.93it/s, Materializing param=layer.7.conv_3x3.normalization.bias]
Loading weights:  49%|████▊     | 152/312 [00:00<00:00, 8844.94it/s, Materializing param=layer.7.conv_3x3.normalization.bias]
Loading weights:  49%|████▉     | 153/312 [00:00<00:00, 8873.70it/s, Materializing param=layer.7.conv_3x3.normalization.num_batches_tracked]
Loading weights:  49%|████▉     | 153/312 [00:00<00:00, 8862.92it/s, Materializing param=layer.7.conv_3x3.normalization.num_batches_tracked]
Loading weights:  49%|████▉     | 154/312 [00:00<00:00, 8897.13it/s, Materializing param=layer.7.conv_3x3.normalization.running_mean]       
Loading weights:  49%|████▉     | 154/312 [00:00<00:00, 8886.36it/s, Materializing param=layer.7.conv_3x3.normalization.running_mean]
Loading weights:  50%|████▉     | 155/312 [00:00<00:00, 8922.46it/s, Materializing param=layer.7.conv_3x3.normalization.running_var] 
Loading weights:  50%|████▉     | 155/312 [00:00<00:00, 8912.67it/s, Materializing param=layer.7.conv_3x3.normalization.running_var]
Loading weights:  50%|█████     | 156/312 [00:00<00:00, 8946.99it/s, Materializing param=layer.7.conv_3x3.normalization.weight]     
Loading weights:  50%|█████     | 156/312 [00:00<00:00, 8937.83it/s, Materializing param=layer.7.conv_3x3.normalization.weight]
Loading weights:  50%|█████     | 157/312 [00:00<00:00, 8973.06it/s, Materializing param=layer.7.expand_1x1.convolution.weight]
Loading weights:  50%|█████     | 157/312 [00:00<00:00, 8961.21it/s, Materializing param=layer.7.expand_1x1.convolution.weight]
Loading weights:  51%|█████     | 158/312 [00:00<00:00, 8994.18it/s, Materializing param=layer.7.expand_1x1.normalization.bias]
Loading weights:  51%|█████     | 158/312 [00:00<00:00, 8984.91it/s, Materializing param=layer.7.expand_1x1.normalization.bias]
Loading weights:  51%|█████     | 159/312 [00:00<00:00, 9013.67it/s, Materializing param=layer.7.expand_1x1.normalization.num_batches_tracked]
Loading weights:  51%|█████     | 159/312 [00:00<00:00, 9003.93it/s, Materializing param=layer.7.expand_1x1.normalization.num_batches_tracked]
Loading weights:  51%|█████▏    | 160/312 [00:00<00:00, 9037.99it/s, Materializing param=layer.7.expand_1x1.normalization.running_mean]       
Loading weights:  51%|█████▏    | 160/312 [00:00<00:00, 9028.38it/s, Materializing param=layer.7.expand_1x1.normalization.running_mean]
Loading weights:  52%|█████▏    | 161/312 [00:00<00:00, 9064.44it/s, Materializing param=layer.7.expand_1x1.normalization.running_var] 
Loading weights:  52%|█████▏    | 161/312 [00:00<00:00, 9054.60it/s, Materializing param=layer.7.expand_1x1.normalization.running_var]
Loading weights:  52%|█████▏    | 162/312 [00:00<00:00, 9090.97it/s, Materializing param=layer.7.expand_1x1.normalization.weight]     
Loading weights:  52%|█████▏    | 162/312 [00:00<00:00, 9081.25it/s, Materializing param=layer.7.expand_1x1.normalization.weight]
Loading weights:  52%|█████▏    | 163/312 [00:00<00:00, 9114.89it/s, Materializing param=layer.7.reduce_1x1.convolution.weight]  
Loading weights:  52%|█████▏    | 163/312 [00:00<00:00, 9103.60it/s, Materializing param=layer.7.reduce_1x1.convolution.weight]
Loading weights:  53%|█████▎    | 164/312 [00:00<00:00, 9130.88it/s, Materializing param=layer.7.reduce_1x1.normalization.bias]
Loading weights:  53%|█████▎    | 164/312 [00:00<00:00, 9119.74it/s, Materializing param=layer.7.reduce_1x1.normalization.bias]
Loading weights:  53%|█████▎    | 165/312 [00:00<00:00, 9151.45it/s, Materializing param=layer.7.reduce_1x1.normalization.num_batches_tracked]
Loading weights:  53%|█████▎    | 165/312 [00:00<00:00, 9141.78it/s, Materializing param=layer.7.reduce_1x1.normalization.num_batches_tracked]
Loading weights:  53%|█████▎    | 166/312 [00:00<00:00, 9169.69it/s, Materializing param=layer.7.reduce_1x1.normalization.running_mean]       
Loading weights:  53%|█████▎    | 166/312 [00:00<00:00, 9160.16it/s, Materializing param=layer.7.reduce_1x1.normalization.running_mean]
Loading weights:  54%|█████▎    | 167/312 [00:00<00:00, 9195.02it/s, Materializing param=layer.7.reduce_1x1.normalization.running_var] 
Loading weights:  54%|█████▎    | 167/312 [00:00<00:00, 9185.01it/s, Materializing param=layer.7.reduce_1x1.normalization.running_var]
Loading weights:  54%|█████▍    | 168/312 [00:00<00:00, 9220.66it/s, Materializing param=layer.7.reduce_1x1.normalization.weight]     
Loading weights:  54%|█████▍    | 168/312 [00:00<00:00, 9211.02it/s, Materializing param=layer.7.reduce_1x1.normalization.weight]
Loading weights:  54%|█████▍    | 169/312 [00:00<00:00, 9246.15it/s, Materializing param=layer.8.conv_3x3.convolution.weight]    
Loading weights:  54%|█████▍    | 169/312 [00:00<00:00, 9237.11it/s, Materializing param=layer.8.conv_3x3.convolution.weight]
Loading weights:  54%|█████▍    | 170/312 [00:00<00:00, 9269.42it/s, Materializing param=layer.8.conv_3x3.normalization.bias]
Loading weights:  54%|█████▍    | 170/312 [00:00<00:00, 9258.35it/s, Materializing param=layer.8.conv_3x3.normalization.bias]
Loading weights:  55%|█████▍    | 171/312 [00:00<00:00, 9285.92it/s, Materializing param=layer.8.conv_3x3.normalization.num_batches_tracked]
Loading weights:  55%|█████▍    | 171/312 [00:00<00:00, 9275.95it/s, Materializing param=layer.8.conv_3x3.normalization.num_batches_tracked]
Loading weights:  55%|█████▌    | 172/312 [00:00<00:00, 9308.41it/s, Materializing param=layer.8.conv_3x3.normalization.running_mean]       
Loading weights:  55%|█████▌    | 172/312 [00:00<00:00, 9299.29it/s, Materializing param=layer.8.conv_3x3.normalization.running_mean]
Loading weights:  55%|█████▌    | 173/312 [00:00<00:00, 9333.26it/s, Materializing param=layer.8.conv_3x3.normalization.running_var] 
Loading weights:  55%|█████▌    | 173/312 [00:00<00:00, 9324.15it/s, Materializing param=layer.8.conv_3x3.normalization.running_var]
Loading weights:  56%|█████▌    | 174/312 [00:00<00:00, 9358.32it/s, Materializing param=layer.8.conv_3x3.normalization.weight]     
Loading weights:  56%|█████▌    | 174/312 [00:00<00:00, 9348.85it/s, Materializing param=layer.8.conv_3x3.normalization.weight]
Loading weights:  56%|█████▌    | 175/312 [00:00<00:00, 9382.39it/s, Materializing param=layer.8.expand_1x1.convolution.weight]
Loading weights:  56%|█████▌    | 175/312 [00:00<00:00, 9372.93it/s, Materializing param=layer.8.expand_1x1.convolution.weight]
Loading weights:  56%|█████▋    | 176/312 [00:00<00:00, 9403.19it/s, Materializing param=layer.8.expand_1x1.normalization.bias]
Loading weights:  56%|█████▋    | 176/312 [00:00<00:00, 9392.18it/s, Materializing param=layer.8.expand_1x1.normalization.bias]
Loading weights:  57%|█████▋    | 177/312 [00:00<00:00, 9376.00it/s, Materializing param=layer.8.expand_1x1.normalization.num_batches_tracked]
Loading weights:  57%|█████▋    | 177/312 [00:00<00:00, 9362.17it/s, Materializing param=layer.8.expand_1x1.normalization.num_batches_tracked]
Loading weights:  57%|█████▋    | 178/312 [00:00<00:00, 9389.25it/s, Materializing param=layer.8.expand_1x1.normalization.running_mean]       
Loading weights:  57%|█████▋    | 178/312 [00:00<00:00, 9379.34it/s, Materializing param=layer.8.expand_1x1.normalization.running_mean]
Loading weights:  57%|█████▋    | 179/312 [00:00<00:00, 9405.33it/s, Materializing param=layer.8.expand_1x1.normalization.running_var] 
Loading weights:  57%|█████▋    | 179/312 [00:00<00:00, 9395.32it/s, Materializing param=layer.8.expand_1x1.normalization.running_var]
Loading weights:  58%|█████▊    | 180/312 [00:00<00:00, 9428.58it/s, Materializing param=layer.8.expand_1x1.normalization.weight]     
Loading weights:  58%|█████▊    | 180/312 [00:00<00:00, 9418.23it/s, Materializing param=layer.8.expand_1x1.normalization.weight]
Loading weights:  58%|█████▊    | 181/312 [00:00<00:00, 9450.75it/s, Materializing param=layer.8.reduce_1x1.convolution.weight]  
Loading weights:  58%|█████▊    | 181/312 [00:00<00:00, 9441.93it/s, Materializing param=layer.8.reduce_1x1.convolution.weight]
Loading weights:  58%|█████▊    | 182/312 [00:00<00:00, 9125.14it/s, Materializing param=layer.8.reduce_1x1.normalization.bias]
Loading weights:  58%|█████▊    | 182/312 [00:00<00:00, 9110.98it/s, Materializing param=layer.8.reduce_1x1.normalization.bias]
Loading weights:  59%|█████▊    | 183/312 [00:00<00:00, 9136.72it/s, Materializing param=layer.8.reduce_1x1.normalization.num_batches_tracked]
Loading weights:  59%|█████▊    | 183/312 [00:00<00:00, 9125.32it/s, Materializing param=layer.8.reduce_1x1.normalization.num_batches_tracked]
Loading weights:  59%|█████▉    | 184/312 [00:00<00:00, 9152.87it/s, Materializing param=layer.8.reduce_1x1.normalization.running_mean]       
Loading weights:  59%|█████▉    | 184/312 [00:00<00:00, 9142.90it/s, Materializing param=layer.8.reduce_1x1.normalization.running_mean]
Loading weights:  59%|█████▉    | 185/312 [00:00<00:00, 9173.89it/s, Materializing param=layer.8.reduce_1x1.normalization.running_var] 
Loading weights:  59%|█████▉    | 185/312 [00:00<00:00, 9165.33it/s, Materializing param=layer.8.reduce_1x1.normalization.running_var]
Loading weights:  60%|█████▉    | 186/312 [00:00<00:00, 9196.95it/s, Materializing param=layer.8.reduce_1x1.normalization.weight]     
Loading weights:  60%|█████▉    | 186/312 [00:00<00:00, 9187.96it/s, Materializing param=layer.8.reduce_1x1.normalization.weight]
Loading weights:  60%|█████▉    | 187/312 [00:00<00:00, 9218.14it/s, Materializing param=layer.9.conv_3x3.convolution.weight]    
Loading weights:  60%|█████▉    | 187/312 [00:00<00:00, 9208.19it/s, Materializing param=layer.9.conv_3x3.convolution.weight]
Loading weights:  60%|██████    | 188/312 [00:00<00:00, 9042.77it/s, Materializing param=layer.9.conv_3x3.normalization.bias]
Loading weights:  60%|██████    | 188/312 [00:00<00:00, 9031.99it/s, Materializing param=layer.9.conv_3x3.normalization.bias]
Loading weights:  61%|██████    | 189/312 [00:00<00:00, 8919.33it/s, Materializing param=layer.9.conv_3x3.normalization.num_batches_tracked]
Loading weights:  61%|██████    | 189/312 [00:00<00:00, 8906.30it/s, Materializing param=layer.9.conv_3x3.normalization.num_batches_tracked]
Loading weights:  61%|██████    | 190/312 [00:00<00:00, 8930.75it/s, Materializing param=layer.9.conv_3x3.normalization.running_mean]       
Loading weights:  61%|██████    | 190/312 [00:00<00:00, 8921.45it/s, Materializing param=layer.9.conv_3x3.normalization.running_mean]
Loading weights:  61%|██████    | 191/312 [00:00<00:00, 8952.07it/s, Materializing param=layer.9.conv_3x3.normalization.running_var] 
Loading weights:  61%|██████    | 191/312 [00:00<00:00, 8943.98it/s, Materializing param=layer.9.conv_3x3.normalization.running_var]
Loading weights:  62%|██████▏   | 192/312 [00:00<00:00, 8974.07it/s, Materializing param=layer.9.conv_3x3.normalization.weight]     
Loading weights:  62%|██████▏   | 192/312 [00:00<00:00, 8966.18it/s, Materializing param=layer.9.conv_3x3.normalization.weight]
Loading weights:  62%|██████▏   | 193/312 [00:00<00:00, 8995.65it/s, Materializing param=layer.9.expand_1x1.convolution.weight]
Loading weights:  62%|██████▏   | 193/312 [00:00<00:00, 8987.66it/s, Materializing param=layer.9.expand_1x1.convolution.weight]
Loading weights:  62%|██████▏   | 194/312 [00:00<00:00, 9014.01it/s, Materializing param=layer.9.expand_1x1.normalization.bias]
Loading weights:  62%|██████▏   | 194/312 [00:00<00:00, 9006.53it/s, Materializing param=layer.9.expand_1x1.normalization.bias]
Loading weights:  62%|██████▎   | 195/312 [00:00<00:00, 8993.63it/s, Materializing param=layer.9.expand_1x1.normalization.num_batches_tracked]
Loading weights:  62%|██████▎   | 195/312 [00:00<00:00, 8981.67it/s, Materializing param=layer.9.expand_1x1.normalization.num_batches_tracked]
Loading weights:  63%|██████▎   | 196/312 [00:00<00:00, 9005.29it/s, Materializing param=layer.9.expand_1x1.normalization.running_mean]       
Loading weights:  63%|██████▎   | 196/312 [00:00<00:00, 8995.33it/s, Materializing param=layer.9.expand_1x1.normalization.running_mean]
Loading weights:  63%|██████▎   | 197/312 [00:00<00:00, 9023.85it/s, Materializing param=layer.9.expand_1x1.normalization.running_var] 
Loading weights:  63%|██████▎   | 197/312 [00:00<00:00, 9015.19it/s, Materializing param=layer.9.expand_1x1.normalization.running_var]
Loading weights:  63%|██████▎   | 198/312 [00:00<00:00, 9045.26it/s, Materializing param=layer.9.expand_1x1.normalization.weight]     
Loading weights:  63%|██████▎   | 198/312 [00:00<00:00, 9037.38it/s, Materializing param=layer.9.expand_1x1.normalization.weight]
Loading weights:  64%|██████▍   | 199/312 [00:00<00:00, 9066.45it/s, Materializing param=layer.9.reduce_1x1.convolution.weight]  
Loading weights:  64%|██████▍   | 199/312 [00:00<00:00, 9059.07it/s, Materializing param=layer.9.reduce_1x1.convolution.weight]
Loading weights:  64%|██████▍   | 200/312 [00:00<00:00, 9086.45it/s, Materializing param=layer.9.reduce_1x1.normalization.bias]
Loading weights:  64%|██████▍   | 200/312 [00:00<00:00, 9077.30it/s, Materializing param=layer.9.reduce_1x1.normalization.bias]
Loading weights:  64%|██████▍   | 201/312 [00:00<00:00, 9104.96it/s, Materializing param=layer.9.reduce_1x1.normalization.num_batches_tracked]
Loading weights:  64%|██████▍   | 201/312 [00:00<00:00, 9096.31it/s, Materializing param=layer.9.reduce_1x1.normalization.num_batches_tracked]
Loading weights:  65%|██████▍   | 202/312 [00:00<00:00, 9123.75it/s, Materializing param=layer.9.reduce_1x1.normalization.running_mean]       
Loading weights:  65%|██████▍   | 202/312 [00:00<00:00, 9115.60it/s, Materializing param=layer.9.reduce_1x1.normalization.running_mean]
Loading weights:  65%|██████▌   | 203/312 [00:00<00:00, 9144.98it/s, Materializing param=layer.9.reduce_1x1.normalization.running_var] 
Loading weights:  65%|██████▌   | 203/312 [00:00<00:00, 9135.86it/s, Materializing param=layer.9.reduce_1x1.normalization.running_var]
Loading weights:  65%|██████▌   | 204/312 [00:00<00:00, 9166.11it/s, Materializing param=layer.9.reduce_1x1.normalization.weight]     
Loading weights:  65%|██████▌   | 204/312 [00:00<00:00, 9158.36it/s, Materializing param=layer.9.reduce_1x1.normalization.weight]
Loading weights:  66%|██████▌   | 205/312 [00:00<00:00, 9187.03it/s, Materializing param=layer.10.conv_3x3.convolution.weight]   
Loading weights:  66%|██████▌   | 205/312 [00:00<00:00, 9179.67it/s, Materializing param=layer.10.conv_3x3.convolution.weight]
Loading weights:  66%|██████▌   | 206/312 [00:00<00:00, 9204.31it/s, Materializing param=layer.10.conv_3x3.normalization.bias]
Loading weights:  66%|██████▌   | 206/312 [00:00<00:00, 9196.37it/s, Materializing param=layer.10.conv_3x3.normalization.bias]
Loading weights:  66%|██████▋   | 207/312 [00:00<00:00, 9215.61it/s, Materializing param=layer.10.conv_3x3.normalization.num_batches_tracked]
Loading weights:  66%|██████▋   | 207/312 [00:00<00:00, 9205.74it/s, Materializing param=layer.10.conv_3x3.normalization.num_batches_tracked]
Loading weights:  67%|██████▋   | 208/312 [00:00<00:00, 9229.27it/s, Materializing param=layer.10.conv_3x3.normalization.running_mean]       
Loading weights:  67%|██████▋   | 208/312 [00:00<00:00, 9221.08it/s, Materializing param=layer.10.conv_3x3.normalization.running_mean]
Loading weights:  67%|██████▋   | 209/312 [00:00<00:00, 9249.47it/s, Materializing param=layer.10.conv_3x3.normalization.running_var] 
Loading weights:  67%|██████▋   | 209/312 [00:00<00:00, 9241.77it/s, Materializing param=layer.10.conv_3x3.normalization.running_var]
Loading weights:  67%|██████▋   | 210/312 [00:00<00:00, 9267.91it/s, Materializing param=layer.10.conv_3x3.normalization.weight]     
Loading weights:  67%|██████▋   | 210/312 [00:00<00:00, 9258.46it/s, Materializing param=layer.10.conv_3x3.normalization.weight]
Loading weights:  68%|██████▊   | 211/312 [00:00<00:00, 9285.76it/s, Materializing param=layer.10.expand_1x1.convolution.weight]
Loading weights:  68%|██████▊   | 211/312 [00:00<00:00, 9278.36it/s, Materializing param=layer.10.expand_1x1.convolution.weight]
Loading weights:  68%|██████▊   | 212/312 [00:00<00:00, 9228.20it/s, Materializing param=layer.10.expand_1x1.normalization.bias]
Loading weights:  68%|██████▊   | 212/312 [00:00<00:00, 9217.49it/s, Materializing param=layer.10.expand_1x1.normalization.bias]
Loading weights:  68%|██████▊   | 213/312 [00:00<00:00, 9238.46it/s, Materializing param=layer.10.expand_1x1.normalization.num_batches_tracked]
Loading weights:  68%|██████▊   | 213/312 [00:00<00:00, 9226.82it/s, Materializing param=layer.10.expand_1x1.normalization.num_batches_tracked]
Loading weights:  69%|██████▊   | 214/312 [00:00<00:00, 9252.55it/s, Materializing param=layer.10.expand_1x1.normalization.running_mean]       
Loading weights:  69%|██████▊   | 214/312 [00:00<00:00, 9244.55it/s, Materializing param=layer.10.expand_1x1.normalization.running_mean]
Loading weights:  69%|██████▉   | 215/312 [00:00<00:00, 9271.23it/s, Materializing param=layer.10.expand_1x1.normalization.running_var] 
Loading weights:  69%|██████▉   | 215/312 [00:00<00:00, 9263.61it/s, Materializing param=layer.10.expand_1x1.normalization.running_var]
Loading weights:  69%|██████▉   | 216/312 [00:00<00:00, 9291.62it/s, Materializing param=layer.10.expand_1x1.normalization.weight]     
Loading weights:  69%|██████▉   | 216/312 [00:00<00:00, 9284.00it/s, Materializing param=layer.10.expand_1x1.normalization.weight]
Loading weights:  70%|██████▉   | 217/312 [00:00<00:00, 9311.71it/s, Materializing param=layer.10.reduce_1x1.convolution.weight]  
Loading weights:  70%|██████▉   | 217/312 [00:00<00:00, 9304.19it/s, Materializing param=layer.10.reduce_1x1.convolution.weight]
Loading weights:  70%|██████▉   | 218/312 [00:00<00:00, 9323.81it/s, Materializing param=layer.10.reduce_1x1.normalization.bias]
Loading weights:  70%|██████▉   | 218/312 [00:00<00:00, 9315.45it/s, Materializing param=layer.10.reduce_1x1.normalization.bias]
Loading weights:  70%|███████   | 219/312 [00:00<00:00, 9342.67it/s, Materializing param=layer.10.reduce_1x1.normalization.num_batches_tracked]
Loading weights:  70%|███████   | 219/312 [00:00<00:00, 9334.31it/s, Materializing param=layer.10.reduce_1x1.normalization.num_batches_tracked]
Loading weights:  71%|███████   | 220/312 [00:00<00:00, 9361.72it/s, Materializing param=layer.10.reduce_1x1.normalization.running_mean]       
Loading weights:  71%|███████   | 220/312 [00:00<00:00, 9353.74it/s, Materializing param=layer.10.reduce_1x1.normalization.running_mean]
Loading weights:  71%|███████   | 221/312 [00:00<00:00, 9380.76it/s, Materializing param=layer.10.reduce_1x1.normalization.running_var] 
Loading weights:  71%|███████   | 221/312 [00:00<00:00, 9372.79it/s, Materializing param=layer.10.reduce_1x1.normalization.running_var]
Loading weights:  71%|███████   | 222/312 [00:00<00:00, 9400.76it/s, Materializing param=layer.10.reduce_1x1.normalization.weight]     
Loading weights:  71%|███████   | 222/312 [00:00<00:00, 9392.89it/s, Materializing param=layer.10.reduce_1x1.normalization.weight]
Loading weights:  71%|███████▏  | 223/312 [00:00<00:00, 9420.75it/s, Materializing param=layer.11.conv_3x3.convolution.weight]    
Loading weights:  71%|███████▏  | 223/312 [00:00<00:00, 9412.41it/s, Materializing param=layer.11.conv_3x3.convolution.weight]
Loading weights:  72%|███████▏  | 224/312 [00:00<00:00, 9439.13it/s, Materializing param=layer.11.conv_3x3.normalization.bias]
Loading weights:  72%|███████▏  | 224/312 [00:00<00:00, 9431.17it/s, Materializing param=layer.11.conv_3x3.normalization.bias]
Loading weights:  72%|███████▏  | 225/312 [00:00<00:00, 9458.18it/s, Materializing param=layer.11.conv_3x3.normalization.num_batches_tracked]
Loading weights:  72%|███████▏  | 225/312 [00:00<00:00, 9450.23it/s, Materializing param=layer.11.conv_3x3.normalization.num_batches_tracked]
Loading weights:  72%|███████▏  | 226/312 [00:00<00:00, 9476.66it/s, Materializing param=layer.11.conv_3x3.normalization.running_mean]       
Loading weights:  72%|███████▏  | 226/312 [00:00<00:00, 9468.81it/s, Materializing param=layer.11.conv_3x3.normalization.running_mean]
Loading weights:  73%|███████▎  | 227/312 [00:00<00:00, 9491.55it/s, Materializing param=layer.11.conv_3x3.normalization.running_var] 
Loading weights:  73%|███████▎  | 227/312 [00:00<00:00, 9484.46it/s, Materializing param=layer.11.conv_3x3.normalization.running_var]
Loading weights:  73%|███████▎  | 228/312 [00:00<00:00, 9512.31it/s, Materializing param=layer.11.conv_3x3.normalization.weight]     
Loading weights:  73%|███████▎  | 228/312 [00:00<00:00, 9503.90it/s, Materializing param=layer.11.conv_3x3.normalization.weight]
Loading weights:  73%|███████▎  | 229/312 [00:00<00:00, 9532.89it/s, Materializing param=layer.11.expand_1x1.convolution.weight]
Loading weights:  73%|███████▎  | 229/312 [00:00<00:00, 9525.80it/s, Materializing param=layer.11.expand_1x1.convolution.weight]
Loading weights:  74%|███████▎  | 230/312 [00:00<00:00, 9552.33it/s, Materializing param=layer.11.expand_1x1.normalization.bias]
Loading weights:  74%|███████▎  | 230/312 [00:00<00:00, 9544.39it/s, Materializing param=layer.11.expand_1x1.normalization.bias]
Loading weights:  74%|███████▍  | 231/312 [00:00<00:00, 9571.59it/s, Materializing param=layer.11.expand_1x1.normalization.num_batches_tracked]
Loading weights:  74%|███████▍  | 231/312 [00:00<00:00, 9562.90it/s, Materializing param=layer.11.expand_1x1.normalization.num_batches_tracked]
Loading weights:  74%|███████▍  | 232/312 [00:00<00:00, 9591.14it/s, Materializing param=layer.11.expand_1x1.normalization.running_mean]       
Loading weights:  74%|███████▍  | 232/312 [00:00<00:00, 9578.86it/s, Materializing param=layer.11.expand_1x1.normalization.running_mean]
Loading weights:  75%|███████▍  | 233/312 [00:00<00:00, 9599.55it/s, Materializing param=layer.11.expand_1x1.normalization.running_var] 
Loading weights:  75%|███████▍  | 233/312 [00:00<00:00, 9590.89it/s, Materializing param=layer.11.expand_1x1.normalization.running_var]
Loading weights:  75%|███████▌  | 234/312 [00:00<00:00, 9617.80it/s, Materializing param=layer.11.expand_1x1.normalization.weight]     
Loading weights:  75%|███████▌  | 234/312 [00:00<00:00, 9609.88it/s, Materializing param=layer.11.expand_1x1.normalization.weight]
Loading weights:  75%|███████▌  | 235/312 [00:00<00:00, 9635.57it/s, Materializing param=layer.11.reduce_1x1.convolution.weight]  
Loading weights:  75%|███████▌  | 235/312 [00:00<00:00, 9627.29it/s, Materializing param=layer.11.reduce_1x1.convolution.weight]
Loading weights:  76%|███████▌  | 236/312 [00:00<00:00, 9653.17it/s, Materializing param=layer.11.reduce_1x1.normalization.bias]
Loading weights:  76%|███████▌  | 236/312 [00:00<00:00, 9645.27it/s, Materializing param=layer.11.reduce_1x1.normalization.bias]
Loading weights:  76%|███████▌  | 237/312 [00:00<00:00, 9670.78it/s, Materializing param=layer.11.reduce_1x1.normalization.num_batches_tracked]
Loading weights:  76%|███████▌  | 237/312 [00:00<00:00, 9662.89it/s, Materializing param=layer.11.reduce_1x1.normalization.num_batches_tracked]
Loading weights:  76%|███████▋  | 238/312 [00:00<00:00, 9688.59it/s, Materializing param=layer.11.reduce_1x1.normalization.running_mean]       
Loading weights:  76%|███████▋  | 238/312 [00:00<00:00, 9680.32it/s, Materializing param=layer.11.reduce_1x1.normalization.running_mean]
Loading weights:  77%|███████▋  | 239/312 [00:00<00:00, 9706.78it/s, Materializing param=layer.11.reduce_1x1.normalization.running_var] 
Loading weights:  77%|███████▋  | 239/312 [00:00<00:00, 9698.52it/s, Materializing param=layer.11.reduce_1x1.normalization.running_var]
Loading weights:  77%|███████▋  | 240/312 [00:00<00:00, 9724.89it/s, Materializing param=layer.11.reduce_1x1.normalization.weight]     
Loading weights:  77%|███████▋  | 240/312 [00:00<00:00, 9716.63it/s, Materializing param=layer.11.reduce_1x1.normalization.weight]
Loading weights:  77%|███████▋  | 241/312 [00:00<00:00, 9742.91it/s, Materializing param=layer.12.conv_3x3.convolution.weight]    
Loading weights:  77%|███████▋  | 241/312 [00:00<00:00, 9734.66it/s, Materializing param=layer.12.conv_3x3.convolution.weight]
Loading weights:  78%|███████▊  | 242/312 [00:00<00:00, 9760.48it/s, Materializing param=layer.12.conv_3x3.normalization.bias]
Loading weights:  78%|███████▊  | 242/312 [00:00<00:00, 9753.35it/s, Materializing param=layer.12.conv_3x3.normalization.bias]
Loading weights:  78%|███████▊  | 243/312 [00:00<00:00, 9778.25it/s, Materializing param=layer.12.conv_3x3.normalization.num_batches_tracked]
Loading weights:  78%|███████▊  | 243/312 [00:00<00:00, 9770.47it/s, Materializing param=layer.12.conv_3x3.normalization.num_batches_tracked]
Loading weights:  78%|███████▊  | 244/312 [00:00<00:00, 9795.37it/s, Materializing param=layer.12.conv_3x3.normalization.running_mean]       
Loading weights:  78%|███████▊  | 244/312 [00:00<00:00, 9787.50it/s, Materializing param=layer.12.conv_3x3.normalization.running_mean]
Loading weights:  79%|███████▊  | 245/312 [00:00<00:00, 9813.81it/s, Materializing param=layer.12.conv_3x3.normalization.running_var] 
Loading weights:  79%|███████▊  | 245/312 [00:00<00:00, 9805.57it/s, Materializing param=layer.12.conv_3x3.normalization.running_var]
Loading weights:  79%|███████▉  | 246/312 [00:00<00:00, 9832.55it/s, Materializing param=layer.12.conv_3x3.normalization.weight]     
Loading weights:  79%|███████▉  | 246/312 [00:00<00:00, 9825.81it/s, Materializing param=layer.12.conv_3x3.normalization.weight]
Loading weights:  79%|███████▉  | 247/312 [00:00<00:00, 9852.06it/s, Materializing param=layer.12.expand_1x1.convolution.weight]
Loading weights:  79%|███████▉  | 247/312 [00:00<00:00, 9844.19it/s, Materializing param=layer.12.expand_1x1.convolution.weight]
Loading weights:  79%|███████▉  | 248/312 [00:00<00:00, 9869.51it/s, Materializing param=layer.12.expand_1x1.normalization.bias]
Loading weights:  79%|███████▉  | 248/312 [00:00<00:00, 9861.65it/s, Materializing param=layer.12.expand_1x1.normalization.bias]
Loading weights:  80%|███████▉  | 249/312 [00:00<00:00, 9887.26it/s, Materializing param=layer.12.expand_1x1.normalization.num_batches_tracked]
Loading weights:  80%|███████▉  | 249/312 [00:00<00:00, 9879.41it/s, Materializing param=layer.12.expand_1x1.normalization.num_batches_tracked]
Loading weights:  80%|████████  | 250/312 [00:00<00:00, 9904.93it/s, Materializing param=layer.12.expand_1x1.normalization.running_mean]       
Loading weights:  80%|████████  | 250/312 [00:00<00:00, 9897.08it/s, Materializing param=layer.12.expand_1x1.normalization.running_mean]
Loading weights:  80%|████████  | 251/312 [00:00<00:00, 9922.53it/s, Materializing param=layer.12.expand_1x1.normalization.running_var] 
Loading weights:  80%|████████  | 251/312 [00:00<00:00, 9914.30it/s, Materializing param=layer.12.expand_1x1.normalization.running_var]
Loading weights:  81%|████████  | 252/312 [00:00<00:00, 9939.67it/s, Materializing param=layer.12.expand_1x1.normalization.weight]     
Loading weights:  81%|████████  | 252/312 [00:00<00:00, 9931.45it/s, Materializing param=layer.12.expand_1x1.normalization.weight]
Loading weights:  81%|████████  | 253/312 [00:00<00:00, 9956.73it/s, Materializing param=layer.12.reduce_1x1.convolution.weight]  
Loading weights:  81%|████████  | 253/312 [00:00<00:00, 9948.89it/s, Materializing param=layer.12.reduce_1x1.convolution.weight]
Loading weights:  81%|████████▏ | 254/312 [00:00<00:00, 9974.56it/s, Materializing param=layer.12.reduce_1x1.normalization.bias]
Loading weights:  81%|████████▏ | 254/312 [00:00<00:00, 9967.00it/s, Materializing param=layer.12.reduce_1x1.normalization.bias]
Loading weights:  82%|████████▏ | 255/312 [00:00<00:00, 9993.44it/s, Materializing param=layer.12.reduce_1x1.normalization.num_batches_tracked]
Loading weights:  82%|████████▏ | 255/312 [00:00<00:00, 9984.39it/s, Materializing param=layer.12.reduce_1x1.normalization.num_batches_tracked]
Loading weights:  82%|████████▏ | 256/312 [00:00<00:00, 10007.75it/s, Materializing param=layer.12.reduce_1x1.normalization.running_mean]      
Loading weights:  82%|████████▏ | 256/312 [00:00<00:00, 10000.76it/s, Materializing param=layer.12.reduce_1x1.normalization.running_mean]
Loading weights:  82%|████████▏ | 257/312 [00:00<00:00, 10025.82it/s, Materializing param=layer.12.reduce_1x1.normalization.running_var] 
Loading weights:  82%|████████▏ | 257/312 [00:00<00:00, 10017.90it/s, Materializing param=layer.12.reduce_1x1.normalization.running_var]
Loading weights:  83%|████████▎ | 258/312 [00:00<00:00, 10043.25it/s, Materializing param=layer.12.reduce_1x1.normalization.weight]     
Loading weights:  83%|████████▎ | 258/312 [00:00<00:00, 10035.06it/s, Materializing param=layer.12.reduce_1x1.normalization.weight]
Loading weights:  83%|████████▎ | 259/312 [00:00<00:00, 10060.24it/s, Materializing param=layer.13.conv_3x3.convolution.weight]    
Loading weights:  83%|████████▎ | 259/312 [00:00<00:00, 10052.42it/s, Materializing param=layer.13.conv_3x3.convolution.weight]
Loading weights:  83%|████████▎ | 260/312 [00:00<00:00, 10076.78it/s, Materializing param=layer.13.conv_3x3.normalization.bias]
Loading weights:  83%|████████▎ | 260/312 [00:00<00:00, 10068.96it/s, Materializing param=layer.13.conv_3x3.normalization.bias]
Loading weights:  84%|████████▎ | 261/312 [00:00<00:00, 10093.99it/s, Materializing param=layer.13.conv_3x3.normalization.num_batches_tracked]
Loading weights:  84%|████████▎ | 261/312 [00:00<00:00, 10086.18it/s, Materializing param=layer.13.conv_3x3.normalization.num_batches_tracked]
Loading weights:  84%|████████▍ | 262/312 [00:00<00:00, 10110.85it/s, Materializing param=layer.13.conv_3x3.normalization.running_mean]       
Loading weights:  84%|████████▍ | 262/312 [00:00<00:00, 10103.04it/s, Materializing param=layer.13.conv_3x3.normalization.running_mean]
Loading weights:  84%|████████▍ | 263/312 [00:00<00:00, 10129.77it/s, Materializing param=layer.13.conv_3x3.normalization.running_var] 
Loading weights:  84%|████████▍ | 263/312 [00:00<00:00, 10123.64it/s, Materializing param=layer.13.conv_3x3.normalization.running_var]
Loading weights:  85%|████████▍ | 264/312 [00:00<00:00, 10149.56it/s, Materializing param=layer.13.conv_3x3.normalization.weight]     
Loading weights:  85%|████████▍ | 264/312 [00:00<00:00, 10142.58it/s, Materializing param=layer.13.conv_3x3.normalization.weight]
Loading weights:  85%|████████▍ | 265/312 [00:00<00:00, 10167.68it/s, Materializing param=layer.13.expand_1x1.convolution.weight]
Loading weights:  85%|████████▍ | 265/312 [00:00<00:00, 10159.97it/s, Materializing param=layer.13.expand_1x1.convolution.weight]
Loading weights:  85%|████████▌ | 266/312 [00:00<00:00, 10185.74it/s, Materializing param=layer.13.expand_1x1.normalization.bias]
Loading weights:  85%|████████▌ | 266/312 [00:00<00:00, 10178.31it/s, Materializing param=layer.13.expand_1x1.normalization.bias]
Loading weights:  86%|████████▌ | 267/312 [00:00<00:00, 10204.47it/s, Materializing param=layer.13.expand_1x1.normalization.num_batches_tracked]
Loading weights:  86%|████████▌ | 267/312 [00:00<00:00, 10198.24it/s, Materializing param=layer.13.expand_1x1.normalization.num_batches_tracked]
Loading weights:  86%|████████▌ | 268/312 [00:00<00:00, 10223.59it/s, Materializing param=layer.13.expand_1x1.normalization.running_mean]       
Loading weights:  86%|████████▌ | 268/312 [00:00<00:00, 10215.41it/s, Materializing param=layer.13.expand_1x1.normalization.running_mean]
Loading weights:  86%|████████▌ | 269/312 [00:00<00:00, 10239.39it/s, Materializing param=layer.13.expand_1x1.normalization.running_var] 
Loading weights:  86%|████████▌ | 269/312 [00:00<00:00, 10232.42it/s, Materializing param=layer.13.expand_1x1.normalization.running_var]
Loading weights:  87%|████████▋ | 270/312 [00:00<00:00, 10256.79it/s, Materializing param=layer.13.expand_1x1.normalization.weight]     
Loading weights:  87%|████████▋ | 270/312 [00:00<00:00, 10248.99it/s, Materializing param=layer.13.expand_1x1.normalization.weight]
Loading weights:  87%|████████▋ | 271/312 [00:00<00:00, 10272.91it/s, Materializing param=layer.13.reduce_1x1.convolution.weight]  
Loading weights:  87%|████████▋ | 271/312 [00:00<00:00, 10264.75it/s, Materializing param=layer.13.reduce_1x1.convolution.weight]
Loading weights:  87%|████████▋ | 272/312 [00:00<00:00, 10288.69it/s, Materializing param=layer.13.reduce_1x1.normalization.bias]
Loading weights:  87%|████████▋ | 272/312 [00:00<00:00, 10282.38it/s, Materializing param=layer.13.reduce_1x1.normalization.bias]
Loading weights:  88%|████████▊ | 273/312 [00:00<00:00, 10307.73it/s, Materializing param=layer.13.reduce_1x1.normalization.num_batches_tracked]
Loading weights:  88%|████████▊ | 273/312 [00:00<00:00, 10299.95it/s, Materializing param=layer.13.reduce_1x1.normalization.num_batches_tracked]
Loading weights:  88%|████████▊ | 274/312 [00:00<00:00, 10323.28it/s, Materializing param=layer.13.reduce_1x1.normalization.running_mean]       
Loading weights:  88%|████████▊ | 274/312 [00:00<00:00, 10314.76it/s, Materializing param=layer.13.reduce_1x1.normalization.running_mean]
Loading weights:  88%|████████▊ | 275/312 [00:00<00:00, 10338.76it/s, Materializing param=layer.13.reduce_1x1.normalization.running_var] 
Loading weights:  88%|████████▊ | 275/312 [00:00<00:00, 10330.61it/s, Materializing param=layer.13.reduce_1x1.normalization.running_var]
Loading weights:  88%|████████▊ | 276/312 [00:00<00:00, 10354.92it/s, Materializing param=layer.13.reduce_1x1.normalization.weight]     
Loading weights:  88%|████████▊ | 276/312 [00:00<00:00, 10346.77it/s, Materializing param=layer.13.reduce_1x1.normalization.weight]
Loading weights:  89%|████████▉ | 277/312 [00:00<00:00, 10371.01it/s, Materializing param=layer.14.conv_3x3.convolution.weight]    
Loading weights:  89%|████████▉ | 277/312 [00:00<00:00, 10364.44it/s, Materializing param=layer.14.conv_3x3.convolution.weight]
Loading weights:  89%|████████▉ | 278/312 [00:00<00:00, 10386.38it/s, Materializing param=layer.14.conv_3x3.normalization.bias]
Loading weights:  89%|████████▉ | 278/312 [00:00<00:00, 10377.87it/s, Materializing param=layer.14.conv_3x3.normalization.bias]
Loading weights:  89%|████████▉ | 279/312 [00:00<00:00, 10401.97it/s, Materializing param=layer.14.conv_3x3.normalization.num_batches_tracked]
Loading weights:  89%|████████▉ | 279/312 [00:00<00:00, 10393.01it/s, Materializing param=layer.14.conv_3x3.normalization.num_batches_tracked]
Loading weights:  90%|████████▉ | 280/312 [00:00<00:00, 10417.03it/s, Materializing param=layer.14.conv_3x3.normalization.running_mean]       
Loading weights:  90%|████████▉ | 280/312 [00:00<00:00, 10410.10it/s, Materializing param=layer.14.conv_3x3.normalization.running_mean]
Loading weights:  90%|█████████ | 281/312 [00:00<00:00, 10432.85it/s, Materializing param=layer.14.conv_3x3.normalization.running_var] 
Loading weights:  90%|█████████ | 281/312 [00:00<00:00, 10425.19it/s, Materializing param=layer.14.conv_3x3.normalization.running_var]
Loading weights:  90%|█████████ | 282/312 [00:00<00:00, 10447.14it/s, Materializing param=layer.14.conv_3x3.normalization.weight]     
Loading weights:  90%|█████████ | 282/312 [00:00<00:00, 10439.49it/s, Materializing param=layer.14.conv_3x3.normalization.weight]
Loading weights:  91%|█████████ | 283/312 [00:00<00:00, 10463.30it/s, Materializing param=layer.14.expand_1x1.convolution.weight]
Loading weights:  91%|█████████ | 283/312 [00:00<00:00, 10455.56it/s, Materializing param=layer.14.expand_1x1.convolution.weight]
Loading weights:  91%|█████████ | 284/312 [00:00<00:00, 10478.93it/s, Materializing param=layer.14.expand_1x1.normalization.bias]
Loading weights:  91%|█████████ | 284/312 [00:00<00:00, 10472.02it/s, Materializing param=layer.14.expand_1x1.normalization.bias]
Loading weights:  91%|█████████▏| 285/312 [00:00<00:00, 10494.14it/s, Materializing param=layer.14.expand_1x1.normalization.num_batches_tracked]
Loading weights:  91%|█████████▏| 285/312 [00:00<00:00, 10486.04it/s, Materializing param=layer.14.expand_1x1.normalization.num_batches_tracked]
Loading weights:  92%|█████████▏| 286/312 [00:00<00:00, 10509.00it/s, Materializing param=layer.14.expand_1x1.normalization.running_mean]       
Loading weights:  92%|█████████▏| 286/312 [00:00<00:00, 10500.81it/s, Materializing param=layer.14.expand_1x1.normalization.running_mean]
Loading weights:  92%|█████████▏| 287/312 [00:00<00:00, 10523.99it/s, Materializing param=layer.14.expand_1x1.normalization.running_var] 
Loading weights:  92%|█████████▏| 287/312 [00:00<00:00, 10516.36it/s, Materializing param=layer.14.expand_1x1.normalization.running_var]
Loading weights:  92%|█████████▏| 288/312 [00:00<00:00, 10539.46it/s, Materializing param=layer.14.expand_1x1.normalization.weight]     
Loading weights:  92%|█████████▏| 288/312 [00:00<00:00, 10531.74it/s, Materializing param=layer.14.expand_1x1.normalization.weight]
Loading weights:  93%|█████████▎| 289/312 [00:00<00:00, 10554.33it/s, Materializing param=layer.14.reduce_1x1.convolution.weight]  
Loading weights:  93%|█████████▎| 289/312 [00:00<00:00, 10546.70it/s, Materializing param=layer.14.reduce_1x1.convolution.weight]
Loading weights:  93%|█████████▎| 290/312 [00:00<00:00, 10568.94it/s, Materializing param=layer.14.reduce_1x1.normalization.bias]
Loading weights:  93%|█████████▎| 290/312 [00:00<00:00, 10560.87it/s, Materializing param=layer.14.reduce_1x1.normalization.bias]
Loading weights:  93%|█████████▎| 291/312 [00:00<00:00, 10583.41it/s, Materializing param=layer.14.reduce_1x1.normalization.num_batches_tracked]
Loading weights:  93%|█████████▎| 291/312 [00:00<00:00, 10576.44it/s, Materializing param=layer.14.reduce_1x1.normalization.num_batches_tracked]
Loading weights:  94%|█████████▎| 292/312 [00:00<00:00, 10598.92it/s, Materializing param=layer.14.reduce_1x1.normalization.running_mean]       
Loading weights:  94%|█████████▎| 292/312 [00:00<00:00, 10592.04it/s, Materializing param=layer.14.reduce_1x1.normalization.running_mean]
Loading weights:  94%|█████████▍| 293/312 [00:00<00:00, 10614.00it/s, Materializing param=layer.14.reduce_1x1.normalization.running_var] 
Loading weights:  94%|█████████▍| 293/312 [00:00<00:00, 10607.13it/s, Materializing param=layer.14.reduce_1x1.normalization.running_var]
Loading weights:  94%|█████████▍| 294/312 [00:00<00:00, 10629.47it/s, Materializing param=layer.14.reduce_1x1.normalization.weight]     
Loading weights:  94%|█████████▍| 294/312 [00:00<00:00, 10621.78it/s, Materializing param=layer.14.reduce_1x1.normalization.weight]
Loading weights:  95%|█████████▍| 295/312 [00:00<00:00, 10643.34it/s, Materializing param=layer.15.conv_3x3.convolution.weight]    
Loading weights:  95%|█████████▍| 295/312 [00:00<00:00, 10635.65it/s, Materializing param=layer.15.conv_3x3.convolution.weight]
Loading weights:  95%|█████████▍| 296/312 [00:00<00:00, 10655.58it/s, Materializing param=layer.15.conv_3x3.normalization.bias]
Loading weights:  95%|█████████▍| 296/312 [00:00<00:00, 10648.27it/s, Materializing param=layer.15.conv_3x3.normalization.bias]
Loading weights:  95%|█████████▌| 297/312 [00:00<00:00, 10670.06it/s, Materializing param=layer.15.conv_3x3.normalization.num_batches_tracked]
Loading weights:  95%|█████████▌| 297/312 [00:00<00:00, 10662.39it/s, Materializing param=layer.15.conv_3x3.normalization.num_batches_tracked]
Loading weights:  96%|█████████▌| 298/312 [00:00<00:00, 10684.48it/s, Materializing param=layer.15.conv_3x3.normalization.running_mean]       
Loading weights:  96%|█████████▌| 298/312 [00:00<00:00, 10675.99it/s, Materializing param=layer.15.conv_3x3.normalization.running_mean]
Loading weights:  96%|█████████▌| 299/312 [00:00<00:00, 10699.57it/s, Materializing param=layer.15.conv_3x3.normalization.running_var] 
Loading weights:  96%|█████████▌| 299/312 [00:00<00:00, 10692.37it/s, Materializing param=layer.15.conv_3x3.normalization.running_var]
Loading weights:  96%|█████████▌| 300/312 [00:00<00:00, 10715.43it/s, Materializing param=layer.15.conv_3x3.normalization.weight]     
Loading weights:  96%|█████████▌| 300/312 [00:00<00:00, 10707.40it/s, Materializing param=layer.15.conv_3x3.normalization.weight]
Loading weights:  96%|█████████▋| 301/312 [00:00<00:00, 10730.86it/s, Materializing param=layer.15.expand_1x1.convolution.weight]
Loading weights:  96%|█████████▋| 301/312 [00:00<00:00, 10724.02it/s, Materializing param=layer.15.expand_1x1.convolution.weight]
Loading weights:  97%|█████████▋| 302/312 [00:00<00:00, 10747.78it/s, Materializing param=layer.15.expand_1x1.normalization.bias]
Loading weights:  97%|█████████▋| 302/312 [00:00<00:00, 10740.86it/s, Materializing param=layer.15.expand_1x1.normalization.bias]
Loading weights:  97%|█████████▋| 303/312 [00:00<00:00, 10763.37it/s, Materializing param=layer.15.expand_1x1.normalization.num_batches_tracked]
Loading weights:  97%|█████████▋| 303/312 [00:00<00:00, 10755.35it/s, Materializing param=layer.15.expand_1x1.normalization.num_batches_tracked]
Loading weights:  97%|█████████▋| 304/312 [00:00<00:00, 10776.35it/s, Materializing param=layer.15.expand_1x1.normalization.running_mean]       
Loading weights:  97%|█████████▋| 304/312 [00:00<00:00, 10769.07it/s, Materializing param=layer.15.expand_1x1.normalization.running_mean]
Loading weights:  98%|█████████▊| 305/312 [00:00<00:00, 10791.09it/s, Materializing param=layer.15.expand_1x1.normalization.running_var] 
Loading weights:  98%|█████████▊| 305/312 [00:00<00:00, 10783.09it/s, Materializing param=layer.15.expand_1x1.normalization.running_var]
Loading weights:  98%|█████████▊| 306/312 [00:00<00:00, 10804.42it/s, Materializing param=layer.15.expand_1x1.normalization.weight]     
Loading weights:  98%|█████████▊| 306/312 [00:00<00:00, 10797.42it/s, Materializing param=layer.15.expand_1x1.normalization.weight]
Loading weights:  98%|█████████▊| 307/312 [00:00<00:00, 10819.78it/s, Materializing param=layer.15.reduce_1x1.convolution.weight]  
Loading weights:  98%|█████████▊| 307/312 [00:00<00:00, 10812.51it/s, Materializing param=layer.15.reduce_1x1.convolution.weight]
Loading weights:  99%|█████████▊| 308/312 [00:00<00:00, 10834.36it/s, Materializing param=layer.15.reduce_1x1.normalization.bias]
Loading weights:  99%|█████████▊| 308/312 [00:00<00:00, 10827.55it/s, Materializing param=layer.15.reduce_1x1.normalization.bias]
Loading weights:  99%|█████████▉| 309/312 [00:00<00:00, 10845.52it/s, Materializing param=layer.15.reduce_1x1.normalization.num_batches_tracked]
Loading weights:  99%|█████████▉| 309/312 [00:00<00:00, 10837.54it/s, Materializing param=layer.15.reduce_1x1.normalization.num_batches_tracked]
Loading weights:  99%|█████████▉| 310/312 [00:00<00:00, 10858.99it/s, Materializing param=layer.15.reduce_1x1.normalization.running_mean]       
Loading weights:  99%|█████████▉| 310/312 [00:00<00:00, 10851.02it/s, Materializing param=layer.15.reduce_1x1.normalization.running_mean]
Loading weights: 100%|█████████▉| 311/312 [00:00<00:00, 10873.05it/s, Materializing param=layer.15.reduce_1x1.normalization.running_var] 
Loading weights: 100%|█████████▉| 311/312 [00:00<00:00, 10865.44it/s, Materializing param=layer.15.reduce_1x1.normalization.running_var]
Loading weights: 100%|██████████| 312/312 [00:00<00:00, 10887.41it/s, Materializing param=layer.15.reduce_1x1.normalization.weight]     
Loading weights: 100%|██████████| 312/312 [00:00<00:00, 10879.80it/s, Materializing param=layer.15.reduce_1x1.normalization.weight]
Loading weights: 100%|██████████| 312/312 [00:00<00:00, 10857.42it/s, Materializing param=layer.15.reduce_1x1.normalization.weight]
MobileNetV2Model LOAD REPORT from: google/mobilenet_v2_1.0_224
Key               | Status     |  | 
------------------+------------+--+-
classifier.bias   | UNEXPECTED |  | 
classifier.weight | UNEXPECTED |  | 

Notes:
- UNEXPECTED	:can be ignored when loading from different task/architecture; not ok if you expect identical arch.
/Users/zakkeown/.pyenv/versions/3.11.14/lib/python3.11/site-packages/torchaudio/functional/functional.py:581: UserWarning: At least one mel filterbank has all zero values. The value for `n_mels` (128) may be set too high. Or, the value for `n_freqs` (201) may be set too low.
  warnings.warn(
Error executing job with overrides: ['model=efficientat', 'strategy=ia3', 'data=tiny', 'training.max_epochs=5', 'augmentation.specaugment=false', 'augmentation.mixup=false', 'wandb.mode=offline', 'wandb.tags=[efficientat,ia3,sweep]']
Traceback (most recent call last):
  File "/Users/zakkeown/Code/SOUSAphone/.worktrees/training-pipeline-implementation/train.py", line 70, in main
    classifier = SOUSAClassifier(model, cfg)
                 ^^^^^^^^^^^^^^^^^^^^^^^^^^^
  File "/Users/zakkeown/Code/SOUSAphone/.worktrees/training-pipeline-implementation/sousa/training/module.py", line 82, in __init__
    self.model = get_peft_model(self.model, peft_config)
                 ^^^^^^^^^^^^^^^^^^^^^^^^^^^^^^^^^^^^^^^
  File "/Users/zakkeown/.pyenv/versions/3.11.14/lib/python3.11/site-packages/peft/mapping_func.py", line 122, in get_peft_model
    return MODEL_TYPE_TO_PEFT_MODEL_MAPPING[peft_config.task_type](
           ^^^^^^^^^^^^^^^^^^^^^^^^^^^^^^^^^^^^^^^^^^^^^^^^^^^^^^^^
  File "/Users/zakkeown/.pyenv/versions/3.11.14/lib/python3.11/site-packages/peft/peft_model.py", line 2966, in __init__
    super().__init__(model, peft_config, adapter_name, **kwargs)
  File "/Users/zakkeown/.pyenv/versions/3.11.14/lib/python3.11/site-packages/peft/peft_model.py", line 129, in __init__
    self.base_model = cls(model, {adapter_name: peft_config}, adapter_name)
                      ^^^^^^^^^^^^^^^^^^^^^^^^^^^^^^^^^^^^^^^^^^^^^^^^^^^^^
  File "/Users/zakkeown/.pyenv/versions/3.11.14/lib/python3.11/site-packages/peft/tuners/tuners_utils.py", line 298, in __init__
    self.inject_adapter(self.model, adapter_name, low_cpu_mem_usage=low_cpu_mem_usage, state_dict=state_dict)
  File "/Users/zakkeown/.pyenv/versions/3.11.14/lib/python3.11/site-packages/peft/tuners/tuners_utils.py", line 880, in inject_adapter
    raise ValueError(error_msg)
ValueError: Target modules {'attention.value', 'attention.key', 'attention.query', 'feed_forward.dense'} not found in the base model. Please check the target modules and try again.

Set the environment variable HYDRA_FULL_ERROR=1 for a complete stack trace.
